COMPONENT CONCAT > Lai/character/app/newarchitecture/MainApplicationReactNativeHost;->getJSIModulePackage()Lcom/facebook/react/bridge/JSIModulePackage; < extends Ljava/lang/Object, implements []
COMPONENT CONCAT > Lai/character/app/newarchitecture/MainApplicationReactNativeHost;->getReactPackageTurboModuleManagerDelegateBuilder()Lcom/facebook/react/ReactPackageTurboModuleManagerDelegate$Builder; < extends Ljava/lang/Object, implements []
COMPONENT CONCAT > Lcom/nimbusds/jose/jca/JCASupport;->isSupported(Lcom/nimbusds/jose/EncryptionMethod;)Z < extends Ljava/lang/Object, implements []
COMPONENT CONCAT > Lcom/nimbusds/jose/crypto/AESDecrypter;->decrypt(Lcom/nimbusds/jose/JWEHeader;Lcom/nimbusds/jose/util/Base64URL;Lcom/nimbusds/jose/util/Base64URL;Lcom/nimbusds/jose/util/Base64URL;Lcom/nimbusds/jose/util/Base64URL;)[B < extends Ljava/lang/Object, implements ['Lcom/nimbusds/jose/JWEDecrypter', 'Lcom/nimbusds/jose/CriticalHeaderParamsAware', 'Lcom/nimbusds/jose/JWEProvider']
COMPONENT CONCAT > Lcom/nimbusds/jose/crypto/ECDHDecrypter;->decrypt(Lcom/nimbusds/jose/JWEHeader;Lcom/nimbusds/jose/util/Base64URL;Lcom/nimbusds/jose/util/Base64URL;Lcom/nimbusds/jose/util/Base64URL;Lcom/nimbusds/jose/util/Base64URL;)[B < extends Ljava/lang/Object, implements ['Lcom/nimbusds/jose/JWEDecrypter', 'Lcom/nimbusds/jose/CriticalHeaderParamsAware', 'Lcom/nimbusds/jose/JWEProvider']
COMPONENT CONCAT > Lcom/nimbusds/jose/crypto/RSADecrypter;->decrypt(Lcom/nimbusds/jose/JWEHeader;Lcom/nimbusds/jose/util/Base64URL;Lcom/nimbusds/jose/util/Base64URL;Lcom/nimbusds/jose/util/Base64URL;Lcom/nimbusds/jose/util/Base64URL;)[B < extends Ljava/lang/Object, implements ['Lcom/nimbusds/jose/JWEDecrypter', 'Lcom/nimbusds/jose/CriticalHeaderParamsAware', 'Lcom/nimbusds/jose/JWEProvider']
COMPONENT CONCAT > Lcom/nimbusds/jose/crypto/DirectDecrypter;->decrypt(Lcom/nimbusds/jose/JWEHeader;Lcom/nimbusds/jose/util/Base64URL;Lcom/nimbusds/jose/util/Base64URL;Lcom/nimbusds/jose/util/Base64URL;Lcom/nimbusds/jose/util/Base64URL;)[B < extends Ljava/lang/Object, implements ['Lcom/nimbusds/jose/JWEDecrypter', 'Lcom/nimbusds/jose/CriticalHeaderParamsAware', 'Lcom/nimbusds/jose/JWEProvider']
COMPONENT CONCAT > Lcom/nimbusds/jose/crypto/PasswordBasedDecrypter;->decrypt(Lcom/nimbusds/jose/JWEHeader;Lcom/nimbusds/jose/util/Base64URL;Lcom/nimbusds/jose/util/Base64URL;Lcom/nimbusds/jose/util/Base64URL;Lcom/nimbusds/jose/util/Base64URL;)[B < extends Ljava/lang/Object, implements ['Lcom/nimbusds/jose/JWEDecrypter', 'Lcom/nimbusds/jose/CriticalHeaderParamsAware', 'Lcom/nimbusds/jose/JWEProvider']
COMPONENT CONCAT > Lcom/nimbusds/jose/crypto/RSAEncrypter;->encrypt(Lcom/nimbusds/jose/JWEHeader;[B)Lcom/nimbusds/jose/JWECryptoParts; < extends Ljava/lang/Object, implements ['Lcom/nimbusds/jose/JWEEncrypter', 'Lcom/nimbusds/jose/JWEProvider']
COMPONENT CONCAT > Lcom/nimbusds/jose/crypto/AESEncrypter;->encrypt(Lcom/nimbusds/jose/JWEHeader;[B)Lcom/nimbusds/jose/JWECryptoParts; < extends Ljava/lang/Object, implements ['Lcom/nimbusds/jose/JWEEncrypter', 'Lcom/nimbusds/jose/JWEProvider']
COMPONENT CONCAT > Lcom/nimbusds/jose/crypto/ECDHEncrypter;->encrypt(Lcom/nimbusds/jose/JWEHeader;[B)Lcom/nimbusds/jose/JWECryptoParts; < extends Ljava/lang/Object, implements ['Lcom/nimbusds/jose/JWEEncrypter', 'Lcom/nimbusds/jose/JWEProvider']
COMPONENT CONCAT > Lcom/nimbusds/jose/crypto/PasswordBasedEncrypter;->encrypt(Lcom/nimbusds/jose/JWEHeader;[B)Lcom/nimbusds/jose/JWECryptoParts; < extends Ljava/lang/Object, implements ['Lcom/nimbusds/jose/JWEEncrypter', 'Lcom/nimbusds/jose/JWEProvider']
COMPONENT CONCAT > Lcom/nimbusds/jose/crypto/DirectEncrypter;->encrypt(Lcom/nimbusds/jose/JWEHeader;[B)Lcom/nimbusds/jose/JWECryptoParts; < extends Ljava/lang/Object, implements ['Lcom/nimbusds/jose/JWEEncrypter', 'Lcom/nimbusds/jose/JWEProvider']
COMPONENT CONCAT > Lcom/nimbusds/jose/proc/JWEDecryptionKeySelector;->selectJWEKeys(Lcom/nimbusds/jose/JWEHeader;Lcom/nimbusds/jose/proc/SecurityContext;)Ljava/util/List; < extends Ljava/lang/Object, implements ['Lcom/nimbusds/jose/proc/JWEKeySelector']
COMPONENT CONCAT > Lcom/swmansion/gesturehandler/RNGestureHandlerPackage;->createNativeModules(Lcom/facebook/react/bridge/ReactApplicationContext;)Ljava/util/List; < extends Ljava/lang/Object, implements ['Lcom/facebook/react/ReactPackage']
COMPONENT CONCAT > Lcom/facebook/react/fabric/StateWrapperImpl;->updateState(Lcom/facebook/react/bridge/WritableMap;)V < extends Ljava/lang/Object, implements ['Lcom/facebook/react/uimanager/StateWrapper']
COMPONENT CONCAT > Lcom/facebook/react/devsupport/DevSupportManagerBase;->onNewReactContextCreated(Lcom/facebook/react/bridge/ReactContext;)V < extends Ljava/lang/Object, implements ['Lcom/facebook/react/devsupport/interfaces/DevSupportManager']
COMPONENT CONCAT > Lcom/facebook/react/devsupport/DevSupportManagerBase;->hasUpToDateJSBundleInCache()Z < extends Ljava/lang/Object, implements ['Lcom/facebook/react/devsupport/interfaces/DevSupportManager']
COMPONENT CONCAT > Lcom/facebook/react/uimanager/ReanimatedUIImplementation;->manageChildren(ILcom/facebook/react/bridge/ReadableArray;Lcom/facebook/react/bridge/ReadableArray;Lcom/facebook/react/bridge/ReadableArray;Lcom/facebook/react/bridge/ReadableArray;Lcom/facebook/react/bridge/ReadableArray;)V < extends Ljava/lang/Object, implements []
MISSING ID > Lcom/facebook/react/views/modal/ReactModalHostManager;->onAfterUpdateTransaction(Landroid/view/View;)V <
COMPONENT CONCAT > Lcom/facebook/react/ReactActivity;->onConfigurationChanged(Landroid/content/res/Configuration;)V < extends Landroidx/appcompat/app/AppCompatActivity, implements ['Lcom/facebook/react/modules/core/DefaultHardwareBackBtnHandler', 'Lcom/facebook/react/modules/core/PermissionAwareActivity', 'Landroidx/appcompat/app/AppCompatCallback', 'Landroidx/core/app/TaskStackBuilder$SupportParentable', 'Landroidx/appcompat/app/ActionBarDrawerToggle$DelegateProvider']
COMPONENT CONCAT > Lcom/facebook/react/ReactActivity;->onNewIntent(Landroid/content/Intent;)V < extends Landroidx/appcompat/app/AppCompatActivity, implements ['Lcom/facebook/react/modules/core/DefaultHardwareBackBtnHandler', 'Lcom/facebook/react/modules/core/PermissionAwareActivity', 'Landroidx/appcompat/app/AppCompatCallback', 'Landroidx/core/app/TaskStackBuilder$SupportParentable', 'Landroidx/appcompat/app/ActionBarDrawerToggle$DelegateProvider']
COMPONENT CONCAT > Lcom/facebook/react/ReactActivity;->onPause()V < extends Landroidx/appcompat/app/AppCompatActivity, implements ['Lcom/facebook/react/modules/core/DefaultHardwareBackBtnHandler', 'Lcom/facebook/react/modules/core/PermissionAwareActivity', 'Landroidx/appcompat/app/AppCompatCallback', 'Landroidx/core/app/TaskStackBuilder$SupportParentable', 'Landroidx/appcompat/app/ActionBarDrawerToggle$DelegateProvider']
COMPONENT CONCAT > Lcom/swmansion/reanimated/ReanimatedPackage;->getModule(Ljava/lang/String;Lcom/facebook/react/bridge/ReactApplicationContext;)Lcom/facebook/react/bridge/NativeModule; < extends Ljava/lang/Object, implements ['Lcom/facebook/react/ReactPackage', 'Lcom/facebook/react/ReactPackage']
COMPONENT CONCAT > Lcom/dieam/reactnativepushnotification/modules/RNPushNotificationListenerService;->onMessageReceived(Lcom/google/firebase/messaging/RemoteMessage;)V < extends Landroid/app/Service, implements []
COMPONENT CONCAT > Lcom/dieam/reactnativepushnotification/modules/RNPushNotificationBootEventReceiver;->onReceive(Landroid/content/Context;Landroid/content/Intent;)V < extends Landroid/content/BroadcastReceiver, implements []
COMPONENT CONCAT > Lcom/facebook/react/HeadlessJsTaskService;->onDestroy()V < extends Landroid/app/Service, implements ['Lcom/facebook/react/jstasks/HeadlessJsTaskEventListener']
COMPONENT CONCAT > Lcom/facebook/react/ReactActivity;->onKeyLongPress(ILandroid/view/KeyEvent;)Z < extends Landroidx/appcompat/app/AppCompatActivity, implements ['Lcom/facebook/react/modules/core/DefaultHardwareBackBtnHandler', 'Lcom/facebook/react/modules/core/PermissionAwareActivity', 'Landroidx/appcompat/app/AppCompatCallback', 'Landroidx/core/app/TaskStackBuilder$SupportParentable', 'Landroidx/appcompat/app/ActionBarDrawerToggle$DelegateProvider']
COMPONENT CONCAT > Lcom/facebook/react/ReactActivity;->onDestroy()V < extends Landroidx/appcompat/app/AppCompatActivity, implements ['Lcom/facebook/react/modules/core/DefaultHardwareBackBtnHandler', 'Lcom/facebook/react/modules/core/PermissionAwareActivity', 'Landroidx/appcompat/app/AppCompatCallback', 'Landroidx/core/app/TaskStackBuilder$SupportParentable', 'Landroidx/appcompat/app/ActionBarDrawerToggle$DelegateProvider']
COMPONENT CONCAT > Lcom/microsoft/codepush/react/CodePushNativeModule;->installUpdate(Lcom/facebook/react/bridge/ReadableMap;IILcom/facebook/react/bridge/Promise;)V < extends Ljava/lang/Object, implements ['Lcom/facebook/react/bridge/NativeModule']
COMPONENT CONCAT > Lcom/microsoft/codepush/react/CodePushNativeModule;->allow(Lcom/facebook/react/bridge/Promise;)V < extends Ljava/lang/Object, implements ['Lcom/facebook/react/bridge/NativeModule']
COMPONENT CONCAT > Lcom/facebook/react/ReactActivity;->getReactInstanceManager()Lcom/facebook/react/ReactInstanceManager; < extends Landroidx/appcompat/app/AppCompatActivity, implements ['Lcom/facebook/react/modules/core/DefaultHardwareBackBtnHandler', 'Lcom/facebook/react/modules/core/PermissionAwareActivity', 'Landroidx/appcompat/app/AppCompatCallback', 'Landroidx/core/app/TaskStackBuilder$SupportParentable', 'Landroidx/appcompat/app/ActionBarDrawerToggle$DelegateProvider']
COMPONENT CONCAT > Lcom/facebook/react/ReactActivity;->onBackPressed()V < extends Landroidx/appcompat/app/AppCompatActivity, implements ['Lcom/facebook/react/modules/core/DefaultHardwareBackBtnHandler', 'Lcom/facebook/react/modules/core/PermissionAwareActivity', 'Landroidx/appcompat/app/AppCompatCallback', 'Landroidx/core/app/TaskStackBuilder$SupportParentable', 'Landroidx/appcompat/app/ActionBarDrawerToggle$DelegateProvider']
COMPONENT CONCAT > Lcom/facebook/react/defaults/DefaultJSIModulePackage;->getJSIModules(Lcom/facebook/react/bridge/ReactApplicationContext;Lcom/facebook/react/bridge/JavaScriptContextHolder;)Ljava/util/List; < extends Ljava/lang/Object, implements ['Lcom/facebook/react/bridge/JSIModulePackage']
COMPONENT CONCAT > Lcom/facebook/react/ReactActivity;->onKeyUp(ILandroid/view/KeyEvent;)Z < extends Landroidx/appcompat/app/AppCompatActivity, implements ['Lcom/facebook/react/modules/core/DefaultHardwareBackBtnHandler', 'Lcom/facebook/react/modules/core/PermissionAwareActivity', 'Landroidx/appcompat/app/AppCompatCallback', 'Landroidx/core/app/TaskStackBuilder$SupportParentable', 'Landroidx/appcompat/app/ActionBarDrawerToggle$DelegateProvider']
COMPONENT CONCAT > Lcom/facebook/react/ReactActivity;->onWindowFocusChanged(Z)V < extends Landroidx/appcompat/app/AppCompatActivity, implements ['Lcom/facebook/react/modules/core/DefaultHardwareBackBtnHandler', 'Lcom/facebook/react/modules/core/PermissionAwareActivity', 'Landroidx/appcompat/app/AppCompatCallback', 'Landroidx/core/app/TaskStackBuilder$SupportParentable', 'Landroidx/appcompat/app/ActionBarDrawerToggle$DelegateProvider']
COMPONENT CONCAT > Lio/invertase/notifee/NotifeeInitProvider;->onCreate()Z < extends Landroid/content/ContentProvider, implements []
COMPONENT CONCAT > Lcom/facebook/react/ReactActivity;->onResume()V < extends Landroidx/appcompat/app/AppCompatActivity, implements ['Lcom/facebook/react/modules/core/DefaultHardwareBackBtnHandler', 'Lcom/facebook/react/modules/core/PermissionAwareActivity', 'Landroidx/appcompat/app/AppCompatCallback', 'Landroidx/core/app/TaskStackBuilder$SupportParentable', 'Landroidx/appcompat/app/ActionBarDrawerToggle$DelegateProvider']
COMPONENT CONCAT > Lcom/facebook/react/ReactActivity;->onActivityResult(IILandroid/content/Intent;)V < extends Landroidx/appcompat/app/AppCompatActivity, implements ['Lcom/facebook/react/modules/core/DefaultHardwareBackBtnHandler', 'Lcom/facebook/react/modules/core/PermissionAwareActivity', 'Landroidx/appcompat/app/AppCompatCallback', 'Landroidx/core/app/TaskStackBuilder$SupportParentable', 'Landroidx/appcompat/app/ActionBarDrawerToggle$DelegateProvider']
COMPONENT CONCAT > Lcom/dieam/reactnativepushnotification/modules/RNPushNotificationListenerService;->onNewToken(Ljava/lang/String;)V < extends Landroid/app/Service, implements []
COMPONENT CONCAT > Lcom/microsoft/codepush/react/CodePushNativeModule;->restartApp(ZLcom/facebook/react/bridge/Promise;)V < extends Ljava/lang/Object, implements ['Lcom/facebook/react/bridge/NativeModule']
COMPONENT CONCAT > Lcom/facebook/react/ReactFragment$Builder;->build()Lcom/facebook/react/ReactFragment; < extends Ljava/lang/Object, implements []
COMPONENT CONCAT > Lcom/facebook/react/ReactActivity;->loadApp(Ljava/lang/String;)V < extends Landroidx/appcompat/app/AppCompatActivity, implements ['Lcom/facebook/react/modules/core/DefaultHardwareBackBtnHandler', 'Lcom/facebook/react/modules/core/PermissionAwareActivity', 'Landroidx/appcompat/app/AppCompatCallback', 'Landroidx/core/app/TaskStackBuilder$SupportParentable', 'Landroidx/appcompat/app/ActionBarDrawerToggle$DelegateProvider']
COMPONENT CONCAT > Lcom/facebook/react/HeadlessJsTaskService;->onStartCommand(Landroid/content/Intent;II)I < extends Landroid/app/Service, implements ['Lcom/facebook/react/jstasks/HeadlessJsTaskEventListener']
COMPONENT CONCAT > Lcom/facebook/react/modules/blob/BlobProvider;->openFile(Landroid/net/Uri;Ljava/lang/String;)Landroid/os/ParcelFileDescriptor; < extends Landroid/content/ContentProvider, implements []
COMPONENT CONCAT > Lcom/swmansion/rnscreens/ScreenStackHeaderConfig$DebugMenuToolbar;->showOverflowMenu()Z < extends Landroidx/appcompat/widget/Toolbar, implements ['Landroidx/core/view/MenuHost']
COMPONENT CONCAT > Lcom/dieam/reactnativepushnotification/ReactNativePushNotificationPackage;->createNativeModules(Lcom/facebook/react/bridge/ReactApplicationContext;)Ljava/util/List; < extends Ljava/lang/Object, implements ['Lcom/facebook/react/ReactPackage']
MISSING ID > Lcom/facebook/react/ReactInstanceManager$2;->destroyRootView(Landroid/view/View;)V <
COMPONENT CONCAT > Lcom/facebook/react/bridge/DynamicFromObject;->getType()Lcom/facebook/react/bridge/ReadableType; < extends Ljava/lang/Object, implements ['Lcom/facebook/react/bridge/Dynamic']
COMPONENT CONCAT > Lcom/facebook/react/fabric/mounting/mountitems/IntBufferBatchMountItem;->execute(Lcom/facebook/react/fabric/mounting/MountingManager;)V < extends Ljava/lang/Object, implements ['Lcom/facebook/react/fabric/mounting/mountitems/MountItem']
COMPONENT CONCAT > Lcom/swmansion/reanimated/layoutReanimation/ReaLayoutAnimator;->applyLayoutUpdate(Landroid/view/View;IIII)V < extends Ljava/lang/Object, implements []
COMPONENT CONCAT > Lcom/facebook/react/views/text/ReactBaseTextShadowNode;->spannedFromShadowNode(Lcom/facebook/react/views/text/ReactBaseTextShadowNode;Ljava/lang/String;ZLcom/facebook/react/uimanager/NativeViewHierarchyOptimizer;)Landroid/text/Spannable; < extends Ljava/lang/Object, implements ['Lcom/facebook/react/uimanager/ReactShadowNode']
COMPONENT CONCAT > Lcom/facebook/common/memory/PooledByteArrayBufferedInputStream;->finalize()V < extends Ljava/io/InputStream, implements []
COMPONENT CONCAT > Lcom/facebook/react/devsupport/DevServerHelper;->downloadBundleFromURL(Lcom/facebook/react/devsupport/interfaces/DevBundleDownloadListener;Ljava/io/File;Ljava/lang/String;Lcom/facebook/react/devsupport/BundleDownloader$BundleInfo;Lokhttp3/Request$Builder;)V < extends Ljava/lang/Object, implements []
COMPONENT CONCAT > Lcom/facebook/imagepipeline/transcoder/SimpleImageTranscoder;->transcode(Lcom/facebook/imagepipeline/image/EncodedImage;Ljava/io/OutputStream;Lcom/facebook/imagepipeline/common/RotationOptions;Lcom/facebook/imagepipeline/common/ResizeOptions;Lcom/facebook/imageformat/ImageFormat;Ljava/lang/Integer;)Lcom/facebook/imagepipeline/transcoder/ImageTranscodeResult; < extends Ljava/lang/Object, implements ['Lcom/facebook/imagepipeline/transcoder/ImageTranscoder']
COMPONENT CONCAT > Lcom/facebook/react/fabric/FabricJSIModuleProvider;->get()Lcom/facebook/react/bridge/JSIModule; < extends Ljava/lang/Object, implements ['Lcom/facebook/react/bridge/JSIModuleProvider']
COMPONENT CONCAT > Lcom/facebook/react/packagerconnection/NotificationOnlyHandler;->onRequest(Ljava/lang/Object;Lcom/facebook/react/packagerconnection/Responder;)V < extends Ljava/lang/Object, implements ['Lcom/facebook/react/packagerconnection/RequestHandler']
COMPONENT CONCAT > Lcom/horcrux/svg/SvgViewModule;->toDataURL(Ljava/lang/Double;Lcom/facebook/react/bridge/ReadableMap;Lcom/facebook/react/bridge/Callback;)V < extends Ljava/lang/Object, implements ['Lcom/facebook/react/bridge/NativeModule']
COMPONENT CONCAT > Lcom/facebook/react/defaults/DefaultReactActivityDelegate;->createRootView()Lcom/facebook/react/ReactRootView; < extends Ljava/lang/Object, implements []
COMPONENT CONCAT > Lcom/swmansion/reanimated/layoutReanimation/ReaLayoutAnimator;->deleteView(Landroid/view/View;Lcom/facebook/react/uimanager/layoutanimation/LayoutAnimationListener;)V < extends Ljava/lang/Object, implements []
COMPONENT CONCAT > Lcom/facebook/react/devsupport/DevSupportManagerBase;->onReactInstanceDestroyed(Lcom/facebook/react/bridge/ReactContext;)V < extends Ljava/lang/Object, implements ['Lcom/facebook/react/devsupport/interfaces/DevSupportManager']
COMPONENT CONCAT > Lcom/facebook/imagepipeline/postprocessors/BlurPostProcessor;->process(Landroid/graphics/Bitmap;)V < extends Ljava/lang/Object, implements ['Lcom/facebook/imagepipeline/request/Postprocessor']
COMPONENT CONCAT > Lcom/swmansion/reanimated/layoutReanimation/ReaLayoutAnimator;->shouldAnimateLayout(Landroid/view/View;)Z < extends Ljava/lang/Object, implements []
COMPONENT CONCAT > Lcom/facebook/react/CoreModulesPackage;->getModule(Ljava/lang/String;Lcom/facebook/react/bridge/ReactApplicationContext;)Lcom/facebook/react/bridge/NativeModule; < extends Ljava/lang/Object, implements ['Lcom/facebook/react/ReactPackageLogger', 'Lcom/facebook/react/ReactPackage']
COMPONENT CONCAT > Lcom/swmansion/gesturehandler/ReanimatedEventDispatcher;->sendEvent(Lcom/facebook/react/uimanager/events/Event;Lcom/facebook/react/bridge/ReactContext;)V < extends Ljava/lang/Object, implements []
COMPONENT CONCAT > Lcom/swmansion/reanimated/layoutReanimation/ReanimatedNativeHierarchyManager;->manageChildren(I[I[Lcom/facebook/react/uimanager/ViewAtIndex;[I)V < extends Ljava/lang/Object, implements []
COMPONENT CONCAT > Lcom/swmansion/reanimated/layoutReanimation/LayoutAnimations;->endLayoutAnimation(IZZ)V < extends Ljava/lang/Object, implements []
COMPONENT CONCAT > Lcom/facebook/react/devsupport/LogBoxDialogSurfaceDelegate;->show()V < extends Ljava/lang/Object, implements ['Lcom/facebook/react/common/SurfaceDelegate']
COMPONENT CONCAT > Lcom/facebook/react/defaults/DefaultReactActivityDelegate;->createRootView(Landroid/os/Bundle;)Lcom/facebook/react/ReactRootView; < extends Ljava/lang/Object, implements []
COMPONENT CONCAT > Lcom/facebook/react/modules/core/ExceptionsManagerModule;->reportFatalException(Ljava/lang/String;Lcom/facebook/react/bridge/ReadableArray;D)V < extends Ljava/lang/Object, implements ['Lcom/facebook/react/bridge/ReactModuleWithSpec', 'Lcom/facebook/react/turbomodule/core/interfaces/TurboModule', 'Lcom/facebook/react/bridge/NativeModule']
COMPONENT CONCAT > Lcom/swmansion/reanimated/layoutReanimation/LayoutAnimations;->progressLayoutAnimation(ILjava/util/Map;Z)V < extends Ljava/lang/Object, implements []
COMPONENT CONCAT > Lcom/facebook/imagepipeline/producers/PriorityNetworkFetcher;->fetch(Lcom/facebook/imagepipeline/producers/FetchState;Lcom/facebook/imagepipeline/producers/NetworkFetcher$Callback;)V < extends Ljava/lang/Object, implements ['Lcom/facebook/imagepipeline/producers/NetworkFetcher']
COMPONENT CONCAT > Lcom/facebook/react/devsupport/RedBoxDialogSurfaceDelegate;->show()V < extends Ljava/lang/Object, implements ['Lcom/facebook/react/common/SurfaceDelegate']
COMPONENT CONCAT > Lcom/facebook/react/fabric/mounting/mountitems/PreAllocateViewMountItem;->execute(Lcom/facebook/react/fabric/mounting/MountingManager;)V < extends Ljava/lang/Object, implements ['Lcom/facebook/react/fabric/mounting/mountitems/MountItem']
COMPONENT CONCAT > Lcom/swmansion/gesturehandler/react/RNGestureHandlerEnabledRootView;-><init>(Landroid/content/Context;Landroid/util/AttributeSet;)V < extends Landroid/widget/FrameLayout, implements ['Lcom/facebook/react/uimanager/RootView', 'Lcom/facebook/react/uimanager/ReactRoot']
COMPONENT CONCAT > Lcom/swmansion/gesturehandler/react/RNGestureHandlerEnabledRootView;-><init>(Landroid/content/Context;)V < extends Landroid/widget/FrameLayout, implements ['Lcom/facebook/react/uimanager/RootView', 'Lcom/facebook/react/uimanager/ReactRoot']
COMPONENT CONCAT > Lcom/facebook/react/fabric/StateWrapperImpl;->getStateDataMapBuffer()Lcom/facebook/react/common/mapbuffer/ReadableMapBuffer; < extends Ljava/lang/Object, implements ['Lcom/facebook/react/uimanager/StateWrapper']
COMPONENT CONCAT > Lcom/facebook/react/devsupport/BridgeDevSupportManager;-><init>(Landroid/content/Context;Lcom/facebook/react/devsupport/ReactInstanceDevHelper;Ljava/lang/String;ZLcom/facebook/react/devsupport/interfaces/RedBoxHandler;Lcom/facebook/react/devsupport/interfaces/DevBundleDownloadListener;ILjava/util/Map;Lcom/facebook/react/common/SurfaceDelegateFactory;Lcom/facebook/react/devsupport/interfaces/DevLoadingViewManager;)V < extends Ljava/lang/Object, implements ['Lcom/facebook/react/devsupport/interfaces/DevSupportManager']
COMPONENT CONCAT > Lcom/swmansion/reanimated/nativeProxy/NativeProxyCommon;->prepareLayoutAnimations(Lcom/swmansion/reanimated/layoutReanimation/LayoutAnimations;)V < extends Ljava/lang/Object, implements []
COMPONENT CONCAT > Lai/character/app/newarchitecture/MainApplicationReactNativeHost;->getPackages()Ljava/util/List; < extends Ljava/lang/Object, implements []
COMPONENT CONCAT > Lcom/facebook/react/ReactNativeHost;->clear()V < extends Ljava/lang/Object, implements []
COMPONENT CONCAT > Lcom/facebook/react/fabric/events/FabricEventEmitter;->receiveEvent(ILjava/lang/String;Lcom/facebook/react/bridge/WritableMap;)V < extends Ljava/lang/Object, implements ['Lcom/facebook/react/uimanager/events/RCTModernEventEmitter']
COMPONENT CONCAT > Lcom/facebook/react/devsupport/LogBoxDialogSurfaceDelegate;->createContentView(Ljava/lang/String;)V < extends Ljava/lang/Object, implements ['Lcom/facebook/react/common/SurfaceDelegate']
COMPONENT CONCAT > Lcom/facebook/react/modules/core/ExceptionsManagerModule;->reportSoftException(Ljava/lang/String;Lcom/facebook/react/bridge/ReadableArray;D)V < extends Ljava/lang/Object, implements ['Lcom/facebook/react/bridge/ReactModuleWithSpec', 'Lcom/facebook/react/turbomodule/core/interfaces/TurboModule', 'Lcom/facebook/react/bridge/NativeModule']
COMPONENT CONCAT > Lcom/facebook/react/ReactActivityDelegate;->createRootView()Lcom/facebook/react/ReactRootView; < extends Ljava/lang/Object, implements []
COMPONENT CONCAT > Lcom/facebook/react/devsupport/DevSupportManagerBase;->isPackagerRunning(Lcom/facebook/react/devsupport/interfaces/PackagerStatusCallback;)V < extends Ljava/lang/Object, implements ['Lcom/facebook/react/devsupport/interfaces/DevSupportManager']
COMPONENT CONCAT > Lcom/facebook/react/devsupport/DevSupportManagerBase;->reloadJSFromServer(Ljava/lang/String;)V < extends Ljava/lang/Object, implements ['Lcom/facebook/react/devsupport/interfaces/DevSupportManager']
COMPONENT CONCAT > Lcom/facebook/react/packagerconnection/JSPackagerClient;->onMessage(Ljava/lang/String;)V < extends Ljava/lang/Object, implements ['Lcom/facebook/react/packagerconnection/ReconnectingWebSocket$MessageCallback']
COMPONENT CONCAT > Lcom/facebook/react/devsupport/DevSupportManagerBase;->fetchSplitBundleAndCreateBundleLoader(Ljava/lang/String;Lcom/facebook/react/devsupport/DevSupportManagerBase$CallbackWithBundleLoader;)V < extends Ljava/lang/Object, implements ['Lcom/facebook/react/devsupport/interfaces/DevSupportManager']
COMPONENT CONCAT > Lcom/th3rdwave/safeareacontext/SafeAreaContextPackage;->createViewManagers(Lcom/facebook/react/bridge/ReactApplicationContext;)Ljava/util/List; < extends Ljava/lang/Object, implements ['Lcom/facebook/react/ReactPackage']
COMPONENT CONCAT > Lcom/swmansion/reanimated/nativeProxy/NativeProxyCommon;->maybeFlushUIUpdatesQueue()V < extends Ljava/lang/Object, implements []
COMPONENT CONCAT > Lcom/facebook/react/util/RNLog;->e(Lcom/facebook/react/bridge/ReactContext;Ljava/lang/String;)V < extends Ljava/lang/Object, implements []
COMPONENT CONCAT > Lcom/swmansion/reanimated/layoutReanimation/ReanimatedNativeHierarchyManager;->updateLayout(IIIIII)V < extends Ljava/lang/Object, implements []
COMPONENT CONCAT > Lcom/facebook/react/fabric/StateWrapperImpl;->getStateData()Lcom/facebook/react/bridge/ReadableNativeMap; < extends Ljava/lang/Object, implements ['Lcom/facebook/react/uimanager/StateWrapper']
COMPONENT CONCAT > Lcom/facebook/react/packagerconnection/RequestOnlyHandler;->onNotification(Ljava/lang/Object;)V < extends Ljava/lang/Object, implements ['Lcom/facebook/react/packagerconnection/RequestHandler']
COMPONENT CONCAT > Lcom/facebook/react/fabric/mounting/mountitems/IntBufferBatchMountItem;->toString()Ljava/lang/String; < extends Ljava/lang/Object, implements ['Lcom/facebook/react/fabric/mounting/mountitems/MountItem']
COMPONENT CONCAT > Lcom/facebook/react/devsupport/DevSupportManagerBase;->downloadBundleResourceFromUrlSync(Ljava/lang/String;Ljava/io/File;)Ljava/io/File; < extends Ljava/lang/Object, implements ['Lcom/facebook/react/devsupport/interfaces/DevSupportManager']
COMPONENT CONCAT > Lcom/facebook/imagepipeline/memory/BasePool;->release(Ljava/lang/Object;)V < extends Ljava/lang/Object, implements ['Lcom/facebook/common/memory/Pool']
COMPONENT CONCAT > Lcom/facebook/imagepipeline/nativecode/NativeJpegTranscoder;->transcode(Lcom/facebook/imagepipeline/image/EncodedImage;Ljava/io/OutputStream;Lcom/facebook/imagepipeline/common/RotationOptions;Lcom/facebook/imagepipeline/common/ResizeOptions;Lcom/facebook/imageformat/ImageFormat;Ljava/lang/Integer;)Lcom/facebook/imagepipeline/transcoder/ImageTranscodeResult; < extends Ljava/lang/Object, implements ['Lcom/facebook/imagepipeline/transcoder/ImageTranscoder']
COMPONENT CONCAT > Lio/invertase/notifee/NotifeePackage;->createNativeModules(Lcom/facebook/react/bridge/ReactApplicationContext;)Ljava/util/List; < extends Ljava/lang/Object, implements ['Lcom/facebook/react/ReactPackage']
COMPONENT CONCAT > Lcom/facebook/imagepipeline/producers/DecodeProducer;->produceResults(Lcom/facebook/imagepipeline/producers/Consumer;Lcom/facebook/imagepipeline/producers/ProducerContext;)V < extends Ljava/lang/Object, implements ['Lcom/facebook/imagepipeline/producers/Producer']
COMPONENT CONCAT > Lcom/facebook/imagepipeline/producers/PartialDiskCacheProducer;->produceResults(Lcom/facebook/imagepipeline/producers/Consumer;Lcom/facebook/imagepipeline/producers/ProducerContext;)V < extends Ljava/lang/Object, implements ['Lcom/facebook/imagepipeline/producers/Producer']
COMPONENT CONCAT > Lcom/facebook/imagepipeline/decoder/DefaultImageDecoder;->decode(Lcom/facebook/imagepipeline/image/EncodedImage;ILcom/facebook/imagepipeline/image/QualityInfo;Lcom/facebook/imagepipeline/common/ImageDecodeOptions;)Lcom/facebook/imagepipeline/image/CloseableImage; < extends Ljava/lang/Object, implements ['Lcom/facebook/imagepipeline/decoder/ImageDecoder']
COMPONENT CONCAT > Lcom/facebook/imagepipeline/producers/DiskCacheWriteProducer;->produceResults(Lcom/facebook/imagepipeline/producers/Consumer;Lcom/facebook/imagepipeline/producers/ProducerContext;)V < extends Ljava/lang/Object, implements ['Lcom/facebook/imagepipeline/producers/Producer']
COMPONENT CONCAT > Lcom/horcrux/svg/SvgPackage;->getViewManagersMap(Lcom/facebook/react/bridge/ReactApplicationContext;)Ljava/util/Map; < extends Ljava/lang/Object, implements ['Lcom/facebook/react/ViewManagerOnDemandReactPackage', 'Lcom/facebook/react/ReactPackage']
COMPONENT CONCAT > Lcom/facebook/react/shell/MainReactPackage;->getViewManagers(Lcom/facebook/react/bridge/ReactApplicationContext;)Ljava/util/List; < extends Ljava/lang/Object, implements ['Lcom/facebook/react/ViewManagerOnDemandReactPackage', 'Lcom/facebook/react/ReactPackage']
COMPONENT CONCAT > Lapp/notifee/core/Worker;->a(Landroidx/concurrent/futures/CallbackToFutureAdapter$Completer;)Ljava/lang/Object; < extends Landroidx/work/ListenableWorker, implements []
COMPONENT CONCAT > Lcom/horcrux/svg/SvgPackage$8;->get()Ljava/lang/Object; < extends Ljava/lang/Object, implements ['Ljavax/inject/Provider']
COMPONENT CONCAT > Lcom/facebook/imagepipeline/producers/BranchOnSeparateImagesProducer;->produceResults(Lcom/facebook/imagepipeline/producers/Consumer;Lcom/facebook/imagepipeline/producers/ProducerContext;)V < extends Ljava/lang/Object, implements ['Lcom/facebook/imagepipeline/producers/Producer']
COMPONENT CONCAT > Lcom/facebook/imagepipeline/producers/ThumbnailBranchProducer;->produceResults(Lcom/facebook/imagepipeline/producers/Consumer;Lcom/facebook/imagepipeline/producers/ProducerContext;)V < extends Ljava/lang/Object, implements ['Lcom/facebook/imagepipeline/producers/Producer']
COMPONENT CONCAT > Lcom/facebook/react/shell/MainReactPackage;->getViewManagerNames(Lcom/facebook/react/bridge/ReactApplicationContext;)Ljava/util/Collection; < extends Ljava/lang/Object, implements ['Lcom/facebook/react/ViewManagerOnDemandReactPackage', 'Lcom/facebook/react/ReactPackage']
COMPONENT CONCAT > Lcom/facebook/imagepipeline/transcoder/SimpleImageTranscoder;->canResize(Lcom/facebook/imagepipeline/image/EncodedImage;Lcom/facebook/imagepipeline/common/RotationOptions;Lcom/facebook/imagepipeline/common/ResizeOptions;)Z < extends Ljava/lang/Object, implements ['Lcom/facebook/imagepipeline/transcoder/ImageTranscoder']
COMPONENT CONCAT > Lcom/horcrux/svg/SvgPackage$9;->get()Ljava/lang/Object; < extends Ljava/lang/Object, implements ['Ljavax/inject/Provider']
COMPONENT CONCAT > Lcom/facebook/imagepipeline/producers/EncodedMemoryCacheProducer;->produceResults(Lcom/facebook/imagepipeline/producers/Consumer;Lcom/facebook/imagepipeline/producers/ProducerContext;)V < extends Ljava/lang/Object, implements ['Lcom/facebook/imagepipeline/producers/Producer']
COMPONENT CONCAT > Lcom/facebook/react/PackageList;->getPackages()Ljava/util/ArrayList; < extends Ljava/lang/Object, implements []
COMPONENT CONCAT > Lcom/facebook/imagepipeline/producers/AddImageTransformMetaDataProducer;->produceResults(Lcom/facebook/imagepipeline/producers/Consumer;Lcom/facebook/imagepipeline/producers/ProducerContext;)V < extends Ljava/lang/Object, implements ['Lcom/facebook/imagepipeline/producers/Producer']
COMPONENT CONCAT > Lcom/facebook/imagepipeline/producers/EncodedCacheKeyMultiplexProducer;->cloneOrNull(Ljava/io/Closeable;)Ljava/io/Closeable; < extends Ljava/lang/Object, implements ['Lcom/facebook/imagepipeline/producers/Producer']
COMPONENT CONCAT > Lcom/facebook/react/shell/MainReactPackage;->createViewManager(Lcom/facebook/react/bridge/ReactApplicationContext;Ljava/lang/String;)Lcom/facebook/react/uimanager/ViewManager; < extends Ljava/lang/Object, implements ['Lcom/facebook/react/ViewManagerOnDemandReactPackage', 'Lcom/facebook/react/ReactPackage']
COMPONENT CONCAT > Lcom/facebook/drawee/backends/pipeline/PipelineDraweeControllerBuilderSupplier;-><init>(Landroid/content/Context;)V < extends Ljava/lang/Object, implements ['Lcom/facebook/common/internal/Supplier']
COMPONENT CONCAT > Lcom/facebook/imagepipeline/core/ImagePipeline;->isInDiskCache(Landroid/net/Uri;)Lcom/facebook/datasource/DataSource; < extends Ljava/lang/Object, implements []
COMPONENT CONCAT > Lcom/facebook/imagepipeline/producers/LocalFetchProducer;->produceResults(Lcom/facebook/imagepipeline/producers/Consumer;Lcom/facebook/imagepipeline/producers/ProducerContext;)V < extends Ljava/lang/Object, implements ['Lcom/facebook/imagepipeline/producers/Producer']
COMPONENT CONCAT > Lcom/horcrux/svg/SvgPackage;->getViewManagerNames(Lcom/facebook/react/bridge/ReactApplicationContext;)Ljava/util/Collection; < extends Ljava/lang/Object, implements ['Lcom/facebook/react/ViewManagerOnDemandReactPackage', 'Lcom/facebook/react/ReactPackage']
COMPONENT CONCAT > Lcom/facebook/imagepipeline/producers/NetworkFetchProducer;->produceResults(Lcom/facebook/imagepipeline/producers/Consumer;Lcom/facebook/imagepipeline/producers/ProducerContext;)V < extends Ljava/lang/Object, implements ['Lcom/facebook/imagepipeline/producers/Producer']
COMPONENT CONCAT > Lcom/facebook/imageutils/JfifUtil;->getOrientation([B)I < extends Ljava/lang/Object, implements []
COMPONENT CONCAT > Lcom/facebook/imagepipeline/nativecode/NativeJpegTranscoder;->canResize(Lcom/facebook/imagepipeline/image/EncodedImage;Lcom/facebook/imagepipeline/common/RotationOptions;Lcom/facebook/imagepipeline/common/ResizeOptions;)Z < extends Ljava/lang/Object, implements ['Lcom/facebook/imagepipeline/transcoder/ImageTranscoder']
COMPONENT CONCAT > Lcom/facebook/imagepipeline/producers/WebpTranscodeProducer;->produceResults(Lcom/facebook/imagepipeline/producers/Consumer;Lcom/facebook/imagepipeline/producers/ProducerContext;)V < extends Ljava/lang/Object, implements ['Lcom/facebook/imagepipeline/producers/Producer']
COMPONENT CONCAT > Lcom/horcrux/svg/SvgPackage$7;->get()Ljava/lang/Object; < extends Ljava/lang/Object, implements ['Ljavax/inject/Provider']
COMPONENT CONCAT > Lcom/facebook/imagepipeline/producers/ResizeAndRotateProducer;->produceResults(Lcom/facebook/imagepipeline/producers/Consumer;Lcom/facebook/imagepipeline/producers/ProducerContext;)V < extends Ljava/lang/Object, implements ['Lcom/facebook/imagepipeline/producers/Producer']
COMPONENT CONCAT > Lcom/dieam/reactnativepushnotification/modules/RNPushNotificationHelper$1;->call(Landroid/graphics/Bitmap;Landroid/graphics/Bitmap;Landroid/graphics/Bitmap;)V < extends Ljava/lang/Object, implements ['Lcom/dieam/reactnativepushnotification/modules/RNPushNotificationPicturesAggregator$Callback']
COMPONENT CONCAT > Lcom/facebook/imagepipeline/producers/DiskCacheReadProducer;->produceResults(Lcom/facebook/imagepipeline/producers/Consumer;Lcom/facebook/imagepipeline/producers/ProducerContext;)V < extends Ljava/lang/Object, implements ['Lcom/facebook/imagepipeline/producers/Producer']
COMPONENT CONCAT > Lapp/notifee/core/b;->a(Ljava/lang/String;)Landroid/app/PendingIntent; < extends Ljava/lang/Object, implements []
COMPONENT CONCAT > Lcom/facebook/imagepipeline/producers/EncodedProbeProducer;->produceResults(Lcom/facebook/imagepipeline/producers/Consumer;Lcom/facebook/imagepipeline/producers/ProducerContext;)V < extends Ljava/lang/Object, implements ['Lcom/facebook/imagepipeline/producers/Producer']
COMPONENT CONCAT > Lapp/notifee/core/Worker;->startWork()Lcom/google/common/util/concurrent/ListenableFuture; < extends Landroidx/work/ListenableWorker, implements []
COMPONENT CONCAT > Lcom/facebook/cache/disk/DiskStorageCache;->insert(Lcom/facebook/cache/common/CacheKey;Lcom/facebook/cache/common/WriterCallback;)Lcom/facebook/binaryresource/BinaryResource; < extends Ljava/lang/Object, implements ['Lcom/facebook/cache/disk/FileCache', 'Lcom/facebook/common/disk/DiskTrimmable']
COMPONENT CONCAT > Lcom/facebook/cache/disk/DiskStorageCache;->awaitIndex()V < extends Ljava/lang/Object, implements ['Lcom/facebook/cache/disk/FileCache', 'Lcom/facebook/common/disk/DiskTrimmable']
COMPONENT CONCAT > Lcom/facebook/imagepipeline/producers/LocalExifThumbnailProducer;->produceResults(Lcom/facebook/imagepipeline/producers/Consumer;Lcom/facebook/imagepipeline/producers/ProducerContext;)V < extends Ljava/lang/Object, implements ['Lcom/facebook/imagepipeline/producers/ThumbnailProducer']
COMPONENT CONCAT > Lcom/facebook/imagepipeline/platform/DefaultDecoder;->decodeStaticImageFromStream(Ljava/io/InputStream;Landroid/graphics/BitmapFactory$Options;Landroid/graphics/Rect;)Lcom/facebook/common/references/CloseableReference; < extends Ljava/lang/Object, implements ['Lcom/facebook/imagepipeline/platform/PlatformDecoder']
COMPONENT CONCAT > Lcom/facebook/imagepipeline/platform/DefaultDecoder;->decodeFromEncodedImage(Lcom/facebook/imagepipeline/image/EncodedImage;Landroid/graphics/Bitmap$Config;Landroid/graphics/Rect;)Lcom/facebook/common/references/CloseableReference; < extends Ljava/lang/Object, implements ['Lcom/facebook/imagepipeline/platform/PlatformDecoder']
COMPONENT CONCAT > Lcom/facebook/imagepipeline/platform/DefaultDecoder;->decodeJPEGFromEncodedImage(Lcom/facebook/imagepipeline/image/EncodedImage;Landroid/graphics/Bitmap$Config;Landroid/graphics/Rect;I)Lcom/facebook/common/references/CloseableReference; < extends Ljava/lang/Object, implements ['Lcom/facebook/imagepipeline/platform/PlatformDecoder']
COMPONENT CONCAT > Lcom/swmansion/rnscreens/RNScreensPackage;->createViewManagers(Lcom/facebook/react/bridge/ReactApplicationContext;)Ljava/util/List; < extends Ljava/lang/Object, implements ['Lcom/facebook/react/ReactPackage']
COMPONENT CONCAT > Lorg/reactnative/maskedview/RNCMaskedViewPackage;->createViewManagers(Lcom/facebook/react/bridge/ReactApplicationContext;)Ljava/util/List; < extends Ljava/lang/Object, implements ['Lcom/facebook/react/ReactPackage']
COMPONENT CONCAT > Lcom/dylanvann/fastimage/FastImageViewPackage;->createViewManagers(Lcom/facebook/react/bridge/ReactApplicationContext;)Ljava/util/List; < extends Ljava/lang/Object, implements ['Lcom/facebook/react/ReactPackage']
MISSING ID > Lcom/facebook/react/uimanager/BaseViewManager;->setAccessibilityRole(Landroid/view/View;Ljava/lang/String;)V <
COMPONENT CONCAT > Lcom/BV/LinearGradient/LinearGradientPackage;->createViewManagers(Lcom/facebook/react/bridge/ReactApplicationContext;)Ljava/util/List; < extends Ljava/lang/Object, implements ['Lcom/facebook/react/ReactPackage']
COMPONENT CONCAT > Lcom/henninghall/date_picker/DatePickerPackage;->createViewManagers(Lcom/facebook/react/bridge/ReactApplicationContext;)Ljava/util/List; < extends Ljava/lang/Object, implements ['Lcom/facebook/react/ReactPackage']
COMPONENT CONCAT > Lcom/facebook/react/uimanager/ReanimatedUIImplementation;-><init>(Lcom/facebook/react/bridge/ReactApplicationContext;Ljava/util/List;Lcom/facebook/react/uimanager/events/EventDispatcher;I)V < extends Ljava/lang/Object, implements []
COMPONENT CONCAT > Lcom/swmansion/gesturehandler/RNGestureHandlerPackage;->createViewManagers(Lcom/facebook/react/bridge/ReactApplicationContext;)Ljava/util/List; < extends Ljava/lang/Object, implements ['Lcom/facebook/react/ReactPackage']
COMPONENT CONCAT > Lcom/shopify/reactnative/flash_list/ReactNativeFlashListPackage;->createViewManagers(Lcom/facebook/react/bridge/ReactApplicationContext;)Ljava/util/List; < extends Ljava/lang/Object, implements ['Lcom/facebook/react/ReactPackage']
COMPONENT CONCAT > Lcom/airbnb/android/react/lottie/LottiePackage;->createViewManagers(Lcom/facebook/react/bridge/ReactApplicationContext;)Ljava/util/List; < extends Ljava/lang/Object, implements ['Lcom/facebook/react/ReactPackage']
COMPONENT CONCAT > Lcom/reactnativecommunity/picker/RNCPickerPackage;->createViewManagers(Lcom/facebook/react/bridge/ReactApplicationContext;)Ljava/util/List; < extends Ljava/lang/Object, implements ['Lcom/facebook/react/ReactPackage']
COMPONENT CONCAT > Lio/sentry/react/RNSentryPackage;->createViewManagers(Lcom/facebook/react/bridge/ReactApplicationContext;)Ljava/util/List; < extends Ljava/lang/Object, implements ['Lcom/facebook/react/ReactPackage']
COMPONENT CONCAT > Lcom/facebook/react/uimanager/ReanimatedUIImplementation;-><init>(Lcom/facebook/react/bridge/ReactApplicationContext;Lcom/facebook/react/uimanager/ViewManagerResolver;Lcom/facebook/react/uimanager/events/EventDispatcher;I)V < extends Ljava/lang/Object, implements []
COMPONENT CONCAT > Lcom/reactnativecommunity/slider/ReactSliderPackage;->createViewManagers(Lcom/facebook/react/bridge/ReactApplicationContext;)Ljava/util/List; < extends Ljava/lang/Object, implements ['Lcom/facebook/react/ReactPackage']
COMPONENT CONCAT > Lcom/reactnativepagerview/PagerViewPackage;->createViewManagers(Lcom/facebook/react/bridge/ReactApplicationContext;)Ljava/util/List; < extends Ljava/lang/Object, implements ['Lcom/facebook/react/ReactPackage']
COMPONENT CONCAT > Lcom/reactnativegooglesignin/RNGoogleSigninPackage;->createViewManagers(Lcom/facebook/react/bridge/ReactApplicationContext;)Ljava/util/List; < extends Ljava/lang/Object, implements ['Lcom/facebook/react/ReactPackage']
COMPONENT CONCAT > Lcom/oney/WebRTCModule/WebRTCModulePackage;->createViewManagers(Lcom/facebook/react/bridge/ReactApplicationContext;)Ljava/util/List; < extends Ljava/lang/Object, implements ['Lcom/facebook/react/ReactPackage']
COMPONENT CONCAT > Lnet/time4j/calendar/hindu/HinduCalendar;->previousMonth()Lnet/time4j/calendar/hindu/HinduCalendar; < extends Ljava/lang/Object, implements ['Lnet/time4j/format/LocalizedPatternSupport', 'Lnet/time4j/engine/CalendarDate', 'Lnet/time4j/engine/VariantSource', 'Ljava/lang/Comparable', 'Ljava/io/Serializable', 'Lnet/time4j/engine/ChronoDisplay']
COMPONENT CONCAT > Lnet/time4j/calendar/hindu/HinduCalendar;-><clinit>()V < extends Ljava/lang/Object, implements ['Lnet/time4j/format/LocalizedPatternSupport', 'Lnet/time4j/engine/CalendarDate', 'Lnet/time4j/engine/VariantSource', 'Ljava/lang/Comparable', 'Ljava/io/Serializable', 'Lnet/time4j/engine/ChronoDisplay']
COMPONENT CONCAT > Lnet/time4j/calendar/hindu/SPX;->readExternal(Ljava/io/ObjectInput;)V < extends Ljava/lang/Object, implements ['Ljava/io/Externalizable']
COMPONENT CONCAT > Lnet/time4j/calendar/hindu/HinduCalendar;->nextDay()Lnet/time4j/calendar/hindu/HinduCalendar; < extends Ljava/lang/Object, implements ['Lnet/time4j/format/LocalizedPatternSupport', 'Lnet/time4j/engine/CalendarDate', 'Lnet/time4j/engine/VariantSource', 'Ljava/lang/Comparable', 'Ljava/io/Serializable', 'Lnet/time4j/engine/ChronoDisplay']
COMPONENT CONCAT > Lnet/time4j/calendar/hindu/HinduCalendar;->ofOldSolar(III)Lnet/time4j/calendar/hindu/HinduCalendar; < extends Ljava/lang/Object, implements ['Lnet/time4j/format/LocalizedPatternSupport', 'Lnet/time4j/engine/CalendarDate', 'Lnet/time4j/engine/VariantSource', 'Ljava/lang/Comparable', 'Ljava/io/Serializable', 'Lnet/time4j/engine/ChronoDisplay']
COMPONENT CONCAT > Lnet/time4j/calendar/hindu/HinduCalendar;->isValid(Lnet/time4j/calendar/hindu/HinduVariant;Lnet/time4j/calendar/hindu/HinduEra;ILnet/time4j/calendar/hindu/HinduMonth;Lnet/time4j/calendar/hindu/HinduDay;)Z < extends Ljava/lang/Object, implements ['Lnet/time4j/format/LocalizedPatternSupport', 'Lnet/time4j/engine/CalendarDate', 'Lnet/time4j/engine/VariantSource', 'Ljava/lang/Comparable', 'Ljava/io/Serializable', 'Lnet/time4j/engine/ChronoDisplay']
COMPONENT CONCAT > Lnet/time4j/calendar/hindu/HinduCalendar;->previousDay()Lnet/time4j/calendar/hindu/HinduCalendar; < extends Ljava/lang/Object, implements ['Lnet/time4j/format/LocalizedPatternSupport', 'Lnet/time4j/engine/CalendarDate', 'Lnet/time4j/engine/VariantSource', 'Ljava/lang/Comparable', 'Ljava/io/Serializable', 'Lnet/time4j/engine/ChronoDisplay']
COMPONENT CONCAT > Lnet/time4j/calendar/hindu/HinduCalendar;->ofOldLunar(ILnet/time4j/calendar/hindu/HinduMonth;I)Lnet/time4j/calendar/hindu/HinduCalendar; < extends Ljava/lang/Object, implements ['Lnet/time4j/format/LocalizedPatternSupport', 'Lnet/time4j/engine/CalendarDate', 'Lnet/time4j/engine/VariantSource', 'Ljava/lang/Comparable', 'Ljava/io/Serializable', 'Lnet/time4j/engine/ChronoDisplay']
COMPONENT CONCAT > Lnet/time4j/calendar/hindu/HinduCalendar;->lengthOfMonth()I < extends Ljava/lang/Object, implements ['Lnet/time4j/format/LocalizedPatternSupport', 'Lnet/time4j/engine/CalendarDate', 'Lnet/time4j/engine/VariantSource', 'Ljava/lang/Comparable', 'Ljava/io/Serializable', 'Lnet/time4j/engine/ChronoDisplay']
COMPONENT CONCAT > Lcom/facebook/react/bridge/CatalystInstanceImpl;->getNativeModule(Ljava/lang/Class;)Lcom/facebook/react/bridge/NativeModule; < extends Ljava/lang/Object, implements ['Lcom/facebook/react/bridge/CatalystInstance']
MISSING ID > Lcom/facebook/react/ReactRootView;->onInterceptHoverEvent(Landroid/view/MotionEvent;)Z <
MISSING ID > Lcom/facebook/react/ReactRootView;->dispatchJSPointerEvent(Landroid/view/MotionEvent;Z)V <
MISSING ID > Lcom/facebook/react/uimanager/JSPointerDispatcher;->handleMotionEvent(Landroid/view/MotionEvent;Lcom/facebook/react/uimanager/events/EventDispatcher;Z)V <
MISSING ID > Lcom/facebook/react/uimanager/JSPointerDispatcher;->onDown(ILcom/facebook/react/uimanager/events/PointerEvent$PointerEventState;Landroid/view/MotionEvent;Lcom/facebook/react/uimanager/events/EventDispatcher;)V <
MISSING ID > Lcom/facebook/react/uimanager/JSPointerDispatcher;->dispatchCancelEvent(Lcom/facebook/react/uimanager/events/PointerEvent$PointerEventState;Landroid/view/MotionEvent;Lcom/facebook/react/uimanager/events/EventDispatcher;)V <
MISSING ID > Lcom/facebook/react/ReactRootView;->onInterceptTouchEvent(Landroid/view/MotionEvent;)Z <
MISSING ID > Lcom/facebook/react/ReactRootView;->onTouchEvent(Landroid/view/MotionEvent;)Z <
MISSING ID > Lcom/facebook/react/ReactRootView;->onHoverEvent(Landroid/view/MotionEvent;)Z <
MISSING ID > Lcom/facebook/react/uimanager/JSPointerDispatcher;->onMove(ILcom/facebook/react/uimanager/events/PointerEvent$PointerEventState;Landroid/view/MotionEvent;Lcom/facebook/react/uimanager/events/EventDispatcher;)V <
COMPONENT CONCAT > Lnet/time4j/calendar/astro/SolarTime;->sunrise(Lnet/time4j/calendar/astro/Twilight;)Lnet/time4j/engine/ChronoFunction; < extends Ljava/lang/Object, implements ['Lnet/time4j/calendar/astro/GeoLocation', 'Ljava/io/Serializable']
COMPONENT CONCAT > Lcom/facebook/react/viewmanagers/TraceUpdateOverlayManagerDelegate;->setProperty(Landroid/view/View;Ljava/lang/String;Ljava/lang/Object;)V < extends Ljava/lang/Object, implements ['Lcom/facebook/react/uimanager/ViewManagerDelegate']
MISSING ID > Lcom/facebook/react/viewmanagers/AndroidDrawerLayoutManagerDelegate;->setProperty(Landroid/view/View;Ljava/lang/String;Ljava/lang/Object;)V <
MISSING ID > Lcom/facebook/react/uimanager/BaseViewManagerDelegate;->setProperty(Landroid/view/View;Ljava/lang/String;Ljava/lang/Object;)V <
MISSING ID > Lcom/facebook/react/viewmanagers/AndroidSwipeRefreshLayoutManagerDelegate;->setProperty(Landroid/view/View;Ljava/lang/String;Ljava/lang/Object;)V <
MISSING ID > Lcom/facebook/react/viewmanagers/ModalHostViewManagerDelegate;->setProperty(Landroid/view/View;Ljava/lang/String;Ljava/lang/Object;)V <
COMPONENT CONCAT > Lcom/facebook/react/viewmanagers/SafeAreaViewManagerDelegate;->setProperty(Landroid/view/View;Ljava/lang/String;Ljava/lang/Object;)V < extends Ljava/lang/Object, implements ['Lcom/facebook/react/uimanager/ViewManagerDelegate']
COMPONENT CONCAT > Lcom/facebook/react/viewmanagers/UnimplementedNativeViewManagerDelegate;->setProperty(Landroid/view/View;Ljava/lang/String;Ljava/lang/Object;)V < extends Ljava/lang/Object, implements ['Lcom/facebook/react/uimanager/ViewManagerDelegate']
COMPONENT CONCAT > Lcom/facebook/react/viewmanagers/AndroidHorizontalScrollContentViewManagerDelegate;->setProperty(Landroid/view/View;Ljava/lang/String;Ljava/lang/Object;)V < extends Ljava/lang/Object, implements ['Lcom/facebook/react/uimanager/ViewManagerDelegate']
COMPONENT CONCAT > Lcom/facebook/react/viewmanagers/RNCSafeAreaViewManagerDelegate;->setProperty(Landroid/view/View;Ljava/lang/String;Ljava/lang/Object;)V < extends Ljava/lang/Object, implements ['Lcom/facebook/react/uimanager/ViewManagerDelegate']
COMPONENT CONCAT > Lcom/facebook/react/viewmanagers/ActivityIndicatorViewManagerDelegate;->setProperty(Landroid/view/View;Ljava/lang/String;Ljava/lang/Object;)V < extends Ljava/lang/Object, implements ['Lcom/facebook/react/uimanager/ViewManagerDelegate']
COMPONENT CONCAT > Lcom/rudderstack/react/android/RNRudderSdkModule;->group(Ljava/lang/String;Lcom/facebook/react/bridge/ReadableMap;Lcom/facebook/react/bridge/ReadableMap;)V < extends Ljava/lang/Object, implements ['Lcom/facebook/react/bridge/NativeModule']
COMPONENT CONCAT > Lcom/rudderstack/android/sdk/core/RudderClient;->group(Ljava/lang/String;)V < extends Ljava/lang/Object, implements []
COMPONENT CONCAT > Lnet/time4j/scale/LeapSeconds;->registerPositiveLS(III)V < extends Ljava/lang/Object, implements ['Ljava/lang/Iterable', 'Ljava/util/Comparator']
COMPONENT CONCAT > Lnet/time4j/scale/LeapSeconds;->registerNegativeLS(III)V < extends Ljava/lang/Object, implements ['Ljava/lang/Iterable', 'Ljava/util/Comparator']
COMPONENT CONCAT > Lcom/appsflyer/internal/AFb1vSDK;->performOnDeepLinking(Landroid/content/Intent;Landroid/content/Context;)V < extends Ljava/lang/Object, implements []
COMPONENT CONCAT > Lcom/appsflyer/share/CrossPromotionHelper;->logAndOpenStore(Landroid/content/Context;Ljava/lang/String;Ljava/lang/String;)V < extends Ljava/lang/Object, implements []
COMPONENT CONCAT > Lcom/appsflyer/internal/AFb1vSDK;-><clinit>()V < extends Ljava/lang/Object, implements []
COMPONENT CONCAT > Lcom/appsflyer/internal/AFb1vSDK;->init(Ljava/lang/String;Lcom/appsflyer/AppsFlyerConversionListener;Landroid/content/Context;)Lcom/appsflyer/AppsFlyerLib; < extends Ljava/lang/Object, implements []
COMPONENT CONCAT > Lcom/appsflyer/reactnative/RNAppsFlyerModule;->generateInviteLink(Lcom/facebook/react/bridge/ReadableMap;Lcom/facebook/react/bridge/Callback;Lcom/facebook/react/bridge/Callback;)V < extends Ljava/lang/Object, implements ['Lcom/facebook/react/bridge/NativeModule']
COMPONENT CONCAT > Lcom/appsflyer/internal/AFb1vSDK;->setCustomerIdAndLogSession(Ljava/lang/String;Landroid/content/Context;)V < extends Ljava/lang/Object, implements []
COMPONENT CONCAT > Lcom/appsflyer/reactnative/RNAppsFlyerModule;->logCrossPromotionImpression(Ljava/lang/String;Ljava/lang/String;Lcom/facebook/react/bridge/ReadableMap;)V < extends Ljava/lang/Object, implements ['Lcom/facebook/react/bridge/NativeModule']
COMPONENT CONCAT > Lcom/appsflyer/internal/AFb1vSDK;->performOnAppAttribution(Landroid/content/Context;Ljava/net/URI;)V < extends Ljava/lang/Object, implements []
COMPONENT CONCAT > Lcom/appsflyer/internal/AFb1vSDK;->logEvent(Landroid/content/Context;Ljava/lang/String;Ljava/util/Map;Lcom/appsflyer/attribution/AppsFlyerRequestListener;)V < extends Ljava/lang/Object, implements []
COMPONENT CONCAT > Lcom/appsflyer/internal/AFb1vSDK;->start(Landroid/content/Context;Ljava/lang/String;Lcom/appsflyer/attribution/AppsFlyerRequestListener;)V < extends Ljava/lang/Object, implements []
COMPONENT CONCAT > Lcom/appsflyer/internal/AFb1vSDK;->sendInAppPurchaseData(Landroid/content/Context;Ljava/util/Map;Lcom/appsflyer/PurchaseHandler$PurchaseValidationCallback;)V < extends Ljava/lang/Object, implements []
COMPONENT CONCAT > Lcom/appsflyer/MultipleInstallBroadcastReceiver;->onReceive(Landroid/content/Context;Landroid/content/Intent;)V < extends Landroid/content/BroadcastReceiver, implements []
COMPONENT CONCAT > Lcom/appsflyer/internal/AFb1vSDK;->validateAndLogInAppPurchase(Landroid/content/Context;Ljava/lang/String;Ljava/lang/String;Ljava/lang/String;Ljava/lang/String;Ljava/lang/String;Ljava/util/Map;)V < extends Ljava/lang/Object, implements []
COMPONENT CONCAT > Lcom/appsflyer/internal/AFb1vSDK;->logSession(Landroid/content/Context;)V < extends Ljava/lang/Object, implements []
COMPONENT CONCAT > Lcom/appsflyer/internal/AFb1vSDK;->logLocation(Landroid/content/Context;DD)V < extends Ljava/lang/Object, implements []
COMPONENT CONCAT > Lcom/appsflyer/internal/AFb1vSDK;->updateServerUninstallToken(Landroid/content/Context;Ljava/lang/String;)V < extends Ljava/lang/Object, implements []
COMPONENT CONCAT > Lcom/appsflyer/internal/AFb1vSDK;->sendPurchaseData(Landroid/content/Context;Ljava/util/Map;Lcom/appsflyer/PurchaseHandler$PurchaseValidationCallback;)V < extends Ljava/lang/Object, implements []
COMPONENT CONCAT > Lcom/appsflyer/reactnative/RNAppsFlyerModule;->logCrossPromotionAndOpenStore(Ljava/lang/String;Ljava/lang/String;Lcom/facebook/react/bridge/ReadableMap;)V < extends Ljava/lang/Object, implements ['Lcom/facebook/react/bridge/NativeModule']
COMPONENT CONCAT > Lcom/appsflyer/SingleInstallBroadcastReceiver;->onReceive(Landroid/content/Context;Landroid/content/Intent;)V < extends Landroid/content/BroadcastReceiver, implements []
COMPONENT CONCAT > Lcom/appsflyer/internal/AFb1vSDK;->sendAdRevenue(Landroid/content/Context;Ljava/util/Map;)V < extends Ljava/lang/Object, implements []
COMPONENT CONCAT > Lcom/appsflyer/internal/AFb1vSDK;->sendAdImpression(Landroid/content/Context;Ljava/util/Map;)V < extends Ljava/lang/Object, implements []
COMPONENT CONCAT > Lorg/checkerframework/checker/formatter/qual/ConversionCategory;->isSubsetOf(Lorg/checkerframework/checker/formatter/qual/ConversionCategory;Lorg/checkerframework/checker/formatter/qual/ConversionCategory;)Z < extends Ljava/lang/Enum, implements []
COMPONENT CONCAT > Lcom/facebook/imagepipeline/producers/MultiplexProducer;->produceResults(Lcom/facebook/imagepipeline/producers/Consumer;Lcom/facebook/imagepipeline/producers/ProducerContext;)V < extends Ljava/lang/Object, implements ['Lcom/facebook/imagepipeline/producers/Producer']
COMPONENT CONCAT > Lcom/facebook/imagepipeline/producers/EncodedCacheKeyMultiplexProducer;->getKey(Lcom/facebook/imagepipeline/producers/ProducerContext;)Ljava/lang/Object; < extends Ljava/lang/Object, implements ['Lcom/facebook/imagepipeline/producers/Producer']
COMPONENT CONCAT > Lcom/facebook/imagepipeline/producers/BitmapMemoryCacheKeyMultiplexProducer;->getKey(Lcom/facebook/imagepipeline/producers/ProducerContext;)Ljava/lang/Object; < extends Ljava/lang/Object, implements ['Lcom/facebook/imagepipeline/producers/Producer']
COMPONENT CONCAT > Lnet/time4j/PlainTime;-><clinit>()V < extends Ljava/lang/Object, implements ['Lnet/time4j/base/WallTime', 'Lnet/time4j/engine/Temporal', 'Lnet/time4j/format/LocalizedPatternSupport', 'Ljava/lang/Comparable', 'Ljava/io/Serializable', 'Lnet/time4j/engine/ChronoDisplay']
COMPONENT CONCAT > Lio/sentry/HubAdapter;->captureException(Ljava/lang/Throwable;Lio/sentry/Hint;)Lio/sentry/protocol/SentryId; < extends Ljava/lang/Object, implements ['Lio/sentry/IHub']
COMPONENT CONCAT > Lio/sentry/Sentry;->captureException(Ljava/lang/Throwable;)Lio/sentry/protocol/SentryId; < extends Ljava/lang/Object, implements []
COMPONENT CONCAT > Lcom/airbnb/lottie/model/content/GradientStroke;->toContent(Lcom/airbnb/lottie/LottieDrawable;Lcom/airbnb/lottie/model/layer/BaseLayer;)Lcom/airbnb/lottie/animation/content/Content; < extends Ljava/lang/Object, implements ['Lcom/airbnb/lottie/model/content/ContentModel']
COMPONENT CONCAT > Lcom/airbnb/lottie/model/content/ShapeStroke;->toContent(Lcom/airbnb/lottie/LottieDrawable;Lcom/airbnb/lottie/model/layer/BaseLayer;)Lcom/airbnb/lottie/animation/content/Content; < extends Ljava/lang/Object, implements ['Lcom/airbnb/lottie/model/content/ContentModel']
COMPONENT CONCAT > Lcom/henninghall/date_picker/wheels/DayWheel;->toDisplayValue(Ljava/lang/String;)Ljava/lang/String; < extends Ljava/lang/Object, implements []
COMPONENT CONCAT > Lio/sentry/android/core/SentryPerformanceProvider;->onCreate()Z < extends Landroid/content/ContentProvider, implements []
COMPONENT CONCAT > Lio/sentry/NoOpHub;-><clinit>()V < extends Ljava/lang/Object, implements ['Lio/sentry/IHub']
COMPONENT CONCAT > Lio/sentry/Sentry;->init()V < extends Ljava/lang/Object, implements []
COMPONENT CONCAT > Lio/sentry/NoOpScope;-><clinit>()V < extends Ljava/lang/Object, implements ['Lio/sentry/IScope']
COMPONENT CONCAT > Lio/sentry/Sentry;->init(Ljava/lang/String;)V < extends Ljava/lang/Object, implements []
COMPONENT CONCAT > Lio/sentry/android/core/SentryAndroidOptions;-><init>()V < extends Ljava/lang/Object, implements []
COMPONENT CONCAT > Lio/sentry/CheckIn$Deserializer;->deserialize(Lio/sentry/ObjectReader;Lio/sentry/ILogger;)Ljava/lang/Object; < extends Ljava/lang/Object, implements ['Lio/sentry/JsonDeserializer']
COMPONENT CONCAT > Lio/sentry/react/RNSentryModule;->initNativeSdk(Lcom/facebook/react/bridge/ReadableMap;Lcom/facebook/react/bridge/Promise;)V < extends Ljava/lang/Object, implements ['Lcom/facebook/react/bridge/NativeModule']
COMPONENT CONCAT > Lio/sentry/android/core/SentryAndroid;->init(Landroid/content/Context;)V < extends Ljava/lang/Object, implements []
COMPONENT CONCAT > Lio/sentry/android/core/SentryInitProvider;->onCreate()Z < extends Landroid/content/ContentProvider, implements []
COMPONENT CONCAT > Lio/sentry/android/core/AnrV2EventProcessor;->process(Lio/sentry/SentryEvent;Lio/sentry/Hint;)Lio/sentry/SentryEvent; < extends Ljava/lang/Object, implements ['Lio/sentry/BackfillingEventProcessor']
COMPONENT CONCAT > Lcom/appsflyer/internal/AFd1fSDK;->values()V < extends Ljava/lang/Object, implements ['Lcom/appsflyer/internal/AFd1iSDK']
COMPONENT CONCAT > Lcom/RNAppleAuthentication/AppleAuthenticationAndroidModule;->signIn(Lcom/facebook/react/bridge/Promise;)V < extends Ljava/lang/Object, implements ['Lcom/facebook/react/bridge/NativeModule']
COMPONENT CONCAT > Lcom/airbnb/lottie/animation/keyframe/ShapeKeyframeAnimation;->getValue(Lcom/airbnb/lottie/value/Keyframe;F)Ljava/lang/Object; < extends Ljava/lang/Object, implements []
COMPONENT CONCAT > Lcom/airbnb/lottie/LottieComposition$Factory;->fromJsonReader(Lcom/airbnb/lottie/parser/moshi/JsonReader;Lcom/airbnb/lottie/OnCompositionLoadedListener;)Lcom/airbnb/lottie/Cancellable; < extends Ljava/lang/Object, implements []
COMPONENT CONCAT > Lcom/airbnb/lottie/LottieCompositionFactory;->fromUrlSync(Landroid/content/Context;Ljava/lang/String;)Lcom/airbnb/lottie/LottieResult; < extends Ljava/lang/Object, implements []
COMPONENT CONCAT > Lcom/airbnb/lottie/LottieCompositionFactory;->fromZipStream(Ljava/util/zip/ZipInputStream;Ljava/lang/String;)Lcom/airbnb/lottie/LottieTask; < extends Ljava/lang/Object, implements []
COMPONENT CONCAT > Lcom/airbnb/lottie/LottieComposition$Factory;->fromInputStreamSync(Ljava/io/InputStream;Z)Lcom/airbnb/lottie/LottieComposition; < extends Ljava/lang/Object, implements []
COMPONENT CONCAT > Lcom/airbnb/lottie/LottieComposition$Factory;->fromJsonSync(Lcom/airbnb/lottie/parser/moshi/JsonReader;)Lcom/airbnb/lottie/LottieComposition; < extends Ljava/lang/Object, implements []
COMPONENT CONCAT > Lcom/airbnb/lottie/model/content/MergePaths;->toContent(Lcom/airbnb/lottie/LottieDrawable;Lcom/airbnb/lottie/model/layer/BaseLayer;)Lcom/airbnb/lottie/animation/content/Content; < extends Ljava/lang/Object, implements ['Lcom/airbnb/lottie/model/content/ContentModel']
COMPONENT CONCAT > Lcom/airbnb/lottie/LottieComposition$Factory;->fromInputStreamSync(Ljava/io/InputStream;)Lcom/airbnb/lottie/LottieComposition; < extends Ljava/lang/Object, implements []
COMPONENT CONCAT > Lcom/airbnb/lottie/LottieComposition$Factory;->fromJsonString(Ljava/lang/String;Lcom/airbnb/lottie/OnCompositionLoadedListener;)Lcom/airbnb/lottie/Cancellable; < extends Ljava/lang/Object, implements []
COMPONENT CONCAT > Lcom/airbnb/lottie/LottieComposition$Factory;->fromRawFile(Landroid/content/Context;ILcom/airbnb/lottie/OnCompositionLoadedListener;)Lcom/airbnb/lottie/Cancellable; < extends Ljava/lang/Object, implements []
COMPONENT CONCAT > Lcom/airbnb/lottie/LottieComposition$Factory;->fromInputStream(Ljava/io/InputStream;Lcom/airbnb/lottie/OnCompositionLoadedListener;)Lcom/airbnb/lottie/Cancellable; < extends Ljava/lang/Object, implements []
COMPONENT CONCAT > Lcom/airbnb/lottie/LottieCompositionFactory;->fromJson(Lorg/json/JSONObject;Ljava/lang/String;)Lcom/airbnb/lottie/LottieTask; < extends Ljava/lang/Object, implements []
COMPONENT CONCAT > Lcom/airbnb/lottie/LottieComposition$Factory;->fromAssetFileName(Landroid/content/Context;Ljava/lang/String;Lcom/airbnb/lottie/OnCompositionLoadedListener;)Lcom/airbnb/lottie/Cancellable; < extends Ljava/lang/Object, implements []
COMPONENT CONCAT > Lcom/airbnb/lottie/LottieComposition$Factory;->fromFileSync(Landroid/content/Context;Ljava/lang/String;)Lcom/airbnb/lottie/LottieComposition; < extends Ljava/lang/Object, implements []
COMPONENT CONCAT > Lcom/airbnb/lottie/LottieComposition$Factory;->fromJsonSync(Landroid/content/res/Resources;Lorg/json/JSONObject;)Lcom/airbnb/lottie/LottieComposition; < extends Ljava/lang/Object, implements []
COMPONENT CONCAT > Lcom/airbnb/lottie/LottieComposition$Factory;->fromJsonSync(Ljava/lang/String;)Lcom/airbnb/lottie/LottieComposition; < extends Ljava/lang/Object, implements []
COMPONENT CONCAT > Lnet/time4j/calendar/bahai/BadiCalendar;-><clinit>()V < extends Ljava/lang/Object, implements ['Lnet/time4j/engine/CalendarDate', 'Ljava/lang/Comparable', 'Ljava/io/Serializable', 'Lnet/time4j/engine/ChronoDisplay']
