COMPONENT CONCAT > Lcom/indeed/android/jobsearch/vip/vipInterviewRoom/VipInterviewRoomFragment;-><init>()V < extends Landroidx/fragment/app/Fragment, implements ['Landroid/content/ComponentCallbacks', 'Landroid/view/View$OnCreateContextMenuListener', 'Landroidx/lifecycle/o', 'Landroidx/lifecycle/t0', 'Landroidx/lifecycle/h', 'Lh2/d']
COMPONENT CONCAT > Lcom/indeed/android/jobsearch/webview/fragment/IndeedWebViewFragment;->T0(Landroid/view/LayoutInflater;Landroid/view/ViewGroup;Landroid/os/Bundle;)Landroid/view/View; < extends Landroidx/fragment/app/Fragment, implements ['Lcom/indeed/android/jobsearch/m$a', 'Lcom/indeed/android/jobsearch/proctor/f', 'Landroid/content/ComponentCallbacks', 'Landroid/view/View$OnCreateContextMenuListener', 'Landroidx/lifecycle/o', 'Landroidx/lifecycle/t0', 'Landroidx/lifecycle/h', 'Lh2/d']
COMPONENT CONCAT > Lcom/indeed/android/jobsearch/vip/vipInterviewRoom/VipInterviewRoomFragment;->T0(Landroid/view/LayoutInflater;Landroid/view/ViewGroup;Landroid/os/Bundle;)Landroid/view/View; < extends Landroidx/fragment/app/Fragment, implements ['Landroid/content/ComponentCallbacks', 'Landroid/view/View$OnCreateContextMenuListener', 'Landroidx/lifecycle/o', 'Landroidx/lifecycle/t0', 'Landroidx/lifecycle/h', 'Lh2/d']
COMPONENT CONCAT > Lcom/indeed/android/jobsearch/nativenav/NativeNavWebViewFragment;->o1(Landroid/view/View;Landroid/os/Bundle;)V < extends Landroidx/fragment/app/Fragment, implements ['Lcom/indeed/android/jobsearch/m$a', 'Lcom/indeed/android/jobsearch/proctor/f', 'Lgn/a', 'Landroid/content/ComponentCallbacks', 'Landroid/view/View$OnCreateContextMenuListener', 'Landroidx/lifecycle/o', 'Landroidx/lifecycle/t0', 'Landroidx/lifecycle/h', 'Lh2/d']
COMPONENT CONCAT > Lcom/indeed/android/jobsearch/bottomnav/IanMainFragment;->k1()V < extends Landroidx/fragment/app/Fragment, implements ['Lcom/indeed/android/jobsearch/bottomnav/web/h', 'Lcom/indeed/android/jobsearch/proctor/f', 'Landroid/content/ComponentCallbacks', 'Landroid/view/View$OnCreateContextMenuListener', 'Landroidx/lifecycle/o', 'Landroidx/lifecycle/t0', 'Landroidx/lifecycle/h', 'Lh2/d']
COMPONENT CONCAT > Lcom/indeed/android/jobsearch/backend/api/initservice/b;->invoke(Ljava/lang/Object;)Ljava/lang/Object; < extends Ljava/lang/Object, implements ['Lek/l', 'Lgn/a']
COMPONENT CONCAT > Lcom/indeed/android/jobsearch/bottomnav/IanMainFragment;->o1(Landroid/view/View;Landroid/os/Bundle;)V < extends Landroidx/fragment/app/Fragment, implements ['Lcom/indeed/android/jobsearch/bottomnav/web/h', 'Lcom/indeed/android/jobsearch/proctor/f', 'Landroid/content/ComponentCallbacks', 'Landroid/view/View$OnCreateContextMenuListener', 'Landroidx/lifecycle/o', 'Landroidx/lifecycle/t0', 'Landroidx/lifecycle/h', 'Lh2/d']
COMPONENT CONCAT > Lcom/indeed/android/jobsearch/launch/LaunchFragment;->o1(Landroid/view/View;Landroid/os/Bundle;)V < extends Landroidx/fragment/app/Fragment, implements ['Landroid/content/ComponentCallbacks', 'Landroid/view/View$OnCreateContextMenuListener', 'Landroidx/lifecycle/o', 'Landroidx/lifecycle/t0', 'Landroidx/lifecycle/h', 'Lh2/d']
COMPONENT CONCAT > Lcom/indeed/android/jobsearch/webview/fragment/IndeedWebViewFragment;->k1()V < extends Landroidx/fragment/app/Fragment, implements ['Lcom/indeed/android/jobsearch/m$a', 'Lcom/indeed/android/jobsearch/proctor/f', 'Landroid/content/ComponentCallbacks', 'Landroid/view/View$OnCreateContextMenuListener', 'Landroidx/lifecycle/o', 'Landroidx/lifecycle/t0', 'Landroidx/lifecycle/h', 'Lh2/d']
COMPONENT CONCAT > Lcom/indeed/android/jobsearch/webview/fragment/IndeedWebViewFragment;->o1(Landroid/view/View;Landroid/os/Bundle;)V < extends Landroidx/fragment/app/Fragment, implements ['Lcom/indeed/android/jobsearch/m$a', 'Lcom/indeed/android/jobsearch/proctor/f', 'Landroid/content/ComponentCallbacks', 'Landroid/view/View$OnCreateContextMenuListener', 'Landroidx/lifecycle/o', 'Landroidx/lifecycle/t0', 'Landroidx/lifecycle/h', 'Lh2/d']
COMPONENT CONCAT > Lcom/indeed/android/jobsearch/tare/nav/a;->a(Landroidx/fragment/app/FragmentManager;ZLek/l;)V < extends Ljava/lang/Object, implements ['Llg/c', 'Lgn/a']
COMPONENT CONCAT > Lcom/indeed/android/jobsearch/webview/component/h;->g(Landroid/webkit/WebView;Landroid/webkit/WebResourceRequest;)Lcom/indeed/android/jobsearch/webview/modal/m$a; < extends Ljava/lang/Object, implements ['Lcom/indeed/android/jobsearch/webview/modal/m']
COMPONENT CONCAT > Lcom/indeed/android/jobsearch/webview/component/i;->j(Landroid/webkit/WebView;Lek/l;Lek/l;)V < extends Ljava/lang/Object, implements ['Lcom/indeed/android/jobsearch/webview/modal/n', 'Lcom/indeed/android/jobsearch/webview/modal/h']
COMPONENT CONCAT > Lcom/indeed/android/jobsearch/onboarding/OnboardingFragment;-><init>()V < extends Landroidx/fragment/app/Fragment, implements ['Lcom/indeed/android/onboarding/location/utils/c', 'Lgn/a', 'Landroid/content/ComponentCallbacks', 'Landroid/view/View$OnCreateContextMenuListener', 'Landroidx/lifecycle/o', 'Landroidx/lifecycle/t0', 'Landroidx/lifecycle/h', 'Lh2/d']
COMPONENT CONCAT > Lcom/indeed/android/jobsearch/webview/component/r;->i(Landroid/webkit/WebView;Landroid/webkit/WebResourceRequest;)V < extends Ljava/lang/Object, implements ['Lcom/indeed/android/jobsearch/webview/modal/o']
COMPONENT CONCAT > Lcom/indeed/android/jobsearch/webview/component/b;->h(Landroid/webkit/WebView;Ljava/lang/String;Z)V < extends Ljava/lang/Object, implements ['Lcom/indeed/android/jobsearch/webview/modal/a']
COMPONENT CONCAT > Lcom/indeed/android/jobsearch/locationselector/LocationSelectorFragment;->T0(Landroid/view/LayoutInflater;Landroid/view/ViewGroup;Landroid/os/Bundle;)Landroid/view/View; < extends Landroidx/fragment/app/Fragment, implements ['Landroid/content/ComponentCallbacks', 'Landroid/view/View$OnCreateContextMenuListener', 'Landroidx/lifecycle/o', 'Landroidx/lifecycle/t0', 'Landroidx/lifecycle/h', 'Lh2/d']
COMPONENT CONCAT > Lcom/indeed/android/jobsearch/onboarding/OnboardingFragment;->T0(Landroid/view/LayoutInflater;Landroid/view/ViewGroup;Landroid/os/Bundle;)Landroid/view/View; < extends Landroidx/fragment/app/Fragment, implements ['Lcom/indeed/android/onboarding/location/utils/c', 'Lgn/a', 'Landroid/content/ComponentCallbacks', 'Landroid/view/View$OnCreateContextMenuListener', 'Landroidx/lifecycle/o', 'Landroidx/lifecycle/t0', 'Landroidx/lifecycle/h', 'Lh2/d']
COMPONENT CONCAT > Lcom/indeed/android/jobsearch/vip/VipSurveyFragment;->T0(Landroid/view/LayoutInflater;Landroid/view/ViewGroup;Landroid/os/Bundle;)Landroid/view/View; < extends Landroidx/fragment/app/Fragment, implements ['Landroid/content/ComponentCallbacks', 'Landroid/view/View$OnCreateContextMenuListener', 'Landroidx/lifecycle/o', 'Landroidx/lifecycle/t0', 'Landroidx/lifecycle/h', 'Lh2/d']
COMPONENT CONCAT > Lcom/indeed/android/jobsearch/webview/fragment/f;->a()V < extends Ljava/lang/Object, implements ['Lcom/infra/swiperefreshlayoutpatched/SwipeRefreshLayoutPatched$j']
COMPONENT CONCAT > Lcom/indeed/android/jobsearch/nativenav/g;->a()V < extends Ljava/lang/Object, implements ['Lcom/infra/swiperefreshlayoutpatched/SwipeRefreshLayoutPatched$j']
COMPONENT CONCAT > Lcom/indeed/android/jobsearch/webview/fragment/IndeedWebViewFragment;->W0()V < extends Landroidx/fragment/app/Fragment, implements ['Lcom/indeed/android/jobsearch/m$a', 'Lcom/indeed/android/jobsearch/proctor/f', 'Landroid/content/ComponentCallbacks', 'Landroid/view/View$OnCreateContextMenuListener', 'Landroidx/lifecycle/o', 'Landroidx/lifecycle/t0', 'Landroidx/lifecycle/h', 'Lh2/d']
COMPONENT CONCAT > Lcom/indeed/android/jobsearch/webview/fragment/IndeedWebViewFragment;-><init>()V < extends Landroidx/fragment/app/Fragment, implements ['Lcom/indeed/android/jobsearch/m$a', 'Lcom/indeed/android/jobsearch/proctor/f', 'Landroid/content/ComponentCallbacks', 'Landroid/view/View$OnCreateContextMenuListener', 'Landroidx/lifecycle/o', 'Landroidx/lifecycle/t0', 'Landroidx/lifecycle/h', 'Lh2/d']
COMPONENT CONCAT > Lcom/indeed/android/jobsearch/vip/VipStagingRoomFragment;->T0(Landroid/view/LayoutInflater;Landroid/view/ViewGroup;Landroid/os/Bundle;)Landroid/view/View; < extends Landroidx/fragment/app/Fragment, implements ['Landroid/content/ComponentCallbacks', 'Landroid/view/View$OnCreateContextMenuListener', 'Landroidx/lifecycle/o', 'Landroidx/lifecycle/t0', 'Landroidx/lifecycle/h', 'Lh2/d']
COMPONENT CONCAT > Lcom/indeed/android/jobsearch/launch/LaunchFragment;->T0(Landroid/view/LayoutInflater;Landroid/view/ViewGroup;Landroid/os/Bundle;)Landroid/view/View; < extends Landroidx/fragment/app/Fragment, implements ['Landroid/content/ComponentCallbacks', 'Landroid/view/View$OnCreateContextMenuListener', 'Landroidx/lifecycle/o', 'Landroidx/lifecycle/t0', 'Landroidx/lifecycle/h', 'Lh2/d']
COMPONENT CONCAT > Lcom/indeed/android/jobsearch/webview/fragment/IndeedWebViewFragment;->x()V < extends Landroidx/fragment/app/Fragment, implements ['Lcom/indeed/android/jobsearch/m$a', 'Lcom/indeed/android/jobsearch/proctor/f', 'Landroid/content/ComponentCallbacks', 'Landroid/view/View$OnCreateContextMenuListener', 'Landroidx/lifecycle/o', 'Landroidx/lifecycle/t0', 'Landroidx/lifecycle/h', 'Lh2/d']
COMPONENT CONCAT > Lcom/indeed/android/jobsearch/vip/VipLobbyWebViewFragment;->T0(Landroid/view/LayoutInflater;Landroid/view/ViewGroup;Landroid/os/Bundle;)Landroid/view/View; < extends Landroidx/fragment/app/Fragment, implements ['Landroid/content/ComponentCallbacks', 'Landroid/view/View$OnCreateContextMenuListener', 'Landroidx/lifecycle/o', 'Landroidx/lifecycle/t0', 'Landroidx/lifecycle/h', 'Lh2/d']
COMPONENT CONCAT > Lcom/indeed/android/jobsearch/vip/VipLobbyPhoneNumberWebViewFragment;->T0(Landroid/view/LayoutInflater;Landroid/view/ViewGroup;Landroid/os/Bundle;)Landroid/view/View; < extends Landroidx/fragment/app/Fragment, implements ['Landroid/content/ComponentCallbacks', 'Landroid/view/View$OnCreateContextMenuListener', 'Landroidx/lifecycle/o', 'Landroidx/lifecycle/t0', 'Landroidx/lifecycle/h', 'Lh2/d']
COMPONENT CONCAT > Lcom/indeed/android/jobsearch/nativenav/NativeNavWebViewFragment;->x()V < extends Landroidx/fragment/app/Fragment, implements ['Lcom/indeed/android/jobsearch/m$a', 'Lcom/indeed/android/jobsearch/proctor/f', 'Lgn/a', 'Landroid/content/ComponentCallbacks', 'Landroid/view/View$OnCreateContextMenuListener', 'Landroidx/lifecycle/o', 'Landroidx/lifecycle/t0', 'Landroidx/lifecycle/h', 'Lh2/d']
COMPONENT CONCAT > Lcom/indeed/android/jobsearch/auth/c;->a(Lza/j;)V < extends Ljava/lang/Object, implements ['Lza/e']
COMPONENT CONCAT > Lcom/indeed/android/jobsearch/vip/vipInterviewRoom/VipInterviewRoomFragment;->o1(Landroid/view/View;Landroid/os/Bundle;)V < extends Landroidx/fragment/app/Fragment, implements ['Landroid/content/ComponentCallbacks', 'Landroid/view/View$OnCreateContextMenuListener', 'Landroidx/lifecycle/o', 'Landroidx/lifecycle/t0', 'Landroidx/lifecycle/h', 'Lh2/d']
COMPONENT CONCAT > Lcom/indeed/android/jobsearch/fcm/NotificationNextActionReceiver;->onReceive(Landroid/content/Context;Landroid/content/Intent;)V < extends Landroid/content/BroadcastReceiver, implements ['Lgn/a']
COMPONENT CONCAT > Lcom/indeed/android/jobsearch/vip/VipLobbyWebViewFragment;-><init>()V < extends Landroidx/fragment/app/Fragment, implements ['Landroid/content/ComponentCallbacks', 'Landroid/view/View$OnCreateContextMenuListener', 'Landroidx/lifecycle/o', 'Landroidx/lifecycle/t0', 'Landroidx/lifecycle/h', 'Lh2/d']
COMPONENT CONCAT > Lcom/indeed/android/jobsearch/tare/logging/b;->a(Lig/b;)V < extends Ljava/lang/Object, implements ['Lig/c', 'Lgn/a']
COMPONENT CONCAT > Lcom/indeed/android/jobsearch/webview/external/ExternalActivity;->onCreate(Landroid/os/Bundle;)V < extends Landroidx/appcompat/app/c, implements ['Landroidx/appcompat/app/d', 'Landroidx/core/app/c2$a']
COMPONENT CONCAT > Lcom/indeed/android/jobsearch/regpromo/RegPromoFragment$a$a$a;->invoke()V < extends Ljava/lang/Object, implements ['Lek/a', 'Lkotlin/jvm/internal/o', 'Ljava/io/Serializable']
COMPONENT CONCAT > Lcom/indeed/android/jobsearch/regpromo/RegPromoFragment$a$a$d;->invoke()V < extends Ljava/lang/Object, implements ['Lek/a', 'Lkotlin/jvm/internal/o', 'Ljava/io/Serializable']
COMPONENT CONCAT > Lcom/indeed/android/jobsearch/viewjob/e$b$e;->invoke()Ljava/lang/Object; < extends Ljava/lang/Object, implements ['Lek/a', 'Lkotlin/jvm/internal/o', 'Ljava/io/Serializable']
COMPONENT CONCAT > Lcom/indeed/android/jobsearch/passport/g;->Q2()V < extends Landroidx/fragment/app/k, implements ['Landroid/content/DialogInterface$OnCancelListener', 'Landroid/content/DialogInterface$OnDismissListener']
COMPONENT CONCAT > Lcom/indeed/android/jobsearch/webview/fragment/IndeedWebViewFragment$a0;->d(Ljava/lang/Object;)V < extends Ljava/lang/Object, implements ['Landroidx/lifecycle/x']
COMPONENT CONCAT > Lcom/indeed/android/jobsearch/webview/fragment/IndeedWebViewFragment$h$a$a;->a(Landroidx/compose/runtime/k;I)V < extends Ljava/lang/Object, implements ['Lek/p', 'Lkotlin/jvm/internal/o', 'Ljava/io/Serializable']
COMPONENT CONCAT > Lcom/indeed/android/jobsearch/searchoverlay/SearchOverlayFragment$c$a$n;->invoke(Ljava/lang/Object;Ljava/lang/Object;)Ljava/lang/Object; < extends Ljava/lang/Object, implements ['Lek/p', 'Lkotlin/jvm/internal/o', 'Ljava/io/Serializable']
COMPONENT CONCAT > Lcom/indeed/android/jobsearch/bottomnav/fsdv/d;->o1(Landroid/view/View;Landroid/os/Bundle;)V < extends Landroidx/fragment/app/Fragment, implements ['Lgn/a', 'Landroid/content/ComponentCallbacks', 'Landroid/view/View$OnCreateContextMenuListener', 'Landroidx/lifecycle/o', 'Landroidx/lifecycle/t0', 'Landroidx/lifecycle/h', 'Lh2/d']
COMPONENT CONCAT > Lcom/indeed/android/jobsearch/bottomnav/tabs/home/d$b$a;->invoke()V < extends Ljava/lang/Object, implements ['Lek/a', 'Lkotlin/jvm/internal/o', 'Ljava/io/Serializable']
COMPONENT CONCAT > Lcom/indeed/android/jobsearch/webview/fragment/IndeedWebViewFragment$k0;->a(Landroidx/compose/runtime/k;I)V < extends Ljava/lang/Object, implements ['Lek/p', 'Lkotlin/jvm/internal/o', 'Ljava/io/Serializable']
COMPONENT CONCAT > Lcom/indeed/android/jobsearch/myjobs/a;->k1()V < extends Landroidx/fragment/app/Fragment, implements ['Lgn/a', 'Landroid/content/ComponentCallbacks', 'Landroid/view/View$OnCreateContextMenuListener', 'Landroidx/lifecycle/o', 'Landroidx/lifecycle/t0', 'Landroidx/lifecycle/h', 'Lh2/d']
COMPONENT CONCAT > Lcom/indeed/android/jobsearch/vip/vipInterviewRoom/VipInterviewRoomFragment$r$a;->invoke(Ljava/lang/Object;Ljava/lang/Object;)Ljava/lang/Object; < extends Ljava/lang/Object, implements ['Lek/p', 'Lkotlin/jvm/internal/o', 'Ljava/io/Serializable']
COMPONENT CONCAT > Lcom/indeed/android/jobsearch/webview/component/l;->a(Landroid/webkit/WebView;Ljava/lang/String;)V < extends Ljava/lang/Object, implements ['Lcom/indeed/android/jobsearch/webview/modal/h', 'Lcom/indeed/android/jobsearch/webview/modal/g', 'Lgn/a']
COMPONENT CONCAT > Lcom/indeed/android/jobsearch/viewjob/e;->b3(Lcom/indeed/android/jobsearch/viewjob/e;)V < extends Landroidx/appcompat/app/j, implements []
COMPONENT CONCAT > Lcom/indeed/android/jobsearch/bottomnav/IanMainFragment;->b4(Lcom/indeed/android/jobsearch/deeplink/b$j;)V < extends Landroidx/fragment/app/Fragment, implements ['Lcom/indeed/android/jobsearch/bottomnav/web/h', 'Lcom/indeed/android/jobsearch/proctor/f', 'Landroid/content/ComponentCallbacks', 'Landroid/view/View$OnCreateContextMenuListener', 'Landroidx/lifecycle/o', 'Landroidx/lifecycle/t0', 'Landroidx/lifecycle/h', 'Lh2/d']
COMPONENT CONCAT > Lcom/indeed/android/jobsearch/viewjob/e$b;->invoke(Ljava/lang/Object;Ljava/lang/Object;)Ljava/lang/Object; < extends Ljava/lang/Object, implements ['Lek/p', 'Lkotlin/jvm/internal/o', 'Ljava/io/Serializable']
COMPONENT CONCAT > Lcom/indeed/android/jobsearch/webview/indeedapply/IndeedApplyWebviewFragment$p;->invoke(Ljava/lang/Object;Ljava/lang/Object;)Ljava/lang/Object; < extends Ljava/lang/Object, implements ['Lek/p', 'Lkotlin/jvm/internal/o', 'Ljava/io/Serializable']
COMPONENT CONCAT > Lcom/indeed/android/jobsearch/passport/g;->p3()V < extends Landroidx/fragment/app/k, implements ['Landroid/content/DialogInterface$OnCancelListener', 'Landroid/content/DialogInterface$OnDismissListener']
COMPONENT CONCAT > Lcom/indeed/android/jobsearch/bottomnav/IanMainFragment$s$a$c;->a(Landroidx/compose/animation/j;Landroidx/compose/runtime/k;I)V < extends Ljava/lang/Object, implements ['Lek/q', 'Lkotlin/jvm/internal/o', 'Ljava/io/Serializable']
COMPONENT CONCAT > Lcom/indeed/android/jobsearch/webview/indeedapply/IndeedApplyWebviewFragment;->T0(Landroid/view/LayoutInflater;Landroid/view/ViewGroup;Landroid/os/Bundle;)Landroid/view/View; < extends Landroidx/fragment/app/k, implements ['Landroid/content/DialogInterface$OnCancelListener', 'Landroid/content/DialogInterface$OnDismissListener']
COMPONENT CONCAT > Lcom/indeed/android/jobsearch/searchoverlay/SearchOverlayFragment$c$a$h;->invoke()Ljava/lang/Object; < extends Ljava/lang/Object, implements ['Lek/a', 'Lkotlin/jvm/internal/o', 'Ljava/io/Serializable']
COMPONENT CONCAT > Lcom/indeed/android/jobsearch/bottomnav/tabs/myjobs/c$b;->a(Landroidx/compose/runtime/k;I)V < extends Ljava/lang/Object, implements ['Lek/p', 'Lkotlin/jvm/internal/o', 'Ljava/io/Serializable']
COMPONENT CONCAT > Lcom/indeed/android/jobsearch/bottomnav/web/b$p$c;->invoke()V < extends Ljava/lang/Object, implements ['Lek/a', 'Lkotlin/jvm/internal/o', 'Ljava/io/Serializable']
COMPONENT CONCAT > Lcom/indeed/android/jobsearch/nativenav/NativeNavWebViewFragment;->C3()V < extends Landroidx/fragment/app/Fragment, implements ['Lcom/indeed/android/jobsearch/m$a', 'Lcom/indeed/android/jobsearch/proctor/f', 'Lgn/a', 'Landroid/content/ComponentCallbacks', 'Landroid/view/View$OnCreateContextMenuListener', 'Landroidx/lifecycle/o', 'Landroidx/lifecycle/t0', 'Landroidx/lifecycle/h', 'Lh2/d']
COMPONENT CONCAT > Lcom/indeed/android/jobsearch/webview/indeedapply/IndeedApplyWebviewFragment$p$a$a;->a(Landroidx/compose/animation/j;Landroidx/compose/runtime/k;I)V < extends Ljava/lang/Object, implements ['Lek/q', 'Lkotlin/jvm/internal/o', 'Ljava/io/Serializable']
COMPONENT CONCAT > Lcom/indeed/android/jobsearch/bottomnav/IanMainFragment;->V2(Lcom/indeed/android/jobsearch/bottomnav/IanMainFragment;Lcom/indeed/android/jobsearch/util/s0;)V < extends Landroidx/fragment/app/Fragment, implements ['Lcom/indeed/android/jobsearch/bottomnav/web/h', 'Lcom/indeed/android/jobsearch/proctor/f', 'Landroid/content/ComponentCallbacks', 'Landroid/view/View$OnCreateContextMenuListener', 'Landroidx/lifecycle/o', 'Landroidx/lifecycle/t0', 'Landroidx/lifecycle/h', 'Lh2/d']
COMPONENT CONCAT > Lcom/indeed/android/jobsearch/onboarding/h;->T0(Landroid/view/LayoutInflater;Landroid/view/ViewGroup;Landroid/os/Bundle;)Landroid/view/View; < extends Landroidx/appcompat/app/j, implements []
COMPONENT CONCAT > Lcom/indeed/android/jobsearch/nativenav/NativeNavWebViewFragment;->e()V < extends Landroidx/fragment/app/Fragment, implements ['Lcom/indeed/android/jobsearch/m$a', 'Lcom/indeed/android/jobsearch/proctor/f', 'Lgn/a', 'Landroid/content/ComponentCallbacks', 'Landroid/view/View$OnCreateContextMenuListener', 'Landroidx/lifecycle/o', 'Landroidx/lifecycle/t0', 'Landroidx/lifecycle/h', 'Lh2/d']
COMPONENT CONCAT > Lcom/indeed/android/jobsearch/onboarding/b;->a(Ljava/lang/Object;)V < extends Ljava/lang/Object, implements ['Landroidx/activity/result/a']
COMPONENT CONCAT > Lcom/indeed/android/jobsearch/util/d0;->b(Lcom/indeed/android/jobsearch/util/d0;Landroid/content/DialogInterface;I)V < extends Ljava/lang/Object, implements ['Landroid/webkit/DownloadListener', 'Lgn/a']
COMPONENT CONCAT > Lcom/indeed/android/jobsearch/modalsheet/e;->o1(Landroid/view/View;Landroid/os/Bundle;)V < extends Landroidx/appcompat/app/j, implements []
COMPONENT CONCAT > Lcom/indeed/android/jobsearch/webview/fragment/IndeedWebViewFragment$d$a;->invoke(Lkotlinx/coroutines/n0;Lkotlin/coroutines/d;)Ljava/lang/Object; < extends Ljava/lang/Object, implements ['Lek/p', 'Lkotlin/jvm/internal/o', 'Lkotlin/coroutines/d', 'Lkotlin/coroutines/jvm/internal/e', 'Ljava/io/Serializable']
COMPONENT CONCAT > Lcom/indeed/android/jobsearch/searchoverlay/SearchOverlayFragment;->n2(Lcom/indeed/android/jobsearch/searchoverlay/SearchOverlayFragment;Ljava/util/Map;)V < extends Landroidx/fragment/app/Fragment, implements ['Lcom/indeed/android/jobsearch/util/j0', 'Landroid/content/ComponentCallbacks', 'Landroid/view/View$OnCreateContextMenuListener', 'Landroidx/lifecycle/o', 'Landroidx/lifecycle/t0', 'Landroidx/lifecycle/h', 'Lh2/d']
COMPONENT CONCAT > Lcom/indeed/android/jobsearch/searchoverlay/SearchOverlayFragment$c$a$d;->invoke()Ljava/lang/Object; < extends Ljava/lang/Object, implements ['Lek/a', 'Lkotlin/jvm/internal/o', 'Ljava/io/Serializable']
COMPONENT CONCAT > Lcom/indeed/android/jobsearch/passport/g;->T0(Landroid/view/LayoutInflater;Landroid/view/ViewGroup;Landroid/os/Bundle;)Landroid/view/View; < extends Landroidx/fragment/app/k, implements ['Landroid/content/DialogInterface$OnCancelListener', 'Landroid/content/DialogInterface$OnDismissListener']
COMPONENT CONCAT > Lcom/indeed/android/jobsearch/webview/indeedapply/IndeedApplyWebviewFragment;->F3()V < extends Landroidx/fragment/app/k, implements ['Landroid/content/DialogInterface$OnCancelListener', 'Landroid/content/DialogInterface$OnDismissListener']
COMPONENT CONCAT > Lcom/indeed/android/jobsearch/launch/LaunchFragment$e;->invoke(Lkotlinx/coroutines/n0;Lkotlin/coroutines/d;)Ljava/lang/Object; < extends Ljava/lang/Object, implements ['Lek/p', 'Lkotlin/jvm/internal/o', 'Lkotlin/coroutines/d', 'Lkotlin/coroutines/jvm/internal/e', 'Ljava/io/Serializable']
COMPONENT CONCAT > Lcom/indeed/android/jobsearch/searchoverlay/SearchOverlayFragment$c$a$g;->invoke(Ljava/lang/Object;)Ljava/lang/Object; < extends Ljava/lang/Object, implements ['Lek/l', 'Lkotlin/jvm/internal/o', 'Ljava/io/Serializable']
COMPONENT CONCAT > Lcom/indeed/android/jobsearch/bottomnav/tabs/home/d$b;->a(Landroidx/compose/runtime/k;I)V < extends Ljava/lang/Object, implements ['Lek/p', 'Lkotlin/jvm/internal/o', 'Ljava/io/Serializable']
COMPONENT CONCAT > Lcom/indeed/android/jobsearch/regpromo/RegPromoFragment$a$a$e;->invoke()V < extends Ljava/lang/Object, implements ['Lek/a', 'Lkotlin/jvm/internal/o', 'Ljava/io/Serializable']
COMPONENT CONCAT > Lcom/indeed/android/jobsearch/vip/VipSurveyFragment$c$a;->invoke(Ljava/lang/Object;Ljava/lang/Object;)Ljava/lang/Object; < extends Ljava/lang/Object, implements ['Lek/p', 'Lkotlin/jvm/internal/o', 'Ljava/io/Serializable']
COMPONENT CONCAT > Lcom/indeed/android/jobsearch/searchoverlay/SearchOverlayFragment$c$a$c;->invoke()Ljava/lang/Object; < extends Ljava/lang/Object, implements ['Lek/a', 'Lkotlin/jvm/internal/o', 'Ljava/io/Serializable']
COMPONENT CONCAT > Lcom/indeed/android/jobsearch/vip/vipInterviewRoom/VipInterviewRoomFragment$r$a$s;->invoke()Ljava/lang/Object; < extends Ljava/lang/Object, implements ['Lek/a', 'Lkotlin/jvm/internal/o', 'Ljava/io/Serializable']
COMPONENT CONCAT > Lcom/indeed/android/jobsearch/maingraph/g;->u(Landroidx/navigation/p;Landroidx/fragment/app/q;)V < extends Landroidx/lifecycle/m0, implements ['Lgn/a']
COMPONENT CONCAT > Lcom/indeed/android/jobsearch/webview/fragment/IndeedWebViewFragment$t0;->a(Ljava/lang/String;)Ljava/lang/Boolean; < extends Ljava/lang/Object, implements ['Lek/l', 'Lkotlin/jvm/internal/o', 'Ljava/io/Serializable']
COMPONENT CONCAT > Lcom/indeed/android/jobsearch/bottomnav/fsdv/d$r$a$a$d;->invoke()V < extends Ljava/lang/Object, implements ['Lek/a', 'Lkotlin/jvm/internal/o', 'Ljava/io/Serializable']
COMPONENT CONCAT > Lcom/indeed/android/jobsearch/bottomnav/fsdv/d$r$a$a$c;->invoke()V < extends Ljava/lang/Object, implements ['Lek/a', 'Lkotlin/jvm/internal/o', 'Ljava/io/Serializable']
COMPONENT CONCAT > Lcom/indeed/android/jobsearch/vip/vipInterviewRoom/VipInterviewRoomFragment$i;->b()V < extends Landroidx/activity/l, implements []
COMPONENT CONCAT > Lcom/indeed/android/jobsearch/bottomnav/web/b$p$a;->invoke()V < extends Ljava/lang/Object, implements ['Lek/a', 'Lkotlin/jvm/internal/o', 'Ljava/io/Serializable']
COMPONENT CONCAT > Lcom/indeed/android/jobsearch/appratingprompt/a$a;->invoke(Ljava/lang/Object;Ljava/lang/Object;)Ljava/lang/Object; < extends Ljava/lang/Object, implements ['Lek/p', 'Lkotlin/jvm/internal/o', 'Ljava/io/Serializable']
COMPONENT CONCAT > Lcom/indeed/android/jobsearch/bottomnav/IanMainFragment$x$a$c;->a(Landroidx/compose/animation/j;Landroidx/compose/runtime/k;I)V < extends Ljava/lang/Object, implements ['Lek/q', 'Lkotlin/jvm/internal/o', 'Ljava/io/Serializable']
COMPONENT CONCAT > Lcom/indeed/android/jobsearch/bottomnav/fsdv/d;->k3(Lcom/indeed/android/jobsearch/bottomnav/fsdv/d;Z)V < extends Landroidx/fragment/app/Fragment, implements ['Lgn/a', 'Landroid/content/ComponentCallbacks', 'Landroid/view/View$OnCreateContextMenuListener', 'Landroidx/lifecycle/o', 'Landroidx/lifecycle/t0', 'Landroidx/lifecycle/h', 'Lh2/d']
COMPONENT CONCAT > Lcom/indeed/android/jobsearch/vip/VipStagingRoomFragment$r$a$j;->invoke()V < extends Ljava/lang/Object, implements ['Lek/a', 'Lkotlin/jvm/internal/o', 'Ljava/io/Serializable']
COMPONENT CONCAT > Lcom/indeed/android/jobsearch/vip/VipStagingRoomFragment$r$a$i;->a(Lcom/twilio/audioswitch/AudioDevice;)V < extends Ljava/lang/Object, implements ['Lek/l', 'Lkotlin/jvm/internal/o', 'Ljava/io/Serializable']
COMPONENT CONCAT > Lcom/indeed/android/jobsearch/bottomnav/IanMainFragment;->U2(Lcom/indeed/android/jobsearch/bottomnav/IanMainFragment;Lcom/indeed/android/jobsearch/util/s0;)V < extends Landroidx/fragment/app/Fragment, implements ['Lcom/indeed/android/jobsearch/bottomnav/web/h', 'Lcom/indeed/android/jobsearch/proctor/f', 'Landroid/content/ComponentCallbacks', 'Landroid/view/View$OnCreateContextMenuListener', 'Landroidx/lifecycle/o', 'Landroidx/lifecycle/t0', 'Landroidx/lifecycle/h', 'Lh2/d']
COMPONENT CONCAT > Lcom/indeed/android/jobsearch/bottomnav/IanMainFragment;->o()V < extends Landroidx/fragment/app/Fragment, implements ['Lcom/indeed/android/jobsearch/bottomnav/web/h', 'Lcom/indeed/android/jobsearch/proctor/f', 'Landroid/content/ComponentCallbacks', 'Landroid/view/View$OnCreateContextMenuListener', 'Landroidx/lifecycle/o', 'Landroidx/lifecycle/t0', 'Landroidx/lifecycle/h', 'Lh2/d']
COMPONENT CONCAT > Lcom/indeed/android/jobsearch/webview/fragment/IndeedWebViewFragment$l0$c$a;->invoke()Ljava/lang/Object; < extends Ljava/lang/Object, implements ['Lek/a', 'Lkotlin/jvm/internal/o', 'Ljava/io/Serializable']
COMPONENT CONCAT > Lcom/indeed/android/jobsearch/bottomnav/web/b$g;->invoke(Ljava/lang/String;)V < extends Ljava/lang/Object, implements ['Lek/l', 'Lkotlin/jvm/internal/o', 'Ljava/io/Serializable']
COMPONENT CONCAT > Lcom/indeed/android/jobsearch/bottomnav/IanMainFragment$v$a;->a(Landroidx/compose/runtime/k;I)V < extends Ljava/lang/Object, implements ['Lek/p', 'Lkotlin/jvm/internal/o', 'Ljava/io/Serializable']
COMPONENT CONCAT > Lcom/indeed/android/jobsearch/nativenav/a;->A2(Lcom/indeed/android/jobsearch/tare/uiplugin/c;)V < extends Landroidx/fragment/app/Fragment, implements ['Lgn/a', 'Landroid/content/ComponentCallbacks', 'Landroid/view/View$OnCreateContextMenuListener', 'Landroidx/lifecycle/o', 'Landroidx/lifecycle/t0', 'Landroidx/lifecycle/h', 'Lh2/d']
COMPONENT CONCAT > Lcom/indeed/android/jobsearch/myjobs/a;->T0(Landroid/view/LayoutInflater;Landroid/view/ViewGroup;Landroid/os/Bundle;)Landroid/view/View; < extends Landroidx/fragment/app/Fragment, implements ['Lgn/a', 'Landroid/content/ComponentCallbacks', 'Landroid/view/View$OnCreateContextMenuListener', 'Landroidx/lifecycle/o', 'Landroidx/lifecycle/t0', 'Landroidx/lifecycle/h', 'Lh2/d']
COMPONENT CONCAT > Lcom/indeed/android/jobsearch/bottomnav/IanMainFragment$v$a$a;->a(Landroidx/compose/animation/j;Landroidx/compose/runtime/k;I)V < extends Ljava/lang/Object, implements ['Lek/q', 'Lkotlin/jvm/internal/o', 'Ljava/io/Serializable']
COMPONENT CONCAT > Lcom/indeed/android/jobsearch/vip/VipLobbyPhoneNumberWebViewFragment;->M2()V < extends Landroidx/fragment/app/Fragment, implements ['Landroid/content/ComponentCallbacks', 'Landroid/view/View$OnCreateContextMenuListener', 'Landroidx/lifecycle/o', 'Landroidx/lifecycle/t0', 'Landroidx/lifecycle/h', 'Lh2/d']
COMPONENT CONCAT > Lcom/indeed/android/jobsearch/tracking/b$i;->create(Ljava/lang/Object;Lkotlin/coroutines/d;)Lkotlin/coroutines/d; < extends Ljava/lang/Object, implements ['Lek/p', 'Lkotlin/jvm/internal/o', 'Lkotlin/coroutines/d', 'Lkotlin/coroutines/jvm/internal/e', 'Ljava/io/Serializable']
COMPONENT CONCAT > Lcom/indeed/android/jobsearch/viewjob/e;->t3()V < extends Landroidx/appcompat/app/j, implements []
COMPONENT CONCAT > Lcom/indeed/android/jobsearch/regpromo/RegPromoFragment;->w2(Lcom/indeed/android/jobsearch/regpromo/RegPromoFragment;Ljava/lang/String;ZILjava/lang/Object;)V < extends Landroidx/fragment/app/Fragment, implements ['Landroid/content/ComponentCallbacks', 'Landroid/view/View$OnCreateContextMenuListener', 'Landroidx/lifecycle/o', 'Landroidx/lifecycle/t0', 'Landroidx/lifecycle/h', 'Lh2/d']
COMPONENT CONCAT > Lcom/indeed/android/jobsearch/webview/fragment/IndeedWebViewFragment;->g4(Lcom/indeed/android/jobsearch/deeplink/b;)V < extends Landroidx/fragment/app/Fragment, implements ['Lcom/indeed/android/jobsearch/m$a', 'Lcom/indeed/android/jobsearch/proctor/f', 'Landroid/content/ComponentCallbacks', 'Landroid/view/View$OnCreateContextMenuListener', 'Landroidx/lifecycle/o', 'Landroidx/lifecycle/t0', 'Landroidx/lifecycle/h', 'Lh2/d']
COMPONENT CONCAT > Lcom/indeed/android/jobsearch/webview/fragment/IndeedWebViewFragment;->w4(Lcom/indeed/android/jobsearch/webview/fragment/IndeedWebViewFragment;ZILjava/lang/Object;)V < extends Landroidx/fragment/app/Fragment, implements ['Lcom/indeed/android/jobsearch/m$a', 'Lcom/indeed/android/jobsearch/proctor/f', 'Landroid/content/ComponentCallbacks', 'Landroid/view/View$OnCreateContextMenuListener', 'Landroidx/lifecycle/o', 'Landroidx/lifecycle/t0', 'Landroidx/lifecycle/h', 'Lh2/d']
COMPONENT CONCAT > Lcom/indeed/android/jobsearch/webview/indeedapply/IndeedApplyWebviewFragment;->Q2()V < extends Landroidx/fragment/app/k, implements ['Landroid/content/DialogInterface$OnCancelListener', 'Landroid/content/DialogInterface$OnDismissListener']
COMPONENT CONCAT > Lcom/indeed/android/jobsearch/searchoverlay/SearchOverlayFragment$c$a$a;->invoke(Ljava/lang/Object;)Ljava/lang/Object; < extends Ljava/lang/Object, implements ['Lek/l', 'Lkotlin/jvm/internal/o', 'Ljava/io/Serializable']
COMPONENT CONCAT > Lcom/indeed/android/jobsearch/reactnativehost/a$b;->a(Ljava/lang/String;Landroid/app/Activity;Lcom/facebook/react/bridge/Promise;)V < extends Ljava/lang/Object, implements ['Lek/q', 'Lkotlin/jvm/internal/o', 'Ljava/io/Serializable']
COMPONENT CONCAT > Lcom/indeed/android/jobsearch/webview/indeedapply/IndeedApplyWebviewFragment$p$a$f;->invoke()V < extends Ljava/lang/Object, implements ['Lek/a', 'Lkotlin/jvm/internal/o', 'Ljava/io/Serializable']
COMPONENT CONCAT > Lcom/indeed/android/jobsearch/webview/q;->onPageFinished(Landroid/webkit/WebView;Ljava/lang/String;)V < extends Landroid/webkit/WebViewClient, implements ['Lgn/a']
COMPONENT CONCAT > Lcom/indeed/android/jobsearch/bottomnav/fsdv/d$s$a;->invoke()V < extends Ljava/lang/Object, implements ['Lek/a', 'Lkotlin/jvm/internal/o', 'Ljava/io/Serializable']
COMPONENT CONCAT > Lcom/indeed/android/jobsearch/regpromo/RegPromoFragment$a$a$b;->invoke()V < extends Ljava/lang/Object, implements ['Lek/a', 'Lkotlin/jvm/internal/o', 'Ljava/io/Serializable']
COMPONENT CONCAT > Lcom/indeed/android/jobsearch/bottomnav/tabs/messages/c$b;->a(Landroidx/compose/runtime/k;I)V < extends Ljava/lang/Object, implements ['Lek/p', 'Lkotlin/jvm/internal/o', 'Ljava/io/Serializable']
COMPONENT CONCAT > Lcom/indeed/android/jobsearch/vip/VipStagingRoomFragment$r$a$c;->invoke()V < extends Ljava/lang/Object, implements ['Lek/a', 'Lkotlin/jvm/internal/o', 'Ljava/io/Serializable']
COMPONENT CONCAT > Lcom/indeed/android/jobsearch/bottomnav/IanMainFragment;->L3(Lcom/indeed/android/jobsearch/tare/uiplugin/c;)V < extends Landroidx/fragment/app/Fragment, implements ['Lcom/indeed/android/jobsearch/bottomnav/web/h', 'Lcom/indeed/android/jobsearch/proctor/f', 'Landroid/content/ComponentCallbacks', 'Landroid/view/View$OnCreateContextMenuListener', 'Landroidx/lifecycle/o', 'Landroidx/lifecycle/t0', 'Landroidx/lifecycle/h', 'Lh2/d']
COMPONENT CONCAT > Lcom/indeed/android/jobsearch/auth/b;->a(Lza/j;)V < extends Ljava/lang/Object, implements ['Lza/e']
COMPONENT CONCAT > Lcom/indeed/android/jobsearch/bottomnav/tabs/profile/d$b;->a(Landroidx/compose/runtime/k;I)V < extends Ljava/lang/Object, implements ['Lek/p', 'Lkotlin/jvm/internal/o', 'Ljava/io/Serializable']
COMPONENT CONCAT > Lcom/indeed/android/jobsearch/bottomnav/tabs/profile/d$b$b;->invoke()V < extends Ljava/lang/Object, implements ['Lek/a', 'Lkotlin/jvm/internal/o', 'Ljava/io/Serializable']
COMPONENT CONCAT > Lcom/indeed/android/jobsearch/regpromo/RegPromoFragment$a$a$f;->invoke()V < extends Ljava/lang/Object, implements ['Lek/a', 'Lkotlin/jvm/internal/o', 'Ljava/io/Serializable']
COMPONENT CONCAT > Lcom/indeed/android/jobsearch/vip/vipInterviewRoom/VipInterviewRoomFragment$r$a$e;->a(Lcom/twilio/audioswitch/AudioDevice;)V < extends Ljava/lang/Object, implements ['Lek/l', 'Lkotlin/jvm/internal/o', 'Ljava/io/Serializable']
COMPONENT CONCAT > Lcom/indeed/android/jobsearch/webview/fragment/IndeedWebViewFragment$n0$a;->a(Landroidx/compose/animation/j;Landroidx/compose/runtime/k;I)V < extends Ljava/lang/Object, implements ['Lek/q', 'Lkotlin/jvm/internal/o', 'Ljava/io/Serializable']
COMPONENT CONCAT > Lcom/indeed/android/jobsearch/bottomnav/fsdv/d$r$a$a$a;->a(Landroidx/compose/animation/j;Landroidx/compose/runtime/k;I)V < extends Ljava/lang/Object, implements ['Lek/q', 'Lkotlin/jvm/internal/o', 'Ljava/io/Serializable']
COMPONENT CONCAT > Lcom/indeed/android/jobsearch/bottomnav/IanMainFragment;->X2(Lcom/indeed/android/jobsearch/bottomnav/IanMainFragment;)V < extends Landroidx/fragment/app/Fragment, implements ['Lcom/indeed/android/jobsearch/bottomnav/web/h', 'Lcom/indeed/android/jobsearch/proctor/f', 'Landroid/content/ComponentCallbacks', 'Landroid/view/View$OnCreateContextMenuListener', 'Landroidx/lifecycle/o', 'Landroidx/lifecycle/t0', 'Landroidx/lifecycle/h', 'Lh2/d']
COMPONENT CONCAT > Lcom/indeed/android/jobsearch/regpromo/RegPromoFragment;->T0(Landroid/view/LayoutInflater;Landroid/view/ViewGroup;Landroid/os/Bundle;)Landroid/view/View; < extends Landroidx/fragment/app/Fragment, implements ['Landroid/content/ComponentCallbacks', 'Landroid/view/View$OnCreateContextMenuListener', 'Landroidx/lifecycle/o', 'Landroidx/lifecycle/t0', 'Landroidx/lifecycle/h', 'Lh2/d']
COMPONENT CONCAT > Lcom/indeed/android/jobsearch/webview/fragment/IndeedWebViewFragment;->l3(Lcom/indeed/android/jobsearch/webview/fragment/IndeedWebViewFragment;)V < extends Landroidx/fragment/app/Fragment, implements ['Lcom/indeed/android/jobsearch/m$a', 'Lcom/indeed/android/jobsearch/proctor/f', 'Landroid/content/ComponentCallbacks', 'Landroid/view/View$OnCreateContextMenuListener', 'Landroidx/lifecycle/o', 'Landroidx/lifecycle/t0', 'Landroidx/lifecycle/h', 'Lh2/d']
COMPONENT CONCAT > Lcom/indeed/android/jobsearch/webview/indeedapply/IndeedApplyWebviewFragment$p$a$d;->invoke()Ljava/lang/Object; < extends Ljava/lang/Object, implements ['Lek/a', 'Lkotlin/jvm/internal/o', 'Ljava/io/Serializable']
COMPONENT CONCAT > Lcom/indeed/android/jobsearch/vip/VipLobbyPhoneNumberWebViewFragment;->K2()V < extends Landroidx/fragment/app/Fragment, implements ['Landroid/content/ComponentCallbacks', 'Landroid/view/View$OnCreateContextMenuListener', 'Landroidx/lifecycle/o', 'Landroidx/lifecycle/t0', 'Landroidx/lifecycle/h', 'Lh2/d']
COMPONENT CONCAT > Lcom/indeed/android/jobsearch/bottomnav/IanMainFragment$f;->invoke()V < extends Ljava/lang/Object, implements ['Lek/a', 'Lkotlin/jvm/internal/o', 'Ljava/io/Serializable']
COMPONENT CONCAT > Lcom/indeed/android/jobsearch/bottomnav/IanMainFragment$h;->invoke(Ljava/lang/String;)V < extends Ljava/lang/Object, implements ['Lek/l', 'Lkotlin/jvm/internal/o', 'Ljava/io/Serializable']
COMPONENT CONCAT > Lcom/indeed/android/jobsearch/searchoverlay/SearchOverlayFragment$c$a$k;->invoke()Ljava/lang/Object; < extends Ljava/lang/Object, implements ['Lek/a', 'Lkotlin/jvm/internal/o', 'Ljava/io/Serializable']
COMPONENT CONCAT > Lcom/indeed/android/jobsearch/vip/vipInterviewRoom/VipInterviewRoomFragment;->k1()V < extends Landroidx/fragment/app/Fragment, implements ['Landroid/content/ComponentCallbacks', 'Landroid/view/View$OnCreateContextMenuListener', 'Landroidx/lifecycle/o', 'Landroidx/lifecycle/t0', 'Landroidx/lifecycle/h', 'Lh2/d']
COMPONENT CONCAT > Lcom/indeed/android/jobsearch/myjobs/a;->k3(Ljava/lang/String;)V < extends Landroidx/fragment/app/Fragment, implements ['Lgn/a', 'Landroid/content/ComponentCallbacks', 'Landroid/view/View$OnCreateContextMenuListener', 'Landroidx/lifecycle/o', 'Landroidx/lifecycle/t0', 'Landroidx/lifecycle/h', 'Lh2/d']
COMPONENT CONCAT > Lcom/indeed/android/jobsearch/maingraph/g;->v(Landroidx/navigation/p;)V < extends Landroidx/lifecycle/m0, implements ['Lgn/a']
COMPONENT CONCAT > Lcom/indeed/android/jobsearch/bottomnav/IanMainFragment$b;->invoke(Ljava/lang/String;)V < extends Ljava/lang/Object, implements ['Lek/l', 'Lkotlin/jvm/internal/o', 'Ljava/io/Serializable']
COMPONENT CONCAT > Lcom/indeed/android/jobsearch/nativenav/a$b$a$b;->invoke(Ljava/lang/Object;)Ljava/lang/Object; < extends Ljava/lang/Object, implements ['Lek/l', 'Lkotlin/jvm/internal/o', 'Ljava/io/Serializable']
COMPONENT CONCAT > Lcom/indeed/android/jobsearch/bottomnav/IanMainFragment$j$a$a$a;->invokeSuspend(Ljava/lang/Object;)Ljava/lang/Object; < extends Ljava/lang/Object, implements ['Lek/p', 'Lkotlin/jvm/internal/o', 'Lkotlin/coroutines/d', 'Lkotlin/coroutines/jvm/internal/e', 'Ljava/io/Serializable']
COMPONENT CONCAT > Lcom/indeed/android/jobsearch/vip/VipStagingRoomFragment$r$a$g;->a(Z)V < extends Ljava/lang/Object, implements ['Lek/l', 'Lkotlin/jvm/internal/o', 'Ljava/io/Serializable']
COMPONENT CONCAT > Lcom/indeed/android/jobsearch/bottomnav/fsdv/d$q;->b()V < extends Landroidx/activity/l, implements []
COMPONENT CONCAT > Lcom/indeed/android/jobsearch/tare/debug/TareDebugFragment$a$a$a;->invoke()V < extends Ljava/lang/Object, implements ['Lek/a', 'Lkotlin/jvm/internal/o', 'Ljava/io/Serializable']
COMPONENT CONCAT > Lcom/indeed/android/jobsearch/regpromo/RegPromoFragment$a$a$c;->invoke()V < extends Ljava/lang/Object, implements ['Lek/a', 'Lkotlin/jvm/internal/o', 'Ljava/io/Serializable']
COMPONENT CONCAT > Lcom/indeed/android/jobsearch/viewjob/e;->o1(Landroid/view/View;Landroid/os/Bundle;)V < extends Landroidx/appcompat/app/j, implements []
COMPONENT CONCAT > Lcom/indeed/android/jobsearch/vip/h0;->a(Ljava/lang/Object;)V < extends Ljava/lang/Object, implements ['Landroidx/activity/result/a']
COMPONENT CONCAT > Lcom/indeed/android/jobsearch/vip/VipLobbyWebViewFragment;->J2(Lcom/indeed/android/jobsearch/vip/VipLobbyWebViewFragment;)V < extends Landroidx/fragment/app/Fragment, implements ['Landroid/content/ComponentCallbacks', 'Landroid/view/View$OnCreateContextMenuListener', 'Landroidx/lifecycle/o', 'Landroidx/lifecycle/t0', 'Landroidx/lifecycle/h', 'Lh2/d']
COMPONENT CONCAT > Lcom/indeed/android/jobsearch/locationselector/LocationSelectorFragment$a$a;->a(Landroidx/compose/runtime/k;I)V < extends Ljava/lang/Object, implements ['Lek/p', 'Lkotlin/jvm/internal/o', 'Ljava/io/Serializable']
COMPONENT CONCAT > Lcom/indeed/android/jobsearch/regpromo/RegPromoFragment$a$a$g;->invoke()V < extends Ljava/lang/Object, implements ['Lek/a', 'Lkotlin/jvm/internal/o', 'Ljava/io/Serializable']
COMPONENT CONCAT > Lcom/indeed/android/jobsearch/maingraph/g$g;->invokeSuspend(Ljava/lang/Object;)Ljava/lang/Object; < extends Ljava/lang/Object, implements ['Lek/p', 'Lkotlin/jvm/internal/o', 'Lkotlin/coroutines/d', 'Lkotlin/coroutines/jvm/internal/e', 'Ljava/io/Serializable']
COMPONENT CONCAT > Lcom/indeed/android/jobsearch/bottomnav/fsdv/d$r$a$a$b;->invoke()V < extends Ljava/lang/Object, implements ['Lek/a', 'Lkotlin/jvm/internal/o', 'Ljava/io/Serializable']
COMPONENT CONCAT > Lcom/indeed/android/jobsearch/bottomnav/notifications/d$a;->a(Landroidx/compose/runtime/k;I)V < extends Ljava/lang/Object, implements ['Lek/p', 'Lkotlin/jvm/internal/o', 'Ljava/io/Serializable']
COMPONENT CONCAT > Lcom/indeed/android/jobsearch/vip/vipInterviewRoom/VipInterviewRoomFragment$r$a$l;->invoke(Ljava/lang/Object;)Ljava/lang/Object; < extends Ljava/lang/Object, implements ['Lek/l', 'Lkotlin/jvm/internal/o', 'Ljava/io/Serializable']
COMPONENT CONCAT > Lcom/indeed/android/jobsearch/LaunchActivity;->C1()V < extends Landroidx/appcompat/app/c, implements ['Lcom/facebook/react/modules/core/b', 'Landroidx/appcompat/app/d', 'Landroidx/core/app/c2$a']
COMPONENT CONCAT > Lcom/indeed/android/jobsearch/vip/j0;->onClick(Landroid/content/DialogInterface;I)V < extends Ljava/lang/Object, implements ['Landroid/content/DialogInterface$OnClickListener']
COMPONENT CONCAT > Lcom/indeed/android/jobsearch/fcm/c$g;->invokeSuspend(Ljava/lang/Object;)Ljava/lang/Object; < extends Ljava/lang/Object, implements ['Lek/p', 'Lkotlin/jvm/internal/o', 'Lkotlin/coroutines/d', 'Lkotlin/coroutines/jvm/internal/e', 'Ljava/io/Serializable']
COMPONENT CONCAT > Lcom/indeed/android/jobsearch/webview/fragment/IndeedWebViewFragment;->z()V < extends Landroidx/fragment/app/Fragment, implements ['Lcom/indeed/android/jobsearch/m$a', 'Lcom/indeed/android/jobsearch/proctor/f', 'Landroid/content/ComponentCallbacks', 'Landroid/view/View$OnCreateContextMenuListener', 'Landroidx/lifecycle/o', 'Landroidx/lifecycle/t0', 'Landroidx/lifecycle/h', 'Lh2/d']
COMPONENT CONCAT > Lcom/indeed/android/jobsearch/nativenav/NativeNavWebViewFragment$a$a;->invoke(Lkotlinx/coroutines/n0;Lkotlin/coroutines/d;)Ljava/lang/Object; < extends Ljava/lang/Object, implements ['Lek/p', 'Lkotlin/jvm/internal/o', 'Lkotlin/coroutines/d', 'Lkotlin/coroutines/jvm/internal/e', 'Ljava/io/Serializable']
COMPONENT CONCAT > Lcom/indeed/android/jobsearch/onboarding/h;->O2(Lcom/indeed/android/jobsearch/onboarding/h;Ljava/lang/String;)V < extends Landroidx/appcompat/app/j, implements []
COMPONENT CONCAT > Lcom/indeed/android/jobsearch/vip/VipLobbyWebViewFragment$m$a$e;->invoke()V < extends Ljava/lang/Object, implements ['Lek/a', 'Lkotlin/jvm/internal/o', 'Ljava/io/Serializable']
COMPONENT CONCAT > Lcom/indeed/android/jobsearch/locationselector/LocationSelectorFragment$a$a$a;->invoke()V < extends Ljava/lang/Object, implements ['Lek/a', 'Lkotlin/jvm/internal/o', 'Ljava/io/Serializable']
COMPONENT CONCAT > Lcom/indeed/android/jobsearch/bottomnav/IanMainFragment$i;->a(Ljava/lang/String;Z)V < extends Ljava/lang/Object, implements ['Lek/p', 'Lkotlin/jvm/internal/o', 'Ljava/io/Serializable']
COMPONENT CONCAT > Lcom/indeed/android/jobsearch/bottomnav/web/b;->o1(Landroid/view/View;Landroid/os/Bundle;)V < extends Landroidx/fragment/app/Fragment, implements ['Lgn/a', 'Landroid/content/ComponentCallbacks', 'Landroid/view/View$OnCreateContextMenuListener', 'Landroidx/lifecycle/o', 'Landroidx/lifecycle/t0', 'Landroidx/lifecycle/h', 'Lh2/d']
COMPONENT CONCAT > Lcom/indeed/android/jobsearch/countryselector/c$b;->a(Landroidx/compose/runtime/k;I)V < extends Ljava/lang/Object, implements ['Lek/p', 'Lkotlin/jvm/internal/o', 'Ljava/io/Serializable']
COMPONENT CONCAT > Lcom/indeed/android/jobsearch/bottomnav/web/f;->H2(Z)V < extends Landroidx/fragment/app/Fragment, implements ['Lgn/a', 'Landroid/content/ComponentCallbacks', 'Landroid/view/View$OnCreateContextMenuListener', 'Landroidx/lifecycle/o', 'Landroidx/lifecycle/t0', 'Landroidx/lifecycle/h', 'Lh2/d']
COMPONENT CONCAT > Lcom/indeed/android/jobsearch/webview/q;->shouldOverrideUrlLoading(Landroid/webkit/WebView;Landroid/webkit/WebResourceRequest;)Z < extends Landroid/webkit/WebViewClient, implements ['Lgn/a']
COMPONENT CONCAT > Lcom/indeed/android/jobsearch/searchoverlay/SearchOverlayFragment$c$a$i;->invoke()Ljava/lang/Object; < extends Ljava/lang/Object, implements ['Lek/a', 'Lkotlin/jvm/internal/o', 'Ljava/io/Serializable']
COMPONENT CONCAT > Lcom/indeed/android/jobsearch/bottomnav/fsdv/d$r$a$a;->a(Landroidx/compose/runtime/k;I)V < extends Ljava/lang/Object, implements ['Lek/p', 'Lkotlin/jvm/internal/o', 'Ljava/io/Serializable']
COMPONENT CONCAT > Lcom/indeed/android/jobsearch/fcm/IndeedFirebaseMessagingService$b;->invokeSuspend(Ljava/lang/Object;)Ljava/lang/Object; < extends Ljava/lang/Object, implements ['Lek/p', 'Lkotlin/jvm/internal/o', 'Lkotlin/coroutines/d', 'Lkotlin/coroutines/jvm/internal/e', 'Ljava/io/Serializable']
COMPONENT CONCAT > Lcom/indeed/android/jobsearch/vip/VipLobbyWebViewFragment;->f3()V < extends Landroidx/fragment/app/Fragment, implements ['Landroid/content/ComponentCallbacks', 'Landroid/view/View$OnCreateContextMenuListener', 'Landroidx/lifecycle/o', 'Landroidx/lifecycle/t0', 'Landroidx/lifecycle/h', 'Lh2/d']
COMPONENT CONCAT > Lcom/indeed/android/jobsearch/passport/g$p$a$c;->invoke()Ljava/lang/Object; < extends Ljava/lang/Object, implements ['Lek/a', 'Lkotlin/jvm/internal/o', 'Ljava/io/Serializable']
COMPONENT CONCAT > Lcom/indeed/android/jobsearch/vip/VipStagingRoomFragment$r$a$h;->a(Z)V < extends Ljava/lang/Object, implements ['Lek/l', 'Lkotlin/jvm/internal/o', 'Ljava/io/Serializable']
COMPONENT CONCAT > Lcom/indeed/android/jobsearch/webview/b;->a(Lcom/indeed/android/jobsearch/LaunchActivity;Landroid/webkit/WebView;Lek/l;Lek/l;)Lcom/indeed/android/jsmappservices/bridge/BridgeDispatcher; < extends Ljava/lang/Object, implements []
COMPONENT CONCAT > Lcom/indeed/android/jobsearch/bottomnav/IanMainFragment$z$a$a;->a(Landroidx/compose/animation/j;Landroidx/compose/runtime/k;I)V < extends Ljava/lang/Object, implements ['Lek/q', 'Lkotlin/jvm/internal/o', 'Ljava/io/Serializable']
COMPONENT CONCAT > Lcom/indeed/android/jobsearch/nativenav/NativeNavWebViewFragment$n0$a;->a(Landroidx/compose/animation/j;Landroidx/compose/runtime/k;I)V < extends Ljava/lang/Object, implements ['Lek/q', 'Lkotlin/jvm/internal/o', 'Ljava/io/Serializable']
COMPONENT CONCAT > Lcom/indeed/android/jobsearch/vip/vipInterviewRoom/VipInterviewRoomFragment;->p4()V < extends Landroidx/fragment/app/Fragment, implements ['Landroid/content/ComponentCallbacks', 'Landroid/view/View$OnCreateContextMenuListener', 'Landroidx/lifecycle/o', 'Landroidx/lifecycle/t0', 'Landroidx/lifecycle/h', 'Lh2/d']
COMPONENT CONCAT > Lcom/indeed/android/jobsearch/bottomnav/IanMainFragment;->T2(Lcom/indeed/android/jobsearch/bottomnav/IanMainFragment;)V < extends Landroidx/fragment/app/Fragment, implements ['Lcom/indeed/android/jobsearch/bottomnav/web/h', 'Lcom/indeed/android/jobsearch/proctor/f', 'Landroid/content/ComponentCallbacks', 'Landroid/view/View$OnCreateContextMenuListener', 'Landroidx/lifecycle/o', 'Landroidx/lifecycle/t0', 'Landroidx/lifecycle/h', 'Lh2/d']
COMPONENT CONCAT > Lcom/indeed/android/jobsearch/bottomnav/IanMainFragment;->S2(Lcom/indeed/android/jobsearch/bottomnav/IanMainFragment;)V < extends Landroidx/fragment/app/Fragment, implements ['Lcom/indeed/android/jobsearch/bottomnav/web/h', 'Lcom/indeed/android/jobsearch/proctor/f', 'Landroid/content/ComponentCallbacks', 'Landroid/view/View$OnCreateContextMenuListener', 'Landroidx/lifecycle/o', 'Landroidx/lifecycle/t0', 'Landroidx/lifecycle/h', 'Lh2/d']
COMPONENT CONCAT > Lcom/indeed/android/jobsearch/bottomnav/IanMainFragment$d;->invoke()V < extends Ljava/lang/Object, implements ['Lek/a', 'Lkotlin/jvm/internal/o', 'Ljava/io/Serializable']
COMPONENT CONCAT > Lcom/indeed/android/jobsearch/searchoverlay/SearchOverlayFragment$c$a$o;->invoke(Ljava/lang/Object;)Ljava/lang/Object; < extends Ljava/lang/Object, implements ['Lek/l', 'Lkotlin/jvm/internal/o', 'Ljava/io/Serializable']
COMPONENT CONCAT > Lcom/indeed/android/jobsearch/bottomnav/fsdv/d$p$a$a;->a(Landroidx/compose/animation/j;Landroidx/compose/runtime/k;I)V < extends Ljava/lang/Object, implements ['Lek/q', 'Lkotlin/jvm/internal/o', 'Ljava/io/Serializable']
COMPONENT CONCAT > Lcom/indeed/android/jobsearch/bottomnav/web/b$j;->invoke()V < extends Ljava/lang/Object, implements ['Lek/a', 'Lkotlin/jvm/internal/o', 'Ljava/io/Serializable']
COMPONENT CONCAT > Lcom/indeed/android/jobsearch/webview/fragment/IndeedWebViewFragment;->o()V < extends Landroidx/fragment/app/Fragment, implements ['Lcom/indeed/android/jobsearch/m$a', 'Lcom/indeed/android/jobsearch/proctor/f', 'Landroid/content/ComponentCallbacks', 'Landroid/view/View$OnCreateContextMenuListener', 'Landroidx/lifecycle/o', 'Landroidx/lifecycle/t0', 'Landroidx/lifecycle/h', 'Lh2/d']
COMPONENT CONCAT > Lcom/indeed/android/jobsearch/m;-><init>(Landroidx/appcompat/app/a;Lse/j;Lcom/indeed/android/jobsearch/m$a;)V < extends Ljava/lang/Object, implements ['Lgn/a']
COMPONENT CONCAT > Lcom/indeed/android/jobsearch/nativenav/NativeNavWebViewFragment;->B3()V < extends Landroidx/fragment/app/Fragment, implements ['Lcom/indeed/android/jobsearch/m$a', 'Lcom/indeed/android/jobsearch/proctor/f', 'Lgn/a', 'Landroid/content/ComponentCallbacks', 'Landroid/view/View$OnCreateContextMenuListener', 'Landroidx/lifecycle/o', 'Landroidx/lifecycle/t0', 'Landroidx/lifecycle/h', 'Lh2/d']
COMPONENT CONCAT > Lcom/indeed/android/jobsearch/nativenav/NativeNavWebViewFragment$d$a;->invoke(Ljava/lang/Object;Ljava/lang/Object;)Ljava/lang/Object; < extends Ljava/lang/Object, implements ['Lek/p', 'Lkotlin/jvm/internal/o', 'Lkotlin/coroutines/d', 'Lkotlin/coroutines/jvm/internal/e', 'Ljava/io/Serializable']
COMPONENT CONCAT > Lcom/indeed/android/jobsearch/webview/fragment/IndeedWebViewFragment;->n3(Lcom/indeed/android/jobsearch/webview/fragment/IndeedWebViewFragment;Lcom/indeed/android/jobsearch/util/s0;)V < extends Landroidx/fragment/app/Fragment, implements ['Lcom/indeed/android/jobsearch/m$a', 'Lcom/indeed/android/jobsearch/proctor/f', 'Landroid/content/ComponentCallbacks', 'Landroid/view/View$OnCreateContextMenuListener', 'Landroidx/lifecycle/o', 'Landroidx/lifecycle/t0', 'Landroidx/lifecycle/h', 'Lh2/d']
COMPONENT CONCAT > Lcom/indeed/android/jobsearch/searchoverlay/SearchOverlayFragment$c$a$l;->invoke()Ljava/lang/Object; < extends Ljava/lang/Object, implements ['Lek/a', 'Lkotlin/jvm/internal/o', 'Ljava/io/Serializable']
COMPONENT CONCAT > Lcom/indeed/android/jobsearch/vip/VipLobbyPhoneNumberWebViewFragment$h$a;->a(Landroidx/compose/runtime/k;I)V < extends Ljava/lang/Object, implements ['Lek/p', 'Lkotlin/jvm/internal/o', 'Ljava/io/Serializable']
COMPONENT CONCAT > Lcom/indeed/android/jobsearch/passport/a$n;->invokeSuspend(Ljava/lang/Object;)Ljava/lang/Object; < extends Ljava/lang/Object, implements ['Lek/p', 'Lkotlin/jvm/internal/o', 'Lkotlin/coroutines/d', 'Lkotlin/coroutines/jvm/internal/e', 'Ljava/io/Serializable']
COMPONENT CONCAT > Lcom/indeed/android/jobsearch/onboarding/OnboardingFragment$i$e;->invoke()V < extends Ljava/lang/Object, implements ['Lek/a', 'Lkotlin/jvm/internal/o', 'Ljava/io/Serializable']
COMPONENT CONCAT > Lcom/indeed/android/jobsearch/searchoverlay/SearchOverlayFragment$c$a$f;->invoke(Ljava/lang/Object;)Ljava/lang/Object; < extends Ljava/lang/Object, implements ['Lek/l', 'Lkotlin/jvm/internal/o', 'Ljava/io/Serializable']
COMPONENT CONCAT > Lcom/indeed/android/jobsearch/webview/indeedapply/IndeedApplyWebviewFragment$p$a$h$b;->invoke()Ljava/lang/Object; < extends Ljava/lang/Object, implements ['Lek/a', 'Lkotlin/jvm/internal/o', 'Ljava/io/Serializable']
COMPONENT CONCAT > Lcom/indeed/android/jobsearch/vip/VipStagingRoomFragment;->V2()V < extends Landroidx/fragment/app/Fragment, implements ['Landroid/content/ComponentCallbacks', 'Landroid/view/View$OnCreateContextMenuListener', 'Landroidx/lifecycle/o', 'Landroidx/lifecycle/t0', 'Landroidx/lifecycle/h', 'Lh2/d']
COMPONENT CONCAT > Lcom/indeed/android/jobsearch/nativenav/NativeNavWebViewFragment$i0;->a(Ljava/lang/String;)Ljava/lang/Boolean; < extends Ljava/lang/Object, implements ['Lek/l', 'Lkotlin/jvm/internal/o', 'Ljava/io/Serializable']
COMPONENT CONCAT > Lcom/indeed/android/jobsearch/LaunchActivity;->s1(Lcom/indeed/android/jobsearch/LaunchActivity;ZILjava/lang/Object;)V < extends Landroidx/appcompat/app/c, implements ['Lcom/facebook/react/modules/core/b', 'Landroidx/appcompat/app/d', 'Landroidx/core/app/c2$a']
COMPONENT CONCAT > Lcom/indeed/android/jobsearch/passport/g$p$a$a;->invoke()Ljava/lang/Object; < extends Ljava/lang/Object, implements ['Lek/a', 'Lkotlin/jvm/internal/o', 'Ljava/io/Serializable']
COMPONENT CONCAT > Lcom/indeed/android/jobsearch/nativenav/NativeNavWebViewFragment;->E3(Lcom/indeed/android/jobsearch/nativenav/NativeNavWebViewFragment;ZILjava/lang/Object;)V < extends Landroidx/fragment/app/Fragment, implements ['Lcom/indeed/android/jobsearch/m$a', 'Lcom/indeed/android/jobsearch/proctor/f', 'Lgn/a', 'Landroid/content/ComponentCallbacks', 'Landroid/view/View$OnCreateContextMenuListener', 'Landroidx/lifecycle/o', 'Landroidx/lifecycle/t0', 'Landroidx/lifecycle/h', 'Lh2/d']
COMPONENT CONCAT > Lcom/indeed/android/jobsearch/vip/VipLobbyPhoneNumberWebViewFragment$h$a$b;->invoke()Ljava/lang/Object; < extends Ljava/lang/Object, implements ['Lek/a', 'Lkotlin/jvm/internal/o', 'Ljava/io/Serializable']
COMPONENT CONCAT > Lcom/indeed/android/jobsearch/webview/fragment/IndeedWebViewFragment$x0;->invoke(Ljava/lang/String;)V < extends Ljava/lang/Object, implements ['Lek/l', 'Lkotlin/jvm/internal/o', 'Ljava/io/Serializable']
COMPONENT CONCAT > Lcom/indeed/android/jobsearch/vip/VipStagingRoomFragment$r$a$f;->invoke()V < extends Ljava/lang/Object, implements ['Lek/a', 'Lkotlin/jvm/internal/o', 'Ljava/io/Serializable']
COMPONENT CONCAT > Lcom/indeed/android/jobsearch/vip/VipStagingRoomFragment$r$a$d;->invoke()V < extends Ljava/lang/Object, implements ['Lek/a', 'Lkotlin/jvm/internal/o', 'Ljava/io/Serializable']
COMPONENT CONCAT > Lcom/indeed/android/jobsearch/passport/g;->a3(Lcom/indeed/android/jobsearch/passport/g;)V < extends Landroidx/fragment/app/k, implements ['Landroid/content/DialogInterface$OnCancelListener', 'Landroid/content/DialogInterface$OnDismissListener']
COMPONENT CONCAT > Lcom/indeed/android/jobsearch/viewjob/h;->d(Lcom/indeed/android/jobsearch/viewjob/h;Ljava/lang/String;Landroidx/fragment/app/FragmentManager;ZILjava/lang/Object;)V < extends Ljava/lang/Object, implements []
COMPONENT CONCAT > Lcom/indeed/android/jobsearch/webview/fragment/IndeedWebViewFragment;->o3(Lcom/indeed/android/jobsearch/webview/fragment/IndeedWebViewFragment;Lcom/indeed/android/jobsearch/util/s0;)V < extends Landroidx/fragment/app/Fragment, implements ['Lcom/indeed/android/jobsearch/m$a', 'Lcom/indeed/android/jobsearch/proctor/f', 'Landroid/content/ComponentCallbacks', 'Landroid/view/View$OnCreateContextMenuListener', 'Landroidx/lifecycle/o', 'Landroidx/lifecycle/t0', 'Landroidx/lifecycle/h', 'Lh2/d']
COMPONENT CONCAT > Lcom/indeed/android/jobsearch/t;->a(Ljava/lang/Object;)V < extends Ljava/lang/Object, implements ['Landroidx/activity/result/a']
COMPONENT CONCAT > Lcom/indeed/android/jobsearch/bottomnav/IanMainFragment;->o4(Landroid/os/Bundle;)V < extends Landroidx/fragment/app/Fragment, implements ['Lcom/indeed/android/jobsearch/bottomnav/web/h', 'Lcom/indeed/android/jobsearch/proctor/f', 'Landroid/content/ComponentCallbacks', 'Landroid/view/View$OnCreateContextMenuListener', 'Landroidx/lifecycle/o', 'Landroidx/lifecycle/t0', 'Landroidx/lifecycle/h', 'Lh2/d']
COMPONENT CONCAT > Lcom/indeed/android/jobsearch/languageselector/LanguageSelectorFragment$a$a$a;->invoke()Ljava/lang/Object; < extends Ljava/lang/Object, implements ['Lek/a', 'Lkotlin/jvm/internal/o', 'Ljava/io/Serializable']
COMPONENT CONCAT > Lcom/indeed/android/jobsearch/webview/fragment/IndeedWebViewFragment$e1$a;->invoke()V < extends Ljava/lang/Object, implements ['Lek/a', 'Lkotlin/jvm/internal/o', 'Ljava/io/Serializable']
COMPONENT CONCAT > Lcom/indeed/android/jobsearch/webview/indeedapply/IndeedApplyWebviewFragment$t;->invoke(Ljava/lang/Object;)Ljava/lang/Object; < extends Ljava/lang/Object, implements ['Lek/l', 'Lkotlin/jvm/internal/o', 'Ljava/io/Serializable']
COMPONENT CONCAT > Lcom/indeed/android/jobsearch/bottomnav/IanMainFragment$x$a$c$d$a;->a(Lcom/indeed/android/jobsearch/tare/uiplugin/c;)V < extends Ljava/lang/Object, implements ['Lek/l', 'Lkotlin/jvm/internal/o', 'Ljava/io/Serializable']
COMPONENT CONCAT > Lcom/indeed/android/jobsearch/LaunchActivity;->onCreate(Landroid/os/Bundle;)V < extends Landroidx/appcompat/app/c, implements ['Lcom/facebook/react/modules/core/b', 'Landroidx/appcompat/app/d', 'Landroidx/core/app/c2$a']
COMPONENT CONCAT > Lcom/indeed/android/jobsearch/nativenav/NativeNavWebViewFragment;->o()V < extends Landroidx/fragment/app/Fragment, implements ['Lcom/indeed/android/jobsearch/m$a', 'Lcom/indeed/android/jobsearch/proctor/f', 'Lgn/a', 'Landroid/content/ComponentCallbacks', 'Landroid/view/View$OnCreateContextMenuListener', 'Landroidx/lifecycle/o', 'Landroidx/lifecycle/t0', 'Landroidx/lifecycle/h', 'Lh2/d']
COMPONENT CONCAT > Lcom/indeed/android/jobsearch/webview/indeedapply/IndeedApplyWebviewFragment$p$a$e;->invoke()V < extends Ljava/lang/Object, implements ['Lek/a', 'Lkotlin/jvm/internal/o', 'Ljava/io/Serializable']
COMPONENT CONCAT > Lcom/indeed/android/jobsearch/vip/VipStagingRoomFragment;->k1()V < extends Landroidx/fragment/app/Fragment, implements ['Landroid/content/ComponentCallbacks', 'Landroid/view/View$OnCreateContextMenuListener', 'Landroidx/lifecycle/o', 'Landroidx/lifecycle/t0', 'Landroidx/lifecycle/h', 'Lh2/d']
COMPONENT CONCAT > Lcom/indeed/android/jobsearch/vip/vipInterviewRoom/VipInterviewRoomFragment;->m4()V < extends Landroidx/fragment/app/Fragment, implements ['Landroid/content/ComponentCallbacks', 'Landroid/view/View$OnCreateContextMenuListener', 'Landroidx/lifecycle/o', 'Landroidx/lifecycle/t0', 'Landroidx/lifecycle/h', 'Lh2/d']
COMPONENT CONCAT > Lcom/indeed/android/jobsearch/searchoverlay/SearchOverlayFragment;-><init>()V < extends Landroidx/fragment/app/Fragment, implements ['Lcom/indeed/android/jobsearch/util/j0', 'Landroid/content/ComponentCallbacks', 'Landroid/view/View$OnCreateContextMenuListener', 'Landroidx/lifecycle/o', 'Landroidx/lifecycle/t0', 'Landroidx/lifecycle/h', 'Lh2/d']
COMPONENT CONCAT > Lcom/indeed/android/jobsearch/bottomnav/IanMainFragment$z$a$a$b;->invoke(Ljava/lang/String;)V < extends Ljava/lang/Object, implements ['Lek/l', 'Lkotlin/jvm/internal/o', 'Ljava/io/Serializable']
COMPONENT CONCAT > Lcom/indeed/android/jobsearch/LaunchActivity;->onNewIntent(Landroid/content/Intent;)V < extends Landroidx/appcompat/app/c, implements ['Lcom/facebook/react/modules/core/b', 'Landroidx/appcompat/app/d', 'Landroidx/core/app/c2$a']
COMPONENT CONCAT > Lcom/indeed/android/jobsearch/webview/fragment/IndeedWebViewFragment$i0$e;->invoke()V < extends Ljava/lang/Object, implements ['Lek/a', 'Lkotlin/jvm/internal/o', 'Ljava/io/Serializable']
COMPONENT CONCAT > Lcom/indeed/android/jobsearch/viewjob/e$b$d;->invoke()Ljava/lang/Object; < extends Ljava/lang/Object, implements ['Lek/a', 'Lkotlin/jvm/internal/o', 'Ljava/io/Serializable']
COMPONENT CONCAT > Lcom/indeed/android/jobsearch/bottomnav/IanMainFragment$s$a$c$a;->a(Lcom/indeed/android/jobsearch/bottomnav/ui/b;)V < extends Ljava/lang/Object, implements ['Lek/l', 'Lkotlin/jvm/internal/o', 'Ljava/io/Serializable']
COMPONENT CONCAT > Lcom/indeed/android/jobsearch/webview/fragment/IndeedWebViewFragment$f$a$a;->a(Landroidx/compose/runtime/k;I)V < extends Ljava/lang/Object, implements ['Lek/p', 'Lkotlin/jvm/internal/o', 'Ljava/io/Serializable']
COMPONENT CONCAT > Lcom/indeed/android/jobsearch/webview/fragment/IndeedWebViewFragment;->m()V < extends Landroidx/fragment/app/Fragment, implements ['Lcom/indeed/android/jobsearch/m$a', 'Lcom/indeed/android/jobsearch/proctor/f', 'Landroid/content/ComponentCallbacks', 'Landroid/view/View$OnCreateContextMenuListener', 'Landroidx/lifecycle/o', 'Landroidx/lifecycle/t0', 'Landroidx/lifecycle/h', 'Lh2/d']
COMPONENT CONCAT > Lcom/indeed/android/jobsearch/searchoverlay/SearchOverlayFragment$a;->a(Lcom/indeed/android/jsmappservices/bridge/SearchType;ZLjava/lang/String;)Lcom/indeed/android/jobsearch/searchoverlay/SearchOverlayFragment; < extends Ljava/lang/Object, implements []
COMPONENT CONCAT > Lcom/indeed/android/jobsearch/webview/fragment/IndeedWebViewFragment;->m3(Lcom/indeed/android/jobsearch/webview/fragment/IndeedWebViewFragment;)V < extends Landroidx/fragment/app/Fragment, implements ['Lcom/indeed/android/jobsearch/m$a', 'Lcom/indeed/android/jobsearch/proctor/f', 'Landroid/content/ComponentCallbacks', 'Landroid/view/View$OnCreateContextMenuListener', 'Landroidx/lifecycle/o', 'Landroidx/lifecycle/t0', 'Landroidx/lifecycle/h', 'Lh2/d']
COMPONENT CONCAT > Lcom/indeed/android/jobsearch/vip/VipStagingRoomFragment$r$a;->invoke(Ljava/lang/Object;Ljava/lang/Object;)Ljava/lang/Object; < extends Ljava/lang/Object, implements ['Lek/p', 'Lkotlin/jvm/internal/o', 'Ljava/io/Serializable']
COMPONENT CONCAT > Lcom/indeed/android/jobsearch/webview/fragment/IndeedWebViewFragment;->D4(Lcom/indeed/android/jobsearch/deeplink/b$j;)V < extends Landroidx/fragment/app/Fragment, implements ['Lcom/indeed/android/jobsearch/m$a', 'Lcom/indeed/android/jobsearch/proctor/f', 'Landroid/content/ComponentCallbacks', 'Landroid/view/View$OnCreateContextMenuListener', 'Landroidx/lifecycle/o', 'Landroidx/lifecycle/t0', 'Landroidx/lifecycle/h', 'Lh2/d']
COMPONENT CONCAT > Lcom/indeed/android/jobsearch/bottomnav/IanMainFragment;->b3(Lcom/indeed/android/jobsearch/bottomnav/IanMainFragment;Lcom/indeed/android/jobsearch/deeplink/b$i;)V < extends Landroidx/fragment/app/Fragment, implements ['Lcom/indeed/android/jobsearch/bottomnav/web/h', 'Lcom/indeed/android/jobsearch/proctor/f', 'Landroid/content/ComponentCallbacks', 'Landroid/view/View$OnCreateContextMenuListener', 'Landroidx/lifecycle/o', 'Landroidx/lifecycle/t0', 'Landroidx/lifecycle/h', 'Lh2/d']
COMPONENT CONCAT > Lcom/indeed/android/jobsearch/launch/a;->onClick(Landroid/content/DialogInterface;I)V < extends Ljava/lang/Object, implements ['Landroid/content/DialogInterface$OnClickListener']
COMPONENT CONCAT > Lcom/indeed/android/jobsearch/tracking/b;->r(ZLjava/util/Map;Lkotlin/coroutines/d;)Ljava/lang/Object; < extends Ljava/lang/Object, implements ['Lgn/a']
COMPONENT CONCAT > Lcom/indeed/android/jobsearch/passport/g$p$a$b;->invoke()Ljava/lang/Object; < extends Ljava/lang/Object, implements ['Lek/a', 'Lkotlin/jvm/internal/o', 'Ljava/io/Serializable']
COMPONENT CONCAT > Lcom/indeed/android/jobsearch/onboarding/c;->a(Ljava/lang/Object;)V < extends Ljava/lang/Object, implements ['Landroidx/activity/result/a']
COMPONENT CONCAT > Lcom/indeed/android/jobsearch/JobSearchApplication$p$f;->a(Lorg/koin/core/scope/a;Lln/a;)Lvf/b; < extends Ljava/lang/Object, implements ['Lek/p', 'Lkotlin/jvm/internal/o', 'Ljava/io/Serializable']
COMPONENT CONCAT > Lcom/indeed/android/jobsearch/fcm/NotificationBlockStateReceiver;->onReceive(Landroid/content/Context;Landroid/content/Intent;)V < extends Landroid/content/BroadcastReceiver, implements ['Lgn/a']
COMPONENT CONCAT > Lcom/indeed/android/jobsearch/webview/indeedapply/IndeedApplyWebviewFragment;->i3(Lcom/indeed/android/jobsearch/webview/indeedapply/IndeedApplyWebviewFragment;)V < extends Landroidx/fragment/app/k, implements ['Landroid/content/DialogInterface$OnCancelListener', 'Landroid/content/DialogInterface$OnDismissListener']
COMPONENT CONCAT > Lcom/indeed/android/jobsearch/util/d0;->a(Lcom/indeed/android/jobsearch/util/d0;Landroid/content/DialogInterface;I)V < extends Ljava/lang/Object, implements ['Landroid/webkit/DownloadListener', 'Lgn/a']
COMPONENT CONCAT > Lcom/indeed/android/jobsearch/vip/i0;->onClick(Landroid/content/DialogInterface;I)V < extends Ljava/lang/Object, implements ['Landroid/content/DialogInterface$OnClickListener']
COMPONENT CONCAT > Lcom/indeed/android/jobsearch/appwidget/RecentSearchAppWidgetProvider;-><init>()V < extends Landroid/appwidget/AppWidgetProvider, implements ['Lgn/a']
COMPONENT CONCAT > Lcom/indeed/android/jobsearch/util/d0;->onDownloadStart(Ljava/lang/String;Ljava/lang/String;Ljava/lang/String;Ljava/lang/String;J)V < extends Ljava/lang/Object, implements ['Landroid/webkit/DownloadListener', 'Lgn/a']
COMPONENT CONCAT > Lcom/indeed/android/jobsearch/passport/g$j;->invoke()Ljava/lang/Object; < extends Ljava/lang/Object, implements ['Lek/a', 'Lkotlin/jvm/internal/o', 'Ljava/io/Serializable']
COMPONENT CONCAT > Lcom/indeed/android/jobsearch/locationselector/LocationSelectorFragment$a$a$b;->invoke()V < extends Ljava/lang/Object, implements ['Lek/a', 'Lkotlin/jvm/internal/o', 'Ljava/io/Serializable']
COMPONENT CONCAT > Lcom/indeed/android/jobsearch/bridge/a;->a(Lcom/indeed/android/jobsearch/LaunchActivity;Lcom/indeed/android/jsmappservices/bridge/Command;Laf/b;Lek/l;Lek/l;)V < extends Ljava/lang/Object, implements []
COMPONENT CONCAT > Lcom/indeed/android/jobsearch/searchoverlay/SearchOverlayFragment$c$a$e;->invoke()Ljava/lang/Object; < extends Ljava/lang/Object, implements ['Lek/a', 'Lkotlin/jvm/internal/o', 'Ljava/io/Serializable']
COMPONENT CONCAT > Lcom/indeed/android/jobsearch/webview/indeedapply/IndeedApplyWebviewFragment$j;->invoke()V < extends Ljava/lang/Object, implements ['Lek/a', 'Lkotlin/jvm/internal/o', 'Ljava/io/Serializable']
COMPONENT CONCAT > Lcom/indeed/android/jobsearch/searchoverlay/SearchOverlayFragment$c$a$m;->invoke(Ljava/lang/Object;)Ljava/lang/Object; < extends Ljava/lang/Object, implements ['Lek/l', 'Lkotlin/jvm/internal/o', 'Ljava/io/Serializable']
COMPONENT CONCAT > Lcom/indeed/android/jobsearch/bottomnav/IanMainFragment$v$a$d$a;->invoke()Ljava/lang/Object; < extends Ljava/lang/Object, implements ['Lek/a', 'Lkotlin/jvm/internal/o', 'Ljava/io/Serializable']
COMPONENT CONCAT > Lcom/indeed/android/jobsearch/vip/VipLobbyWebViewFragment$m$a;->invoke(Ljava/lang/Object;Ljava/lang/Object;)Ljava/lang/Object; < extends Ljava/lang/Object, implements ['Lek/p', 'Lkotlin/jvm/internal/o', 'Ljava/io/Serializable']
COMPONENT CONCAT > Lcom/indeed/android/jobsearch/vip/VipLobbyWebViewFragment;->d3()V < extends Landroidx/fragment/app/Fragment, implements ['Landroid/content/ComponentCallbacks', 'Landroid/view/View$OnCreateContextMenuListener', 'Landroidx/lifecycle/o', 'Landroidx/lifecycle/t0', 'Landroidx/lifecycle/h', 'Lh2/d']
COMPONENT CONCAT > Lcom/indeed/android/jobsearch/fcm/c;->o(Landroid/content/Context;)V < extends Ljava/lang/Object, implements ['Lgn/a']
COMPONENT CONCAT > Lcom/indeed/android/jobsearch/bottomnav/web/f$g;->invoke()V < extends Ljava/lang/Object, implements ['Lek/a', 'Lkotlin/jvm/internal/o', 'Ljava/io/Serializable']
COMPONENT CONCAT > Lcom/indeed/android/jobsearch/vip/VipStagingRoomFragment$r$a$l;->invoke()V < extends Ljava/lang/Object, implements ['Lek/a', 'Lkotlin/jvm/internal/o', 'Ljava/io/Serializable']
COMPONENT CONCAT > Lcom/indeed/android/jobsearch/backend/interceptors/i;->a(Lokhttp3/w$a;)Lokhttp3/e0; < extends Ljava/lang/Object, implements ['Lokhttp3/w', 'Lgn/a']
COMPONENT CONCAT > Lcom/indeed/android/jobsearch/onboarding/OnboardingFragment$i$d;->invoke()V < extends Ljava/lang/Object, implements ['Lek/a', 'Lkotlin/jvm/internal/o', 'Ljava/io/Serializable']
COMPONENT CONCAT > Lcom/indeed/android/jobsearch/searchoverlay/SearchOverlayFragment$c$a$b;->invoke()Ljava/lang/Object; < extends Ljava/lang/Object, implements ['Lek/a', 'Lkotlin/jvm/internal/o', 'Ljava/io/Serializable']
COMPONENT CONCAT > Lcom/indeed/android/jobsearch/webview/fragment/IndeedWebViewFragment;->t4(Z)V < extends Landroidx/fragment/app/Fragment, implements ['Lcom/indeed/android/jobsearch/m$a', 'Lcom/indeed/android/jobsearch/proctor/f', 'Landroid/content/ComponentCallbacks', 'Landroid/view/View$OnCreateContextMenuListener', 'Landroidx/lifecycle/o', 'Landroidx/lifecycle/t0', 'Landroidx/lifecycle/h', 'Lh2/d']
COMPONENT CONCAT > Lcom/indeed/android/jobsearch/regpromo/RegPromoFragment;->p2(Lcom/indeed/android/jobsearch/regpromo/RegPromoFragment;Ljava/lang/String;Z)V < extends Landroidx/fragment/app/Fragment, implements ['Landroid/content/ComponentCallbacks', 'Landroid/view/View$OnCreateContextMenuListener', 'Landroidx/lifecycle/o', 'Landroidx/lifecycle/t0', 'Landroidx/lifecycle/h', 'Lh2/d']
COMPONENT CONCAT > Lcom/indeed/android/jobsearch/vip/VipStagingRoomFragment$r$a$e;->invoke()V < extends Ljava/lang/Object, implements ['Lek/a', 'Lkotlin/jvm/internal/o', 'Ljava/io/Serializable']
COMPONENT CONCAT > Lcom/indeed/android/jobsearch/vip/vipInterviewRoom/VipInterviewRoomFragment$r$a$t;->invoke()Ljava/lang/Object; < extends Ljava/lang/Object, implements ['Lek/a', 'Lkotlin/jvm/internal/o', 'Ljava/io/Serializable']
COMPONENT CONCAT > Lcom/indeed/android/jobsearch/JobSearchApplication$p$e;->a(Lorg/koin/core/scope/a;Lln/a;)Lcom/indeed/android/onboarding/util/j; < extends Ljava/lang/Object, implements ['Lek/p', 'Lkotlin/jvm/internal/o', 'Ljava/io/Serializable']
COMPONENT CONCAT > Lcom/indeed/android/jobsearch/viewjob/e$t;->invoke()Ljava/lang/Object; < extends Ljava/lang/Object, implements ['Lek/a', 'Lkotlin/jvm/internal/o', 'Ljava/io/Serializable']
COMPONENT CONCAT > Lcom/indeed/android/jobsearch/webview/component/l;->e(Landroid/webkit/WebView;Ljava/lang/String;)V < extends Ljava/lang/Object, implements ['Lcom/indeed/android/jobsearch/webview/modal/h', 'Lcom/indeed/android/jobsearch/webview/modal/g', 'Lgn/a']
COMPONENT CONCAT > Lcom/indeed/android/jobsearch/regpromo/RegPromoFragment$a$a$h;->invoke()V < extends Ljava/lang/Object, implements ['Lek/a', 'Lkotlin/jvm/internal/o', 'Ljava/io/Serializable']
COMPONENT CONCAT > Lcom/indeed/android/jobsearch/searchoverlay/SearchOverlayFragment$c$a$j;->invoke()Ljava/lang/Object; < extends Ljava/lang/Object, implements ['Lek/a', 'Lkotlin/jvm/internal/o', 'Ljava/io/Serializable']
COMPONENT CONCAT > Lcom/indeed/android/jobsearch/languageselector/LanguageSelectorFragment$a$a$b;->invoke(Ljava/lang/Object;)Ljava/lang/Object; < extends Ljava/lang/Object, implements ['Lek/l', 'Lkotlin/jvm/internal/o', 'Ljava/io/Serializable']
COMPONENT CONCAT > Lcom/indeed/android/jobsearch/passport/g$t;->invoke()Ljava/lang/Object; < extends Ljava/lang/Object, implements ['Lek/a', 'Lkotlin/jvm/internal/o', 'Ljava/io/Serializable']
COMPONENT CONCAT > Lcom/indeed/android/jobsearch/vip/vipInterviewRoom/VipInterviewRoomFragment$r$a$a;->invoke(Ljava/lang/Object;)Ljava/lang/Object; < extends Ljava/lang/Object, implements ['Lek/l', 'Lkotlin/jvm/internal/o', 'Ljava/io/Serializable']
COMPONENT CONCAT > Lcom/indeed/android/jobsearch/myjobs/a;->o3()V < extends Landroidx/fragment/app/Fragment, implements ['Lgn/a', 'Landroid/content/ComponentCallbacks', 'Landroid/view/View$OnCreateContextMenuListener', 'Landroidx/lifecycle/o', 'Landroidx/lifecycle/t0', 'Landroidx/lifecycle/h', 'Lh2/d']
COMPONENT CONCAT > Lcom/indeed/android/jobsearch/bottomnav/web/b;->I3()V < extends Landroidx/fragment/app/Fragment, implements ['Lgn/a', 'Landroid/content/ComponentCallbacks', 'Landroid/view/View$OnCreateContextMenuListener', 'Landroidx/lifecycle/o', 'Landroidx/lifecycle/t0', 'Landroidx/lifecycle/h', 'Lh2/d']
COMPONENT CONCAT > Lcom/indeed/android/jobsearch/myjobs/a;->T2(Lcom/indeed/android/jobsearch/myjobs/a;Z)V < extends Landroidx/fragment/app/Fragment, implements ['Lgn/a', 'Landroid/content/ComponentCallbacks', 'Landroid/view/View$OnCreateContextMenuListener', 'Landroidx/lifecycle/o', 'Landroidx/lifecycle/t0', 'Landroidx/lifecycle/h', 'Lh2/d']
COMPONENT CONCAT > Lcom/indeed/android/jobsearch/languageselector/LanguageSelectorFragment;->T0(Landroid/view/LayoutInflater;Landroid/view/ViewGroup;Landroid/os/Bundle;)Landroid/view/View; < extends Landroidx/fragment/app/Fragment, implements ['Landroid/content/ComponentCallbacks', 'Landroid/view/View$OnCreateContextMenuListener', 'Landroidx/lifecycle/o', 'Landroidx/lifecycle/t0', 'Landroidx/lifecycle/h', 'Lh2/d']
COMPONENT CONCAT > Lcom/indeed/android/jobsearch/webview/fragment/IndeedWebViewFragment;->s3(Lcom/indeed/android/jobsearch/webview/fragment/IndeedWebViewFragment;Z)V < extends Landroidx/fragment/app/Fragment, implements ['Lcom/indeed/android/jobsearch/m$a', 'Lcom/indeed/android/jobsearch/proctor/f', 'Landroid/content/ComponentCallbacks', 'Landroid/view/View$OnCreateContextMenuListener', 'Landroidx/lifecycle/o', 'Landroidx/lifecycle/t0', 'Landroidx/lifecycle/h', 'Lh2/d']
COMPONENT CONCAT > Lcom/indeed/android/jobsearch/vip/VipStagingRoomFragment$r$a$b;->invoke()V < extends Ljava/lang/Object, implements ['Lek/a', 'Lkotlin/jvm/internal/o', 'Ljava/io/Serializable']
COMPONENT CONCAT > Lcom/indeed/android/jobsearch/webview/indeedapply/IndeedApplyWebviewFragment;->I3()V < extends Landroidx/fragment/app/k, implements ['Landroid/content/DialogInterface$OnCancelListener', 'Landroid/content/DialogInterface$OnDismissListener']
COMPONENT CONCAT > Lcom/indeed/android/jobsearch/webview/indeedapply/IndeedApplyWebviewFragment$p$a$h$a;->invoke()Ljava/lang/Object; < extends Ljava/lang/Object, implements ['Lek/a', 'Lkotlin/jvm/internal/o', 'Ljava/io/Serializable']
COMPONENT CONCAT > Lcom/indeed/android/jobsearch/launch/LaunchFragment$i;->invoke()Ljava/lang/Object; < extends Ljava/lang/Object, implements ['Lek/a', 'Lkotlin/jvm/internal/o', 'Ljava/io/Serializable']
COMPONENT CONCAT > Lcom/indeed/android/jobsearch/onboarding/a;->a(Ljava/lang/Object;)V < extends Ljava/lang/Object, implements ['Landroidx/activity/result/a']
COMPONENT CONCAT > Lcom/indeed/android/jobsearch/myjobs/a;->o1(Landroid/view/View;Landroid/os/Bundle;)V < extends Landroidx/fragment/app/Fragment, implements ['Lgn/a', 'Landroid/content/ComponentCallbacks', 'Landroid/view/View$OnCreateContextMenuListener', 'Landroidx/lifecycle/o', 'Landroidx/lifecycle/t0', 'Landroidx/lifecycle/h', 'Lh2/d']
COMPONENT CONCAT > Lcom/indeed/android/jobsearch/bottomnav/fsdv/a;->a(Ljava/lang/String;ZZLandroidx/fragment/app/FragmentManager;)V < extends Ljava/lang/Object, implements []
COMPONENT CONCAT > Lcom/indeed/android/jobsearch/launch/LaunchFragment;->P0(Landroid/os/Bundle;)V < extends Landroidx/fragment/app/Fragment, implements ['Landroid/content/ComponentCallbacks', 'Landroid/view/View$OnCreateContextMenuListener', 'Landroidx/lifecycle/o', 'Landroidx/lifecycle/t0', 'Landroidx/lifecycle/h', 'Lh2/d']
COMPONENT CONCAT > Lcom/indeed/android/jobsearch/vip/VipStagingRoomFragment;-><init>()V < extends Landroidx/fragment/app/Fragment, implements ['Landroid/content/ComponentCallbacks', 'Landroid/view/View$OnCreateContextMenuListener', 'Landroidx/lifecycle/o', 'Landroidx/lifecycle/t0', 'Landroidx/lifecycle/h', 'Lh2/d']
COMPONENT CONCAT > Lcom/indeed/android/jobsearch/tare/debug/TareDebugFragment;->T0(Landroid/view/LayoutInflater;Landroid/view/ViewGroup;Landroid/os/Bundle;)Landroid/view/View; < extends Landroidx/fragment/app/Fragment, implements ['Landroid/content/ComponentCallbacks', 'Landroid/view/View$OnCreateContextMenuListener', 'Landroidx/lifecycle/o', 'Landroidx/lifecycle/t0', 'Landroidx/lifecycle/h', 'Lh2/d']
COMPONENT CONCAT > Lcom/indeed/android/jobsearch/nativenav/NativeNavWebViewFragment;->P0(Landroid/os/Bundle;)V < extends Landroidx/fragment/app/Fragment, implements ['Lcom/indeed/android/jobsearch/m$a', 'Lcom/indeed/android/jobsearch/proctor/f', 'Lgn/a', 'Landroid/content/ComponentCallbacks', 'Landroid/view/View$OnCreateContextMenuListener', 'Landroidx/lifecycle/o', 'Landroidx/lifecycle/t0', 'Landroidx/lifecycle/h', 'Lh2/d']
