COMPONENT CONCAT > Lcom/hulu/features/shared/logout/LogoutDialogFragment;->onCreateDialog(Landroid/os/Bundle;)Landroid/app/Dialog; < extends Landroidx/appcompat/app/AppCompatDialogFragment, implements ['Lhulux/injection/scope/SubScope']
MISSING ID > Lcom/hulu/features/shared/views/loadingerrors/a;->onClick(Landroid/view/View;)V <
MISSING ID > Lcom/hulu/features/shared/views/loadingerrors/PageLoadingErrorFragment;->i3(Lcom/hulu/features/shared/views/loadingerrors/PageLoadingErrorFragment;Landroid/view/View;)V <
MISSING ID > Lcom/hulu/features/shared/views/loadingerrors/PageLoadingErrorFragment;->G3(Lcom/hulu/features/shared/views/loadingerrors/PageLoadingErrorFragment;Landroid/view/View;)V <
MISSING ID > Lcom/hulu/features/hubs/downloads/DownloadsAdapter;->onCreateViewHolder(Landroid/view/ViewGroup;I)Landroidx/recyclerview/widget/RecyclerView$ViewHolder; <
MISSING ID > Lcom/hulu/plus/databinding/DownloadRowOtherProfileBinding;->d(Landroid/view/LayoutInflater;Landroid/view/ViewGroup;Z)Lcom/hulu/plus/databinding/DownloadRowOtherProfileBinding; <
MISSING ID > Lcom/hulu/plus/databinding/DownloadRowOtherProfileBinding;->b(Landroid/view/View;)Lcom/hulu/plus/databinding/DownloadRowOtherProfileBinding; <
COMPONENT CONCAT > Lcom/hulu/BottomNavFragment;->Q()Z < extends Landroidx/fragment/app/Fragment, implements ['Lcom/hulu/features/shared/views/BottomNavView$OnBottomNavClickListener', 'Lcom/hulu/features/inbox/NotificationChangeObserver', 'Lhulux/injection/scope/SubScope', 'Landroid/content/ComponentCallbacks', 'Landroid/view/View$OnCreateContextMenuListener', 'Landroidx/lifecycle/LifecycleOwner', 'Landroidx/lifecycle/ViewModelStoreOwner', 'Landroidx/lifecycle/HasDefaultViewModelProviderFactory', 'Landroidx/savedstate/SavedStateRegistryOwner']
COMPONENT CONCAT > Lcom/hulu/features/webview/WebViewActivity;->onCreate(Landroid/os/Bundle;)V < extends Landroidx/appcompat/app/AppCompatActivity, implements ['Lcom/hulu/features/location/monitor/model/NoLocationCheckRequired', 'Lhulux/injection/scope/SubScope', 'Landroidx/appcompat/app/AppCompatCallback', 'Landroidx/core/app/TaskStackBuilder$SupportParentable']
COMPONENT CONCAT > Lcom/hulu/features/hubs/BaseHubActivity;->onOptionsItemSelected(Landroid/view/MenuItem;)Z < extends Landroidx/appcompat/app/AppCompatActivity, implements ['Lcom/hulu/ui/Snackbarable', 'Lhulux/injection/scope/SubScope', 'Landroidx/appcompat/app/AppCompatCallback', 'Landroidx/core/app/TaskStackBuilder$SupportParentable']
COMPONENT CONCAT > Lcom/hulu/BottomNavFragment;->C2()Z < extends Landroidx/fragment/app/Fragment, implements ['Lcom/hulu/features/shared/views/BottomNavView$OnBottomNavClickListener', 'Lcom/hulu/features/inbox/NotificationChangeObserver', 'Lhulux/injection/scope/SubScope', 'Landroid/content/ComponentCallbacks', 'Landroid/view/View$OnCreateContextMenuListener', 'Landroidx/lifecycle/LifecycleOwner', 'Landroidx/lifecycle/ViewModelStoreOwner', 'Landroidx/lifecycle/HasDefaultViewModelProviderFactory', 'Landroidx/savedstate/SavedStateRegistryOwner']
COMPONENT CONCAT > Lcom/hulu/features/profiles/picker/ProfileHandlerProvider;->get()Ljava/lang/Object; < extends Ljava/lang/Object, implements ['Ljavax/inject/Provider']
COMPONENT CONCAT > Lcom/hulu/features/playback/PlayerActivity;->onCreate(Landroid/os/Bundle;)V < extends Landroidx/appcompat/app/AppCompatActivity, implements ['Lcom/hulu/features/playback/PlaybackContract$PlayerWithGuideView', 'Lcom/hulu/features/playback/ActivityDelegate', 'Lcom/hulu/features/playback/settings/SettingsLauncher$Ancestral', 'Lcom/hulu/features/playback/di/playeractivity/provider/ImmersiveModeProvider', 'Lcom/hulu/features/shared/views/loadingerrors/ReloadablePage', 'Lcom/hulu/features/playback/views/PlayerViewActivity', 'Lcom/hulu/features/playback/views/PlayerViewLoadedCallback', 'Lcom/hulu/features/shared/views/MvpContract$View', 'Lhulux/injection/scope/SubScope', 'Landroidx/appcompat/app/AppCompatCallback', 'Landroidx/core/app/TaskStackBuilder$SupportParentable']
COMPONENT CONCAT > Lcom/hulu/features/profiles/picker/ProfilePickerActivity;->onCreate(Landroid/os/Bundle;)V < extends Landroidx/appcompat/app/AppCompatActivity, implements ['Lcom/hulu/features/location/monitor/model/NoLocationCheckRequired', 'Lhulux/injection/scope/SubScope', 'Landroidx/appcompat/app/AppCompatCallback', 'Landroidx/core/app/TaskStackBuilder$SupportParentable']
COMPONENT CONCAT > Lcom/hulu/features/hubs/details/view/DetailsActivity;->onOptionsItemSelected(Landroid/view/MenuItem;)Z < extends Landroidx/appcompat/app/AppCompatActivity, implements ['Lcom/google/android/material/appbar/AppBarLayout$OnOffsetChangedListener', 'Lcom/hulu/features/shared/views/loadingerrors/ReloadablePage', 'Lhulux/injection/scope/SubScope', 'Landroidx/appcompat/app/AppCompatCallback', 'Landroidx/core/app/TaskStackBuilder$SupportParentable']
COMPONENT CONCAT > Lcom/hulu/features/webview/WebViewFragment__Factory;->createInstance(Ltoothpick/Scope;)Ljava/lang/Object; < extends Ljava/lang/Object, implements ['Ltoothpick/Factory']
COMPONENT CONCAT > Lcom/hulu/features/nativesignup/SubscriptionConfirmationFragment__Factory;->createInstance(Ltoothpick/Scope;)Ljava/lang/Object; < extends Ljava/lang/Object, implements ['Ltoothpick/Factory']
COMPONENT CONCAT > Lcom/hulu/features/nativesignup/PlanSelectFragment__Factory;->createInstance(Ltoothpick/Scope;)Ljava/lang/Object; < extends Ljava/lang/Object, implements ['Ltoothpick/Factory']
COMPONENT CONCAT > Lcom/hulu/features/profile/fragment/ProfileFragment;->onStart()V < extends Landroidx/fragment/app/Fragment, implements ['Lcom/hulu/features/inbox/DeleteModeListener', 'Lhulux/injection/scope/SubScope', 'Landroid/content/ComponentCallbacks', 'Landroid/view/View$OnCreateContextMenuListener', 'Landroidx/lifecycle/LifecycleOwner', 'Landroidx/lifecycle/ViewModelStoreOwner', 'Landroidx/lifecycle/HasDefaultViewModelProviderFactory', 'Landroidx/savedstate/SavedStateRegistryOwner']
COMPONENT CONCAT > Lcom/hulu/BottomNavFragment;->j1()Z < extends Landroidx/fragment/app/Fragment, implements ['Lcom/hulu/features/shared/views/BottomNavView$OnBottomNavClickListener', 'Lcom/hulu/features/inbox/NotificationChangeObserver', 'Lhulux/injection/scope/SubScope', 'Landroid/content/ComponentCallbacks', 'Landroid/view/View$OnCreateContextMenuListener', 'Landroidx/lifecycle/LifecycleOwner', 'Landroidx/lifecycle/ViewModelStoreOwner', 'Landroidx/lifecycle/HasDefaultViewModelProviderFactory', 'Landroidx/savedstate/SavedStateRegistryOwner']
COMPONENT CONCAT > Lcom/hulu/features/browse/BrowseTrayActivity;->onCreate(Landroid/os/Bundle;)V < extends Landroidx/appcompat/app/AppCompatActivity, implements ['Lcom/hulu/features/browse/BrowseClickListener', 'Lcom/hulu/ui/Snackbarable', 'Lcom/hulu/features/location/monitor/model/NoLocationCheckRequired', 'Lhulux/injection/scope/SubScope', 'Landroidx/appcompat/app/AppCompatCallback', 'Landroidx/core/app/TaskStackBuilder$SupportParentable']
COMPONENT CONCAT > Lcom/hulu/features/shared/services/ForbiddenOrUnauthorizedRequestRetryInterceptor;->intercept(Lokhttp3/Interceptor$Chain;)Lokhttp3/Response; < extends Ljava/lang/Object, implements ['Lokhttp3/Interceptor']
COMPONENT CONCAT > Lcom/hulu/features/playback/PlayerActivity;->onOptionsItemSelected(Landroid/view/MenuItem;)Z < extends Landroidx/appcompat/app/AppCompatActivity, implements ['Lcom/hulu/features/playback/PlaybackContract$PlayerWithGuideView', 'Lcom/hulu/features/playback/ActivityDelegate', 'Lcom/hulu/features/playback/settings/SettingsLauncher$Ancestral', 'Lcom/hulu/features/playback/di/playeractivity/provider/ImmersiveModeProvider', 'Lcom/hulu/features/shared/views/loadingerrors/ReloadablePage', 'Lcom/hulu/features/playback/views/PlayerViewActivity', 'Lcom/hulu/features/playback/views/PlayerViewLoadedCallback', 'Lcom/hulu/features/shared/views/MvpContract$View', 'Lhulux/injection/scope/SubScope', 'Landroidx/appcompat/app/AppCompatCallback', 'Landroidx/core/app/TaskStackBuilder$SupportParentable']
COMPONENT CONCAT > Lcom/hulu/features/signup/SignupNavigatorProvider;->get()Ljava/lang/Object; < extends Ljava/lang/Object, implements ['Ljavax/inject/Provider']
COMPONENT CONCAT > Lcom/hulu/features/playback/PlayerActivity;->onStart()V < extends Landroidx/appcompat/app/AppCompatActivity, implements ['Lcom/hulu/features/playback/PlaybackContract$PlayerWithGuideView', 'Lcom/hulu/features/playback/ActivityDelegate', 'Lcom/hulu/features/playback/settings/SettingsLauncher$Ancestral', 'Lcom/hulu/features/playback/di/playeractivity/provider/ImmersiveModeProvider', 'Lcom/hulu/features/shared/views/loadingerrors/ReloadablePage', 'Lcom/hulu/features/playback/views/PlayerViewActivity', 'Lcom/hulu/features/playback/views/PlayerViewLoadedCallback', 'Lcom/hulu/features/shared/views/MvpContract$View', 'Lhulux/injection/scope/SubScope', 'Landroidx/appcompat/app/AppCompatCallback', 'Landroidx/core/app/TaskStackBuilder$SupportParentable']
COMPONENT CONCAT > Lcom/hulu/BottomNavFragment;->P0()Z < extends Landroidx/fragment/app/Fragment, implements ['Lcom/hulu/features/shared/views/BottomNavView$OnBottomNavClickListener', 'Lcom/hulu/features/inbox/NotificationChangeObserver', 'Lhulux/injection/scope/SubScope', 'Landroid/content/ComponentCallbacks', 'Landroid/view/View$OnCreateContextMenuListener', 'Landroidx/lifecycle/LifecycleOwner', 'Landroidx/lifecycle/ViewModelStoreOwner', 'Landroidx/lifecycle/HasDefaultViewModelProviderFactory', 'Landroidx/savedstate/SavedStateRegistryOwner']
COMPONENT CONCAT > Lcom/hulu/features/nativesignup/AccountInfoFragment__Factory;->createInstance(Ltoothpick/Scope;)Ljava/lang/Object; < extends Ljava/lang/Object, implements ['Ltoothpick/Factory']
COMPONENT CONCAT > Lcom/hulu/features/profile/delegate/SinglePaneNavigationDelegate;->g()V < extends Ljava/lang/Object, implements []
COMPONENT CONCAT > Lcom/hulu/features/login/MissingInfoNavigatorProvider;->get()Ljava/lang/Object; < extends Ljava/lang/Object, implements ['Ljavax/inject/Provider']
COMPONENT CONCAT > Lcom/hulu/features/hubs/details/view/DetailsActivity;->onCreate(Landroid/os/Bundle;)V < extends Landroidx/appcompat/app/AppCompatActivity, implements ['Lcom/google/android/material/appbar/AppBarLayout$OnOffsetChangedListener', 'Lcom/hulu/features/shared/views/loadingerrors/ReloadablePage', 'Lhulux/injection/scope/SubScope', 'Landroidx/appcompat/app/AppCompatCallback', 'Landroidx/core/app/TaskStackBuilder$SupportParentable']
COMPONENT CONCAT > Lcom/hulu/features/profile/AccountPreferencesActivity;->onOptionsItemSelected(Landroid/view/MenuItem;)Z < extends Landroidx/appcompat/app/AppCompatActivity, implements ['Landroidx/preference/PreferenceFragmentCompat$OnPreferenceStartFragmentCallback', 'Lhulux/injection/scope/SubScope', 'Landroidx/appcompat/app/AppCompatCallback', 'Landroidx/core/app/TaskStackBuilder$SupportParentable']
COMPONENT CONCAT > Lcom/hulu/features/welcome/WelcomeHandlerProvider;->get()Ljava/lang/Object; < extends Ljava/lang/Object, implements ['Ljavax/inject/Provider']
COMPONENT CONCAT > Lcom/hulu/features/browse/item/standardtext/StandardTextItem;->p(Landroid/view/LayoutInflater;Landroid/view/ViewGroup;)Landroidx/viewbinding/ViewBinding; < extends Ljava/lang/Object, implements ['Lcom/hulu/features/browse/item/MetricsItem', 'Lcom/mikepenz/fastadapter/IItemVHFactory', 'Lcom/mikepenz/fastadapter/IItem']
MISSING ID > Lcom/hulu/BottomNavActivity;->onOptionsItemSelected(Landroid/view/MenuItem;)Z <
MISSING ID > Lcom/hulu/features/shared/AppCompatFragmentActivity;->onOptionsItemSelected(Landroid/view/MenuItem;)Z <
MISSING ID > Lcom/hulu/features/search/SearchResultFragment;->onCreateView(Landroid/view/LayoutInflater;Landroid/view/ViewGroup;Landroid/os/Bundle;)Landroid/view/View; <
MISSING ID > Lcom/hulu/features/search/views/adapters/SearchPagerAdapter;->h(Landroid/view/ViewGroup;I)Ljava/lang/Object; <
MISSING ID > Lcom/hulu/features/search/views/adapters/SearchItemAdapterFactory;->a(Landroid/content/Context;Lcom/hulu/features/shared/views/tiles/ITileAdapter$OnClickListener;Lcom/hulu/features/shared/views/tiles/ITileAdapter$OnContextMenuClickListener;Landroid/view/View$OnClickListener;Lcom/hulu/features/search/SearchTab$Type;Ljava/lang/String;Lcom/hulu/features/search/SearchContainingView;I)Lcom/hulu/features/search/views/adapters/SearchTileAdapter; <
MISSING ID > Lcom/hulu/features/search/views/adapters/FullTextSearchItemAdapter;->w(Landroid/view/View;)Landroidx/recyclerview/widget/RecyclerView$ViewHolder; <
MISSING ID > Lcom/hulu/features/search/views/adapters/FullTextSearchItemAdapter;->G(Landroid/view/View;)Lcom/hulu/features/search/views/widgets/FullTextListItemViewHolder; <
MISSING ID > Lcom/hulu/features/search/views/widgets/FullTextListItemViewHolder;-><init>(Landroid/view/View;Lcom/hulu/features/shared/views/tiles/TileViewHolder$TileViewHolderClickListener;Lcom/hulu/features/shared/views/tiles/ITileAdapter$OnContextMenuClickListener;)V <
MISSING ID > Lcom/hulu/plus/databinding/ViewSearchItemFullTextBinding;->b(Landroid/view/View;)Lcom/hulu/plus/databinding/ViewSearchItemFullTextBinding; <
MISSING ID > Lcom/hulu/plus/databinding/TileWithEverythingBinding;->b(Landroid/view/View;)Lcom/hulu/plus/databinding/TileWithEverythingBinding; <
COMPONENT CONCAT > Lcom/hulu/features/browse/item/watchlater/WatchLaterItem;->p(Landroid/view/LayoutInflater;Landroid/view/ViewGroup;)Landroidx/viewbinding/ViewBinding; < extends Ljava/lang/Object, implements ['Lcom/hulu/features/browse/item/MetricsItem', 'Lcom/mikepenz/fastadapter/IItemVHFactory', 'Lcom/mikepenz/fastadapter/IItem']
COMPONENT CONCAT > Lcom/hulu/features/browse/item/watchlater/WatchLaterItem;->g(Landroidx/recyclerview/widget/RecyclerView$ViewHolder;Ljava/util/List;)V < extends Ljava/lang/Object, implements ['Lcom/hulu/features/browse/item/MetricsItem', 'Lcom/mikepenz/fastadapter/IItemVHFactory', 'Lcom/mikepenz/fastadapter/IItem']
COMPONENT CONCAT > Lcom/hulu/features/playback/presenter/PlayerWithGuidePresenter__Factory;->createInstance(Ltoothpick/Scope;)Ljava/lang/Object; < extends Ljava/lang/Object, implements ['Ltoothpick/Factory']
COMPONENT CONCAT > Lcom/hulu/features/playback/errors/emu/ui/PlaybackEmuErrorActivity;-><init>()V < extends Landroidx/appcompat/app/AppCompatActivity, implements ['Lhulux/injection/scope/SubScope', 'Landroidx/appcompat/app/AppCompatCallback', 'Landroidx/core/app/TaskStackBuilder$SupportParentable']
MISSING ID > Lcom/hulu/features/search/views/adapters/HeaderFullTextSearchItemAdapter;->onCreateViewHolder(Landroid/view/ViewGroup;I)Landroidx/recyclerview/widget/RecyclerView$ViewHolder; <
MISSING ID > Lcom/hulu/features/search/views/adapters/SearchTileAdapter;->onCreateViewHolder(Landroid/view/ViewGroup;I)Landroidx/recyclerview/widget/RecyclerView$ViewHolder; <
MISSING ID > Lcom/hulu/features/search/views/widgets/OffsiteItemViewHolder;-><init>(Landroid/view/View;Lcom/hulu/features/shared/views/tiles/TileViewHolder$TileViewHolderClickListener;Lcom/hulu/features/search/SearchTab$Type;Ljava/lang/String;Lcom/hulu/features/search/SearchContainingView;ILjava/util/Set;)V <
MISSING ID > Lcom/hulu/plus/databinding/ViewSearchOffsiteBinding;->b(Landroid/view/View;)Lcom/hulu/plus/databinding/ViewSearchOffsiteBinding; <
COMPONENT CONCAT > Lcom/hulu/features/pin/PinProtectionDialogFragment;->onViewCreated(Landroid/view/View;Landroid/os/Bundle;)V < extends Landroidx/appcompat/app/AppCompatDialogFragment, implements ['Lhulux/injection/scope/SubScope']
COMPONENT CONCAT > Lcom/hulu/features/playback/liveguide/view/e;->run()V < extends Ljava/lang/Object, implements ['Lio/reactivex/rxjava3/functions/Action']
MISSING ID > Lcom/hulu/features/browse/item/branded/display/BrandedDisplayTrayViewBindingProvider;->b(Landroid/view/View;)Lcom/hulu/features/browse/item/TrayViewBindingProvider$TrayViewStyling; <
MISSING ID > Lcom/hulu/plus/databinding/ActivitySplashBinding;->d(Landroid/view/LayoutInflater;)Lcom/hulu/plus/databinding/ActivitySplashBinding; <
MISSING ID > Lcom/hulu/plus/databinding/ActivitySplashBinding;->e(Landroid/view/LayoutInflater;Landroid/view/ViewGroup;Z)Lcom/hulu/plus/databinding/ActivitySplashBinding; <
MISSING ID > Lcom/hulu/plus/databinding/ActivitySplashBinding;->b(Landroid/view/View;)Lcom/hulu/plus/databinding/ActivitySplashBinding; <
COMPONENT CONCAT > Lcom/hulu/features/browse/item/standardvertical/StandardVerticalItem;->p(Landroid/view/LayoutInflater;Landroid/view/ViewGroup;)Landroidx/viewbinding/ViewBinding; < extends Ljava/lang/Object, implements ['Lcom/hulu/features/browse/item/MetricsItem', 'Lcom/mikepenz/fastadapter/IItemVHFactory', 'Lcom/mikepenz/fastadapter/IItem']
COMPONENT CONCAT > Lcom/hulu/features/browse/item/branded/display/TabletBrandedDisplayStandardVerticalItem;->p(Landroid/view/LayoutInflater;Landroid/view/ViewGroup;)Landroidx/viewbinding/ViewBinding; < extends Ljava/lang/Object, implements ['Lcom/hulu/features/browse/item/MetricsItem', 'Lcom/mikepenz/fastadapter/IItemVHFactory', 'Lcom/mikepenz/fastadapter/IItem']
COMPONENT CONCAT > Lcom/hulu/features/browse/item/standardhorizontal/StandardHorizontalItem;->p(Landroid/view/LayoutInflater;Landroid/view/ViewGroup;)Landroidx/viewbinding/ViewBinding; < extends Ljava/lang/Object, implements ['Lcom/hulu/features/browse/item/MetricsItem', 'Lcom/mikepenz/fastadapter/IItemVHFactory', 'Lcom/mikepenz/fastadapter/IItem']
COMPONENT CONCAT > Lcom/hulu/features/hubs/details/view/DetailsActivity;-><init>()V < extends Landroidx/appcompat/app/AppCompatActivity, implements ['Lcom/google/android/material/appbar/AppBarLayout$OnOffsetChangedListener', 'Lcom/hulu/features/shared/views/loadingerrors/ReloadablePage', 'Lhulux/injection/scope/SubScope', 'Landroidx/appcompat/app/AppCompatCallback', 'Landroidx/core/app/TaskStackBuilder$SupportParentable']
MISSING ID > Lcom/hulu/plus/databinding/ToolbarTitleArtBinding;->b(Landroid/view/View;)Lcom/hulu/plus/databinding/ToolbarTitleArtBinding; <
COMPONENT CONCAT > Lcom/hulu/features/profile/fragment/ProfileFragment;->onViewCreated(Landroid/view/View;Landroid/os/Bundle;)V < extends Landroidx/fragment/app/Fragment, implements ['Lcom/hulu/features/inbox/DeleteModeListener', 'Lhulux/injection/scope/SubScope', 'Landroid/content/ComponentCallbacks', 'Landroid/view/View$OnCreateContextMenuListener', 'Landroidx/lifecycle/LifecycleOwner', 'Landroidx/lifecycle/ViewModelStoreOwner', 'Landroidx/lifecycle/HasDefaultViewModelProviderFactory', 'Landroidx/savedstate/SavedStateRegistryOwner']
COMPONENT CONCAT > Lcom/hulu/features/playback/endcard/EndCardViewCoordinator__Factory;->createInstance(Ltoothpick/Scope;)Ljava/lang/Object; < extends Ljava/lang/Object, implements ['Ltoothpick/Factory']
