COMPONENT CONCAT > Lcom/fluttercandies/photo_manager/core/PhotoManagerPlugin;->onMethodCall(Lio/flutter/plugin/common/MethodCall;Lio/flutter/plugin/common/MethodChannel$Result;)V < extends Ljava/lang/Object, implements ['Lio/flutter/plugin/common/MethodChannel$MethodCallHandler']
COMPONENT CONCAT > Lcom/baseflow/permissionhandler/PermissionHandlerPlugin;->onAttachedToEngine(Lio/flutter/embedding/engine/plugins/FlutterPlugin$FlutterPluginBinding;)V < extends Ljava/lang/Object, implements ['Lio/flutter/embedding/engine/plugins/FlutterPlugin', 'Lio/flutter/embedding/engine/plugins/activity/ActivityAware']
COMPONENT CONCAT > Lcom/crazecoder/openfile/OpenFilePlugin;->onMethodCall(Lio/flutter/plugin/common/MethodCall;Lio/flutter/plugin/common/MethodChannel$Result;)V < extends Ljava/lang/Object, implements ['Lio/flutter/plugin/common/MethodChannel$MethodCallHandler', 'Lio/flutter/embedding/engine/plugins/FlutterPlugin', 'Lio/flutter/embedding/engine/plugins/activity/ActivityAware']
COMPONENT CONCAT > Lcom/baseflow/permissionhandler/MethodCallHandlerImpl;->onMethodCall(Lio/flutter/plugin/common/MethodCall;Lio/flutter/plugin/common/MethodChannel$Result;)V < extends Ljava/lang/Object, implements ['Lio/flutter/plugin/common/MethodChannel$MethodCallHandler']
COMPONENT CONCAT > Lio/flutter/plugins/GeneratedPluginRegistrant;->registerWith(Lio/flutter/embedding/engine/FlutterEngine;)V < extends Ljava/lang/Object, implements []
COMPONENT CONCAT > Lcom/pichillilorenzo/flutter_inappwebview_android/in_app_browser/InAppBrowserManager;->onMethodCall(Lio/flutter/plugin/common/MethodCall;Lio/flutter/plugin/common/MethodChannel$Result;)V < extends Ljava/lang/Object, implements ['Lcom/pichillilorenzo/flutter_inappwebview_android/types/IChannelDelegate']
COMPONENT CONCAT > Lcom/pichillilorenzo/flutter_inappwebview_android/webview/FlutterWebViewFactory;->create(Landroid/content/Context;ILjava/lang/Object;)Lio/flutter/plugin/platform/PlatformView; < extends Ljava/lang/Object, implements []
COMPONENT CONCAT > Lcom/pichillilorenzo/flutter_inappwebview_android/headless_in_app_webview/HeadlessInAppWebViewManager;->onMethodCall(Lio/flutter/plugin/common/MethodCall;Lio/flutter/plugin/common/MethodChannel$Result;)V < extends Ljava/lang/Object, implements ['Lcom/pichillilorenzo/flutter_inappwebview_android/types/IChannelDelegate']
COMPONENT CONCAT > Lcom/pichillilorenzo/flutter_inappwebview_android/webview/WebViewChannelDelegate;->onMethodCall(Lio/flutter/plugin/common/MethodCall;Lio/flutter/plugin/common/MethodChannel$Result;)V < extends Ljava/lang/Object, implements ['Lcom/pichillilorenzo/flutter_inappwebview_android/types/IChannelDelegate']
COMPONENT CONCAT > Lcom/hiennv/flutter_callkit_incoming/CallkitIncomingActivity;->onCreate(Landroid/os/Bundle;)V < extends Landroid/app/Activity, implements []
COMPONENT CONCAT > Lcom/pichillilorenzo/flutter_inappwebview_android/headless_in_app_webview/HeadlessWebViewChannelDelegate;->onMethodCall(Lio/flutter/plugin/common/MethodCall;Lio/flutter/plugin/common/MethodChannel$Result;)V < extends Ljava/lang/Object, implements ['Lcom/pichillilorenzo/flutter_inappwebview_android/types/IChannelDelegate']
COMPONENT CONCAT > Lcom/benjaminabel/vibration/VibrationMethodChannelHandler;->onMethodCall(Lio/flutter/plugin/common/MethodCall;Lio/flutter/plugin/common/MethodChannel$Result;)V < extends Ljava/lang/Object, implements ['Lio/flutter/plugin/common/MethodChannel$MethodCallHandler']
COMPONENT CONCAT > Lcom/zegocloud/uikit/zego_uikit_plugin/ZegoUikitPlugin;->onMethodCall(Lio/flutter/plugin/common/MethodCall;Lio/flutter/plugin/common/MethodChannel$Result;)V < extends Ljava/lang/Object, implements ['Lio/flutter/embedding/engine/plugins/FlutterPlugin', 'Lio/flutter/plugin/common/MethodChannel$MethodCallHandler', 'Lio/flutter/embedding/engine/plugins/activity/ActivityAware']
COMPONENT CONCAT > Lcom/pichillilorenzo/flutter_inappwebview_android/webview/in_app_webview/InAppWebViewSettings;->getRealSettings(Ljava/lang/Object;)Ljava/util/Map; < extends Ljava/lang/Object, implements ['Lcom/pichillilorenzo/flutter_inappwebview_android/ISettings']
COMPONENT CONCAT > Lcom/fluttercandies/photo_manager/core/utils/AndroidQDBUtils;->getOriginBytes(Landroid/content/Context;Lcom/fluttercandies/photo_manager/core/entity/AssetEntity;Z)[B < extends Ljava/lang/Object, implements ['Lcom/fluttercandies/photo_manager/core/utils/IDBUtils']
COMPONENT CONCAT > Lcom/fluttercandies/photo_manager/core/utils/AndroidQDBUtils;->getExif(Landroid/content/Context;Ljava/lang/String;)Landroidx/exifinterface/media/ExifInterface; < extends Ljava/lang/Object, implements ['Lcom/fluttercandies/photo_manager/core/utils/IDBUtils']
COMPONENT CONCAT > Lcom/fluttercandies/photo_manager/core/utils/DBUtils;->getUri(JIZ)Landroid/net/Uri; < extends Ljava/lang/Object, implements ['Lcom/fluttercandies/photo_manager/core/utils/IDBUtils']
COMPONENT CONCAT > Lcom/fluttercandies/photo_manager/core/utils/AndroidQDBUtils;->copyToGallery(Landroid/content/Context;Ljava/lang/String;Ljava/lang/String;)Lcom/fluttercandies/photo_manager/core/entity/AssetEntity; < extends Ljava/lang/Object, implements ['Lcom/fluttercandies/photo_manager/core/utils/IDBUtils']
COMPONENT CONCAT > Lcom/fluttercandies/photo_manager/core/utils/AndroidQDBUtils;->getFilePath(Landroid/content/Context;Ljava/lang/String;Z)Ljava/lang/String; < extends Ljava/lang/Object, implements ['Lcom/fluttercandies/photo_manager/core/utils/IDBUtils']
COMPONENT CONCAT > Lcom/dexterous/flutterlocalnotifications/ScheduledNotificationReceiver;->onReceive(Landroid/content/Context;Landroid/content/Intent;)V < extends Landroid/content/BroadcastReceiver, implements []
COMPONENT CONCAT > Lcom/fluttercandies/photo_manager/permission/PermissionDelegate;->havePermissions(Landroid/content/Context;[Ljava/lang/String;)Z < extends Ljava/lang/Object, implements []
COMPONENT CONCAT > Lcom/pravera/flutter_foreground_task/FlutterForegroundTaskPlugin;->onAttachedToEngine(Lio/flutter/embedding/engine/plugins/FlutterPlugin$FlutterPluginBinding;)V < extends Ljava/lang/Object, implements ['Lio/flutter/embedding/engine/plugins/FlutterPlugin', 'Lio/flutter/embedding/engine/plugins/activity/ActivityAware', 'Lcom/pravera/flutter_foreground_task/service/ServiceProvider']
COMPONENT CONCAT > Ldev/fluttercommunity/workmanager/BackgroundWorker;->startWork()Lcom/google/common/util/concurrent/ListenableFuture; < extends Landroidx/work/ListenableWorker, implements ['Lio/flutter/plugin/common/MethodChannel$MethodCallHandler']
COMPONENT CONCAT > Ldev/fluttercommunity/workmanager/DebugHelper;->postTaskCompleteNotification$default(Ldev/fluttercommunity/workmanager/DebugHelper;Landroid/content/Context;ILjava/lang/String;Ljava/lang/String;JLandroidx/work/ListenableWorker$Result;ILjava/lang/Object;)V < extends Ljava/lang/Object, implements []
COMPONENT CONCAT > Ldev/fluttercommunity/workmanager/DebugHelper;->postTaskStarting$default(Ldev/fluttercommunity/workmanager/DebugHelper;Landroid/content/Context;ILjava/lang/String;Ljava/lang/String;JLio/flutter/view/FlutterCallbackInformation;Ljava/lang/String;ILjava/lang/Object;)V < extends Ljava/lang/Object, implements []
COMPONENT CONCAT > Ldev/fluttercommunity/workmanager/BackgroundWorker;->onStopped()V < extends Landroidx/work/ListenableWorker, implements ['Lio/flutter/plugin/common/MethodChannel$MethodCallHandler']
COMPONENT CONCAT > Ldev/fluttercommunity/workmanager/BackgroundWorker;->onMethodCall(Lio/flutter/plugin/common/MethodCall;Lio/flutter/plugin/common/MethodChannel$Result;)V < extends Landroidx/work/ListenableWorker, implements ['Lio/flutter/plugin/common/MethodChannel$MethodCallHandler']
COMPONENT CONCAT > Lcom/appinio/socialshare/appinio_social_share/AppinioSocialSharePlugin;->onMethodCall(Lio/flutter/plugin/common/MethodCall;Lio/flutter/plugin/common/MethodChannel$Result;)V < extends Ljava/lang/Object, implements ['Lio/flutter/embedding/engine/plugins/FlutterPlugin', 'Lio/flutter/plugin/common/MethodChannel$MethodCallHandler', 'Lio/flutter/embedding/engine/plugins/activity/ActivityAware']
COMPONENT CONCAT > Lcom/appinio/socialshare/appinio_social_share/utils/SocialShareUtil;->shareUrlToFacebook(Ljava/util/ArrayList;Ljava/lang/String;Ljava/lang/String;Landroid/app/Activity;Lio/flutter/plugin/common/MethodChannel$Result;)V < extends Ljava/lang/Object, implements []
COMPONENT CONCAT > Lcom/mr/flutter/plugin/filepicker/FilePickerPlugin;->onReattachedToActivityForConfigChanges(Lio/flutter/embedding/engine/plugins/activity/ActivityPluginBinding;)V < extends Ljava/lang/Object, implements ['Lio/flutter/plugin/common/MethodChannel$MethodCallHandler', 'Lio/flutter/embedding/engine/plugins/FlutterPlugin', 'Lio/flutter/embedding/engine/plugins/activity/ActivityAware']
