COMPONENT CONCAT > Lfilerecovery/app/recoverall/ui/language/LanguageActivity;->onCreate(Landroid/os/Bundle;)V < extends Landroidx/appcompat/app/AppCompatActivity, implements ['Lv8/c', 'Landroidx/appcompat/app/c', 'Landroidx/core/app/r0$a']
COMPONENT CONCAT > Lz5/n;->a(Landroid/os/Bundle;)Lcom/google/android/exoplayer2/r; < extends Ljava/lang/Object, implements ['Lcom/google/android/exoplayer2/r$a']
COMPONENT CONCAT > Lcom/google/ads/mediation/pangle/PangleMediationAdapter;->loadBannerAd(Lk6/m;Lk6/e;)V < extends Ljava/lang/Object, implements []
COMPONENT CONCAT > Lcom/apm/insight/g/d;->a(JLjava/lang/Thread;Ljava/lang/Throwable;Ljava/lang/String;Ljava/io/File;Ljava/lang/String;Z)V < extends Ljava/lang/Object, implements ['Lcom/apm/insight/g/c']
COMPONENT CONCAT > Lcom/apm/insight/Npth;->openANRMonitor()V < extends Ljava/lang/Object, implements []
COMPONENT CONCAT > Lcom/apm/insight/Npth;->reportError(Ljava/lang/String;)V < extends Ljava/lang/Object, implements []
COMPONENT CONCAT > Lcom/apm/insight/MonitorCrash;->initSDK(Landroid/content/Context;Ljava/lang/String;JLjava/lang/String;[Ljava/lang/String;[Ljava/lang/String;)Lcom/apm/insight/MonitorCrash; < extends Ljava/lang/Object, implements []
COMPONENT CONCAT > Lcom/google/ads/mediation/pangle/PangleMediationAdapter;->loadRewardedAd(Lk6/z;Lk6/e;)V < extends Ljava/lang/Object, implements []
COMPONENT CONCAT > Lcom/apm/insight/i/b;->a(JLjava/lang/Thread;Ljava/lang/Throwable;Ljava/lang/String;Ljava/io/File;Ljava/lang/String;Z)V < extends Ljava/lang/Object, implements ['Lcom/apm/insight/g/c']
COMPONENT CONCAT > Lcom/apm/insight/Npth;->setAnrInfoFileObserver(Ljava/lang/String;Lcom/apm/insight/f;)V < extends Ljava/lang/Object, implements []
COMPONENT CONCAT > Lcom/apm/insight/MonitorCrash;->initSDK(Landroid/content/Context;Ljava/lang/String;JLjava/lang/String;Ljava/lang/String;[Ljava/lang/String;)Lcom/apm/insight/MonitorCrash; < extends Ljava/lang/Object, implements []
COMPONENT CONCAT > Lcom/apm/insight/nativecrash/NativeImpl;->handleNativeCrash(Ljava/lang/String;)V < extends Ljava/lang/Object, implements []
COMPONENT CONCAT > Lcom/apm/insight/nativecrash/NativeImpl;->reportEventForAnrMonitor()V < extends Ljava/lang/Object, implements []
COMPONENT CONCAT > Lcom/apm/insight/Npth;->initMiniApp(Landroid/content/Context;Lcom/apm/insight/ICommonParams;ILjava/lang/String;)V < extends Ljava/lang/Object, implements []
COMPONENT CONCAT > Lcom/apm/insight/Npth;->reportError(Ljava/lang/Throwable;)V < extends Ljava/lang/Object, implements []
COMPONENT CONCAT > Lcom/apm/insight/Npth;->openNativeCrashMonitor()Z < extends Ljava/lang/Object, implements []
COMPONENT CONCAT > Lcom/apm/insight/Npth;->reportDartError(Ljava/lang/String;Ljava/util/Map;Ljava/util/Map;Lcom/apm/insight/g;)V < extends Ljava/lang/Object, implements []
COMPONENT CONCAT > Lcom/google/ads/mediation/pangle/PangleMediationAdapter;->loadInterstitialAd(Lk6/s;Lk6/e;)V < extends Ljava/lang/Object, implements []
COMPONENT CONCAT > Lcom/apm/insight/Npth;->reportDartError(Ljava/lang/String;)V < extends Ljava/lang/Object, implements []
COMPONENT CONCAT > Lcom/apm/insight/Npth;->stopAnr()V < extends Ljava/lang/Object, implements []
COMPONENT CONCAT > Lcom/google/ads/mediation/pangle/PangleMediationAdapter;->loadNativeAd(Lk6/v;Lk6/e;)V < extends Ljava/lang/Object, implements []
COMPONENT CONCAT > Lcom/apm/insight/Npth;->initMiniApp(Landroid/content/Context;Lcom/apm/insight/ICommonParams;)V < extends Ljava/lang/Object, implements []
COMPONENT CONCAT > Lcom/apm/insight/g/a;->uncaughtException(Ljava/lang/Thread;Ljava/lang/Throwable;)V < extends Ljava/lang/Object, implements ['Ljava/lang/Thread$UncaughtExceptionHandler']
COMPONENT CONCAT > Lcom/apm/insight/runtime/ConfigManager;->updateDid(Ljava/lang/String;)V < extends Ljava/lang/Object, implements []
COMPONENT CONCAT > Lcom/apm/insight/k/a;-><clinit>()V < extends Ljava/lang/Object, implements []
COMPONENT CONCAT > Lcom/apm/insight/Npth;->reportDartError(Ljava/lang/String;Ljava/util/Map;Ljava/util/Map;Ljava/util/Map;Lcom/apm/insight/g;)V < extends Ljava/lang/Object, implements []
COMPONENT CONCAT > Lcom/apm/insight/Npth;->enableALogCollector(Ljava/lang/String;Lcom/apm/insight/a/b;Lcom/apm/insight/a/c;)V < extends Ljava/lang/Object, implements []
COMPONENT CONCAT > Lcom/google/ads/mediation/pangle/PangleMediationAdapter;->initialize(Landroid/content/Context;Lk6/b;Ljava/util/List;)V < extends Ljava/lang/Object, implements []
COMPONENT CONCAT > Lcom/google/ads/mediation/pangle/PangleMediationAdapter;->loadAppOpenAd(Lk6/j;Lk6/e;)V < extends Ljava/lang/Object, implements []
COMPONENT CONCAT > Lcom/bytedance/sdk/openadsdk/a/c/h;->registerViewForInteraction(Landroid/view/ViewGroup;Ljava/util/List;Ljava/util/List;Landroid/view/View;Lcom/bytedance/sdk/openadsdk/api/nativeAd/PAGNativeAdInteractionCallback;)V < extends Ljava/lang/Object, implements ['Lcom/bytedance/sdk/openadsdk/api/PangleAd', 'Lcom/bytedance/sdk/openadsdk/api/PAGClientBidding']
COMPONENT CONCAT > Lcom/bytedance/sdk/openadsdk/a/c/d;->getIcon()Lcom/bytedance/sdk/openadsdk/api/nativeAd/PAGImageItem; < extends Ljava/lang/Object, implements ['Lcom/bytedance/sdk/openadsdk/api/nativeAd/PAGNativeAdData']
COMPONENT CONCAT > Lcom/bytedance/sdk/openadsdk/b/m/f;->show(Landroid/app/Activity;)V < extends Ljava/lang/Object, implements ['Lcom/bytedance/sdk/openadsdk/api/PangleAd', 'Lcom/bytedance/sdk/openadsdk/api/PAGClientBidding']
COMPONENT CONCAT > Lcom/bytedance/sdk/openadsdk/activity/TTVideoLandingPageLink2Activity;->onDestroy()V < extends Landroid/app/Activity, implements ['Lcom/bytedance/sdk/openadsdk/i/d']
COMPONENT CONCAT > Lcom/bytedance/sdk/openadsdk/core/bannerexpress/a;->a(Landroid/os/Message;)V < extends Ljava/lang/Object, implements ['Lcom/bytedance/sdk/component/utils/y$a', 'Lcom/bytedance/sdk/openadsdk/api/PangleAd', 'Lcom/bytedance/sdk/openadsdk/api/PAGClientBidding']
COMPONENT CONCAT > Lcom/bytedance/sdk/openadsdk/activity/TTVideoLandingPageActivity;->onResume()V < extends Landroid/app/Activity, implements ['Lcom/bytedance/sdk/openadsdk/i/d']
COMPONENT CONCAT > Lcom/bytedance/sdk/openadsdk/b/b;->b()V < extends Ljava/lang/Object, implements []
COMPONENT CONCAT > Lcom/bytedance/sdk/openadsdk/core/bannerexpress/a;->getBannerView()Landroid/view/View; < extends Ljava/lang/Object, implements ['Lcom/bytedance/sdk/component/utils/y$a', 'Lcom/bytedance/sdk/openadsdk/api/PangleAd', 'Lcom/bytedance/sdk/openadsdk/api/PAGClientBidding']
COMPONENT CONCAT > Lcom/bytedance/sdk/openadsdk/a/c/d;->getAdLogoView()Landroid/view/View; < extends Ljava/lang/Object, implements ['Lcom/bytedance/sdk/openadsdk/api/nativeAd/PAGNativeAdData']
COMPONENT CONCAT > Lcom/bytedance/sdk/openadsdk/activity/TTBaseVideoActivity;->onResume()V < extends Landroid/app/Activity, implements ['Lcom/bytedance/sdk/component/utils/y$a', 'Lcom/bytedance/sdk/openadsdk/core/j0/c/b', 'Lcom/bytedance/sdk/openadsdk/core/j0/c/c']
COMPONENT CONCAT > Lcom/bytedance/sdk/openadsdk/b/b;->d()I < extends Ljava/lang/Object, implements []
COMPONENT CONCAT > Lcom/bytedance/sdk/openadsdk/activity/TTVideoLandingPageLink2Activity;-><init>()V < extends Landroid/app/Activity, implements ['Lcom/bytedance/sdk/openadsdk/i/d']
COMPONENT CONCAT > Lcom/bytedance/sdk/openadsdk/b/m/q/e;->a(Lj2/n;)V < extends Ljava/lang/Object, implements ['Lcom/bytedance/sdk/openadsdk/k/f']
COMPONENT CONCAT > Lcom/bytedance/sdk/openadsdk/core/bannerexpress/a;->setAdInteractionCallback(Lcom/bytedance/sdk/openadsdk/api/banner/PAGBannerAdInteractionCallback;)V < extends Ljava/lang/Object, implements ['Lcom/bytedance/sdk/component/utils/y$a', 'Lcom/bytedance/sdk/openadsdk/api/PangleAd', 'Lcom/bytedance/sdk/openadsdk/api/PAGClientBidding']
COMPONENT CONCAT > Lcom/bytedance/sdk/openadsdk/activity/TTBaseVideoActivity;->onWindowFocusChanged(Z)V < extends Landroid/app/Activity, implements ['Lcom/bytedance/sdk/component/utils/y$a', 'Lcom/bytedance/sdk/openadsdk/core/j0/c/b', 'Lcom/bytedance/sdk/openadsdk/core/j0/c/c']
COMPONENT CONCAT > Lcom/bytedance/sdk/openadsdk/b/d;->show(Landroid/app/Activity;)V < extends Ljava/lang/Object, implements ['Lcom/bytedance/sdk/openadsdk/api/PangleAd', 'Lcom/bytedance/sdk/openadsdk/api/PAGClientBidding']
COMPONENT CONCAT > Lcom/bytedance/sdk/openadsdk/core/bannerexpress/c;->a(Landroid/content/Context;Lcom/bytedance/sdk/openadsdk/core/f0/q;Lcom/bytedance/sdk/openadsdk/AdSlot;)V < extends Ljava/lang/Object, implements ['Lcom/bytedance/sdk/component/utils/y$a', 'Lcom/bytedance/sdk/openadsdk/api/PangleAd', 'Lcom/bytedance/sdk/openadsdk/api/PAGClientBidding']
COMPONENT CONCAT > Lcom/bytedance/sdk/openadsdk/b/b;->a(IIZ)V < extends Ljava/lang/Object, implements []
COMPONENT CONCAT > Lcom/bytedance/sdk/openadsdk/a/c/d;->getMediaType()Lcom/bytedance/sdk/openadsdk/api/nativeAd/PAGNativeAdData$PAGNativeMediaType; < extends Ljava/lang/Object, implements ['Lcom/bytedance/sdk/openadsdk/api/nativeAd/PAGNativeAdData']
COMPONENT CONCAT > Lcom/bytedance/sdk/openadsdk/a/c/d;->getTitle()Ljava/lang/String; < extends Ljava/lang/Object, implements ['Lcom/bytedance/sdk/openadsdk/api/nativeAd/PAGNativeAdData']
COMPONENT CONCAT > Lcom/bytedance/sdk/openadsdk/b/b;->g()V < extends Ljava/lang/Object, implements []
COMPONENT CONCAT > Lcom/bytedance/sdk/openadsdk/a/c/h;->getNativeAdData()Lcom/bytedance/sdk/openadsdk/api/nativeAd/PAGNativeAdData; < extends Ljava/lang/Object, implements ['Lcom/bytedance/sdk/openadsdk/api/PangleAd', 'Lcom/bytedance/sdk/openadsdk/api/PAGClientBidding']
COMPONENT CONCAT > Lcom/bytedance/sdk/openadsdk/core/n;->a(Landroid/view/ViewGroup;Lcom/bytedance/sdk/openadsdk/core/EmptyView;Ljava/util/List;Ljava/util/List;)V < extends Ljava/lang/Object, implements []
COMPONENT CONCAT > Lcom/bytedance/sdk/openadsdk/b/b;->a(Landroid/view/ViewGroup;)V < extends Ljava/lang/Object, implements []
COMPONENT CONCAT > Lcom/bytedance/sdk/openadsdk/core/nativeexpress/n;->a(Lj2/g;)V < extends Ljava/lang/Object, implements ['Lj2/d']
COMPONENT CONCAT > Lcom/bytedance/sdk/openadsdk/TTC5Proxy;->loadFeed(Landroid/content/Context;Lcom/bytedance/sdk/openadsdk/AdSlot;Lcom/bytedance/sdk/openadsdk/api/nativeAd/PAGNativeAdLoadListener;)V < extends Ljava/lang/Object, implements []
COMPONENT CONCAT > Lcom/bytedance/sdk/openadsdk/core/x;->clickEvent(Ljava/lang/String;)V < extends Ljava/lang/Object, implements ['Lcom/bytedance/sdk/component/utils/y$a', 'Lcom/bytedance/sdk/openadsdk/i/b', 'Lb/b/a/a/d/h/b']
COMPONENT CONCAT > Lcom/bytedance/sdk/openadsdk/q/c/h;->a(I)V < extends Ljava/lang/Object, implements []
COMPONENT CONCAT > Lcom/bytedance/sdk/openadsdk/a/c/d;->getAdChoicesView()Landroid/view/View; < extends Ljava/lang/Object, implements ['Lcom/bytedance/sdk/openadsdk/api/nativeAd/PAGNativeAdData']
COMPONENT CONCAT > Lcom/bytedance/sdk/openadsdk/activity/TTVideoLandingPageActivity;->onPause()V < extends Landroid/app/Activity, implements ['Lcom/bytedance/sdk/openadsdk/i/d']
COMPONENT CONCAT > Lcom/bytedance/sdk/openadsdk/e/a;->createBannerAdLoader()Lcom/bytedance/sdk/openadsdk/api/factory/IADLoader; < extends Ljava/lang/Object, implements ['Lcom/bytedance/sdk/openadsdk/api/factory/IADTypeLoaderFactory']
COMPONENT CONCAT > Lcom/bytedance/sdk/openadsdk/a/c/d;->getMediaView()Lcom/bytedance/sdk/openadsdk/api/nativeAd/PAGMediaView; < extends Ljava/lang/Object, implements ['Lcom/bytedance/sdk/openadsdk/api/nativeAd/PAGNativeAdData']
COMPONENT CONCAT > Lcom/bytedance/sdk/openadsdk/b/m/q/e;->a(IJ)V < extends Ljava/lang/Object, implements ['Lcom/bytedance/sdk/openadsdk/k/f']
COMPONENT CONCAT > Lcom/bytedance/sdk/openadsdk/activity/TTVideoLandingPageLink2Activity;->t()V < extends Landroid/app/Activity, implements ['Lcom/bytedance/sdk/openadsdk/i/d']
COMPONENT CONCAT > Lcom/bytedance/sdk/openadsdk/activity/TTVideoLandingPageLink2Activity;->s()V < extends Landroid/app/Activity, implements ['Lcom/bytedance/sdk/openadsdk/i/d']
COMPONENT CONCAT > Lcom/bytedance/sdk/openadsdk/a/c/b;->showPrivacyActivity()V < extends Ljava/lang/Object, implements ['Ls1/c$d', 'Ls1/c$c', 'Lcom/bytedance/sdk/openadsdk/m/g/a$a', 'Lcom/bytedance/sdk/openadsdk/api/PangleAd', 'Lcom/bytedance/sdk/openadsdk/api/PAGClientBidding']
COMPONENT CONCAT > Lcom/bytedance/sdk/openadsdk/b/m/q/h;->j()Lcom/bytedance/sdk/openadsdk/b/m/q/b$c; < extends Ljava/lang/Object, implements []
COMPONENT CONCAT > Lcom/bytedance/sdk/openadsdk/activity/TTVideoLandingPageActivity;->onSaveInstanceState(Landroid/os/Bundle;)V < extends Landroid/app/Activity, implements ['Lcom/bytedance/sdk/openadsdk/i/d']
COMPONENT CONCAT > Lcom/bytedance/sdk/openadsdk/b/m/h;->show(Landroid/app/Activity;)V < extends Ljava/lang/Object, implements ['Lcom/bytedance/sdk/openadsdk/api/PangleAd', 'Lcom/bytedance/sdk/openadsdk/api/PAGClientBidding']
COMPONENT CONCAT > Lcom/bytedance/sdk/openadsdk/activity/TTPlayableLandingPageActivity;->onCreate(Landroid/os/Bundle;)V < extends Landroid/app/Activity, implements ['Lcom/bytedance/sdk/component/utils/y$a', 'Lcom/bytedance/sdk/openadsdk/core/c0/d', 'Lcom/bytedance/sdk/openadsdk/k/g']
COMPONENT CONCAT > Lcom/bytedance/sdk/openadsdk/core/bannerexpress/a;->setAdInteractionListener(Lcom/bytedance/sdk/openadsdk/api/banner/PAGBannerAdInteractionListener;)V < extends Ljava/lang/Object, implements ['Lcom/bytedance/sdk/component/utils/y$a', 'Lcom/bytedance/sdk/openadsdk/api/PangleAd', 'Lcom/bytedance/sdk/openadsdk/api/PAGClientBidding']
COMPONENT CONCAT > Lcom/bytedance/sdk/openadsdk/a/c/d;->getDescription()Ljava/lang/String; < extends Ljava/lang/Object, implements ['Lcom/bytedance/sdk/openadsdk/api/nativeAd/PAGNativeAdData']
COMPONENT CONCAT > Lcom/bytedance/sdk/openadsdk/j/b/e;->a(Ljava/lang/Object;Lb/b/a/a/e/f;)Ljava/lang/Object; < extends Ljava/lang/Object, implements []
COMPONENT CONCAT > Lu3/b;->b()V < extends Ljava/lang/Object, implements ['Lu3/c']
COMPONENT CONCAT > Lcom/bytedance/sdk/openadsdk/a/c/d;->getButtonText()Ljava/lang/String; < extends Ljava/lang/Object, implements ['Lcom/bytedance/sdk/openadsdk/api/nativeAd/PAGNativeAdData']
COMPONENT CONCAT > Lcom/bytedance/sdk/openadsdk/core/x;->a(Landroid/os/Message;)V < extends Ljava/lang/Object, implements ['Lcom/bytedance/sdk/component/utils/y$a', 'Lcom/bytedance/sdk/openadsdk/i/b', 'Lb/b/a/a/d/h/b']
COMPONENT CONCAT > Lcom/bytedance/sdk/openadsdk/activity/TTVideoLandingPageLink2Activity;->onCreate(Landroid/os/Bundle;)V < extends Landroid/app/Activity, implements ['Lcom/bytedance/sdk/openadsdk/i/d']
COMPONENT CONCAT > Lcom/bytedance/sdk/openadsdk/j/b/c;->a(Ljava/lang/Object;Lb/b/a/a/e/f;)V < extends Ljava/lang/Object, implements []
COMPONENT CONCAT > Lcom/bytedance/sdk/openadsdk/core/video/nativevideo/c;->a(Lb/a/a/a/a/a/a/f/c;)Z < extends Ljava/lang/Object, implements ['Ls1/c', 'Lcom/bytedance/sdk/openadsdk/core/video/nativevideo/a', 'Lcom/bytedance/sdk/component/utils/y$a']
COMPONENT CONCAT > Lz5/f0;-><clinit>()V < extends Ljava/lang/Object, implements ['Lcom/google/android/exoplayer2/r']
COMPONENT CONCAT > Lz5/e0;->a(Landroid/os/Bundle;)Lcom/google/android/exoplayer2/r; < extends Ljava/lang/Object, implements ['Lcom/google/android/exoplayer2/r$a']
COMPONENT CONCAT > Lz5/m;->m(Lz5/f0;)V < extends Ljava/lang/Object, implements ['Lcom/google/android/exoplayer2/u3$a']
COMPONENT CONCAT > Lcom/google/android/exoplayer2/d0;->get()Ljava/lang/Object; < extends Ljava/lang/Object, implements ['Lcom/google/common/base/p']
COMPONENT CONCAT > Lb/b/a/a/d/d/i/f;->b(Lj2/m;)V < extends Ljava/lang/Object, implements ['Lb/b/a/a/d/d/i/g']
COMPONENT CONCAT > Lr5/a;->f(Lcom/google/android/exoplayer2/text/m;)V < extends Ljava/lang/Object, implements ['Lcom/google/android/exoplayer2/text/j']
COMPONENT CONCAT > Lq3/a;->a(Landroid/os/Message;)V < extends Ljava/lang/Object, implements ['Lcom/bytedance/sdk/component/utils/y$a']
COMPONENT CONCAT > Lcom/bytedance/sdk/openadsdk/core/settings/n$i;-><clinit>()V < extends Ljava/lang/Object, implements []
COMPONENT CONCAT > Lq3/e;-><init>()V < extends Ljava/lang/Object, implements []
COMPONENT CONCAT > Lcom/bytedance/sdk/openadsdk/core/settings/h;->a(Lorg/json/JSONObject;)V < extends Ljava/lang/Object, implements ['Lcom/bytedance/sdk/openadsdk/core/settings/c']
COMPONENT CONCAT > Lcom/bytedance/sdk/openadsdk/core/settings/n;->s()V < extends Ljava/lang/Object, implements ['Lcom/bytedance/sdk/openadsdk/core/settings/d', 'Lcom/bytedance/sdk/openadsdk/core/settings/l$b']
COMPONENT CONCAT > Lq3/f;->a(Ll2/g$a;)Ll2/k; < extends Ljava/lang/Object, implements ['Ll2/g']
COMPONENT CONCAT > Lcom/bytedance/sdk/openadsdk/core/settings/n$f;->run()V < extends Ljava/lang/Object, implements ['Ljava/lang/Runnable']
COMPONENT CONCAT > Lcom/bytedance/sdk/openadsdk/core/settings/n$b;->run()V < extends Ljava/lang/Object, implements ['Ljava/lang/Runnable']
COMPONENT CONCAT > Lcom/bytedance/sdk/openadsdk/core/m;-><init>()V < extends Ljava/lang/Object, implements []
COMPONENT CONCAT > Lcom/bytedance/sdk/openadsdk/core/settings/n;->a(Landroid/content/Context;)V < extends Ljava/lang/Object, implements ['Lcom/bytedance/sdk/openadsdk/core/settings/d', 'Lcom/bytedance/sdk/openadsdk/core/settings/l$b']
COMPONENT CONCAT > Lcom/bytedance/sdk/openadsdk/core/settings/n;->b(IZ)V < extends Ljava/lang/Object, implements ['Lcom/bytedance/sdk/openadsdk/core/settings/d', 'Lcom/bytedance/sdk/openadsdk/core/settings/l$b']
COMPONENT CONCAT > Lq3/g;->b(I)Lq3/e; < extends Ljava/lang/Object, implements []
COMPONENT CONCAT > Lcom/bytedance/sdk/openadsdk/core/settings/n;->p0()V < extends Ljava/lang/Object, implements ['Lcom/bytedance/sdk/openadsdk/core/settings/d', 'Lcom/bytedance/sdk/openadsdk/core/settings/l$b']
COMPONENT CONCAT > Lq3/a$c;->a(Lp3/c;Ljava/io/IOException;)V < extends Ljava/lang/Object, implements []
COMPONENT CONCAT > Lq3/a$c;->a(Lp3/c;Ln3/b;)V < extends Ljava/lang/Object, implements []
COMPONENT CONCAT > Lq3/a;->d(I)V < extends Ljava/lang/Object, implements ['Lcom/bytedance/sdk/component/utils/y$a']
COMPONENT CONCAT > Lcom/bytedance/sdk/openadsdk/core/m$a;-><clinit>()V < extends Ljava/lang/Object, implements []
COMPONENT CONCAT > Lcom/bytedance/sdk/openadsdk/activity/TTRewardExpressVideoActivity$a;->a()V < extends Ljava/lang/Object, implements ['Ls1/c$a']
COMPONENT CONCAT > Lcom/bytedance/sdk/openadsdk/activity/TTRewardVideoActivity;->b(I)V < extends Landroid/app/Activity, implements ['Lcom/bytedance/sdk/component/utils/y$a', 'Lcom/bytedance/sdk/openadsdk/core/j0/c/b', 'Lcom/bytedance/sdk/openadsdk/core/j0/c/c']
COMPONENT CONCAT > Lcom/bytedance/sdk/openadsdk/activity/TTRewardExpressVideoActivity$a;->h()V < extends Ljava/lang/Object, implements ['Ls1/c$a']
COMPONENT CONCAT > Lcom/bytedance/sdk/openadsdk/activity/TTRewardVideoActivity$e;->a()V < extends Ljava/lang/Object, implements ['Ls1/c$a']
COMPONENT CONCAT > Lh2/e;->e(Ljava/lang/String;Ljava/lang/String;Ljava/lang/String;)V < extends Ljava/lang/Object, implements []
COMPONENT CONCAT > Lcom/bytedance/sdk/openadsdk/d/p/k;->k()Ljava/lang/String; < extends Ljava/lang/Object, implements ['Lx2/e']
COMPONENT CONCAT > Lcom/bytedance/sdk/openadsdk/core/q;->a(Lorg/json/JSONObject;)Lcom/bytedance/sdk/openadsdk/d/e; < extends Ljava/lang/Object, implements ['Lcom/bytedance/sdk/openadsdk/core/p']
COMPONENT CONCAT > Lcom/bytedance/sdk/openadsdk/core/q$a;->run()V < extends Ljava/lang/Object, implements ['Ljava/lang/Runnable', 'Ljava/lang/Comparable']
COMPONENT CONCAT > Lcom/bytedance/sdk/openadsdk/core/settings/j;->a(I)V < extends Ljava/lang/Object, implements []
COMPONENT CONCAT > Lcom/bytedance/sdk/openadsdk/core/settings/n;-><clinit>()V < extends Ljava/lang/Object, implements ['Lcom/bytedance/sdk/openadsdk/core/settings/d', 'Lcom/bytedance/sdk/openadsdk/core/settings/l$b']
COMPONENT CONCAT > Lh2/e;->f(Ljava/lang/String;Ljava/lang/String;Ljava/lang/String;Ljava/lang/String;Ljava/lang/String;Ljava/lang/String;)V < extends Ljava/lang/Object, implements []
COMPONENT CONCAT > Lcom/bytedance/sdk/openadsdk/d/p/d;->a(Landroid/content/Context;Z)V < extends Ljava/lang/Object, implements []
COMPONENT CONCAT > Lcom/bytedance/sdk/openadsdk/core/q;->a(Lorg/json/JSONObject;Ljava/lang/String;Z)Lcom/bytedance/sdk/openadsdk/d/e; < extends Ljava/lang/Object, implements ['Lcom/bytedance/sdk/openadsdk/core/p']
COMPONENT CONCAT > Lq3/e$a;->handleMessage(Landroid/os/Message;)V < extends Landroid/os/Handler, implements []
COMPONENT CONCAT > Lcom/bytedance/sdk/openadsdk/api/init/PAGInitHelper;->maybeAsyncInitTask(Landroid/content/Context;)V < extends Ljava/lang/Object, implements []
COMPONENT CONCAT > Lcom/bytedance/sdk/openadsdk/core/j0/c/a;->g(Lcom/bytedance/sdk/openadsdk/core/j0/c/a;)V < extends Ljava/lang/Object, implements ['Ls1/c', 'Lcom/bytedance/sdk/openadsdk/core/video/nativevideo/a', 'Lcom/bytedance/sdk/component/utils/y$a']
COMPONENT CONCAT > Lh2/a;->n()V < extends Ljava/lang/Object, implements []
COMPONENT CONCAT > Lcom/bytedance/sdk/openadsdk/activity/TTRewardVideoActivity$e;->a(JI)V < extends Ljava/lang/Object, implements ['Ls1/c$a']
COMPONENT CONCAT > Lcom/bytedance/sdk/openadsdk/core/settings/n$a;->run()V < extends Ljava/lang/Object, implements ['Ljava/lang/Runnable', 'Ljava/lang/Comparable']
COMPONENT CONCAT > Lh2/a;->i()Li2/a; < extends Ljava/lang/Object, implements []
COMPONENT CONCAT > Lcom/bytedance/sdk/openadsdk/core/q;->a(Lcom/bytedance/sdk/openadsdk/AdSlot;Lcom/bytedance/sdk/openadsdk/core/f0/s;ILcom/bytedance/sdk/openadsdk/core/p$a;)V < extends Ljava/lang/Object, implements ['Lcom/bytedance/sdk/openadsdk/core/p']
COMPONENT CONCAT > Lcom/bytedance/sdk/openadsdk/d/p/j$a;->run()V < extends Ljava/lang/Object, implements ['Ljava/lang/Runnable', 'Ljava/lang/Comparable']
COMPONENT CONCAT > Lcom/bytedance/sdk/openadsdk/d/p/d;->a(Ljava/util/List;)V < extends Ljava/lang/Object, implements []
COMPONENT CONCAT > Lcom/bytedance/sdk/openadsdk/d/p/d;->a(Lcom/bytedance/sdk/openadsdk/d/a;)V < extends Ljava/lang/Object, implements []
COMPONENT CONCAT > Lcom/bytedance/sdk/openadsdk/api/init/PAGSdk;->h(Landroid/content/Context;Lcom/bytedance/sdk/openadsdk/InitConfig;)V < extends Ljava/lang/Object, implements []
COMPONENT CONCAT > Lcom/bytedance/sdk/openadsdk/l/c/b;->a()Lorg/json/JSONObject; < extends Ljava/lang/Object, implements ['Lcom/bytedance/sdk/openadsdk/l/c/a']
COMPONENT CONCAT > Lcom/bytedance/sdk/openadsdk/core/settings/n;-><init>()V < extends Ljava/lang/Object, implements ['Lcom/bytedance/sdk/openadsdk/core/settings/d', 'Lcom/bytedance/sdk/openadsdk/core/settings/l$b']
COMPONENT CONCAT > Lcom/bytedance/sdk/openadsdk/activity/TTRewardVideoActivity$e;->h()V < extends Ljava/lang/Object, implements ['Ls1/c$a']
COMPONENT CONCAT > Lcom/bytedance/sdk/openadsdk/d/p/e;->a(Landroid/net/Uri;)Ljava/lang/String; < extends Ljava/lang/Object, implements ['Lcom/bytedance/sdk/openadsdk/m/a']
COMPONENT CONCAT > Lcom/bytedance/sdk/openadsdk/d/p/l$a;->run()V < extends Ljava/lang/Object, implements ['Ljava/lang/Runnable', 'Ljava/lang/Comparable']
COMPONENT CONCAT > Lcom/bytedance/sdk/openadsdk/core/w;->d()Ljava/lang/String; < extends Ljava/lang/Object, implements ['Lcom/bytedance/sdk/openadsdk/core/u']
COMPONENT CONCAT > Lcom/bytedance/sdk/openadsdk/activity/TTRewardVideoActivity;->u()V < extends Landroid/app/Activity, implements ['Lcom/bytedance/sdk/component/utils/y$a', 'Lcom/bytedance/sdk/openadsdk/core/j0/c/b', 'Lcom/bytedance/sdk/openadsdk/core/j0/c/c']
COMPONENT CONCAT > Lcom/bytedance/sdk/openadsdk/core/video/nativevideo/c;->j(Lcom/bytedance/sdk/openadsdk/core/video/nativevideo/c;)V < extends Ljava/lang/Object, implements ['Ls1/c', 'Lcom/bytedance/sdk/openadsdk/core/video/nativevideo/a', 'Lcom/bytedance/sdk/component/utils/y$a']
COMPONENT CONCAT > Lh2/a;->o()Z < extends Ljava/lang/Object, implements []
COMPONENT CONCAT > Lcom/bytedance/sdk/openadsdk/core/settings/n$j;-><init>(Lcom/bytedance/sdk/openadsdk/core/settings/n;)V < extends Landroid/content/BroadcastReceiver, implements []
COMPONENT CONCAT > Lcom/bytedance/sdk/openadsdk/activity/TTRewardVideoActivity;->a(JJ)V < extends Landroid/app/Activity, implements ['Lcom/bytedance/sdk/component/utils/y$a', 'Lcom/bytedance/sdk/openadsdk/core/j0/c/b', 'Lcom/bytedance/sdk/openadsdk/core/j0/c/c']
COMPONENT CONCAT > Lcom/bytedance/sdk/openadsdk/activity/TTRewardVideoActivity;->f()V < extends Landroid/app/Activity, implements ['Lcom/bytedance/sdk/component/utils/y$a', 'Lcom/bytedance/sdk/openadsdk/core/j0/c/b', 'Lcom/bytedance/sdk/openadsdk/core/j0/c/c']
COMPONENT CONCAT > Lcom/bytedance/sdk/openadsdk/activity/TTRewardExpressVideoActivity$a;->a(JI)V < extends Ljava/lang/Object, implements ['Ls1/c$a']
COMPONENT CONCAT > Lcom/bytedance/sdk/openadsdk/core/settings/n;->a(Z)V < extends Ljava/lang/Object, implements ['Lcom/bytedance/sdk/openadsdk/core/settings/d', 'Lcom/bytedance/sdk/openadsdk/core/settings/l$b']
COMPONENT CONCAT > Lcom/bytedance/sdk/openadsdk/core/settings/n;->a(J)V < extends Ljava/lang/Object, implements ['Lcom/bytedance/sdk/openadsdk/core/settings/d', 'Lcom/bytedance/sdk/openadsdk/core/settings/l$b']
COMPONENT CONCAT > Lcom/bytedance/sdk/openadsdk/b/m/e;->finalize()V < extends Ljava/lang/Object, implements []
COMPONENT CONCAT > Lcom/bytedance/sdk/openadsdk/core/nativeexpress/k;->d(I)V < extends Ljava/lang/Object, implements ['Lj2/i']
COMPONENT CONCAT > Lcom/bytedance/sdk/openadsdk/core/x;->dynamicTrack(Ljava/lang/String;)V < extends Ljava/lang/Object, implements ['Lcom/bytedance/sdk/component/utils/y$a', 'Lcom/bytedance/sdk/openadsdk/i/b', 'Lb/b/a/a/d/h/b']
COMPONENT CONCAT > Lcom/bytedance/sdk/openadsdk/TTC3Proxy;->a(Landroid/content/Context;)V < extends Ljava/lang/Object, implements []
COMPONENT CONCAT > Lcom/bytedance/sdk/openadsdk/b/m/q/g;->a(Landroid/widget/FrameLayout;)V < extends Ljava/lang/Object, implements []
COMPONENT CONCAT > Lcom/bytedance/sdk/openadsdk/core/nativeexpress/k;->c(I)V < extends Ljava/lang/Object, implements ['Lj2/i']
COMPONENT CONCAT > Lcom/bytedance/sdk/openadsdk/activity/TTLandingPageActivity;->onDestroy()V < extends Landroid/app/Activity, implements ['Lcom/bytedance/sdk/openadsdk/i/d']
COMPONENT CONCAT > Lcom/bytedance/sdk/openadsdk/core/nativeexpress/k;->g()V < extends Ljava/lang/Object, implements ['Lj2/i']
COMPONENT CONCAT > Lcom/bytedance/sdk/openadsdk/activity/TTLandingPageActivity;->onCreate(Landroid/os/Bundle;)V < extends Landroid/app/Activity, implements ['Lcom/bytedance/sdk/openadsdk/i/d']
COMPONENT CONCAT > Lcom/bytedance/sdk/openadsdk/component/reward/view/c;->f()Landroid/widget/FrameLayout; < extends Ljava/lang/Object, implements []
COMPONENT CONCAT > Lcom/bytedance/sdk/openadsdk/component/reward/view/FullRewardExpressView;->E()V < extends Landroid/widget/FrameLayout, implements ['Lj2/h', 'Lj2/o', 'Lcom/bytedance/sdk/openadsdk/core/nativeexpress/l', 'Lc2/d', 'Lcom/bytedance/sdk/openadsdk/core/c0/a$a']
COMPONENT CONCAT > Lcom/bytedance/sdk/openadsdk/core/bannerexpress/VastBannerBackupView;->o()V < extends Landroid/widget/FrameLayout, implements ['Ls1/c$d', 'Ls1/c$c']
COMPONENT CONCAT > Lcom/bytedance/sdk/openadsdk/core/z;->a(Landroid/content/Context;Ljava/lang/String;Lcom/bytedance/sdk/openadsdk/core/f0/q;ILcom/bytedance/sdk/openadsdk/api/nativeAd/PAGNativeAd;Lcom/bytedance/sdk/openadsdk/api/PangleAd;Ljava/lang/String;Z)Landroid/content/Intent; < extends Ljava/lang/Object, implements []
COMPONENT CONCAT > Lcom/bytedance/sdk/openadsdk/core/z;->a(Landroid/content/Context;Ljava/lang/String;Lcom/bytedance/sdk/openadsdk/core/f0/q;ILjava/lang/String;Z)Z < extends Ljava/lang/Object, implements []
COMPONENT CONCAT > Lcom/bytedance/sdk/openadsdk/b/m/l$g;->a(Landroid/content/Context;Landroid/content/Intent;ZI)V < extends Ljava/lang/Object, implements ['Lcom/bytedance/sdk/component/utils/w$b']
COMPONENT CONCAT > Lcom/bytedance/sdk/openadsdk/d/c$o;->a(IIIILcom/bytedance/sdk/openadsdk/core/f0/q;Ljava/lang/String;I)V < extends Ljava/lang/Object, implements []
COMPONENT CONCAT > Lcom/bytedance/sdk/openadsdk/b/m/p/m;->F()V < extends Ljava/lang/Object, implements ['Lcom/bytedance/sdk/openadsdk/k/g']
COMPONENT CONCAT > Lcom/bytedance/sdk/openadsdk/b/m/q/e;->d()V < extends Ljava/lang/Object, implements ['Lcom/bytedance/sdk/openadsdk/k/f']
COMPONENT CONCAT > Lcom/bytedance/sdk/openadsdk/b/m/p/f$b;->onRenderSuccess(Landroid/view/View;FF)V < extends Ljava/lang/Object, implements ['Lcom/bytedance/sdk/openadsdk/api/banner/PAGBannerAdWrapperListener']
COMPONENT CONCAT > Lcom/bytedance/sdk/openadsdk/b/m/p/l;->a(JZ)Z < extends Ljava/lang/Object, implements []
COMPONENT CONCAT > Lcom/bytedance/sdk/openadsdk/core/b;->a(Lcom/bytedance/sdk/openadsdk/core/f0/q;Ljava/lang/String;Lcom/bytedance/sdk/openadsdk/core/i0/a;JLcom/bytedance/sdk/openadsdk/core/i0/k/b$a;)V < extends Ljava/lang/Object, implements []
COMPONENT CONCAT > Lcom/bytedance/sdk/openadsdk/core/nativeexpress/NativeExpressView;->A()V < extends Landroid/widget/FrameLayout, implements ['Lj2/h', 'Lj2/o', 'Lcom/bytedance/sdk/openadsdk/core/nativeexpress/l', 'Lc2/d', 'Lcom/bytedance/sdk/openadsdk/core/c0/a$a']
COMPONENT CONCAT > Lcom/bytedance/sdk/openadsdk/d/c;->a(Lcom/bytedance/sdk/openadsdk/core/f0/q;Ljava/lang/String;J)V < extends Ljava/lang/Object, implements []
COMPONENT CONCAT > Lcom/bytedance/sdk/openadsdk/activity/TTFullScreenExpressVideoActivity$a;->a()V < extends Ljava/lang/Object, implements ['Ls1/c$a']
COMPONENT CONCAT > Lcom/bytedance/sdk/openadsdk/b/b;->c(Lcom/bytedance/sdk/openadsdk/b/b;)V < extends Ljava/lang/Object, implements []
COMPONENT CONCAT > Lcom/bytedance/sdk/openadsdk/core/nativeexpress/NativeExpressView;->a(Lj2/d;Lj2/n;)V < extends Landroid/widget/FrameLayout, implements ['Lj2/h', 'Lj2/o', 'Lcom/bytedance/sdk/openadsdk/core/nativeexpress/l', 'Lc2/d', 'Lcom/bytedance/sdk/openadsdk/core/c0/a$a']
COMPONENT CONCAT > Lcom/bytedance/sdk/openadsdk/core/nativeexpress/k;->a(I)V < extends Ljava/lang/Object, implements ['Lj2/i']
COMPONENT CONCAT > Lcom/bytedance/sdk/openadsdk/core/widget/webview/d;->onReceivedError(Landroid/webkit/WebView;Landroid/webkit/WebResourceRequest;Landroid/webkit/WebResourceError;)V < extends Landroid/webkit/WebViewClient, implements []
COMPONENT CONCAT > Lcom/bytedance/sdk/openadsdk/activity/TTAppOpenAdActivity$b;->run()V < extends Ljava/lang/Object, implements ['Ljava/lang/Runnable']
COMPONENT CONCAT > Lcom/bytedance/sdk/openadsdk/core/settings/l$a;->a(Lp3/c;Ln3/b;)V < extends Ljava/lang/Object, implements []
COMPONENT CONCAT > Lcom/bytedance/sdk/openadsdk/d/c;->a(Ljava/lang/String;Lcom/bytedance/sdk/openadsdk/core/f0/q;Ljava/lang/String;Lcom/bytedance/sdk/openadsdk/d/g;)V < extends Ljava/lang/Object, implements []
COMPONENT CONCAT > Lcom/bytedance/sdk/openadsdk/core/i0/l/c;->b(ZLjava/lang/String;Ljava/lang/String;Lcom/bytedance/sdk/openadsdk/core/i0/l/c$e;Ljava/lang/String;Z)V < extends Ljava/lang/Object, implements []
COMPONENT CONCAT > Lcom/bytedance/sdk/openadsdk/core/video/nativevideo/NativeVideoTsView;->setIsAutoPlay(Z)V < extends Landroid/widget/FrameLayout, implements ['Lcom/bytedance/sdk/component/utils/y$a', 'Lcom/bytedance/sdk/openadsdk/core/video/nativevideo/c$g', 'Ls1/c$a']
COMPONENT CONCAT > Lcom/bytedance/sdk/openadsdk/core/nativeexpress/ExpressVideoView;->T()V < extends Landroid/widget/FrameLayout, implements ['Landroid/view/View$OnClickListener', 'Lcom/bytedance/sdk/component/utils/y$a', 'Lcom/bytedance/sdk/openadsdk/core/video/nativevideo/c$g', 'Ls1/c$a']
COMPONENT CONCAT > Lcom/bytedance/sdk/openadsdk/activity/TTBaseVideoActivity;->onStart()V < extends Landroid/app/Activity, implements ['Lcom/bytedance/sdk/component/utils/y$a', 'Lcom/bytedance/sdk/openadsdk/core/j0/c/b', 'Lcom/bytedance/sdk/openadsdk/core/j0/c/c']
COMPONENT CONCAT > Lcom/bytedance/sdk/openadsdk/b/m/l;->finalize()V < extends Ljava/lang/Object, implements []
COMPONENT CONCAT > Lcom/bytedance/sdk/openadsdk/core/n;->a(Lcom/bytedance/sdk/openadsdk/core/c0/a;)V < extends Ljava/lang/Object, implements []
COMPONENT CONCAT > Lcom/bytedance/sdk/openadsdk/core/bannerexpress/BannerExpressView;->onAttachedToWindow()V < extends Landroid/widget/FrameLayout, implements []
COMPONENT CONCAT > Lcom/bytedance/sdk/openadsdk/b/m/p/f;->a([FLcom/bytedance/sdk/openadsdk/core/j0/c/b;Lcom/bytedance/sdk/openadsdk/b/m/q/b;)V < extends Ljava/lang/Object, implements []
COMPONENT CONCAT > Lcom/bytedance/sdk/openadsdk/activity/TTRewardVideoActivity$b;->onClick(Landroid/view/View;)V < extends Ljava/lang/Object, implements ['Landroid/view/View$OnClickListener']
COMPONENT CONCAT > Lcom/bytedance/sdk/openadsdk/b/m/q/b;->t()V < extends Ljava/lang/Object, implements []
COMPONENT CONCAT > Lcom/bytedance/sdk/openadsdk/d/c;->b(Lcom/bytedance/sdk/openadsdk/core/f0/q;Ljava/lang/String;)V < extends Ljava/lang/Object, implements []
COMPONENT CONCAT > Lcom/bytedance/sdk/openadsdk/d/c;->a(Lcom/bytedance/sdk/openadsdk/core/f0/q;Ljava/lang/String;Ljava/lang/String;Ljava/lang/String;JJLorg/json/JSONObject;)V < extends Ljava/lang/Object, implements []
COMPONENT CONCAT > Lcom/bytedance/sdk/openadsdk/activity/TTVideoLandingPageActivity$a$a;->run()V < extends Ljava/lang/Object, implements ['Ljava/lang/Runnable']
COMPONENT CONCAT > Lcom/bytedance/sdk/openadsdk/core/nativeexpress/ExpressVideoView;->S()V < extends Landroid/widget/FrameLayout, implements ['Landroid/view/View$OnClickListener', 'Lcom/bytedance/sdk/component/utils/y$a', 'Lcom/bytedance/sdk/openadsdk/core/video/nativevideo/c$g', 'Ls1/c$a']
COMPONENT CONCAT > Lcom/bytedance/sdk/openadsdk/core/nativeexpress/k;->e()V < extends Ljava/lang/Object, implements ['Lj2/i']
COMPONENT CONCAT > Lcom/bytedance/sdk/openadsdk/b/m/p/e;->a(ZZZLcom/bytedance/sdk/openadsdk/b/m/q/b;)V < extends Ljava/lang/Object, implements []
COMPONENT CONCAT > Lcom/bytedance/sdk/openadsdk/core/h0/a;->a()V < extends Ljava/lang/Object, implements []
COMPONENT CONCAT > Lcom/bytedance/sdk/openadsdk/d/c$o;->a(Ljava/lang/String;Lorg/json/JSONObject;Lcom/bytedance/sdk/openadsdk/core/f0/q;)V < extends Ljava/lang/Object, implements []
COMPONENT CONCAT > Lcom/bytedance/sdk/openadsdk/d/c$o;->a(Lcom/bytedance/sdk/openadsdk/core/f0/q;Lorg/json/JSONObject;)V < extends Ljava/lang/Object, implements []
COMPONENT CONCAT > Lcom/bytedance/sdk/openadsdk/core/widget/webview/d;->onPageFinished(Landroid/webkit/WebView;Ljava/lang/String;)V < extends Landroid/webkit/WebViewClient, implements []
COMPONENT CONCAT > Lcom/bytedance/sdk/openadsdk/d/c;->b(Lcom/bytedance/sdk/openadsdk/core/f0/q;Ljava/lang/String;Lcom/bytedance/sdk/openadsdk/utils/z;)V < extends Ljava/lang/Object, implements []
COMPONENT CONCAT > Lcom/bytedance/sdk/openadsdk/core/nativeexpress/h;->shouldInterceptRequest(Landroid/webkit/WebView;Ljava/lang/String;)Landroid/webkit/WebResourceResponse; < extends Landroid/webkit/WebViewClient, implements []
COMPONENT CONCAT > Lcom/bytedance/sdk/openadsdk/activity/TTPlayableLandingPageActivity;->onDestroy()V < extends Landroid/app/Activity, implements ['Lcom/bytedance/sdk/component/utils/y$a', 'Lcom/bytedance/sdk/openadsdk/core/c0/d', 'Lcom/bytedance/sdk/openadsdk/k/g']
COMPONENT CONCAT > Lcom/bytedance/sdk/openadsdk/activity/TTRewardExpressVideoActivity;->a(JZ)Z < extends Landroid/app/Activity, implements ['Lcom/bytedance/sdk/component/utils/y$a', 'Lcom/bytedance/sdk/openadsdk/core/j0/c/b', 'Lcom/bytedance/sdk/openadsdk/core/j0/c/c']
COMPONENT CONCAT > Lcom/bytedance/sdk/openadsdk/activity/TTPlayableLandingPageActivity;->p()V < extends Landroid/app/Activity, implements ['Lcom/bytedance/sdk/component/utils/y$a', 'Lcom/bytedance/sdk/openadsdk/core/c0/d', 'Lcom/bytedance/sdk/openadsdk/k/g']
COMPONENT CONCAT > Lcom/bytedance/sdk/openadsdk/activity/TTFullScreenVideoActivity$b;->onClick(Landroid/view/View;)V < extends Ljava/lang/Object, implements ['Landroid/view/View$OnClickListener']
COMPONENT CONCAT > Lcom/bytedance/sdk/openadsdk/component/reward/view/RFDownloadBarLayout;->a(ILjava/lang/String;Ljava/lang/String;)V < extends Landroid/widget/RelativeLayout, implements []
COMPONENT CONCAT > Lcom/bytedance/sdk/openadsdk/d/c$o;->a(JLcom/bytedance/sdk/openadsdk/core/f0/q;Ljava/lang/String;Lcom/bykv/vk/openvk/preload/falconx/loader/ILoader;Ljava/lang/String;)V < extends Ljava/lang/Object, implements []
COMPONENT CONCAT > Lcom/bytedance/sdk/openadsdk/d/c;->b(JLcom/bytedance/sdk/openadsdk/core/f0/q;Ljava/lang/String;Ljava/lang/String;Lorg/json/JSONObject;)V < extends Ljava/lang/Object, implements []
COMPONENT CONCAT > Lcom/bytedance/sdk/openadsdk/component/reward/view/c;->a(Lcom/bytedance/sdk/openadsdk/AdSlot;)V < extends Ljava/lang/Object, implements []
COMPONENT CONCAT > Lcom/bytedance/sdk/openadsdk/core/x;->a(Lcom/bytedance/sdk/openadsdk/core/x$k;I)Lorg/json/JSONObject; < extends Ljava/lang/Object, implements ['Lcom/bytedance/sdk/component/utils/y$a', 'Lcom/bytedance/sdk/openadsdk/i/b', 'Lb/b/a/a/d/h/b']
COMPONENT CONCAT > Lcom/bytedance/sdk/openadsdk/a/c/a;->g()Lcom/bytedance/sdk/openadsdk/api/nativeAd/PAGMediaView; < extends Ljava/lang/Object, implements []
COMPONENT CONCAT > Lcom/bytedance/sdk/openadsdk/b/m/p/n;->a(ILjava/lang/String;)V < extends Ljava/lang/Object, implements ['Lcom/bytedance/sdk/openadsdk/k/g']
COMPONENT CONCAT > Lcom/bytedance/sdk/openadsdk/activity/TTFullScreenExpressVideoActivity$a;->a(JJ)V < extends Ljava/lang/Object, implements ['Ls1/c$a']
COMPONENT CONCAT > Lcom/bytedance/sdk/openadsdk/d/c$o;->a(IILcom/bytedance/sdk/openadsdk/core/f0/q;)V < extends Ljava/lang/Object, implements []
COMPONENT CONCAT > Lcom/bytedance/sdk/openadsdk/d/o;->b(I)V < extends Ljava/lang/Object, implements []
COMPONENT CONCAT > Lcom/bytedance/sdk/openadsdk/core/nativeexpress/k;->a(Z)V < extends Ljava/lang/Object, implements ['Lj2/i']
COMPONENT CONCAT > Lcom/bytedance/sdk/openadsdk/core/nativeexpress/k;->e(I)V < extends Ljava/lang/Object, implements ['Lj2/i']
COMPONENT CONCAT > Lcom/bytedance/sdk/openadsdk/activity/TTPlayableLandingPageActivity;->onStop()V < extends Landroid/app/Activity, implements ['Lcom/bytedance/sdk/component/utils/y$a', 'Lcom/bytedance/sdk/openadsdk/core/c0/d', 'Lcom/bytedance/sdk/openadsdk/k/g']
COMPONENT CONCAT > Lcom/bytedance/sdk/openadsdk/b/m/p/m;->a(Ljava/lang/String;Lcom/bytedance/sdk/openadsdk/b/m/p/m$r;)V < extends Ljava/lang/Object, implements ['Lcom/bytedance/sdk/openadsdk/k/g']
COMPONENT CONCAT > Lcom/bytedance/sdk/openadsdk/core/nativeexpress/k;->g(I)V < extends Ljava/lang/Object, implements ['Lj2/i']
COMPONENT CONCAT > Lcom/bytedance/sdk/openadsdk/d/c;->b(Lcom/bytedance/sdk/openadsdk/core/f0/q;Ljava/lang/String;Lorg/json/JSONObject;)V < extends Ljava/lang/Object, implements []
COMPONENT CONCAT > Lcom/bytedance/sdk/openadsdk/d/o;->m()V < extends Ljava/lang/Object, implements []
COMPONENT CONCAT > Lcom/bytedance/sdk/openadsdk/core/nativeexpress/k;->b(I)V < extends Ljava/lang/Object, implements ['Lj2/i']
COMPONENT CONCAT > Lcom/bytedance/sdk/openadsdk/core/nativeexpress/e;->a(Lcom/bytedance/sdk/openadsdk/core/nativeexpress/e;Lcom/bytedance/sdk/openadsdk/utils/z;)V < extends Ljava/lang/Object, implements []
COMPONENT CONCAT > Lcom/bytedance/sdk/openadsdk/b/b$a;->onRenderSuccess(Landroid/view/View;FF)V < extends Ljava/lang/Object, implements ['Lcom/bytedance/sdk/openadsdk/api/banner/PAGBannerAdWrapperListener']
COMPONENT CONCAT > Lcom/bytedance/sdk/openadsdk/b/m/p/e;->g()V < extends Ljava/lang/Object, implements []
COMPONENT CONCAT > Lcom/bytedance/sdk/openadsdk/activity/TTPlayableLandingPageActivity;->onStart()V < extends Landroid/app/Activity, implements ['Lcom/bytedance/sdk/component/utils/y$a', 'Lcom/bytedance/sdk/openadsdk/core/c0/d', 'Lcom/bytedance/sdk/openadsdk/k/g']
COMPONENT CONCAT > Lcom/bytedance/sdk/openadsdk/activity/TTFullScreenExpressVideoActivity;->a(JZ)Z < extends Landroid/app/Activity, implements ['Lcom/bytedance/sdk/component/utils/y$a', 'Lcom/bytedance/sdk/openadsdk/core/j0/c/b', 'Lcom/bytedance/sdk/openadsdk/core/j0/c/c']
COMPONENT CONCAT > Lcom/bytedance/sdk/openadsdk/core/settings/l$a;->a(Lp3/c;Ljava/io/IOException;)V < extends Ljava/lang/Object, implements []
COMPONENT CONCAT > Lcom/bytedance/sdk/openadsdk/b/m/p/h$c;->run()V < extends Ljava/lang/Object, implements ['Ljava/lang/Runnable']
COMPONENT CONCAT > Lcom/bytedance/sdk/openadsdk/core/widget/webview/d;->onPageStarted(Landroid/webkit/WebView;Ljava/lang/String;Landroid/graphics/Bitmap;)V < extends Landroid/webkit/WebViewClient, implements []
COMPONENT CONCAT > Lcom/bytedance/sdk/openadsdk/d/c$o;->a(Lcom/bytedance/sdk/openadsdk/core/f0/q;)V < extends Ljava/lang/Object, implements []
COMPONENT CONCAT > Lcom/bytedance/sdk/openadsdk/b/m/l;-><init>(Landroid/content/Context;)V < extends Ljava/lang/Object, implements []
COMPONENT CONCAT > Lcom/bytedance/sdk/openadsdk/component/reward/view/c;->l()V < extends Ljava/lang/Object, implements []
COMPONENT CONCAT > Lcom/bytedance/sdk/openadsdk/core/nativeexpress/k;->a(IIZ)V < extends Ljava/lang/Object, implements ['Lj2/i']
COMPONENT CONCAT > Lcom/bytedance/sdk/openadsdk/b/m/e$g;->a(Landroid/content/Context;Landroid/content/Intent;ZI)V < extends Ljava/lang/Object, implements ['Lcom/bytedance/sdk/component/utils/w$b']
COMPONENT CONCAT > Lcom/bytedance/sdk/openadsdk/core/widget/webview/d;->onReceivedSslError(Landroid/webkit/WebView;Landroid/webkit/SslErrorHandler;Landroid/net/http/SslError;)V < extends Landroid/webkit/WebViewClient, implements []
COMPONENT CONCAT > Lcom/bytedance/sdk/openadsdk/core/nativeexpress/DspHtmlWebView;->x()V < extends Landroid/widget/FrameLayout, implements ['Lcom/bytedance/sdk/openadsdk/core/nativeexpress/b$d']
COMPONENT CONCAT > Lcom/bytedance/sdk/openadsdk/core/bannerexpress/BannerExpressView;-><init>(Landroid/content/Context;Lcom/bytedance/sdk/openadsdk/core/f0/q;Lcom/bytedance/sdk/openadsdk/AdSlot;)V < extends Landroid/widget/FrameLayout, implements []
COMPONENT CONCAT > Lcom/bytedance/sdk/openadsdk/b/m/p/h;->g()V < extends Ljava/lang/Object, implements []
COMPONENT CONCAT > Lcom/bytedance/sdk/openadsdk/core/nativeexpress/k;->f()V < extends Ljava/lang/Object, implements ['Lj2/i']
COMPONENT CONCAT > Lcom/bytedance/sdk/openadsdk/core/nativeexpress/k;->h()V < extends Ljava/lang/Object, implements ['Lj2/i']
COMPONENT CONCAT > Lcom/bytedance/sdk/openadsdk/core/video/nativevideo/NativeVideoTsView$b;->onClick(Landroid/view/View;)V < extends Ljava/lang/Object, implements ['Landroid/view/View$OnClickListener']
COMPONENT CONCAT > Lcom/bytedance/sdk/openadsdk/core/n;->a(Landroid/view/ViewGroup;Ljava/util/List;Ljava/util/List;Ljava/util/List;Lcom/bytedance/sdk/openadsdk/a/c/f;)Lcom/bytedance/sdk/openadsdk/core/EmptyView; < extends Ljava/lang/Object, implements []
COMPONENT CONCAT > Lcom/bytedance/sdk/openadsdk/core/bannerexpress/BannerExpressView;->r()V < extends Landroid/widget/FrameLayout, implements []
COMPONENT CONCAT > Lcom/bytedance/sdk/openadsdk/d/c;->a(Ljava/lang/String;)V < extends Ljava/lang/Object, implements []
COMPONENT CONCAT > Lcom/bytedance/sdk/openadsdk/b/m/p/m$m;->a(ZILjava/lang/String;)V < extends Ljava/lang/Object, implements ['Lcom/bytedance/sdk/openadsdk/k/b']
COMPONENT CONCAT > Lcom/bytedance/sdk/openadsdk/b/m/q/b;->x()V < extends Ljava/lang/Object, implements []
COMPONENT CONCAT > Lcom/bytedance/sdk/openadsdk/activity/TTPlayableLandingPageActivity;->onBackPressed()V < extends Landroid/app/Activity, implements ['Lcom/bytedance/sdk/component/utils/y$a', 'Lcom/bytedance/sdk/openadsdk/core/c0/d', 'Lcom/bytedance/sdk/openadsdk/k/g']
COMPONENT CONCAT > Lcom/bytedance/sdk/openadsdk/core/nativeexpress/k;->a()V < extends Ljava/lang/Object, implements ['Lj2/i']
COMPONENT CONCAT > Lcom/bytedance/sdk/openadsdk/core/bannerexpress/a$g;->a(Ljava/util/List;)V < extends Ljava/lang/Object, implements ['Lcom/bytedance/sdk/openadsdk/core/nativeexpress/e$c']
COMPONENT CONCAT > Lcom/bytedance/sdk/openadsdk/b/m/e;-><init>(Landroid/content/Context;)V < extends Ljava/lang/Object, implements []
COMPONENT CONCAT > Lcom/bytedance/sdk/openadsdk/core/f0/o$j;->onReceivedError(Landroid/webkit/WebView;ILjava/lang/String;Ljava/lang/String;)V < extends Landroid/webkit/WebViewClient, implements []
COMPONENT CONCAT > Lcom/bytedance/sdk/openadsdk/activity/TTRewardExpressVideoActivity$a;->a(JJ)V < extends Ljava/lang/Object, implements ['Ls1/c$a']
COMPONENT CONCAT > Lcom/bytedance/sdk/openadsdk/activity/TTRewardVideoActivity;->n()V < extends Landroid/app/Activity, implements ['Lcom/bytedance/sdk/component/utils/y$a', 'Lcom/bytedance/sdk/openadsdk/core/j0/c/b', 'Lcom/bytedance/sdk/openadsdk/core/j0/c/c']
COMPONENT CONCAT > Lcom/bytedance/sdk/openadsdk/core/video/nativevideo/NativeVideoTsView;->t()V < extends Landroid/widget/FrameLayout, implements ['Lcom/bytedance/sdk/component/utils/y$a', 'Lcom/bytedance/sdk/openadsdk/core/video/nativevideo/c$g', 'Ls1/c$a']
COMPONENT CONCAT > Lcom/bytedance/sdk/openadsdk/core/video/nativevideo/NativeVideoTsView;->N()V < extends Landroid/widget/FrameLayout, implements ['Lcom/bytedance/sdk/component/utils/y$a', 'Lcom/bytedance/sdk/openadsdk/core/video/nativevideo/c$g', 'Ls1/c$a']
COMPONENT CONCAT > Lcom/bytedance/sdk/openadsdk/d/c;->a(Ljava/lang/String;Lcom/bytedance/sdk/openadsdk/core/f0/q;Lcom/bytedance/sdk/openadsdk/core/f0/i;Ljava/lang/String;ZLjava/util/Map;I)V < extends Ljava/lang/Object, implements []
COMPONENT CONCAT > Lcom/bytedance/sdk/openadsdk/d/c;->a(Lcom/bytedance/sdk/openadsdk/core/f0/q;Ljava/lang/String;JLorg/json/JSONObject;)V < extends Ljava/lang/Object, implements []
COMPONENT CONCAT > Lcom/bytedance/sdk/openadsdk/core/video/nativevideo/c;-><init>(Landroid/content/Context;Landroid/view/ViewGroup;Lcom/bytedance/sdk/openadsdk/core/f0/q;Ljava/lang/String;ZZZLcom/bytedance/sdk/openadsdk/d/g;)V < extends Ljava/lang/Object, implements ['Ls1/c', 'Lcom/bytedance/sdk/openadsdk/core/video/nativevideo/a', 'Lcom/bytedance/sdk/component/utils/y$a']
COMPONENT CONCAT > Lcom/bytedance/sdk/openadsdk/core/nativeexpress/k;->b()V < extends Ljava/lang/Object, implements ['Lj2/i']
COMPONENT CONCAT > Lcom/bytedance/sdk/openadsdk/a/c/a$a;->a(Landroid/view/View;FFFFLandroid/util/SparseArray;Z)V < extends Ljava/lang/Object, implements ['Landroid/view/View$OnClickListener', 'Landroid/view/View$OnTouchListener']
COMPONENT CONCAT > Lcom/bytedance/sdk/openadsdk/core/nativeexpress/k;->d()V < extends Ljava/lang/Object, implements ['Lj2/i']
COMPONENT CONCAT > Lcom/bytedance/sdk/openadsdk/core/video/nativevideo/NativeVideoTsView;->o()V < extends Landroid/widget/FrameLayout, implements ['Lcom/bytedance/sdk/component/utils/y$a', 'Lcom/bytedance/sdk/openadsdk/core/video/nativevideo/c$g', 'Ls1/c$a']
COMPONENT CONCAT > Lcom/bytedance/sdk/openadsdk/b/b$c;->a(Landroid/view/ViewGroup;I)Z < extends Ljava/lang/Object, implements ['Lj2/c']
COMPONENT CONCAT > Lcom/bytedance/sdk/openadsdk/core/x;->getTemplateInfo()Ljava/lang/String; < extends Ljava/lang/Object, implements ['Lcom/bytedance/sdk/component/utils/y$a', 'Lcom/bytedance/sdk/openadsdk/i/b', 'Lb/b/a/a/d/h/b']
COMPONENT CONCAT > Lcom/bytedance/sdk/openadsdk/core/nativeexpress/k;->f(I)V < extends Ljava/lang/Object, implements ['Lj2/i']
COMPONENT CONCAT > Lcom/bytedance/sdk/openadsdk/d/c;->a(Lcom/bytedance/sdk/openadsdk/core/f0/q;Ljava/lang/String;Lcom/bytedance/sdk/openadsdk/utils/z;)V < extends Ljava/lang/Object, implements []
COMPONENT CONCAT > Lb/b/a/a/d/d/g/a$b;->a(Le2/h;)V < extends Ljava/lang/Object, implements ['Lf2/b']
COMPONENT CONCAT > Lcom/bytedance/sdk/openadsdk/d/o;->a(Lorg/json/JSONObject;)V < extends Ljava/lang/Object, implements []
COMPONENT CONCAT > Lcom/bytedance/sdk/openadsdk/core/nativeexpress/NativeExpressView;->b(I)V < extends Landroid/widget/FrameLayout, implements ['Lj2/h', 'Lj2/o', 'Lcom/bytedance/sdk/openadsdk/core/nativeexpress/l', 'Lc2/d', 'Lcom/bytedance/sdk/openadsdk/core/c0/a$a']
COMPONENT CONCAT > Lcom/bytedance/sdk/openadsdk/TTC2Proxy;->load(Landroid/content/Context;Lcom/bytedance/sdk/openadsdk/AdSlot;Lcom/bytedance/sdk/openadsdk/api/open/PAGAppOpenAdLoadListener;I)V < extends Ljava/lang/Object, implements []
COMPONENT CONCAT > Lcom/bytedance/sdk/openadsdk/b/c;->a(Landroid/widget/FrameLayout;)Z < extends Ljava/lang/Object, implements []
COMPONENT CONCAT > Lcom/bytedance/sdk/openadsdk/core/x;->b(Landroid/net/Uri;)V < extends Ljava/lang/Object, implements ['Lcom/bytedance/sdk/component/utils/y$a', 'Lcom/bytedance/sdk/openadsdk/i/b', 'Lb/b/a/a/d/h/b']
COMPONENT CONCAT > Lcom/bytedance/sdk/openadsdk/component/view/PAGAppOpenAdExpressView;->c(Lj2/n;)V < extends Landroid/widget/FrameLayout, implements ['Lj2/h', 'Lj2/o', 'Lcom/bytedance/sdk/openadsdk/core/nativeexpress/l', 'Lc2/d', 'Lcom/bytedance/sdk/openadsdk/core/c0/a$a']
COMPONENT CONCAT > Lcom/bytedance/sdk/openadsdk/core/widget/webview/d;->onReceivedHttpError(Landroid/webkit/WebView;Landroid/webkit/WebResourceRequest;Landroid/webkit/WebResourceResponse;)V < extends Landroid/webkit/WebViewClient, implements []
COMPONENT CONCAT > Lcom/bytedance/sdk/openadsdk/core/settings/n;->a(IZ)V < extends Ljava/lang/Object, implements ['Lcom/bytedance/sdk/openadsdk/core/settings/d', 'Lcom/bytedance/sdk/openadsdk/core/settings/l$b']
COMPONENT CONCAT > Lcom/bytedance/sdk/openadsdk/activity/TTFullScreenVideoActivity;->n()V < extends Landroid/app/Activity, implements ['Lcom/bytedance/sdk/component/utils/y$a', 'Lcom/bytedance/sdk/openadsdk/core/j0/c/b', 'Lcom/bytedance/sdk/openadsdk/core/j0/c/c']
COMPONENT CONCAT > Lcom/bytedance/sdk/openadsdk/core/bannerexpress/BannerExpressView;->q()V < extends Landroid/widget/FrameLayout, implements []
COMPONENT CONCAT > Lcom/bytedance/sdk/openadsdk/utils/a$c;->run()V < extends Ljava/lang/Object, implements ['Ljava/lang/Runnable']
COMPONENT CONCAT > Lcom/bytedance/sdk/openadsdk/core/n$c;->a(Landroid/view/View;FFFFLandroid/util/SparseArray;Z)V < extends Ljava/lang/Object, implements ['Landroid/view/View$OnClickListener', 'Landroid/view/View$OnTouchListener']
COMPONENT CONCAT > Lcom/bytedance/sdk/openadsdk/core/video/nativevideo/NativeVideoTsView;->a(ZI)V < extends Landroid/widget/FrameLayout, implements ['Lcom/bytedance/sdk/component/utils/y$a', 'Lcom/bytedance/sdk/openadsdk/core/video/nativevideo/c$g', 'Ls1/c$a']
COMPONENT CONCAT > Lcom/bytedance/sdk/openadsdk/activity/TTPlayableLandingPageActivity;->q()V < extends Landroid/app/Activity, implements ['Lcom/bytedance/sdk/component/utils/y$a', 'Lcom/bytedance/sdk/openadsdk/core/c0/d', 'Lcom/bytedance/sdk/openadsdk/k/g']
COMPONENT CONCAT > Lcom/bytedance/sdk/openadsdk/api/init/PAGSdk;->f(Landroid/content/Context;Lcom/bytedance/sdk/openadsdk/InitConfig;)V < extends Ljava/lang/Object, implements []
COMPONENT CONCAT > Lcom/bytedance/sdk/openadsdk/component/reward/view/FullRewardExpressView;->c(Lj2/n;)V < extends Landroid/widget/FrameLayout, implements ['Lj2/h', 'Lj2/o', 'Lcom/bytedance/sdk/openadsdk/core/nativeexpress/l', 'Lc2/d', 'Lcom/bytedance/sdk/openadsdk/core/c0/a$a']
COMPONENT CONCAT > Lcom/bytedance/sdk/openadsdk/d/c;->a(Lcom/bytedance/sdk/openadsdk/core/f0/q;Ljava/lang/String;JZ)V < extends Ljava/lang/Object, implements []
COMPONENT CONCAT > Lcom/bytedance/sdk/openadsdk/core/video/nativevideo/e;->a(ILjava/lang/String;Lcom/bytedance/sdk/openadsdk/core/f0/q;)V < extends Ljava/lang/Object, implements ['Ls1/b', 'Lcom/bytedance/sdk/component/utils/y$a', 'Lcom/bykv/vk/openvk/component/video/api/renderview/a', 'Lcom/bytedance/sdk/openadsdk/core/widget/d$b', 'Lcom/bytedance/sdk/openadsdk/core/widget/e$c', 'Lq1/a', 'Lcom/bytedance/sdk/openadsdk/core/c0/a$a']
COMPONENT CONCAT > Lcom/bytedance/sdk/openadsdk/b/m/p/m$c;->shouldInterceptRequest(Landroid/webkit/WebView;Landroid/webkit/WebResourceRequest;)Landroid/webkit/WebResourceResponse; < extends Landroid/webkit/WebViewClient, implements []
COMPONENT CONCAT > Lcom/bytedance/sdk/openadsdk/activity/TTPlayableLandingPageActivity;-><init>()V < extends Landroid/app/Activity, implements ['Lcom/bytedance/sdk/component/utils/y$a', 'Lcom/bytedance/sdk/openadsdk/core/c0/d', 'Lcom/bytedance/sdk/openadsdk/k/g']
COMPONENT CONCAT > Lcom/bytedance/sdk/openadsdk/core/nativeexpress/ExpressVideoView;->x()V < extends Landroid/widget/FrameLayout, implements ['Landroid/view/View$OnClickListener', 'Lcom/bytedance/sdk/component/utils/y$a', 'Lcom/bytedance/sdk/openadsdk/core/video/nativevideo/c$g', 'Ls1/c$a']
COMPONENT CONCAT > Lcom/bytedance/sdk/openadsdk/q/c/c;->c()V < extends Ljava/lang/Object, implements []
COMPONENT CONCAT > Lcom/bytedance/sdk/openadsdk/b/m/d;->a(Lcom/bytedance/sdk/openadsdk/core/f0/q;Lcom/bytedance/sdk/openadsdk/b/m/d$d;)V < extends Ljava/lang/Object, implements []
COMPONENT CONCAT > Lcom/bytedance/sdk/openadsdk/b/m/e$f;->a(ZLjava/lang/Object;)V < extends Ljava/lang/Object, implements ['Lcom/bytedance/sdk/openadsdk/b/m/d$d']
COMPONENT CONCAT > Lcom/bytedance/sdk/openadsdk/b/m/q/c;->a(Lcom/bytedance/sdk/openadsdk/component/reward/view/RewardFullBaseLayout;)V < extends Ljava/lang/Object, implements []
COMPONENT CONCAT > Lcom/bytedance/sdk/openadsdk/b/m/q/g;->a(Lcom/bytedance/sdk/openadsdk/component/reward/view/RewardFullBaseLayout;)V < extends Ljava/lang/Object, implements []
COMPONENT CONCAT > Lcom/bytedance/sdk/openadsdk/activity/TTLandingPageActivity;->onStop()V < extends Landroid/app/Activity, implements ['Lcom/bytedance/sdk/openadsdk/i/d']
COMPONENT CONCAT > Lcom/bytedance/sdk/openadsdk/core/i0/l/c;-><clinit>()V < extends Ljava/lang/Object, implements []
COMPONENT CONCAT > Lu3/a;->f()Z < extends Ljava/lang/Object, implements ['Lu3/c']
COMPONENT CONCAT > Lcom/bytedance/sdk/openadsdk/i/a;->a(Lorg/json/JSONObject;)V < extends Ljava/lang/Object, implements ['Lcom/bytedance/sdk/openadsdk/i/c']
COMPONENT CONCAT > Lcom/bytedance/sdk/openadsdk/core/video/nativevideo/e;->a(Ljava/lang/Object;Ljava/lang/ref/WeakReference;Z)V < extends Ljava/lang/Object, implements ['Ls1/b', 'Lcom/bytedance/sdk/component/utils/y$a', 'Lcom/bykv/vk/openvk/component/video/api/renderview/a', 'Lcom/bytedance/sdk/openadsdk/core/widget/d$b', 'Lcom/bytedance/sdk/openadsdk/core/widget/e$c', 'Lq1/a', 'Lcom/bytedance/sdk/openadsdk/core/c0/a$a']
COMPONENT CONCAT > Lcom/bytedance/sdk/openadsdk/i/a;->a(Landroid/content/Context;Lorg/json/JSONObject;Ljava/lang/String;IZ)V < extends Ljava/lang/Object, implements ['Lcom/bytedance/sdk/openadsdk/i/c']
COMPONENT CONCAT > Lcom/bytedance/sdk/openadsdk/b/m/p/n;->a(I)V < extends Ljava/lang/Object, implements ['Lcom/bytedance/sdk/openadsdk/k/g']
COMPONENT CONCAT > Lcom/bytedance/sdk/openadsdk/core/j0/a/a;->a(Ls1/b;Landroid/view/View;ZZ)V < extends Ljava/lang/Object, implements ['Ls1/c', 'Lcom/bytedance/sdk/openadsdk/core/video/nativevideo/a', 'Lcom/bytedance/sdk/component/utils/y$a']
COMPONENT CONCAT > Lcom/bytedance/sdk/openadsdk/e/a;->createOpenAdLoader()Lcom/bytedance/sdk/openadsdk/api/factory/IADLoader; < extends Ljava/lang/Object, implements ['Lcom/bytedance/sdk/openadsdk/api/factory/IADTypeLoaderFactory']
COMPONENT CONCAT > Lcom/bytedance/sdk/openadsdk/b/m/q/e;->a(Lcom/bytedance/sdk/openadsdk/component/reward/view/RewardFullBaseLayout;)V < extends Ljava/lang/Object, implements ['Lcom/bytedance/sdk/openadsdk/k/f']
COMPONENT CONCAT > Lcom/bytedance/sdk/openadsdk/b/m/l$f;->a(ZLjava/lang/Object;)V < extends Ljava/lang/Object, implements ['Lcom/bytedance/sdk/openadsdk/b/m/k$d']
COMPONENT CONCAT > Lcom/bytedance/sdk/openadsdk/b/m/k;->a(Lcom/bytedance/sdk/openadsdk/core/f0/q;Lcom/bytedance/sdk/openadsdk/b/m/k$d;)V < extends Ljava/lang/Object, implements []
COMPONENT CONCAT > Lj2/b;->a(Lj2/j$a;)Z < extends Ljava/lang/Object, implements ['Lj2/j']
COMPONENT CONCAT > Lcom/bytedance/sdk/openadsdk/core/j0/a/a;->a(Lcom/bytedance/sdk/openadsdk/core/widget/e$b;Ljava/lang/String;)V < extends Ljava/lang/Object, implements ['Ls1/c', 'Lcom/bytedance/sdk/openadsdk/core/video/nativevideo/a', 'Lcom/bytedance/sdk/component/utils/y$a']
COMPONENT CONCAT > Lcom/bytedance/sdk/openadsdk/TTC3Proxy;->loadReward(Landroid/content/Context;Lcom/bytedance/sdk/openadsdk/AdSlot;Lcom/bytedance/sdk/openadsdk/api/reward/PAGRewardedAdLoadListener;)V < extends Ljava/lang/Object, implements []
COMPONENT CONCAT > Lcom/bytedance/sdk/openadsdk/e/a;->createRewardAdLoader()Lcom/bytedance/sdk/openadsdk/api/factory/IADLoader; < extends Ljava/lang/Object, implements ['Lcom/bytedance/sdk/openadsdk/api/factory/IADTypeLoaderFactory']
COMPONENT CONCAT > Lcom/bytedance/sdk/openadsdk/b/p/b;->P()V < extends Ljava/lang/Object, implements ['Ls1/c', 'Lcom/bytedance/sdk/openadsdk/core/video/nativevideo/a', 'Lcom/bytedance/sdk/component/utils/y$a']
COMPONENT CONCAT > Lcom/bytedance/sdk/openadsdk/activity/TTVideoLandingPageActivity;->onStop()V < extends Landroid/app/Activity, implements ['Lcom/bytedance/sdk/openadsdk/i/d']
COMPONENT CONCAT > Lcom/bytedance/sdk/openadsdk/b/m/q/i;->v()V < extends Ljava/lang/Object, implements []
COMPONENT CONCAT > Lcom/bytedance/sdk/openadsdk/b/m/q/i;->u()V < extends Ljava/lang/Object, implements []
COMPONENT CONCAT > Lu3/a;->a()Z < extends Ljava/lang/Object, implements ['Lu3/c']
COMPONENT CONCAT > Lcom/bytedance/sdk/openadsdk/TTC3Proxy;->loadFull(Landroid/content/Context;Lcom/bytedance/sdk/openadsdk/AdSlot;Lcom/bytedance/sdk/openadsdk/api/interstitial/PAGInterstitialAdLoadListener;)V < extends Ljava/lang/Object, implements []
COMPONENT CONCAT > Lcom/bytedance/sdk/openadsdk/b/m/q/i;->x()V < extends Ljava/lang/Object, implements []
COMPONENT CONCAT > Lcom/bytedance/sdk/openadsdk/core/j0/c/a;->c(Ls1/b;Landroid/view/View;)V < extends Ljava/lang/Object, implements ['Ls1/c', 'Lcom/bytedance/sdk/openadsdk/core/video/nativevideo/a', 'Lcom/bytedance/sdk/component/utils/y$a']
COMPONENT CONCAT > Lcom/bytedance/sdk/openadsdk/TTC3Proxy;->verityPlayable(Ljava/lang/String;ILjava/lang/String;Ljava/lang/String;Ljava/lang/String;)V < extends Ljava/lang/Object, implements []
COMPONENT CONCAT > Lcom/bytedance/sdk/openadsdk/e/a;->createInterstitialAdLoader()Lcom/bytedance/sdk/openadsdk/api/factory/IADLoader; < extends Ljava/lang/Object, implements ['Lcom/bytedance/sdk/openadsdk/api/factory/IADTypeLoaderFactory']
COMPONENT CONCAT > Lcom/bytedance/sdk/openadsdk/h/b;->a(Lp2/k;)V < extends Ljava/lang/Object, implements ['Lp2/o']
COMPONENT CONCAT > Lcom/bytedance/sdk/openadsdk/core/nativeexpress/p;->k()V < extends Ljava/lang/Object, implements ['Lj2/d', 'Lj2/k', 'Lcom/bytedance/sdk/component/adexpress/theme/a']
COMPONENT CONCAT > Lcom/bytedance/sdk/openadsdk/h/b;->a(ILjava/lang/String;Ljava/lang/Throwable;)V < extends Ljava/lang/Object, implements ['Lp2/o']
COMPONENT CONCAT > Lcom/bytedance/sdk/openadsdk/d/p/l;->a(Lcom/bytedance/sdk/openadsdk/l/a;)V < extends Ljava/lang/Object, implements ['Lcom/bytedance/sdk/openadsdk/l/e/a']
COMPONENT CONCAT > Lcom/bytedance/sdk/openadsdk/b/g;->a(Landroid/os/Message;)V < extends Ljava/lang/Object, implements ['Lcom/bytedance/sdk/component/utils/y$a']
COMPONENT CONCAT > Lcom/bytedance/sdk/openadsdk/q/c/h;->c()V < extends Ljava/lang/Object, implements []
COMPONENT CONCAT > Lcom/bytedance/sdk/openadsdk/j/b/g;->a(Ljava/lang/Object;Lb/b/a/a/e/f;)Ljava/lang/Object; < extends Ljava/lang/Object, implements []
COMPONENT CONCAT > Lcom/bytedance/sdk/openadsdk/core/video/nativevideo/c;->e()V < extends Ljava/lang/Object, implements ['Ls1/c', 'Lcom/bytedance/sdk/openadsdk/core/video/nativevideo/a', 'Lcom/bytedance/sdk/component/utils/y$a']
COMPONENT CONCAT > Lcom/bytedance/sdk/openadsdk/b/m/q/c;->B()V < extends Ljava/lang/Object, implements []
COMPONENT CONCAT > Lcom/bytedance/sdk/openadsdk/b/m/q/h;->a(Landroid/widget/FrameLayout;)V < extends Ljava/lang/Object, implements []
COMPONENT CONCAT > Lcom/bytedance/sdk/openadsdk/e/a;->createNativeAdLoader()Lcom/bytedance/sdk/openadsdk/api/factory/IADLoader; < extends Ljava/lang/Object, implements ['Lcom/bytedance/sdk/openadsdk/api/factory/IADTypeLoaderFactory']
COMPONENT CONCAT > Lq/b;->equals(Ljava/lang/Object;)Z < extends Ljava/lang/Object, implements ['Ljava/lang/Iterable']
COMPONENT CONCAT > Lq/b;->hashCode()I < extends Ljava/lang/Object, implements ['Ljava/lang/Iterable']
COMPONENT CONCAT > Lq/b;->toString()Ljava/lang/String; < extends Ljava/lang/Object, implements ['Ljava/lang/Iterable']
COMPONENT CONCAT > Lfilerecovery/app/recoverall/ui/language/LanguageActivity;-><init>()V < extends Landroidx/appcompat/app/AppCompatActivity, implements ['Lv8/c', 'Landroidx/appcompat/app/c', 'Landroidx/core/app/r0$a']
COMPONENT CONCAT > Lfilerecovery/recoveryapp/admob/GoogleAdmobManager;->d(Landroid/app/Activity;Lfilerecovery/recoveryapp/domain/data/KeyAdPosition;Z)V < extends Ljava/lang/Object, implements ['Lea/d']
COMPONENT CONCAT > Lfilerecovery/app/recoverall/ui/intro/Hilt_IntroAppActivity;-><init>()V < extends Landroidx/appcompat/app/AppCompatActivity, implements ['Lv8/c', 'Landroidx/appcompat/app/c', 'Landroidx/core/app/r0$a']
COMPONENT CONCAT > Lib/b;-><init>(Lkotlin/reflect/jvm/internal/impl/storage/m;Lkotlin/reflect/jvm/internal/impl/descriptors/k;Lkotlin/reflect/jvm/internal/impl/descriptors/annotations/e;Lkotlin/reflect/jvm/internal/impl/name/f;Lkotlin/reflect/jvm/internal/impl/types/Variance;ZILkotlin/reflect/jvm/internal/impl/descriptors/r0;Lkotlin/reflect/jvm/internal/impl/descriptors/u0;)V < extends Ljava/lang/Object, implements ['Lkotlin/reflect/jvm/internal/impl/descriptors/w0', 'Lkotlin/reflect/jvm/internal/impl/descriptors/l', 'Lkotlin/reflect/jvm/internal/impl/descriptors/k', 'Lkotlin/reflect/jvm/internal/impl/descriptors/annotations/a']
COMPONENT CONCAT > Lgb/a;->c(Lkotlin/reflect/jvm/internal/impl/name/b;)Lkotlin/reflect/jvm/internal/impl/descriptors/d; < extends Ljava/lang/Object, implements ['Lhb/b']
COMPONENT CONCAT > Lj5/f;->b()[Lcom/google/android/exoplayer2/extractor/k; < extends Ljava/lang/Object, implements ['Lcom/google/android/exoplayer2/extractor/p']
COMPONENT CONCAT > Lcom/google/android/exoplayer2/extractor/h;->b()[Lcom/google/android/exoplayer2/extractor/k; < extends Ljava/lang/Object, implements ['Lcom/google/android/exoplayer2/extractor/p']
COMPONENT CONCAT > Lcom/google/android/exoplayer2/source/hls/d;->a(Landroid/net/Uri;Lcom/google/android/exoplayer2/v1;Ljava/util/List;Lcom/google/android/exoplayer2/util/v0;Ljava/util/Map;Lcom/google/android/exoplayer2/extractor/l;Lb5/y3;)Lcom/google/android/exoplayer2/source/hls/j; < extends Ljava/lang/Object, implements ['Lcom/google/android/exoplayer2/source/hls/g']
COMPONENT CONCAT > Lcom/google/android/gms/internal/ads/w40;->a()Ln6/a; < extends Ljava/lang/Object, implements ['Lk6/a0']
COMPONENT CONCAT > Lfilerecovery/recoveryapp/data/RemoteConfigRepoImpl;->e(Lfilerecovery/recoveryapp/domain/data/KeyAdPosition;)Lga/a; < extends Ljava/lang/Object, implements ['Lea/i']
COMPONENT CONCAT > Lcom/bytedance/sdk/openadsdk/d/p/j;->a(Ljava/util/List;Lc3/b;)V < extends Ljava/lang/Object, implements ['Lc3/c']
COMPONENT CONCAT > Lva/d;->iterator()Ljava/util/Iterator; < extends Ljava/lang/Object, implements ['Lkotlin/sequences/h']
COMPONENT CONCAT > Lcom/bytedance/sdk/openadsdk/core/g0/b$b;-><clinit>()V < extends Ljava/lang/Object, implements []
COMPONENT CONCAT > Lcom/bytedance/sdk/openadsdk/b/h/b$a;->a(Landroid/view/View;FFFFLandroid/util/SparseArray;Z)V < extends Ljava/lang/Object, implements ['Landroid/view/View$OnClickListener', 'Landroid/view/View$OnTouchListener']
COMPONENT CONCAT > Lcom/bytedance/sdk/openadsdk/activity/TTPlayableLandingPageActivity$d;->a(Landroid/view/View;FFFFLandroid/util/SparseArray;Z)V < extends Ljava/lang/Object, implements ['Landroid/view/View$OnClickListener', 'Landroid/view/View$OnTouchListener']
COMPONENT CONCAT > Lcom/bytedance/sdk/openadsdk/core/nativeexpress/NativeExpressView;->a(Landroid/view/View;ILb2/b;)V < extends Landroid/widget/FrameLayout, implements ['Lj2/h', 'Lj2/o', 'Lcom/bytedance/sdk/openadsdk/core/nativeexpress/l', 'Lc2/d', 'Lcom/bytedance/sdk/openadsdk/core/c0/a$a']
COMPONENT CONCAT > Lcom/bytedance/sdk/openadsdk/core/nativeexpress/DspHtmlWebView;->a(Lcom/bytedance/sdk/openadsdk/core/f0/q;Lcom/bytedance/sdk/openadsdk/core/nativeexpress/DspHtmlWebView$e;Ljava/lang/String;)V < extends Landroid/widget/FrameLayout, implements ['Lcom/bytedance/sdk/openadsdk/core/nativeexpress/b$d']
COMPONENT CONCAT > Lcom/bytedance/sdk/openadsdk/core/i;->a(ILcom/bytedance/sdk/openadsdk/core/f0/m;)V < extends Ljava/lang/Object, implements []
COMPONENT CONCAT > Lcom/bytedance/sdk/openadsdk/core/nativeexpress/b;->b()V < extends Ljava/lang/Object, implements []
COMPONENT CONCAT > Lcom/bytedance/sdk/openadsdk/core/nativeexpress/b;-><init>(Landroid/content/Context;Lcom/bytedance/sdk/openadsdk/core/nativeexpress/NativeExpressView;Lcom/bytedance/sdk/openadsdk/core/f0/q;Ljava/lang/String;)V < extends Ljava/lang/Object, implements []
COMPONENT CONCAT > Lcom/bytedance/sdk/openadsdk/b/m/p/m$o;->a(Landroid/view/View;FFFFLandroid/util/SparseArray;Z)V < extends Ljava/lang/Object, implements ['Lcom/bytedance/sdk/openadsdk/core/c0/b$a', 'Landroid/view/View$OnClickListener', 'Landroid/view/View$OnTouchListener']
COMPONENT CONCAT > Lcom/bytedance/sdk/openadsdk/b/m/p/f$c;->a(Landroid/view/View;FFFFLandroid/util/SparseArray;Z)V < extends Ljava/lang/Object, implements ['Landroid/view/View$OnClickListener', 'Landroid/view/View$OnTouchListener']
COMPONENT CONCAT > Lcom/bytedance/sdk/openadsdk/core/c0/a;->a(Landroid/view/View;FFFFLandroid/util/SparseArray;Z)V < extends Ljava/lang/Object, implements ['Landroid/view/View$OnClickListener', 'Landroid/view/View$OnTouchListener']
COMPONENT CONCAT > Lcom/bytedance/sdk/openadsdk/core/nativeexpress/b;->c()V < extends Ljava/lang/Object, implements []
COMPONENT CONCAT > Lcom/bytedance/sdk/openadsdk/b/h/b$b;->a(Landroid/view/View;FFFFLandroid/util/SparseArray;Z)V < extends Ljava/lang/Object, implements ['Landroid/view/View$OnClickListener', 'Landroid/view/View$OnTouchListener']
COMPONENT CONCAT > Lcom/bytedance/sdk/openadsdk/core/c0/e;->a(Landroid/view/View;FFFFLandroid/util/SparseArray;Z)V < extends Ljava/lang/Object, implements ['Landroid/view/View$OnClickListener', 'Landroid/view/View$OnTouchListener']
COMPONENT CONCAT > Lcom/bytedance/sdk/openadsdk/b/m/p/f$d;->a(Landroid/view/View;FFFFLandroid/util/SparseArray;Z)V < extends Ljava/lang/Object, implements ['Landroid/view/View$OnClickListener', 'Landroid/view/View$OnTouchListener']
COMPONENT CONCAT > Lcom/bytedance/sdk/openadsdk/b/h/a;->a(Landroid/view/View;FFFFLandroid/util/SparseArray;Z)V < extends Ljava/lang/Object, implements ['Landroid/view/View$OnClickListener', 'Landroid/view/View$OnTouchListener']
COMPONENT CONCAT > Lcom/bytedance/sdk/openadsdk/core/nativeexpress/DspHtmlWebView$b;->run()V < extends Ljava/lang/Object, implements ['Ljava/lang/Runnable']
COMPONENT CONCAT > Lcom/bytedance/sdk/openadsdk/core/nativeexpress/b$b;->i()V < extends Ljava/lang/Object, implements ['Lj2/d', 'Lcom/bytedance/sdk/openadsdk/core/nativeexpress/DspHtmlWebView$e']
COMPONENT CONCAT > Lcom/pgl/ssdk/ces/a;->njss(ILjava/lang/Object;)Ljava/lang/Object; < extends Ljava/lang/Object, implements []
COMPONENT CONCAT > Lh5/a;->g(Lcom/google/android/exoplayer2/extractor/l;Lcom/google/android/exoplayer2/extractor/y;)I < extends Ljava/lang/Object, implements ['Lcom/google/android/exoplayer2/extractor/k']
COMPONENT CONCAT > Lcom/bytedance/sdk/openadsdk/j/b/a;->a(Ljava/lang/Object;Lb/b/a/a/e/f;)V < extends Ljava/lang/Object, implements []
COMPONENT CONCAT > Lcom/bytedance/sdk/openadsdk/j/b/b;->a(Ljava/lang/Object;Lb/b/a/a/e/f;)V < extends Ljava/lang/Object, implements []
COMPONENT CONCAT > Ls5/a;->z([BIZ)Lcom/google/android/exoplayer2/text/i; < extends Ljava/lang/Object, implements ['Lcom/google/android/exoplayer2/text/j', 'Lc5/d']
COMPONENT CONCAT > Lr2/b;->a(Ljava/lang/String;)Lp2/j; < extends Ljava/lang/Object, implements ['Lp2/n']
