COMPONENT CONCAT > Lcom/pushio/manager/PushIOManager;->getEngagementTimestamp()Ljava/lang/String; < extends Ljava/lang/Object, implements []
COMPONENT CONCAT > Ldgapp2/dollargeneral/com/dgapp2_android/ConfirmCredentialsActivity;->onCreate(Landroid/os/Bundle;)V < extends Landroidx/appcompat/app/d, implements ['Lapptentive/com/android/feedback/ApptentiveActivityInfo', 'Lh9/qe$b', 'Landroidx/appcompat/app/e', 'Landroidx/core/app/y1$a']
COMPONENT CONCAT > Lcom/pushio/manager/PushIOManager;->configureAndRegister(Ljava/lang/String;Ljava/lang/String;Ljava/lang/String;)V < extends Ljava/lang/Object, implements []
COMPONENT CONCAT > Lb9/b1;->a(Ljava/lang/Object;)V < extends Ljava/lang/Object, implements ['Lf/a']
COMPONENT CONCAT > Ldgapp2/dollargeneral/com/dgapp2_android/CheckoutHelpActivity;->onCreate(Landroid/os/Bundle;)V < extends Landroidx/appcompat/app/d, implements ['Lapptentive/com/android/feedback/ApptentiveActivityInfo', 'Lh9/qe$b', 'Landroidx/appcompat/app/e', 'Landroidx/core/app/y1$a']
COMPONENT CONCAT > Ldgapp2/dollargeneral/com/dgapp2_android/DgGoPermissionsHelperActivity;->onCreate(Landroid/os/Bundle;)V < extends Landroidx/appcompat/app/d, implements ['Lapptentive/com/android/feedback/ApptentiveActivityInfo', 'Lh9/qe$b', 'Landroidx/appcompat/app/e', 'Landroidx/core/app/y1$a']
COMPONENT CONCAT > Ldgapp2/dollargeneral/com/dgapp2_android/ShipToHomeCheckoutActivity;->onCreate(Landroid/os/Bundle;)V < extends Landroidx/appcompat/app/d, implements ['Lh9/es$b', 'Lh9/nq$b', 'Lh9/hs$b', 'Lh9/g1$b', 'Lh9/dt$b', 'Lh9/qh$b', 'Lh9/ok$b', 'Ldgapp2/dollargeneral/com/dgapp2_android/fragment/d2$c', 'Lapptentive/com/android/feedback/ApptentiveActivityInfo', 'Lh9/qe$b', 'Landroidx/appcompat/app/e', 'Landroidx/core/app/y1$a']
COMPONENT CONCAT > Lb9/c1;->a(Ljava/lang/Object;)V < extends Ljava/lang/Object, implements ['Lf/a']
COMPONENT CONCAT > Lh9/pm;->a(Ljava/lang/Object;)V < extends Ljava/lang/Object, implements ['Lf/a']
COMPONENT CONCAT > Lcom/pushio/manager/PushIOManager;->isCurrentSessionAnEngagement()Z < extends Ljava/lang/Object, implements []
COMPONENT CONCAT > Ldgapp2/dollargeneral/com/dgapp2_android/HomeScannerActivity;->onCreate(Landroid/os/Bundle;)V < extends Landroidx/appcompat/app/d, implements ['Lme/dm7/barcodescanner/zxing/ZXingScannerView$b', 'Lh9/me$c', 'Lh9/d2$b', 'Ldgapp2/dollargeneral/com/dgapp2_android/ui/h0$b', 'Lapptentive/com/android/feedback/ApptentiveActivityInfo', 'Lh9/qe$b', 'Landroidx/appcompat/app/e', 'Landroidx/core/app/y1$a']
COMPONENT CONCAT > Lcom/pushio/manager/PushIOManager;->setInAppFetchEnabled(Z)V < extends Ljava/lang/Object, implements []
COMPONENT CONCAT > Lh9/sm;->a(Ljava/lang/Object;)V < extends Ljava/lang/Object, implements ['Lf/a']
COMPONENT CONCAT > Ldgapp2/dollargeneral/com/dgapp2_android/StoreLocatorNoLocationActivity;->onCreate(Landroid/os/Bundle;)V < extends Landroidx/appcompat/app/d, implements ['Lapptentive/com/android/feedback/ApptentiveActivityInfo', 'Lh9/qe$b', 'Landroidx/appcompat/app/e', 'Landroidx/core/app/y1$a']
COMPONENT CONCAT > Lcom/pushio/manager/PushIOManager;->trackEngagementSynchronous(ILjava/lang/String;)V < extends Ljava/lang/Object, implements []
COMPONENT CONCAT > Li9/u;->onSuccess(Ljava/lang/Object;)V < extends Ljava/lang/Object, implements []
COMPONENT CONCAT > Lh9/n3;->a(Ljava/lang/Object;)V < extends Ljava/lang/Object, implements ['Lf/a']
COMPONENT CONCAT > Lcom/pushio/manager/PushIOManager;->setInAppMessageCloseButton(Landroid/app/Activity;Landroid/widget/Button;)V < extends Ljava/lang/Object, implements []
COMPONENT CONCAT > Lcom/pushio/manager/PushIOManager;->removeInAppMessageListener()V < extends Ljava/lang/Object, implements []
COMPONENT CONCAT > Lcom/pushio/manager/PushIOManager;->addInAppMessageListener(Lcom/pushio/manager/PIOInAppMessageListener;)V < extends Ljava/lang/Object, implements []
COMPONENT CONCAT > Ldgapp2/dollargeneral/com/dgapp2_android/CheckoutConfirmationCompleteActivity;->onCreate(Landroid/os/Bundle;)V < extends Landroidx/appcompat/app/d, implements ['Lapptentive/com/android/feedback/ApptentiveActivityInfo', 'Lh9/qe$b', 'Landroidx/appcompat/app/e', 'Landroidx/core/app/y1$a']
COMPONENT CONCAT > Lcom/pushio/manager/PIOFCMAsyncTask$1;->onReceive(Landroid/content/Context;Landroid/content/Intent;)V < extends Landroid/content/BroadcastReceiver, implements []
COMPONENT CONCAT > Lcom/pushio/manager/PushIOManager;->handleMessage(Lcom/google/firebase/messaging/RemoteMessage;)V < extends Ljava/lang/Object, implements []
COMPONENT CONCAT > Lcom/pushio/manager/PushIOManager;->trackEngagement(ILjava/util/Map;Lcom/pushio/manager/tasks/PushIOEngagementListener;)V < extends Ljava/lang/Object, implements []
COMPONENT CONCAT > Lcom/pushio/manager/PushIOManager;->getInAppMessageBannerHeight()I < extends Ljava/lang/Object, implements []
COMPONENT CONCAT > Lcom/pushio/manager/PushIOManager;->registerPushIOEngagementListener(Lcom/pushio/manager/tasks/PushIOEngagementListener;)V < extends Ljava/lang/Object, implements []
COMPONENT CONCAT > Lb9/m1;->a(Ljava/lang/Object;)V < extends Ljava/lang/Object, implements ['Lf/a']
COMPONENT CONCAT > Ldgapp2/dollargeneral/com/dgapp2_android/ListScannerActivity;->onCreate(Landroid/os/Bundle;)V < extends Landroidx/appcompat/app/d, implements ['Lme/dm7/barcodescanner/zxing/ZXingScannerView$b', 'Lh9/me$c', 'Lh9/d2$b', 'Ldgapp2/dollargeneral/com/dgapp2_android/ui/h0$b', 'Lapptentive/com/android/feedback/ApptentiveActivityInfo', 'Lh9/qe$b', 'Landroidx/appcompat/app/e', 'Landroidx/core/app/y1$a']
COMPONENT CONCAT > Lcom/pushio/manager/PushIOManager;->trackCustomEngagement(Ljava/lang/String;)V < extends Ljava/lang/Object, implements []
COMPONENT CONCAT > Lcom/pushio/manager/PushIOManager;->trackEngagement(I)V < extends Ljava/lang/Object, implements []
COMPONENT CONCAT > Ldgapp2/dollargeneral/com/dgapp2_android/CouponScannerActivity;->onCreate(Landroid/os/Bundle;)V < extends Landroidx/appcompat/app/d, implements ['Lme/dm7/barcodescanner/zxing/ZXingScannerView$b', 'Lh9/me$c', 'Lh9/d2$b', 'Ldgapp2/dollargeneral/com/dgapp2_android/ui/h0$b', 'Lapptentive/com/android/feedback/ApptentiveActivityInfo', 'Lh9/qe$b', 'Landroidx/appcompat/app/e', 'Landroidx/core/app/y1$a']
COMPONENT CONCAT > Ldgapp2/dollargeneral/com/dgapp2_android/WalletAnnouncementActivity;->onCreate(Landroid/os/Bundle;)V < extends Landroidx/appcompat/app/d, implements ['Lapptentive/com/android/feedback/ApptentiveActivityInfo', 'Lh9/qe$b', 'Landroidx/appcompat/app/e', 'Landroidx/core/app/y1$a']
COMPONENT CONCAT > Ldgapp2/dollargeneral/com/dgapp2_android/LocationCheckActivity;->onCreate(Landroid/os/Bundle;)V < extends Landroidx/appcompat/app/d, implements ['Lapptentive/com/android/feedback/ApptentiveActivityInfo', 'Lh9/qe$b', 'Landroidx/appcompat/app/e', 'Landroidx/core/app/y1$a']
COMPONENT CONCAT > Lcom/pushio/manager/PushIOManager;->trackEmailConversion(Landroid/content/Intent;)V < extends Ljava/lang/Object, implements []
COMPONENT CONCAT > Lcom/pushio/manager/PushIOManager;->reportNotificationReceived(Ljava/lang/String;J)V < extends Ljava/lang/Object, implements []
COMPONENT CONCAT > Ldgapp2/dollargeneral/com/dgapp2_android/PlayToWinWebViewActivity;->onCreate(Landroid/os/Bundle;)V < extends Landroidx/appcompat/app/d, implements ['Lh9/ve$b', 'Lh9/le$b', 'Lapptentive/com/android/feedback/ApptentiveActivityInfo', 'Lh9/qe$b', 'Landroidx/appcompat/app/e', 'Landroidx/core/app/y1$a']
COMPONENT CONCAT > Lh9/hf;->a(Ljava/lang/Object;)V < extends Ljava/lang/Object, implements ['Lf/a']
COMPONENT CONCAT > Lh9/fj;->a(Ljava/lang/Object;)V < extends Ljava/lang/Object, implements ['Lf/a']
COMPONENT CONCAT > Ldgapp2/dollargeneral/com/dgapp2_android/DeliveryCheckoutActivity;->onCreate(Landroid/os/Bundle;)V < extends Landroidx/appcompat/app/d, implements ['Lh9/yo$b', 'Lh9/vq$b', 'Lh9/va$b', 'Lh9/qh$b', 'Lapptentive/com/android/feedback/ApptentiveActivityInfo', 'Lh9/qe$b', 'Landroidx/appcompat/app/e', 'Landroidx/core/app/y1$a']
COMPONENT CONCAT > Lcom/pushio/manager/PushIOManager;->trackEngagement(ILjava/lang/String;Ljava/util/Map;Lcom/pushio/manager/tasks/PushIOEngagementListener;)V < extends Ljava/lang/Object, implements []
COMPONENT CONCAT > Lcom/pushio/manager/PushIOManager;->resetEngagementContext()V < extends Ljava/lang/Object, implements []
COMPONENT CONCAT > Lb9/x1;->a(Ljava/lang/Object;)V < extends Ljava/lang/Object, implements ['Lf/a']
COMPONENT CONCAT > Lh9/sf;->a(Ljava/lang/Object;)V < extends Ljava/lang/Object, implements ['Lf/a']
COMPONENT CONCAT > Lcom/pushio/manager/PushIOManager;->trackConversionEvent(Lcom/pushio/manager/PIOConversionEvent;Lcom/pushio/manager/PIOConversionListener;)V < extends Ljava/lang/Object, implements []
COMPONENT CONCAT > Ldgapp2/dollargeneral/com/dgapp2_android/DgPickupCheckoutActivity;->onCreate(Landroid/os/Bundle;)V < extends Landroidx/appcompat/app/d, implements ['Lh9/yo$b', 'Ldgapp2/dollargeneral/com/dgapp2_android/fragment/d2$b', 'Lh9/i2$a', 'Lh9/ok$b', 'Ldgapp2/dollargeneral/com/dgapp2_android/fragment/h2$b', 'Ldgapp2/dollargeneral/com/dgapp2_android/fragment/d2$c', 'Lh9/o6$b', 'Lapptentive/com/android/feedback/ApptentiveActivityInfo', 'Lh9/qe$b', 'Landroidx/appcompat/app/e', 'Landroidx/core/app/y1$a']
COMPONENT CONCAT > Ldgapp2/dollargeneral/com/dgapp2_android/PreferredStoreSelectorActivity;->onCreate(Landroid/os/Bundle;)V < extends Landroidx/appcompat/app/d, implements ['Lj9/n', 'Lapptentive/com/android/feedback/ApptentiveActivityInfo', 'Lh9/qe$b', 'Landroidx/appcompat/app/e', 'Landroidx/core/app/y1$a']
COMPONENT CONCAT > Lb9/p1;->a(Ljava/lang/Object;)V < extends Ljava/lang/Object, implements ['Lf/a']
COMPONENT CONCAT > Lcom/pushio/manager/PushIOManager;->trackEngagement(ILcom/pushio/manager/tasks/PushIOEngagementListener;)V < extends Ljava/lang/Object, implements []
COMPONENT CONCAT > Lb9/d1;->a(Ljava/lang/Object;)V < extends Ljava/lang/Object, implements ['Lf/a']
COMPONENT CONCAT > Ldgapp2/dollargeneral/com/dgapp2_android/EditAddressActivity;->onCreate(Landroid/os/Bundle;)V < extends Landroidx/appcompat/app/d, implements ['Lapptentive/com/android/feedback/ApptentiveActivityInfo', 'Lh9/qe$b', 'Landroidx/appcompat/app/e', 'Landroidx/core/app/y1$a']
COMPONENT CONCAT > Ldgapp2/dollargeneral/com/dgapp2_android/BiometricPermissionActivity;->onCreate(Landroid/os/Bundle;)V < extends Landroidx/appcompat/app/d, implements ['Lapptentive/com/android/feedback/ApptentiveActivityInfo', 'Lh9/qe$b', 'Landroidx/appcompat/app/e', 'Landroidx/core/app/y1$a']
COMPONENT CONCAT > Lcom/pushio/manager/PushIOManager;->trackEngagement(ILjava/lang/String;Lcom/pushio/manager/tasks/PushIOEngagementListener;)V < extends Ljava/lang/Object, implements []
COMPONENT CONCAT > Lcom/pushio/manager/PushIOManager;->configure(Ljava/lang/String;Ljava/lang/String;Ljava/lang/String;Ljava/lang/String;Ljava/lang/String;)Z < extends Ljava/lang/Object, implements []
COMPONENT CONCAT > Lh9/o3;->a(Ljava/lang/Object;)V < extends Ljava/lang/Object, implements ['Lf/a']
COMPONENT CONCAT > Lb9/e1;->a(Ljava/lang/Object;)V < extends Ljava/lang/Object, implements ['Lf/a']
COMPONENT CONCAT > Lcom/pushio/manager/PushIOManager;->setInAppMessageBannerHeight(I)Z < extends Ljava/lang/Object, implements []
COMPONENT CONCAT > Lh9/m3;->a(Ljava/lang/Object;)V < extends Ljava/lang/Object, implements ['Lf/a']
COMPONENT CONCAT > Lcom/pushio/manager/PushIOManager;->configureAndRegister(Ljava/lang/String;Ljava/lang/String;Ljava/lang/String;Ljava/lang/String;Ljava/lang/String;)V < extends Ljava/lang/Object, implements []
COMPONENT CONCAT > Lcom/pushio/manager/PushIOManager;->resetEID()V < extends Ljava/lang/Object, implements []
COMPONENT CONCAT > Ldgapp2/dollargeneral/com/dgapp2_android/GenericBluetoothCheckActivity;->onCreate(Landroid/os/Bundle;)V < extends Landroidx/appcompat/app/d, implements ['Lapptentive/com/android/feedback/ApptentiveActivityInfo', 'Lh9/qe$b', 'Landroidx/appcompat/app/e', 'Landroidx/core/app/y1$a']
COMPONENT CONCAT > Lr9/q;->a(Ljava/lang/Object;)V < extends Ljava/lang/Object, implements ['Lf/a']
COMPONENT CONCAT > Ldgapp2/dollargeneral/com/dgapp2_android/SomethingWentWrongActivity;->onCreate(Landroid/os/Bundle;)V < extends Landroidx/appcompat/app/d, implements ['Lapptentive/com/android/feedback/ApptentiveActivityInfo', 'Lh9/qe$b', 'Landroidx/appcompat/app/e', 'Landroidx/core/app/y1$a']
COMPONENT CONCAT > Lcom/pushio/manager/PushIOManager;->clearInAppMessages()V < extends Ljava/lang/Object, implements []
COMPONENT CONCAT > Lcom/pushio/manager/PushIOManager;->isStatusBarHiddenForIAMBannerInterstitial()Z < extends Ljava/lang/Object, implements []
COMPONENT CONCAT > Lcom/pushio/manager/PushIOManager;->trackCustomEngagement(Ljava/lang/String;Lcom/pushio/manager/tasks/PushIOEngagementListener;)V < extends Ljava/lang/Object, implements []
COMPONENT CONCAT > Lb9/o1;->a(Ljava/lang/Object;)V < extends Ljava/lang/Object, implements ['Lf/a']
COMPONENT CONCAT > Ldgapp2/dollargeneral/com/dgapp2_android/FindPickupStoreActivity;->onCreate(Landroid/os/Bundle;)V < extends Landroidx/appcompat/app/d, implements ['Ld9/l$a', 'Lapptentive/com/android/feedback/ApptentiveActivityInfo', 'Lh9/qe$b', 'Landroidx/appcompat/app/e', 'Landroidx/core/app/y1$a']
COMPONENT CONCAT > Lcom/pushio/manager/PushIOEngagementService;->onHandleWork(Landroid/content/Intent;)V < extends Landroidx/core/app/a1, implements []
COMPONENT CONCAT > Lcom/pushio/manager/PushIOManager;->setStatusBarHiddenForIAMBannerInterstitial(Z)V < extends Ljava/lang/Object, implements []
COMPONENT CONCAT > Ldgapp2/dollargeneral/com/dgapp2_android/CartCalculatorBTCheckActivity;->onCreate(Landroid/os/Bundle;)V < extends Landroidx/appcompat/app/d, implements ['Lapptentive/com/android/feedback/ApptentiveActivityInfo', 'Lh9/qe$b', 'Landroidx/appcompat/app/e', 'Landroidx/core/app/y1$a']
COMPONENT CONCAT > Ldgapp2/dollargeneral/com/dgapp2_android/CameraPermissionDeniedActivity;->onCreate(Landroid/os/Bundle;)V < extends Landroidx/appcompat/app/d, implements ['Landroid/view/View$OnClickListener', 'Lapptentive/com/android/feedback/ApptentiveActivityInfo', 'Lh9/qe$b', 'Landroidx/appcompat/app/e', 'Landroidx/core/app/y1$a']
COMPONENT CONCAT > Ldgapp2/dollargeneral/com/dgapp2_android/DgGoStoreHelperActivity;->onCreate(Landroid/os/Bundle;)V < extends Landroidx/appcompat/app/d, implements ['Lapptentive/com/android/feedback/ApptentiveActivityInfo', 'Lh9/qe$b', 'Landroidx/appcompat/app/e', 'Landroidx/core/app/y1$a']
COMPONENT CONCAT > Lb9/u1;->a(Ljava/lang/Object;)V < extends Ljava/lang/Object, implements ['Lf/a']
COMPONENT CONCAT > Ldgapp2/dollargeneral/com/dgapp2_android/NotificationPermissionCheckActivity;->onCreate(Landroid/os/Bundle;)V < extends Landroidx/appcompat/app/d, implements ['Lapptentive/com/android/feedback/ApptentiveActivityInfo', 'Lh9/qe$b', 'Landroidx/appcompat/app/e', 'Landroidx/core/app/y1$a']
COMPONENT CONCAT > Lb9/n1;->a(Ljava/lang/Object;)V < extends Ljava/lang/Object, implements ['Lf/a']
COMPONENT CONCAT > Lcom/pushio/manager/PushIOManager;->getEngagementMaxAge()J < extends Ljava/lang/Object, implements []
COMPONENT CONCAT > Lcom/pushio/manager/PushIOManager;->configure(Ljava/lang/String;Ljava/lang/String;Ljava/lang/String;Ljava/lang/String;Ljava/lang/String;Ljava/lang/String;Lcom/pushio/manager/PIOConfigurationListener;)V < extends Ljava/lang/Object, implements []
COMPONENT CONCAT > Lcom/pushio/manager/PIORemoteViewClickHandlerService;->onHandleWork(Landroid/content/Intent;)V < extends Landroidx/core/app/a1, implements []
COMPONENT CONCAT > Lh9/pj;->a(Ljava/lang/Object;)V < extends Ljava/lang/Object, implements ['Lf/a']
COMPONENT CONCAT > Ldgapp2/dollargeneral/com/dgapp2_android/CheckoutActivity;->onCreate(Landroid/os/Bundle;)V < extends Landroidx/appcompat/app/d, implements ['Lh9/k6$b', 'Lh9/as$b', 'Lh9/g6$b', 'Lh9/gr$b', 'Lh9/o6$b', 'Lapptentive/com/android/feedback/ApptentiveActivityInfo', 'Lh9/qe$b', 'Landroidx/appcompat/app/e', 'Landroidx/core/app/y1$a']
COMPONENT CONCAT > Lcom/pushio/manager/PushIOManager;->setEngagementId(Landroid/content/Intent;)V < extends Ljava/lang/Object, implements []
COMPONENT CONCAT > Lcom/pushio/manager/PushIOManager;->onGeoRegionExited(Lcom/pushio/manager/PIOGeoRegion;Lcom/pushio/manager/PIORegionCompletionListener;)V < extends Ljava/lang/Object, implements []
COMPONENT CONCAT > Lcom/pushio/manager/PushIOManager;->onBeaconRegionEntered(Lcom/pushio/manager/PIOBeaconRegion;Lcom/pushio/manager/PIORegionCompletionListener;)V < extends Ljava/lang/Object, implements []
COMPONENT CONCAT > Lcom/pushio/manager/PushIOManager;->onGeoRegionEntered(Lcom/pushio/manager/PIOGeoRegion;Lcom/pushio/manager/PIORegionCompletionListener;)V < extends Ljava/lang/Object, implements []
COMPONENT CONCAT > Lcom/pushio/manager/PushIOManager;->onBeaconRegionExited(Lcom/pushio/manager/PIOBeaconRegion;Lcom/pushio/manager/PIORegionCompletionListener;)V < extends Ljava/lang/Object, implements []
COMPONENT CONCAT > Lcom/pushio/manager/PIOGCMRegistrationIntentService;->onHandleWork(Landroid/content/Intent;)V < extends Landroidx/core/app/a1, implements []
COMPONENT CONCAT > Lcom/pushio/manager/PushIOManager;->unregisterUserId()V < extends Ljava/lang/Object, implements []
COMPONENT CONCAT > Lcom/pushio/manager/PushIOManager;->resetBadgeCount(ZLcom/pushio/manager/PIOBadgeSyncListener;)V < extends Ljava/lang/Object, implements []
COMPONENT CONCAT > Lcom/pushio/manager/PushIOManager;->setBadgeCount(IZLcom/pushio/manager/PIOBadgeSyncListener;)V < extends Ljava/lang/Object, implements []
COMPONENT CONCAT > Lcom/pushio/manager/PushIOManager;->addMessageCenterUpdateListener(Lcom/pushio/manager/PIOMessageCenterUpdateListener;)V < extends Ljava/lang/Object, implements []
COMPONENT CONCAT > Lcom/pushio/manager/PushIOManager;->resetMessageCenter()V < extends Ljava/lang/Object, implements []
COMPONENT CONCAT > Lcom/pushio/manager/PushIOManager;->onMessageCenterViewFinish()V < extends Ljava/lang/Object, implements []
COMPONENT CONCAT > Lcom/pushio/manager/PushIOManager;->onMessageCenterViewVisible()V < extends Ljava/lang/Object, implements []
COMPONENT CONCAT > Lcom/pushio/manager/PushIOManager;->trackMessageCenterOpenEngagement(Ljava/lang/String;)V < extends Ljava/lang/Object, implements []
COMPONENT CONCAT > Lcom/pushio/manager/PushIOManager;->removeMessageCenterUpdateListener(Lcom/pushio/manager/PIOMessageCenterUpdateListener;)V < extends Ljava/lang/Object, implements []
COMPONENT CONCAT > Lcom/pushio/manager/PushIOManager;->trackMessageCenterDisplayEngagement(Ljava/lang/String;)V < extends Ljava/lang/Object, implements []
COMPONENT CONCAT > Lcom/pushio/manager/PushIOManager;->fetchMessagesForMessageCenter(Ljava/lang/String;Lcom/pushio/manager/PIOMCMessageListener;)V < extends Ljava/lang/Object, implements []
COMPONENT CONCAT > Lcom/pushio/manager/PushIOManager;->setExecuteRsysWebUrl(ZLcom/pushio/manager/PIORsysIAMHyperlinkListener;)V < extends Ljava/lang/Object, implements []
COMPONENT CONCAT > Lcom/pushio/manager/PushIOManager;->getExecuteRsysWebUrl()Z < extends Ljava/lang/Object, implements []
COMPONENT CONCAT > Lcom/pushio/manager/PushIOManager;->getBadgeCount()I < extends Ljava/lang/Object, implements []
COMPONENT CONCAT > Lcom/pushio/manager/PushIOManager;->setMessageCenterBadgingEnabled(Z)V < extends Ljava/lang/Object, implements []
COMPONENT CONCAT > Lcom/pushio/manager/PushIOManager;->isCrashLoggingEnabled()Z < extends Ljava/lang/Object, implements []
COMPONENT CONCAT > Lcom/pushio/manager/PushIOManager;->setAdvertisingID(Ljava/lang/String;)V < extends Ljava/lang/Object, implements []
COMPONENT CONCAT > Lcom/pushio/manager/PushIOManager;->unregisterDevice()V < extends Ljava/lang/Object, implements []
COMPONENT CONCAT > Lcom/pushio/manager/PushIOManager;->getPreference(Ljava/lang/String;)Lcom/pushio/manager/preferences/PushIOPreference; < extends Ljava/lang/Object, implements []
COMPONENT CONCAT > Lcom/pushio/manager/PushIOManager;->getAdvertisingID()Ljava/lang/String; < extends Ljava/lang/Object, implements []
COMPONENT CONCAT > Lcom/pushio/manager/PushIOManager;->setCrashLoggingEnabled(Z)V < extends Ljava/lang/Object, implements []
COMPONENT CONCAT > Lcom/pushio/manager/PushIOManager;->setMessageCenterEnabled(Z)V < extends Ljava/lang/Object, implements []
COMPONENT CONCAT > Lcom/pushio/manager/PushIOManager;->delayRichPushDisplay(Z)V < extends Ljava/lang/Object, implements []
COMPONENT CONCAT > Lcom/pushio/manager/PushIOManager;->getPreferences()Ljava/util/List; < extends Ljava/lang/Object, implements []
COMPONENT CONCAT > Lcom/pushio/manager/PushIOManager;->overwriteApiKey(Ljava/lang/String;)V < extends Ljava/lang/Object, implements []
COMPONENT CONCAT > Lcom/pushio/manager/PushIOManager;->setNotificationsStacked(Z)V < extends Ljava/lang/Object, implements []
COMPONENT CONCAT > Lcom/pushio/manager/PushIOManager;->setVerifiedUserId(Ljava/lang/String;)V < extends Ljava/lang/Object, implements []
COMPONENT CONCAT > Lcom/pushio/manager/PushIOManager;->registerPushIOListener(Lcom/pushio/manager/tasks/PushIOListener;)V < extends Ljava/lang/Object, implements []
COMPONENT CONCAT > Lcom/pushio/manager/PushIOManager;->setPushNotificationsEnabled(Z)V < extends Ljava/lang/Object, implements []
COMPONENT CONCAT > Lcom/pushio/manager/PushIOManager;->registerPushIONotificationServiceDiscoveryListener(Lcom/pushio/manager/tasks/PushIONotificationServiceDiscoveryListener;)V < extends Ljava/lang/Object, implements []
COMPONENT CONCAT > Lcom/pushio/manager/PushIOManager;->deleteInteractiveNotificationCategory(Ljava/lang/String;)Z < extends Ljava/lang/Object, implements []
COMPONENT CONCAT > Lcom/pushio/manager/PushIOManager;->isAnalyticsEnabled()Z < extends Ljava/lang/Object, implements []
COMPONENT CONCAT > Lcom/pushio/manager/PushIOManager;->setDefaultLargeIcon(I)V < extends Ljava/lang/Object, implements []
COMPONENT CONCAT > Lcom/pushio/manager/PushIOManager;->setDefaultSmallIcon(I)V < extends Ljava/lang/Object, implements []
COMPONENT CONCAT > Lcom/pushio/manager/PushIOManager;->isUseLocationEnabled()Z < extends Ljava/lang/Object, implements []
COMPONENT CONCAT > Lcom/pushio/manager/PushIOManager;->setConversionUrl(Ljava/lang/String;)V < extends Ljava/lang/Object, implements []
COMPONENT CONCAT > Lcom/pushio/manager/PushIOManager;->getAccountToken()Ljava/lang/String; < extends Ljava/lang/Object, implements []
COMPONENT CONCAT > Lcom/pushio/manager/PushIOManager;->overwriteAccountToken(Ljava/lang/String;)V < extends Ljava/lang/Object, implements []
COMPONENT CONCAT > Lcom/pushio/manager/PushIOManager;->showRichPushMessage()V < extends Ljava/lang/Object, implements []
COMPONENT CONCAT > Lcom/pushio/manager/PushIOManager;->setAnalyticsEnabled(Z)V < extends Ljava/lang/Object, implements []
COMPONENT CONCAT > Lcom/pushio/manager/PushIOManager;->getRegisteredUserId()Ljava/lang/String; < extends Ljava/lang/Object, implements []
COMPONENT CONCAT > Lcom/pushio/manager/PushIOManager;->setExternalDeviceTrackingID(Ljava/lang/String;)V < extends Ljava/lang/Object, implements []
COMPONENT CONCAT > Lcom/pushio/manager/PushIOManager;->getRIAppId()Ljava/lang/String; < extends Ljava/lang/Object, implements []
COMPONENT CONCAT > Lcom/pushio/manager/PushIOManager;->setPreference(Ljava/lang/String;Z)Z < extends Ljava/lang/Object, implements []
COMPONENT CONCAT > Lcom/pushio/manager/PushIOManager;->declarePreference(Ljava/lang/String;Ljava/lang/String;Lcom/pushio/manager/preferences/PushIOPreference$Type;)V < extends Ljava/lang/Object, implements []
COMPONENT CONCAT > Lcom/pushio/manager/PushIOManager;->clearAllPreferences()V < extends Ljava/lang/Object, implements []
COMPONENT CONCAT > Lcom/pushio/manager/PushIOManager;->setRIAppId(Ljava/lang/String;)V < extends Ljava/lang/Object, implements []
COMPONENT CONCAT > Lcom/pushio/manager/PushIOManager;->isResponsysPush(Lcom/google/firebase/messaging/RemoteMessage;)Z < extends Ljava/lang/Object, implements []
COMPONENT CONCAT > Lcom/pushio/manager/PushIOManager;->getInteractiveNotificationCategory(Ljava/lang/String;)Lcom/pushio/manager/PIOInteractiveNotificationCategory; < extends Ljava/lang/Object, implements []
COMPONENT CONCAT > Lcom/pushio/manager/PushIOManager;->removePreference(Ljava/lang/String;)V < extends Ljava/lang/Object, implements []
COMPONENT CONCAT > Lcom/pushio/manager/PushIOManager;->setPreference(Ljava/lang/String;D)Z < extends Ljava/lang/Object, implements []
COMPONENT CONCAT > Lcom/pushio/manager/PushIOManager;->setPreference(Ljava/lang/String;Ljava/lang/String;)Z < extends Ljava/lang/Object, implements []
COMPONENT CONCAT > Lcom/pushio/manager/PushIOManager;->setNotificationSmallIconColor(I)V < extends Ljava/lang/Object, implements []
COMPONENT CONCAT > Lcom/pushio/manager/PushIOManager;->fetchRichContentForMessage(Ljava/lang/String;Lcom/pushio/manager/PIOMCRichContentListener;)V < extends Ljava/lang/Object, implements []
COMPONENT CONCAT > Lcom/pushio/manager/PushIOManager;->addInteractiveNotificationCategory(Lcom/pushio/manager/PIOInteractiveNotificationCategory;)Z < extends Ljava/lang/Object, implements []
COMPONENT CONCAT > Lcom/pushio/manager/PushIOManager;->getNotificationStacked()Z < extends Ljava/lang/Object, implements []
COMPONENT CONCAT > Lcom/pushio/manager/PushIOManager;->getExternalDeviceTrackingID()Ljava/lang/String; < extends Ljava/lang/Object, implements []
COMPONENT CONCAT > Lcom/pushio/manager/PushIOManager;->getIsBroadcastRegistered()Z < extends Ljava/lang/Object, implements []
COMPONENT CONCAT > Lcom/pushio/manager/PushIOManager;->getUUID()Ljava/lang/String; < extends Ljava/lang/Object, implements []
COMPONENT CONCAT > Lcom/pushio/manager/PushIOManager;->clearInteractiveNotificationCategories()V < extends Ljava/lang/Object, implements []
COMPONENT CONCAT > Lcom/pushio/manager/PushIOManager;->unregisterApp(Lcom/pushio/manager/PIOListener;)V < extends Ljava/lang/Object, implements []
COMPONENT CONCAT > Lcom/pushio/manager/PushIOManager;->setUseLocation(Z)V < extends Ljava/lang/Object, implements []
COMPONENT CONCAT > Lcom/pushio/manager/PushIOManager;->getVerifiedUserId()Ljava/lang/String; < extends Ljava/lang/Object, implements []
COMPONENT CONCAT > Lcom/pushio/manager/PushIOManager;->isMessageCenterEnabled()Z < extends Ljava/lang/Object, implements []
COMPONENT CONCAT > Lcom/pushio/manager/PushIOManager;->arePushNotificationsEnabled()Z < extends Ljava/lang/Object, implements []
COMPONENT CONCAT > Lcom/pushio/manager/PushIOManager;->getConversionUrl()Ljava/lang/String; < extends Ljava/lang/Object, implements []
COMPONENT CONCAT > Lcom/pushio/manager/PushIOManager;->setPreference(Ljava/lang/String;J)Z < extends Ljava/lang/Object, implements []
COMPONENT CONCAT > Lh9/na;->a(Ljava/lang/Object;)V < extends Ljava/lang/Object, implements ['Lf/a']
COMPONENT CONCAT > Lf0/v;->next()Ljava/lang/Object; < extends Ljava/lang/Object, implements ['Ljava/util/Iterator', 'Lwb/a']
COMPONENT CONCAT > Lf0/y;->next()Ljava/lang/Object; < extends Ljava/lang/Object, implements ['Ljava/util/Iterator', 'Lwb/a']
COMPONENT CONCAT > Lcom/adobe/marketing/mobile/r;->invoke(Ljava/lang/Object;)Ljava/lang/Object; < extends Ljava/lang/Object, implements ['Lvb/l']
COMPONENT CONCAT > Ldgapp2/dollargeneral/com/dgapp2_android/DeliveryCheckoutActivity;->z()V < extends Landroidx/appcompat/app/d, implements ['Lh9/yo$b', 'Lh9/vq$b', 'Lh9/va$b', 'Lh9/qh$b', 'Lapptentive/com/android/feedback/ApptentiveActivityInfo', 'Lh9/qe$b', 'Landroidx/appcompat/app/e', 'Landroidx/core/app/y1$a']
COMPONENT CONCAT > Lh9/rb;->a(Ljava/lang/Object;)V < extends Ljava/lang/Object, implements ['Lf/a']
COMPONENT CONCAT > Ldgapp2/dollargeneral/com/dgapp2_android/ShipToHomeCheckoutActivity;->z()V < extends Landroidx/appcompat/app/d, implements ['Lh9/es$b', 'Lh9/nq$b', 'Lh9/hs$b', 'Lh9/g1$b', 'Lh9/dt$b', 'Lh9/qh$b', 'Lh9/ok$b', 'Ldgapp2/dollargeneral/com/dgapp2_android/fragment/d2$c', 'Lapptentive/com/android/feedback/ApptentiveActivityInfo', 'Lh9/qe$b', 'Landroidx/appcompat/app/e', 'Landroidx/core/app/y1$a']
MISSING ID > Ldgapp2/dollargeneral/com/dgapp2_android/DgMainActivity;->n(Ldgapp2/dollargeneral/com/dgapp2_android/model/CouponItem;ZLandroid/widget/ImageView;)V <
MISSING ID > Ldgapp2/dollargeneral/com/dgapp2_android/fragment/t0;->onViewCreated(Landroid/view/View;Landroid/os/Bundle;)V <
COMPONENT CONCAT > Lokhttp3/internal/Internal;->parseCookie(JLjc/v;Ljava/lang/String;)Ljc/m; < extends Ljava/lang/Object, implements []
COMPONENT CONCAT > Lokhttp3/internal/cache/CacheInterceptor;->intercept(Ljc/w$a;)Ljc/d0; < extends Ljava/lang/Object, implements ['Ljc/w']
COMPONENT CONCAT > Lokhttp3/internal/Internal;->cacheGet(Ljc/c;Ljc/b0;)Ljc/d0; < extends Ljava/lang/Object, implements []
COMPONENT CONCAT > Lokhttp3/internal/http1/Http1ExchangeCodec;->openResponseBodySource(Ljc/d0;)Lokio/a0; < extends Ljava/lang/Object, implements ['Lokhttp3/internal/http/ExchangeCodec']
COMPONENT CONCAT > Lokhttp3/internal/cache/DiskLruCache;->snapshots()Ljava/util/Iterator; < extends Ljava/lang/Object, implements ['Ljava/io/Closeable', 'Ljava/io/Flushable']
COMPONENT CONCAT > Lokhttp3/internal/cache/DiskLruCache;->evictAll()V < extends Ljava/lang/Object, implements ['Ljava/io/Closeable', 'Ljava/io/Flushable']
COMPONENT CONCAT > Lokhttp3/internal/http/BridgeInterceptor;->intercept(Ljc/w$a;)Ljc/d0; < extends Ljava/lang/Object, implements ['Ljc/w']
COMPONENT CONCAT > Lokhttp3/internal/cache/DiskLruCache;->size()J < extends Ljava/lang/Object, implements ['Ljava/io/Closeable', 'Ljava/io/Flushable']
COMPONENT CONCAT > Lokhttp3/internal/cache/DiskLruCache;->edit(Ljava/lang/String;)Lokhttp3/internal/cache/DiskLruCache$Editor; < extends Ljava/lang/Object, implements ['Ljava/io/Closeable', 'Ljava/io/Flushable']
COMPONENT CONCAT > Lapptentive/com/android/feedback/textmodal/TextModalViewModel;-><init>()V < extends Landroidx/lifecycle/u0, implements []
COMPONENT CONCAT > Ldgapp2/dollargeneral/com/dgapp2_android/GenericBluetoothCheckActivity;-><init>()V < extends Landroidx/appcompat/app/d, implements ['Lapptentive/com/android/feedback/ApptentiveActivityInfo', 'Lh9/qe$b', 'Landroidx/appcompat/app/e', 'Landroidx/core/app/y1$a']
COMPONENT CONCAT > Lokhttp3/internal/connection/ConnectInterceptor;->intercept(Ljc/w$a;)Ljc/d0; < extends Ljava/lang/Object, implements ['Ljc/w']
COMPONENT CONCAT > Lec/m;->f(Ljava/lang/String;)Ljava/lang/String; < extends Ljava/lang/Object, implements []
COMPONENT CONCAT > Lapptentive/com/android/feedback/engagement/criteria/InvocationConverter;->convert(Ljava/lang/Object;)Ljava/lang/Object; < extends Ljava/lang/Object, implements ['Lapptentive/com/android/core/i']
COMPONENT CONCAT > Ldgapp2/dollargeneral/com/dgapp2_android/DeliveryCheckoutActivity;->w0(F)V < extends Landroidx/appcompat/app/d, implements ['Lh9/yo$b', 'Lh9/vq$b', 'Lh9/va$b', 'Lh9/qh$b', 'Lapptentive/com/android/feedback/ApptentiveActivityInfo', 'Lh9/qe$b', 'Landroidx/appcompat/app/e', 'Landroidx/core/app/y1$a']
COMPONENT CONCAT > Ll8/e;->d(JLjava/lang/String;Ljava/lang/String;Lnb/d;)Ljava/lang/Object; < extends Ljava/lang/Object, implements []
COMPONENT CONCAT > Ldgapp2/dollargeneral/com/dgapp2_android/DeliveryCheckoutActivity;->Q0(ZZ)V < extends Landroidx/appcompat/app/d, implements ['Lh9/yo$b', 'Lh9/vq$b', 'Lh9/va$b', 'Lh9/qh$b', 'Lapptentive/com/android/feedback/ApptentiveActivityInfo', 'Lh9/qe$b', 'Landroidx/appcompat/app/e', 'Landroidx/core/app/y1$a']
COMPONENT CONCAT > Lh9/fv;->a(Ljava/lang/Object;)V < extends Ljava/lang/Object, implements ['Lf/a']
COMPONENT CONCAT > Ldgapp2/dollargeneral/com/dgapp2_android/OrderHelpWebViewActivity;->onResume()V < extends Landroidx/appcompat/app/d, implements ['Landroidx/appcompat/app/e', 'Landroidx/core/app/y1$a']
COMPONENT CONCAT > Ldgapp2/dollargeneral/com/dgapp2_android/DeliveryCheckoutActivity;->u()V < extends Landroidx/appcompat/app/d, implements ['Lh9/yo$b', 'Lh9/vq$b', 'Lh9/va$b', 'Lh9/qh$b', 'Lapptentive/com/android/feedback/ApptentiveActivityInfo', 'Lh9/qe$b', 'Landroidx/appcompat/app/e', 'Landroidx/core/app/y1$a']
COMPONENT CONCAT > Ldgapp2/dollargeneral/com/dgapp2_android/CheckoutActivity;->T0(Ljava/lang/String;)V < extends Landroidx/appcompat/app/d, implements ['Lh9/k6$b', 'Lh9/as$b', 'Lh9/g6$b', 'Lh9/gr$b', 'Lh9/o6$b', 'Lapptentive/com/android/feedback/ApptentiveActivityInfo', 'Lh9/qe$b', 'Landroidx/appcompat/app/e', 'Landroidx/core/app/y1$a']
COMPONENT CONCAT > Ldgapp2/dollargeneral/com/dgapp2_android/PlayToWinWebViewActivity;->i3()Landroidx/activity/o; < extends Landroidx/appcompat/app/d, implements ['Lh9/ve$b', 'Lh9/le$b', 'Lapptentive/com/android/feedback/ApptentiveActivityInfo', 'Lh9/qe$b', 'Landroidx/appcompat/app/e', 'Landroidx/core/app/y1$a']
COMPONENT CONCAT > Ly9/zb;-><init>()V < extends Landroidx/lifecycle/u0, implements []
COMPONENT CONCAT > Lapptentive/com/android/feedback/payload/PersistentPayloadQueue;->enqueuePayload(Lapptentive/com/android/feedback/payload/PayloadData;)V < extends Ljava/lang/Object, implements ['Lapptentive/com/android/feedback/payload/PayloadQueue']
COMPONENT CONCAT > Ldgapp2/dollargeneral/com/dgapp2_android/CartCalculatorBTCheckActivity;-><init>()V < extends Landroidx/appcompat/app/d, implements ['Lapptentive/com/android/feedback/ApptentiveActivityInfo', 'Lh9/qe$b', 'Landroidx/appcompat/app/e', 'Landroidx/core/app/y1$a']
COMPONENT CONCAT > Ly9/bs;-><init>()V < extends Landroidx/lifecycle/u0, implements []
COMPONENT CONCAT > Lw4/m;->get(Ljava/lang/String;)Ljava/lang/Object; < extends Ljava/lang/Object, implements ['Lz4/x']
COMPONENT CONCAT > Ly9/h4;-><init>()V < extends Landroidx/lifecycle/u0, implements []
COMPONENT CONCAT > Lb9/i1;->a(Ljava/lang/Object;)V < extends Ljava/lang/Object, implements ['Lf/a']
COMPONENT CONCAT > Ldgapp2/dollargeneral/com/dgapp2_android/model/w;-><init>()V < extends Landroidx/lifecycle/u0, implements []
COMPONENT CONCAT > Ldgapp2/dollargeneral/com/dgapp2_android/ShipToHomeCheckoutActivity;->u()V < extends Landroidx/appcompat/app/d, implements ['Lh9/es$b', 'Lh9/nq$b', 'Lh9/hs$b', 'Lh9/g1$b', 'Lh9/dt$b', 'Lh9/qh$b', 'Lh9/ok$b', 'Ldgapp2/dollargeneral/com/dgapp2_android/fragment/d2$c', 'Lapptentive/com/android/feedback/ApptentiveActivityInfo', 'Lh9/qe$b', 'Landroidx/appcompat/app/e', 'Landroidx/core/app/y1$a']
COMPONENT CONCAT > Ly9/n;-><init>()V < extends Landroidx/lifecycle/u0, implements []
COMPONENT CONCAT > Ldgapp2/dollargeneral/com/dgapp2_android/DgPickupCheckoutActivity;-><init>()V < extends Landroidx/appcompat/app/d, implements ['Lh9/yo$b', 'Ldgapp2/dollargeneral/com/dgapp2_android/fragment/d2$b', 'Lh9/i2$a', 'Lh9/ok$b', 'Ldgapp2/dollargeneral/com/dgapp2_android/fragment/h2$b', 'Ldgapp2/dollargeneral/com/dgapp2_android/fragment/d2$c', 'Lh9/o6$b', 'Lapptentive/com/android/feedback/ApptentiveActivityInfo', 'Lh9/qe$b', 'Landroidx/appcompat/app/e', 'Landroidx/core/app/y1$a']
COMPONENT CONCAT > Lapptentive/com/android/feedback/backend/ConfigurationReader;->read(Lj4/p;)Ljava/lang/Object; < extends Ljava/lang/Object, implements ['Lj4/u']
COMPONENT CONCAT > Ly9/h4;->h2(Ljava/util/List;IZ)V < extends Landroidx/lifecycle/u0, implements []
COMPONENT CONCAT > Lapptentive/com/android/feedback/engagement/criteria/DefaultTargetingState;->getValue(Lapptentive/com/android/feedback/engagement/criteria/Field;)Ljava/lang/Object; < extends Ljava/lang/Object, implements ['Lapptentive/com/android/feedback/engagement/criteria/TargetingState']
COMPONENT CONCAT > Lh9/pc;->a(Ljava/lang/Object;)V < extends Ljava/lang/Object, implements ['Lf/a']
COMPONENT CONCAT > Lapptentive/com/android/feedback/Apptentive;->register(Landroid/app/Application;Lapptentive/com/android/feedback/ApptentiveConfiguration;)V < extends Ljava/lang/Object, implements []
COMPONENT CONCAT > Lapptentive/com/android/feedback/payload/PersistentPayloadQueue;->nextUnsentPayload()Lapptentive/com/android/feedback/payload/PayloadData; < extends Ljava/lang/Object, implements ['Lapptentive/com/android/feedback/payload/PayloadQueue']
COMPONENT CONCAT > Ldgapp2/dollargeneral/com/dgapp2_android/ShipToHomeCheckoutActivity;->C()V < extends Landroidx/appcompat/app/d, implements ['Lh9/es$b', 'Lh9/nq$b', 'Lh9/hs$b', 'Lh9/g1$b', 'Lh9/dt$b', 'Lh9/qh$b', 'Lh9/ok$b', 'Ldgapp2/dollargeneral/com/dgapp2_android/fragment/d2$c', 'Lapptentive/com/android/feedback/ApptentiveActivityInfo', 'Lh9/qe$b', 'Landroidx/appcompat/app/e', 'Landroidx/core/app/y1$a']
COMPONENT CONCAT > Ldgapp2/dollargeneral/com/dgapp2_android/DgGoPermissionsHelperActivity;->onResume()V < extends Landroidx/appcompat/app/d, implements ['Lapptentive/com/android/feedback/ApptentiveActivityInfo', 'Lh9/qe$b', 'Landroidx/appcompat/app/e', 'Landroidx/core/app/y1$a']
COMPONENT CONCAT > Ly9/dp;-><init>()V < extends Landroidx/lifecycle/u0, implements []
COMPONENT CONCAT > Ly9/n;->h2(Ljava/util/List;IZ)V < extends Landroidx/lifecycle/u0, implements []
COMPONENT CONCAT > Lh9/gv;->a(Ljava/lang/Object;)V < extends Ljava/lang/Object, implements ['Lf/a']
COMPONENT CONCAT > Ldgapp2/dollargeneral/com/dgapp2_android/CartScannerActivity;-><init>()V < extends Landroidx/appcompat/app/d, implements ['Lme/dm7/barcodescanner/zxing/ZXingScannerView$b', 'Lh9/me$c', 'Lh9/d2$b', 'Ldgapp2/dollargeneral/com/dgapp2_android/ui/h0$b', 'Lapptentive/com/android/feedback/ApptentiveActivityInfo', 'Lh9/qe$b', 'Landroidx/appcompat/app/e', 'Landroidx/core/app/y1$a']
COMPONENT CONCAT > Ldgapp2/dollargeneral/com/dgapp2_android/DeliveryCheckoutActivity;->C()V < extends Landroidx/appcompat/app/d, implements ['Lh9/yo$b', 'Lh9/vq$b', 'Lh9/va$b', 'Lh9/qh$b', 'Lapptentive/com/android/feedback/ApptentiveActivityInfo', 'Lh9/qe$b', 'Landroidx/appcompat/app/e', 'Landroidx/core/app/y1$a']
COMPONENT CONCAT > Ly9/rs;-><init>()V < extends Landroidx/lifecycle/u0, implements []
COMPONENT CONCAT > Lh9/om;->a(Ljava/lang/Object;)V < extends Ljava/lang/Object, implements ['Lf/a']
COMPONENT CONCAT > Ldgapp2/dollargeneral/com/dgapp2_android/DgGoStoreHelperActivity;->onResume()V < extends Landroidx/appcompat/app/d, implements ['Lapptentive/com/android/feedback/ApptentiveActivityInfo', 'Lh9/qe$b', 'Landroidx/appcompat/app/e', 'Landroidx/core/app/y1$a']
COMPONENT CONCAT > Ldgapp2/dollargeneral/com/dgapp2_android/ShipToHomeCheckoutActivity;->e(Ldgapp2/dollargeneral/com/dgapp2_android/model/PaymentMethod;)V < extends Landroidx/appcompat/app/d, implements ['Lh9/es$b', 'Lh9/nq$b', 'Lh9/hs$b', 'Lh9/g1$b', 'Lh9/dt$b', 'Lh9/qh$b', 'Lh9/ok$b', 'Ldgapp2/dollargeneral/com/dgapp2_android/fragment/d2$c', 'Lapptentive/com/android/feedback/ApptentiveActivityInfo', 'Lh9/qe$b', 'Landroidx/appcompat/app/e', 'Landroidx/core/app/y1$a']
COMPONENT CONCAT > Lapptentive/com/android/feedback/conversation/ConversationManager;->updateToken$apptentive_feedback_release$default(Lapptentive/com/android/feedback/conversation/ConversationManager;Ljava/lang/String;Lvb/l;ILjava/lang/Object;)V < extends Ljava/lang/Object, implements []
COMPONENT CONCAT > Ly9/g1;->run()V < extends Ljava/lang/Object, implements ['Lka/a']
COMPONENT CONCAT > Ldgapp2/dollargeneral/com/dgapp2_android/CheckoutActivity;->W1()V < extends Landroidx/appcompat/app/d, implements ['Lh9/k6$b', 'Lh9/as$b', 'Lh9/g6$b', 'Lh9/gr$b', 'Lh9/o6$b', 'Lapptentive/com/android/feedback/ApptentiveActivityInfo', 'Lh9/qe$b', 'Landroidx/appcompat/app/e', 'Landroidx/core/app/y1$a']
COMPONENT CONCAT > Ldgapp2/dollargeneral/com/dgapp2_android/ShipToHomeCheckoutActivity;->k(Ljava/util/List;)V < extends Landroidx/appcompat/app/d, implements ['Lh9/es$b', 'Lh9/nq$b', 'Lh9/hs$b', 'Lh9/g1$b', 'Lh9/dt$b', 'Lh9/qh$b', 'Lh9/ok$b', 'Ldgapp2/dollargeneral/com/dgapp2_android/fragment/d2$c', 'Lapptentive/com/android/feedback/ApptentiveActivityInfo', 'Lh9/qe$b', 'Landroidx/appcompat/app/e', 'Landroidx/core/app/y1$a']
COMPONENT CONCAT > Ldgapp2/dollargeneral/com/dgapp2_android/SomethingWentWrongActivity;->onResume()V < extends Landroidx/appcompat/app/d, implements ['Lapptentive/com/android/feedback/ApptentiveActivityInfo', 'Lh9/qe$b', 'Landroidx/appcompat/app/e', 'Landroidx/core/app/y1$a']
COMPONENT CONCAT > Ly9/lv;->a(Lfa/t;)V < extends Ljava/lang/Object, implements ['Lfa/v']
COMPONENT CONCAT > Ldgapp2/dollargeneral/com/dgapp2_android/PromoCodeScannerActivity;-><init>()V < extends Landroidx/appcompat/app/d, implements ['Lme/dm7/barcodescanner/zxing/ZXingScannerView$b', 'Lh9/me$c', 'Lh9/d2$b', 'Ldgapp2/dollargeneral/com/dgapp2_android/ui/h0$b', 'Lapptentive/com/android/feedback/ApptentiveActivityInfo', 'Lh9/qe$b', 'Landroidx/appcompat/app/e', 'Landroidx/core/app/y1$a']
COMPONENT CONCAT > Ldgapp2/dollargeneral/com/dgapp2_android/DeliveryCheckoutActivity;->e(Ldgapp2/dollargeneral/com/dgapp2_android/model/PaymentMethod;)V < extends Landroidx/appcompat/app/d, implements ['Lh9/yo$b', 'Lh9/vq$b', 'Lh9/va$b', 'Lh9/qh$b', 'Lapptentive/com/android/feedback/ApptentiveActivityInfo', 'Lh9/qe$b', 'Landroidx/appcompat/app/e', 'Landroidx/core/app/y1$a']
COMPONENT CONCAT > Ldgapp2/dollargeneral/com/dgapp2_android/HomeScannerActivity;-><init>()V < extends Landroidx/appcompat/app/d, implements ['Lme/dm7/barcodescanner/zxing/ZXingScannerView$b', 'Lh9/me$c', 'Lh9/d2$b', 'Ldgapp2/dollargeneral/com/dgapp2_android/ui/h0$b', 'Lapptentive/com/android/feedback/ApptentiveActivityInfo', 'Lh9/qe$b', 'Landroidx/appcompat/app/e', 'Landroidx/core/app/y1$a']
COMPONENT CONCAT > Lapptentive/com/android/feedback/ApptentiveDefaultClient;->login(Ljava/lang/String;Lvb/l;)V < extends Ljava/lang/Object, implements ['Lapptentive/com/android/feedback/ApptentiveClient']
COMPONENT CONCAT > Ldgapp2/dollargeneral/com/dgapp2_android/NotificationPermissionCheckActivity;->onResume()V < extends Landroidx/appcompat/app/d, implements ['Lapptentive/com/android/feedback/ApptentiveActivityInfo', 'Lh9/qe$b', 'Landroidx/appcompat/app/e', 'Landroidx/core/app/y1$a']
COMPONENT CONCAT > Lapptentive/com/android/feedback/backend/EngagementManifestReader;->read(Lj4/p;)Ljava/lang/Object; < extends Ljava/lang/Object, implements ['Lj4/u']
COMPONENT CONCAT > Lh9/kb;->a(Ljava/lang/Object;)V < extends Ljava/lang/Object, implements ['Lf/a']
COMPONENT CONCAT > Ldgapp2/dollargeneral/com/dgapp2_android/ShipToHomeCheckoutActivity;->A1()V < extends Landroidx/appcompat/app/d, implements ['Lh9/es$b', 'Lh9/nq$b', 'Lh9/hs$b', 'Lh9/g1$b', 'Lh9/dt$b', 'Lh9/qh$b', 'Lh9/ok$b', 'Ldgapp2/dollargeneral/com/dgapp2_android/fragment/d2$c', 'Lapptentive/com/android/feedback/ApptentiveActivityInfo', 'Lh9/qe$b', 'Landroidx/appcompat/app/e', 'Landroidx/core/app/y1$a']
COMPONENT CONCAT > Lapptentive/com/android/feedback/textmodal/TextModalInteractionProvider;->get()Ljava/lang/Object; < extends Ljava/lang/Object, implements ['Lapptentive/com/android/core/q']
COMPONENT CONCAT > Lb9/q1;->a(Ljava/lang/Object;)V < extends Ljava/lang/Object, implements ['Lf/a']
COMPONENT CONCAT > Lb9/k1;->a(Ljava/lang/Object;)V < extends Ljava/lang/Object, implements ['Lf/a']
COMPONENT CONCAT > Ldgapp2/dollargeneral/com/dgapp2_android/StoreLocatorNoLocationActivity;->onResume()V < extends Landroidx/appcompat/app/d, implements ['Lapptentive/com/android/feedback/ApptentiveActivityInfo', 'Lh9/qe$b', 'Landroidx/appcompat/app/e', 'Landroidx/core/app/y1$a']
COMPONENT CONCAT > Ly9/zb;->h2(Ljava/util/List;IZ)V < extends Landroidx/lifecycle/u0, implements []
COMPONENT CONCAT > Lh9/dl;->a(Ljava/lang/Object;)V < extends Ljava/lang/Object, implements ['Lf/a']
COMPONENT CONCAT > Ldgapp2/dollargeneral/com/dgapp2_android/HomeScannerActivity;->X1(Ljava/lang/String;)V < extends Landroidx/appcompat/app/d, implements ['Lme/dm7/barcodescanner/zxing/ZXingScannerView$b', 'Lh9/me$c', 'Lh9/d2$b', 'Ldgapp2/dollargeneral/com/dgapp2_android/ui/h0$b', 'Lapptentive/com/android/feedback/ApptentiveActivityInfo', 'Lh9/qe$b', 'Landroidx/appcompat/app/e', 'Landroidx/core/app/y1$a']
COMPONENT CONCAT > Lb9/b3;->a(Ljava/lang/Object;)V < extends Ljava/lang/Object, implements ['Lf/a']
COMPONENT CONCAT > Ldgapp2/dollargeneral/com/dgapp2_android/CheckoutHelpActivity;->onResume()V < extends Landroidx/appcompat/app/d, implements ['Lapptentive/com/android/feedback/ApptentiveActivityInfo', 'Lh9/qe$b', 'Landroidx/appcompat/app/e', 'Landroidx/core/app/y1$a']
COMPONENT CONCAT > Lh9/lj;->a(Ljava/lang/Object;)V < extends Ljava/lang/Object, implements ['Lf/a']
COMPONENT CONCAT > Ldgapp2/dollargeneral/com/dgapp2_android/OrderHelpWebViewActivity;->onCreate(Landroid/os/Bundle;)V < extends Landroidx/appcompat/app/d, implements ['Landroidx/appcompat/app/e', 'Landroidx/core/app/y1$a']
COMPONENT CONCAT > Lh9/da;->a(Ljava/lang/Object;)V < extends Ljava/lang/Object, implements ['Lf/a']
COMPONENT CONCAT > Lh9/zs;->a(Ljava/lang/Object;)V < extends Ljava/lang/Object, implements ['Lf/a']
COMPONENT CONCAT > Ldgapp2/dollargeneral/com/dgapp2_android/ListScannerActivity;-><init>()V < extends Landroidx/appcompat/app/d, implements ['Lme/dm7/barcodescanner/zxing/ZXingScannerView$b', 'Lh9/me$c', 'Lh9/d2$b', 'Ldgapp2/dollargeneral/com/dgapp2_android/ui/h0$b', 'Lapptentive/com/android/feedback/ApptentiveActivityInfo', 'Lh9/qe$b', 'Landroidx/appcompat/app/e', 'Landroidx/core/app/y1$a']
COMPONENT CONCAT > Ldgapp2/dollargeneral/com/dgapp2_android/CameraPermissionDeniedActivity;->onResume()V < extends Landroidx/appcompat/app/d, implements ['Landroid/view/View$OnClickListener', 'Lapptentive/com/android/feedback/ApptentiveActivityInfo', 'Lh9/qe$b', 'Landroidx/appcompat/app/e', 'Landroidx/core/app/y1$a']
COMPONENT CONCAT > Lh9/xg;->a(Ljava/lang/Object;)V < extends Ljava/lang/Object, implements ['Lf/a']
COMPONENT CONCAT > Ldgapp2/dollargeneral/com/dgapp2_android/ShipToHomeCheckoutActivity;->f(ILdgapp2/dollargeneral/com/dgapp2_android/model/Address;ZZ)V < extends Landroidx/appcompat/app/d, implements ['Lh9/es$b', 'Lh9/nq$b', 'Lh9/hs$b', 'Lh9/g1$b', 'Lh9/dt$b', 'Lh9/qh$b', 'Lh9/ok$b', 'Ldgapp2/dollargeneral/com/dgapp2_android/fragment/d2$c', 'Lapptentive/com/android/feedback/ApptentiveActivityInfo', 'Lh9/qe$b', 'Landroidx/appcompat/app/e', 'Landroidx/core/app/y1$a']
COMPONENT CONCAT > Ly9/x8;-><init>()V < extends Landroidx/lifecycle/u0, implements []
COMPONENT CONCAT > Lapptentive/com/android/feedback/ApptentiveDefaultClient;->loginAnonymousConversation$default(Lapptentive/com/android/feedback/ApptentiveDefaultClient;Ljava/lang/String;Ljava/lang/String;Lvb/l;ILjava/lang/Object;)V < extends Ljava/lang/Object, implements ['Lapptentive/com/android/feedback/ApptentiveClient']
COMPONENT CONCAT > Ldgapp2/dollargeneral/com/dgapp2_android/CheckoutConfirmationCompleteActivity;->onResume()V < extends Landroidx/appcompat/app/d, implements ['Lapptentive/com/android/feedback/ApptentiveActivityInfo', 'Lh9/qe$b', 'Landroidx/appcompat/app/e', 'Landroidx/core/app/y1$a']
COMPONENT CONCAT > Lapptentive/com/android/feedback/ApptentiveDefaultClient;->updateToken(Ljava/lang/String;Lvb/l;)V < extends Ljava/lang/Object, implements ['Lapptentive/com/android/feedback/ApptentiveClient']
COMPONENT CONCAT > Ldgapp2/dollargeneral/com/dgapp2_android/PreferredStoreSelectorActivity;->L(Lcom/google/android/gms/maps/model/LatLng;)V < extends Landroidx/appcompat/app/d, implements ['Lj9/n', 'Lapptentive/com/android/feedback/ApptentiveActivityInfo', 'Lh9/qe$b', 'Landroidx/appcompat/app/e', 'Landroidx/core/app/y1$a']
COMPONENT CONCAT > Ldgapp2/dollargeneral/com/dgapp2_android/ShipToHomeCheckoutActivity;->I(Ldgapp2/dollargeneral/com/dgapp2_android/model/Order$OrderDetails;)V < extends Landroidx/appcompat/app/d, implements ['Lh9/es$b', 'Lh9/nq$b', 'Lh9/hs$b', 'Lh9/g1$b', 'Lh9/dt$b', 'Lh9/qh$b', 'Lh9/ok$b', 'Ldgapp2/dollargeneral/com/dgapp2_android/fragment/d2$c', 'Lapptentive/com/android/feedback/ApptentiveActivityInfo', 'Lh9/qe$b', 'Landroidx/appcompat/app/e', 'Landroidx/core/app/y1$a']
COMPONENT CONCAT > Ldgapp2/dollargeneral/com/dgapp2_android/DgPickupCheckoutActivity;->L(Lcom/google/android/gms/maps/model/LatLng;)V < extends Landroidx/appcompat/app/d, implements ['Lh9/yo$b', 'Ldgapp2/dollargeneral/com/dgapp2_android/fragment/d2$b', 'Lh9/i2$a', 'Lh9/ok$b', 'Ldgapp2/dollargeneral/com/dgapp2_android/fragment/h2$b', 'Ldgapp2/dollargeneral/com/dgapp2_android/fragment/d2$c', 'Lh9/o6$b', 'Lapptentive/com/android/feedback/ApptentiveActivityInfo', 'Lh9/qe$b', 'Landroidx/appcompat/app/e', 'Landroidx/core/app/y1$a']
COMPONENT CONCAT > Ldgapp2/dollargeneral/com/dgapp2_android/LocationCheckActivity;->onResume()V < extends Landroidx/appcompat/app/d, implements ['Lapptentive/com/android/feedback/ApptentiveActivityInfo', 'Lh9/qe$b', 'Landroidx/appcompat/app/e', 'Landroidx/core/app/y1$a']
COMPONENT CONCAT > Ldgapp2/dollargeneral/com/dgapp2_android/CouponScannerActivity;-><init>()V < extends Landroidx/appcompat/app/d, implements ['Lme/dm7/barcodescanner/zxing/ZXingScannerView$b', 'Lh9/me$c', 'Lh9/d2$b', 'Ldgapp2/dollargeneral/com/dgapp2_android/ui/h0$b', 'Lapptentive/com/android/feedback/ApptentiveActivityInfo', 'Lh9/qe$b', 'Landroidx/appcompat/app/e', 'Landroidx/core/app/y1$a']
COMPONENT CONCAT > Ldgapp2/dollargeneral/com/dgapp2_android/DeliveryCheckoutActivity;->l0()V < extends Landroidx/appcompat/app/d, implements ['Lh9/yo$b', 'Lh9/vq$b', 'Lh9/va$b', 'Lh9/qh$b', 'Lapptentive/com/android/feedback/ApptentiveActivityInfo', 'Lh9/qe$b', 'Landroidx/appcompat/app/e', 'Landroidx/core/app/y1$a']
COMPONENT CONCAT > Lb9/g1;->a(Ljava/lang/Object;)V < extends Ljava/lang/Object, implements ['Lf/a']
COMPONENT CONCAT > Lapptentive/com/android/feedback/payload/PersistentPayloadQueue;->updateCredential(Lapptentive/com/android/feedback/conversation/ConversationCredentialProvider;)V < extends Ljava/lang/Object, implements ['Lapptentive/com/android/feedback/payload/PayloadQueue']
COMPONENT CONCAT > Lapptentive/com/android/feedback/model/payloads/MessagePayload;->getParts$apptentive_feedback_release(Ljava/lang/String;)Ljava/util/List; < extends Ljava/lang/Object, implements []
COMPONENT CONCAT > Ldgapp2/dollargeneral/com/dgapp2_android/ListScannerActivity;->X1(Ljava/lang/String;)V < extends Landroidx/appcompat/app/d, implements ['Lme/dm7/barcodescanner/zxing/ZXingScannerView$b', 'Lh9/me$c', 'Lh9/d2$b', 'Ldgapp2/dollargeneral/com/dgapp2_android/ui/h0$b', 'Lapptentive/com/android/feedback/ApptentiveActivityInfo', 'Lh9/qe$b', 'Landroidx/appcompat/app/e', 'Landroidx/core/app/y1$a']
COMPONENT CONCAT > Ly9/lq;-><init>()V < extends Landroidx/lifecycle/u0, implements []
COMPONENT CONCAT > Ll8/e;->c(JLjava/lang/String;Ljava/lang/String;Lnb/d;)Ljava/lang/Object; < extends Ljava/lang/Object, implements []
COMPONENT CONCAT > Lh9/tj;->a(Ljava/lang/Object;)V < extends Ljava/lang/Object, implements ['Lf/a']
COMPONENT CONCAT > Ly9/s5;-><init>()V < extends Landroidx/lifecycle/u0, implements []
COMPONENT CONCAT > Ly9/vd;-><init>()V < extends Landroidx/lifecycle/u0, implements []
COMPONENT CONCAT > Lapptentive/com/android/feedback/payload/PersistentPayloadQueue;->deletePayloadAndAssociatedFiles(Lapptentive/com/android/feedback/payload/PayloadData;)V < extends Ljava/lang/Object, implements ['Lapptentive/com/android/feedback/payload/PayloadQueue']
COMPONENT CONCAT > Ldgapp2/dollargeneral/com/dgapp2_android/CheckoutActivity;->N1()V < extends Landroidx/appcompat/app/d, implements ['Lh9/k6$b', 'Lh9/as$b', 'Lh9/g6$b', 'Lh9/gr$b', 'Lh9/o6$b', 'Lapptentive/com/android/feedback/ApptentiveActivityInfo', 'Lh9/qe$b', 'Landroidx/appcompat/app/e', 'Landroidx/core/app/y1$a']
COMPONENT CONCAT > Lh9/wu;->onMapReady(Lcom/google/android/gms/maps/GoogleMap;)V < extends Ljava/lang/Object, implements ['Lcom/google/android/gms/maps/OnMapReadyCallback']
COMPONENT CONCAT > Ldgapp2/dollargeneral/com/dgapp2_android/CouponScannerActivity;->D2(Lcom/google/zxing/Result;)V < extends Landroidx/appcompat/app/d, implements ['Lme/dm7/barcodescanner/zxing/ZXingScannerView$b', 'Lh9/me$c', 'Lh9/d2$b', 'Ldgapp2/dollargeneral/com/dgapp2_android/ui/h0$b', 'Lapptentive/com/android/feedback/ApptentiveActivityInfo', 'Lh9/qe$b', 'Landroidx/appcompat/app/e', 'Landroidx/core/app/y1$a']
COMPONENT CONCAT > Ldgapp2/dollargeneral/com/dgapp2_android/CheckoutActivity;->H(Ldgapp2/dollargeneral/com/dgapp2_android/model/PaymentMethod;)V < extends Landroidx/appcompat/app/d, implements ['Lh9/k6$b', 'Lh9/as$b', 'Lh9/g6$b', 'Lh9/gr$b', 'Lh9/o6$b', 'Lapptentive/com/android/feedback/ApptentiveActivityInfo', 'Lh9/qe$b', 'Landroidx/appcompat/app/e', 'Landroidx/core/app/y1$a']
COMPONENT CONCAT > Ly9/xq;-><init>()V < extends Landroidx/lifecycle/u0, implements []
COMPONENT CONCAT > Ldgapp2/dollargeneral/com/dgapp2_android/PlayToWinWebViewActivity;->D1()V < extends Landroidx/appcompat/app/d, implements ['Lh9/ve$b', 'Lh9/le$b', 'Lapptentive/com/android/feedback/ApptentiveActivityInfo', 'Lh9/qe$b', 'Landroidx/appcompat/app/e', 'Landroidx/core/app/y1$a']
COMPONENT CONCAT > Lcom/adobe/marketing/mobile/analytics/internal/AnalyticsExtension;-><init>(Lcom/adobe/marketing/mobile/j;)V < extends Ljava/lang/Object, implements []
COMPONENT CONCAT > Ldgapp2/dollargeneral/com/dgapp2_android/CouponScannerActivity;->X1(Ljava/lang/String;)V < extends Landroidx/appcompat/app/d, implements ['Lme/dm7/barcodescanner/zxing/ZXingScannerView$b', 'Lh9/me$c', 'Lh9/d2$b', 'Ldgapp2/dollargeneral/com/dgapp2_android/ui/h0$b', 'Lapptentive/com/android/feedback/ApptentiveActivityInfo', 'Lh9/qe$b', 'Landroidx/appcompat/app/e', 'Landroidx/core/app/y1$a']
COMPONENT CONCAT > Ly9/es;-><init>()V < extends Landroidx/lifecycle/u0, implements []
COMPONENT CONCAT > Lz0/a0;->a(Lz0/y;Lz0/k0;Z)I < extends Ljava/lang/Object, implements []
COMPONENT CONCAT > Lb9/a0;->a(Ljava/lang/Object;)V < extends Ljava/lang/Object, implements ['Lf/a']
COMPONENT CONCAT > Lcom/facebook/internal/FacebookInitProvider;->onCreate()Z < extends Landroid/content/ContentProvider, implements []
COMPONENT CONCAT > Lt7/b;->onReceive(Landroid/content/Context;Landroid/content/Intent;)V < extends Landroid/content/BroadcastReceiver, implements []
COMPONENT CONCAT > Lcom/facebook/FacebookActivity;->onCreate(Landroid/os/Bundle;)V < extends Landroidx/fragment/app/t, implements ['Landroidx/core/app/b$f']
COMPONENT CONCAT > Lm7/d;-><clinit>()V < extends Ljava/lang/Object, implements []
COMPONENT CONCAT > Lh7/e;-><clinit>()V < extends Ljava/lang/Object, implements []
COMPONENT CONCAT > Lcom/gigya/android/sdk/providers/provider/FacebookProvider;->login(Ljava/util/Map;Ljava/lang/String;)V < extends Ljava/lang/Object, implements ['Lcom/gigya/android/sdk/providers/provider/IProvider']
MISSING ID > Lb9/d4;->onClick(Landroid/view/View;)V <
COMPONENT CONCAT > Lapptentive/com/android/feedback/ratingdialog/RatingDialogInteractionLauncher;->launchInteraction(Lapptentive/com/android/feedback/engagement/EngagementContext;Lapptentive/com/android/feedback/engagement/interactions/Interaction;)V < extends Ljava/lang/Object, implements ['Lapptentive/com/android/feedback/engagement/interactions/InteractionLauncher']
COMPONENT CONCAT > Lb9/c3;->loadInto(Ljava/lang/String;Lcom/flipp/sfml/helpers/ImageLoader$ImageTarget;)V < extends Ljava/lang/Object, implements ['Lcom/flipp/sfml/helpers/ImageLoader$Loader']
COMPONENT CONCAT > Lh9/qm;->a(Ljava/lang/Object;)V < extends Ljava/lang/Object, implements ['Lf/a']
COMPONENT CONCAT > Lw6/a;->b(Ljava/lang/Object;IILj6/h;)Ll6/v; < extends Ljava/lang/Object, implements ['Lj6/j']
COMPONENT CONCAT > Lh9/rm;->a(Ljava/lang/Object;)V < extends Ljava/lang/Object, implements ['Lf/a']
COMPONENT CONCAT > Lh9/ti;->run()V < extends Ljava/lang/Object, implements ['Lka/a']
MISSING ID > Lh9/j7;->onViewCreated(Landroid/view/View;Landroid/os/Bundle;)V <
MISSING ID > Ldgapp2/dollargeneral/com/dgapp2_android/utilities/d;->q0(Landroid/widget/ImageView;Ljava/lang/String;Ljava/lang/Integer;Lb7/f;ZIIZZILjava/lang/Object;)V <
MISSING ID > Ldgapp2/dollargeneral/com/dgapp2_android/utilities/d;->p0(Landroid/widget/ImageView;Ljava/lang/String;Ljava/lang/Integer;Lb7/f;ZIIZZ)V <
MISSING ID > Lcom/bumptech/glide/k;->w0(Landroid/widget/ImageView;)Lc7/j; <
COMPONENT CONCAT > Lb9/l;->a(Ljava/lang/Object;)V < extends Ljava/lang/Object, implements ['Lf/a']
COMPONENT CONCAT > Ld9/m;->a(Landroid/view/MotionEvent;)Lj3/p$a; < extends Ljava/lang/Object, implements []
COMPONENT CONCAT > Ldgapp2/dollargeneral/com/dgapp2_android/ui/y;->invoke()Ljava/lang/Object; < extends Ljava/lang/Object, implements ['Lvb/a', 'Lkotlin/jvm/internal/j', 'Ljava/io/Serializable']
MISSING ID > Ldgapp2/dollargeneral/com/dgapp2_android/fragment/WeeklyAdsPublicationFragment;->onViewCreated(Landroid/view/View;Landroid/os/Bundle;)V <
MISSING ID > Ldgapp2/dollargeneral/com/dgapp2_android/fragment/k;->onViewCreated(Landroid/view/View;Landroid/os/Bundle;)V <
MISSING ID > Ldgapp2/dollargeneral/com/dgapp2_android/fragment/u0;->onViewCreated(Landroid/view/View;Landroid/os/Bundle;)V <
MISSING ID > Ldgapp2/dollargeneral/com/dgapp2_android/fragment/GenericItemDetailsFragment;->onViewCreated(Landroid/view/View;Landroid/os/Bundle;)V <
COMPONENT CONCAT > Lapptentive/com/android/feedback/ApptentiveDefaultClient;->sendHiddenAttachmentFileStream(Ljava/io/InputStream;Ljava/lang/String;)V < extends Ljava/lang/Object, implements ['Lapptentive/com/android/feedback/ApptentiveClient']
COMPONENT CONCAT > Lapptentive/com/android/feedback/ApptentiveDefaultClient;->sendHiddenAttachmentFileUri(Ljava/lang/String;)V < extends Ljava/lang/Object, implements ['Lapptentive/com/android/feedback/ApptentiveClient']
COMPONENT CONCAT > Lapptentive/com/android/feedback/ApptentiveDefaultClient;->sendHiddenAttachmentFileBytes([BLjava/lang/String;)V < extends Ljava/lang/Object, implements ['Lapptentive/com/android/feedback/ApptentiveClient']
COMPONENT CONCAT > Lapptentive/com/android/feedback/messagecenter/view/b;->a(Ljava/lang/Object;)V < extends Ljava/lang/Object, implements ['Lf/a']
COMPONENT CONCAT > Lapptentive/com/android/feedback/messagecenter/interaction/MessageCenterInteractionLauncher;->launchInteraction(Lapptentive/com/android/feedback/engagement/EngagementContext;Lapptentive/com/android/feedback/engagement/interactions/Interaction;)V < extends Ljava/lang/Object, implements ['Lapptentive/com/android/feedback/engagement/interactions/InteractionLauncher']
COMPONENT CONCAT > Lkb/b;-><init>()V < extends Ljava/util/AbstractList, implements ['Ljava/util/RandomAccess', 'Ljava/io/Serializable', 'Ljava/util/List', 'Lwb/d']
COMPONENT CONCAT > Lkb/b;-><clinit>()V < extends Ljava/util/AbstractList, implements ['Ljava/util/RandomAccess', 'Ljava/io/Serializable', 'Ljava/util/List', 'Lwb/d']
COMPONENT CONCAT > Lkb/j;-><init>()V < extends Ljava/util/AbstractSet, implements ['Ljava/io/Serializable', 'Ljava/util/Set', 'Lwb/f']
COMPONENT CONCAT > Lkb/j;-><init>(I)V < extends Ljava/util/AbstractSet, implements ['Ljava/io/Serializable', 'Ljava/util/Set', 'Lwb/f']
COMPONENT CONCAT > Lkb/d;-><clinit>()V < extends Ljava/lang/Object, implements ['Ljava/util/Map', 'Ljava/io/Serializable', 'Lwb/e']
COMPONENT CONCAT > Lkb/e;->iterator()Ljava/util/Iterator; < extends Ljava/util/AbstractSet, implements ['Ljava/util/Set', 'Lwb/f']
COMPONENT CONCAT > Lkb/d;->toString()Ljava/lang/String; < extends Ljava/lang/Object, implements ['Ljava/util/Map', 'Ljava/io/Serializable', 'Lwb/e']
COMPONENT CONCAT > Lkb/d;->hashCode()I < extends Ljava/lang/Object, implements ['Ljava/util/Map', 'Ljava/io/Serializable', 'Lwb/e']
COMPONENT CONCAT > Lkb/d;->putAll(Ljava/util/Map;)V < extends Ljava/lang/Object, implements ['Ljava/util/Map', 'Ljava/io/Serializable', 'Lwb/e']
COMPONENT CONCAT > Lkb/d;->put(Ljava/lang/Object;Ljava/lang/Object;)Ljava/lang/Object; < extends Ljava/lang/Object, implements ['Ljava/util/Map', 'Ljava/io/Serializable', 'Lwb/e']
COMPONENT CONCAT > Lb9/v1;->a(Ljava/lang/Object;)V < extends Ljava/lang/Object, implements ['Lf/a']
COMPONENT CONCAT > Lb9/h1;->a(Ljava/lang/Object;)V < extends Ljava/lang/Object, implements ['Lf/a']
COMPONENT CONCAT > Ldgapp2/dollargeneral/com/dgapp2_android/manager/UserSessionManager;-><clinit>()V < extends Ljava/lang/Object, implements []
COMPONENT CONCAT > Ly9/zu;->onCleared()V < extends Landroidx/lifecycle/u0, implements []
COMPONENT CONCAT > Ldgapp2/dollargeneral/com/dgapp2_android/PlayToWinWebViewActivity;->onResume()V < extends Landroidx/appcompat/app/d, implements ['Lh9/ve$b', 'Lh9/le$b', 'Lapptentive/com/android/feedback/ApptentiveActivityInfo', 'Lh9/qe$b', 'Landroidx/appcompat/app/e', 'Landroidx/core/app/y1$a']
COMPONENT CONCAT > Lk9/f6;->a(Ljava/util/Collection;Lorg/altbeacon/beacon/Region;)V < extends Ljava/lang/Object, implements ['Lnc/k']
COMPONENT CONCAT > Lk9/i7;->run()V < extends Ljava/lang/Object, implements ['Lka/a']
COMPONENT CONCAT > Lcom/storify/android_sdk/PreviewStoryByHandleLauncher;->launch$default(Lcom/storify/android_sdk/PreviewStoryByHandleLauncher;Landroid/content/Context;Ljava/lang/String;Lcom/storify/android_sdk/local/StorifyMeWidgetConfig;Lt8/k;Ljava/lang/Integer;ILjava/lang/Object;)V < extends Ljava/lang/Object, implements []
COMPONENT CONCAT > Ly9/u5;->accept(Ljava/lang/Object;)V < extends Ljava/lang/Object, implements ['Lka/e']
MISSING ID > Ldgapp2/dollargeneral/com/dgapp2_android/WeeklyAdPdfViewFragment;->onViewCreated(Landroid/view/View;Landroid/os/Bundle;)V <
MISSING ID > Lb9/m4;->onClick(Landroid/view/View;)V <
COMPONENT CONCAT > Ldd/b;-><clinit>()V < extends Ljava/lang/Object, implements ['Lbd/f']
COMPONENT CONCAT > Ldgapp2/dollargeneral/com/dgapp2_android/CheckoutActivity;->O(Ljava/lang/String;)V < extends Landroidx/appcompat/app/d, implements ['Lh9/k6$b', 'Lh9/as$b', 'Lh9/g6$b', 'Lh9/gr$b', 'Lh9/o6$b', 'Lapptentive/com/android/feedback/ApptentiveActivityInfo', 'Lh9/qe$b', 'Landroidx/appcompat/app/e', 'Landroidx/core/app/y1$a']
COMPONENT CONCAT > Lb9/y3;->a(Lfa/n;)V < extends Ljava/lang/Object, implements ['Lfa/o']
COMPONENT CONCAT > Lbd/n;->b0(Lbd/d;)V < extends Ljava/lang/Object, implements ['Lbd/b']
COMPONENT CONCAT > Ly9/io;-><init>()V < extends Landroidx/lifecycle/u0, implements []
COMPONENT CONCAT > Lbd/n;->request()Ljc/b0; < extends Ljava/lang/Object, implements ['Lbd/b']
COMPONENT CONCAT > Lokhttp3/internal/Util;-><clinit>()V < extends Ljava/lang/Object, implements []
COMPONENT CONCAT > Lk9/i5;->run()V < extends Ljava/lang/Object, implements ['Lka/a']
COMPONENT CONCAT > Ldgapp2/dollargeneral/com/dgapp2_android/ShipToHomeCheckoutActivity;->S0(Ldgapp2/dollargeneral/com/dgapp2_android/model/ShippingOption;)V < extends Landroidx/appcompat/app/d, implements ['Lh9/es$b', 'Lh9/nq$b', 'Lh9/hs$b', 'Lh9/g1$b', 'Lh9/dt$b', 'Lh9/qh$b', 'Lh9/ok$b', 'Ldgapp2/dollargeneral/com/dgapp2_android/fragment/d2$c', 'Lapptentive/com/android/feedback/ApptentiveActivityInfo', 'Lh9/qe$b', 'Landroidx/appcompat/app/e', 'Landroidx/core/app/y1$a']
COMPONENT CONCAT > Le4/i;->a(Ljava/lang/String;)Le4/g; < extends Ljava/lang/Object, implements ['Le4/h']
COMPONENT CONCAT > Lokhttp3/internal/ws/RealWebSocket;->connect(Ljc/z;)V < extends Ljava/lang/Object, implements ['Lokhttp3/internal/ws/WebSocketReader$FrameCallback']
COMPONENT CONCAT > Ljc/s;-><clinit>()V < extends Ljava/lang/Object, implements []
COMPONENT CONCAT > Ljc/e0;->create(Ljava/lang/String;Ljc/x;)Ljc/e0; < extends Ljava/lang/Object, implements ['Ljava/io/Closeable']
COMPONENT CONCAT > Lbd/n;->execute()Lbd/x; < extends Ljava/lang/Object, implements ['Lbd/b']
COMPONENT CONCAT > Lcom/adobe/marketing/mobile/internal/configuration/ConfigurationExtension;-><init>(Lcom/adobe/marketing/mobile/j;)V < extends Ljava/lang/Object, implements []
COMPONENT CONCAT > Ll8/i;->b(JLjava/lang/String;Ljava/lang/String;Ljava/lang/String;Lnb/d;)Ljava/lang/Object; < extends Ljava/lang/Object, implements []
COMPONENT CONCAT > Ldgapp2/dollargeneral/com/dgapp2_android/CheckoutActivity;->R0()V < extends Landroidx/appcompat/app/d, implements ['Lh9/k6$b', 'Lh9/as$b', 'Lh9/g6$b', 'Lh9/gr$b', 'Lh9/o6$b', 'Lapptentive/com/android/feedback/ApptentiveActivityInfo', 'Lh9/qe$b', 'Landroidx/appcompat/app/e', 'Landroidx/core/app/y1$a']
COMPONENT CONCAT > Lokhttp3/internal/http/RetryAndFollowUpInterceptor;->intercept(Ljc/w$a;)Ljc/d0; < extends Ljava/lang/Object, implements ['Ljc/w']
COMPONENT CONCAT > Lcom/google/maps/OkHttpRequestHandler;-><clinit>()V < extends Ljava/lang/Object, implements ['Lcom/google/maps/GeoApiContext$RequestHandler']
COMPONENT CONCAT > Ly9/x4;-><init>()V < extends Landroidx/lifecycle/u0, implements []
COMPONENT CONCAT > Ljc/e0;->create(Ljc/x;Ljava/lang/String;)Ljc/e0; < extends Ljava/lang/Object, implements ['Ljava/io/Closeable']
COMPONENT CONCAT > Le4/r;->h(Ljava/lang/String;)Le4/p; < extends Ljava/lang/Object, implements ['Le4/q']
COMPONENT CONCAT > Ldgapp2/dollargeneral/com/dgapp2_android/ShipToHomeCheckoutActivity;->p0(Ldgapp2/dollargeneral/com/dgapp2_android/model/Address;)V < extends Landroidx/appcompat/app/d, implements ['Lh9/es$b', 'Lh9/nq$b', 'Lh9/hs$b', 'Lh9/g1$b', 'Lh9/dt$b', 'Lh9/qh$b', 'Lh9/ok$b', 'Ldgapp2/dollargeneral/com/dgapp2_android/fragment/d2$c', 'Lapptentive/com/android/feedback/ApptentiveActivityInfo', 'Lh9/qe$b', 'Landroidx/appcompat/app/e', 'Landroidx/core/app/y1$a']
COMPONENT CONCAT > Le4/r;->k(I)Ljava/util/List; < extends Ljava/lang/Object, implements ['Le4/q']
COMPONENT CONCAT > Lokhttp3/internal/http/RealResponseBody;->contentType()Ljc/x; < extends Ljava/lang/Object, implements ['Ljava/io/Closeable']
COMPONENT CONCAT > Le4/r;->q()Ljava/util/List; < extends Ljava/lang/Object, implements ['Le4/q']
COMPONENT CONCAT > Ldgapp2/dollargeneral/com/dgapp2_android/ListScannerActivity;->D2(Lcom/google/zxing/Result;)V < extends Landroidx/appcompat/app/d, implements ['Lme/dm7/barcodescanner/zxing/ZXingScannerView$b', 'Lh9/me$c', 'Lh9/d2$b', 'Ldgapp2/dollargeneral/com/dgapp2_android/ui/h0$b', 'Lapptentive/com/android/feedback/ApptentiveActivityInfo', 'Lh9/qe$b', 'Landroidx/appcompat/app/e', 'Landroidx/core/app/y1$a']
COMPONENT CONCAT > Ljc/y;-><clinit>()V < extends Ljava/lang/Object, implements []
COMPONENT CONCAT > Lo9/b;->b(Ljava/util/List;Ljava/util/List;)Lfa/s; < extends Ljava/lang/Object, implements ['Lo9/a']
COMPONENT CONCAT > Le4/r;->o(I)Ljava/util/List; < extends Ljava/lang/Object, implements ['Le4/q']
COMPONENT CONCAT > Le4/r;->n(Ljava/lang/String;)Ljava/util/List; < extends Ljava/lang/Object, implements ['Le4/q']
COMPONENT CONCAT > Ly9/j9;-><init>()V < extends Landroidx/lifecycle/u0, implements []
COMPONENT CONCAT > Ly9/wn;-><init>()V < extends Landroidx/lifecycle/u0, implements []
COMPONENT CONCAT > Ldgapp2/dollargeneral/com/dgapp2_android/ShipToHomeCheckoutActivity;->G1(Ldgapp2/dollargeneral/com/dgapp2_android/model/ShippingOption;Z)V < extends Landroidx/appcompat/app/d, implements ['Lh9/es$b', 'Lh9/nq$b', 'Lh9/hs$b', 'Lh9/g1$b', 'Lh9/dt$b', 'Lh9/qh$b', 'Lh9/ok$b', 'Ldgapp2/dollargeneral/com/dgapp2_android/fragment/d2$c', 'Lapptentive/com/android/feedback/ApptentiveActivityInfo', 'Lh9/qe$b', 'Landroidx/appcompat/app/e', 'Landroidx/core/app/y1$a']
COMPONENT CONCAT > Ldgapp2/dollargeneral/com/dgapp2_android/HomeScannerActivity;->D2(Lcom/google/zxing/Result;)V < extends Landroidx/appcompat/app/d, implements ['Lme/dm7/barcodescanner/zxing/ZXingScannerView$b', 'Lh9/me$c', 'Lh9/d2$b', 'Ldgapp2/dollargeneral/com/dgapp2_android/ui/h0$b', 'Lapptentive/com/android/feedback/ApptentiveActivityInfo', 'Lh9/qe$b', 'Landroidx/appcompat/app/e', 'Landroidx/core/app/y1$a']
COMPONENT CONCAT > Lcom/google/maps/OkHttpRequestHandler;->handlePost(Ljava/lang/String;Ljava/lang/String;Ljava/lang/String;Ljava/util/Map;Ljava/lang/Class;Lcom/google/gson/FieldNamingPolicy;JLjava/lang/Integer;Lcom/google/maps/internal/ExceptionsAllowedToRetry;Lcom/google/maps/metrics/RequestMetrics;)Lcom/google/maps/PendingResult; < extends Ljava/lang/Object, implements ['Lcom/google/maps/GeoApiContext$RequestHandler']
COMPONENT CONCAT > Ll8/i;->a(JLnb/d;)Ljava/lang/Object; < extends Ljava/lang/Object, implements []
COMPONENT CONCAT > Ly9/u1;-><init>()V < extends Landroidx/lifecycle/u0, implements []
COMPONENT CONCAT > Ly9/vk;->run()V < extends Ljava/lang/Object, implements ['Lka/a']
COMPONENT CONCAT > Lo9/b;->f(Ljava/lang/String;)Lfa/s; < extends Ljava/lang/Object, implements ['Lo9/a']
COMPONENT CONCAT > Ly9/hl;-><init>()V < extends Landroidx/lifecycle/u0, implements []
COMPONENT CONCAT > Lokhttp3/internal/tls/OkHostnameVerifier;->verify(Ljava/lang/String;Ljavax/net/ssl/SSLSession;)Z < extends Ljava/lang/Object, implements ['Ljavax/net/ssl/HostnameVerifier']
COMPONENT CONCAT > Lm9/y;->intercept(Ljc/w$a;)Ljc/d0; < extends Ljava/lang/Object, implements ['Ljc/w']
COMPONENT CONCAT > Ly9/jt;-><init>()V < extends Landroidx/lifecycle/u0, implements []
COMPONENT CONCAT > Lb9/b0;->a(Ljava/lang/Object;)V < extends Ljava/lang/Object, implements ['Lf/a']
COMPONENT CONCAT > Lcom/google/maps/OkHttpRequestHandler;->handle(Ljava/lang/String;Ljava/lang/String;Ljava/util/Map;Ljava/lang/Class;Lcom/google/gson/FieldNamingPolicy;JLjava/lang/Integer;Lcom/google/maps/internal/ExceptionsAllowedToRetry;Lcom/google/maps/metrics/RequestMetrics;)Lcom/google/maps/PendingResult; < extends Ljava/lang/Object, implements ['Lcom/google/maps/GeoApiContext$RequestHandler']
COMPONENT CONCAT > Ldgapp2/dollargeneral/com/dgapp2_android/ShipToHomeCheckoutActivity;->E(Ldgapp2/dollargeneral/com/dgapp2_android/model/Address;)V < extends Landroidx/appcompat/app/d, implements ['Lh9/es$b', 'Lh9/nq$b', 'Lh9/hs$b', 'Lh9/g1$b', 'Lh9/dt$b', 'Lh9/qh$b', 'Lh9/ok$b', 'Ldgapp2/dollargeneral/com/dgapp2_android/fragment/d2$c', 'Lapptentive/com/android/feedback/ApptentiveActivityInfo', 'Lh9/qe$b', 'Landroidx/appcompat/app/e', 'Landroidx/core/app/y1$a']
COMPONENT CONCAT > Lh9/eg;->a(Ljava/lang/Object;)V < extends Ljava/lang/Object, implements ['Lf/a']
COMPONENT CONCAT > Ly9/ym;->run()V < extends Ljava/lang/Object, implements ['Lka/a']
COMPONENT CONCAT > Lo9/b;->e()Lfa/s; < extends Ljava/lang/Object, implements ['Lo9/a']
COMPONENT CONCAT > Ldgapp2/dollargeneral/com/dgapp2_android/DgPickupCheckoutActivity;->z1()V < extends Landroidx/appcompat/app/d, implements ['Lh9/yo$b', 'Ldgapp2/dollargeneral/com/dgapp2_android/fragment/d2$b', 'Lh9/i2$a', 'Lh9/ok$b', 'Ldgapp2/dollargeneral/com/dgapp2_android/fragment/h2$b', 'Ldgapp2/dollargeneral/com/dgapp2_android/fragment/d2$c', 'Lh9/o6$b', 'Lapptentive/com/android/feedback/ApptentiveActivityInfo', 'Lh9/qe$b', 'Landroidx/appcompat/app/e', 'Landroidx/core/app/y1$a']
COMPONENT CONCAT > Le4/r;->c(J)Ljava/util/List; < extends Ljava/lang/Object, implements ['Le4/q']
COMPONENT CONCAT > Ly9/h9;->run()V < extends Ljava/lang/Object, implements ['Lka/a']
COMPONENT CONCAT > Lokhttp3/internal/connection/RealCall;->enqueue(Ljc/f;)V < extends Ljava/lang/Object, implements ['Ljc/e']
COMPONENT CONCAT > Le4/r;->d()Ljava/util/List; < extends Ljava/lang/Object, implements ['Le4/q']
COMPONENT CONCAT > Lapptentive/com/android/feedback/Apptentive;->buildPendingIntentFromPushNotification(Landroid/content/Context;Lapptentive/com/android/feedback/PendingIntentCallback;Ljava/util/Map;)V < extends Ljava/lang/Object, implements []
COMPONENT CONCAT > Lapptentive/com/android/feedback/Apptentive;->buildPendingIntentFromPushNotification(Landroid/content/Context;Lapptentive/com/android/feedback/PendingIntentCallback;Landroid/content/Intent;)V < extends Ljava/lang/Object, implements []
COMPONENT CONCAT > Ly9/wo;->accept(Ljava/lang/Object;)V < extends Ljava/lang/Object, implements ['Lka/e']
MISSING ID > Lh9/lb;->onClick(Landroid/view/View;)V <
MISSING ID > Ldgapp2/dollargeneral/com/dgapp2_android/fragment/t0;->V5(Ldgapp2/dollargeneral/com/dgapp2_android/fragment/t0;Ldgapp2/dollargeneral/com/dgapp2_android/model/Order$OrderDetails;Landroid/view/View;)V <
MISSING ID > Ldgapp2/dollargeneral/com/dgapp2_android/fragment/t0;->p6(Ldgapp2/dollargeneral/com/dgapp2_android/fragment/t0;Ldgapp2/dollargeneral/com/dgapp2_android/model/Order$OrderDetails;Landroid/view/View;)V <
MISSING ID > Lh9/ub;->onViewCreated(Landroid/view/View;Landroid/os/Bundle;)V <
COMPONENT CONCAT > Lb9/q;->call(Ljava/lang/Object;)V < extends Ljava/lang/Object, implements ['Lcom/adobe/marketing/mobile/a']
COMPONENT CONCAT > Lm7/h;-><clinit>()V < extends Ljava/lang/Object, implements []
COMPONENT CONCAT > Lv7/a;->uncaughtException(Ljava/lang/Thread;Ljava/lang/Throwable;)V < extends Ljava/lang/Object, implements ['Ljava/lang/Thread$UncaughtExceptionHandler']
COMPONENT CONCAT > Lcom/facebook/w;->write(I)V < extends Ljava/io/OutputStream, implements ['Lcom/facebook/y']
COMPONENT CONCAT > Lcom/facebook/w;->write([B)V < extends Ljava/io/OutputStream, implements ['Lcom/facebook/y']
COMPONENT CONCAT > Lcom/gigya/android/sdk/providers/provider/FacebookProvider;->logout()V < extends Ljava/lang/Object, implements ['Lcom/gigya/android/sdk/providers/provider/IProvider']
COMPONENT CONCAT > Lcom/facebook/GraphRequest;-><init>()V < extends Ljava/lang/Object, implements []
COMPONENT CONCAT > Lcom/facebook/CustomTabActivity;->onCreate(Landroid/os/Bundle;)V < extends Landroid/app/Activity, implements []
COMPONENT CONCAT > Lcom/facebook/w;->write([BII)V < extends Ljava/io/OutputStream, implements ['Lcom/facebook/y']
COMPONENT CONCAT > Lcom/facebook/CustomTabMainActivity$a;->onReceive(Landroid/content/Context;Landroid/content/Intent;)V < extends Landroid/content/BroadcastReceiver, implements []
MISSING ID > Lv9/y0;->n(Ljava/lang/Object;Ljava/lang/String;Landroid/view/View;)V <
MISSING ID > Lv9/y0;->u(Ljava/lang/Object;Ljava/lang/String;Landroid/view/View;)V <
