COMPONENT CONCAT > Lcom/instacart/client/storefront/placement/modal/ICStorefrontModalFormula;->evaluate(Lcom/instacart/formula/Snapshot;)Lcom/instacart/formula/Evaluation; < extends Ljava/lang/Object, implements ['Lcom/instacart/formula/IFormula']
COMPONENT CONCAT > Lcom/instacart/client/contentmanagement/planogram/ICInLineFeedbackFormulaImpl;->evaluate(Lcom/instacart/formula/Snapshot;)Lcom/instacart/formula/Evaluation; < extends Ljava/lang/Object, implements ['Lcom/instacart/client/contentmanagement/planogram/ICInLineFeedbackFormula', 'Lcom/instacart/formula/IFormula']
COMPONENT CONCAT > Lcom/instacart/client/payments/buyflow/impl/core/ICBuyflowFormulaImpl$handlePayPalDeviceData$2;->toResult(Lcom/instacart/formula/TransitionContext;Ljava/lang/Object;)Lcom/instacart/formula/Transition$Result; < extends Ljava/lang/Object, implements ['Lcom/instacart/formula/Transition']
COMPONENT CONCAT > Lcom/instacart/client/checkoutv4totals/heavydelivery/ICHeavyDeliveryV4Key;->hashCode()I < extends Ljava/lang/Object, implements ['Lcom/instacart/formula/android/FragmentKey']
COMPONENT CONCAT > Lcom/instacart/client/checkout/modalsteps/ICCheckoutSessionManagerImpl;->update(Ljava/lang/String;Lkotlin/jvm/functions/Function1;)V < extends Ljava/lang/Object, implements ['Lcom/instacart/client/checkout/modalsteps/ICCheckoutSessionManager']
COMPONENT CONCAT > Lcom/instacart/client/payments/buyflow/impl/core/ICBuyflowFormulaImpl$evaluate$addPromoGiftCardDialog$1;->toResult(Lcom/instacart/formula/TransitionContext;Ljava/lang/Object;)Lcom/instacart/formula/Transition$Result; < extends Ljava/lang/Object, implements ['Lcom/instacart/formula/Transition']
COMPONENT CONCAT > Lcom/instacart/client/checkoutv4screen/ICCheckoutV4ScreenFormula$cacheVisibleStepIds$1;->toResult(Lcom/instacart/formula/TransitionContext;Ljava/lang/Object;)Lcom/instacart/formula/Transition$Result; < extends Ljava/lang/Object, implements ['Lcom/instacart/formula/Transition']
COMPONENT CONCAT > Lcom/instacart/client/checkoutv4screen/ICCheckoutV4ScreenFormula;->evaluate(Lcom/instacart/formula/Snapshot;)Lcom/instacart/formula/Evaluation; < extends Ljava/lang/Object, implements ['Lcom/instacart/formula/IFormula']
COMPONENT CONCAT > Lcom/instacart/client/payments/buyflow/impl/core/ICBuyflowFormulaImpl$evaluate$onDigitalWalletSeeMoreClicked$1;->toResult(Lcom/instacart/formula/TransitionContext;Ljava/lang/Object;)Lcom/instacart/formula/Transition$Result; < extends Ljava/lang/Object, implements ['Lcom/instacart/formula/Transition']
COMPONENT CONCAT > Lcom/instacart/client/payments/buyflow/impl/core/ICBuyflowFormulaImpl$evaluate$onPaymentVerified$1;->toResult(Lcom/instacart/formula/TransitionContext;Ljava/lang/Object;)Lcom/instacart/formula/Transition$Result; < extends Ljava/lang/Object, implements ['Lcom/instacart/formula/Transition']
COMPONENT CONCAT > Lcom/instacart/client/checkoutv4screen/ICCheckoutV4ScreenFormula$placeOrderErrors$2;->toResult(Lcom/instacart/formula/TransitionContext;Ljava/lang/Object;)Lcom/instacart/formula/Transition$Result; < extends Ljava/lang/Object, implements ['Lcom/instacart/formula/Transition']
COMPONENT CONCAT > Lcom/instacart/client/checkoutv4screen/steps/buyflow/ICCheckoutBuyflowFormulaImpl;->evaluate(Lcom/instacart/formula/Snapshot;)Lcom/instacart/formula/Evaluation; < extends Ljava/lang/Object, implements ['Lcom/instacart/client/checkoutv4screen/steps/buyflow/ICCheckoutBuyflowFormula', 'Lcom/instacart/formula/IFormula']
COMPONENT CONCAT > Lcom/instacart/client/payments/buyflow/impl/core/ICBuyflowFormulaImpl;->evaluate(Lcom/instacart/formula/Snapshot;)Lcom/instacart/formula/Evaluation; < extends Ljava/lang/Object, implements ['Lcom/instacart/client/payments/buyflow/core/ICBuyflowFormula', 'Lcom/instacart/formula/IFormula']
COMPONENT CONCAT > Lcom/instacart/client/payments/buyflow/core/ICBuyflowCheckoutBlockingModalEvent;->hashCode()I < extends Ljava/lang/Object, implements []
COMPONENT CONCAT > Lcom/instacart/client/checkout/modalsteps/ICCheckoutModalComplianceFormulaImpl;->initialState(Ljava/lang/Object;)Ljava/lang/Object; < extends Ljava/lang/Object, implements ['Lcom/instacart/client/checkout/modalsteps/ICCheckoutModalComplianceFormula', 'Lcom/instacart/formula/IFormula']
COMPONENT CONCAT > Lcom/instacart/client/payments/buyflow/impl/core/ICBuyflowFormulaImpl$onCobrandApplicationSubmitted$2;->toResult(Lcom/instacart/formula/TransitionContext;Ljava/lang/Object;)Lcom/instacart/formula/Transition$Result; < extends Ljava/lang/Object, implements ['Lcom/instacart/formula/Transition']
COMPONENT CONCAT > Lcom/instacart/client/checkoutv4screen/placeorderbutton/ICCheckoutRedesignPlaceOrderButtonFormula;->initialState(Ljava/lang/Object;)Ljava/lang/Object; < extends Ljava/lang/Object, implements ['Lcom/instacart/formula/IFormula']
COMPONENT CONCAT > Lcom/instacart/client/checkout/modalsteps/ICCheckoutModalComplianceFormulaImpl$observeCheckoutSessionState$2;->toResult(Lcom/instacart/formula/TransitionContext;Ljava/lang/Object;)Lcom/instacart/formula/Transition$Result; < extends Ljava/lang/Object, implements ['Lcom/instacart/formula/Transition']
COMPONENT CONCAT > Lcom/instacart/client/checkoutv4screen/steps/fulfillment/modal/ICCheckoutFulfillmentModalFormula$fulfillmentData$1$1;->apply(Ljava/lang/Object;Ljava/lang/Object;)Ljava/lang/Object; < extends Ljava/lang/Object, implements ['Lio/reactivex/rxjava3/functions/BiFunction']
COMPONENT CONCAT > Lcom/instacart/client/payments/buyflow/impl/core/ICBuyflowFormulaImpl;->onInputChanged(Ljava/lang/Object;Ljava/lang/Object;Ljava/lang/Object;)Ljava/lang/Object; < extends Ljava/lang/Object, implements ['Lcom/instacart/client/payments/buyflow/core/ICBuyflowFormula', 'Lcom/instacart/formula/IFormula']
COMPONENT CONCAT > Lcom/instacart/client/checkoutv4screen/ICCheckoutV4ScreenFormula;->initialState(Ljava/lang/Object;)Ljava/lang/Object; < extends Ljava/lang/Object, implements ['Lcom/instacart/formula/IFormula']
COMPONENT CONCAT > Lcom/instacart/client/checkoutv4ordercreation/ICCheckoutPaymentActionDelegateFormulaImpl;->evaluate(Lcom/instacart/formula/Snapshot;)Lcom/instacart/formula/Evaluation; < extends Ljava/lang/Object, implements ['Lcom/instacart/client/checkoutv4ordercreation/ICCheckoutPaymentActionDelegateFormula', 'Lcom/instacart/formula/IFormula']
COMPONENT CONCAT > Lcom/instacart/client/checkoutv4screen/placeorderbutton/ICCheckoutV4PlaceOrderFormulaImpl;->evaluate(Lcom/instacart/formula/Snapshot;)Lcom/instacart/formula/Evaluation; < extends Ljava/lang/Object, implements ['Lcom/instacart/client/checkoutv4screen/placeorderbutton/ICCheckoutV4PlaceOrderFormula', 'Lcom/instacart/formula/IFormula']
COMPONENT CONCAT > Lcom/instacart/client/payments/buyflow/impl/core/ICBuyflowFormulaImpl$evaluate$addPromoGiftCardDialog$2;->toResult(Lcom/instacart/formula/TransitionContext;Ljava/lang/Object;)Lcom/instacart/formula/Transition$Result; < extends Ljava/lang/Object, implements ['Lcom/instacart/formula/Transition']
COMPONENT CONCAT > Lcom/instacart/client/payments/buyflow/impl/core/ICBuyflowFormulaImpl;->initialState(Ljava/lang/Object;)Ljava/lang/Object; < extends Ljava/lang/Object, implements ['Lcom/instacart/client/payments/buyflow/core/ICBuyflowFormula', 'Lcom/instacart/formula/IFormula']
COMPONENT CONCAT > Lcom/instacart/client/checkoutv4screen/steps/buyflow/ICCheckoutBuyflowFormulaImpl$handleEbtEvents$2;->toResult(Lcom/instacart/formula/TransitionContext;Ljava/lang/Object;)Lcom/instacart/formula/Transition$Result; < extends Ljava/lang/Object, implements ['Lcom/instacart/formula/Transition']
COMPONENT CONCAT > Lcom/instacart/client/payments/buyflow/impl/core/ICBuyflowTokenFormula;->initialState(Ljava/lang/Object;)Ljava/lang/Object; < extends Ljava/lang/Object, implements ['Lcom/instacart/formula/IFormula']
COMPONENT CONCAT > Lcom/instacart/client/checkout/modalsteps/ICCheckoutModalComplianceFormulaImpl$dialog$2;->toResult(Lcom/instacart/formula/TransitionContext;Ljava/lang/Object;)Lcom/instacart/formula/Transition$Result; < extends Ljava/lang/Object, implements ['Lcom/instacart/formula/Transition']
COMPONENT CONCAT > Lcom/instacart/client/payments/buyflow/impl/core/ICBuyflowFormulaImpl$selectPaymentMethodForUser$2;->toResult(Lcom/instacart/formula/TransitionContext;Ljava/lang/Object;)Lcom/instacart/formula/Transition$Result; < extends Ljava/lang/Object, implements ['Lcom/instacart/formula/Transition']
COMPONENT CONCAT > Lcom/instacart/client/payments/buyflow/impl/core/ICBuyflowFormulaImpl$getDigitalWalletDialogInput$1;->toResult(Lcom/instacart/formula/TransitionContext;Ljava/lang/Object;)Lcom/instacart/formula/Transition$Result; < extends Ljava/lang/Object, implements ['Lcom/instacart/formula/Transition']
COMPONENT CONCAT > Lcom/instacart/client/checkoutv4screen/steps/totals/ICCheckoutTotalsFormulaImpl;->evaluate(Lcom/instacart/formula/Snapshot;)Lcom/instacart/formula/Evaluation; < extends Ljava/lang/Object, implements ['Lcom/instacart/client/checkoutv4screen/steps/totals/ICCheckoutTotalsFormula', 'Lcom/instacart/formula/IFormula']
COMPONENT CONCAT > Lcom/instacart/client/payments/buyflow/impl/core/ICBuyflowFormulaImpl$getInlineCvcFormulaOutput$1;->toResult(Lcom/instacart/formula/TransitionContext;Ljava/lang/Object;)Lcom/instacart/formula/Transition$Result; < extends Ljava/lang/Object, implements ['Lcom/instacart/formula/Transition']
COMPONENT CONCAT > Lcom/instacart/client/payments/buyflow/impl/core/ICBuyflowTokenFormula$mutateBuyflowServerToken$1;->toResult(Lcom/instacart/formula/TransitionContext;Ljava/lang/Object;)Lcom/instacart/formula/Transition$Result; < extends Ljava/lang/Object, implements ['Lcom/instacart/formula/Transition']
COMPONENT CONCAT > Lcom/instacart/client/checkoutv4totals/ICCheckoutV4TotalsFormulaImpl;->evaluate(Lcom/instacart/formula/Snapshot;)Lcom/instacart/formula/Evaluation; < extends Ljava/lang/Object, implements ['Lcom/instacart/client/checkoutv4totals/ICCheckoutV4TotalsFormula', 'Lcom/instacart/formula/IFormula']
COMPONENT CONCAT > Lcom/instacart/client/checkoutv4screen/steps/buyflow/ICCheckoutBuyflowFormulaImpl;->initialState(Ljava/lang/Object;)Ljava/lang/Object; < extends Ljava/lang/Object, implements ['Lcom/instacart/client/checkoutv4screen/steps/buyflow/ICCheckoutBuyflowFormula', 'Lcom/instacart/formula/IFormula']
COMPONENT CONCAT > Lcom/instacart/client/checkoutv4screen/steps/ICCheckoutStepBuilderFormulaImpl;->evaluate(Lcom/instacart/formula/Snapshot;)Lcom/instacart/formula/Evaluation; < extends Ljava/lang/Object, implements ['Lcom/instacart/client/checkoutv4screen/steps/ICCheckoutStepBuilderFormula', 'Lcom/instacart/formula/IFormula']
COMPONENT CONCAT > Lcom/instacart/client/payments/buyflow/impl/paywith/ICBuyflowPayWithResult;->hashCode()I < extends Ljava/lang/Object, implements []
COMPONENT CONCAT > Lcom/instacart/client/checkoutv4screen/placeorderbutton/ICCheckoutV4PlaceOrderFormulaImpl$handlePostOrderNavigationStoreEvents$2;->toResult(Lcom/instacart/formula/TransitionContext;Ljava/lang/Object;)Lcom/instacart/formula/Transition$Result; < extends Ljava/lang/Object, implements ['Lcom/instacart/formula/Transition']
COMPONENT CONCAT > Lcom/instacart/client/checkoutv4screen/steps/buyflow/ICCheckoutBuyflowFormulaImpl$observeCheckoutPaymentsModalConfirmation$2;->toResult(Lcom/instacart/formula/TransitionContext;Ljava/lang/Object;)Lcom/instacart/formula/Transition$Result; < extends Ljava/lang/Object, implements ['Lcom/instacart/formula/Transition']
COMPONENT CONCAT > Lcom/instacart/client/payments/buyflow/impl/core/ICBuyflowFormulaImpl$evaluate$onAddPromoCodeGiftCardClicked$1;->toResult(Lcom/instacart/formula/TransitionContext;Ljava/lang/Object;)Lcom/instacart/formula/Transition$Result; < extends Ljava/lang/Object, implements ['Lcom/instacart/formula/Transition']
COMPONENT CONCAT > Lcom/instacart/client/checkoutv4screen/ICCheckoutV4ScreenFormula$placeOrder$1$2;->toResult(Lcom/instacart/formula/TransitionContext;Ljava/lang/Object;)Lcom/instacart/formula/Transition$Result; < extends Ljava/lang/Object, implements ['Lcom/instacart/formula/Transition']
COMPONENT CONCAT > Lcom/instacart/client/checkoutv4screen/ICCheckoutV4ScreenFormula$subscribeToCheckoutSessionState$2;->toResult(Lcom/instacart/formula/TransitionContext;Ljava/lang/Object;)Lcom/instacart/formula/Transition$Result; < extends Ljava/lang/Object, implements ['Lcom/instacart/formula/Transition']
COMPONENT CONCAT > Lcom/instacart/client/payments/buyflow/impl/core/ICBuyflowFormulaImpl$buyflowPromotionInfoDialog$1$1;->toResult(Lcom/instacart/formula/TransitionContext;Ljava/lang/Object;)Lcom/instacart/formula/Transition$Result; < extends Ljava/lang/Object, implements ['Lcom/instacart/formula/Transition']
COMPONENT CONCAT > Lcom/instacart/client/checkoutv4screen/placeorderbutton/ICCheckoutV4PlaceOrderFormulaImpl;->onInputChanged(Ljava/lang/Object;Ljava/lang/Object;Ljava/lang/Object;)Ljava/lang/Object; < extends Ljava/lang/Object, implements ['Lcom/instacart/client/checkoutv4screen/placeorderbutton/ICCheckoutV4PlaceOrderFormula', 'Lcom/instacart/formula/IFormula']
COMPONENT CONCAT > Lcom/instacart/client/checkout/modalsteps/ICCheckoutModalComplianceFormulaImpl;->evaluate(Lcom/instacart/formula/Snapshot;)Lcom/instacart/formula/Evaluation; < extends Ljava/lang/Object, implements ['Lcom/instacart/client/checkout/modalsteps/ICCheckoutModalComplianceFormula', 'Lcom/instacart/formula/IFormula']
COMPONENT CONCAT > Lcom/instacart/client/payments/buyflow/core/ICBuyflowRenderModel;->hashCode()I < extends Ljava/lang/Object, implements ['Lcom/instacart/formula/dialog/ICHasDialog']
COMPONENT CONCAT > Lcom/instacart/client/checkout/modalsteps/ICCheckoutModalComplianceFormulaImpl$renderModel$4;->toResult(Lcom/instacart/formula/TransitionContext;Ljava/lang/Object;)Lcom/instacart/formula/Transition$Result; < extends Ljava/lang/Object, implements ['Lcom/instacart/formula/Transition']
COMPONENT CONCAT > Lcom/instacart/client/checkoutv4screen/placeorderbutton/ICCheckoutV4PlaceOrderFormulaImpl;->initialState(Ljava/lang/Object;)Ljava/lang/Object; < extends Ljava/lang/Object, implements ['Lcom/instacart/client/checkoutv4screen/placeorderbutton/ICCheckoutV4PlaceOrderFormula', 'Lcom/instacart/formula/IFormula']
COMPONENT CONCAT > Lcom/instacart/client/checkoutv4screen/steps/buyflow/ICCheckoutBuyflowFormulaImpl$handlePromoCodeChange$1;->toResult(Lcom/instacart/formula/TransitionContext;Ljava/lang/Object;)Lcom/instacart/formula/Transition$Result; < extends Ljava/lang/Object, implements ['Lcom/instacart/formula/Transition']
COMPONENT CONCAT > Lcom/instacart/client/checkout/modalsteps/ICCheckoutSessionManagerImpl;->initSessionState(Lcom/instacart/client/checkout/steps/ICCheckoutSessionState;Z)V < extends Ljava/lang/Object, implements ['Lcom/instacart/client/checkout/modalsteps/ICCheckoutSessionManager']
COMPONENT CONCAT > Lcom/instacart/client/checkoutv4screen/placeorderbutton/ICCheckoutRedesignPlaceOrderButtonFormula$evaluate$1$2;->toResult(Lcom/instacart/formula/TransitionContext;Ljava/lang/Object;)Lcom/instacart/formula/Transition$Result; < extends Ljava/lang/Object, implements ['Lcom/instacart/formula/Transition']
COMPONENT CONCAT > Lcom/instacart/client/payments/buyflow/impl/core/ICBuyflowTokenFormula;->evaluate(Lcom/instacart/formula/Snapshot;)Lcom/instacart/formula/Evaluation; < extends Ljava/lang/Object, implements ['Lcom/instacart/formula/IFormula']
COMPONENT CONCAT > Lcom/instacart/client/checkoutv4screen/steps/ICCheckoutManageDraftOrderFormula;->evaluate(Lcom/instacart/formula/Snapshot;)Lcom/instacart/formula/Evaluation; < extends Ljava/lang/Object, implements ['Lcom/instacart/formula/IFormula']
COMPONENT CONCAT > Lcom/instacart/client/payments/buyflow/impl/core/ICBuyflowFormulaImpl$handleUpdatePaymentAction$1;->toResult(Lcom/instacart/formula/TransitionContext;Ljava/lang/Object;)Lcom/instacart/formula/Transition$Result; < extends Ljava/lang/Object, implements ['Lcom/instacart/formula/Transition']
COMPONENT CONCAT > Lcom/instacart/client/checkoutv4totals/heavydelivery/ICHeavyDeliveryFeatureFactory_GeneratedBinding;->initialize(Lcom/instacart/formula/android/FragmentKey;Ljava/lang/Object;)Lcom/instacart/formula/android/Feature; < extends Ljava/lang/Object, implements ['Lcom/instacart/formula/android/FeatureFactory', 'Lcom/instacart/formula/android/FactoryRegistration']
COMPONENT CONCAT > Lcom/instacart/client/contentpage/shop/ICContentPageFactoryImpl;->create(Lcom/instacart/client/contentpage/shop/ICShopPageConfiguration;)Lcom/instacart/client/contentpage/ICContentPageFactory$Feature; < extends Ljava/lang/Object, implements ['Lcom/instacart/client/contentpage/ICContentPageFactory']
COMPONENT CONCAT > Lcom/instacart/client/cart/drawer/ICCartScreenFeatureFactory;->initialize(Lcom/instacart/formula/android/FragmentKey;Ljava/lang/Object;)Lcom/instacart/formula/android/Feature; < extends Ljava/lang/Object, implements ['Lcom/instacart/formula/android/FeatureFactory']
COMPONENT CONCAT > Lcom/instacart/client/payments/legacy/account/addcreditcard/ICAddCreditCardFeatureFactory;->initialize(Lcom/instacart/formula/android/FragmentKey;Ljava/lang/Object;)Lcom/instacart/formula/android/Feature; < extends Ljava/lang/Object, implements ['Lcom/instacart/formula/android/FeatureFactory']
COMPONENT CONCAT > Lcom/instacart/client/checkoutv4/analytics/ICCheckoutStepLatencyFormulaImpl;->initialState(Ljava/lang/Object;)Ljava/lang/Object; < extends Ljava/lang/Object, implements ['Lcom/instacart/client/checkoutv4/analytics/ICCheckoutStepLatencyFormula', 'Lcom/instacart/formula/IFormula']
COMPONENT CONCAT > Lcom/instacart/client/orderstatus/ICOrderStatusFeatureFactory_GeneratedBinding;->initialize(Lcom/instacart/formula/android/FragmentKey;Ljava/lang/Object;)Lcom/instacart/formula/android/Feature; < extends Ljava/lang/Object, implements ['Lcom/instacart/formula/android/FeatureFactory', 'Lcom/instacart/formula/android/FactoryRegistration']
COMPONENT CONCAT > Lcom/instacart/client/contentpage/shop/ICShopContentPageFeatureFactory_GeneratedBinding;->initialize(Lcom/instacart/formula/android/FragmentKey;Ljava/lang/Object;)Lcom/instacart/formula/android/Feature; < extends Ljava/lang/Object, implements ['Lcom/instacart/formula/android/FeatureFactory', 'Lcom/instacart/formula/android/FactoryRegistration']
COMPONENT CONCAT > Lcom/instacart/client/ordersuccess/ICOrderSuccessFeatureFactory;->initialize(Lcom/instacart/formula/android/FragmentKey;Ljava/lang/Object;)Lcom/instacart/formula/android/Feature; < extends Ljava/lang/Object, implements ['Lcom/instacart/formula/android/FeatureFactory']
COMPONENT CONCAT > Lcom/instacart/client/product/ICProductPageFormula;->evaluate(Lcom/instacart/formula/Snapshot;)Lcom/instacart/formula/Evaluation; < extends Ljava/lang/Object, implements ['Lcom/instacart/formula/IFormula']
COMPONENT CONCAT > Lcom/instacart/client/main/integrations/ICCollectionsTabFeatureFactoryImpl;->create(Lcom/instacart/client/mainstore/integration/ICCollectionsTabFeatureFactory$Configuration;)Lcom/instacart/client/ui/pages/ICTabFeature; < extends Ljava/lang/Object, implements ['Lcom/instacart/client/mainstore/integration/ICCollectionsTabFeatureFactory']
COMPONENT CONCAT > Lcom/instacart/client/main/integrations/ICStorefrontTabFeatureFactoryImpl;->create(Lcom/instacart/client/mainstore/integration/ICStorefrontTabFeatureFactory$Configuration;)Lcom/instacart/client/ui/pages/ICTabFeature; < extends Ljava/lang/Object, implements ['Lcom/instacart/client/mainstore/integration/ICStorefrontTabFeatureFactory']
COMPONENT CONCAT > Lcom/instacart/client/contentpage/multiretailer/ICMultiRetailerContentPageFeatureFactory_GeneratedBinding;->initialize(Lcom/instacart/formula/android/FragmentKey;Ljava/lang/Object;)Lcom/instacart/formula/android/Feature; < extends Ljava/lang/Object, implements ['Lcom/instacart/formula/android/FeatureFactory', 'Lcom/instacart/formula/android/FactoryRegistration']
COMPONENT CONCAT > Lcom/instacart/client/express/containers/ICExpressContainerFeatureFactory;->initialize(Lcom/instacart/formula/android/FragmentKey;Ljava/lang/Object;)Lcom/instacart/formula/android/Feature; < extends Ljava/lang/Object, implements ['Lcom/instacart/formula/android/FeatureFactory']
COMPONENT CONCAT > Lcom/instacart/client/mainstore/ICShopTabsFormula;->evaluate(Lcom/instacart/formula/Snapshot;)Lcom/instacart/formula/Evaluation; < extends Ljava/lang/Object, implements ['Lcom/instacart/formula/IFormula']
COMPONENT CONCAT > Lcom/instacart/client/shoppabledisplay/video/ICShoppableVideoPlayerFormula;->initialState(Ljava/lang/Object;)Ljava/lang/Object; < extends Ljava/lang/Object, implements ['Lcom/instacart/formula/IFormula']
COMPONENT CONCAT > Lcom/instacart/client/items/layout/ICItemCardLayoutFormulaImpl;->evaluate(Lcom/instacart/formula/Snapshot;)Lcom/instacart/formula/Evaluation; < extends Ljava/lang/Object, implements ['Lcom/instacart/client/item/cards/ICItemCardLayoutFormula', 'Lcom/instacart/formula/IFormula']
COMPONENT CONCAT > Lcom/instacart/client/checkoutv4/analytics/ICCheckoutStepLatencyFormulaImpl;->onInputChanged(Ljava/lang/Object;Ljava/lang/Object;Ljava/lang/Object;)Ljava/lang/Object; < extends Ljava/lang/Object, implements ['Lcom/instacart/client/checkoutv4/analytics/ICCheckoutStepLatencyFormula', 'Lcom/instacart/formula/IFormula']
COMPONENT CONCAT > Lcom/instacart/client/receipt/orderdelivery/deliverystep/ICDeliveryStepAdapterDelegate;->onCreate(Landroid/view/ViewGroup;)Landroidx/recyclerview/widget/RecyclerView$ViewHolder; < extends Ljava/lang/Object, implements []
MISSING ID > Lcom/instacart/client/di/DaggerICAppComponent$ICMainComponentImpl$SwitchingProvider$32;->create(Landroid/view/View;Lcom/instacart/client/core/accessibility/ICAccessibilitySink;)Lcom/instacart/client/product/ICProductScreen; <
MISSING ID > Lcom/instacart/client/product/ICProductScreen;-><init>(Landroid/view/View;Lcom/instacart/client/core/accessibility/ICAccessibilitySink;Lcom/instacart/client/product/ICProductScreenAdapterDelegates;Lcom/instacart/client/containers/ui/ICContainerGridViewFactory;)V <
COMPONENT CONCAT > Lcom/instacart/client/display/ad/placement/analytics/ICDisplayAdPlacementAnalyticsFormulaImpl;->initialState(Ljava/lang/Object;)Ljava/lang/Object; < extends Ljava/lang/Object, implements ['Lcom/instacart/client/display/ad/placement/analytics/ICDisplayAdPlacementAnalyticsFormula', 'Lcom/instacart/formula/IFormula']
COMPONENT CONCAT > Lcom/instacart/client/orderstatus/ICOrderStatusFormula;->evaluate(Lcom/instacart/formula/Snapshot;)Lcom/instacart/formula/Evaluation; < extends Ljava/lang/Object, implements ['Lcom/instacart/formula/IFormula']
COMPONENT CONCAT > Lcom/instacart/client/orderchanges/chat/ICChatFormula;->evaluate(Lcom/instacart/formula/Snapshot;)Lcom/instacart/formula/Evaluation; < extends Ljava/lang/Object, implements ['Lcom/instacart/formula/IFormula']
COMPONENT CONCAT > Lcom/instacart/client/orderstatusV4/help/ICOrderStatusV4HelpFormulaImpl;->evaluate(Lcom/instacart/formula/Snapshot;)Lcom/instacart/formula/Evaluation; < extends Ljava/lang/Object, implements ['Lcom/instacart/client/orderstatusV4/help/ICOrderStatusV4HelpFormula', 'Lcom/instacart/formula/IFormula']
COMPONENT CONCAT > Lcom/instacart/client/contentmanagement/business/ICBusinessIdentificationShopBannerComposableFactoryImpl$createItemComposable$1;->Content(Lcom/instacart/client/compose/ICLazyItemScope;Ljava/lang/Object;Landroidx/compose/runtime/Composer;I)V < extends Ljava/lang/Object, implements ['Lcom/instacart/client/compose/ICItemComposable']
COMPONENT CONCAT > Lcom/instacart/client/account/updateemail/ICUpdateEmailFormula;->evaluate(Lcom/instacart/formula/Snapshot;)Lcom/instacart/formula/Evaluation; < extends Ljava/lang/Object, implements ['Lcom/instacart/formula/IFormula']
COMPONENT CONCAT > Lcom/instacart/client/cart/drawer/ICCartItemViewAdapterDelegate;->onBind(Landroidx/recyclerview/widget/RecyclerView$ViewHolder;Ljava/lang/Object;I)V < extends Ljava/lang/Object, implements []
COMPONENT CONCAT > Lcom/instacart/client/payments/buyflow/impl/setupintent/ICSetupIntentFormula;->evaluate(Lcom/instacart/formula/Snapshot;)Lcom/instacart/formula/Evaluation; < extends Ljava/lang/Object, implements ['Lcom/instacart/formula/IFormula']
COMPONENT CONCAT > Lcom/instacart/client/cart/adapter/CartTotalsQuery_ResponseAdapter$StackedPromotion;->fromJson(Lcom/apollographql/apollo3/api/json/JsonReader;Lcom/apollographql/apollo3/api/CustomScalarAdapters;)Ljava/lang/Object; < extends Ljava/lang/Object, implements ['Lcom/apollographql/apollo3/api/Adapter']
COMPONENT CONCAT > Lcom/instacart/client/replacements/choice/ICItemReplacementIntegration;->initialize(Lcom/instacart/formula/android/FragmentKey;Ljava/lang/Object;)Lcom/instacart/formula/android/Feature; < extends Ljava/lang/Object, implements ['Lcom/instacart/formula/android/FeatureFactory']
COMPONENT CONCAT > Lcom/instacart/client/orderhistory/ICOrderHistoryFormula;->evaluate(Lcom/instacart/formula/Snapshot;)Lcom/instacart/formula/Evaluation; < extends Ljava/lang/Object, implements ['Lcom/instacart/formula/IFormula']
COMPONENT CONCAT > Lcom/instacart/client/cart/chooser/ICCartChooserFormula;->evaluate(Lcom/instacart/formula/Snapshot;)Lcom/instacart/formula/Evaluation; < extends Ljava/lang/Object, implements ['Lcom/instacart/formula/IFormula']
COMPONENT CONCAT > Lcom/instacart/client/restaurants/embedded/ICRestaurantsEmbeddedContentFormulaImpl;->evaluate(Lcom/instacart/formula/Snapshot;)Lcom/instacart/formula/Evaluation; < extends Ljava/lang/Object, implements ['Lcom/instacart/client/restaurants/embedded/ICRestaurantsEmbeddedContentFormula', 'Lcom/instacart/formula/IFormula']
COMPONENT CONCAT > Lcom/instacart/client/checkoutv4totals/view/spec/ICTotalsValueSpec;->value(Landroidx/compose/runtime/Composer;I)Landroidx/compose/ui/text/AnnotatedString; < extends Ljava/lang/Object, implements ['Lcom/instacart/design/compose/atoms/text/RichTextSpec']
COMPONENT CONCAT > Lcom/instacart/client/recipes/buildyourown/ICBuildYourOwnRecipeFormulaImpl;->evaluate(Lcom/instacart/formula/Snapshot;)Lcom/instacart/formula/Evaluation; < extends Ljava/lang/Object, implements ['Lcom/instacart/client/recipes/buildyourown/ICBuildYourOwnRecipeFormula', 'Lcom/instacart/formula/IFormula']
COMPONENT CONCAT > Lcom/instacart/client/checkoutv4/icplus/adapter/CheckoutExpressToggleModalPlacementsQuery_ResponseAdapter$ExpressAction;->fromJson(Lcom/apollographql/apollo3/api/json/JsonReader;Lcom/apollographql/apollo3/api/CustomScalarAdapters;)Ljava/lang/Object; < extends Ljava/lang/Object, implements ['Lcom/apollographql/apollo3/api/Adapter']
COMPONENT CONCAT > Lcom/instacart/client/search/ui/ICOutOfStockItemCarouselComposable;->Content(Lcom/instacart/client/compose/ICLazyItemScope;Ljava/lang/Object;Landroidx/compose/runtime/Composer;I)V < extends Ljava/lang/Object, implements ['Lcom/instacart/client/compose/ICItemComposable']
COMPONENT CONCAT > Lcom/instacart/client/orderstatusV4/delegates/ICOrderStatusAddItemsComposable;->Content(Lcom/instacart/client/compose/ICLazyItemScope;Ljava/lang/Object;Landroidx/compose/runtime/Composer;I)V < extends Ljava/lang/Object, implements ['Lcom/instacart/client/compose/ICItemComposable']
COMPONENT CONCAT > Lcom/instacart/client/ui/itemcards/container/ICGridContainerItemComposable;->Content(Lcom/instacart/client/compose/ICLazyItemScope;Ljava/lang/Object;Landroidx/compose/runtime/Composer;I)V < extends Ljava/lang/Object, implements ['Lcom/instacart/client/compose/ICItemComposable']
COMPONENT CONCAT > Lcom/instacart/client/orderstatusV4/ui/ICOrderStatusItemSlotContentDelegate;->Content(Ljava/lang/Object;Landroidx/compose/runtime/Composer;I)V < extends Ljava/lang/Object, implements ['Lcom/instacart/client/compose/ICContentDelegate']
COMPONENT CONCAT > Lcom/instacart/client/shoppabledisplay/video/ICShoppableVideoDelegate;->create(Lcom/instacart/client/adapterdelegates/ICViewArguments;)Lcom/instacart/client/adapterdelegates/ICViewInstance; < extends Ljava/lang/Object, implements []
COMPONENT CONCAT > Lcom/instacart/client/shoppabledisplay/display/ICShoppableDisplayDelegate;->create(Lcom/instacart/client/adapterdelegates/ICViewArguments;)Lcom/instacart/client/adapterdelegates/ICViewInstance; < extends Ljava/lang/Object, implements []
COMPONENT CONCAT > Lcom/instacart/client/collections/ICCollectionsFeatureFactory;->initialize(Lcom/instacart/formula/android/FragmentKey;Ljava/lang/Object;)Lcom/instacart/formula/android/Feature; < extends Ljava/lang/Object, implements ['Lcom/instacart/formula/android/FeatureFactory']
COMPONENT CONCAT > Lcom/instacart/client/shoppabledisplay/display/compact/ICShoppableDisplayCompactDelegate;->create(Lcom/instacart/client/adapterdelegates/ICViewArguments;)Lcom/instacart/client/adapterdelegates/ICViewInstance; < extends Ljava/lang/Object, implements []
COMPONENT CONCAT > Lcom/instacart/client/itemdetailsv4/ui/regimen/ICItemRegimenComposable;->Content(Lcom/instacart/client/compose/ICLazyItemScope;Ljava/lang/Object;Landroidx/compose/runtime/Composer;I)V < extends Ljava/lang/Object, implements ['Lcom/instacart/client/compose/ICItemComposable']
COMPONENT CONCAT > Lcom/instacart/client/shoppabledisplay/recipes/ICShoppableDisplayRecipeComposable;->Content(Lcom/instacart/client/compose/ICLazyItemScope;Ljava/lang/Object;Landroidx/compose/runtime/Composer;I)V < extends Ljava/lang/Object, implements ['Lcom/instacart/client/compose/ICItemComposable']
COMPONENT CONCAT > Lcom/instacart/client/itemdetailsv4/ICItemDetailsDataFormula$shopperNote$1$1;->toResult(Lcom/instacart/formula/TransitionContext;Ljava/lang/Object;)Lcom/instacart/formula/Transition$Result; < extends Ljava/lang/Object, implements ['Lcom/instacart/formula/Transition']
COMPONENT CONCAT > Lcom/instacart/client/list/edititems/ICListEditItemsFeatureFactory_GeneratedBinding;->initialize(Lcom/instacart/formula/android/FragmentKey;Ljava/lang/Object;)Lcom/instacart/formula/android/Feature; < extends Ljava/lang/Object, implements ['Lcom/instacart/formula/android/FeatureFactory', 'Lcom/instacart/formula/android/FactoryRegistration']
COMPONENT CONCAT > Lcom/instacart/client/itemdetailsv4/ICItemDetailsDataFormula;->evaluate(Lcom/instacart/formula/Snapshot;)Lcom/instacart/formula/Evaluation; < extends Ljava/lang/Object, implements ['Lcom/instacart/formula/IFormula']
COMPONENT CONCAT > Lcom/instacart/client/list/yourlists/ICRetailerSpecificFeatureFactory_GeneratedBinding;->initialize(Lcom/instacart/formula/android/FragmentKey;Ljava/lang/Object;)Lcom/instacart/formula/android/Feature; < extends Ljava/lang/Object, implements ['Lcom/instacart/formula/android/FeatureFactory', 'Lcom/instacart/formula/android/FactoryRegistration']
COMPONENT CONCAT > Lcom/instacart/client/itemdetailsv4/ICItemDetailsV4Formula$evaluate$3;->toResult(Lcom/instacart/formula/TransitionContext;Ljava/lang/Object;)Lcom/instacart/formula/Transition$Result; < extends Ljava/lang/Object, implements ['Lcom/instacart/formula/Transition']
COMPONENT CONCAT > Lcom/instacart/client/itemdetailsv4/ICItemDetailsCarouselFormula;->evaluate(Lcom/instacart/formula/Snapshot;)Lcom/instacart/formula/Evaluation; < extends Ljava/lang/Object, implements ['Lcom/instacart/formula/IFormula']
COMPONENT CONCAT > Lcom/instacart/client/list/details/ICListDetailsKey$RetailerSpecific$Creator;->createFromParcel(Landroid/os/Parcel;)Ljava/lang/Object; < extends Ljava/lang/Object, implements ['Landroid/os/Parcelable$Creator']
COMPONENT CONCAT > Lcom/instacart/client/itemdetailsv4/ICItemDetailsDataFormula$inspirationList$3;->toResult(Lcom/instacart/formula/TransitionContext;Ljava/lang/Object;)Lcom/instacart/formula/Transition$Result; < extends Ljava/lang/Object, implements ['Lcom/instacart/formula/Transition']
COMPONENT CONCAT > Lcom/instacart/client/itemdetailsv4/ICItemDetailsDataFormula$returnInfoInline$1;->toResult(Lcom/instacart/formula/TransitionContext;Ljava/lang/Object;)Lcom/instacart/formula/Transition$Result; < extends Ljava/lang/Object, implements ['Lcom/instacart/formula/Transition']
COMPONENT CONCAT > Lcom/instacart/client/itemdetailsv4/ui/footer/ICOutOfStockRefreshFooterFormula;->evaluate(Lcom/instacart/formula/Snapshot;)Lcom/instacart/formula/Evaluation; < extends Ljava/lang/Object, implements ['Lcom/instacart/formula/IFormula']
COMPONENT CONCAT > Lcom/instacart/client/itemdetailsv4/ui/footer/ICAddToCartStepperFormula$evaluate$1$1;->toResult(Lcom/instacart/formula/TransitionContext;Ljava/lang/Object;)Lcom/instacart/formula/Transition$Result; < extends Ljava/lang/Object, implements ['Lcom/instacart/formula/Transition']
COMPONENT CONCAT > Lcom/instacart/client/itemdetailsv4/ICItemDetailsV4Formula;->evaluate(Lcom/instacart/formula/Snapshot;)Lcom/instacart/formula/Evaluation; < extends Ljava/lang/Object, implements ['Lcom/instacart/formula/IFormula']
COMPONENT CONCAT > Lcom/instacart/client/search/ICSearchFeatureFactory_GeneratedBinding;->initialize(Lcom/instacart/formula/android/FragmentKey;Ljava/lang/Object;)Lcom/instacart/formula/android/Feature; < extends Ljava/lang/Object, implements ['Lcom/instacart/formula/android/FeatureFactory', 'Lcom/instacart/formula/android/FactoryRegistration']
COMPONENT CONCAT > Lcom/instacart/client/itemdetailsv4/ui/footer/ICItemDetailsV4FooterFormula;->evaluate(Lcom/instacart/formula/Snapshot;)Lcom/instacart/formula/Evaluation; < extends Ljava/lang/Object, implements ['Lcom/instacart/formula/IFormula']
COMPONENT CONCAT > Lcom/instacart/client/itemdetailsv4/placement/factories/ICItemDetailsRecipeCarouselPlacementFactory$createOnEvent$1;->toResult(Lcom/instacart/formula/TransitionContext;Ljava/lang/Object;)Lcom/instacart/formula/Transition$Result; < extends Ljava/lang/Object, implements ['Lcom/instacart/formula/Transition']
COMPONENT CONCAT > Lcom/instacart/client/itemdetailsv4/ICItemDetailsDataFormula$universalReplacements$1$2;->toResult(Lcom/instacart/formula/TransitionContext;Ljava/lang/Object;)Lcom/instacart/formula/Transition$Result; < extends Ljava/lang/Object, implements ['Lcom/instacart/formula/Transition']
COMPONENT CONCAT > Lcom/instacart/client/itemdetailsv4/ICItemDetailsDataFormula$ratingsAndReviews$1;->toResult(Lcom/instacart/formula/TransitionContext;Ljava/lang/Object;)Lcom/instacart/formula/Transition$Result; < extends Ljava/lang/Object, implements ['Lcom/instacart/formula/Transition']
COMPONENT CONCAT > Lcom/instacart/client/list/yourlists/ICRetailerAgnosticFeatureFactory_GeneratedBinding;->initialize(Lcom/instacart/formula/android/FragmentKey;Ljava/lang/Object;)Lcom/instacart/formula/android/Feature; < extends Ljava/lang/Object, implements ['Lcom/instacart/formula/android/FeatureFactory', 'Lcom/instacart/formula/android/FactoryRegistration']
COMPONENT CONCAT > Lcom/instacart/client/list/creation/ICListCreationFeatureFactory_GeneratedBinding;->initialize(Lcom/instacart/formula/android/FragmentKey;Ljava/lang/Object;)Lcom/instacart/formula/android/Feature; < extends Ljava/lang/Object, implements ['Lcom/instacart/formula/android/FeatureFactory', 'Lcom/instacart/formula/android/FactoryRegistration']
COMPONENT CONCAT > Lcom/instacart/client/list/edititems/ICListEditItemsKey$Mode$Create$Creator;->createFromParcel(Landroid/os/Parcel;)Ljava/lang/Object; < extends Ljava/lang/Object, implements ['Landroid/os/Parcelable$Creator']
COMPONENT CONCAT > Lcom/instacart/client/list/details/ICListDetailsFeatureFactory_GeneratedBinding;->initialize(Lcom/instacart/formula/android/FragmentKey;Ljava/lang/Object;)Lcom/instacart/formula/android/Feature; < extends Ljava/lang/Object, implements ['Lcom/instacart/formula/android/FeatureFactory', 'Lcom/instacart/formula/android/FactoryRegistration']
COMPONENT CONCAT > Lcom/instacart/client/list/creation/ICListCreationKey$Mode$Edit$Creator;->createFromParcel(Landroid/os/Parcel;)Ljava/lang/Object; < extends Ljava/lang/Object, implements ['Landroid/os/Parcelable$Creator']
COMPONENT CONCAT > Lcom/instacart/client/list/creation/ICListCreationKey$Mode$Create$Creator;->createFromParcel(Landroid/os/Parcel;)Ljava/lang/Object; < extends Ljava/lang/Object, implements ['Landroid/os/Parcelable$Creator']
COMPONENT CONCAT > Lcom/instacart/client/list/edititems/ICListEditItemsKey$Mode$Edit$Creator;->createFromParcel(Landroid/os/Parcel;)Ljava/lang/Object; < extends Ljava/lang/Object, implements ['Landroid/os/Parcelable$Creator']
COMPONENT CONCAT > Lcom/instacart/client/list/details/ICListDetailsKey$RetailerAgnostic$Creator;->createFromParcel(Landroid/os/Parcel;)Ljava/lang/Object; < extends Ljava/lang/Object, implements ['Landroid/os/Parcelable$Creator']
COMPONENT CONCAT > Lcom/instacart/client/main/ICMainActionFormula;->evaluate(Lcom/instacart/formula/Snapshot;)Lcom/instacart/formula/Evaluation; < extends Ljava/lang/Object, implements ['Lcom/instacart/formula/IFormula']
COMPONENT CONCAT > Lcom/instacart/client/treatmentux/uvc/ICUniversalValueCarouselFormulaImpl;->evaluate(Lcom/instacart/formula/Snapshot;)Lcom/instacart/formula/Evaluation; < extends Ljava/lang/Object, implements ['Lcom/instacart/client/treatmentux/uvc/ICUniversalValueCarouselFormula', 'Lcom/instacart/formula/IFormula']
COMPONENT CONCAT > Lcom/instacart/client/deliveryhandoff/certifieddelivery/ICCertifiedDeliveryBootstrapFormula;->observable(Ljava/lang/Object;)Lio/reactivex/rxjava3/core/Observable; < extends Ljava/lang/Object, implements ['Lcom/instacart/formula/IFormula']
COMPONENT CONCAT > Lcom/instacart/client/deliveryhandoff/adapter/CertifiedDeliveryHandoffLayoutQuery_ResponseAdapter$ViewLayout;->fromJson(Lcom/apollographql/apollo3/api/json/JsonReader;Lcom/apollographql/apollo3/api/CustomScalarAdapters;)Ljava/lang/Object; < extends Ljava/lang/Object, implements ['Lcom/apollographql/apollo3/api/Adapter']
COMPONENT CONCAT > Lcom/instacart/client/routes/ICGlobalActionRouter;->route(Lcom/instacart/client/api/action/ICAction;)V < extends Ljava/lang/Object, implements ['Lcom/instacart/client/actions/ICMainActionRouter']
COMPONENT CONCAT > Lcom/instacart/client/api/checkout/v3/actions/ICCheckoutLabelAction;-><clinit>()V < extends Ljava/lang/Object, implements []
COMPONENT CONCAT > Lcom/instacart/client/collectionhub/data/ICCollectionHubDataFormula;->evaluate(Lcom/instacart/formula/Snapshot;)Lcom/instacart/formula/Evaluation; < extends Ljava/lang/Object, implements ['Lcom/instacart/formula/IFormula']
COMPONENT CONCAT > Lcom/instacart/client/storefront/fragment/ShoppableDisplayImpl_ResponseAdapter$DataQuery;->fromJson(Lcom/apollographql/apollo3/api/json/JsonReader;Lcom/apollographql/apollo3/api/CustomScalarAdapters;)Ljava/lang/Object; < extends Ljava/lang/Object, implements ['Lcom/apollographql/apollo3/api/Adapter']
COMPONENT CONCAT > Lcom/instacart/client/graphql/cmd/fragment/ItemListPlacementImpl_ResponseAdapter$DataQuery;->fromJson(Lcom/apollographql/apollo3/api/json/JsonReader;Lcom/apollographql/apollo3/api/CustomScalarAdapters;)Ljava/lang/Object; < extends Ljava/lang/Object, implements ['Lcom/apollographql/apollo3/api/Adapter']
COMPONENT CONCAT > Lcom/instacart/client/graphql/cmd/fragment/StackedItemListPlacementImpl_ResponseAdapter$DataQuery;->fromJson(Lcom/apollographql/apollo3/api/json/JsonReader;Lcom/apollographql/apollo3/api/CustomScalarAdapters;)Ljava/lang/Object; < extends Ljava/lang/Object, implements ['Lcom/apollographql/apollo3/api/Adapter']
COMPONENT CONCAT > Lcom/instacart/client/graphql/cmd/fragment/ItemListAddAllPlacementImpl_ResponseAdapter$DataQuery;->fromJson(Lcom/apollographql/apollo3/api/json/JsonReader;Lcom/apollographql/apollo3/api/CustomScalarAdapters;)Ljava/lang/Object; < extends Ljava/lang/Object, implements ['Lcom/apollographql/apollo3/api/Adapter']
COMPONENT CONCAT > Lcom/instacart/client/contentpage/fragment/CouponGridPlacementImpl_ResponseAdapter$DataQuery;->fromJson(Lcom/apollographql/apollo3/api/json/JsonReader;Lcom/apollographql/apollo3/api/CustomScalarAdapters;)Ljava/lang/Object; < extends Ljava/lang/Object, implements ['Lcom/apollographql/apollo3/api/Adapter']
COMPONENT CONCAT > Lcom/instacart/client/graphql/cmd/fragment/GridItemListPlacementImpl_ResponseAdapter$DataQuery;->fromJson(Lcom/apollographql/apollo3/api/json/JsonReader;Lcom/apollographql/apollo3/api/CustomScalarAdapters;)Ljava/lang/Object; < extends Ljava/lang/Object, implements ['Lcom/apollographql/apollo3/api/Adapter']
COMPONENT CONCAT > Lcom/instacart/client/graphql/cmd/fragment/CouponListPlacementImpl_ResponseAdapter$DataQuery;->fromJson(Lcom/apollographql/apollo3/api/json/JsonReader;Lcom/apollographql/apollo3/api/CustomScalarAdapters;)Ljava/lang/Object; < extends Ljava/lang/Object, implements ['Lcom/apollographql/apollo3/api/Adapter']
COMPONENT CONCAT > Lcom/instacart/client/storefront/fragment/CmdCompactShoppableImpl_ResponseAdapter$DataQuery;->fromJson(Lcom/apollographql/apollo3/api/json/JsonReader;Lcom/apollographql/apollo3/api/CustomScalarAdapters;)Ljava/lang/Object; < extends Ljava/lang/Object, implements ['Lcom/apollographql/apollo3/api/Adapter']
COMPONENT CONCAT > Lcom/instacart/client/graphql/cmd/fragment/AsyncItemListPlacementImpl_ResponseAdapter$DataQuery;->fromJson(Lcom/apollographql/apollo3/api/json/JsonReader;Lcom/apollographql/apollo3/api/CustomScalarAdapters;)Ljava/lang/Object; < extends Ljava/lang/Object, implements ['Lcom/apollographql/apollo3/api/Adapter']
COMPONENT CONCAT > Lcom/instacart/client/graphql/cmd/fragment/LimitedRowGridItemListPlacementImpl_ResponseAdapter$DataQuery;->fromJson(Lcom/apollographql/apollo3/api/json/JsonReader;Lcom/apollographql/apollo3/api/CustomScalarAdapters;)Ljava/lang/Object; < extends Ljava/lang/Object, implements ['Lcom/apollographql/apollo3/api/Adapter']
COMPONENT CONCAT > Lcom/instacart/client/ordersatisfaction/tips/ICOrderSatisfactionTipsFormula;->evaluate(Lcom/instacart/formula/Snapshot;)Lcom/instacart/formula/Evaluation; < extends Ljava/lang/Object, implements ['Lcom/instacart/formula/IFormula']
COMPONENT CONCAT > Lcom/instacart/client/ordersatisfaction/tips/ICOrderSatisfactionTipsFormula$evaluate$closeCustomTipScreen$1;->toResult(Lcom/instacart/formula/TransitionContext;Ljava/lang/Object;)Lcom/instacart/formula/Transition$Result; < extends Ljava/lang/Object, implements ['Lcom/instacart/formula/Transition']
COMPONENT CONCAT > Lcom/instacart/client/ordersatisfaction/tips/ICOrderSatisfactionTipsFormula$evaluate$onTipOptionTap$1;->toResult(Lcom/instacart/formula/TransitionContext;Ljava/lang/Object;)Lcom/instacart/formula/Transition$Result; < extends Ljava/lang/Object, implements ['Lcom/instacart/formula/Transition']
COMPONENT CONCAT > Lcom/instacart/client/ordersatisfaction/tips/ICOrderSatisfactionTipsFormula$evaluate$onSaveCustomTip$1;->toResult(Lcom/instacart/formula/TransitionContext;Ljava/lang/Object;)Lcom/instacart/formula/Transition$Result; < extends Ljava/lang/Object, implements ['Lcom/instacart/formula/Transition']
COMPONENT CONCAT > Lcom/instacart/client/ordersatisfaction/tips/ICOrderSatisfactionTipsFormula$evaluate$onCustomTipChanged$1;->toResult(Lcom/instacart/formula/TransitionContext;Ljava/lang/Object;)Lcom/instacart/formula/Transition$Result; < extends Ljava/lang/Object, implements ['Lcom/instacart/formula/Transition']
COMPONENT CONCAT > Lcom/instacart/client/ordersatisfaction/tips/ICOrderSatisfactionTipsFormula;->initialState(Ljava/lang/Object;)Ljava/lang/Object; < extends Ljava/lang/Object, implements ['Lcom/instacart/formula/IFormula']
COMPONENT CONCAT > Lcom/instacart/client/core/legal/ICAlcoholTermsScreenPresenter;->bind(Ljava/lang/Object;Ljava/lang/Object;)V < extends Ljava/lang/Object, implements ['Lcom/instacart/client/core/presenters/ICPresenter']
COMPONENT CONCAT > Lcom/instacart/client/routes/ICItemRouterImpl;->routeToItem(Lcom/instacart/client/items/ICItemViewSelection;Lcom/instacart/client/items/context/ICItemContext;)V < extends Ljava/lang/Object, implements ['Lcom/instacart/client/items/ICItemRouter']
MISSING ID > Lcom/instacart/client/main/ICLoggedInViewComponent;-><init>(Landroid/view/ViewGroup;Lcom/instacart/client/ICMainActivity;Lcom/instacart/client/di/DaggerICAppComponent$ICAppRouterComponentFactory;Lcom/instacart/client/main/navigation/ICNavigationActionHandler$Factory;Ldagger/internal/Provider;Ldagger/internal/Provider;Lcom/instacart/client/core/rx/ICAppSchedulers;)V <
MISSING ID > Lcom/instacart/client/itemdetail/ICIdsItemDetailContainerScreen;-><init>(Landroid/view/View;Lcom/instacart/client/itemdetail/container/ICItemDetailContainerDI$Component;Landroid/os/Parcelable;Z)V <
COMPONENT CONCAT > Lcom/instacart/client/routes/ICBrowseItemDetailRouter;->showV3ItemWithV2Item(Lcom/instacart/client/api/v2/ICItem;Lcom/instacart/client/api/analytics/ICV2ItemAnalytics;Ljava/math/BigDecimal;)V < extends Ljava/lang/Object, implements ['Lcom/instacart/client/browse/ICItemRouteHandler']
COMPONENT CONCAT > Lcom/instacart/client/ui/component/factory/ICPillFactoryImpl;->Content(Ljava/lang/Object;Landroidx/compose/ui/Modifier;Landroidx/compose/runtime/Composer;I)V < extends Ljava/lang/Object, implements ['Lcom/instacart/client/ui/component/factory/ICComponentFactory']
COMPONENT CONCAT > Lcom/instacart/client/auth/onboarding/ICConfirmRetailerFormula;->evaluate(Lcom/instacart/formula/Snapshot;)Lcom/instacart/formula/Evaluation; < extends Ljava/lang/Object, implements ['Lcom/instacart/formula/IFormula']
