COMPONENT CONCAT > Lcom/etsy/android/ui/messages/compose/d;->accept(Ljava/lang/Object;)V < extends Ljava/lang/Object, implements ['Lio/reactivex/functions/Consumer']
COMPONENT CONCAT > Lcom/etsy/android/ui/listing/t;->get()Ljava/lang/Object; < extends Ljava/lang/Object, implements ['Ldagger/internal/i']
COMPONENT CONCAT > Lcom/etsy/android/ui/search/listingresults/k;->get()Ljava/lang/Object; < extends Ljava/lang/Object, implements ['Ldagger/internal/i']
COMPONENT CONCAT > LT3/b;->get()Ljava/lang/Object; < extends Ljava/lang/Object, implements ['Ldagger/internal/i']
COMPONENT CONCAT > Lcom/etsy/android/ui/giftcards/macrame/handlers/j;->get()Ljava/lang/Object; < extends Ljava/lang/Object, implements ['Ldagger/internal/i']
COMPONENT CONCAT > Lo3/q1;->i(Ljava/lang/Object;)V < extends Ljava/lang/Object, implements ['Ldagger/android/b']
COMPONENT CONCAT > Lcom/etsy/android/ui/insider/signup/screen/c;->get()Ljava/lang/Object; < extends Ljava/lang/Object, implements ['Ldagger/internal/i']
COMPONENT CONCAT > Lcom/etsy/android/ui/cart/i;->get()Ljava/lang/Object; < extends Ljava/lang/Object, implements ['Ldagger/internal/i']
COMPONENT CONCAT > Lcom/etsy/android/ui/giftcards/macrame/r;->get()Ljava/lang/Object; < extends Ljava/lang/Object, implements ['Ldagger/internal/i']
COMPONENT CONCAT > Lcom/etsy/android/ui/user/purchases/PurchasesFragment;->onCreate(Landroid/os/Bundle;)V < extends Landroidx/fragment/app/Fragment, implements ['Lcom/etsy/android/ui/user/purchases/q', 'Lu3/a', 'Lcom/etsy/android/ui/user/review/create/q', 'Lcom/etsy/android/vespa/f', 'Landroidx/swiperefreshlayout/widget/SwipeRefreshLayout$j', 'Lcom/etsy/android/lib/logger/g', 'Lcom/etsy/android/uikit/g', 'Landroid/content/ComponentCallbacks', 'Landroid/view/View$OnCreateContextMenuListener', 'Landroidx/lifecycle/y', 'Landroidx/lifecycle/f0', 'Landroidx/lifecycle/n', 'Landroidx/savedstate/e']
COMPONENT CONCAT > Lcom/etsy/android/alllistingreviews/AllListingReviewsFragment;->onMenuItemSelected(Landroid/view/MenuItem;)Z < extends Landroidx/fragment/app/Fragment, implements ['Lcom/etsy/android/ui/D$a', 'Lu3/a', 'Landroidx/core/view/r', 'Lcom/etsy/android/lib/logger/g', 'Lcom/etsy/android/uikit/g', 'Landroid/content/ComponentCallbacks', 'Landroid/view/View$OnCreateContextMenuListener', 'Landroidx/lifecycle/y', 'Landroidx/lifecycle/f0', 'Landroidx/lifecycle/n', 'Landroidx/savedstate/e']
COMPONENT CONCAT > Lcom/etsy/android/ui/listing/ui/cartingress/CartIngressBottomSheetFragment;->onCreate(Landroid/os/Bundle;)V < extends Landroidx/appcompat/app/AppCompatDialogFragment, implements ['Lu3/a', 'Lcom/etsy/android/lib/logger/g']
COMPONENT CONCAT > Lcom/etsy/android/alllistingreviews/AllListingReviewsFragment;->onViewCreated(Landroid/view/View;Landroid/os/Bundle;)V < extends Landroidx/fragment/app/Fragment, implements ['Lcom/etsy/android/ui/D$a', 'Lu3/a', 'Landroidx/core/view/r', 'Lcom/etsy/android/lib/logger/g', 'Lcom/etsy/android/uikit/g', 'Landroid/content/ComponentCallbacks', 'Landroid/view/View$OnCreateContextMenuListener', 'Landroidx/lifecycle/y', 'Landroidx/lifecycle/f0', 'Landroidx/lifecycle/n', 'Landroidx/savedstate/e']
COMPONENT CONCAT > Lcom/etsy/android/ui/cart/Y;->get()Ljava/lang/Object; < extends Ljava/lang/Object, implements ['Ldagger/internal/i']
COMPONENT CONCAT > Lcom/etsy/android/ui/messages/conversation/ConversationFragment;->onCreate(Landroid/os/Bundle;)V < extends Landroidx/fragment/app/Fragment, implements ['Lcom/etsy/android/ui/messages/conversation/A', 'Lu3/a', 'Lcom/etsy/android/ui/L$a', 'Lcom/etsy/android/ui/l$b', 'Landroidx/swiperefreshlayout/widget/SwipeRefreshLayout$j', 'Lcom/etsy/android/lib/logger/g', 'Lcom/etsy/android/uikit/g', 'Landroid/content/ComponentCallbacks', 'Landroid/view/View$OnCreateContextMenuListener', 'Landroidx/lifecycle/y', 'Landroidx/lifecycle/f0', 'Landroidx/lifecycle/n', 'Landroidx/savedstate/e']
COMPONENT CONCAT > Lcom/etsy/android/ui/cart/CartPagerFragment;->onCreateView(Landroid/view/LayoutInflater;Landroid/view/ViewGroup;Landroid/os/Bundle;)Landroid/view/View; < extends Landroidx/fragment/app/Fragment, implements ['Lu3/a', 'Lcom/etsy/android/ui/D$b', 'Lcom/etsy/android/ui/a$b', 'Landroidx/viewpager/widget/ViewPager$i', 'Lcom/etsy/android/ui/z', 'Lcom/etsy/android/ui/cart/OnCartPageChangedListener', 'Lcom/etsy/android/ui/singleactivity/f', 'Lcom/etsy/android/lib/logger/g', 'Lcom/etsy/android/uikit/g', 'Landroid/content/ComponentCallbacks', 'Landroid/view/View$OnCreateContextMenuListener', 'Landroidx/lifecycle/y', 'Landroidx/lifecycle/f0', 'Landroidx/lifecycle/n', 'Landroidx/savedstate/e']
COMPONENT CONCAT > Lcom/etsy/android/ui/home/explore/shoppost/ExploreShopPostBottomSheetFragment;->onViewCreated(Landroid/view/View;Landroid/os/Bundle;)V < extends Landroidx/appcompat/app/AppCompatDialogFragment, implements ['Lu3/a', 'Ln7/a', 'Lcom/etsy/android/lib/logger/g']
COMPONENT CONCAT > Lcom/etsy/android/ui/home/home/sdl/HomeViewHolderFactory;->e(Landroid/view/ViewGroup;I)Lcom/etsy/android/vespa/viewholders/a; < extends Ljava/lang/Object, implements ['Lcom/etsy/android/vespa/s']
COMPONENT CONCAT > Lcom/etsy/android/push/NotificationSettingsShortcutActivity;->onStart()V < extends Landroidx/appcompat/app/AppCompatActivity, implements ['Lcom/etsy/android/lib/logger/g', 'Ldagger/android/d', 'Lcom/etsy/android/uikit/b', 'Landroidx/appcompat/app/e', 'Landroidx/core/app/r$a']
COMPONENT CONCAT > Lcom/etsy/android/ui/home/recentlyviewedpage/RecentlyViewedPageFragment;->onViewCreated(Landroid/view/View;Landroid/os/Bundle;)V < extends Landroidx/fragment/app/Fragment, implements ['Lcom/etsy/android/vespa/f', 'Lcom/etsy/android/vespa/g', 'Lu3/a', 'Landroidx/swiperefreshlayout/widget/SwipeRefreshLayout$j', 'Lcom/etsy/android/lib/logger/g', 'Lcom/etsy/android/uikit/g', 'Landroid/content/ComponentCallbacks', 'Landroid/view/View$OnCreateContextMenuListener', 'Landroidx/lifecycle/y', 'Landroidx/lifecycle/f0', 'Landroidx/lifecycle/n', 'Landroidx/savedstate/e']
COMPONENT CONCAT > Lcom/etsy/android/ui/user/addresses/AddressDetailFragment;->showCountrySelector()V < extends Landroidx/fragment/app/Fragment, implements ['Lu3/a', 'Lcom/etsy/android/ui/D$b', 'Lcom/etsy/android/ui/L$a', 'Lcom/etsy/android/ui/l$b', 'Lcom/etsy/android/ui/user/addresses/g', 'Landroidx/swiperefreshlayout/widget/SwipeRefreshLayout$j', 'Lcom/etsy/android/lib/logger/g', 'Lcom/etsy/android/uikit/g', 'Landroid/content/ComponentCallbacks', 'Landroid/view/View$OnCreateContextMenuListener', 'Landroidx/lifecycle/y', 'Landroidx/lifecycle/f0', 'Landroidx/lifecycle/n', 'Landroidx/savedstate/e']
COMPONENT CONCAT > Lcom/etsy/android/ui/giftmode/occasion/g;->get()Ljava/lang/Object; < extends Ljava/lang/Object, implements ['Ldagger/internal/i']
COMPONENT CONCAT > Lcom/etsy/android/ui/user/addresses/AddressListFragment;->onAddNewAddress(Lcom/etsy/android/lib/models/Country;Z)V < extends Landroidx/fragment/app/Fragment, implements ['Lu3/a', 'Lcom/etsy/android/ui/D$b', 'Lcom/etsy/android/ui/user/addresses/y', 'Lcom/etsy/android/lib/logger/g', 'Lcom/etsy/android/uikit/g', 'Landroid/content/ComponentCallbacks', 'Landroid/view/View$OnCreateContextMenuListener', 'Landroidx/lifecycle/y', 'Landroidx/lifecycle/f0', 'Landroidx/lifecycle/n', 'Landroidx/savedstate/e']
COMPONENT CONCAT > Lcom/etsy/android/ui/dialog/TextInfoActivity;->onCreate(Landroid/os/Bundle;)V < extends Landroidx/appcompat/app/AppCompatActivity, implements ['Lcom/etsy/android/lib/logger/g', 'Ldagger/android/d', 'Lcom/etsy/android/uikit/b', 'Landroidx/appcompat/app/e', 'Landroidx/core/app/r$a']
COMPONENT CONCAT > Lo3/U;->a(Ljava/lang/Object;)Ldagger/android/b; < extends Ljava/lang/Object, implements ['Ldagger/android/b$a']
COMPONENT CONCAT > Lcom/etsy/android/vespa/clickhandlers/b;->b(Ljava/lang/Object;)V < extends Ljava/lang/Object, implements []
COMPONENT CONCAT > Lcom/etsy/android/ui/you/YouFragment;->onOptionClick(Lcom/etsy/android/ui/you/p;)V < extends Landroidx/fragment/app/Fragment, implements ['Lcom/etsy/android/ui/you/q', 'Lu3/a', 'Lcom/etsy/android/ui/D$b', 'Lcom/etsy/android/ui/a$b', 'Lcom/etsy/android/lib/logger/g', 'Lcom/etsy/android/uikit/g', 'Landroid/content/ComponentCallbacks', 'Landroid/view/View$OnCreateContextMenuListener', 'Landroidx/lifecycle/y', 'Landroidx/lifecycle/f0', 'Landroidx/lifecycle/n', 'Landroidx/savedstate/e']
COMPONENT CONCAT > Lcom/braze/ui/inappmessage/views/InAppMessageFullView;-><init>(Landroid/content/Context;Landroid/util/AttributeSet;)V < extends Landroid/widget/RelativeLayout, implements ['Lcom/braze/ui/inappmessage/views/IInAppMessageImmersiveView', 'Lcom/braze/ui/inappmessage/views/IInAppMessageView']
COMPONENT CONCAT > Lcom/etsy/android/ui/home/home/sdl/clickhandlers/c;->b(Ljava/lang/Object;)V < extends Ljava/lang/Object, implements []
COMPONENT CONCAT > Lcom/braze/ui/inappmessage/views/InAppMessageWebView;->dispatchKeyEvent(Landroid/view/KeyEvent;)Z < extends Landroid/webkit/WebView, implements []
COMPONENT CONCAT > Lcom/etsy/android/ui/favorites/add/AddToListContainerFragment;->onViewCreated(Landroid/view/View;Landroid/os/Bundle;)V < extends Landroidx/appcompat/app/AppCompatDialogFragment, implements ['Lu3/a', 'Lcom/etsy/android/lib/logger/g']
COMPONENT CONCAT > Lcom/etsy/android/ui/EtsyWebFragment;->onCreateView(Landroid/view/LayoutInflater;Landroid/view/ViewGroup;Landroid/os/Bundle;)Landroid/view/View; < extends Landroidx/fragment/app/Fragment, implements ['Lu3/a', 'Lcom/etsy/android/ui/D$a', 'Lcom/etsy/android/ui/l$b', 'Lcom/etsy/android/ui/C$a', 'Lcom/etsy/android/lib/logger/g', 'Lcom/etsy/android/uikit/g', 'Landroid/content/ComponentCallbacks', 'Landroid/view/View$OnCreateContextMenuListener', 'Landroidx/lifecycle/y', 'Landroidx/lifecycle/f0', 'Landroidx/lifecycle/n', 'Landroidx/savedstate/e']
COMPONENT CONCAT > Lcom/braze/ui/inappmessage/views/InAppMessageWebView;->onKeyDown(ILandroid/view/KeyEvent;)Z < extends Landroid/webkit/WebView, implements []
COMPONENT CONCAT > Lcom/etsy/android/ui/editlistingpanel/EditListingPanelBottomSheetFragment;->onViewCreated(Landroid/view/View;Landroid/os/Bundle;)V < extends Landroidx/appcompat/app/AppCompatDialogFragment, implements ['Lu3/a', 'Lcom/etsy/android/lib/logger/g']
COMPONENT CONCAT > Lg7/b;->b(Ljava/lang/Object;)V < extends Ljava/lang/Object, implements []
COMPONENT CONCAT > Lcom/etsy/android/ui/user/review/your/YourReviewsFragment;->onCreateView(Landroid/view/LayoutInflater;Landroid/view/ViewGroup;Landroid/os/Bundle;)Landroid/view/View; < extends Landroidx/fragment/app/Fragment, implements ['Lu3/a', 'Lcom/etsy/android/lib/logger/g', 'Lcom/etsy/android/uikit/g', 'Landroid/content/ComponentCallbacks', 'Landroid/view/View$OnCreateContextMenuListener', 'Landroidx/lifecycle/y', 'Landroidx/lifecycle/f0', 'Landroidx/lifecycle/n', 'Landroidx/savedstate/e']
COMPONENT CONCAT > Lcom/etsy/android/ad/b;->get()Ljava/lang/Object; < extends Ljava/lang/Object, implements ['Ldagger/internal/i']
COMPONENT CONCAT > Lcom/braze/push/BrazeNotificationFactory;->populateNotificationBuilder(Lcom/braze/configuration/BrazeConfigurationProvider;Landroid/content/Context;Landroid/os/Bundle;Landroid/os/Bundle;)Landroidx/core/app/j$d; < extends Ljava/lang/Object, implements ['Lcom/braze/IBrazeNotificationFactory']
COMPONENT CONCAT > Lcom/etsy/android/ui/you/YouFragment;->onCreateView(Landroid/view/LayoutInflater;Landroid/view/ViewGroup;Landroid/os/Bundle;)Landroid/view/View; < extends Landroidx/fragment/app/Fragment, implements ['Lcom/etsy/android/ui/you/q', 'Lu3/a', 'Lcom/etsy/android/ui/D$b', 'Lcom/etsy/android/ui/a$b', 'Lcom/etsy/android/lib/logger/g', 'Lcom/etsy/android/uikit/g', 'Landroid/content/ComponentCallbacks', 'Landroid/view/View$OnCreateContextMenuListener', 'Landroidx/lifecycle/y', 'Landroidx/lifecycle/f0', 'Landroidx/lifecycle/n', 'Landroidx/savedstate/e']
COMPONENT CONCAT > Lp6/a;->navigate(Lcom/etsy/android/ui/navigation/keys/d;)V < extends Ljava/lang/Object, implements ['Lp6/d']
COMPONENT CONCAT > Lcom/etsy/android/lib/braze/BrazeFcmActions;->c(Lcom/google/firebase/messaging/RemoteMessage;)Z < extends Ljava/lang/Object, implements ['LK3/b', 'LK3/a']
COMPONENT CONCAT > Lcom/etsy/android/ui/core/review/bottomsheet/ReviewMediaPagerFragment;->onListingClicked(J)V < extends Landroidx/fragment/app/Fragment, implements ['Lu3/a', 'Lcom/etsy/android/ui/core/review/bottomsheet/b', 'Lcom/etsy/android/ui/l$b', 'Lcom/etsy/android/ui/a$b', 'Lcom/etsy/android/lib/logger/g', 'Lcom/etsy/android/uikit/g', 'Landroid/content/ComponentCallbacks', 'Landroid/view/View$OnCreateContextMenuListener', 'Landroidx/lifecycle/y', 'Landroidx/lifecycle/f0', 'Landroidx/lifecycle/n', 'Landroidx/savedstate/e']
COMPONENT CONCAT > Lcom/etsy/android/ui/navigation/keys/fragmentkeys/SearchInterstitialKey;->getFragment()Landroidx/fragment/app/Fragment; < extends Ljava/lang/Object, implements ['Lcom/etsy/android/ui/navigation/keys/fragmentkeys/SearchContainerDestinationKey']
COMPONENT CONCAT > Lcom/etsy/android/ui/giftmode/search/g;->get()Ljava/lang/Object; < extends Ljava/lang/Object, implements ['Ldagger/internal/i']
COMPONENT CONCAT > Lcom/braze/ui/inappmessage/views/InAppMessageHtmlView;-><init>(Landroid/content/Context;Landroid/util/AttributeSet;)V < extends Landroid/widget/RelativeLayout, implements ['Lcom/braze/ui/inappmessage/views/IInAppMessageView']
COMPONENT CONCAT > Lcom/etsy/android/ui/favorites/b;->a(Lcom/etsy/android/lib/models/interfaces/ListingLike;Landroidx/fragment/app/FragmentActivity;Lcom/etsy/android/uikit/ui/favorites/e;Ljava/lang/String;)V < extends Ljava/lang/Object, implements ['Lq3/b']
COMPONENT CONCAT > Lcom/etsy/android/ui/cardview/clickhandlers/l;->b(Ljava/lang/Object;)V < extends Ljava/lang/Object, implements []
COMPONENT CONCAT > Lcom/etsy/android/ui/home/recentlyviewedpage/RecentlyViewedPageFragment;-><init>()V < extends Landroidx/fragment/app/Fragment, implements ['Lcom/etsy/android/vespa/f', 'Lcom/etsy/android/vespa/g', 'Lu3/a', 'Landroidx/swiperefreshlayout/widget/SwipeRefreshLayout$j', 'Lcom/etsy/android/lib/logger/g', 'Lcom/etsy/android/uikit/g', 'Landroid/content/ComponentCallbacks', 'Landroid/view/View$OnCreateContextMenuListener', 'Landroidx/lifecycle/y', 'Landroidx/lifecycle/f0', 'Landroidx/lifecycle/n', 'Landroidx/savedstate/e']
COMPONENT CONCAT > Lcom/etsy/android/vespa/clickhandlers/e;->b(Ljava/lang/Object;)V < extends Ljava/lang/Object, implements []
COMPONENT CONCAT > Lcom/etsy/android/ui/user/help/HelpFragment;->onOptionsItemSelected(Landroid/view/MenuItem;)Z < extends Landroidx/fragment/app/Fragment, implements ['Lu3/a', 'Lcom/etsy/android/ui/D$b', 'Lcom/etsy/android/lib/logger/g', 'Lcom/etsy/android/uikit/g', 'Landroid/content/ComponentCallbacks', 'Landroid/view/View$OnCreateContextMenuListener', 'Landroidx/lifecycle/y', 'Landroidx/lifecycle/f0', 'Landroidx/lifecycle/n', 'Landroidx/savedstate/e']
COMPONENT CONCAT > Lcom/etsy/android/ui/user/help/HelpFragment;->onCreateView(Landroid/view/LayoutInflater;Landroid/view/ViewGroup;Landroid/os/Bundle;)Landroid/view/View; < extends Landroidx/fragment/app/Fragment, implements ['Lu3/a', 'Lcom/etsy/android/ui/D$b', 'Lcom/etsy/android/lib/logger/g', 'Lcom/etsy/android/uikit/g', 'Landroid/content/ComponentCallbacks', 'Landroid/view/View$OnCreateContextMenuListener', 'Landroidx/lifecycle/y', 'Landroidx/lifecycle/f0', 'Landroidx/lifecycle/n', 'Landroidx/savedstate/e']
COMPONENT CONCAT > Lcom/braze/ui/actions/brazeactions/steps/RequestPushPermissionStep;->run(Landroid/content/Context;Lcom/braze/ui/actions/brazeactions/steps/StepData;)V < extends Ljava/lang/Object, implements ['Lcom/braze/ui/actions/brazeactions/steps/IBrazeActionStep']
COMPONENT CONCAT > Lcom/braze/ui/inappmessage/h;->onClick(Landroid/view/View;)V < extends Ljava/lang/Object, implements ['Landroid/view/View$OnClickListener']
COMPONENT CONCAT > Lcom/etsy/android/ui/listing/c;->get()Ljava/lang/Object; < extends Ljava/lang/Object, implements ['Ldagger/internal/i']
COMPONENT CONCAT > Lcom/etsy/android/ui/home/editorspicks/j;->e(Landroid/view/ViewGroup;I)Lcom/etsy/android/vespa/viewholders/a; < extends Ljava/lang/Object, implements ['Lcom/etsy/android/vespa/s']
COMPONENT CONCAT > Lcom/etsy/android/n;->run()V < extends Ljava/lang/Object, implements ['LMa/a']
COMPONENT CONCAT > Lcom/etsy/android/ui/explore/g;->get()Ljava/lang/Object; < extends Ljava/lang/Object, implements ['Ldagger/internal/i']
COMPONENT CONCAT > Lcom/braze/ui/inappmessage/b;->trigger(Ljava/lang/Object;)V < extends Ljava/lang/Object, implements ['Lcom/braze/events/IEventSubscriber']
COMPONENT CONCAT > Lcom/etsy/android/ui/home/container/f;->get()Ljava/lang/Object; < extends Ljava/lang/Object, implements ['Ldagger/internal/i']
COMPONENT CONCAT > Lcom/etsy/android/ui/cardview/clickhandlers/D;->b(Ljava/lang/Object;)V < extends Ljava/lang/Object, implements []
COMPONENT CONCAT > Lcom/etsy/android/ui/user/profile/UserProfileFragment;->d(Lcom/etsy/android/ui/user/profile/UserProfileFragment;Ljava/lang/String;Landroid/os/Bundle;)V < extends Landroidx/fragment/app/Fragment, implements ['Lu3/a', 'Lcom/etsy/android/ui/D$b', 'Landroidx/swiperefreshlayout/widget/SwipeRefreshLayout$j', 'Lcom/etsy/android/lib/logger/g', 'Lcom/etsy/android/uikit/g', 'Landroid/content/ComponentCallbacks', 'Landroid/view/View$OnCreateContextMenuListener', 'Landroidx/lifecycle/y', 'Landroidx/lifecycle/f0', 'Landroidx/lifecycle/n', 'Landroidx/savedstate/e']
COMPONENT CONCAT > Lcom/etsy/android/lib/toolbar/e;->accept(Ljava/lang/Object;)V < extends Ljava/lang/Object, implements ['Lio/reactivex/functions/Consumer']
COMPONENT CONCAT > Lcom/etsy/android/ui/cardview/clickhandlers/r;->b(Ljava/lang/Object;)V < extends Ljava/lang/Object, implements []
COMPONENT CONCAT > Lo3/d0;->i(Ljava/lang/Object;)V < extends Ljava/lang/Object, implements ['Ldagger/android/b']
COMPONENT CONCAT > Lcom/usebutton/merchant/j;->b(Ljava/lang/Object;)V < extends Ljava/lang/Object, implements ['Lcom/usebutton/merchant/G$a']
COMPONENT CONCAT > Lcom/etsy/android/ui/favorites/FavoritesTabbedFragment;->onResume()V < extends Landroidx/fragment/app/Fragment, implements ['Lcom/etsy/android/ui/D$a', 'Lcom/etsy/android/ui/z', 'Lcom/etsy/android/ui/a$b', 'Lu3/a', 'Lcom/etsy/android/ui/singleactivity/f', 'Lcom/etsy/android/lib/logger/g', 'Lcom/etsy/android/uikit/g', 'Landroid/content/ComponentCallbacks', 'Landroid/view/View$OnCreateContextMenuListener', 'Landroidx/lifecycle/y', 'Landroidx/lifecycle/f0', 'Landroidx/lifecycle/n', 'Landroidx/savedstate/e']
COMPONENT CONCAT > Lcom/braze/ui/inappmessage/jsinterface/InAppMessageJavascriptInterface;->requestPushPermission()V < extends Ljava/lang/Object, implements []
COMPONENT CONCAT > Lo3/E0;->i(Ljava/lang/Object;)V < extends Ljava/lang/Object, implements ['Ldagger/android/b']
COMPONENT CONCAT > Lcom/etsy/android/ui/home/home/sdl/clickhandlers/j;->b(Ljava/lang/Object;)V < extends Ljava/lang/Object, implements []
COMPONENT CONCAT > Lcom/etsy/android/ui/cardview/clickhandlers/SavableSearchQueryClickHandler;->b(Ljava/lang/Object;)V < extends Ljava/lang/Object, implements []
COMPONENT CONCAT > Lcom/etsy/android/ui/core/listinggallery/ListingImageGalleryFragment;->onViewCreated(Landroid/view/View;Landroid/os/Bundle;)V < extends Landroidx/fragment/app/Fragment, implements ['Lcom/etsy/android/ui/core/listinggallery/b$a', 'Lu3/a', 'Lcom/etsy/android/ui/l$b', 'Lcom/etsy/android/ui/a$b', 'Lcom/etsy/android/lib/logger/g', 'Lcom/etsy/android/uikit/g', 'Landroid/content/ComponentCallbacks', 'Landroid/view/View$OnCreateContextMenuListener', 'Landroidx/lifecycle/y', 'Landroidx/lifecycle/f0', 'Landroidx/lifecycle/n', 'Landroidx/savedstate/e']
COMPONENT CONCAT > Lcom/etsy/android/ui/home/container/i;->accept(Ljava/lang/Object;)V < extends Ljava/lang/Object, implements ['Lio/reactivex/functions/Consumer']
COMPONENT CONCAT > Lcom/etsy/android/qualtrics/j;->run(Ljava/util/Map;)V < extends Ljava/lang/Object, implements ['Lcom/qualtrics/digital/IQualtricsProjectEvaluationCallback']
COMPONENT CONCAT > Lcom/etsy/android/ui/cardview/clickhandlers/b;->b(Ljava/lang/Object;)V < extends Ljava/lang/Object, implements []
COMPONENT CONCAT > Lcom/etsy/android/ui/sdl/SdlModalFragment;->onCreateView(Landroid/view/LayoutInflater;Landroid/view/ViewGroup;Landroid/os/Bundle;)Landroid/view/View; < extends Landroidx/appcompat/app/AppCompatDialogFragment, implements ['Lu3/a', 'Lcom/etsy/android/lib/logger/g']
COMPONENT CONCAT > Lo3/q2;->a(Ljava/lang/Object;)Ldagger/android/b; < extends Ljava/lang/Object, implements ['Ldagger/android/b$a']
COMPONENT CONCAT > Lcom/etsy/android/ui/dialog/SingleListingCheckoutSADialog;->onCreateView(Landroid/view/LayoutInflater;Landroid/view/ViewGroup;Landroid/os/Bundle;)Landroid/view/View; < extends Landroidx/fragment/app/Fragment, implements ['Lu3/a', 'Ln7/a', 'Lcom/etsy/android/lib/logger/g', 'Lcom/etsy/android/uikit/g', 'Landroid/content/ComponentCallbacks', 'Landroid/view/View$OnCreateContextMenuListener', 'Landroidx/lifecycle/y', 'Landroidx/lifecycle/f0', 'Landroidx/lifecycle/n', 'Landroidx/savedstate/e']
COMPONENT CONCAT > Lcom/etsy/android/vespa/clickhandlers/d;->b(Ljava/lang/Object;)V < extends Ljava/lang/Object, implements []
COMPONENT CONCAT > LL3/n;->a(Landroidx/core/app/j$d;Landroid/content/Context;Landroid/os/Bundle;Ljava/lang/String;Ls6/q;)V < extends Ljava/lang/Object, implements []
COMPONENT CONCAT > Lcom/braze/ui/activities/BrazeBaseFragmentActivity;->onResume()V < extends Landroidx/fragment/app/FragmentActivity, implements ['Landroidx/core/app/a$f', 'Landroidx/core/app/a$g']
COMPONENT CONCAT > Lcom/etsy/android/ui/giftmode/recipients/y;->get()Ljava/lang/Object; < extends Ljava/lang/Object, implements ['Ldagger/internal/i']
COMPONENT CONCAT > Lcom/braze/push/BrazeFirebaseMessagingService;->onMessageReceived(Lcom/google/firebase/messaging/RemoteMessage;)V < extends Landroid/app/Service, implements []
COMPONENT CONCAT > Lcom/etsy/android/marketing/a;->a(Lorg/json/JSONObject;Lio/branch/referral/e;)V < extends Ljava/lang/Object, implements ['Lio/branch/referral/Branch$c']
COMPONENT CONCAT > Lcom/etsy/android/ui/home/home/sdl/clickhandlers/a;->b(Ljava/lang/Object;)V < extends Ljava/lang/Object, implements []
COMPONENT CONCAT > Lcom/etsy/android/ui/cardview/clickhandlers/x;->b(Ljava/lang/Object;)V < extends Ljava/lang/Object, implements []
COMPONENT CONCAT > Lcom/etsy/android/ui/core/review/bottomsheet/ExpandedReviewBottomSheetFragment;->onListingClicked(J)V < extends Landroidx/appcompat/app/AppCompatDialogFragment, implements ['Lu3/a', 'Ln7/a', 'Lcom/etsy/android/ui/core/review/bottomsheet/b', 'Lcom/etsy/android/lib/logger/g']
COMPONENT CONCAT > Lcom/etsy/android/ui/home/home/sdl/viewholders/HomeListReminderClickHandler;->b(Ljava/lang/Object;)V < extends Ljava/lang/Object, implements []
COMPONENT CONCAT > Lcom/etsy/android/ui/cardview/clickhandlers/C;->b(Ljava/lang/Object;)V < extends Ljava/lang/Object, implements []
COMPONENT CONCAT > Lcom/etsy/android/ui/cardview/clickhandlers/j;->b(Ljava/lang/Object;)V < extends Ljava/lang/Object, implements []
COMPONENT CONCAT > Lcom/etsy/android/ui/messages/conversations/c;->get()Ljava/lang/Object; < extends Ljava/lang/Object, implements ['Ldagger/internal/i']
COMPONENT CONCAT > Lcom/etsy/android/ui/you/YouFragment;-><init>()V < extends Landroidx/fragment/app/Fragment, implements ['Lcom/etsy/android/ui/you/q', 'Lu3/a', 'Lcom/etsy/android/ui/D$b', 'Lcom/etsy/android/ui/a$b', 'Lcom/etsy/android/lib/logger/g', 'Lcom/etsy/android/uikit/g', 'Landroid/content/ComponentCallbacks', 'Landroid/view/View$OnCreateContextMenuListener', 'Landroidx/lifecycle/y', 'Landroidx/lifecycle/f0', 'Landroidx/lifecycle/n', 'Landroidx/savedstate/e']
COMPONENT CONCAT > Lcom/etsy/android/ui/favorites/FavoritesTabbedFragment;->onStart()V < extends Landroidx/fragment/app/Fragment, implements ['Lcom/etsy/android/ui/D$a', 'Lcom/etsy/android/ui/z', 'Lcom/etsy/android/ui/a$b', 'Lu3/a', 'Lcom/etsy/android/ui/singleactivity/f', 'Lcom/etsy/android/lib/logger/g', 'Lcom/etsy/android/uikit/g', 'Landroid/content/ComponentCallbacks', 'Landroid/view/View$OnCreateContextMenuListener', 'Landroidx/lifecycle/y', 'Landroidx/lifecycle/f0', 'Landroidx/lifecycle/n', 'Landroidx/savedstate/e']
COMPONENT CONCAT > Lcom/etsy/android/ui/search/container/SearchContainerFragment;->onFiltersClicked(Lcom/etsy/android/ui/search/v2/filters/searchfiltersv2/FilterParams;)V < extends Landroidx/fragment/app/Fragment, implements ['Landroidx/appcompat/widget/SearchView$m', 'Landroid/view/View$OnFocusChangeListener', 'Lcom/etsy/android/ui/search/k$b', 'Lu3/a', 'Lcom/etsy/android/ui/search/container/a', 'Lcom/etsy/android/ui/a$b', 'Lcom/etsy/android/ui/l$b', 'Lcom/etsy/android/ui/L$a', 'Lcom/etsy/android/lib/logger/g', 'Lcom/etsy/android/uikit/g', 'Landroid/content/ComponentCallbacks', 'Landroid/view/View$OnCreateContextMenuListener', 'Landroidx/lifecycle/y', 'Landroidx/lifecycle/f0', 'Landroidx/lifecycle/n', 'Landroidx/savedstate/e']
COMPONENT CONCAT > Lcom/etsy/android/ui/home/home/sdl/clickhandlers/l;->b(Ljava/lang/Object;)V < extends Ljava/lang/Object, implements []
COMPONENT CONCAT > Lcom/etsy/android/ui/favorites/FavoritesBottomNavigationFragment;->onResume()V < extends Landroidx/fragment/app/Fragment, implements ['Lcom/etsy/android/ui/D$a', 'Lcom/etsy/android/ui/z', 'Lcom/etsy/android/ui/a$b', 'Lu3/a', 'Lcom/etsy/android/ui/singleactivity/f', 'Lcom/etsy/android/lib/logger/g', 'Lcom/etsy/android/uikit/g', 'Landroid/content/ComponentCallbacks', 'Landroid/view/View$OnCreateContextMenuListener', 'Landroidx/lifecycle/y', 'Landroidx/lifecycle/f0', 'Landroidx/lifecycle/n', 'Landroidx/savedstate/e']
COMPONENT CONCAT > Lcom/etsy/android/ui/insider/totebag/screen/b;->get()Ljava/lang/Object; < extends Ljava/lang/Object, implements ['Ldagger/internal/i']
COMPONENT CONCAT > Lcom/etsy/android/ui/user/profile/UserProfileFragment;->onViewCreated(Landroid/view/View;Landroid/os/Bundle;)V < extends Landroidx/fragment/app/Fragment, implements ['Lu3/a', 'Lcom/etsy/android/ui/D$b', 'Landroidx/swiperefreshlayout/widget/SwipeRefreshLayout$j', 'Lcom/etsy/android/lib/logger/g', 'Lcom/etsy/android/uikit/g', 'Landroid/content/ComponentCallbacks', 'Landroid/view/View$OnCreateContextMenuListener', 'Landroidx/lifecycle/y', 'Landroidx/lifecycle/f0', 'Landroidx/lifecycle/n', 'Landroidx/savedstate/e']
COMPONENT CONCAT > Lcom/etsy/android/ui/user/SettingsFragment;-><init>()V < extends Landroidx/fragment/app/Fragment, implements ['Lcom/etsy/android/ui/D$b', 'Lu3/a', 'Lcom/etsy/android/lib/logger/g', 'Lcom/etsy/android/uikit/g', 'Landroid/content/ComponentCallbacks', 'Landroid/view/View$OnCreateContextMenuListener', 'Landroidx/lifecycle/y', 'Landroidx/lifecycle/f0', 'Landroidx/lifecycle/n', 'Landroidx/savedstate/e']
COMPONENT CONCAT > Lcom/etsy/android/ui/favorites/FavoritesBottomNavigationFragment;->onStart()V < extends Landroidx/fragment/app/Fragment, implements ['Lcom/etsy/android/ui/D$a', 'Lcom/etsy/android/ui/z', 'Lcom/etsy/android/ui/a$b', 'Lu3/a', 'Lcom/etsy/android/ui/singleactivity/f', 'Lcom/etsy/android/lib/logger/g', 'Lcom/etsy/android/uikit/g', 'Landroid/content/ComponentCallbacks', 'Landroid/view/View$OnCreateContextMenuListener', 'Landroidx/lifecycle/y', 'Landroidx/lifecycle/f0', 'Landroidx/lifecycle/n', 'Landroidx/savedstate/e']
COMPONENT CONCAT > Lcom/etsy/android/ui/EtsyPreferenceActivity;->onCreate(Landroid/os/Bundle;)V < extends Landroidx/appcompat/app/AppCompatActivity, implements ['Lu3/a', 'Ldagger/android/d', 'Lcom/etsy/android/uikit/b', 'Landroidx/appcompat/app/e', 'Landroidx/core/app/r$a']
COMPONENT CONCAT > Lcom/etsy/android/ui/giftcards/g;->get()Ljava/lang/Object; < extends Ljava/lang/Object, implements ['Ldagger/internal/i']
COMPONENT CONCAT > Lcom/etsy/android/ui/home/home/sdl/clickhandlers/g;->b(Ljava/lang/Object;)V < extends Ljava/lang/Object, implements []
COMPONENT CONCAT > Lcom/etsy/android/ui/giftmode/home/j;->get()Ljava/lang/Object; < extends Ljava/lang/Object, implements ['Ldagger/internal/i']
COMPONENT CONCAT > Lcom/braze/ui/inappmessage/views/InAppMessageHtmlFullView;-><init>(Landroid/content/Context;Landroid/util/AttributeSet;)V < extends Landroid/widget/RelativeLayout, implements ['Lcom/braze/ui/inappmessage/views/IInAppMessageView']
COMPONENT CONCAT > Lcom/etsy/android/ui/cardview/clickhandlers/ShopCardClickHandler;->b(Ljava/lang/Object;)V < extends Ljava/lang/Object, implements []
COMPONENT CONCAT > Lcom/etsy/android/ui/cardview/clickhandlers/E;->b(Ljava/lang/Object;)V < extends Ljava/lang/Object, implements []
COMPONENT CONCAT > Lcom/etsy/android/ui/listing/ListingFragment;->onViewCreated(Landroid/view/View;Landroid/os/Bundle;)V < extends Landroidx/fragment/app/Fragment, implements ['Lcom/etsy/android/ui/L$a', 'Lu3/a', 'Lcom/etsy/android/ui/K$b', 'Lcom/etsy/android/ui/StatusBarCallbacks$a', 'Lcom/etsy/android/ui/a$b', 'Lcom/etsy/android/lib/logger/g', 'Lcom/etsy/android/uikit/g', 'Landroid/content/ComponentCallbacks', 'Landroid/view/View$OnCreateContextMenuListener', 'Landroidx/lifecycle/y', 'Landroidx/lifecycle/f0', 'Landroidx/lifecycle/n', 'Landroidx/savedstate/e']
COMPONENT CONCAT > Lo3/V;->i(Ljava/lang/Object;)V < extends Ljava/lang/Object, implements ['Ldagger/android/b']
COMPONENT CONCAT > LQ9/b;->get()Ljava/lang/Object; < extends Ljava/lang/Object, implements ['Ldagger/internal/i']
COMPONENT CONCAT > Lcom/etsy/android/ui/i;->get()Ljava/lang/Object; < extends Ljava/lang/Object, implements ['Ldagger/internal/i']
COMPONENT CONCAT > Lcom/etsy/android/ui/user/profile/UserProfileFragment;->onCreateView(Landroid/view/LayoutInflater;Landroid/view/ViewGroup;Landroid/os/Bundle;)Landroid/view/View; < extends Landroidx/fragment/app/Fragment, implements ['Lu3/a', 'Lcom/etsy/android/ui/D$b', 'Landroidx/swiperefreshlayout/widget/SwipeRefreshLayout$j', 'Lcom/etsy/android/lib/logger/g', 'Lcom/etsy/android/uikit/g', 'Landroid/content/ComponentCallbacks', 'Landroid/view/View$OnCreateContextMenuListener', 'Landroidx/lifecycle/y', 'Landroidx/lifecycle/f0', 'Landroidx/lifecycle/n', 'Landroidx/savedstate/e']
COMPONENT CONCAT > Lcom/etsy/android/ui/cardview/viewholders/E;->b(Ljava/lang/Object;)V < extends Ljava/lang/Object, implements []
COMPONENT CONCAT > Lcom/etsy/android/ui/insider/managemembership/screen/c;->get()Ljava/lang/Object; < extends Ljava/lang/Object, implements ['Ldagger/internal/i']
COMPONENT CONCAT > Lcom/etsy/android/util/AppsFlyerActions;->c(Z)Lio/reactivex/internal/operators/observable/ObservableFlatMapCompletableCompletable; < extends Ljava/lang/Object, implements ['LK3/b', 'Lcom/etsy/android/util/p', 'Lcom/etsy/android/util/q']
COMPONENT CONCAT > Lcom/etsy/android/ui/g;->a(Landroid/content/Context;Z)V < extends Ljava/lang/Object, implements ['Lcom/etsy/android/lib/core/i$a']
COMPONENT CONCAT > Lcom/etsy/android/ui/messages/conversation/ConversationFragment;->openListingImageGalleryView(ILjava/util/List;)V < extends Landroidx/fragment/app/Fragment, implements ['Lcom/etsy/android/ui/messages/conversation/A', 'Lu3/a', 'Lcom/etsy/android/ui/L$a', 'Lcom/etsy/android/ui/l$b', 'Landroidx/swiperefreshlayout/widget/SwipeRefreshLayout$j', 'Lcom/etsy/android/lib/logger/g', 'Lcom/etsy/android/uikit/g', 'Landroid/content/ComponentCallbacks', 'Landroid/view/View$OnCreateContextMenuListener', 'Landroidx/lifecycle/y', 'Landroidx/lifecycle/f0', 'Landroidx/lifecycle/n', 'Landroidx/savedstate/e']
COMPONENT CONCAT > Lm5/b;->b(Ljava/lang/Object;)V < extends Ljava/lang/Object, implements []
COMPONENT CONCAT > Lcom/etsy/android/ui/cardview/clickhandlers/e;->b(Ljava/lang/Object;)V < extends Ljava/lang/Object, implements []
COMPONENT CONCAT > Lcom/etsy/android/ui/VespaDemoFragment;->onLoadContent()V < extends Landroidx/fragment/app/Fragment, implements ['Lcom/etsy/android/ui/D$a', 'Lcom/etsy/android/vespa/f', 'Lcom/etsy/android/vespa/g', 'Lu3/a', 'Landroidx/swiperefreshlayout/widget/SwipeRefreshLayout$j', 'Lcom/etsy/android/lib/logger/g', 'Lcom/etsy/android/uikit/g', 'Landroid/content/ComponentCallbacks', 'Landroid/view/View$OnCreateContextMenuListener', 'Landroidx/lifecycle/y', 'Landroidx/lifecycle/f0', 'Landroidx/lifecycle/n', 'Landroidx/savedstate/e']
COMPONENT CONCAT > Lo3/r2;->i(Ljava/lang/Object;)V < extends Ljava/lang/Object, implements ['Ldagger/android/b']
COMPONENT CONCAT > Lcom/etsy/android/ui/giftmode/quizresults/f;->get()Ljava/lang/Object; < extends Ljava/lang/Object, implements ['Ldagger/internal/i']
COMPONENT CONCAT > Lcom/etsy/android/ui/favorites/t;->b(Ljava/lang/Object;)V < extends Ljava/lang/Object, implements []
COMPONENT CONCAT > Lcom/etsy/android/ui/cardview/clickhandlers/v;->b(Ljava/lang/Object;)V < extends Ljava/lang/Object, implements []
COMPONENT CONCAT > Lcom/braze/ui/inappmessage/views/InAppMessageModalView;-><init>(Landroid/content/Context;Landroid/util/AttributeSet;)V < extends Landroid/widget/RelativeLayout, implements ['Lcom/braze/ui/inappmessage/views/IInAppMessageImmersiveView', 'Lcom/braze/ui/inappmessage/views/IInAppMessageView']
COMPONENT CONCAT > Lcom/braze/ui/inappmessage/d;->run()V < extends Ljava/lang/Object, implements ['Ljava/lang/Runnable']
COMPONENT CONCAT > Lcom/etsy/android/ui/user/addresses/AddressListFragment;->onCreateView(Landroid/view/LayoutInflater;Landroid/view/ViewGroup;Landroid/os/Bundle;)Landroid/view/View; < extends Landroidx/fragment/app/Fragment, implements ['Lu3/a', 'Lcom/etsy/android/ui/D$b', 'Lcom/etsy/android/ui/user/addresses/y', 'Lcom/etsy/android/lib/logger/g', 'Lcom/etsy/android/uikit/g', 'Landroid/content/ComponentCallbacks', 'Landroid/view/View$OnCreateContextMenuListener', 'Landroidx/lifecycle/y', 'Landroidx/lifecycle/f0', 'Landroidx/lifecycle/n', 'Landroidx/savedstate/e']
COMPONENT CONCAT > Lcom/etsy/android/lib/ui/DetailsBottomSheetDialogFragment;->onCreateView(Landroid/view/LayoutInflater;Landroid/view/ViewGroup;Landroid/os/Bundle;)Landroid/view/View; < extends Landroidx/appcompat/app/AppCompatDialogFragment, implements ['Lcom/etsy/android/lib/logger/g']
COMPONENT CONCAT > Lcom/etsy/android/ui/cardview/clickhandlers/A;->b(Ljava/lang/Object;)V < extends Ljava/lang/Object, implements []
COMPONENT CONCAT > Lcom/etsy/android/ui/giftlist/i;->get()Ljava/lang/Object; < extends Ljava/lang/Object, implements ['Ldagger/internal/i']
COMPONENT CONCAT > Lcom/etsy/android/ui/favorites/b;->b(Lcom/etsy/android/lib/models/interfaces/ListingLike;Landroidx/fragment/app/FragmentActivity;Ljava/lang/String;)V < extends Ljava/lang/Object, implements ['Lq3/b']
COMPONENT CONCAT > Lcom/etsy/android/ui/cardview/clickhandlers/i;->b(Ljava/lang/Object;)V < extends Ljava/lang/Object, implements []
COMPONENT CONCAT > Lcom/etsy/android/vespa/clickhandlers/a;->b(Ljava/lang/Object;)V < extends Ljava/lang/Object, implements []
COMPONENT CONCAT > Lcom/etsy/android/ui/user/circles/CirclesTabContainerFragment;->onCreate(Landroid/os/Bundle;)V < extends Landroidx/fragment/app/Fragment, implements ['Lcom/etsy/android/ui/D$a', 'Landroidx/viewpager/widget/ViewPager$i', 'Lu3/a', 'Lcom/etsy/android/ui/z', 'Lcom/etsy/android/lib/logger/g', 'Lcom/etsy/android/uikit/g', 'Landroid/content/ComponentCallbacks', 'Landroid/view/View$OnCreateContextMenuListener', 'Landroidx/lifecycle/y', 'Landroidx/lifecycle/f0', 'Landroidx/lifecycle/n', 'Landroidx/savedstate/e']
COMPONENT CONCAT > Lcom/etsy/android/ui/cardview/clickhandlers/z;->b(Ljava/lang/Object;)V < extends Ljava/lang/Object, implements []
COMPONENT CONCAT > Lcom/etsy/android/ui/you/YouFragment;->c(Lcom/etsy/android/ui/you/YouFragment;Ljava/lang/String;Landroid/os/Bundle;)V < extends Landroidx/fragment/app/Fragment, implements ['Lcom/etsy/android/ui/you/q', 'Lu3/a', 'Lcom/etsy/android/ui/D$b', 'Lcom/etsy/android/ui/a$b', 'Lcom/etsy/android/lib/logger/g', 'Lcom/etsy/android/uikit/g', 'Landroid/content/ComponentCallbacks', 'Landroid/view/View$OnCreateContextMenuListener', 'Landroidx/lifecycle/y', 'Landroidx/lifecycle/f0', 'Landroidx/lifecycle/n', 'Landroidx/savedstate/e']
COMPONENT CONCAT > Lcom/etsy/android/ui/user/profile/e;->a(Lcom/etsy/android/uikit/ui/favorites/f;)V < extends Ljava/lang/Object, implements ['Lcom/etsy/android/uikit/ui/favorites/h']
COMPONENT CONCAT > Lcom/etsy/android/ui/favorites/recommendations/CollectionContainerFragment;->setUpPagerAdapter()V < extends Landroidx/fragment/app/Fragment, implements ['Lcom/etsy/android/ui/D$a', 'Lu3/a', 'Lcom/etsy/android/ui/favorites/recommendations/b', 'Lcom/etsy/android/lib/logger/g', 'Lcom/etsy/android/uikit/g', 'Landroid/content/ComponentCallbacks', 'Landroid/view/View$OnCreateContextMenuListener', 'Landroidx/lifecycle/y', 'Landroidx/lifecycle/f0', 'Landroidx/lifecycle/n', 'Landroidx/savedstate/e']
COMPONENT CONCAT > Lcom/etsy/android/ui/navigation/keys/fragmentkeys/SearchResultsShopsKey;->getFragment()Landroidx/fragment/app/Fragment; < extends Ljava/lang/Object, implements ['Lcom/etsy/android/ui/navigation/keys/fragmentkeys/SearchContainerDestinationKey']
COMPONENT CONCAT > Lcom/braze/push/BrazeFirebaseMessagingService;->handleBrazeRemoteMessage(Landroid/content/Context;Lcom/google/firebase/messaging/RemoteMessage;)Z < extends Landroid/app/Service, implements []
COMPONENT CONCAT > Lcom/etsy/android/ui/EtsyWebFragment;->onStop()V < extends Landroidx/fragment/app/Fragment, implements ['Lu3/a', 'Lcom/etsy/android/ui/D$a', 'Lcom/etsy/android/ui/l$b', 'Lcom/etsy/android/ui/C$a', 'Lcom/etsy/android/lib/logger/g', 'Lcom/etsy/android/uikit/g', 'Landroid/content/ComponentCallbacks', 'Landroid/view/View$OnCreateContextMenuListener', 'Landroidx/lifecycle/y', 'Landroidx/lifecycle/f0', 'Landroidx/lifecycle/n', 'Landroidx/savedstate/e']
COMPONENT CONCAT > Lcom/etsy/android/ui/dialog/SingleListingCheckoutStandalonePayPalSADialog;->onCreateView(Landroid/view/LayoutInflater;Landroid/view/ViewGroup;Landroid/os/Bundle;)Landroid/view/View; < extends Landroidx/fragment/app/Fragment, implements ['Ln7/a', 'Lu3/a', 'Lcom/etsy/android/lib/logger/g', 'Lcom/etsy/android/uikit/g', 'Landroid/content/ComponentCallbacks', 'Landroid/view/View$OnCreateContextMenuListener', 'Landroidx/lifecycle/y', 'Landroidx/lifecycle/f0', 'Landroidx/lifecycle/n', 'Landroidx/savedstate/e']
COMPONENT CONCAT > Lcom/braze/push/BrazeNotificationFactory;->createNotification(Lcom/braze/configuration/BrazeConfigurationProvider;Landroid/content/Context;Landroid/os/Bundle;Landroid/os/Bundle;)Landroid/app/Notification; < extends Ljava/lang/Object, implements ['Lcom/braze/IBrazeNotificationFactory']
COMPONENT CONCAT > Lcom/etsy/android/ui/giftmode/persona/g;->get()Ljava/lang/Object; < extends Ljava/lang/Object, implements ['Ldagger/internal/i']
COMPONENT CONCAT > Lcom/usebutton/merchant/j;->a(Ljava/lang/Exception;)V < extends Ljava/lang/Object, implements ['Lcom/usebutton/merchant/G$a']
COMPONENT CONCAT > Lcom/braze/push/BrazeNotificationStyleFactory;->setStyleIfSupported(Landroidx/core/app/j$d;Lcom/braze/models/push/BrazeNotificationPayload;)V < extends Ljava/lang/Object, implements []
COMPONENT CONCAT > Lm5/a;->b(Ljava/lang/Object;)V < extends Ljava/lang/Object, implements []
COMPONENT CONCAT > Lcom/etsy/android/vespa/n;->accept(Ljava/lang/Object;)V < extends Ljava/lang/Object, implements ['Lio/reactivex/functions/Consumer']
COMPONENT CONCAT > Lcom/etsy/android/ui/navigation/keys/fragmentkeys/SearchTaxonomyCategoryKey;->getFragment()Landroidx/fragment/app/Fragment; < extends Ljava/lang/Object, implements ['Lcom/etsy/android/ui/navigation/keys/fragmentkeys/SearchContainerDestinationKey']
COMPONENT CONCAT > Lcom/etsy/android/ui/core/d;->a(Lcom/etsy/android/uikit/ui/favorites/f;)V < extends Ljava/lang/Object, implements ['Lcom/etsy/android/uikit/ui/favorites/h']
COMPONENT CONCAT > Lcom/etsy/android/ui/user/language/LanguageSelectFragment;->onViewCreated(Landroid/view/View;Landroid/os/Bundle;)V < extends Landroidx/fragment/app/Fragment, implements ['Lu3/a', 'Lcom/etsy/android/ui/D$b', 'Landroidx/swiperefreshlayout/widget/SwipeRefreshLayout$j', 'Lcom/etsy/android/lib/logger/g', 'Lcom/etsy/android/uikit/g', 'Landroid/content/ComponentCallbacks', 'Landroid/view/View$OnCreateContextMenuListener', 'Landroidx/lifecycle/y', 'Landroidx/lifecycle/f0', 'Landroidx/lifecycle/n', 'Landroidx/savedstate/e']
COMPONENT CONCAT > Lcom/etsy/android/ui/adapters/UserProfileAdapter$b;->onReceive(Landroid/content/Context;Landroid/content/Intent;)V < extends Landroid/content/BroadcastReceiver, implements []
COMPONENT CONCAT > Lcom/etsy/android/ui/nav/c;->a(Lorg/json/JSONObject;Lio/branch/referral/e;)V < extends Ljava/lang/Object, implements ['Lio/branch/referral/Branch$c', 'LMa/g']
COMPONENT CONCAT > Lcom/etsy/android/ui/cardview/clickhandlers/k;->b(Ljava/lang/Object;)V < extends Ljava/lang/Object, implements []
COMPONENT CONCAT > Lcom/etsy/android/ui/messages/conversation/ConversationFragment;->showPersistentAlert(Lcom/etsy/android/lib/models/apiv3/Alert;)V < extends Landroidx/fragment/app/Fragment, implements ['Lcom/etsy/android/ui/messages/conversation/A', 'Lu3/a', 'Lcom/etsy/android/ui/L$a', 'Lcom/etsy/android/ui/l$b', 'Landroidx/swiperefreshlayout/widget/SwipeRefreshLayout$j', 'Lcom/etsy/android/lib/logger/g', 'Lcom/etsy/android/uikit/g', 'Landroid/content/ComponentCallbacks', 'Landroid/view/View$OnCreateContextMenuListener', 'Landroidx/lifecycle/y', 'Landroidx/lifecycle/f0', 'Landroidx/lifecycle/n', 'Landroidx/savedstate/e']
COMPONENT CONCAT > Lcom/etsy/android/ui/cardview/clickhandlers/f;->b(Ljava/lang/Object;)V < extends Ljava/lang/Object, implements []
COMPONENT CONCAT > Lcom/braze/push/BrazeHuaweiPushHandler;->handleHmsRemoteMessageData(Landroid/content/Context;Ljava/util/Map;)Z < extends Ljava/lang/Object, implements []
COMPONENT CONCAT > Lcom/etsy/android/ui/shop/ShopSectionListingsFragment;->onViewCreated(Landroid/view/View;Landroid/os/Bundle;)V < extends Landroidx/fragment/app/Fragment, implements ['Lu3/a', 'Lcom/etsy/android/ui/D$a', 'Lcom/etsy/android/vespa/f', 'Landroidx/swiperefreshlayout/widget/SwipeRefreshLayout$j', 'Lcom/etsy/android/lib/logger/g', 'Lcom/etsy/android/uikit/g', 'Landroid/content/ComponentCallbacks', 'Landroid/view/View$OnCreateContextMenuListener', 'Landroidx/lifecycle/y', 'Landroidx/lifecycle/f0', 'Landroidx/lifecycle/n', 'Landroidx/savedstate/e']
COMPONENT CONCAT > Lcom/etsy/android/ui/user/deals/h;->get()Ljava/lang/Object; < extends Ljava/lang/Object, implements ['Ldagger/internal/i']
COMPONENT CONCAT > Lcom/etsy/android/ui/navigation/keys/fragmentkeys/SearchTopLevelCategoriesKey;->getFragment()Landroidx/fragment/app/Fragment; < extends Ljava/lang/Object, implements ['Lcom/etsy/android/ui/navigation/keys/fragmentkeys/SearchContainerDestinationKey']
COMPONENT CONCAT > Lcom/etsy/android/ui/cardview/clickhandlers/u;->b(Ljava/lang/Object;)V < extends Ljava/lang/Object, implements []
COMPONENT CONCAT > Lcom/braze/ui/activities/BrazeBaseFragmentActivity;->onPause()V < extends Landroidx/fragment/app/FragmentActivity, implements ['Landroidx/core/app/a$f', 'Landroidx/core/app/a$g']
COMPONENT CONCAT > Lcom/etsy/android/ui/giftmode/giftidea/h;->get()Ljava/lang/Object; < extends Ljava/lang/Object, implements ['Ldagger/internal/i']
COMPONENT CONCAT > Lcom/etsy/android/ui/messages/conversation/ConversationFragment;->navToReceipt(Lcom/etsy/android/lib/models/datatypes/EtsyId;)V < extends Landroidx/fragment/app/Fragment, implements ['Lcom/etsy/android/ui/messages/conversation/A', 'Lu3/a', 'Lcom/etsy/android/ui/L$a', 'Lcom/etsy/android/ui/l$b', 'Landroidx/swiperefreshlayout/widget/SwipeRefreshLayout$j', 'Lcom/etsy/android/lib/logger/g', 'Lcom/etsy/android/uikit/g', 'Landroid/content/ComponentCallbacks', 'Landroid/view/View$OnCreateContextMenuListener', 'Landroidx/lifecycle/y', 'Landroidx/lifecycle/f0', 'Landroidx/lifecycle/n', 'Landroidx/savedstate/e']
COMPONENT CONCAT > Lcom/braze/push/BrazeNotificationFactory;->populateNotificationBuilder(Lcom/braze/models/push/BrazeNotificationPayload;)Landroidx/core/app/j$d; < extends Ljava/lang/Object, implements ['Lcom/braze/IBrazeNotificationFactory']
COMPONENT CONCAT > Lcom/etsy/android/ui/user/addresses/i;->accept(Ljava/lang/Object;)V < extends Ljava/lang/Object, implements ['Lio/reactivex/functions/Consumer']
COMPONENT CONCAT > Lcom/braze/ui/inappmessage/BrazeInAppMessageManager;->getInstance()Lcom/braze/ui/inappmessage/BrazeInAppMessageManager; < extends Ljava/lang/Object, implements []
COMPONENT CONCAT > Lcom/etsy/android/ui/user/profile/UserProfileFragment;->onSaveInstanceState(Landroid/os/Bundle;)V < extends Landroidx/fragment/app/Fragment, implements ['Lu3/a', 'Lcom/etsy/android/ui/D$b', 'Landroidx/swiperefreshlayout/widget/SwipeRefreshLayout$j', 'Lcom/etsy/android/lib/logger/g', 'Lcom/etsy/android/uikit/g', 'Landroid/content/ComponentCallbacks', 'Landroid/view/View$OnCreateContextMenuListener', 'Landroidx/lifecycle/y', 'Landroidx/lifecycle/f0', 'Landroidx/lifecycle/n', 'Landroidx/savedstate/e']
COMPONENT CONCAT > Lcom/etsy/android/ui/home/home/sdl/clickhandlers/n;->b(Ljava/lang/Object;)V < extends Ljava/lang/Object, implements []
COMPONENT CONCAT > Lcom/etsy/android/ui/sdl/ServerDrivenActionDelegate;->performAction(Lcom/etsy/android/vespa/PositionList;Lcom/etsy/android/lib/models/apiv3/sdl/ServerDrivenAction;)V < extends Ljava/lang/Object, implements ['Lcom/etsy/android/vespa/g']
COMPONENT CONCAT > Lcom/etsy/android/ui/cardview/clickhandlers/t;->b(Ljava/lang/Object;)V < extends Ljava/lang/Object, implements []
COMPONENT CONCAT > Lcom/google/android/gms/measurement/AppMeasurementService;->onBind(Landroid/content/Intent;)Landroid/os/IBinder; < extends Landroid/app/Service, implements ['Lcom/google/android/gms/measurement/internal/s4']
COMPONENT CONCAT > Lcom/etsy/android/ui/you/YouFragment;->onViewCreated(Landroid/view/View;Landroid/os/Bundle;)V < extends Landroidx/fragment/app/Fragment, implements ['Lcom/etsy/android/ui/you/q', 'Lu3/a', 'Lcom/etsy/android/ui/D$b', 'Lcom/etsy/android/ui/a$b', 'Lcom/etsy/android/lib/logger/g', 'Lcom/etsy/android/uikit/g', 'Landroid/content/ComponentCallbacks', 'Landroid/view/View$OnCreateContextMenuListener', 'Landroidx/lifecycle/y', 'Landroidx/lifecycle/f0', 'Landroidx/lifecycle/n', 'Landroidx/savedstate/e']
COMPONENT CONCAT > Lcom/etsy/android/ui/shop/tabs/ShopFragment;->onViewCreated(Landroid/view/View;Landroid/os/Bundle;)V < extends Landroidx/fragment/app/Fragment, implements ['Lcom/etsy/android/ui/L$a', 'Lu3/a', 'Lcom/etsy/android/lib/logger/g', 'Lcom/etsy/android/uikit/g', 'Landroid/content/ComponentCallbacks', 'Landroid/view/View$OnCreateContextMenuListener', 'Landroidx/lifecycle/y', 'Landroidx/lifecycle/f0', 'Landroidx/lifecycle/n', 'Landroidx/savedstate/e']
COMPONENT CONCAT > Lcom/etsy/android/ui/favorites/add/creategiftlist/f;->get()Ljava/lang/Object; < extends Ljava/lang/Object, implements ['Ldagger/internal/i']
COMPONENT CONCAT > Lcom/etsy/android/ui/cardview/clickhandlers/a;->b(Ljava/lang/Object;)V < extends Ljava/lang/Object, implements []
COMPONENT CONCAT > Lcom/etsy/android/util/v;->get()Ljava/lang/Object; < extends Ljava/lang/Object, implements ['Ldagger/internal/i']
COMPONENT CONCAT > Lcom/etsy/android/ui/messages/conversation/ConversationFragment;->navToCart()V < extends Landroidx/fragment/app/Fragment, implements ['Lcom/etsy/android/ui/messages/conversation/A', 'Lu3/a', 'Lcom/etsy/android/ui/L$a', 'Lcom/etsy/android/ui/l$b', 'Landroidx/swiperefreshlayout/widget/SwipeRefreshLayout$j', 'Lcom/etsy/android/lib/logger/g', 'Lcom/etsy/android/uikit/g', 'Landroid/content/ComponentCallbacks', 'Landroid/view/View$OnCreateContextMenuListener', 'Landroidx/lifecycle/y', 'Landroidx/lifecycle/f0', 'Landroidx/lifecycle/n', 'Landroidx/savedstate/e']
COMPONENT CONCAT > Lo3/Q2;->a(Landroidx/fragment/app/Fragment;Lcom/etsy/android/lib/logger/D;Lcom/etsy/android/ui/user/auth/l;)Lcom/etsy/android/uikit/ui/favorites/FavoriteCoordinator; < extends Ljava/lang/Object, implements ['Lo3/P2']
COMPONENT CONCAT > Lcom/etsy/android/ui/user/privacy/PrivacyFragment;->onCreateView(Landroid/view/LayoutInflater;Landroid/view/ViewGroup;Landroid/os/Bundle;)Landroid/view/View; < extends Landroidx/fragment/app/Fragment, implements ['Lu3/a', 'Lcom/etsy/android/ui/D$b', 'Landroidx/swiperefreshlayout/widget/SwipeRefreshLayout$j', 'Lcom/etsy/android/lib/logger/g', 'Lcom/etsy/android/uikit/g', 'Landroid/content/ComponentCallbacks', 'Landroid/view/View$OnCreateContextMenuListener', 'Landroidx/lifecycle/y', 'Landroidx/lifecycle/f0', 'Landroidx/lifecycle/n', 'Landroidx/savedstate/e']
COMPONENT CONCAT > Lcom/etsy/android/ui/search/filters/filtergroups/q;->b(ZLcom/etsy/android/collagexml/views/CollageRadioButton;)V < extends Ljava/lang/Object, implements ['Lcom/etsy/android/collagexml/views/CollageRadioGroup$a']
COMPONENT CONCAT > Lcom/etsy/android/ui/user/DarkModeFragment;->onCreateView(Landroid/view/LayoutInflater;Landroid/view/ViewGroup;Landroid/os/Bundle;)Landroid/view/View; < extends Landroidx/fragment/app/Fragment, implements ['Lcom/etsy/android/ui/D$b', 'Lu3/a', 'Lcom/etsy/android/lib/logger/g', 'Lcom/etsy/android/uikit/g', 'Landroid/content/ComponentCallbacks', 'Landroid/view/View$OnCreateContextMenuListener', 'Landroidx/lifecycle/y', 'Landroidx/lifecycle/f0', 'Landroidx/lifecycle/n', 'Landroidx/savedstate/e']
COMPONENT CONCAT > Lcom/etsy/android/ui/user/review/create/CreateReviewActivity;->onCreate(Landroid/os/Bundle;)V < extends Landroidx/appcompat/app/AppCompatActivity, implements ['Lu3/a', 'Lcom/etsy/android/lib/logger/g', 'Ldagger/android/d', 'Lcom/etsy/android/uikit/b', 'Landroidx/appcompat/app/e', 'Landroidx/core/app/r$a']
COMPONENT CONCAT > Lh1/b;->h(Ld1/o;Ld1/D;)I < extends Ljava/lang/Object, implements ['Ld1/n']
COMPONENT CONCAT > Lcom/etsy/android/ui/search/filters/filtergroups/k;->b(ZLcom/etsy/android/collagexml/views/CollageRadioButton;)V < extends Ljava/lang/Object, implements ['Lcom/etsy/android/collagexml/views/CollageRadioGroup$a']
COMPONENT CONCAT > Lcom/etsy/android/ui/cart/handlers/variations/B;->get()Ljava/lang/Object; < extends Ljava/lang/Object, implements ['Ldagger/internal/i']
COMPONENT CONCAT > Lcom/etsy/android/ui/search/container/SearchContainerFragment;->onStart()V < extends Landroidx/fragment/app/Fragment, implements ['Landroidx/appcompat/widget/SearchView$m', 'Landroid/view/View$OnFocusChangeListener', 'Lcom/etsy/android/ui/search/k$b', 'Lu3/a', 'Lcom/etsy/android/ui/search/container/a', 'Lcom/etsy/android/ui/a$b', 'Lcom/etsy/android/ui/l$b', 'Lcom/etsy/android/ui/L$a', 'Lcom/etsy/android/lib/logger/g', 'Lcom/etsy/android/uikit/g', 'Landroid/content/ComponentCallbacks', 'Landroid/view/View$OnCreateContextMenuListener', 'Landroidx/lifecycle/y', 'Landroidx/lifecycle/f0', 'Landroidx/lifecycle/n', 'Landroidx/savedstate/e']
COMPONENT CONCAT > Lcom/etsy/android/ui/giftteaser/editable/g;->get()Ljava/lang/Object; < extends Ljava/lang/Object, implements ['Ldagger/internal/i']
COMPONENT CONCAT > Lcom/etsy/android/eventhub/GiftReceiptBuyerSave;->copy$default(Lcom/etsy/android/eventhub/GiftReceiptBuyerSave;Lkotlin/jvm/functions/Function1;ILjava/lang/Object;)Lcom/etsy/android/eventhub/GiftReceiptBuyerSave; < extends Ljava/lang/Object, implements ['Lcom/etsy/android/lib/logger/AnalyticsEvent']
COMPONENT CONCAT > Lcom/etsy/android/eventhub/GiftReceiptBuyerSave;-><init>()V < extends Ljava/lang/Object, implements ['Lcom/etsy/android/lib/logger/AnalyticsEvent']
COMPONENT CONCAT > Lcom/etsy/android/ui/giftteaser/recipient/m;->get()Ljava/lang/Object; < extends Ljava/lang/Object, implements ['Ldagger/internal/i']
COMPONENT CONCAT > Lcom/etsy/android/ui/home/editorspicks/EditorsPicksFragment;->onViewCreated(Landroid/view/View;Landroid/os/Bundle;)V < extends Landroidx/fragment/app/Fragment, implements ['Lcom/etsy/android/ui/D$b', 'Lcom/etsy/android/vespa/f', 'Lcom/etsy/android/vespa/g', 'Lu3/a', 'Landroidx/swiperefreshlayout/widget/SwipeRefreshLayout$j', 'Lcom/etsy/android/lib/logger/g', 'Lcom/etsy/android/uikit/g', 'Landroid/content/ComponentCallbacks', 'Landroid/view/View$OnCreateContextMenuListener', 'Landroidx/lifecycle/y', 'Landroidx/lifecycle/f0', 'Landroidx/lifecycle/n', 'Landroidx/savedstate/e']
COMPONENT CONCAT > Lcom/etsy/android/lib/models/apiv3/listing/ImageKeyJsonAdapter;->toJson(Lcom/squareup/moshi/s;Ljava/lang/Object;)V < extends Ljava/lang/Object, implements []
COMPONENT CONCAT > Lcom/etsy/android/lib/models/apiv3/inappnotifications/InAppNotificationThankYouCouponReminderJsonAdapter;->toJson(Lcom/squareup/moshi/s;Ljava/lang/Object;)V < extends Ljava/lang/Object, implements []
COMPONENT CONCAT > Lcom/etsy/android/ui/giftteaser/recipient/i;->get()Ljava/lang/Object; < extends Ljava/lang/Object, implements ['Ldagger/internal/i']
COMPONENT CONCAT > Lcom/etsy/android/lib/network/oauth2/signin/p;->get()Ljava/lang/Object; < extends Ljava/lang/Object, implements ['Ldagger/internal/i']
COMPONENT CONCAT > Lcom/etsy/android/ui/a;->k(Landroidx/fragment/app/FragmentManager;Landroidx/fragment/app/Fragment;)V < extends Landroidx/fragment/app/FragmentManager$m, implements []
COMPONENT CONCAT > Lcom/etsy/android/lib/models/apiv3/StructuredShopRefundsJsonAdapter;->toJson(Lcom/squareup/moshi/s;Ljava/lang/Object;)V < extends Ljava/lang/Object, implements []
COMPONENT CONCAT > Lcom/etsy/android/ui/search/countryselector/SearchCountrySelectorFragment;-><init>()V < extends Landroidx/fragment/app/Fragment, implements ['Lu3/a', 'Lcom/etsy/android/ui/D$b', 'Lcom/etsy/android/ui/l$b', 'Lcom/etsy/android/lib/logger/g', 'Lcom/etsy/android/uikit/g', 'Landroid/content/ComponentCallbacks', 'Landroid/view/View$OnCreateContextMenuListener', 'Landroidx/lifecycle/y', 'Landroidx/lifecycle/f0', 'Landroidx/lifecycle/n', 'Landroidx/savedstate/e']
COMPONENT CONCAT > Lcom/etsy/android/ui/user/addresses/AddressCountrySelectorFragment;-><init>()V < extends Landroidx/fragment/app/Fragment, implements ['Lu3/a', 'Lcom/etsy/android/ui/D$b', 'Lcom/etsy/android/ui/l$b', 'Lcom/etsy/android/lib/logger/g', 'Lcom/etsy/android/uikit/g', 'Landroid/content/ComponentCallbacks', 'Landroid/view/View$OnCreateContextMenuListener', 'Landroidx/lifecycle/y', 'Landroidx/lifecycle/f0', 'Landroidx/lifecycle/n', 'Landroidx/savedstate/e']
COMPONENT CONCAT > Lcom/etsy/android/ui/editlistingpanel/EditListingPanelBottomSheetFragment;->onCreateDialog(Landroid/os/Bundle;)Landroid/app/Dialog; < extends Landroidx/appcompat/app/AppCompatDialogFragment, implements ['Lu3/a', 'Lcom/etsy/android/lib/logger/g']
COMPONENT CONCAT > Lcom/etsy/android/ui/you/n;->get()Ljava/lang/Object; < extends Ljava/lang/Object, implements ['Ldagger/internal/i']
COMPONENT CONCAT > Lcom/etsy/android/ui/messages/conversation/ConversationFragment;->onCreateView(Landroid/view/LayoutInflater;Landroid/view/ViewGroup;Landroid/os/Bundle;)Landroid/view/View; < extends Landroidx/fragment/app/Fragment, implements ['Lcom/etsy/android/ui/messages/conversation/A', 'Lu3/a', 'Lcom/etsy/android/ui/L$a', 'Lcom/etsy/android/ui/l$b', 'Landroidx/swiperefreshlayout/widget/SwipeRefreshLayout$j', 'Lcom/etsy/android/lib/logger/g', 'Lcom/etsy/android/uikit/g', 'Landroid/content/ComponentCallbacks', 'Landroid/view/View$OnCreateContextMenuListener', 'Landroidx/lifecycle/y', 'Landroidx/lifecycle/f0', 'Landroidx/lifecycle/n', 'Landroidx/savedstate/e']
COMPONENT CONCAT > Lcom/etsy/android/ui/messages/conversation/ConversationFragment;->addImageAttachment(Landroid/graphics/Bitmap;I)V < extends Landroidx/fragment/app/Fragment, implements ['Lcom/etsy/android/ui/messages/conversation/A', 'Lu3/a', 'Lcom/etsy/android/ui/L$a', 'Lcom/etsy/android/ui/l$b', 'Landroidx/swiperefreshlayout/widget/SwipeRefreshLayout$j', 'Lcom/etsy/android/lib/logger/g', 'Lcom/etsy/android/uikit/g', 'Landroid/content/ComponentCallbacks', 'Landroid/view/View$OnCreateContextMenuListener', 'Landroidx/lifecycle/y', 'Landroidx/lifecycle/f0', 'Landroidx/lifecycle/n', 'Landroidx/savedstate/e']
COMPONENT CONCAT > Lcom/etsy/android/ui/messages/conversation/ConversationFragment;->onViewCreated(Landroid/view/View;Landroid/os/Bundle;)V < extends Landroidx/fragment/app/Fragment, implements ['Lcom/etsy/android/ui/messages/conversation/A', 'Lu3/a', 'Lcom/etsy/android/ui/L$a', 'Lcom/etsy/android/ui/l$b', 'Landroidx/swiperefreshlayout/widget/SwipeRefreshLayout$j', 'Lcom/etsy/android/lib/logger/g', 'Lcom/etsy/android/uikit/g', 'Landroid/content/ComponentCallbacks', 'Landroid/view/View$OnCreateContextMenuListener', 'Landroidx/lifecycle/y', 'Landroidx/lifecycle/f0', 'Landroidx/lifecycle/n', 'Landroidx/savedstate/e']
COMPONENT CONCAT > Lcom/etsy/android/ui/messages/conversation/ConversationFragment;->showImageLoadingIndicator(I)V < extends Landroidx/fragment/app/Fragment, implements ['Lcom/etsy/android/ui/messages/conversation/A', 'Lu3/a', 'Lcom/etsy/android/ui/L$a', 'Lcom/etsy/android/ui/l$b', 'Landroidx/swiperefreshlayout/widget/SwipeRefreshLayout$j', 'Lcom/etsy/android/lib/logger/g', 'Lcom/etsy/android/uikit/g', 'Landroid/content/ComponentCallbacks', 'Landroid/view/View$OnCreateContextMenuListener', 'Landroidx/lifecycle/y', 'Landroidx/lifecycle/f0', 'Landroidx/lifecycle/n', 'Landroidx/savedstate/e']
COMPONENT CONCAT > Lcom/etsy/android/ui/messages/conversation/ConversationFragment;->removeImageAttachment(I)V < extends Landroidx/fragment/app/Fragment, implements ['Lcom/etsy/android/ui/messages/conversation/A', 'Lu3/a', 'Lcom/etsy/android/ui/L$a', 'Lcom/etsy/android/ui/l$b', 'Landroidx/swiperefreshlayout/widget/SwipeRefreshLayout$j', 'Lcom/etsy/android/lib/logger/g', 'Lcom/etsy/android/uikit/g', 'Landroid/content/ComponentCallbacks', 'Landroid/view/View$OnCreateContextMenuListener', 'Landroidx/lifecycle/y', 'Landroidx/lifecycle/f0', 'Landroidx/lifecycle/n', 'Landroidx/savedstate/e']
COMPONENT CONCAT > Lcom/etsy/android/ui/messages/conversation/ConversationFragment;->removeImageLoadingIndicator(I)V < extends Landroidx/fragment/app/Fragment, implements ['Lcom/etsy/android/ui/messages/conversation/A', 'Lu3/a', 'Lcom/etsy/android/ui/L$a', 'Lcom/etsy/android/ui/l$b', 'Landroidx/swiperefreshlayout/widget/SwipeRefreshLayout$j', 'Lcom/etsy/android/lib/logger/g', 'Lcom/etsy/android/uikit/g', 'Landroid/content/ComponentCallbacks', 'Landroid/view/View$OnCreateContextMenuListener', 'Landroidx/lifecycle/y', 'Landroidx/lifecycle/f0', 'Landroidx/lifecycle/n', 'Landroidx/savedstate/e']
