COMPONENT CONCAT > Lp/p;->t(I)V < extends Ljava/lang/Object, implements []
COMPONENT CONCAT > Lq4/m;->D(Lz3/g;Ljava/lang/Runnable;)V < extends Ljava/lang/Object, implements ['Lz3/e', 'Lz3/g$b']
COMPONENT CONCAT > Lq4/f;->D(Lz3/g;Ljava/lang/Runnable;)V < extends Ljava/lang/Object, implements ['Ljava/io/Closeable', 'Lz3/e', 'Lz3/g$b']
COMPONENT CONCAT > Lq4/a;->execute(Ljava/lang/Runnable;)V < extends Ljava/lang/Object, implements ['Ljava/util/concurrent/Executor', 'Ljava/io/Closeable']
COMPONENT CONCAT > Lcom/facebook/ads/AdSettings;->addTestDevice(Ljava/lang/String;)V < extends Ljava/lang/Object, implements []
COMPONENT CONCAT > Lcom/facebook/ads/AdSettings;->clearTestDevices()V < extends Ljava/lang/Object, implements []
COMPONENT CONCAT > Lcom/facebook/ads/AdSettings;->addTestDevices(Ljava/util/Collection;)V < extends Ljava/lang/Object, implements []
MISSING ID > Lb0/f;->onCreateView(Landroid/view/LayoutInflater;Landroid/view/ViewGroup;Landroid/os/Bundle;)Landroid/view/View; <
COMPONENT CONCAT > Lr3/a;->a(Lr2/c;Ljava/util/Map;)Lr2/q; < extends Ljava/lang/Object, implements ['Lr2/o']
COMPONENT CONCAT > Lcom/google/firebase/installations/ktx/FirebaseInstallationsKtxRegistrar;->getComponents()Ljava/util/List; < extends Ljava/lang/Object, implements ['Lcom/google/firebase/components/ComponentRegistrar']
COMPONENT CONCAT > Lcom/google/firebase/FirebaseCommonKtxRegistrar;->getComponents()Ljava/util/List; < extends Ljava/lang/Object, implements ['Lcom/google/firebase/components/ComponentRegistrar']
COMPONENT CONCAT > Lcom/google/firebase/ktx/FirebaseCommonKtxRegistrar;->getComponents()Ljava/util/List; < extends Ljava/lang/Object, implements ['Lcom/google/firebase/components/ComponentRegistrar']
COMPONENT CONCAT > Lo4/x;-><clinit>()V < extends Ljava/lang/Object, implements []
COMPONENT CONCAT > Lcom/google/firebase/remoteconfig/ktx/FirebaseRemoteConfigKtxRegistrar;->getComponents()Ljava/util/List; < extends Ljava/lang/Object, implements ['Lcom/google/firebase/components/ComponentRegistrar']
COMPONENT CONCAT > Lcom/google/firebase/installations/FirebaseInstallationsKtxRegistrar;->getComponents()Ljava/util/List; < extends Ljava/lang/Object, implements ['Lcom/google/firebase/components/ComponentRegistrar']
COMPONENT CONCAT > Lo4/g;-><clinit>()V < extends Ljava/lang/Object, implements []
COMPONENT CONCAT > Lcom/google/firebase/remoteconfig/FirebaseRemoteConfigKtxRegistrar;->getComponents()Ljava/util/List; < extends Ljava/lang/Object, implements ['Lcom/google/firebase/components/ComponentRegistrar']
COMPONENT CONCAT > Lcom/google/firebase/provider/FirebaseInitProvider;->onCreate()Z < extends Landroid/content/ContentProvider, implements []
COMPONENT CONCAT > Lcom/google/mlkit/common/internal/MlKitInitProvider;->onCreate()Z < extends Landroid/content/ContentProvider, implements []
COMPONENT CONCAT > Lf3/a;->a(Lf3/h;)V < extends Ljava/lang/Object, implements ['Lf3/g']
COMPONENT CONCAT > Lf3/c;->a(Lf3/h;)V < extends Ljava/lang/Object, implements ['Lf3/g']
COMPONENT CONCAT > Lf3/f;->a(Lf3/h;)V < extends Ljava/lang/Object, implements ['Lf3/g']
COMPONENT CONCAT > Lf3/b;->a(Lf3/h;)V < extends Ljava/lang/Object, implements ['Lf3/g']
COMPONENT CONCAT > Lf3/n;->a(Lf3/h;)V < extends Ljava/lang/Object, implements ['Lf3/g']
COMPONENT CONCAT > Lm3/b;->a(Lr2/c;Ljava/util/Map;)Lr2/q; < extends Ljava/lang/Object, implements ['Lr2/o']
COMPONENT CONCAT > Lb/b;->a(ZZ)V < extends Ljava/lang/Object, implements ['Lg/a']
MISSING ID > Lcom/gamma/barcodeapp/ui/BarcodeCaptureActivity;->c(Landroid/view/ViewGroup;Ljava/lang/String;)V <
COMPONENT CONCAT > Lc3/a;->a(Lr2/c;Ljava/util/Map;)Lr2/q; < extends Ljava/lang/Object, implements ['Lr2/o']
COMPONENT CONCAT > La1/m0;->iterator()Ljava/util/Iterator; < extends Ljava/util/AbstractCollection, implements ['Ljava/util/Set', 'Ljava/io/Serializable']
COMPONENT CONCAT > Lcom/google/android/gms/internal/measurement/zzho;->get()Ljava/lang/Object; < extends Ljava/lang/Object, implements ['Lz0/k']
COMPONENT CONCAT > Lp/n;->t(I)V < extends Ljava/lang/Object, implements []
MISSING ID > Lz4/c;->onOptionsItemSelected(Landroid/view/MenuItem;)Z <
MISSING ID > Lz4/f;->onCreateView(Landroid/view/LayoutInflater;Landroid/view/ViewGroup;Landroid/os/Bundle;)Landroid/view/View; <
MISSING ID > Lz4/f$c;->onClick(Landroid/view/View;)V <
COMPONENT CONCAT > Lj3/e;->c(ILz2/a;Ljava/util/Map;)Lr2/q; < extends Ljava/lang/Object, implements ['Lr2/o']
COMPONENT CONCAT > Lk3/d;->c(ILz2/a;Ljava/util/Map;)Lr2/q; < extends Ljava/lang/Object, implements ['Lr2/o']
MISSING ID > Lc5/a;->surfaceCreated(Landroid/view/SurfaceHolder;)V <
MISSING ID > Lc5/a;->s(Landroid/view/SurfaceHolder;)V <
COMPONENT CONCAT > Lcom/google/android/gms/internal/mlkit_vision_common/zzmp;->zza(Lcom/google/android/gms/internal/mlkit_vision_common/zzmb;)V < extends Ljava/lang/Object, implements ['Lcom/google/android/gms/internal/mlkit_vision_common/zzmc']
COMPONENT CONCAT > Lcom/google/android/gms/internal/mlkit_common/zzqh;->zza(Lcom/google/android/gms/internal/mlkit_common/zzpq;)V < extends Ljava/lang/Object, implements ['Lcom/google/android/gms/internal/mlkit_common/zzpr']
COMPONENT CONCAT > Lcom/google/android/gms/internal/mlkit_vision_barcode/zzuf;->zza(Lcom/google/android/gms/internal/mlkit_vision_barcode/zztm;)V < extends Ljava/lang/Object, implements ['Lcom/google/android/gms/internal/mlkit_vision_barcode/zztn']
COMPONENT CONCAT > Ln4/s1;->z(Ljava/util/concurrent/CancellationException;)V < extends Ljava/lang/Object, implements ['Ln4/l1', 'Ln4/p', 'Ln4/z1']
COMPONENT CONCAT > Ln4/o;->c(Ljava/lang/Throwable;)Z < extends Ljava/lang/Object, implements ['Ln4/n', 'Ln4/v0', 'Ln4/h1', 'Lg4/l']
COMPONENT CONCAT > Ln4/s1;->x(Ln4/z1;)V < extends Ljava/lang/Object, implements ['Ln4/l1', 'Ln4/p', 'Ln4/z1']
COMPONENT CONCAT > Ln4/a;->resumeWith(Ljava/lang/Object;)V < extends Ljava/lang/Object, implements ['Lz3/d', 'Ln4/f0', 'Ln4/l1', 'Ln4/p', 'Ln4/z1']
COMPONENT CONCAT > Ln4/s1;->k()Ljava/util/concurrent/CancellationException; < extends Ljava/lang/Object, implements ['Ln4/l1', 'Ln4/p', 'Ln4/z1']
COMPONENT CONCAT > Lc3/b;->a(Ljava/lang/String;Lr2/a;IILjava/util/Map;)Lz2/b; < extends Ljava/lang/Object, implements ['Lr2/u']
COMPONENT CONCAT > Ls2/c;->a(Ljava/lang/String;Lr2/a;IILjava/util/Map;)Lz2/b; < extends Ljava/lang/Object, implements ['Lr2/u']
COMPONENT CONCAT > Lcom/google/ads/mediation/facebook/FacebookMediationAdapter;->collectSignals(Lcom/google/android/gms/ads/mediation/rtb/RtbSignalData;Lcom/google/android/gms/ads/mediation/rtb/SignalCallbacks;)V < extends Ljava/lang/Object, implements ['Lcom/google/android/gms/ads/mediation/MediationExtrasReceiver']
COMPONENT CONCAT > Lcom/facebook/ads/DefaultMediaViewVideoRenderer;-><init>(Landroid/content/Context;Landroid/util/AttributeSet;I)V < extends Landroid/widget/FrameLayout, implements ['Lcom/facebook/ads/internal/api/AdComponentView']
COMPONENT CONCAT > Lcom/facebook/ads/NativeAdBase;->getAdViewAttributes()Lcom/facebook/ads/NativeAdViewAttributes; < extends Ljava/lang/Object, implements ['Lcom/facebook/ads/Ad']
COMPONENT CONCAT > Lcom/google/ads/mediation/facebook/FacebookMediationAdapter;->loadRtbNativeAd(Lcom/google/android/gms/ads/mediation/MediationNativeAdConfiguration;Lcom/google/android/gms/ads/mediation/MediationAdLoadCallback;)V < extends Ljava/lang/Object, implements ['Lcom/google/android/gms/ads/mediation/MediationExtrasReceiver']
COMPONENT CONCAT > Lcom/facebook/ads/NativeAd;-><init>(Landroid/content/Context;Ljava/lang/String;)V < extends Ljava/lang/Object, implements ['Lcom/facebook/ads/Ad']
COMPONENT CONCAT > Lcom/facebook/ads/DefaultMediaViewVideoRenderer;-><init>(Landroid/content/Context;)V < extends Landroid/widget/FrameLayout, implements ['Lcom/facebook/ads/internal/api/AdComponentView']
COMPONENT CONCAT > Lcom/facebook/ads/NativeAd;-><init>(Landroid/content/Context;Lcom/facebook/ads/NativeAdBase;)V < extends Ljava/lang/Object, implements ['Lcom/facebook/ads/Ad']
COMPONENT CONCAT > Lcom/facebook/ads/NativeAdView;->render(Landroid/content/Context;Lcom/facebook/ads/NativeAd;Lcom/facebook/ads/NativeAdView$Type;Lcom/facebook/ads/NativeAdViewAttributes;)Landroid/view/View; < extends Ljava/lang/Object, implements []
COMPONENT CONCAT > Lcom/facebook/ads/AudienceNetworkActivity;->onCreate(Landroid/os/Bundle;)V < extends Landroid/app/Activity, implements []
COMPONENT CONCAT > Lcom/google/ads/mediation/facebook/FacebookMediationAdapter;->loadRtbBannerAd(Lcom/google/android/gms/ads/mediation/MediationBannerAdConfiguration;Lcom/google/android/gms/ads/mediation/MediationAdLoadCallback;)V < extends Ljava/lang/Object, implements ['Lcom/google/android/gms/ads/mediation/MediationExtrasReceiver']
COMPONENT CONCAT > Lcom/facebook/ads/AudienceNetworkAds;->getAdFormatForPlacement(Landroid/content/Context;Ljava/lang/String;)I < extends Ljava/lang/Object, implements []
COMPONENT CONCAT > Lcom/facebook/ads/AdSize;->fromWidthAndHeight(II)Lcom/facebook/ads/AdSize; < extends Ljava/lang/Object, implements ['Ljava/io/Serializable']
COMPONENT CONCAT > Lcom/facebook/ads/NativeBannerAdView;->render(Landroid/content/Context;Lcom/facebook/ads/NativeBannerAd;Lcom/facebook/ads/NativeBannerAdView$Type;)Landroid/view/View; < extends Ljava/lang/Object, implements []
COMPONENT CONCAT > Lcom/facebook/ads/NativeAd;-><init>(Landroid/content/Context;Lcom/facebook/ads/internal/api/NativeAdBaseApi;)V < extends Ljava/lang/Object, implements ['Lcom/facebook/ads/Ad']
COMPONENT CONCAT > Lcom/facebook/ads/NativeAdView;->render(Landroid/content/Context;Lcom/facebook/ads/NativeAd;)Landroid/view/View; < extends Ljava/lang/Object, implements []
COMPONENT CONCAT > Lcom/facebook/ads/NativeBannerAd;-><init>(Landroid/content/Context;Ljava/lang/String;)V < extends Ljava/lang/Object, implements ['Lcom/facebook/ads/Ad']
COMPONENT CONCAT > Lcom/facebook/ads/MediaViewVideoRendererWithBackgroundPlayback;-><init>(Landroid/content/Context;)V < extends Landroid/widget/FrameLayout, implements ['Lcom/facebook/ads/internal/api/AdComponentView']
COMPONENT CONCAT > Lcom/facebook/ads/AudienceNetworkAds;->initialize(Landroid/content/Context;)V < extends Ljava/lang/Object, implements []
COMPONENT CONCAT > Lcom/facebook/ads/NativeAdLayout;-><init>(Landroid/content/Context;)V < extends Landroid/widget/FrameLayout, implements ['Lcom/facebook/ads/internal/api/AdComponentView']
COMPONENT CONCAT > Lcom/facebook/ads/NativeAdView;->render(Landroid/content/Context;Lcom/facebook/ads/NativeAd;Lcom/facebook/ads/NativeAdView$Type;)Landroid/view/View; < extends Ljava/lang/Object, implements []
COMPONENT CONCAT > Lcom/facebook/ads/DefaultMediaViewVideoRenderer;-><init>(Landroid/content/Context;Landroid/util/AttributeSet;)V < extends Landroid/widget/FrameLayout, implements ['Lcom/facebook/ads/internal/api/AdComponentView']
COMPONENT CONCAT > Lcom/facebook/ads/NativeBannerAd;-><init>(Landroid/content/Context;Lcom/facebook/ads/internal/api/NativeAdBaseApi;)V < extends Ljava/lang/Object, implements ['Lcom/facebook/ads/Ad']
COMPONENT CONCAT > Lcom/facebook/ads/AudienceNetworkAds;->isInitialized(Landroid/content/Context;)Z < extends Ljava/lang/Object, implements []
COMPONENT CONCAT > Lcom/facebook/ads/DefaultMediaViewVideoRenderer;-><init>(Landroid/content/Context;Landroid/util/AttributeSet;II)V < extends Landroid/widget/FrameLayout, implements ['Lcom/facebook/ads/internal/api/AdComponentView']
COMPONENT CONCAT > Lcom/facebook/ads/NativeAdLayout;-><init>(Landroid/content/Context;Landroid/util/AttributeSet;)V < extends Landroid/widget/FrameLayout, implements ['Lcom/facebook/ads/internal/api/AdComponentView']
COMPONENT CONCAT > Lcom/facebook/ads/MediaViewVideoRendererWithBackgroundPlayback;-><init>(Landroid/content/Context;Landroid/util/AttributeSet;I)V < extends Landroid/widget/FrameLayout, implements ['Lcom/facebook/ads/internal/api/AdComponentView']
COMPONENT CONCAT > Lcom/facebook/ads/AudienceNetworkContentProvider;->onCreate()Z < extends Landroid/content/ContentProvider, implements []
COMPONENT CONCAT > Lcom/facebook/ads/AdSize;->hashCode()I < extends Ljava/lang/Object, implements ['Ljava/io/Serializable']
COMPONENT CONCAT > Lcom/facebook/ads/MediaViewVideoRendererWithBackgroundPlayback;-><init>(Landroid/content/Context;Landroid/util/AttributeSet;II)V < extends Landroid/widget/FrameLayout, implements ['Lcom/facebook/ads/internal/api/AdComponentView']
COMPONENT CONCAT > Lcom/facebook/ads/MediaViewVideoRendererWithBackgroundPlayback;-><init>(Landroid/content/Context;Landroid/util/AttributeSet;)V < extends Landroid/widget/FrameLayout, implements ['Lcom/facebook/ads/internal/api/AdComponentView']
COMPONENT CONCAT > Lcom/facebook/ads/NativeAdView;->render(Landroid/content/Context;Lcom/facebook/ads/NativeAd;Lcom/facebook/ads/NativeAdViewAttributes;)Landroid/view/View; < extends Ljava/lang/Object, implements []
COMPONENT CONCAT > Lcom/facebook/ads/NativeAdsManager;-><init>(Landroid/content/Context;Ljava/lang/String;I)V < extends Ljava/lang/Object, implements []
COMPONENT CONCAT > Lcom/facebook/ads/NativeAdViewAttributes;-><init>(Landroid/content/Context;)V < extends Ljava/lang/Object, implements []
COMPONENT CONCAT > Lcom/facebook/ads/NativeAdBase;->getAdStarRating()Lcom/facebook/ads/NativeAdBase$Rating; < extends Ljava/lang/Object, implements ['Lcom/facebook/ads/Ad']
COMPONENT CONCAT > Lcom/google/ads/mediation/facebook/FacebookMediationAdapter;->loadRtbInterstitialAd(Lcom/google/android/gms/ads/mediation/MediationInterstitialAdConfiguration;Lcom/google/android/gms/ads/mediation/MediationAdLoadCallback;)V < extends Ljava/lang/Object, implements ['Lcom/google/android/gms/ads/mediation/MediationExtrasReceiver']
COMPONENT CONCAT > Lcom/facebook/ads/NativeBannerAdView;->render(Landroid/content/Context;Lcom/facebook/ads/NativeBannerAd;Lcom/facebook/ads/NativeBannerAdView$Type;Lcom/facebook/ads/NativeAdViewAttributes;)Landroid/view/View; < extends Ljava/lang/Object, implements []
COMPONENT CONCAT > Lcom/facebook/ads/NativeAdLayout;-><init>(Landroid/content/Context;Landroid/util/AttributeSet;I)V < extends Landroid/widget/FrameLayout, implements ['Lcom/facebook/ads/internal/api/AdComponentView']
COMPONENT CONCAT > Lcom/facebook/ads/RewardedInterstitialAd;-><init>(Landroid/content/Context;Ljava/lang/String;)V < extends Ljava/lang/Object, implements ['Lcom/facebook/ads/FullScreenAd']
COMPONENT CONCAT > Lcom/google/ads/mediation/facebook/FacebookMediationAdapter;->loadRtbRewardedAd(Lcom/google/android/gms/ads/mediation/MediationRewardedAdConfiguration;Lcom/google/android/gms/ads/mediation/MediationAdLoadCallback;)V < extends Ljava/lang/Object, implements ['Lcom/google/android/gms/ads/mediation/MediationExtrasReceiver']
COMPONENT CONCAT > Lcom/google/ads/mediation/facebook/FacebookMediationAdapter;->loadRtbRewardedInterstitialAd(Lcom/google/android/gms/ads/mediation/MediationRewardedAdConfiguration;Lcom/google/android/gms/ads/mediation/MediationAdLoadCallback;)V < extends Ljava/lang/Object, implements ['Lcom/google/android/gms/ads/mediation/MediationExtrasReceiver']
COMPONENT CONCAT > Lcom/facebook/ads/AdSettings;->isTestMode(Landroid/content/Context;)Z < extends Ljava/lang/Object, implements []
COMPONENT CONCAT > Lcom/facebook/ads/internal/api/InitSettingsBuilder;->initialize()V < extends Ljava/lang/Object, implements ['Lcom/facebook/ads/AudienceNetworkAds$InitSettingsBuilder']
COMPONENT CONCAT > Lcom/facebook/ads/AdSize;->equals(Ljava/lang/Object;)Z < extends Ljava/lang/Object, implements ['Ljava/io/Serializable']
COMPONENT CONCAT > Lcom/facebook/ads/NativeAdBase;->getAdChoicesIcon()Lcom/facebook/ads/NativeAdBase$Image; < extends Ljava/lang/Object, implements ['Lcom/facebook/ads/Ad']
MISSING ID > Lcom/gamma/barcodeapp/ui/BarcodeCaptureActivity;->onOptionsItemSelected(Landroid/view/MenuItem;)Z <
MISSING ID > Lb0/h;->p(Landroidx/recyclerview/widget/RecyclerView$ViewHolder;IILandroid/view/View;ILjava/lang/String;Ljava/lang/String;Ljava/lang/String;JJ)V <
COMPONENT CONCAT > La1/h;->entrySet()Ljava/util/Set; < extends Ljava/util/AbstractMap, implements ['Ljava/io/Serializable']
COMPONENT CONCAT > La1/h;->values()Ljava/util/Collection; < extends Ljava/util/AbstractMap, implements ['Ljava/io/Serializable']
COMPONENT CONCAT > La1/h;->keySet()Ljava/util/Set; < extends Ljava/util/AbstractMap, implements ['Ljava/io/Serializable']
MISSING ID > Lcom/gamma/barcodeapp/ui/camera/a;->onCreateView(Landroid/view/LayoutInflater;Landroid/view/ViewGroup;Landroid/os/Bundle;)Landroid/view/View; <
COMPONENT CONCAT > Lcom/google/firebase/FirebaseCommonRegistrar;->getComponents()Ljava/util/List; < extends Ljava/lang/Object, implements ['Lcom/google/firebase/components/ComponentRegistrar']
COMPONENT CONCAT > Lcom/google/firebase/analytics/connector/internal/AnalyticsConnectorRegistrar;->getComponents()Ljava/util/List; < extends Ljava/lang/Object, implements ['Lcom/google/firebase/components/ComponentRegistrar']
COMPONENT CONCAT > Lcom/google/firebase/installations/FirebaseInstallationsRegistrar;->getComponents()Ljava/util/List; < extends Ljava/lang/Object, implements ['Lcom/google/firebase/components/ComponentRegistrar']
COMPONENT CONCAT > Lcom/google/firebase/abt/component/AbtRegistrar;->getComponents()Ljava/util/List; < extends Ljava/lang/Object, implements ['Lcom/google/firebase/components/ComponentRegistrar']
COMPONENT CONCAT > Lcom/google/firebase/ktx/FirebaseCommonLegacyRegistrar;->getComponents()Ljava/util/List; < extends Ljava/lang/Object, implements ['Lcom/google/firebase/components/ComponentRegistrar']
COMPONENT CONCAT > Lcom/google/firebase/remoteconfig/RemoteConfigRegistrar;->getComponents()Ljava/util/List; < extends Ljava/lang/Object, implements ['Lcom/google/firebase/components/ComponentRegistrar']
MISSING ID > Lv/v;->onCreateView(Landroid/view/LayoutInflater;Landroid/view/ViewGroup;Landroid/os/Bundle;)Landroid/view/View; <
MISSING ID > Ls/d;->d(Landroid/widget/TextView;Lh0/s;Lo/a;Landroid/content/Context;ZLs/d$b;)V <
MISSING ID > Ls/e;-><init>(Landroid/widget/TextView;Lh0/e0;Lo/a;Z)V <
COMPONENT CONCAT > Lo4/p;->D(Lz3/g;Ljava/lang/Runnable;)V < extends Ljava/lang/Object, implements ['Ln4/p0', 'Lz3/e', 'Lz3/g$b']
COMPONENT CONCAT > Ln4/a0;->j(Lz3/d;)Lz3/d; < extends Ljava/lang/Object, implements ['Lz3/e', 'Lz3/g$b']
COMPONENT CONCAT > Ln4/m;->invoke(Ljava/lang/Object;)Ljava/lang/Object; < extends Ljava/lang/Object, implements ['Ln4/v0', 'Ln4/h1', 'Lg4/l']
COMPONENT CONCAT > Ln4/u1;->g0()V < extends Ljava/lang/Object, implements ['Ln4/n0', 'Lz3/d', 'Ln4/f0', 'Ln4/l1', 'Ln4/p', 'Ln4/z1']
COMPONENT CONCAT > Ln4/q0;->n(Ljava/lang/Object;)V < extends Ljava/lang/Object, implements ['Lkotlin/coroutines/jvm/internal/d', 'Lz3/d', 'Ln4/f0', 'Ln4/l1', 'Ln4/p', 'Ln4/z1']
COMPONENT CONCAT > Ln4/k;->resumeWith(Ljava/lang/Object;)V < extends Ljava/lang/Object, implements ['Ln4/j', 'Lkotlin/coroutines/jvm/internal/d', 'Ljava/lang/Runnable']
COMPONENT CONCAT > Ln4/k;->r()Ljava/lang/Object; < extends Ljava/lang/Object, implements ['Ln4/j', 'Lkotlin/coroutines/jvm/internal/d', 'Ljava/lang/Runnable']
COMPONENT CONCAT > Lo4/d0;->n(Ljava/lang/Object;)V < extends Ljava/lang/Object, implements ['Lkotlin/coroutines/jvm/internal/d', 'Lz3/d', 'Ln4/f0', 'Ln4/l1', 'Ln4/p', 'Ln4/z1']
COMPONENT CONCAT > Ln4/a;->T(Ljava/lang/Throwable;)V < extends Ljava/lang/Object, implements ['Lz3/d', 'Ln4/f0', 'Ln4/l1', 'Ln4/p', 'Ln4/z1']
COMPONENT CONCAT > Ln4/f;->b(Ln4/f0;Lz3/g;Ln4/h0;Lg4/p;ILjava/lang/Object;)Ln4/n0; < extends Ljava/lang/Object, implements []
COMPONENT CONCAT > Lcom/google/mlkit/vision/barcode/bundled/internal/ThickBarcodeScannerCreator;->newBarcodeScanner(Lcom/google/android/gms/dynamic/IObjectWrapper;Lcom/google/android/gms/internal/mlkit_vision_barcode_bundled/zzbc;)Lcom/google/android/gms/internal/mlkit_vision_barcode_bundled/zzbl; < extends Landroid/os/Binder, implements ['Lcom/google/android/gms/internal/mlkit_vision_barcode_bundled/zzbo', 'Landroid/os/IInterface']
MISSING ID > Lv/o;->onClick(Landroid/view/View;)V <
MISSING ID > Lv/t;->e(Lv/t;ILandroid/view/View;)V <
MISSING ID > Lv/t;->q(ILandroid/view/View;)V <
