COMPONENT CONCAT > Lcom/alibaba/aliexpresshd/home/ui/FakeMainActivity;->onCreate(Landroid/os/Bundle;)V < extends Landroidx/appcompat/app/AppCompatActivity, implements ['Ln11/a', 'Lf80/b', 'Lcom/alibaba/aliexpress/masonry/track/visibility/c', 'Le80/c', 'Lcom/aliexpress/service/eventcenter/a', 'Ljava/lang/Runnable', 'Lf80/c', 'Lm11/b', 'Lqz/c', 'Lkc/a', 'Lqz/a', 'Ljc/g', 'Landroidx/appcompat/app/AppCompatCallback', 'Landroidx/core/app/t1$a', 'Landroidx/appcompat/app/ActionBarDrawerToggle$DelegateProvider']
COMPONENT CONCAT > Lcom/alibaba/aliexpresshd/push/NotificationSettingActivity;->onCreate(Landroid/os/Bundle;)V < extends Landroidx/appcompat/app/AppCompatActivity, implements ['Ln11/a', 'Lf80/b', 'Lcom/alibaba/aliexpress/masonry/track/visibility/c', 'Le80/c', 'Lcom/aliexpress/service/eventcenter/a', 'Ljava/lang/Runnable', 'Lf80/c', 'Lm11/b', 'Lqz/c', 'Lkc/a', 'Lqz/a', 'Ljc/g', 'Landroidx/appcompat/app/AppCompatCallback', 'Landroidx/core/app/t1$a', 'Landroidx/appcompat/app/ActionBarDrawerToggle$DelegateProvider']
COMPONENT CONCAT > Lcom/alibaba/aliexpresshd/push/i;->run(Lo11/f$c;)Ljava/lang/Object; < extends Ljava/lang/Object, implements ['Lo11/f$b']
COMPONENT CONCAT > Lcom/alibaba/aliexpresshd/push/v2/NotificationListActivityV2;->onCreate(Landroid/os/Bundle;)V < extends Landroidx/appcompat/app/AppCompatActivity, implements ['Lcom/alibaba/aliexpresshd/push/v2/a$b', 'Ln11/a', 'Lf80/b', 'Lcom/alibaba/aliexpress/masonry/track/visibility/c', 'Le80/c', 'Lcom/aliexpress/service/eventcenter/a', 'Ljava/lang/Runnable', 'Lf80/c', 'Lm11/b', 'Lqz/c', 'Lkc/a', 'Lqz/a', 'Ljc/g', 'Landroidx/appcompat/app/AppCompatCallback', 'Landroidx/core/app/t1$a', 'Landroidx/appcompat/app/ActionBarDrawerToggle$DelegateProvider']
COMPONENT CONCAT > Lcom/alibaba/aliexpresshd/push/NotificationListActivity;->onCreate(Landroid/os/Bundle;)V < extends Landroidx/appcompat/app/AppCompatActivity, implements ['Lcom/alibaba/aliexpresshd/push/p$b', 'Ln11/a', 'Lf80/b', 'Lcom/alibaba/aliexpress/masonry/track/visibility/c', 'Le80/c', 'Lcom/aliexpress/service/eventcenter/a', 'Ljava/lang/Runnable', 'Lf80/c', 'Lm11/b', 'Lqz/c', 'Lkc/a', 'Lqz/a', 'Ljc/g', 'Landroidx/appcompat/app/AppCompatCallback', 'Landroidx/core/app/t1$a', 'Landroidx/appcompat/app/ActionBarDrawerToggle$DelegateProvider']
COMPONENT CONCAT > Lcom/alibaba/aliexpresshd/home/splash/n;->a()V < extends Ljava/lang/Object, implements ['Lcom/alibaba/aliexpresshd/home/splash/view/ProgressPagerIndicator$e']
COMPONENT CONCAT > Lcom/alibaba/aliexpresshd/home/splash/m;->a(IZ)V < extends Ljava/lang/Object, implements ['Lxe/b$b']
COMPONENT CONCAT > Lcom/alibaba/aliexpresshd/notification/headsup/scene/c;->onEvent(Lcom/alibaba/aliexpresshd/notification/headsup/scene/ScenesEvent;)V < extends Ljava/lang/Object, implements []
COMPONENT CONCAT > Lcom/alibaba/aliexpresshd/data/db/AgooMessageDatabase_Impl;->b()Lme/a; < extends Landroidx/room/RoomDatabase, implements []
COMPONENT CONCAT > Lcom/alibaba/aliexpresshd/TaobaoIntentService;->onCreate()V < extends Landroid/app/Service, implements []
COMPONENT CONCAT > Lcom/alibaba/aliexpresshd/push/permission/PushNotificationObserver$registerPopLayerRemoveEvent$popLayerRemoveEvent$1;->onReceive(Landroid/content/Context;Landroid/content/Intent;)V < extends Landroid/content/BroadcastReceiver, implements []
COMPONENT CONCAT > Lcom/alibaba/aliexpresshd/home/ui/MiddlePageActivity;->onCreate(Landroid/os/Bundle;)V < extends Landroidx/appcompat/app/AppCompatActivity, implements ['Ln11/a', 'Lf80/b', 'Lcom/alibaba/aliexpress/masonry/track/visibility/c', 'Le80/c', 'Lcom/aliexpress/service/eventcenter/a', 'Ljava/lang/Runnable', 'Lf80/c', 'Lm11/b', 'Lqz/c', 'Lkc/a', 'Lqz/a', 'Ljc/g', 'Landroidx/appcompat/app/AppCompatCallback', 'Landroidx/core/app/t1$a', 'Landroidx/appcompat/app/ActionBarDrawerToggle$DelegateProvider']
COMPONENT CONCAT > Lcom/aliexpress/module/push/service/PushServiceImpl;->checkNotificationSetting(Landroid/content/Context;Ljava/lang/String;Lcom/aliexpress/module/push/service/pojo/NotificationDialogConfig;Lcom/aliexpress/module/push/service/subscribe/NotificationStatusCallback;)V < extends Ljava/lang/Object, implements []
COMPONENT CONCAT > Lcom/aliexpress/module/push/service/PushServiceImpl;->subscribe(Landroid/content/Context;Lcom/aliexpress/module/push/service/pojo/SubscribeConfig;Lcom/aliexpress/module/push/service/pojo/NotificationDialogConfig;Lcom/aliexpress/module/push/service/subscribe/SubscribeCallback;)V < extends Ljava/lang/Object, implements []
COMPONENT CONCAT > Lcom/alibaba/aliexpresshd/home/ui/t;->onBusinessResult(Lcom/aliexpress/service/task/task/BusinessResult;)V < extends Ljava/lang/Object, implements ['Lm11/b']
COMPONENT CONCAT > Lcom/alibaba/aliexpresshd/home/ui/n;->onEventHandler(Lcom/aliexpress/service/eventcenter/EventBean;)V < extends Ljava/lang/Object, implements ['Lcom/aliexpress/service/eventcenter/a']
COMPONENT CONCAT > Lcom/alibaba/aliexpresshd/home/ui/q;->onEventHandler(Lcom/aliexpress/service/eventcenter/EventBean;)V < extends Ljava/lang/Object, implements ['Lcom/aliexpress/service/eventcenter/a']
COMPONENT CONCAT > Lcom/alibaba/aliexpresshd/push/PushSettingActivity;->onCreate(Landroid/os/Bundle;)V < extends Landroidx/appcompat/app/AppCompatActivity, implements ['Ln11/a', 'Lf80/b', 'Lcom/alibaba/aliexpress/masonry/track/visibility/c', 'Le80/c', 'Lcom/aliexpress/service/eventcenter/a', 'Ljava/lang/Runnable', 'Lf80/c', 'Lm11/b', 'Lqz/c', 'Lkc/a', 'Lqz/a', 'Ljc/g', 'Landroidx/appcompat/app/AppCompatCallback', 'Landroidx/core/app/t1$a', 'Landroidx/appcompat/app/ActionBarDrawerToggle$DelegateProvider']
COMPONENT CONCAT > Lte/q;->f0(Lcom/aliexpress/module/home/homev3/dx/p;)V < extends Ljava/lang/Object, implements ['Lte/w']
COMPONENT CONCAT > Lte/h0;->f0(Lcom/aliexpress/module/home/homev3/dx/p;)V < extends Ljava/lang/Object, implements ['Lcom/aliexpress/service/eventcenter/a', 'Lte/w']
COMPONENT CONCAT > Lux/d;->run(Lo11/f$c;)Ljava/lang/Object; < extends Ljava/lang/Object, implements ['Lo11/f$b']
COMPONENT CONCAT > Lcf/a;->b(Lcom/alibaba/aliexpresshd/data/model/AgooPushMessage;)V < extends Ljava/lang/Object, implements ['Lcom/alibaba/aliexpresshd/notification/headsup/HeadsUpNotificationManager$e']
