COMPONENT CONCAT > LIY;->cache(Ljava/lang/Object;Loh;)Loh; < extends Ljava/lang/Object, implements ['Lwm', 'LS10', 'LzJ']
COMPONENT CONCAT > LIY;->get(Ljava/lang/Object;)Loh; < extends Ljava/lang/Object, implements ['Lwm', 'LS10', 'LzJ']
COMPONENT CONCAT > LAv;->transform(Landroid/content/Context;Lft0;II)Lft0; < extends Ljava/lang/Object, implements ['LYK0']
COMPONENT CONCAT > LKd;->decode(Ljava/lang/Object;IILDa0;)Lft0; < extends Ljava/lang/Object, implements ['Lmt0']
COMPONENT CONCAT > LQH;->transform(Landroid/content/Context;Lft0;II)Lft0; < extends Ljava/lang/Object, implements ['LYK0']
COMPONENT CONCAT > Lcom/pushwoosh/inbox/ui/PushwooshInboxUi;->createInboxFragment()Landroidx/fragment/app/Fragment; < extends Ljava/lang/Object, implements []
COMPONENT CONCAT > LsT;->obtain(Landroid/content/Context;Landroid/graphics/Bitmap;)LsT; < extends Ljava/lang/Object, implements ['Lft0', 'LTN']
COMPONENT CONCAT > LL10;->buildLoadData(Ljava/lang/Object;IILDa0;)Li30$a; < extends Ljava/lang/Object, implements ['Li30']
COMPONENT CONCAT > Lcom/pushwoosh/reactnativeplugin/PushwooshPackage;->createNativeModules(Lcom/facebook/react/bridge/ReactApplicationContext;)Ljava/util/List; < extends Ljava/lang/Object, implements ['Lip0']
COMPONENT CONCAT > LUb;->transform(Landroid/content/Context;Lft0;II)Lft0; < extends Ljava/lang/Object, implements ['LYK0']
COMPONENT CONCAT > LN10;->buildLoadData(Ljava/lang/Object;IILDa0;)Li30$a; < extends Ljava/lang/Object, implements ['Li30']
COMPONENT CONCAT > LKd;-><init>(Landroid/content/Context;)V < extends Ljava/lang/Object, implements ['Lmt0']
COMPONENT CONCAT > LQC1;->n(Ljava/lang/Object;LED1;)V < extends Ljava/lang/Object, implements []
COMPONENT CONCAT > LzD1;->zza(Ljava/lang/String;ILjava/lang/Throwable;[BLjava/util/Map;)V < extends Ljava/lang/Object, implements ['Lnu1']
COMPONENT CONCAT > Lcom/google/android/gms/measurement/AppMeasurementService;->onBind(Landroid/content/Intent;)Landroid/os/IBinder; < extends Landroid/app/Service, implements ['LxC1']
COMPONENT CONCAT > LDD1;->zza(Ljava/lang/String;Ljava/lang/String;Landroid/os/Bundle;)V < extends Ljava/lang/Object, implements ['LfE1']
COMPONENT CONCAT > Lcom/google/android/gms/measurement/AppMeasurementJobService;->onStartJob(Landroid/app/job/JobParameters;)Z < extends Landroid/app/job/JobService, implements ['LxC1']
COMPONENT CONCAT > LtD1;->zza(Ljava/lang/String;ILjava/lang/Throwable;[BLjava/util/Map;)V < extends Ljava/lang/Object, implements ['Lnu1']
COMPONENT CONCAT > LjD1;->zzb()V < extends Ljava/lang/Object, implements []
COMPONENT CONCAT > Lcom/google/android/gms/measurement/AppMeasurementService;->onStartCommand(Landroid/content/Intent;II)I < extends Landroid/app/Service, implements ['LxC1']
COMPONENT CONCAT > Lcom/facetec/sdk/o0;->onResume()V < extends Landroid/app/Activity, implements ['LT1$h']
COMPONENT CONCAT > Lcom/facetec/sdk/o0;->onCreate(Landroid/os/Bundle;)V < extends Landroid/app/Activity, implements ['LT1$h']
COMPONENT CONCAT > Lio/adjoe/protection/c;->a(Lorg/json/JSONObject;)V < extends Ljava/lang/Object, implements []
COMPONENT CONCAT > LkI0;->invalidateText(Ljava/lang/String;)V < extends Ljava/lang/Object, implements []
COMPONENT CONCAT > LrY;->createViewManagers(Lcom/facebook/react/bridge/ReactApplicationContext;)Ljava/util/List; < extends Ljava/lang/Object, implements ['Lip0']
COMPONENT CONCAT > LoX;->onResult(Ljava/lang/Object;)V < extends Ljava/lang/Object, implements ['LmY']
COMPONENT CONCAT > LPX;->fromUrlSync(Landroid/content/Context;Ljava/lang/String;)LtY; < extends Ljava/lang/Object, implements []
COMPONENT CONCAT > LkI0;->invalidateAllText()V < extends Ljava/lang/Object, implements []
COMPONENT CONCAT > Lcom/pushwoosh/inapp/view/inline/c;-><init>(Lcom/pushwoosh/inapp/view/inline/InlineInAppView;Lcom/pushwoosh/inapp/view/inline/a;)V < extends Ljava/lang/Object, implements []
COMPONENT CONCAT > LrJ0;->produceResults(LQk;LFh0;)V < extends Ljava/lang/Object, implements ['LEh0']
COMPONENT CONCAT > Lio/justtrack/HttpClientImpl;->sendFirebaseAppInstanceId(Landroid/content/Context;Lio/justtrack/Logger;LgQ;Ljava/lang/String;Ljava/lang/String;Ljava/lang/String;Lio/justtrack/Promise;)V < extends Ljava/lang/Object, implements ['Lio/justtrack/HttpClient']
COMPONENT CONCAT > Lio/justtrack/HttpClientImpl;->sendLogs(Landroid/content/Context;Lio/justtrack/Logger;LgQ;Ljava/lang/String;Ljava/lang/String;Ljava/lang/String;Lio/justtrack/Promise;)V < extends Ljava/lang/Object, implements ['Lio/justtrack/HttpClient']
COMPONENT CONCAT > Lio/justtrack/HttpClientImpl;->sendCustomUserId(Landroid/content/Context;Lio/justtrack/Logger;LWo;Ljava/lang/String;Ljava/lang/String;Ljava/lang/String;Lio/justtrack/Promise;)V < extends Ljava/lang/Object, implements ['Lio/justtrack/HttpClient']
COMPONENT CONCAT > Lio/justtrack/HttpClientImpl;->sendAttributionRequest(Landroid/content/Context;Lio/justtrack/Logger;LgQ;Ljava/lang/String;Lio/justtrack/Promise;)V < extends Ljava/lang/Object, implements ['Lio/justtrack/HttpClient']
COMPONENT CONCAT > Lio/justtrack/HttpClientImpl;->sendUserEvents(Landroid/content/Context;Lio/justtrack/Logger;Lap;Ljava/lang/String;Ljava/lang/String;Ljava/lang/String;Lio/justtrack/Promise;)V < extends Ljava/lang/Object, implements ['Lio/justtrack/HttpClient']
COMPONENT CONCAT > Lio/justtrack/HttpClientImpl;->getSignedIpClaim(Landroid/content/Context;Lio/justtrack/Logger;Lio/justtrack/h;Ljava/lang/String;Lio/justtrack/Promise;)V < extends Ljava/lang/Object, implements ['Lio/justtrack/HttpClient']
COMPONENT CONCAT > Lio/justtrack/HttpClientImpl;->reportIntegrity(Landroid/content/Context;Lio/justtrack/Logger;LgQ;Ljava/lang/String;Lio/justtrack/Promise;)V < extends Ljava/lang/Object, implements ['Lio/justtrack/HttpClient']
COMPONENT CONCAT > Lio/justtrack/c;->integrateWithUnityAds()V < extends Ljava/lang/Object, implements ['Lio/justtrack/JustTrackSdk']
COMPONENT CONCAT > Lcm1;->getSpatulaHeader()Lcom/google/android/gms/tasks/Task; < extends Ljava/lang/Object, implements ['LBi0', 'Lcom/google/android/gms/common/api/d']
COMPONENT CONCAT > Lcom/google/android/gms/common/api/b;->doUnregisterEventListener(LwU$a;)Lcom/google/android/gms/tasks/Task; < extends Ljava/lang/Object, implements ['Lcom/google/android/gms/common/api/d']
COMPONENT CONCAT > LqF1;->getAppSetIdInfo()Lcom/google/android/gms/tasks/Task; < extends Ljava/lang/Object, implements ['Lp6', 'Lcom/google/android/gms/common/api/d']
COMPONENT CONCAT > Lgj1;->zzd(Landroid/accounts/Account;)Lcom/google/android/gms/tasks/Task; < extends Ljava/lang/Object, implements ['LEu1', 'Lcom/google/android/gms/common/api/d']
COMPONENT CONCAT > LLg1;->log(LaI0;)Lcom/google/android/gms/tasks/Task; < extends Ljava/lang/Object, implements ['LcI0', 'Lcom/google/android/gms/common/api/d']
COMPONENT CONCAT > Lcom/google/android/gms/common/api/b;->doRegisterEventListener(LEr0;LQN0;)Lcom/google/android/gms/tasks/Task; < extends Ljava/lang/Object, implements ['Lcom/google/android/gms/common/api/d']
COMPONENT CONCAT > Lhj1;->startSmsUserConsent(Ljava/lang/String;)Lcom/google/android/gms/tasks/Task; < extends Ljava/lang/Object, implements ['LfC0', 'Lcom/google/android/gms/common/api/d']
COMPONENT CONCAT > Lgj1;->zze(Ljava/lang/String;)Lcom/google/android/gms/tasks/Task; < extends Ljava/lang/Object, implements ['LEu1', 'Lcom/google/android/gms/common/api/d']
COMPONENT CONCAT > Lcom/google/android/gms/common/api/b;->doRegisterEventListener(LGr0;)Lcom/google/android/gms/tasks/Task; < extends Ljava/lang/Object, implements ['Lcom/google/android/gms/common/api/d']
COMPONENT CONCAT > Lgj1;->zza(LAm1;)Lcom/google/android/gms/tasks/Task; < extends Ljava/lang/Object, implements ['LEu1', 'Lcom/google/android/gms/common/api/d']
COMPONENT CONCAT > Lhj1;->startSmsRetriever()Lcom/google/android/gms/tasks/Task; < extends Ljava/lang/Object, implements ['LfC0', 'Lcom/google/android/gms/common/api/d']
COMPONENT CONCAT > Lcm1;->performProxyRequest(LIi0;)Lcom/google/android/gms/tasks/Task; < extends Ljava/lang/Object, implements ['LBi0', 'Lcom/google/android/gms/common/api/d']
COMPONENT CONCAT > Lgj1;->zzc(Landroid/accounts/Account;Ljava/lang/String;Landroid/os/Bundle;)Lcom/google/android/gms/tasks/Task; < extends Ljava/lang/Object, implements ['LEu1', 'Lcom/google/android/gms/common/api/d']
COMPONENT CONCAT > Lgj1;->zzb(LD1;)Lcom/google/android/gms/tasks/Task; < extends Ljava/lang/Object, implements ['LEu1', 'Lcom/google/android/gms/common/api/d']
COMPONENT CONCAT > LAe1;->reconnect()V < extends Ljava/lang/Object, implements ['LVe1']
COMPONENT CONCAT > Lxe1;->onResult(LMt0;)V < extends Ljava/lang/Object, implements ['LNt0']
COMPONENT CONCAT > LAe1;->blockingConnect(JLjava/util/concurrent/TimeUnit;)Lik; < extends Ljava/lang/Object, implements ['LVe1']
COMPONENT CONCAT > LAe1;->blockingConnect()Lik; < extends Ljava/lang/Object, implements ['LVe1']
COMPONENT CONCAT > LAe1;->connect(I)V < extends Ljava/lang/Object, implements ['LVe1']
COMPONENT CONCAT > LbE;->zip(LWD;LWD;LAG;)LWD; < extends Ljava/lang/Object, implements []
COMPONENT CONCAT > Lio/adjoe/sdk/Playtime;->init(Landroid/content/Context;Ljava/lang/String;Lio/adjoe/sdk/PlaytimeOptions;)V < extends Ljava/lang/Object, implements []
COMPONENT CONCAT > Lio/adjoe/sdk/Playtime;->init(Landroid/content/Context;Ljava/lang/String;Lio/adjoe/sdk/PlaytimeInitialisationListener;)V < extends Ljava/lang/Object, implements []
COMPONENT CONCAT > LYl0;->createNativeModules(Lcom/facebook/react/bridge/ReactApplicationContext;)Ljava/util/List; < extends Ljava/lang/Object, implements ['Lip0']
COMPONENT CONCAT > Lio/adjoe/sdk/reactnative/RNPlaytimeSdkModule;->init(Ljava/lang/String;Lcom/facebook/react/bridge/ReadableMap;Lcom/facebook/react/bridge/Promise;)V < extends Ljava/lang/Object, implements ['Lcom/facebook/react/bridge/NativeModule']
COMPONENT CONCAT > LAe1;->stopAutoManage(Landroidx/fragment/app/e;)V < extends Ljava/lang/Object, implements ['LVe1']
COMPONENT CONCAT > LK7;->getClient(Landroid/app/Activity;LL7;)LBi0; < extends Ljava/lang/Object, implements []
COMPONENT CONCAT > Lcom/reactnativegooglesignin/RNGoogleSigninModule;->clearCachedAccessToken(Ljava/lang/String;Lcom/facebook/react/bridge/Promise;)V < extends Ljava/lang/Object, implements ['Lcom/facebook/react/bridge/NativeModule']
COMPONENT CONCAT > Lcom/google/android/gms/common/api/b;-><init>(Landroid/content/Context;Lcom/google/android/gms/common/api/a;Lcom/google/android/gms/common/api/a$d;LCD0;)V < extends Ljava/lang/Object, implements ['Lcom/google/android/gms/common/api/d']
COMPONENT CONCAT > LfH0;->limitedConnect(Landroid/content/Context;Ljava/lang/String;LjG0;)Z < extends Ljava/lang/Object, implements []
COMPONENT CONCAT > LrI;->requestGoogleAccountsAccess(Landroid/content/Context;)Ljava/lang/Boolean; < extends Ljava/lang/Object, implements []
COMPONENT CONCAT > Lcom/google/android/gms/auth/api/signin/a;->requestPermissions(Landroid/app/Activity;ILcom/google/android/gms/auth/api/signin/GoogleSignInAccount;LwI;)V < extends Ljava/lang/Object, implements []
COMPONENT CONCAT > Lcom/google/android/gms/auth/api/signin/RevocationBoundService;->onBind(Landroid/content/Intent;)Landroid/os/IBinder; < extends Landroid/app/Service, implements []
COMPONENT CONCAT > Lio/adjoe/protection/PhoneVerificationHelper;->onActivityResult(Landroid/app/Activity;IILandroid/content/Intent;)V < extends Ljava/lang/Object, implements []
COMPONENT CONCAT > LZb1;->update(Ljava/util/Observable;Ljava/lang/Object;)V < extends Ljava/lang/Object, implements ['Ljava/util/Observer']
COMPONENT CONCAT > Lcom/google/android/gms/common/api/b;-><init>(Landroid/content/Context;Lcom/google/android/gms/common/api/a;Lcom/google/android/gms/common/api/a$d;Landroid/os/Looper;LCD0;)V < extends Ljava/lang/Object, implements ['Lcom/google/android/gms/common/api/d']
COMPONENT CONCAT > LrI;->getTokenWithNotification(Landroid/content/Context;Ljava/lang/String;Ljava/lang/String;Landroid/os/Bundle;Ljava/lang/String;Landroid/os/Bundle;)Ljava/lang/String; < extends Ljava/lang/Object, implements []
COMPONENT CONCAT > LrI;->getTokenWithNotification(Landroid/content/Context;Ljava/lang/String;Ljava/lang/String;Landroid/os/Bundle;Landroid/content/Intent;)Ljava/lang/String; < extends Ljava/lang/Object, implements []
COMPONENT CONCAT > Lio/invertase/firebase/utils/ReactNativeFirebaseUtilsModule;->androidMakePlayServicesAvailable()V < extends Ljava/lang/Object, implements ['Lio/invertase/firebase/interfaces/ContextProvider', 'Lcom/facebook/react/bridge/NativeModule']
COMPONENT CONCAT > Lcom/reactnativegooglesignin/RNGoogleSigninModule;->configure(Lcom/facebook/react/bridge/ReadableMap;Lcom/facebook/react/bridge/Promise;)V < extends Ljava/lang/Object, implements ['Lcom/facebook/react/bridge/NativeModule']
COMPONENT CONCAT > Lcom/tapjoy/f;->requestTapjoyConnect(Landroid/content/Context;Ljava/lang/String;)V < extends Ljava/lang/Object, implements []
COMPONENT CONCAT > LK7;->getClient(Landroid/content/Context;LL7;)LBi0; < extends Ljava/lang/Object, implements []
COMPONENT CONCAT > LeC0;->getClient(Landroid/app/Activity;)LgC0; < extends Ljava/lang/Object, implements []
COMPONENT CONCAT > LrI;->getTokenWithNotification(Landroid/content/Context;Ljava/lang/String;Ljava/lang/String;Landroid/os/Bundle;)Ljava/lang/String; < extends Ljava/lang/Object, implements []
COMPONENT CONCAT > Lcom/google/android/gms/common/api/GoogleApiActivity;->onActivityResult(IILandroid/content/Intent;)V < extends Landroid/app/Activity, implements ['Landroid/content/DialogInterface$OnCancelListener']
COMPONENT CONCAT > Lcom/reactnativegooglesignin/RNGoogleSigninModule;->getTokens(Lcom/facebook/react/bridge/Promise;)V < extends Ljava/lang/Object, implements ['Lcom/facebook/react/bridge/NativeModule']
COMPONENT CONCAT > LrI;->getToken(Landroid/content/Context;Landroid/accounts/Account;Ljava/lang/String;Landroid/os/Bundle;)Ljava/lang/String; < extends Ljava/lang/Object, implements []
COMPONENT CONCAT > Lio/adjoe/sdk/Playtime;->init(Landroid/content/Context;Ljava/lang/String;)V < extends Ljava/lang/Object, implements []
COMPONENT CONCAT > LAe1;->clearDefaultAccountAndReconnect()Ljc0; < extends Ljava/lang/Object, implements ['LVe1']
COMPONENT CONCAT > LrI;->removeAccount(Landroid/content/Context;Landroid/accounts/Account;)Landroid/os/Bundle; < extends Ljava/lang/Object, implements []
COMPONENT CONCAT > Lde/mcoins/applike/rsmodule/ALNativeTapjoyIntegration;->startTapjoySDK(Ljava/lang/String;Ljava/lang/String;Lcom/facebook/react/bridge/Promise;)V < extends Ljava/lang/Object, implements ['LyG0', 'Lcom/facebook/react/bridge/NativeModule']
COMPONENT CONCAT > Lcom/google/android/gms/auth/api/signin/a;->requestPermissions(Landroidx/fragment/app/Fragment;ILcom/google/android/gms/auth/api/signin/GoogleSignInAccount;LwI;)V < extends Ljava/lang/Object, implements []
COMPONENT CONCAT > Lcom/google/android/gms/auth/api/signin/a;->getClient(Landroid/app/Activity;Lcom/google/android/gms/auth/api/signin/GoogleSignInOptions;)LvI; < extends Ljava/lang/Object, implements []
COMPONENT CONCAT > LfH0;->connect(Landroid/content/Context;Ljava/lang/String;Ljava/util/Hashtable;)Z < extends Ljava/lang/Object, implements []
COMPONENT CONCAT > LrI;->getAccountId(Landroid/content/Context;Ljava/lang/String;)Ljava/lang/String; < extends Ljava/lang/Object, implements []
COMPONENT CONCAT > Lio/justtrack/AppSetIdReaderTask;->execute(LDl;)Ljava/lang/Object; < extends Ljava/lang/Object, implements ['Lio/justtrack/Task']
COMPONENT CONCAT > Lio/adjoe/protection/PhoneVerificationHelper;->requestHint(Landroidx/fragment/app/e;)V < extends Ljava/lang/Object, implements []
COMPONENT CONCAT > LrI;->getAccountChangeEvents(Landroid/content/Context;ILjava/lang/String;)Ljava/util/List; < extends Ljava/lang/Object, implements []
COMPONENT CONCAT > LrI;->getToken(Landroid/content/Context;Ljava/lang/String;Ljava/lang/String;)Ljava/lang/String; < extends Ljava/lang/Object, implements []
COMPONENT CONCAT > Lcom/google/android/gms/common/api/GoogleApiActivity;->onCreate(Landroid/os/Bundle;)V < extends Landroid/app/Activity, implements ['Landroid/content/DialogInterface$OnCancelListener']
COMPONENT CONCAT > LrI;->getToken(Landroid/content/Context;Ljava/lang/String;Ljava/lang/String;Landroid/os/Bundle;)Ljava/lang/String; < extends Ljava/lang/Object, implements []
COMPONENT CONCAT > LfH0;->connect(Landroid/content/Context;Ljava/lang/String;)Z < extends Ljava/lang/Object, implements []
COMPONENT CONCAT > Lcom/pushwoosh/inapp/view/RichMediaWebActivity;->onCreate(Landroid/os/Bundle;)V < extends Landroid/app/Activity, implements ['Lcom/pushwoosh/inapp/view/b$b', 'Lcom/pushwoosh/n/a']
COMPONENT CONCAT > Lcom/pushwoosh/inapp/view/WebActivity;->onNewIntent(Landroid/content/Intent;)V < extends Landroid/app/Activity, implements ['Lcom/pushwoosh/n/a']
COMPONENT CONCAT > Lcom/google/android/gms/measurement/internal/AppMeasurementDynamiteService;->initialize(LhL;Lhp1;J)V < extends Landroid/os/Binder, implements ['Llo1', 'Landroid/os/IInterface']
COMPONENT CONCAT > Lcom/google/android/gms/measurement/AppMeasurementJobService;->onDestroy()V < extends Landroid/app/job/JobService, implements ['LxC1']
COMPONENT CONCAT > Lcom/google/android/gms/measurement/AppMeasurementService;->onUnbind(Landroid/content/Intent;)Z < extends Landroid/app/Service, implements ['LxC1']
COMPONENT CONCAT > Lcom/google/android/gms/measurement/AppMeasurementService;->onCreate()V < extends Landroid/app/Service, implements ['LxC1']
COMPONENT CONCAT > Lcom/google/android/gms/measurement/AppMeasurement;->getInstance(Landroid/content/Context;)Lcom/google/android/gms/measurement/AppMeasurement; < extends Ljava/lang/Object, implements []
COMPONENT CONCAT > Lcom/google/android/gms/measurement/AppMeasurementService;->onDestroy()V < extends Landroid/app/Service, implements ['LxC1']
COMPONENT CONCAT > Lcom/google/android/gms/measurement/AppMeasurementJobService;->onUnbind(Landroid/content/Intent;)Z < extends Landroid/app/job/JobService, implements ['LxC1']
COMPONENT CONCAT > Lcom/google/android/gms/measurement/AppMeasurementReceiver;->onReceive(Landroid/content/Context;Landroid/content/Intent;)V < extends Landroid/content/BroadcastReceiver, implements ['Lxv1$a']
COMPONENT CONCAT > Lcom/google/android/gms/measurement/AppMeasurementJobService;->onCreate()V < extends Landroid/app/job/JobService, implements ['LxC1']
COMPONENT CONCAT > Lcom/google/android/gms/measurement/AppMeasurementJobService;->onRebind(Landroid/content/Intent;)V < extends Landroid/app/job/JobService, implements ['LxC1']
COMPONENT CONCAT > Lcom/google/android/gms/measurement/internal/AppMeasurementDynamiteService;->setCurrentScreen(LhL;Ljava/lang/String;Ljava/lang/String;J)V < extends Landroid/os/Binder, implements ['Llo1', 'Landroid/os/IInterface']
COMPONENT CONCAT > Lcom/google/android/gms/measurement/AppMeasurementService;->onRebind(Landroid/content/Intent;)V < extends Landroid/app/Service, implements ['LxC1']
COMPONENT CONCAT > Lcom/google/android/gms/measurement/internal/AppMeasurementDynamiteService;->logEvent(Ljava/lang/String;Ljava/lang/String;Landroid/os/Bundle;ZZJ)V < extends Landroid/os/Binder, implements ['Llo1', 'Landroid/os/IInterface']
COMPONENT CONCAT > Lcom/google/android/gms/measurement/a;->zza(Ljava/lang/String;Ljava/lang/String;Landroid/os/Bundle;J)V < extends Ljava/lang/Object, implements ['LiA1']
COMPONENT CONCAT > Lcom/google/android/gms/measurement/a;->zzb(Ljava/lang/String;Ljava/lang/String;Landroid/os/Bundle;)V < extends Ljava/lang/Object, implements ['LiA1']
COMPONENT CONCAT > LOz1;->zza(Ljava/lang/String;Ljava/lang/String;Landroid/os/Bundle;)V < extends Ljava/lang/Object, implements ['LfE1']
COMPONENT CONCAT > LXm;->create(Lxj;)Ljava/lang/Object; < extends Ljava/lang/Object, implements ['LDj']
COMPONENT CONCAT > La0;->descendingKeySet()Ljava/util/NavigableSet; < extends Ljava/util/AbstractMap, implements ['Ljava/util/NavigableMap']
COMPONENT CONCAT > LsW;->reportAnonymousLog(Ljava/lang/String;LLf;LIT;Ljava/util/Map;)V < extends Ljava/lang/Object, implements ['LmW', 'Lmm']
COMPONENT CONCAT > Lokhttp3/ResponseBody;->create(Ljava/lang/String;Lokhttp3/MediaType;)Lokhttp3/ResponseBody; < extends Ljava/lang/Object, implements ['Ljava/io/Closeable']
COMPONENT CONCAT > LsW;->reportLog(Ljava/lang/String;LLf;LIT;Ljava/util/Map;)V < extends Ljava/lang/Object, implements ['LmW', 'Lmm']
COMPONENT CONCAT > Lokhttp3/ResponseBody;-><clinit>()V < extends Ljava/lang/Object, implements ['Ljava/io/Closeable']
COMPONENT CONCAT > LsW;->reportCachedLogs()V < extends Ljava/lang/Object, implements ['LmW', 'Lmm']
COMPONENT CONCAT > LMe1;->onConnected(Landroid/os/Bundle;)V < extends Ljava/lang/Object, implements ['Lcom/google/android/gms/common/api/c$b', 'Lcom/google/android/gms/common/api/c$c', 'Lah1']
COMPONENT CONCAT > Lio/adjoe/sdk/reactnative/RNPlaytimeSdkModule;->showUsagePermissionScreen(Lcom/facebook/react/bridge/Promise;)V < extends Ljava/lang/Object, implements ['Lcom/facebook/react/bridge/NativeModule']
COMPONENT CONCAT > Lcom/pushwoosh/notification/NotificationOpenActivity;->onCreate(Landroid/os/Bundle;)V < extends Landroid/app/Activity, implements []
COMPONENT CONCAT > Lio/adjoe/sdk/reactnative/RNPlaytimeSdkModule;->setTosAccepted(Lcom/facebook/react/bridge/Promise;)V < extends Ljava/lang/Object, implements ['Lcom/facebook/react/bridge/NativeModule']
COMPONENT CONCAT > Lio/adjoe/sdk/internal/s0;->a(Landroid/content/Context;)V < extends Ljava/lang/Object, implements ['Lio/adjoe/sdk/internal/s']
COMPONENT CONCAT > Lio/adjoe/sdk/internal/h;->showSimpleNotification(ILjava/lang/String;Ljava/lang/String;Ljava/lang/String;Ljava/lang/String;)I < extends Ljava/lang/Object, implements []
COMPONENT CONCAT > LQe1;->onReportServiceBinding(Lik;)V < extends Ljava/lang/Object, implements ['LU9$c', 'Lvf1']
COMPONENT CONCAT > Lio/adjoe/sdk/internal/h;->acceptTOS(Z)V < extends Ljava/lang/Object, implements []
COMPONENT CONCAT > Lio/adjoe/sdk/reactnative/RNPlaytimeSdkModule;->setUsagePermissionAccepted(Lcom/facebook/react/bridge/Promise;)V < extends Ljava/lang/Object, implements ['Lcom/facebook/react/bridge/NativeModule']
COMPONENT CONCAT > Lcom/pushwoosh/notification/handlers/message/user/c;->handleNotification(Lcom/pushwoosh/notification/PushMessage;)V < extends Ljava/lang/Object, implements ['Lcom/pushwoosh/notification/handlers/message/user/MessageHandler']
COMPONENT CONCAT > LoI;->showErrorNotification(Landroid/content/Context;Lik;)V < extends Ljava/lang/Object, implements []
COMPONENT CONCAT > LQe1;->zaf(LUK;Ljava/util/Set;)V < extends Ljava/lang/Object, implements ['LU9$c', 'Lvf1']
COMPONENT CONCAT > Lio/adjoe/sdk/internal/h;->acceptTOS(ZLjava/lang/String;Ljava/lang/String;Ljava/lang/String;Ljava/lang/String;Ljava/lang/String;)V < extends Ljava/lang/Object, implements []
COMPONENT CONCAT > Lio/adjoe/sdk/internal/ReadUploadWorker;->doWork()Landroidx/work/ListenableWorker$a; < extends Landroidx/work/Worker, implements []
COMPONENT CONCAT > Lio/adjoe/sdk/internal/c0;->a(Lorg/json/JSONObject;)V < extends Ljava/lang/Object, implements []
COMPONENT CONCAT > Lcom/pushwoosh/NotificationUpdateReceiver;->onReceive(Landroid/content/Context;Landroid/content/Intent;)V < extends Landroid/content/BroadcastReceiver, implements []
COMPONENT CONCAT > Lio/adjoe/sdk/internal/h;->showUsagePermissionScreen()V < extends Ljava/lang/Object, implements []
COMPONENT CONCAT > Lio/adjoe/sdk/internal/h;->showProgressNotification(ILjava/lang/String;Ljava/lang/String;Ljava/lang/String;IZIZJLjava/lang/String;IZLjava/lang/String;Ljava/lang/String;ZLjava/lang/String;ZIZZJZIIILjava/lang/String;ZIIZ)I < extends Ljava/lang/Object, implements []
COMPONENT CONCAT > LMe1;->onConnectionFailed(Lik;)V < extends Ljava/lang/Object, implements ['Lcom/google/android/gms/common/api/c$b', 'Lcom/google/android/gms/common/api/c$c', 'Lah1']
COMPONENT CONCAT > Lcom/pushwoosh/notification/PushwooshNotificationFactory;->onGenerateNotification(Lcom/pushwoosh/notification/PushMessage;)Landroid/app/Notification; < extends Ljava/lang/Object, implements []
COMPONENT CONCAT > Lcom/pushwoosh/f0/f;->a()V < extends Ljava/lang/Object, implements ['Lcom/pushwoosh/f0/a$b']
COMPONENT CONCAT > Lio/adjoe/sdk/internal/h;->acceptTOS(ZLjava/lang/String;Ljava/lang/String;)V < extends Ljava/lang/Object, implements []
COMPONENT CONCAT > Lcom/pushwoosh/notification/NotificationOpenActivity;->onNewIntent(Landroid/content/Intent;)V < extends Landroid/app/Activity, implements []
COMPONENT CONCAT > Lcom/pushwoosh/i0/a;->preHandleMessage(Landroid/os/Bundle;)Z < extends Ljava/lang/Object, implements ['Lcom/pushwoosh/notification/handlers/message/system/MessageSystemHandler']
COMPONENT CONCAT > Lio/adjoe/sdk/internal/a0;->a(Lorg/json/JSONObject;)V < extends Ljava/lang/Object, implements []
COMPONENT CONCAT > Lio/adjoe/sdk/internal/h;->showNotification(ILjava/lang/String;Ljava/lang/String;Ljava/lang/String;Ljava/lang/String;Ljava/lang/String;Ljava/lang/String;IZIZJLjava/lang/String;IZLjava/lang/String;Ljava/lang/String;ZLjava/lang/String;ZIZZJZIIILjava/lang/String;ZLjava/lang/String;Ljava/lang/String;I)I < extends Ljava/lang/Object, implements []
COMPONENT CONCAT > Lyc0;->fromPersistableBundle(Landroid/os/PersistableBundle;)Lyc0; < extends Ljava/lang/Object, implements []
COMPONENT CONCAT > Lo70;->getPeople(Landroid/app/Notification;)Ljava/util/List; < extends Ljava/lang/Object, implements []
COMPONENT CONCAT > LIr;->create(Lxj;)Ljava/lang/Object; < extends Ljava/lang/Object, implements ['LDj']
COMPONENT CONCAT > LK91;->update(Ljava/util/Observable;Ljava/lang/Object;)V < extends Ljava/lang/Object, implements ['Ljava/util/Observer', 'LyG0']
COMPONENT CONCAT > LY91;->a(LT01;)V < extends Ljava/lang/Object, implements []
COMPONENT CONCAT > Lde/mcoins/applike/rsmodule/ALNativeTapjoyIntegration;->onContentReady(Lcom/tapjoy/TJPlacement;)V < extends Ljava/lang/Object, implements ['LyG0', 'Lcom/facebook/react/bridge/NativeModule']
COMPONENT CONCAT > Led1;->a(Ljava/util/Observer;)Z < extends Ljava/lang/Object, implements []
COMPONENT CONCAT > LfH0;->startSession()V < extends Ljava/lang/Object, implements []
COMPONENT CONCAT > Lcom/tapjoy/TJPlacement;->dismissContent()V < extends Ljava/lang/Object, implements []
COMPONENT CONCAT > LK91;->onContentReady(Lcom/tapjoy/TJPlacement;)V < extends Ljava/lang/Object, implements ['Ljava/util/Observer', 'LyG0']
COMPONENT CONCAT > Lcom/tapjoy/b;->displayFullscreenWebview(Lorg/json/JSONObject;Ljava/lang/String;)V < extends Ljava/lang/Object, implements ['LOG0']
COMPONENT CONCAT > LfH0;->spendCurrency(ILGG0;)V < extends Ljava/lang/Object, implements []
COMPONENT CONCAT > Ld81;->show(Landroid/app/Activity;)V < extends Ljava/lang/Object, implements ['Lcom/tapjoy/TJContentActivity$b']
COMPONENT CONCAT > Lq41;->a(LT01;)V < extends Ljava/lang/Object, implements []
COMPONENT CONCAT > LfH0;->onActivityStart(Landroid/app/Activity;)V < extends Ljava/lang/Object, implements []
COMPONENT CONCAT > Lcom/facetec/sdk/X;->V(Lcom/facetec/sdk/J$a;)Lcom/facetec/sdk/Q; < extends Ljava/lang/Object, implements ['Lcom/facetec/sdk/J']
COMPONENT CONCAT > Lcom/pushwoosh/w0/c;->getAll()Ljava/util/Map; < extends Ljava/lang/Object, implements ['Lcom/pushwoosh/w0/b']
COMPONENT CONCAT > Lcom/pushwoosh/r0/a$b;->onReceive(Landroid/content/Context;Landroid/content/Intent;)V < extends Landroid/content/BroadcastReceiver, implements []
COMPONENT CONCAT > Lcom/pushwoosh/w0/c;->a(Ljava/lang/String;Ljava/lang/Object;)Ljava/lang/Object; < extends Ljava/lang/Object, implements ['Lcom/pushwoosh/w0/b']
COMPONENT CONCAT > Lcom/pushwoosh/y/a;->providePrefs(Ljava/lang/String;)Landroid/content/SharedPreferences; < extends Ljava/lang/Object, implements ['Lcom/pushwoosh/internal/platform/prefs/PrefsProvider']
COMPONENT CONCAT > Lcom/pushwoosh/y/a;->provideDefault()Landroid/content/SharedPreferences; < extends Ljava/lang/Object, implements ['Lcom/pushwoosh/internal/platform/prefs/PrefsProvider']
COMPONENT CONCAT > Lwa;->onValueChanged()V < extends Ljava/lang/Object, implements ['Lva$b']
COMPONENT CONCAT > Ljn;->parse(Landroid/util/JsonReader;)Ljava/lang/Object; < extends Ljava/lang/Object, implements ['Lkn$a']
COMPONENT CONCAT > Lo3;->appsFlyerId(Landroid/content/Context;Ljava/lang/String;)V < extends Ljava/lang/Object, implements []
COMPONENT CONCAT > LeK0;->authenticate(Lokhttp3/Route;Lokhttp3/Response;)Lokhttp3/Request; < extends Ljava/lang/Object, implements ['Lokhttp3/Authenticator']
COMPONENT CONCAT > Lde/mcoins/applike/rsmodule/ALNativeIntentHelper;->sendIntentForPlayStoreWithReferrer(Ljava/lang/String;)V < extends Ljava/lang/Object, implements ['Lcom/facebook/react/bridge/NativeModule']
COMPONENT CONCAT > LOm;->logFatalException(Ljava/lang/Throwable;)V < extends Ljava/lang/Object, implements []
COMPONENT CONCAT > Lio/invertase/firebase/crashlytics/ReactNativeFirebaseCrashlyticsModule;->recordError(Lcom/facebook/react/bridge/ReadableMap;)V < extends Ljava/lang/Object, implements ['Lio/invertase/firebase/interfaces/ContextProvider', 'Lcom/facebook/react/bridge/NativeModule']
COMPONENT CONCAT > Lio/invertase/firebase/crashlytics/ReactNativeFirebaseCrashlyticsModule;->recordErrorPromise(Lcom/facebook/react/bridge/ReadableMap;Lcom/facebook/react/bridge/Promise;)V < extends Ljava/lang/Object, implements ['Lio/invertase/firebase/interfaces/ContextProvider', 'Lcom/facebook/react/bridge/NativeModule']
COMPONENT CONCAT > Lio/invertase/firebase/crashlytics/ReactNativeFirebaseCrashlyticsModule;->crashWithStackPromise(Lcom/facebook/react/bridge/ReadableMap;Lcom/facebook/react/bridge/Promise;)V < extends Ljava/lang/Object, implements ['Lio/invertase/firebase/interfaces/ContextProvider', 'Lcom/facebook/react/bridge/NativeModule']
COMPONENT CONCAT > Lde/mcoins/applike/rsmodule/ALNativeFriendInviteHelper;->createQRCodeForFacebook(Ljava/lang/String;Lcom/facebook/react/bridge/Promise;)V < extends Ljava/lang/Object, implements ['Lcom/facebook/react/bridge/NativeModule']
COMPONENT CONCAT > Lcom/pushwoosh/inbox/j/b;->postHandleNotification(Landroid/os/Bundle;)V < extends Ljava/lang/Object, implements ['Lcom/pushwoosh/notification/handlers/notification/PushNotificationOpenHandler']
COMPONENT CONCAT > Lcom/pushwoosh/inbox/PushwooshInboxPlugin;->init()V < extends Ljava/lang/Object, implements ['Lcom/pushwoosh/internal/Plugin']
COMPONENT CONCAT > Lcom/pushwoosh/inbox/PushwooshInbox;->registerMessagesCountObserver(Lcom/pushwoosh/function/Callback;)V < extends Ljava/lang/Object, implements []
COMPONENT CONCAT > Lcom/pushwoosh/inbox/PushwooshInbox;->registerUnreadMessagesCountObserver(Lcom/pushwoosh/function/Callback;)V < extends Ljava/lang/Object, implements []
COMPONENT CONCAT > Lcom/pushwoosh/inbox/j/a;->preHandleMessage(Landroid/os/Bundle;)Z < extends Ljava/lang/Object, implements ['Lcom/pushwoosh/notification/handlers/message/system/MessageSystemHandler']
COMPONENT CONCAT > Lcom/pushwoosh/inbox/PushwooshInbox;->unregisterUnreadMessagesCountObserver(Lcom/pushwoosh/function/Callback;)V < extends Ljava/lang/Object, implements []
COMPONENT CONCAT > Lcom/pushwoosh/inbox/PushwooshInbox;->unregisterMessagesWithNoActionPerformedCountObserver(Lcom/pushwoosh/function/Callback;)V < extends Ljava/lang/Object, implements []
COMPONENT CONCAT > Lcom/pushwoosh/inbox/PushwooshInbox;->registerMessagesWithNoActionPerformedCountObserver(Lcom/pushwoosh/function/Callback;)V < extends Ljava/lang/Object, implements []
COMPONENT CONCAT > Lcom/pushwoosh/inbox/PushwooshInbox;->unregisterMessagesCountObserver(Lcom/pushwoosh/function/Callback;)V < extends Ljava/lang/Object, implements []
COMPONENT CONCAT > Lio/adjoe/sdk/reactnative/RNPlaytimeSdkModule;->faceVerification(Lcom/facebook/react/bridge/Promise;)V < extends Ljava/lang/Object, implements ['Lcom/facebook/react/bridge/NativeModule']
COMPONENT CONCAT > Lcom/facetec/sdk/c;->initializeInDevelopmentMode(Landroid/content/Context;Ljava/lang/String;Ljava/lang/String;Lcom/facetec/sdk/c$d;)V < extends Ljava/lang/Object, implements []
COMPONENT CONCAT > LaB0;->collect(LXD;LDl;)Ljava/lang/Object; < extends Ljava/lang/Object, implements ['Lt40', 'LWe', 'LKG']
COMPONENT CONCAT > LxE0;->getValue()Ljava/lang/Object; < extends Ljava/lang/Object, implements ['LjD0', 'Lt40', 'LWe', 'LKG']
COMPONENT CONCAT > LcB0;->freeLocked(Ljava/lang/Object;)[LDl; < extends Ljava/lang/Object, implements []
COMPONENT CONCAT > LaB0;->access$emitSuspend(LaB0;Ljava/lang/Object;LDl;)Ljava/lang/Object; < extends Ljava/lang/Object, implements ['Lt40', 'LWe', 'LKG']
COMPONENT CONCAT > Lh0;->getSubscriptionCount()LjD0; < extends Ljava/lang/Object, implements []
COMPONENT CONCAT > LaB0;->emit(Ljava/lang/Object;LDl;)Ljava/lang/Object; < extends Ljava/lang/Object, implements ['Lt40', 'LWe', 'LKG']
COMPONENT CONCAT > LdZ;->get()Ljava/lang/Object; < extends Ljava/lang/Object, implements ['Ljavax/inject/Provider']
COMPONENT CONCAT > LmZ;->createViewManagers(Lcom/facebook/react/bridge/ReactApplicationContext;)Ljava/util/List; < extends Ljava/lang/Object, implements ['LtQ0', 'Lip0']
COMPONENT CONCAT > Lcom/swmansion/reanimated/ReanimatedPackage;->getModule(Ljava/lang/String;Lcom/facebook/react/bridge/ReactApplicationContext;)Lcom/facebook/react/bridge/NativeModule; < extends Ljava/lang/Object, implements ['Lip0', 'Lip0']
COMPONENT CONCAT > Ljn0;->loadApp()V < extends Ljava/lang/Object, implements []
COMPONENT CONCAT > Lio/justtrack/reactnative/IntentHandlingReactActivity;-><init>()V < extends Landroidx/appcompat/app/b, implements ['Lfr', 'Lqc0', 'Lz4', 'LUH0$b', 'LI1']
COMPONENT CONCAT > Ljn0;->reload()V < extends Ljava/lang/Object, implements []
COMPONENT CONCAT > Lwr;->createUIManager(Lcom/facebook/react/bridge/ReactApplicationContext;)Lcom/facebook/react/bridge/UIManager; < extends Ljava/lang/Object, implements ['Lcom/facebook/react/bridge/UIManagerProvider']
COMPONENT CONCAT > Lio/justtrack/reactnative/IntentHandlingReactActivity;->onNewIntent(Landroid/content/Intent;)V < extends Landroidx/appcompat/app/b, implements ['Lfr', 'Lqc0', 'Lz4', 'LUH0$b', 'LI1']
COMPONENT CONCAT > Lcom/facetec/sdk/O;->clone()Ljava/lang/Object; < extends Ljava/lang/Object, implements ['Lcom/facetec/sdk/cf$e']
COMPONENT CONCAT > Lcom/facetec/sdk/o0;->onPause()V < extends Landroid/app/Activity, implements ['LT1$h']
COMPONENT CONCAT > Lcom/pushwoosh/plugin/pushnotifications/CustomFirebaseMessagingService;->onMessageReceived(Lcom/google/firebase/messaging/d;)V < extends Landroid/app/Service, implements []
COMPONENT CONCAT > Lcom/pushwoosh/PushwooshInitProvider;->onCreate()Z < extends Landroid/content/ContentProvider, implements []
COMPONENT CONCAT > Lcom/pushwoosh/plugin/pushnotifications/CustomFirebaseMessagingService;->onNewToken(Ljava/lang/String;)V < extends Landroid/app/Service, implements []
COMPONENT CONCAT > LlJ0;->produceResults(LQk;LFh0;)V < extends Ljava/lang/Object, implements ['LEh0']
