COMPONENT CONCAT > Lcom/applovin/exoplayer2/common/a/c;->a(Ljava/lang/Object;Ljava/util/Collection;)Ljava/util/Collection; < extends Ljava/lang/Object, implements ['Lcom/applovin/exoplayer2/common/a/z', 'Ljava/io/Serializable', 'Lcom/applovin/exoplayer2/common/a/ac']
COMPONENT CONCAT > Lcom/mbridge/msdk/playercommon/exoplayer2/upstream/cache/SimpleCache;->getContentLength(Ljava/lang/String;)J < extends Ljava/lang/Object, implements ['Lcom/mbridge/msdk/playercommon/exoplayer2/upstream/cache/Cache']
COMPONENT CONCAT > Lcom/applovin/exoplayer2/e/b/b;->a(Lcom/applovin/exoplayer2/e/i;Lcom/applovin/exoplayer2/e/u;)I < extends Ljava/lang/Object, implements ['Lcom/applovin/exoplayer2/e/h']
COMPONENT CONCAT > Lcom/mbridge/msdk/interstitialvideo/out/MBBidInterstitialVideoHandler;->loadFromBid(Ljava/lang/String;)V < extends Ljava/lang/Object, implements []
COMPONENT CONCAT > Lcom/mbridge/msdk/newinterstitial/out/MBBidNewInterstitialHandler;->loadFormSelfFilling()V < extends Ljava/lang/Object, implements ['Lcom/mbridge/msdk/out/BaseExtraInterfaceForHandler']
COMPONENT CONCAT > Lcom/google/ads/mediation/mintegral/MintegralMediationAdapter;->loadRtbRewardedAd(Lcom/google/android/gms/ads/mediation/MediationRewardedAdConfiguration;Lcom/google/android/gms/ads/mediation/MediationAdLoadCallback;)V < extends Ljava/lang/Object, implements ['Lcom/google/android/gms/ads/mediation/MediationExtrasReceiver']
COMPONENT CONCAT > Lcom/mbridge/msdk/out/MBRewardVideoHandler;->show(Ljava/lang/String;)V < extends Ljava/lang/Object, implements ['Lcom/mbridge/msdk/out/BaseExtraInterfaceForHandler']
COMPONENT CONCAT > Lcom/mbridge/msdk/interstitialvideo/out/MBBidInterstitialVideoHandler;->loadFormSelfFilling()V < extends Ljava/lang/Object, implements []
COMPONENT CONCAT > Lcom/google/ads/mediation/mintegral/MintegralMediationAdapter;->loadRewardedAd(Lcom/google/android/gms/ads/mediation/MediationRewardedAdConfiguration;Lcom/google/android/gms/ads/mediation/MediationAdLoadCallback;)V < extends Ljava/lang/Object, implements ['Lcom/google/android/gms/ads/mediation/MediationExtrasReceiver']
COMPONENT CONCAT > Lcom/mbridge/msdk/newinterstitial/out/MBBidNewInterstitialHandler;-><init>(Ljava/lang/String;Ljava/lang/String;)V < extends Ljava/lang/Object, implements ['Lcom/mbridge/msdk/out/BaseExtraInterfaceForHandler']
COMPONENT CONCAT > Lcom/mbridge/msdk/newinterstitial/out/MBBidInterstitialVideoHandler;->loadFormSelfFilling()V < extends Ljava/lang/Object, implements ['Lcom/mbridge/msdk/out/BaseExtraInterfaceForHandler']
COMPONENT CONCAT > Lcom/mbridge/msdk/out/MBBidRewardVideoHandler;->showFromBid(Ljava/lang/String;)V < extends Ljava/lang/Object, implements ['Lcom/mbridge/msdk/out/BaseExtraInterfaceForHandler']
COMPONENT CONCAT > Lcom/mbridge/msdk/out/MBBidRewardVideoHandler;->isBidReady()Z < extends Ljava/lang/Object, implements ['Lcom/mbridge/msdk/out/BaseExtraInterfaceForHandler']
COMPONENT CONCAT > Lcom/mbridge/msdk/interstitialvideo/out/MBInterstitialVideoHandler;->show()V < extends Ljava/lang/Object, implements []
COMPONENT CONCAT > Lcom/google/ads/mediation/mintegral/MintegralMediationAdapter;->loadInterstitialAd(Lcom/google/android/gms/ads/mediation/MediationInterstitialAdConfiguration;Lcom/google/android/gms/ads/mediation/MediationAdLoadCallback;)V < extends Ljava/lang/Object, implements ['Lcom/google/android/gms/ads/mediation/MediationExtrasReceiver']
COMPONENT CONCAT > Lcom/mbridge/msdk/newinterstitial/out/MBNewInterstitialHandler;-><init>(Ljava/lang/String;Ljava/lang/String;)V < extends Ljava/lang/Object, implements ['Lcom/mbridge/msdk/out/BaseExtraInterfaceForHandler']
COMPONENT CONCAT > Lcom/mbridge/msdk/reward/adapter/b$m;-><clinit>()V < extends Ljava/lang/Object, implements []
COMPONENT CONCAT > Lcom/mbridge/msdk/out/MBRewardVideoHandler;->show(Ljava/lang/String;Ljava/lang/String;)V < extends Ljava/lang/Object, implements ['Lcom/mbridge/msdk/out/BaseExtraInterfaceForHandler']
COMPONENT CONCAT > Lcom/mbridge/msdk/interstitialvideo/out/MBBidInterstitialVideoHandler;->isBidReady()Z < extends Ljava/lang/Object, implements []
COMPONENT CONCAT > Lcom/mbridge/msdk/d/a$a;-><clinit>()V < extends Ljava/lang/Object, implements []
COMPONENT CONCAT > Lcom/mbridge/msdk/newinterstitial/out/MBBidInterstitialVideoHandler;-><init>(Landroid/content/Context;Ljava/lang/String;Ljava/lang/String;)V < extends Ljava/lang/Object, implements ['Lcom/mbridge/msdk/out/BaseExtraInterfaceForHandler']
COMPONENT CONCAT > Lcom/mbridge/msdk/newinterstitial/out/MBBidInterstitialVideoHandler;-><init>(Ljava/lang/String;Ljava/lang/String;)V < extends Ljava/lang/Object, implements ['Lcom/mbridge/msdk/out/BaseExtraInterfaceForHandler']
COMPONENT CONCAT > Lcom/mbridge/msdk/interstitialvideo/out/MBInterstitialVideoHandler;->isReady()Z < extends Ljava/lang/Object, implements []
COMPONENT CONCAT > Lcom/mbridge/msdk/newinterstitial/out/MBNewInterstitialHandler;->isReady()Z < extends Ljava/lang/Object, implements ['Lcom/mbridge/msdk/out/BaseExtraInterfaceForHandler']
COMPONENT CONCAT > Lcom/mbridge/msdk/interstitialvideo/out/MBInterstitialVideoHandler;-><init>(Ljava/lang/String;Ljava/lang/String;)V < extends Ljava/lang/Object, implements []
COMPONENT CONCAT > Lcom/mbridge/msdk/out/MBBidRewardVideoHandler;->showFromBid(Ljava/lang/String;Ljava/lang/String;)V < extends Ljava/lang/Object, implements ['Lcom/mbridge/msdk/out/BaseExtraInterfaceForHandler']
COMPONENT CONCAT > Lcom/mbridge/msdk/interstitialvideo/out/MBInterstitialVideoHandler;->load()V < extends Ljava/lang/Object, implements []
COMPONENT CONCAT > Lcom/mbridge/msdk/newinterstitial/out/MBBidInterstitialVideoHandler;->showFromBid()V < extends Ljava/lang/Object, implements ['Lcom/mbridge/msdk/out/BaseExtraInterfaceForHandler']
COMPONENT CONCAT > Lcom/mbridge/msdk/interstitialvideo/out/MBInterstitialVideoHandler;-><init>(Landroid/content/Context;Ljava/lang/String;Ljava/lang/String;)V < extends Ljava/lang/Object, implements []
COMPONENT CONCAT > Lcom/mbridge/msdk/interstitialvideo/out/MBBidInterstitialVideoHandler;-><init>(Landroid/content/Context;Ljava/lang/String;Ljava/lang/String;)V < extends Ljava/lang/Object, implements []
COMPONENT CONCAT > Lcom/mbridge/msdk/out/MBRewardVideoHandler;->loadFormSelfFilling()V < extends Ljava/lang/Object, implements ['Lcom/mbridge/msdk/out/BaseExtraInterfaceForHandler']
COMPONENT CONCAT > Lcom/mbridge/msdk/newinterstitial/out/MBBidNewInterstitialHandler;->isBidReady()Z < extends Ljava/lang/Object, implements ['Lcom/mbridge/msdk/out/BaseExtraInterfaceForHandler']
COMPONENT CONCAT > Lcom/mbridge/msdk/out/MBRewardVideoHandler;-><init>(Ljava/lang/String;Ljava/lang/String;)V < extends Ljava/lang/Object, implements ['Lcom/mbridge/msdk/out/BaseExtraInterfaceForHandler']
COMPONENT CONCAT > Lcom/mbridge/msdk/newinterstitial/out/MBBidInterstitialVideoHandler;->loadFromBid(Ljava/lang/String;)V < extends Ljava/lang/Object, implements ['Lcom/mbridge/msdk/out/BaseExtraInterfaceForHandler']
COMPONENT CONCAT > Lcom/mbridge/msdk/newinterstitial/out/MBBidInterstitialVideoHandler;->isBidReady()Z < extends Ljava/lang/Object, implements ['Lcom/mbridge/msdk/out/BaseExtraInterfaceForHandler']
COMPONENT CONCAT > Lcom/mbridge/msdk/out/MBBidRewardVideoHandler;-><init>(Ljava/lang/String;Ljava/lang/String;)V < extends Ljava/lang/Object, implements ['Lcom/mbridge/msdk/out/BaseExtraInterfaceForHandler']
COMPONENT CONCAT > Lcom/mbridge/msdk/interstitialvideo/out/MBBidInterstitialVideoHandler;->showFromBid()V < extends Ljava/lang/Object, implements []
COMPONENT CONCAT > Lcom/mbridge/msdk/interstitialvideo/out/MBInterstitialVideoHandler;->loadFormSelfFilling()V < extends Ljava/lang/Object, implements []
COMPONENT CONCAT > Lcom/google/ads/mediation/mintegral/MintegralMediationAdapter;->loadRtbInterstitialAd(Lcom/google/android/gms/ads/mediation/MediationInterstitialAdConfiguration;Lcom/google/android/gms/ads/mediation/MediationAdLoadCallback;)V < extends Ljava/lang/Object, implements ['Lcom/google/android/gms/ads/mediation/MediationExtrasReceiver']
COMPONENT CONCAT > Lcom/mbridge/msdk/interstitialvideo/out/MBBidInterstitialVideoHandler;-><init>(Ljava/lang/String;Ljava/lang/String;)V < extends Ljava/lang/Object, implements []
COMPONENT CONCAT > Lcom/mbridge/msdk/out/MBRewardVideoHandler;->isReady()Z < extends Ljava/lang/Object, implements ['Lcom/mbridge/msdk/out/BaseExtraInterfaceForHandler']
COMPONENT CONCAT > Lcom/mbridge/msdk/newinterstitial/out/MBNewInterstitialHandler;->loadFormSelfFilling()V < extends Ljava/lang/Object, implements ['Lcom/mbridge/msdk/out/BaseExtraInterfaceForHandler']
COMPONENT CONCAT > Lcom/google/ads/mediation/mintegral/MintegralMediationAdapter;->loadAppOpenAd(Lcom/google/android/gms/ads/mediation/MediationAppOpenAdConfiguration;Lcom/google/android/gms/ads/mediation/MediationAdLoadCallback;)V < extends Ljava/lang/Object, implements ['Lcom/google/android/gms/ads/mediation/MediationExtrasReceiver']
COMPONENT CONCAT > Lcom/mbridge/msdk/out/MBSplashHandler;->loadAndShowByToken(Ljava/lang/String;Landroid/app/Activity;)V < extends Ljava/lang/Object, implements ['Lcom/mbridge/msdk/out/BaseExtraInterfaceForHandler']
COMPONENT CONCAT > Lcom/mbridge/msdk/out/MBSplashHandler;->show(Landroid/view/ViewGroup;Ljava/lang/String;)V < extends Ljava/lang/Object, implements ['Lcom/mbridge/msdk/out/BaseExtraInterfaceForHandler']
COMPONENT CONCAT > Lcom/mbridge/msdk/out/MBSplashHandler;->loadAndShowByToken(Ljava/lang/String;Landroid/view/ViewGroup;)V < extends Ljava/lang/Object, implements ['Lcom/mbridge/msdk/out/BaseExtraInterfaceForHandler']
COMPONENT CONCAT > Lcom/mbridge/msdk/out/MBSplashHandler;->show(Landroid/app/Activity;Ljava/lang/String;)V < extends Ljava/lang/Object, implements ['Lcom/mbridge/msdk/out/BaseExtraInterfaceForHandler']
COMPONENT CONCAT > Lcom/mbridge/msdk/out/MBSplashHandler;->preLoadByToken(Ljava/lang/String;)V < extends Ljava/lang/Object, implements ['Lcom/mbridge/msdk/out/BaseExtraInterfaceForHandler']
COMPONENT CONCAT > Lcom/mbridge/msdk/videocommon/download/c;->createUnitCache(Landroid/content/Context;Ljava/lang/String;Lcom/mbridge/msdk/foundation/entity/CampaignEx;ILcom/mbridge/msdk/videocommon/listener/a;)Lcom/mbridge/msdk/videocommon/download/n; < extends Ljava/lang/Object, implements []
COMPONENT CONCAT > Lcom/mbridge/msdk/out/MBSplashHandler;->show(Landroid/app/Activity;)V < extends Ljava/lang/Object, implements ['Lcom/mbridge/msdk/out/BaseExtraInterfaceForHandler']
COMPONENT CONCAT > Lcom/mbridge/msdk/out/MBSplashHandler;->loadAndShow(Landroid/view/ViewGroup;)V < extends Ljava/lang/Object, implements ['Lcom/mbridge/msdk/out/BaseExtraInterfaceForHandler']
COMPONENT CONCAT > Lcom/mbridge/msdk/out/MBSplashHandler;->loadAndShow(Landroid/app/Activity;)V < extends Ljava/lang/Object, implements ['Lcom/mbridge/msdk/out/BaseExtraInterfaceForHandler']
COMPONENT CONCAT > Lcom/mbridge/msdk/out/MBSplashHandler;->isReady()Z < extends Ljava/lang/Object, implements ['Lcom/mbridge/msdk/out/BaseExtraInterfaceForHandler']
COMPONENT CONCAT > Lcom/blood/pressure/bp/worker/b;->accept(Ljava/lang/Object;)V < extends Ljava/lang/Object, implements ['Ly3/g']
COMPONENT CONCAT > Lcom/applovin/impl/adview/q;->showAndRender(Lcom/applovin/sdk/AppLovinAd;Landroid/view/ViewGroup;Landroidx/lifecycle/Lifecycle;)V < extends Ljava/lang/Object, implements ['Lcom/applovin/adview/AppLovinInterstitialAdDialog']
COMPONENT CONCAT > Lcom/applovin/impl/adview/q;->show()V < extends Ljava/lang/Object, implements ['Lcom/applovin/adview/AppLovinInterstitialAdDialog']
COMPONENT CONCAT > Lcom/applovin/mediation/adapters/TaboolaMediationAdapter;->loadNativeAd(Lcom/applovin/mediation/adapter/parameters/MaxAdapterResponseParameters;Landroid/app/Activity;Lcom/applovin/mediation/adapter/listeners/MaxNativeAdAdapterListener;)V < extends Ljava/lang/Object, implements ['Lcom/applovin/mediation/adapter/MaxNativeAdAdapter', 'Lcom/applovin/mediation/adapter/MaxAdapter', 'Lcom/applovin/mediation/adapter/MaxAppOpenAdapter', 'Lcom/applovin/mediation/adapter/MaxInterstitialAdViewAdapter', 'Lcom/applovin/mediation/adapter/MaxNativeAdAdapter', 'Lcom/applovin/mediation/adapter/MaxRewardedAdViewAdapter']
COMPONENT CONCAT > Lcom/applovin/mediation/adapters/AppLovinMediationAdapter;->loadNativeAd(Lcom/applovin/mediation/adapter/parameters/MaxAdapterResponseParameters;Landroid/app/Activity;Lcom/applovin/mediation/adapter/listeners/MaxNativeAdAdapterListener;)V < extends Ljava/lang/Object, implements ['Lcom/applovin/mediation/adapter/MaxAdViewAdapter', 'Lcom/applovin/mediation/adapter/MaxAppOpenAdapter', 'Lcom/applovin/mediation/adapter/MaxInterstitialAdapter', 'Lcom/applovin/mediation/adapter/MaxRewardedAdapter', 'Lcom/applovin/mediation/adapter/MaxRewardedInterstitialAdapter', 'Lcom/applovin/mediation/adapter/MaxSignalProvider', 'Lcom/applovin/mediation/adapter/MaxAdapter', 'Lcom/applovin/mediation/adapter/MaxAppOpenAdapter', 'Lcom/applovin/mediation/adapter/MaxInterstitialAdViewAdapter', 'Lcom/applovin/mediation/adapter/MaxNativeAdAdapter', 'Lcom/applovin/mediation/adapter/MaxRewardedAdViewAdapter']
COMPONENT CONCAT > Lcom/facebook/appevents/cloudbridge/a;->a(Lcom/facebook/GraphResponse;)V < extends Ljava/lang/Object, implements ['Lcom/facebook/GraphRequest$Callback']
COMPONENT CONCAT > Lcom/litetools/ad/manager/q0;->accept(Ljava/lang/Object;)V < extends Ljava/lang/Object, implements ['Ly3/g']
MISSING ID > Lcom/blood/pressure/bp/ui/bmi/WeightBmiDetailFragment;->onCreateView(Landroid/view/LayoutInflater;Landroid/view/ViewGroup;Landroid/os/Bundle;)Landroid/view/View; <
MISSING ID > Lcom/blood/pressure/bp/ui/bmi/i0;->onClick(Landroid/view/View;)V <
MISSING ID > Lcom/blood/pressure/bp/ui/bmi/WeightBmiDetailFragment;->i(Lcom/blood/pressure/bp/ui/bmi/WeightBmiDetailFragment;Landroid/view/View;)V <
MISSING ID > Lcom/blood/pressure/bp/ui/bmi/WeightBmiDetailFragment;->K(Landroid/view/View;)V <
MISSING ID > Lcom/blood/pressure/bp/alarm/WaterAlarmFragment;->onViewCreated(Landroid/view/View;Landroid/os/Bundle;)V <
MISSING ID > Lcom/blood/pressure/bp/ui/bloodsugar/BloodSugarDetailFragment;->onCreateView(Landroid/view/LayoutInflater;Landroid/view/ViewGroup;Landroid/os/Bundle;)Landroid/view/View; <
MISSING ID > Lcom/blood/pressure/bp/ui/bloodsugar/x;->onClick(Landroid/view/View;)V <
MISSING ID > Lcom/blood/pressure/bp/ui/bloodsugar/BloodSugarDetailFragment;->t(Lcom/blood/pressure/bp/ui/bloodsugar/BloodSugarDetailFragment;Landroid/view/View;)V <
MISSING ID > Lcom/blood/pressure/bp/ui/bloodsugar/BloodSugarDetailFragment;->M(Landroid/view/View;)V <
MISSING ID > Lcom/blood/pressure/bp/ui/bloodpressure/BloodPressureDetailFragment;->onCreateView(Landroid/view/LayoutInflater;Landroid/view/ViewGroup;Landroid/os/Bundle;)Landroid/view/View; <
MISSING ID > Lcom/blood/pressure/bp/ui/bloodpressure/u;->onClick(Landroid/view/View;)V <
MISSING ID > Lcom/blood/pressure/bp/ui/bloodpressure/BloodPressureDetailFragment;->e(Lcom/blood/pressure/bp/ui/bloodpressure/BloodPressureDetailFragment;Landroid/view/View;)V <
MISSING ID > Lcom/blood/pressure/bp/ui/bloodpressure/BloodPressureDetailFragment;->V(Landroid/view/View;)V <
COMPONENT CONCAT > Lb/c/a/a/a/a/b;->b()V < extends Ljava/lang/Object, implements ['Lb/c/a/a/a/a/c']
COMPONENT CONCAT > Lcom/bytedance/sdk/openadsdk/activity/TTPlayableLandingPageActivity;->onCreate(Landroid/os/Bundle;)V < extends Landroid/app/Activity, implements ['Lcom/bytedance/sdk/component/utils/y$a', 'Lcom/bytedance/sdk/openadsdk/core/c0/d', 'Lcom/bytedance/sdk/openadsdk/k/g']
COMPONENT CONCAT > Lcom/bytedance/sdk/openadsdk/b/d;->show(Landroid/app/Activity;)V < extends Ljava/lang/Object, implements ['Lcom/bytedance/sdk/openadsdk/api/PangleAd', 'Lcom/bytedance/sdk/openadsdk/api/PAGClientBidding']
COMPONENT CONCAT > Lcom/bytedance/sdk/openadsdk/b/m/f;->show(Landroid/app/Activity;)V < extends Ljava/lang/Object, implements ['Lcom/bytedance/sdk/openadsdk/api/PangleAd', 'Lcom/bytedance/sdk/openadsdk/api/PAGClientBidding']
COMPONENT CONCAT > Lcom/bytedance/sdk/openadsdk/e/a;->createBannerAdLoader()Lcom/bytedance/sdk/openadsdk/api/factory/IADLoader; < extends Ljava/lang/Object, implements ['Lcom/bytedance/sdk/openadsdk/api/factory/IADTypeLoaderFactory']
COMPONENT CONCAT > Lcom/bytedance/sdk/openadsdk/b/b;->a(IIZ)V < extends Ljava/lang/Object, implements []
COMPONENT CONCAT > Lcom/bytedance/sdk/openadsdk/core/bannerexpress/a;->setAdInteractionCallback(Lcom/bytedance/sdk/openadsdk/api/banner/PAGBannerAdInteractionCallback;)V < extends Ljava/lang/Object, implements ['Lcom/bytedance/sdk/component/utils/y$a', 'Lcom/bytedance/sdk/openadsdk/api/PangleAd', 'Lcom/bytedance/sdk/openadsdk/api/PAGClientBidding']
COMPONENT CONCAT > Lcom/bytedance/sdk/openadsdk/b/m/q/e;->a(Lb/b/a/a/d/f/n;)V < extends Ljava/lang/Object, implements ['Lcom/bytedance/sdk/openadsdk/k/f']
COMPONENT CONCAT > Lcom/bytedance/sdk/openadsdk/core/bannerexpress/a;->getBannerView()Landroid/view/View; < extends Ljava/lang/Object, implements ['Lcom/bytedance/sdk/component/utils/y$a', 'Lcom/bytedance/sdk/openadsdk/api/PangleAd', 'Lcom/bytedance/sdk/openadsdk/api/PAGClientBidding']
COMPONENT CONCAT > Lcom/bytedance/sdk/openadsdk/core/bannerexpress/a;->setAdInteractionListener(Lcom/bytedance/sdk/openadsdk/api/banner/PAGBannerAdInteractionListener;)V < extends Ljava/lang/Object, implements ['Lcom/bytedance/sdk/component/utils/y$a', 'Lcom/bytedance/sdk/openadsdk/api/PangleAd', 'Lcom/bytedance/sdk/openadsdk/api/PAGClientBidding']
COMPONENT CONCAT > Lcom/bytedance/sdk/openadsdk/core/bannerexpress/c;->a(Landroid/content/Context;Lcom/bytedance/sdk/openadsdk/core/f0/q;Lcom/bytedance/sdk/openadsdk/AdSlot;)V < extends Ljava/lang/Object, implements ['Lcom/bytedance/sdk/component/utils/y$a', 'Lcom/bytedance/sdk/openadsdk/api/PangleAd', 'Lcom/bytedance/sdk/openadsdk/api/PAGClientBidding']
COMPONENT CONCAT > Lcom/bytedance/sdk/openadsdk/b/b;->b()V < extends Ljava/lang/Object, implements []
COMPONENT CONCAT > Lcom/bytedance/sdk/openadsdk/core/x;->clickEvent(Ljava/lang/String;)V < extends Ljava/lang/Object, implements ['Lcom/bytedance/sdk/component/utils/y$a', 'Lcom/bytedance/sdk/openadsdk/i/b', 'Lb/b/a/a/d/h/b']
COMPONENT CONCAT > Lcom/bytedance/sdk/openadsdk/b/m/h;->show(Landroid/app/Activity;)V < extends Ljava/lang/Object, implements ['Lcom/bytedance/sdk/openadsdk/api/PangleAd', 'Lcom/bytedance/sdk/openadsdk/api/PAGClientBidding']
COMPONENT CONCAT > Lcom/bytedance/sdk/openadsdk/b/b;->g()V < extends Ljava/lang/Object, implements []
COMPONENT CONCAT > Lcom/bytedance/sdk/openadsdk/activity/TTBaseVideoActivity;->onResume()V < extends Landroid/app/Activity, implements ['Lcom/bytedance/sdk/component/utils/y$a', 'Lcom/bytedance/sdk/openadsdk/core/j0/c/b', 'Lcom/bytedance/sdk/openadsdk/core/j0/c/c']
COMPONENT CONCAT > Lcom/bytedance/sdk/openadsdk/activity/TTVideoLandingPageLink2Activity;->t()V < extends Landroid/app/Activity, implements ['Lcom/bytedance/sdk/openadsdk/i/d', 'Lcom/bytedance/sdk/openadsdk/i/d']
COMPONENT CONCAT > Lcom/bytedance/sdk/openadsdk/a/c/h;->registerViewForInteraction(Landroid/view/ViewGroup;Ljava/util/List;Ljava/util/List;Landroid/view/View;Lcom/bytedance/sdk/openadsdk/api/nativeAd/PAGNativeAdInteractionCallback;)V < extends Ljava/lang/Object, implements ['Lcom/bytedance/sdk/openadsdk/api/PangleAd', 'Lcom/bytedance/sdk/openadsdk/api/PAGClientBidding']
COMPONENT CONCAT > Lcom/bytedance/sdk/openadsdk/b/m/q/e;->a(IJ)V < extends Ljava/lang/Object, implements ['Lcom/bytedance/sdk/openadsdk/k/f']
COMPONENT CONCAT > Lcom/bytedance/sdk/openadsdk/j/b/e;->a(Ljava/lang/Object;Lb/b/a/a/e/f;)Ljava/lang/Object; < extends Ljava/lang/Object, implements []
COMPONENT CONCAT > Lcom/bytedance/sdk/openadsdk/core/bannerexpress/a;->a(Landroid/os/Message;)V < extends Ljava/lang/Object, implements ['Lcom/bytedance/sdk/component/utils/y$a', 'Lcom/bytedance/sdk/openadsdk/api/PangleAd', 'Lcom/bytedance/sdk/openadsdk/api/PAGClientBidding']
COMPONENT CONCAT > Lcom/bytedance/sdk/openadsdk/j/b/c;->a(Ljava/lang/Object;Lb/b/a/a/e/f;)V < extends Ljava/lang/Object, implements []
COMPONENT CONCAT > Lcom/bytedance/sdk/openadsdk/b/b;->a(Landroid/view/ViewGroup;)V < extends Ljava/lang/Object, implements []
COMPONENT CONCAT > Lcom/bytedance/sdk/openadsdk/core/x;->a(Landroid/os/Message;)V < extends Ljava/lang/Object, implements ['Lcom/bytedance/sdk/component/utils/y$a', 'Lcom/bytedance/sdk/openadsdk/i/b', 'Lb/b/a/a/d/h/b']
COMPONENT CONCAT > Lcom/bytedance/sdk/openadsdk/b/b;->d()I < extends Ljava/lang/Object, implements []
COMPONENT CONCAT > Lcom/mbridge/msdk/out/MBNativeHandler;->loadFrame()Z < extends Ljava/lang/Object, implements ['Lcom/mbridge/msdk/out/BaseExtraInterfaceForHandler']
COMPONENT CONCAT > Lcom/google/ads/mediation/mintegral/MintegralMediationAdapter;->loadRtbNativeAd(Lcom/google/android/gms/ads/mediation/MediationNativeAdConfiguration;Lcom/google/android/gms/ads/mediation/MediationAdLoadCallback;)V < extends Ljava/lang/Object, implements ['Lcom/google/android/gms/ads/mediation/MediationExtrasReceiver']
COMPONENT CONCAT > Lcom/google/ads/mediation/mintegral/MintegralMediationAdapter;->loadNativeAd(Lcom/google/android/gms/ads/mediation/MediationNativeAdConfiguration;Lcom/google/android/gms/ads/mediation/MediationAdLoadCallback;)V < extends Ljava/lang/Object, implements ['Lcom/google/android/gms/ads/mediation/MediationExtrasReceiver']
COMPONENT CONCAT > Lcom/mbridge/msdk/mbnative/e/a;->preload(Ljava/util/Map;I)V < extends Ljava/lang/Object, implements []
COMPONENT CONCAT > Lcom/mbridge/msdk/mbnative/a/a;->b(Ljava/lang/Object;I)Ljava/lang/Object; < extends Ljava/lang/Object, implements []
COMPONENT CONCAT > Lcom/mbridge/msdk/mbnative/a/a;->a(Ljava/lang/Object;I)Ljava/lang/Object; < extends Ljava/lang/Object, implements []
COMPONENT CONCAT > Lcom/mbridge/msdk/video/signal/communication/VideoCommunication;->appendSubView(Ljava/lang/Object;Ljava/lang/String;)V < extends Ljava/lang/Object, implements ['Lcom/mbridge/msdk/video/signal/communication/IVideoCommunication']
COMPONENT CONCAT > Lcom/mbridge/msdk/video/module/a/a/b;->a(ILjava/lang/Object;)V < extends Ljava/lang/Object, implements ['Lcom/mbridge/msdk/video/module/a/a']
COMPONENT CONCAT > Lcom/mbridge/msdk/video/signal/a/k;->showMiniCard(IIIII)V < extends Ljava/lang/Object, implements ['Lcom/mbridge/msdk/video/signal/e', 'Lcom/mbridge/msdk/video/signal/g']
COMPONENT CONCAT > Lcom/mbridge/msdk/video/signal/communication/VideoCommunication;->destroyComponent(Ljava/lang/Object;Ljava/lang/String;)V < extends Ljava/lang/Object, implements ['Lcom/mbridge/msdk/video/signal/communication/IVideoCommunication']
COMPONENT CONCAT > Lcom/mbridge/msdk/video/signal/communication/VideoCommunication;->appendViewTo(Ljava/lang/Object;Ljava/lang/String;)V < extends Ljava/lang/Object, implements ['Lcom/mbridge/msdk/video/signal/communication/IVideoCommunication']
COMPONENT CONCAT > Lcom/mbridge/msdk/video/signal/communication/VideoCommunication;->preloadSubPlayTemplateView(Ljava/lang/Object;Ljava/lang/String;)V < extends Ljava/lang/Object, implements ['Lcom/mbridge/msdk/video/signal/communication/IVideoCommunication']
COMPONENT CONCAT > Lcom/mbridge/msdk/video/signal/communication/VideoCommunication;->onlyAppendSubView(Ljava/lang/Object;Ljava/lang/String;)V < extends Ljava/lang/Object, implements ['Lcom/mbridge/msdk/video/signal/communication/IVideoCommunication']
COMPONENT CONCAT > Lcom/mbridge/msdk/video/signal/communication/VideoCommunication;->setSubPlayTemplateInfo(Ljava/lang/Object;Ljava/lang/String;)V < extends Ljava/lang/Object, implements ['Lcom/mbridge/msdk/video/signal/communication/IVideoCommunication']
COMPONENT CONCAT > Lcom/mbridge/msdk/video/module/a/a/m;->a(ILjava/lang/Object;)V < extends Ljava/lang/Object, implements ['Lcom/mbridge/msdk/video/module/a/a']
COMPONENT CONCAT > Lcom/mbridge/msdk/video/signal/communication/VideoCommunication;->closeAd(Ljava/lang/Object;Ljava/lang/String;)V < extends Ljava/lang/Object, implements ['Lcom/mbridge/msdk/video/signal/communication/IVideoCommunication']
COMPONENT CONCAT > Lcom/mbridge/msdk/video/signal/a/k;->resizeMiniCard(III)V < extends Ljava/lang/Object, implements ['Lcom/mbridge/msdk/video/signal/e', 'Lcom/mbridge/msdk/video/signal/g']
COMPONENT CONCAT > Lcom/mbridge/msdk/video/signal/a/k;->showEndcard(I)V < extends Ljava/lang/Object, implements ['Lcom/mbridge/msdk/video/signal/e', 'Lcom/mbridge/msdk/video/signal/g']
COMPONENT CONCAT > Lcom/mbridge/msdk/video/signal/communication/VideoCommunication;->onlyAppendViewTo(Ljava/lang/Object;Ljava/lang/String;)V < extends Ljava/lang/Object, implements ['Lcom/mbridge/msdk/video/signal/communication/IVideoCommunication']
COMPONENT CONCAT > Lcom/mbridge/msdk/video/signal/a/m;->c(Ljava/lang/String;)V < extends Ljava/lang/Object, implements ['Lcom/mbridge/msdk/video/signal/h']
COMPONENT CONCAT > Lcom/mbridge/msdk/video/signal/a/k;->showVideoClickView(I)V < extends Ljava/lang/Object, implements ['Lcom/mbridge/msdk/video/signal/e', 'Lcom/mbridge/msdk/video/signal/g']
COMPONENT CONCAT > Lcom/mbridge/msdk/video/signal/communication/VideoCommunication;->createSubPlayTemplateView(Ljava/lang/Object;Ljava/lang/String;)V < extends Ljava/lang/Object, implements ['Lcom/mbridge/msdk/video/signal/communication/IVideoCommunication']
COMPONENT CONCAT > Lcom/mbridge/msdk/videocommon/download/NetStateOnReceive;->onReceive(Landroid/content/Context;Landroid/content/Intent;)V < extends Landroid/content/BroadcastReceiver, implements []
COMPONENT CONCAT > Lcom/mbridge/msdk/video/module/a/a/n;->a(ILjava/lang/Object;)V < extends Ljava/lang/Object, implements ['Lcom/mbridge/msdk/video/module/a/a']
COMPONENT CONCAT > Lcom/mbridge/msdk/video/signal/communication/VideoCommunication;->setViewRect(Ljava/lang/Object;Ljava/lang/String;)V < extends Ljava/lang/Object, implements ['Lcom/mbridge/msdk/video/signal/communication/IVideoCommunication']
COMPONENT CONCAT > Lcom/mbridge/msdk/video/signal/communication/VideoCommunication;->broadcast(Ljava/lang/Object;Ljava/lang/String;)V < extends Ljava/lang/Object, implements ['Lcom/mbridge/msdk/video/signal/communication/IVideoCommunication']
COMPONENT CONCAT > Lcom/mbridge/msdk/video/signal/communication/VideoCommunication;->webviewGoBack(Ljava/lang/Object;Ljava/lang/String;)V < extends Ljava/lang/Object, implements ['Lcom/mbridge/msdk/video/signal/communication/IVideoCommunication']
COMPONENT CONCAT > Lcom/mbridge/msdk/video/signal/communication/VideoCommunication;->webviewLoad(Ljava/lang/Object;Ljava/lang/String;)V < extends Ljava/lang/Object, implements ['Lcom/mbridge/msdk/video/signal/communication/IVideoCommunication']
COMPONENT CONCAT > Lcom/mbridge/msdk/video/signal/a/m;->a()Ljava/lang/String; < extends Ljava/lang/Object, implements ['Lcom/mbridge/msdk/video/signal/h']
COMPONENT CONCAT > Lcom/mbridge/msdk/video/signal/communication/VideoCommunication;->init(Ljava/lang/Object;Ljava/lang/String;)V < extends Ljava/lang/Object, implements ['Lcom/mbridge/msdk/video/signal/communication/IVideoCommunication']
COMPONENT CONCAT > Lcom/mbridge/msdk/video/signal/communication/VideoCommunication;->webviewReload(Ljava/lang/Object;Ljava/lang/String;)V < extends Ljava/lang/Object, implements ['Lcom/mbridge/msdk/video/signal/communication/IVideoCommunication']
COMPONENT CONCAT > Lcom/mbridge/msdk/video/signal/communication/VideoCommunication;->getSDKInfo(Ljava/lang/Object;Ljava/lang/String;)V < extends Ljava/lang/Object, implements ['Lcom/mbridge/msdk/video/signal/communication/IVideoCommunication']
COMPONENT CONCAT > Lcom/mbridge/msdk/video/signal/communication/VideoCommunication;->webviewGoForward(Ljava/lang/Object;Ljava/lang/String;)V < extends Ljava/lang/Object, implements ['Lcom/mbridge/msdk/video/signal/communication/IVideoCommunication']
COMPONENT CONCAT > Lcom/mbridge/msdk/mbbanner/common/bridge/a;->a(Ljava/lang/Object;Ljava/lang/String;)V < extends Ljava/lang/Object, implements ['Lcom/mbridge/msdk/mbsignalcommon/communication/c']
COMPONENT CONCAT > Lcom/apm/insight/runtime/ConfigManager;->updateDid(Ljava/lang/String;)V < extends Ljava/lang/Object, implements []
COMPONENT CONCAT > Lcom/apm/insight/g/d;->a(JLjava/lang/Thread;Ljava/lang/Throwable;Ljava/lang/String;Ljava/io/File;Ljava/lang/String;Z)V < extends Ljava/lang/Object, implements ['Lcom/apm/insight/g/c']
COMPONENT CONCAT > Lcom/apm/insight/MonitorCrash;->initSDK(Landroid/content/Context;Ljava/lang/String;JLjava/lang/String;Ljava/lang/String;[Ljava/lang/String;)Lcom/apm/insight/MonitorCrash; < extends Ljava/lang/Object, implements []
COMPONENT CONCAT > Lcom/apm/insight/Npth;->enableALogCollector(Ljava/lang/String;Lcom/apm/insight/a/b;Lcom/apm/insight/a/c;)V < extends Ljava/lang/Object, implements []
COMPONENT CONCAT > Lcom/apm/insight/MonitorCrash;->initSDK(Landroid/content/Context;Ljava/lang/String;JLjava/lang/String;[Ljava/lang/String;[Ljava/lang/String;)Lcom/apm/insight/MonitorCrash; < extends Ljava/lang/Object, implements []
COMPONENT CONCAT > Lcom/google/ads/mediation/pangle/PangleMediationAdapter;->loadNativeAd(Lcom/google/android/gms/ads/mediation/MediationNativeAdConfiguration;Lcom/google/android/gms/ads/mediation/MediationAdLoadCallback;)V < extends Ljava/lang/Object, implements ['Lcom/google/android/gms/ads/mediation/MediationExtrasReceiver']
COMPONENT CONCAT > Lcom/apm/insight/Npth;->initMiniApp(Landroid/content/Context;Lcom/apm/insight/ICommonParams;ILjava/lang/String;)V < extends Ljava/lang/Object, implements []
COMPONENT CONCAT > Lcom/apm/insight/i/b;->a(JLjava/lang/Thread;Ljava/lang/Throwable;Ljava/lang/String;Ljava/io/File;Ljava/lang/String;Z)V < extends Ljava/lang/Object, implements ['Lcom/apm/insight/g/c']
COMPONENT CONCAT > Lcom/apm/insight/k/a;-><clinit>()V < extends Ljava/lang/Object, implements []
COMPONENT CONCAT > Lcom/google/ads/mediation/pangle/PangleMediationAdapter;->loadRewardedAd(Lcom/google/android/gms/ads/mediation/MediationRewardedAdConfiguration;Lcom/google/android/gms/ads/mediation/MediationAdLoadCallback;)V < extends Ljava/lang/Object, implements ['Lcom/google/android/gms/ads/mediation/MediationExtrasReceiver']
COMPONENT CONCAT > Lcom/apm/insight/nativecrash/NativeImpl;->handleNativeCrash(Ljava/lang/String;)V < extends Ljava/lang/Object, implements []
COMPONENT CONCAT > Lcom/apm/insight/Npth;->setAnrInfoFileObserver(Ljava/lang/String;Lcom/apm/insight/f;)V < extends Ljava/lang/Object, implements []
COMPONENT CONCAT > Lcom/apm/insight/nativecrash/NativeImpl;->reportEventForAnrMonitor()V < extends Ljava/lang/Object, implements []
COMPONENT CONCAT > Lcom/apm/insight/Npth;->reportDartError(Ljava/lang/String;Ljava/util/Map;Ljava/util/Map;Lcom/apm/insight/g;)V < extends Ljava/lang/Object, implements []
COMPONENT CONCAT > Lcom/google/ads/mediation/pangle/PangleMediationAdapter;->initialize(Landroid/content/Context;Lcom/google/android/gms/ads/mediation/InitializationCompleteCallback;Ljava/util/List;)V < extends Ljava/lang/Object, implements ['Lcom/google/android/gms/ads/mediation/MediationExtrasReceiver']
COMPONENT CONCAT > Lcom/google/ads/mediation/pangle/PangleMediationAdapter;->loadInterstitialAd(Lcom/google/android/gms/ads/mediation/MediationInterstitialAdConfiguration;Lcom/google/android/gms/ads/mediation/MediationAdLoadCallback;)V < extends Ljava/lang/Object, implements ['Lcom/google/android/gms/ads/mediation/MediationExtrasReceiver']
COMPONENT CONCAT > Lcom/apm/insight/Npth;->reportDartError(Ljava/lang/String;Ljava/util/Map;Ljava/util/Map;Ljava/util/Map;Lcom/apm/insight/g;)V < extends Ljava/lang/Object, implements []
COMPONENT CONCAT > Lcom/apm/insight/Npth;->openANRMonitor()V < extends Ljava/lang/Object, implements []
COMPONENT CONCAT > Lcom/apm/insight/Npth;->stopAnr()V < extends Ljava/lang/Object, implements []
COMPONENT CONCAT > Lcom/apm/insight/Npth;->reportError(Ljava/lang/String;)V < extends Ljava/lang/Object, implements []
COMPONENT CONCAT > Lcom/apm/insight/Npth;->reportDartError(Ljava/lang/String;)V < extends Ljava/lang/Object, implements []
COMPONENT CONCAT > Lcom/apm/insight/Npth;->initMiniApp(Landroid/content/Context;Lcom/apm/insight/ICommonParams;)V < extends Ljava/lang/Object, implements []
COMPONENT CONCAT > Lcom/apm/insight/Npth;->openNativeCrashMonitor()Z < extends Ljava/lang/Object, implements []
COMPONENT CONCAT > Lcom/apm/insight/g/a;->uncaughtException(Ljava/lang/Thread;Ljava/lang/Throwable;)V < extends Ljava/lang/Object, implements ['Ljava/lang/Thread$UncaughtExceptionHandler']
COMPONENT CONCAT > Lcom/google/ads/mediation/pangle/PangleMediationAdapter;->loadAppOpenAd(Lcom/google/android/gms/ads/mediation/MediationAppOpenAdConfiguration;Lcom/google/android/gms/ads/mediation/MediationAdLoadCallback;)V < extends Ljava/lang/Object, implements ['Lcom/google/android/gms/ads/mediation/MediationExtrasReceiver']
COMPONENT CONCAT > Lcom/apm/insight/Npth;->reportError(Ljava/lang/Throwable;)V < extends Ljava/lang/Object, implements []
COMPONENT CONCAT > Lcom/google/ads/mediation/pangle/PangleMediationAdapter;->loadBannerAd(Lcom/google/android/gms/ads/mediation/MediationBannerAdConfiguration;Lcom/google/android/gms/ads/mediation/MediationAdLoadCallback;)V < extends Ljava/lang/Object, implements ['Lcom/google/android/gms/ads/mediation/MediationExtrasReceiver']
COMPONENT CONCAT > Lcom/bytedance/sdk/openadsdk/core/w;->d()Ljava/lang/String; < extends Ljava/lang/Object, implements ['Lcom/bytedance/sdk/openadsdk/core/u']
COMPONENT CONCAT > Lcom/mbridge/msdk/video/signal/communication/VideoCommunication;->playerPlay(Ljava/lang/Object;Ljava/lang/String;)V < extends Ljava/lang/Object, implements ['Lcom/mbridge/msdk/video/signal/communication/IVideoCommunication']
COMPONENT CONCAT > Lcom/mbridge/msdk/playercommon/exoplayer2/ExoPlayerFactory;->newSimpleInstance(Landroid/content/Context;Lcom/mbridge/msdk/playercommon/exoplayer2/trackselection/TrackSelector;Lcom/mbridge/msdk/playercommon/exoplayer2/LoadControl;Lcom/mbridge/msdk/playercommon/exoplayer2/drm/DrmSessionManager;IJ)Lcom/mbridge/msdk/playercommon/exoplayer2/SimpleExoPlayer; < extends Ljava/lang/Object, implements []
COMPONENT CONCAT > Lcom/mbridge/msdk/playercommon/exoplayer2/ExoPlayerFactory;->newSimpleInstance(Landroid/content/Context;Lcom/mbridge/msdk/playercommon/exoplayer2/trackselection/TrackSelector;Lcom/mbridge/msdk/playercommon/exoplayer2/LoadControl;)Lcom/mbridge/msdk/playercommon/exoplayer2/SimpleExoPlayer; < extends Ljava/lang/Object, implements []
COMPONENT CONCAT > Lcom/mbridge/msdk/playercommon/exoplayer2/ExoPlayerFactory;->newSimpleInstance(Landroid/content/Context;Lcom/mbridge/msdk/playercommon/exoplayer2/trackselection/TrackSelector;Lcom/mbridge/msdk/playercommon/exoplayer2/LoadControl;Lcom/mbridge/msdk/playercommon/exoplayer2/drm/DrmSessionManager;I)Lcom/mbridge/msdk/playercommon/exoplayer2/SimpleExoPlayer; < extends Ljava/lang/Object, implements []
COMPONENT CONCAT > Lcom/mbridge/msdk/playercommon/exoplayer2/ExoPlayerFactory;->newSimpleInstance(Lcom/mbridge/msdk/playercommon/exoplayer2/RenderersFactory;Lcom/mbridge/msdk/playercommon/exoplayer2/trackselection/TrackSelector;Lcom/mbridge/msdk/playercommon/exoplayer2/LoadControl;Lcom/mbridge/msdk/playercommon/exoplayer2/drm/DrmSessionManager;Lcom/mbridge/msdk/playercommon/exoplayer2/analytics/AnalyticsCollector$Factory;)Lcom/mbridge/msdk/playercommon/exoplayer2/SimpleExoPlayer; < extends Ljava/lang/Object, implements []
COMPONENT CONCAT > Lcom/mbridge/msdk/playercommon/exoplayer2/ExoPlayerFactory;->newSimpleInstance(Lcom/mbridge/msdk/playercommon/exoplayer2/RenderersFactory;Lcom/mbridge/msdk/playercommon/exoplayer2/trackselection/TrackSelector;Lcom/mbridge/msdk/playercommon/exoplayer2/drm/DrmSessionManager;)Lcom/mbridge/msdk/playercommon/exoplayer2/SimpleExoPlayer; < extends Ljava/lang/Object, implements []
COMPONENT CONCAT > Lcom/mbridge/msdk/playercommon/exoplayer2/ExoPlayerFactory;->newSimpleInstance(Landroid/content/Context;Lcom/mbridge/msdk/playercommon/exoplayer2/trackselection/TrackSelector;Lcom/mbridge/msdk/playercommon/exoplayer2/LoadControl;Lcom/mbridge/msdk/playercommon/exoplayer2/drm/DrmSessionManager;)Lcom/mbridge/msdk/playercommon/exoplayer2/SimpleExoPlayer; < extends Ljava/lang/Object, implements []
COMPONENT CONCAT > Lcom/mbridge/msdk/playercommon/exoplayer2/ExoPlayerFactory;->newSimpleInstance(Landroid/content/Context;Lcom/mbridge/msdk/playercommon/exoplayer2/trackselection/TrackSelector;)Lcom/mbridge/msdk/playercommon/exoplayer2/SimpleExoPlayer; < extends Ljava/lang/Object, implements []
COMPONENT CONCAT > Lcom/bytedance/sdk/openadsdk/b/m/q/g;->a(Landroid/widget/FrameLayout;)V < extends Ljava/lang/Object, implements []
MISSING ID > Lcom/blood/pressure/bp/ui/info/a;->onClick(Landroid/view/View;)V <
COMPONENT CONCAT > Lcom/applovin/impl/adview/activity/b/f;->c(Z)V < extends Ljava/lang/Object, implements ['Lcom/applovin/communicator/AppLovinCommunicatorSubscriber', 'Lcom/applovin/impl/sdk/AppLovinBroadcastManager$Receiver', 'Lcom/applovin/impl/sdk/b/b$a']
COMPONENT CONCAT > Lcom/applovin/impl/adview/activity/b/g;->a(D)V < extends Ljava/lang/Object, implements ['Lcom/applovin/impl/adview/g', 'Lcom/applovin/impl/sdk/AppLovinBroadcastManager$Receiver', 'Lcom/applovin/impl/sdk/b/b$a']
COMPONENT CONCAT > Lcom/applovin/impl/adview/activity/b/c;->f()V < extends Ljava/lang/Object, implements ['Lcom/applovin/communicator/AppLovinCommunicatorSubscriber', 'Lcom/applovin/impl/sdk/AppLovinBroadcastManager$Receiver', 'Lcom/applovin/impl/sdk/b/b$a']
COMPONENT CONCAT > Lcom/applovin/impl/sdk/AppLovinAdServiceImpl;->loadNextAdForAdToken(Ljava/lang/String;Lcom/applovin/sdk/AppLovinAdLoadListener;)V < extends Ljava/lang/Object, implements ['Lcom/applovin/sdk/AppLovinAdService']
COMPONENT CONCAT > Lcom/applovin/impl/adview/activity/b/c;->a(Landroid/graphics/PointF;Z)V < extends Ljava/lang/Object, implements ['Lcom/applovin/communicator/AppLovinCommunicatorSubscriber', 'Lcom/applovin/impl/sdk/AppLovinBroadcastManager$Receiver', 'Lcom/applovin/impl/sdk/b/b$a']
COMPONENT CONCAT > Lcom/applovin/mediation/ApplovinAdapter;->getBannerView()Landroid/view/View; < extends Ljava/lang/Object, implements ['Lcom/google/android/gms/ads/mediation/MediationBannerAdapter', 'Lcom/google/android/gms/ads/mediation/MediationInterstitialAdapter', 'Lcom/google/android/gms/ads/mediation/OnContextChangedListener', 'Lcom/google/android/gms/ads/mediation/MediationExtrasReceiver']
COMPONENT CONCAT > Lcom/applovin/impl/adview/activity/b/d;->c()V < extends Ljava/lang/Object, implements ['Lcom/applovin/communicator/AppLovinCommunicatorSubscriber', 'Lcom/applovin/impl/sdk/AppLovinBroadcastManager$Receiver', 'Lcom/applovin/impl/sdk/b/b$a']
COMPONENT CONCAT > Lcom/applovin/impl/adview/activity/b/d;->c(Ljava/lang/String;)V < extends Ljava/lang/Object, implements ['Lcom/applovin/communicator/AppLovinCommunicatorSubscriber', 'Lcom/applovin/impl/sdk/AppLovinBroadcastManager$Receiver', 'Lcom/applovin/impl/sdk/b/b$a']
COMPONENT CONCAT > Lcom/applovin/impl/adview/activity/b/b;->d()V < extends Ljava/lang/Object, implements ['Lcom/applovin/impl/sdk/AppLovinBroadcastManager$Receiver', 'Lcom/applovin/impl/sdk/b/b$a']
COMPONENT CONCAT > Lcom/applovin/impl/adview/activity/b/c;->c()V < extends Ljava/lang/Object, implements ['Lcom/applovin/communicator/AppLovinCommunicatorSubscriber', 'Lcom/applovin/impl/sdk/AppLovinBroadcastManager$Receiver', 'Lcom/applovin/impl/sdk/b/b$a']
COMPONENT CONCAT > Lcom/applovin/impl/adview/activity/b/c;->B()V < extends Ljava/lang/Object, implements ['Lcom/applovin/communicator/AppLovinCommunicatorSubscriber', 'Lcom/applovin/impl/sdk/AppLovinBroadcastManager$Receiver', 'Lcom/applovin/impl/sdk/b/b$a']
COMPONENT CONCAT > Lcom/applovin/mediation/ApplovinAdapter;->requestBannerAd(Landroid/content/Context;Lcom/google/android/gms/ads/mediation/MediationBannerListener;Landroid/os/Bundle;Lcom/google/android/gms/ads/AdSize;Lcom/google/android/gms/ads/mediation/MediationAdRequest;Landroid/os/Bundle;)V < extends Ljava/lang/Object, implements ['Lcom/google/android/gms/ads/mediation/MediationBannerAdapter', 'Lcom/google/android/gms/ads/mediation/MediationInterstitialAdapter', 'Lcom/google/android/gms/ads/mediation/OnContextChangedListener', 'Lcom/google/android/gms/ads/mediation/MediationExtrasReceiver']
COMPONENT CONCAT > Lcom/applovin/impl/adview/activity/b/g;->d()V < extends Ljava/lang/Object, implements ['Lcom/applovin/impl/adview/g', 'Lcom/applovin/impl/sdk/AppLovinBroadcastManager$Receiver', 'Lcom/applovin/impl/sdk/b/b$a']
COMPONENT CONCAT > Lcom/applovin/impl/adview/activity/b/g;->g_()V < extends Ljava/lang/Object, implements ['Lcom/applovin/impl/adview/g', 'Lcom/applovin/impl/sdk/AppLovinBroadcastManager$Receiver', 'Lcom/applovin/impl/sdk/b/b$a']
COMPONENT CONCAT > Lcom/applovin/impl/sdk/AppLovinAdServiceImpl;->loadNextAdForZoneIds(Ljava/util/List;Lcom/applovin/sdk/AppLovinAdLoadListener;)V < extends Ljava/lang/Object, implements ['Lcom/applovin/sdk/AppLovinAdService']
COMPONENT CONCAT > Lcom/applovin/impl/adview/activity/b/d;->B()V < extends Ljava/lang/Object, implements ['Lcom/applovin/communicator/AppLovinCommunicatorSubscriber', 'Lcom/applovin/impl/sdk/AppLovinBroadcastManager$Receiver', 'Lcom/applovin/impl/sdk/b/b$a']
COMPONENT CONCAT > Lcom/google/ads/mediation/applovin/AppLovinMediationAdapter;->loadBannerAd(Lcom/google/android/gms/ads/mediation/MediationBannerAdConfiguration;Lcom/google/android/gms/ads/mediation/MediationAdLoadCallback;)V < extends Ljava/lang/Object, implements ['Lcom/google/android/gms/ads/mediation/MediationExtrasReceiver']
COMPONENT CONCAT > Lcom/applovin/mediation/adapters/NimbusMediationAdapter;->onDestroy()V < extends Ljava/lang/Object, implements ['Lcom/applovin/mediation/adapter/MaxAdViewAdapter', 'Lcom/applovin/mediation/adapter/MaxAdapter', 'Lcom/applovin/mediation/adapter/MaxAppOpenAdapter', 'Lcom/applovin/mediation/adapter/MaxInterstitialAdViewAdapter', 'Lcom/applovin/mediation/adapter/MaxNativeAdAdapter', 'Lcom/applovin/mediation/adapter/MaxRewardedAdViewAdapter']
COMPONENT CONCAT > Lcom/applovin/impl/adview/activity/b/c;->d()V < extends Ljava/lang/Object, implements ['Lcom/applovin/communicator/AppLovinCommunicatorSubscriber', 'Lcom/applovin/impl/sdk/AppLovinBroadcastManager$Receiver', 'Lcom/applovin/impl/sdk/b/b$a']
COMPONENT CONCAT > Lcom/applovin/impl/adview/activity/b/d;->g()V < extends Ljava/lang/Object, implements ['Lcom/applovin/communicator/AppLovinCommunicatorSubscriber', 'Lcom/applovin/impl/sdk/AppLovinBroadcastManager$Receiver', 'Lcom/applovin/impl/sdk/b/b$a']
COMPONENT CONCAT > Lcom/applovin/impl/adview/activity/b/d;->d()V < extends Ljava/lang/Object, implements ['Lcom/applovin/communicator/AppLovinCommunicatorSubscriber', 'Lcom/applovin/impl/sdk/AppLovinBroadcastManager$Receiver', 'Lcom/applovin/impl/sdk/b/b$a']
COMPONENT CONCAT > Lcom/applovin/mediation/adapters/AppLovinMediationAdapter;->loadAdViewAd(Lcom/applovin/mediation/adapter/parameters/MaxAdapterResponseParameters;Lcom/applovin/mediation/MaxAdFormat;Landroid/app/Activity;Lcom/applovin/mediation/adapter/listeners/MaxAdViewAdapterListener;)V < extends Ljava/lang/Object, implements ['Lcom/applovin/mediation/adapter/MaxAdViewAdapter', 'Lcom/applovin/mediation/adapter/MaxAppOpenAdapter', 'Lcom/applovin/mediation/adapter/MaxInterstitialAdapter', 'Lcom/applovin/mediation/adapter/MaxRewardedAdapter', 'Lcom/applovin/mediation/adapter/MaxRewardedInterstitialAdapter', 'Lcom/applovin/mediation/adapter/MaxSignalProvider', 'Lcom/applovin/mediation/adapter/MaxAdapter', 'Lcom/applovin/mediation/adapter/MaxAppOpenAdapter', 'Lcom/applovin/mediation/adapter/MaxInterstitialAdViewAdapter', 'Lcom/applovin/mediation/adapter/MaxNativeAdAdapter', 'Lcom/applovin/mediation/adapter/MaxRewardedAdViewAdapter']
COMPONENT CONCAT > Lcom/applovin/impl/adview/activity/b/f;->b()V < extends Ljava/lang/Object, implements ['Lcom/applovin/communicator/AppLovinCommunicatorSubscriber', 'Lcom/applovin/impl/sdk/AppLovinBroadcastManager$Receiver', 'Lcom/applovin/impl/sdk/b/b$a']
COMPONENT CONCAT > Lcom/applovin/impl/adview/activity/b/e;->d()V < extends Ljava/lang/Object, implements ['Lcom/applovin/communicator/AppLovinCommunicatorSubscriber', 'Lcom/applovin/impl/sdk/AppLovinBroadcastManager$Receiver', 'Lcom/applovin/impl/sdk/b/b$a']
COMPONENT CONCAT > Lcom/applovin/mediation/adapters/AppLovinMediationAdapter;->onDestroy()V < extends Ljava/lang/Object, implements ['Lcom/applovin/mediation/adapter/MaxAdViewAdapter', 'Lcom/applovin/mediation/adapter/MaxAppOpenAdapter', 'Lcom/applovin/mediation/adapter/MaxInterstitialAdapter', 'Lcom/applovin/mediation/adapter/MaxRewardedAdapter', 'Lcom/applovin/mediation/adapter/MaxRewardedInterstitialAdapter', 'Lcom/applovin/mediation/adapter/MaxSignalProvider', 'Lcom/applovin/mediation/adapter/MaxAdapter', 'Lcom/applovin/mediation/adapter/MaxAppOpenAdapter', 'Lcom/applovin/mediation/adapter/MaxInterstitialAdViewAdapter', 'Lcom/applovin/mediation/adapter/MaxNativeAdAdapter', 'Lcom/applovin/mediation/adapter/MaxRewardedAdViewAdapter']
COMPONENT CONCAT > Lcom/applovin/impl/adview/activity/b/c;->g()V < extends Ljava/lang/Object, implements ['Lcom/applovin/communicator/AppLovinCommunicatorSubscriber', 'Lcom/applovin/impl/sdk/AppLovinBroadcastManager$Receiver', 'Lcom/applovin/impl/sdk/b/b$a']
COMPONENT CONCAT > Lcom/applovin/mediation/adapters/NimbusMediationAdapter;->loadAdViewAd(Lcom/applovin/mediation/adapter/parameters/MaxAdapterResponseParameters;Lcom/applovin/mediation/MaxAdFormat;Landroid/app/Activity;Lcom/applovin/mediation/adapter/listeners/MaxAdViewAdapterListener;)V < extends Ljava/lang/Object, implements ['Lcom/applovin/mediation/adapter/MaxAdViewAdapter', 'Lcom/applovin/mediation/adapter/MaxAdapter', 'Lcom/applovin/mediation/adapter/MaxAppOpenAdapter', 'Lcom/applovin/mediation/adapter/MaxInterstitialAdViewAdapter', 'Lcom/applovin/mediation/adapter/MaxNativeAdAdapter', 'Lcom/applovin/mediation/adapter/MaxRewardedAdViewAdapter']
COMPONENT CONCAT > Lcom/applovin/impl/adview/activity/b/e;->onMessageReceived(Lcom/applovin/communicator/AppLovinCommunicatorMessage;)V < extends Ljava/lang/Object, implements ['Lcom/applovin/communicator/AppLovinCommunicatorSubscriber', 'Lcom/applovin/impl/sdk/AppLovinBroadcastManager$Receiver', 'Lcom/applovin/impl/sdk/b/b$a']
COMPONENT CONCAT > Lcom/applovin/impl/adview/activity/b/e;->b()V < extends Ljava/lang/Object, implements ['Lcom/applovin/communicator/AppLovinCommunicatorSubscriber', 'Lcom/applovin/impl/sdk/AppLovinBroadcastManager$Receiver', 'Lcom/applovin/impl/sdk/b/b$a']
COMPONENT CONCAT > Lcom/applovin/impl/sdk/AppLovinAdServiceImpl;->loadNextAdForZoneId(Ljava/lang/String;Lcom/applovin/sdk/AppLovinAdLoadListener;)V < extends Ljava/lang/Object, implements ['Lcom/applovin/sdk/AppLovinAdService']
COMPONENT CONCAT > Lcom/google/ads/mediation/applovin/AppLovinMediationAdapter;->loadRewardedAd(Lcom/google/android/gms/ads/mediation/MediationRewardedAdConfiguration;Lcom/google/android/gms/ads/mediation/MediationAdLoadCallback;)V < extends Ljava/lang/Object, implements ['Lcom/google/android/gms/ads/mediation/MediationExtrasReceiver']
COMPONENT CONCAT > Lcom/applovin/impl/adview/activity/b/e;->k()V < extends Ljava/lang/Object, implements ['Lcom/applovin/communicator/AppLovinCommunicatorSubscriber', 'Lcom/applovin/impl/sdk/AppLovinBroadcastManager$Receiver', 'Lcom/applovin/impl/sdk/b/b$a']
COMPONENT CONCAT > Lcom/applovin/impl/adview/activity/b/d;->A()V < extends Ljava/lang/Object, implements ['Lcom/applovin/communicator/AppLovinCommunicatorSubscriber', 'Lcom/applovin/impl/sdk/AppLovinBroadcastManager$Receiver', 'Lcom/applovin/impl/sdk/b/b$a']
COMPONENT CONCAT > Lcom/applovin/impl/adview/activity/b/d;->f()V < extends Ljava/lang/Object, implements ['Lcom/applovin/communicator/AppLovinCommunicatorSubscriber', 'Lcom/applovin/impl/sdk/AppLovinBroadcastManager$Receiver', 'Lcom/applovin/impl/sdk/b/b$a']
COMPONENT CONCAT > Lcom/applovin/impl/adview/activity/b/e;->c(Z)V < extends Ljava/lang/Object, implements ['Lcom/applovin/communicator/AppLovinCommunicatorSubscriber', 'Lcom/applovin/impl/sdk/AppLovinBroadcastManager$Receiver', 'Lcom/applovin/impl/sdk/b/b$a']
COMPONENT CONCAT > Lcom/applovin/impl/adview/activity/b/d;->a(Landroid/graphics/PointF;Z)V < extends Ljava/lang/Object, implements ['Lcom/applovin/communicator/AppLovinCommunicatorSubscriber', 'Lcom/applovin/impl/sdk/AppLovinBroadcastManager$Receiver', 'Lcom/applovin/impl/sdk/b/b$a']
COMPONENT CONCAT > Lcom/applovin/impl/adview/activity/b/c;->A()V < extends Ljava/lang/Object, implements ['Lcom/applovin/communicator/AppLovinCommunicatorSubscriber', 'Lcom/applovin/impl/sdk/AppLovinBroadcastManager$Receiver', 'Lcom/applovin/impl/sdk/b/b$a']
COMPONENT CONCAT > Lcom/applovin/impl/adview/activity/b/f;->k()V < extends Ljava/lang/Object, implements ['Lcom/applovin/communicator/AppLovinCommunicatorSubscriber', 'Lcom/applovin/impl/sdk/AppLovinBroadcastManager$Receiver', 'Lcom/applovin/impl/sdk/b/b$a']
COMPONENT CONCAT > Lcom/applovin/impl/adview/activity/b/g;->b()V < extends Ljava/lang/Object, implements ['Lcom/applovin/impl/adview/g', 'Lcom/applovin/impl/sdk/AppLovinBroadcastManager$Receiver', 'Lcom/applovin/impl/sdk/b/b$a']
COMPONENT CONCAT > Lcom/applovin/impl/adview/activity/b/f;->onMessageReceived(Lcom/applovin/communicator/AppLovinCommunicatorMessage;)V < extends Ljava/lang/Object, implements ['Lcom/applovin/communicator/AppLovinCommunicatorSubscriber', 'Lcom/applovin/impl/sdk/AppLovinBroadcastManager$Receiver', 'Lcom/applovin/impl/sdk/b/b$a']
COMPONENT CONCAT > Lcom/applovin/impl/adview/activity/b/c;->c(Ljava/lang/String;)V < extends Ljava/lang/Object, implements ['Lcom/applovin/communicator/AppLovinCommunicatorSubscriber', 'Lcom/applovin/impl/sdk/AppLovinBroadcastManager$Receiver', 'Lcom/applovin/impl/sdk/b/b$a']
COMPONENT CONCAT > Lcom/applovin/impl/adview/activity/b/f;->d()V < extends Ljava/lang/Object, implements ['Lcom/applovin/communicator/AppLovinCommunicatorSubscriber', 'Lcom/applovin/impl/sdk/AppLovinBroadcastManager$Receiver', 'Lcom/applovin/impl/sdk/b/b$a']
COMPONENT CONCAT > Lcom/applovin/impl/adview/activity/b/b;->h()V < extends Ljava/lang/Object, implements ['Lcom/applovin/impl/sdk/AppLovinBroadcastManager$Receiver', 'Lcom/applovin/impl/sdk/b/b$a']
COMPONENT CONCAT > Lcom/mbridge/msdk/playercommon/exoplayer2/extractor/ogg/OggExtractor;->read(Lcom/mbridge/msdk/playercommon/exoplayer2/extractor/ExtractorInput;Lcom/mbridge/msdk/playercommon/exoplayer2/extractor/PositionHolder;)I < extends Ljava/lang/Object, implements ['Lcom/mbridge/msdk/playercommon/exoplayer2/extractor/Extractor']
MISSING ID > Lcom/blood/pressure/bp/ui/bloodpressure/y;->onClick(Landroid/view/View;)V <
MISSING ID > Lcom/blood/pressure/bp/ui/bloodpressure/BloodPressureDetailFragment;->s(Lcom/blood/pressure/bp/ui/bloodpressure/BloodPressureDetailFragment;Landroid/view/View;)V <
MISSING ID > Lcom/blood/pressure/bp/ui/bloodpressure/BloodPressureDetailFragment;->a0(Landroid/view/View;)V <
MISSING ID > Lcom/blood/pressure/bp/ui/bloodsugar/b0;->onClick(Landroid/view/View;)V <
MISSING ID > Lcom/blood/pressure/bp/ui/bloodsugar/BloodSugarDetailFragment;->p(Lcom/blood/pressure/bp/ui/bloodsugar/BloodSugarDetailFragment;Landroid/view/View;)V <
MISSING ID > Lcom/blood/pressure/bp/ui/bloodsugar/BloodSugarDetailFragment;->R(Landroid/view/View;)V <
MISSING ID > Lcom/blood/pressure/bp/ui/bmi/w;->onClick(Landroid/view/View;)V <
MISSING ID > Lcom/blood/pressure/bp/ui/bmi/WeightBmiDetailFragment;->k(Lcom/blood/pressure/bp/ui/bmi/WeightBmiDetailFragment;Landroid/view/View;)V <
MISSING ID > Lcom/blood/pressure/bp/ui/bmi/WeightBmiDetailFragment;->P(Landroid/view/View;)V <
MISSING ID > Lcom/blood/pressure/bp/settings/LanguageSettingFragment;->onViewCreated(Landroid/view/View;Landroid/os/Bundle;)V <
COMPONENT CONCAT > Lcom/blood/pressure/bp/ui/dialog/SetAlarmDialogFragment;->onCreateView(Landroid/view/LayoutInflater;Landroid/view/ViewGroup;Landroid/os/Bundle;)Landroid/view/View; < extends Landroidx/appcompat/app/AppCompatDialogFragment, implements []
COMPONENT CONCAT > Lcom/applovin/exoplayer2/n;->a(Landroid/os/Handler;Lcom/applovin/exoplayer2/m/n;Lcom/applovin/exoplayer2/b/g;Lcom/applovin/exoplayer2/i/l;Lcom/applovin/exoplayer2/g/e;)[Lcom/applovin/exoplayer2/ar; < extends Ljava/lang/Object, implements ['Lcom/applovin/exoplayer2/au']
COMPONENT CONCAT > Lcom/chad/library/adapter/base/callback/ItemDragAndSwipeCallback;->clearView(Landroidx/recyclerview/widget/RecyclerView;Landroidx/recyclerview/widget/RecyclerView$ViewHolder;)V < extends Landroidx/recyclerview/widget/ItemTouchHelper$Callback, implements []
COMPONENT CONCAT > Lcom/chad/library/adapter/base/DraggableController;->onItemSwiped(Landroidx/recyclerview/widget/RecyclerView$ViewHolder;)V < extends Ljava/lang/Object, implements ['Lcom/chad/library/adapter/base/listener/IDraggableListener']
COMPONENT CONCAT > Lcom/chad/library/adapter/base/callback/ItemDragAndSwipeCallback;->onSelectedChanged(Landroidx/recyclerview/widget/RecyclerView$ViewHolder;I)V < extends Landroidx/recyclerview/widget/ItemTouchHelper$Callback, implements []
COMPONENT CONCAT > Lcom/chad/library/adapter/base/BaseSectionMultiItemQuickAdapter;->onCreateDefViewHolder(Landroid/view/ViewGroup;I)Lcom/chad/library/adapter/base/BaseViewHolder; < extends Landroidx/recyclerview/widget/RecyclerView$Adapter, implements []
COMPONENT CONCAT > Lcom/chad/library/adapter/base/callback/ItemDragAndSwipeCallback;->onChildDrawOver(Landroid/graphics/Canvas;Landroidx/recyclerview/widget/RecyclerView;Landroidx/recyclerview/widget/RecyclerView$ViewHolder;FFIZ)V < extends Landroidx/recyclerview/widget/ItemTouchHelper$Callback, implements []
COMPONENT CONCAT > Lcom/chad/library/adapter/base/callback/ItemDragAndSwipeCallback;->isLongPressDragEnabled()Z < extends Landroidx/recyclerview/widget/ItemTouchHelper$Callback, implements []
COMPONENT CONCAT > Lcom/chad/library/adapter/base/listener/OnItemChildLongClickListener;-><init>()V < extends Ljava/lang/Object, implements ['Landroidx/recyclerview/widget/RecyclerView$OnItemTouchListener']
COMPONENT CONCAT > Lcom/chad/library/adapter/base/callback/ItemDragAndSwipeCallback;->onSwiped(Landroidx/recyclerview/widget/RecyclerView$ViewHolder;I)V < extends Landroidx/recyclerview/widget/ItemTouchHelper$Callback, implements []
COMPONENT CONCAT > Lcom/chad/library/adapter/base/DraggableController;->onItemSwipeStart(Landroidx/recyclerview/widget/RecyclerView$ViewHolder;)V < extends Ljava/lang/Object, implements ['Lcom/chad/library/adapter/base/listener/IDraggableListener']
COMPONENT CONCAT > Lcom/chad/library/adapter/base/DraggableController;->onItemDragMoving(Landroidx/recyclerview/widget/RecyclerView$ViewHolder;Landroidx/recyclerview/widget/RecyclerView$ViewHolder;)V < extends Ljava/lang/Object, implements ['Lcom/chad/library/adapter/base/listener/IDraggableListener']
COMPONENT CONCAT > Lcom/chad/library/adapter/base/listener/OnItemClickListener;-><init>()V < extends Ljava/lang/Object, implements ['Landroidx/recyclerview/widget/RecyclerView$OnItemTouchListener']
COMPONENT CONCAT > Lcom/chad/library/adapter/base/BaseSectionQuickAdapter;->onBindViewHolder(Landroidx/recyclerview/widget/RecyclerView$ViewHolder;I)V < extends Landroidx/recyclerview/widget/RecyclerView$Adapter, implements []
COMPONENT CONCAT > Lcom/chad/library/adapter/base/DraggableController;->onItemDragEnd(Landroidx/recyclerview/widget/RecyclerView$ViewHolder;)V < extends Ljava/lang/Object, implements ['Lcom/chad/library/adapter/base/listener/IDraggableListener']
COMPONENT CONCAT > Lcom/chad/library/adapter/base/MultipleItemRvAdapter;->bindViewClickListener(Lcom/chad/library/adapter/base/BaseViewHolder;)V < extends Landroidx/recyclerview/widget/RecyclerView$Adapter, implements []
COMPONENT CONCAT > Lcom/chad/library/adapter/base/BaseSectionQuickAdapter;->onCreateDefViewHolder(Landroid/view/ViewGroup;I)Lcom/chad/library/adapter/base/BaseViewHolder; < extends Landroidx/recyclerview/widget/RecyclerView$Adapter, implements []
COMPONENT CONCAT > Lcom/chad/library/adapter/base/callback/ItemDragAndSwipeCallback;->onMoved(Landroidx/recyclerview/widget/RecyclerView;Landroidx/recyclerview/widget/RecyclerView$ViewHolder;ILandroidx/recyclerview/widget/RecyclerView$ViewHolder;III)V < extends Landroidx/recyclerview/widget/ItemTouchHelper$Callback, implements []
COMPONENT CONCAT > Lcom/chad/library/adapter/base/DraggableController;->onItemDragStart(Landroidx/recyclerview/widget/RecyclerView$ViewHolder;)V < extends Ljava/lang/Object, implements ['Lcom/chad/library/adapter/base/listener/IDraggableListener']
COMPONENT CONCAT > Lcom/chad/library/adapter/base/callback/ItemDragAndSwipeCallback;->isItemViewSwipeEnabled()Z < extends Landroidx/recyclerview/widget/ItemTouchHelper$Callback, implements []
COMPONENT CONCAT > Lcom/chad/library/adapter/base/BaseSectionMultiItemQuickAdapter;->onBindViewHolder(Landroidx/recyclerview/widget/RecyclerView$ViewHolder;I)V < extends Landroidx/recyclerview/widget/RecyclerView$Adapter, implements []
COMPONENT CONCAT > Lcom/chad/library/adapter/base/DraggableController;->onItemSwipeClear(Landroidx/recyclerview/widget/RecyclerView$ViewHolder;)V < extends Ljava/lang/Object, implements ['Lcom/chad/library/adapter/base/listener/IDraggableListener']
COMPONENT CONCAT > Lcom/chad/library/adapter/base/listener/OnItemLongClickListener;-><init>()V < extends Ljava/lang/Object, implements ['Landroidx/recyclerview/widget/RecyclerView$OnItemTouchListener']
COMPONENT CONCAT > Lcom/chad/library/adapter/base/BaseMultiItemQuickAdapter;->onCreateDefViewHolder(Landroid/view/ViewGroup;I)Lcom/chad/library/adapter/base/BaseViewHolder; < extends Landroidx/recyclerview/widget/RecyclerView$Adapter, implements []
COMPONENT CONCAT > Lcom/chad/library/adapter/base/listener/OnItemChildClickListener;-><init>()V < extends Ljava/lang/Object, implements ['Landroidx/recyclerview/widget/RecyclerView$OnItemTouchListener']
COMPONENT CONCAT > Lcom/chad/library/adapter/base/MultipleItemRvAdapter;->onCreateDefViewHolder(Landroid/view/ViewGroup;I)Lcom/chad/library/adapter/base/BaseViewHolder; < extends Landroidx/recyclerview/widget/RecyclerView$Adapter, implements []
MISSING ID > Lcom/blood/pressure/bp/ui/bmi/u;->onClick(Landroid/view/View;)V <
MISSING ID > Lcom/blood/pressure/bp/ui/bmi/WeightBmiDetailFragment;->p(Lcom/blood/pressure/bp/ui/bmi/WeightBmiDetailFragment;Landroid/view/View;)V <
MISSING ID > Lcom/blood/pressure/bp/ui/bmi/WeightBmiDetailFragment;->N(Landroid/view/View;)V <
MISSING ID > Lcom/blood/pressure/bp/ui/history/HistoryItemsFragment;->onCreateView(Landroid/view/LayoutInflater;Landroid/view/ViewGroup;Landroid/os/Bundle;)Landroid/view/View; <
MISSING ID > Lcom/blood/pressure/bp/ui/scan/ScanResultHistoryAdapter;->e(Landroid/view/ViewGroup;)Landroidx/databinding/ViewDataBinding; <
MISSING ID > Lcom/blood/pressure/bp/ui/scan/ScanResultHistoryAdapter;->p(Landroid/view/ViewGroup;)Lcom/blood/pressure/bp/databinding/ItemHistoryQrScanBinding; <
MISSING ID > Lcom/blood/pressure/bp/ui/scan/c0;->onClick(Landroid/view/View;)V <
MISSING ID > Lcom/blood/pressure/bp/ui/scan/ScanResultHistoryAdapter;->l(Lcom/blood/pressure/bp/databinding/ItemHistoryQrScanBinding;Landroid/view/View;)V <
MISSING ID > Lcom/blood/pressure/bp/ui/scan/ScanResultHistoryAdapter;->q(Lcom/blood/pressure/bp/databinding/ItemHistoryQrScanBinding;Landroid/view/View;)V <
MISSING ID > Lcom/blood/pressure/bp/ui/bloodpressure/w;->onClick(Landroid/view/View;)V <
MISSING ID > Lcom/blood/pressure/bp/ui/bloodpressure/BloodPressureDetailFragment;->t(Lcom/blood/pressure/bp/ui/bloodpressure/BloodPressureDetailFragment;Landroid/view/View;)V <
MISSING ID > Lcom/blood/pressure/bp/ui/bloodpressure/BloodPressureDetailFragment;->Y(Landroid/view/View;)V <
MISSING ID > Lcom/blood/pressure/bp/databinding/ActivityContainerBinding;->c(Landroid/view/LayoutInflater;)Lcom/blood/pressure/bp/databinding/ActivityContainerBinding; <
MISSING ID > Lcom/blood/pressure/bp/databinding/ActivityContainerBinding;->d(Landroid/view/LayoutInflater;Landroid/view/ViewGroup;Z)Lcom/blood/pressure/bp/databinding/ActivityContainerBinding; <
COMPONENT CONCAT > Lcom/mbridge/msdk/playercommon/exoplayer2/extractor/mp4/FragmentedMp4Extractor;->read(Lcom/mbridge/msdk/playercommon/exoplayer2/extractor/ExtractorInput;Lcom/mbridge/msdk/playercommon/exoplayer2/extractor/PositionHolder;)I < extends Ljava/lang/Object, implements ['Lcom/mbridge/msdk/playercommon/exoplayer2/extractor/Extractor']
COMPONENT CONCAT > Lcom/mbridge/msdk/out/MBNativeHandler;->registerView(Landroid/view/View;Lcom/mbridge/msdk/out/Campaign;)V < extends Ljava/lang/Object, implements ['Lcom/mbridge/msdk/out/BaseExtraInterfaceForHandler']
COMPONENT CONCAT > Lcom/mbridge/msdk/out/MBNativeHandler;->unregisterView(Landroid/view/View;Lcom/mbridge/msdk/out/Campaign;)V < extends Ljava/lang/Object, implements ['Lcom/mbridge/msdk/out/BaseExtraInterfaceForHandler']
COMPONENT CONCAT > Lcom/mbridge/msdk/out/MBBidNativeHandler;->registerView(Landroid/view/View;Lcom/mbridge/msdk/out/Campaign;)V < extends Ljava/lang/Object, implements ['Lcom/mbridge/msdk/out/BaseExtraInterfaceForHandler']
COMPONENT CONCAT > Lcom/mbridge/msdk/out/MBBidNativeHandler;->unregisterView(Landroid/view/View;Lcom/mbridge/msdk/out/Campaign;)V < extends Ljava/lang/Object, implements ['Lcom/mbridge/msdk/out/BaseExtraInterfaceForHandler']
COMPONENT CONCAT > Lcom/facebook/gamingservices/GamingVideoUploader;->a(Ljava/lang/String;Landroid/net/Uri;)V < extends Ljava/lang/Object, implements []
COMPONENT CONCAT > Lcom/facebook/share/widget/SendButton;->getDialog()Lcom/facebook/share/widget/ShareDialog; < extends Landroid/widget/Button, implements []
COMPONENT CONCAT > Lcom/facebook/share/widget/ShareButton;->getDialog()Lcom/facebook/share/widget/ShareDialog; < extends Landroid/widget/Button, implements []
COMPONENT CONCAT > Lcom/facebook/share/widget/ShareDialog;-><init>(Landroidx/fragment/app/Fragment;)V < extends Ljava/lang/Object, implements ['Lcom/facebook/share/Sharer', 'Lcom/facebook/FacebookDialog']
COMPONENT CONCAT > Lcom/facebook/share/widget/ShareDialog;->F(Landroidx/fragment/app/Fragment;Lcom/facebook/share/model/ShareContent;)V < extends Ljava/lang/Object, implements ['Lcom/facebook/share/Sharer', 'Lcom/facebook/FacebookDialog']
COMPONENT CONCAT > Lcom/facebook/share/widget/b;-><init>(Landroid/app/Fragment;)V < extends Ljava/lang/Object, implements ['Lcom/facebook/share/Sharer', 'Lcom/facebook/share/Sharer', 'Lcom/facebook/FacebookDialog']
COMPONENT CONCAT > Lcom/facebook/share/widget/b;-><init>(Landroidx/fragment/app/Fragment;)V < extends Ljava/lang/Object, implements ['Lcom/facebook/share/Sharer', 'Lcom/facebook/share/Sharer', 'Lcom/facebook/FacebookDialog']
COMPONENT CONCAT > Lcom/facebook/share/widget/ShareDialog;->E(Landroid/app/Fragment;Lcom/facebook/share/model/ShareContent;)V < extends Ljava/lang/Object, implements ['Lcom/facebook/share/Sharer', 'Lcom/facebook/FacebookDialog']
COMPONENT CONCAT > Lcom/facebook/share/widget/b;->p()Ljava/util/List; < extends Ljava/lang/Object, implements ['Lcom/facebook/share/Sharer', 'Lcom/facebook/share/Sharer', 'Lcom/facebook/FacebookDialog']
COMPONENT CONCAT > Lcom/facebook/share/widget/ShareDialog;->D(Landroid/app/Activity;Lcom/facebook/share/model/ShareContent;)V < extends Ljava/lang/Object, implements ['Lcom/facebook/share/Sharer', 'Lcom/facebook/FacebookDialog']
COMPONENT CONCAT > Lcom/facebook/share/widget/ShareDialog;-><init>(Landroid/app/Fragment;)V < extends Ljava/lang/Object, implements ['Lcom/facebook/share/Sharer', 'Lcom/facebook/FacebookDialog']
COMPONENT CONCAT > Lcom/facebook/share/widget/b;->E(Landroid/app/Fragment;Lcom/facebook/share/model/ShareContent;)V < extends Ljava/lang/Object, implements ['Lcom/facebook/share/Sharer', 'Lcom/facebook/share/Sharer', 'Lcom/facebook/FacebookDialog']
COMPONENT CONCAT > Lcom/facebook/share/widget/b;->F(Landroidx/fragment/app/Fragment;Lcom/facebook/share/model/ShareContent;)V < extends Ljava/lang/Object, implements ['Lcom/facebook/share/Sharer', 'Lcom/facebook/share/Sharer', 'Lcom/facebook/FacebookDialog']
COMPONENT CONCAT > Lcom/facebook/share/widget/ShareDialog;-><init>(IILkotlin/jvm/internal/DefaultConstructorMarker;)V < extends Ljava/lang/Object, implements ['Lcom/facebook/share/Sharer', 'Lcom/facebook/FacebookDialog']
COMPONENT CONCAT > Lcom/facebook/share/widget/b;->D(Landroid/app/Activity;Lcom/facebook/share/model/ShareContent;)V < extends Ljava/lang/Object, implements ['Lcom/facebook/share/Sharer', 'Lcom/facebook/share/Sharer', 'Lcom/facebook/FacebookDialog']
COMPONENT CONCAT > Lcom/facebook/share/internal/k;->w(Lcom/facebook/share/model/ShareVideoContent;Ljava/lang/String;Lcom/facebook/GraphRequest$OnProgressCallback;)V < extends Ljava/lang/Object, implements []
COMPONENT CONCAT > Lcom/facebook/share/c;->o(Lcom/facebook/share/model/ShareContent;Lcom/facebook/FacebookCallback;)V < extends Ljava/lang/Object, implements []
COMPONENT CONCAT > Lcom/applovin/exoplayer2/aw;->b(Lcom/applovin/exoplayer2/an$d;)V < extends Ljava/lang/Object, implements ['Lcom/applovin/exoplayer2/q', 'Lcom/applovin/exoplayer2/an']
COMPONENT CONCAT > Lcom/applovin/exoplayer2/r;->b(Lcom/applovin/exoplayer2/an$d;)V < extends Ljava/lang/Object, implements ['Lcom/applovin/exoplayer2/an']
COMPONENT CONCAT > Lcom/applovin/exoplayer2/a/a;->a(ILcom/applovin/exoplayer2/h/p$a;Lcom/applovin/exoplayer2/h/j;Lcom/applovin/exoplayer2/h/m;Ljava/io/IOException;Z)V < extends Ljava/lang/Object, implements ['Lcom/applovin/exoplayer2/an$d', 'Lcom/applovin/exoplayer2/b/g', 'Lcom/applovin/exoplayer2/d/g', 'Lcom/applovin/exoplayer2/h/q', 'Lcom/applovin/exoplayer2/k/d$a', 'Lcom/applovin/exoplayer2/m/n']
COMPONENT CONCAT > Lcom/applovin/exoplayer2/a/a;->b_(Z)V < extends Ljava/lang/Object, implements ['Lcom/applovin/exoplayer2/an$d', 'Lcom/applovin/exoplayer2/b/g', 'Lcom/applovin/exoplayer2/d/g', 'Lcom/applovin/exoplayer2/h/q', 'Lcom/applovin/exoplayer2/k/d$a', 'Lcom/applovin/exoplayer2/m/n']
COMPONENT CONCAT > Lcom/applovin/exoplayer2/aw;->a(Landroid/view/TextureView;)V < extends Ljava/lang/Object, implements ['Lcom/applovin/exoplayer2/q', 'Lcom/applovin/exoplayer2/an']
COMPONENT CONCAT > Lcom/applovin/exoplayer2/a/a;->a(ILcom/applovin/exoplayer2/h/p$a;I)V < extends Ljava/lang/Object, implements ['Lcom/applovin/exoplayer2/an$d', 'Lcom/applovin/exoplayer2/b/g', 'Lcom/applovin/exoplayer2/d/g', 'Lcom/applovin/exoplayer2/h/q', 'Lcom/applovin/exoplayer2/k/d$a', 'Lcom/applovin/exoplayer2/m/n']
COMPONENT CONCAT > Lcom/applovin/exoplayer2/a/a;->d(I)V < extends Ljava/lang/Object, implements ['Lcom/applovin/exoplayer2/an$d', 'Lcom/applovin/exoplayer2/b/g', 'Lcom/applovin/exoplayer2/d/g', 'Lcom/applovin/exoplayer2/h/q', 'Lcom/applovin/exoplayer2/k/d$a', 'Lcom/applovin/exoplayer2/m/n']
COMPONENT CONCAT > Lcom/applovin/exoplayer2/a/a;->b()V < extends Ljava/lang/Object, implements ['Lcom/applovin/exoplayer2/an$d', 'Lcom/applovin/exoplayer2/b/g', 'Lcom/applovin/exoplayer2/d/g', 'Lcom/applovin/exoplayer2/h/q', 'Lcom/applovin/exoplayer2/k/d$a', 'Lcom/applovin/exoplayer2/m/n']
COMPONENT CONCAT > Lcom/applovin/exoplayer2/a/a;->a(Lcom/applovin/exoplayer2/an$e;Lcom/applovin/exoplayer2/an$e;I)V < extends Ljava/lang/Object, implements ['Lcom/applovin/exoplayer2/an$d', 'Lcom/applovin/exoplayer2/b/g', 'Lcom/applovin/exoplayer2/d/g', 'Lcom/applovin/exoplayer2/h/q', 'Lcom/applovin/exoplayer2/k/d$a', 'Lcom/applovin/exoplayer2/m/n']
COMPONENT CONCAT > Lcom/applovin/exoplayer2/a/a;->b(I)V < extends Ljava/lang/Object, implements ['Lcom/applovin/exoplayer2/an$d', 'Lcom/applovin/exoplayer2/b/g', 'Lcom/applovin/exoplayer2/d/g', 'Lcom/applovin/exoplayer2/h/q', 'Lcom/applovin/exoplayer2/k/d$a', 'Lcom/applovin/exoplayer2/m/n']
COMPONENT CONCAT > Lcom/applovin/exoplayer2/a/a;->b(ILcom/applovin/exoplayer2/h/p$a;)V < extends Ljava/lang/Object, implements ['Lcom/applovin/exoplayer2/an$d', 'Lcom/applovin/exoplayer2/b/g', 'Lcom/applovin/exoplayer2/d/g', 'Lcom/applovin/exoplayer2/h/q', 'Lcom/applovin/exoplayer2/k/d$a', 'Lcom/applovin/exoplayer2/m/n']
COMPONENT CONCAT > Lcom/applovin/exoplayer2/aw;->a(Landroid/view/SurfaceView;)V < extends Ljava/lang/Object, implements ['Lcom/applovin/exoplayer2/q', 'Lcom/applovin/exoplayer2/an']
COMPONENT CONCAT > Lcom/applovin/exoplayer2/aw;->b(Landroid/view/TextureView;)V < extends Ljava/lang/Object, implements ['Lcom/applovin/exoplayer2/q', 'Lcom/applovin/exoplayer2/an']
COMPONENT CONCAT > Lcom/applovin/exoplayer2/a/a;->a(Lcom/applovin/exoplayer2/h/ad;Lcom/applovin/exoplayer2/j/h;)V < extends Ljava/lang/Object, implements ['Lcom/applovin/exoplayer2/an$d', 'Lcom/applovin/exoplayer2/b/g', 'Lcom/applovin/exoplayer2/d/g', 'Lcom/applovin/exoplayer2/h/q', 'Lcom/applovin/exoplayer2/k/d$a', 'Lcom/applovin/exoplayer2/m/n']
COMPONENT CONCAT > Lcom/applovin/exoplayer2/aw;->a(IJ)V < extends Ljava/lang/Object, implements ['Lcom/applovin/exoplayer2/q', 'Lcom/applovin/exoplayer2/an']
COMPONENT CONCAT > Lcom/applovin/exoplayer2/a/a;->b(ZI)V < extends Ljava/lang/Object, implements ['Lcom/applovin/exoplayer2/an$d', 'Lcom/applovin/exoplayer2/b/g', 'Lcom/applovin/exoplayer2/d/g', 'Lcom/applovin/exoplayer2/h/q', 'Lcom/applovin/exoplayer2/k/d$a', 'Lcom/applovin/exoplayer2/m/n']
COMPONENT CONCAT > Lcom/applovin/exoplayer2/a/a;->a(Lcom/applovin/exoplayer2/ab;I)V < extends Ljava/lang/Object, implements ['Lcom/applovin/exoplayer2/an$d', 'Lcom/applovin/exoplayer2/b/g', 'Lcom/applovin/exoplayer2/d/g', 'Lcom/applovin/exoplayer2/h/q', 'Lcom/applovin/exoplayer2/k/d$a', 'Lcom/applovin/exoplayer2/m/n']
COMPONENT CONCAT > Lcom/applovin/exoplayer2/aw;->b(Z)V < extends Ljava/lang/Object, implements ['Lcom/applovin/exoplayer2/q', 'Lcom/applovin/exoplayer2/an']
COMPONENT CONCAT > Lcom/applovin/exoplayer2/r;->a(Z)V < extends Ljava/lang/Object, implements ['Lcom/applovin/exoplayer2/an']
COMPONENT CONCAT > Lcom/applovin/exoplayer2/a/a;->d(ILcom/applovin/exoplayer2/h/p$a;)V < extends Ljava/lang/Object, implements ['Lcom/applovin/exoplayer2/an$d', 'Lcom/applovin/exoplayer2/b/g', 'Lcom/applovin/exoplayer2/d/g', 'Lcom/applovin/exoplayer2/h/q', 'Lcom/applovin/exoplayer2/k/d$a', 'Lcom/applovin/exoplayer2/m/n']
COMPONENT CONCAT > Lcom/applovin/exoplayer2/a/a;->a(ILcom/applovin/exoplayer2/h/p$a;Lcom/applovin/exoplayer2/h/j;Lcom/applovin/exoplayer2/h/m;)V < extends Ljava/lang/Object, implements ['Lcom/applovin/exoplayer2/an$d', 'Lcom/applovin/exoplayer2/b/g', 'Lcom/applovin/exoplayer2/d/g', 'Lcom/applovin/exoplayer2/h/q', 'Lcom/applovin/exoplayer2/k/d$a', 'Lcom/applovin/exoplayer2/m/n']
COMPONENT CONCAT > Lcom/applovin/impl/adview/activity/b/c;->e()V < extends Ljava/lang/Object, implements ['Lcom/applovin/communicator/AppLovinCommunicatorSubscriber', 'Lcom/applovin/impl/sdk/AppLovinBroadcastManager$Receiver', 'Lcom/applovin/impl/sdk/b/b$a']
COMPONENT CONCAT > Lcom/applovin/exoplayer2/a/a;->c(ILcom/applovin/exoplayer2/h/p$a;Lcom/applovin/exoplayer2/h/j;Lcom/applovin/exoplayer2/h/m;)V < extends Ljava/lang/Object, implements ['Lcom/applovin/exoplayer2/an$d', 'Lcom/applovin/exoplayer2/b/g', 'Lcom/applovin/exoplayer2/d/g', 'Lcom/applovin/exoplayer2/h/q', 'Lcom/applovin/exoplayer2/k/d$a', 'Lcom/applovin/exoplayer2/m/n']
COMPONENT CONCAT > Lcom/applovin/exoplayer2/a/a;->a(Lcom/applovin/exoplayer2/ak;)V < extends Ljava/lang/Object, implements ['Lcom/applovin/exoplayer2/an$d', 'Lcom/applovin/exoplayer2/b/g', 'Lcom/applovin/exoplayer2/d/g', 'Lcom/applovin/exoplayer2/h/q', 'Lcom/applovin/exoplayer2/k/d$a', 'Lcom/applovin/exoplayer2/m/n']
COMPONENT CONCAT > Lcom/applovin/exoplayer2/a/a;->a(ILcom/applovin/exoplayer2/h/p$a;Lcom/applovin/exoplayer2/h/m;)V < extends Ljava/lang/Object, implements ['Lcom/applovin/exoplayer2/an$d', 'Lcom/applovin/exoplayer2/b/g', 'Lcom/applovin/exoplayer2/d/g', 'Lcom/applovin/exoplayer2/h/q', 'Lcom/applovin/exoplayer2/k/d$a', 'Lcom/applovin/exoplayer2/m/n']
COMPONENT CONCAT > Lcom/applovin/exoplayer2/a/a;->a(ILcom/applovin/exoplayer2/h/p$a;)V < extends Ljava/lang/Object, implements ['Lcom/applovin/exoplayer2/an$d', 'Lcom/applovin/exoplayer2/b/g', 'Lcom/applovin/exoplayer2/d/g', 'Lcom/applovin/exoplayer2/h/q', 'Lcom/applovin/exoplayer2/k/d$a', 'Lcom/applovin/exoplayer2/m/n']
COMPONENT CONCAT > Lcom/applovin/exoplayer2/aw;->b(Landroid/view/SurfaceView;)V < extends Ljava/lang/Object, implements ['Lcom/applovin/exoplayer2/q', 'Lcom/applovin/exoplayer2/an']
COMPONENT CONCAT > Lcom/applovin/exoplayer2/a/a;->a(Lcom/applovin/exoplayer2/ac;)V < extends Ljava/lang/Object, implements ['Lcom/applovin/exoplayer2/an$d', 'Lcom/applovin/exoplayer2/b/g', 'Lcom/applovin/exoplayer2/d/g', 'Lcom/applovin/exoplayer2/h/q', 'Lcom/applovin/exoplayer2/k/d$a', 'Lcom/applovin/exoplayer2/m/n']
COMPONENT CONCAT > Lcom/applovin/exoplayer2/a/a;->a(ILcom/applovin/exoplayer2/h/p$a;Ljava/lang/Exception;)V < extends Ljava/lang/Object, implements ['Lcom/applovin/exoplayer2/an$d', 'Lcom/applovin/exoplayer2/b/g', 'Lcom/applovin/exoplayer2/d/g', 'Lcom/applovin/exoplayer2/h/q', 'Lcom/applovin/exoplayer2/k/d$a', 'Lcom/applovin/exoplayer2/m/n']
COMPONENT CONCAT > Lcom/applovin/exoplayer2/a/a;->a(Lcom/applovin/exoplayer2/an$a;)V < extends Ljava/lang/Object, implements ['Lcom/applovin/exoplayer2/an$d', 'Lcom/applovin/exoplayer2/b/g', 'Lcom/applovin/exoplayer2/d/g', 'Lcom/applovin/exoplayer2/h/q', 'Lcom/applovin/exoplayer2/k/d$a', 'Lcom/applovin/exoplayer2/m/n']
COMPONENT CONCAT > Lcom/applovin/exoplayer2/a/a;->c(ILcom/applovin/exoplayer2/h/p$a;)V < extends Ljava/lang/Object, implements ['Lcom/applovin/exoplayer2/an$d', 'Lcom/applovin/exoplayer2/b/g', 'Lcom/applovin/exoplayer2/d/g', 'Lcom/applovin/exoplayer2/h/q', 'Lcom/applovin/exoplayer2/k/d$a', 'Lcom/applovin/exoplayer2/m/n']
COMPONENT CONCAT > Lcom/applovin/exoplayer2/a/a;->b(ILcom/applovin/exoplayer2/h/p$a;Lcom/applovin/exoplayer2/h/j;Lcom/applovin/exoplayer2/h/m;)V < extends Ljava/lang/Object, implements ['Lcom/applovin/exoplayer2/an$d', 'Lcom/applovin/exoplayer2/b/g', 'Lcom/applovin/exoplayer2/d/g', 'Lcom/applovin/exoplayer2/h/q', 'Lcom/applovin/exoplayer2/k/d$a', 'Lcom/applovin/exoplayer2/m/n']
COMPONENT CONCAT > Lcom/applovin/exoplayer2/a/a;->c(I)V < extends Ljava/lang/Object, implements ['Lcom/applovin/exoplayer2/an$d', 'Lcom/applovin/exoplayer2/b/g', 'Lcom/applovin/exoplayer2/d/g', 'Lcom/applovin/exoplayer2/h/q', 'Lcom/applovin/exoplayer2/k/d$a', 'Lcom/applovin/exoplayer2/m/n']
COMPONENT CONCAT > Lcom/applovin/exoplayer2/y1;->onPlaybackInfoUpdate(Lcom/applovin/exoplayer2/s$d;)V < extends Ljava/lang/Object, implements ['Lcom/applovin/exoplayer2/s$e']
COMPONENT CONCAT > Lcom/applovin/exoplayer2/a/a;->b(IJJ)V < extends Ljava/lang/Object, implements ['Lcom/applovin/exoplayer2/an$d', 'Lcom/applovin/exoplayer2/b/g', 'Lcom/applovin/exoplayer2/d/g', 'Lcom/applovin/exoplayer2/h/q', 'Lcom/applovin/exoplayer2/k/d$a', 'Lcom/applovin/exoplayer2/m/n']
COMPONENT CONCAT > Lcom/applovin/exoplayer2/a/a;->e(Z)V < extends Ljava/lang/Object, implements ['Lcom/applovin/exoplayer2/an$d', 'Lcom/applovin/exoplayer2/b/g', 'Lcom/applovin/exoplayer2/d/g', 'Lcom/applovin/exoplayer2/h/q', 'Lcom/applovin/exoplayer2/k/d$a', 'Lcom/applovin/exoplayer2/m/n']
COMPONENT CONCAT > Lcom/applovin/exoplayer2/a/a;->a(Lcom/applovin/exoplayer2/am;)V < extends Ljava/lang/Object, implements ['Lcom/applovin/exoplayer2/an$d', 'Lcom/applovin/exoplayer2/b/g', 'Lcom/applovin/exoplayer2/d/g', 'Lcom/applovin/exoplayer2/h/q', 'Lcom/applovin/exoplayer2/k/d$a', 'Lcom/applovin/exoplayer2/m/n']
COMPONENT CONCAT > Lcom/applovin/exoplayer2/a/a;->d(Z)V < extends Ljava/lang/Object, implements ['Lcom/applovin/exoplayer2/an$d', 'Lcom/applovin/exoplayer2/b/g', 'Lcom/applovin/exoplayer2/d/g', 'Lcom/applovin/exoplayer2/h/q', 'Lcom/applovin/exoplayer2/k/d$a', 'Lcom/applovin/exoplayer2/m/n']
COMPONENT CONCAT > Lcom/applovin/exoplayer2/a/a;->a(ZI)V < extends Ljava/lang/Object, implements ['Lcom/applovin/exoplayer2/an$d', 'Lcom/applovin/exoplayer2/b/g', 'Lcom/applovin/exoplayer2/d/g', 'Lcom/applovin/exoplayer2/h/q', 'Lcom/applovin/exoplayer2/k/d$a', 'Lcom/applovin/exoplayer2/m/n']
COMPONENT CONCAT > Lcom/applovin/exoplayer2/a/a;->a(Lcom/applovin/exoplayer2/ba;I)V < extends Ljava/lang/Object, implements ['Lcom/applovin/exoplayer2/an$d', 'Lcom/applovin/exoplayer2/b/g', 'Lcom/applovin/exoplayer2/d/g', 'Lcom/applovin/exoplayer2/h/q', 'Lcom/applovin/exoplayer2/k/d$a', 'Lcom/applovin/exoplayer2/m/n']
MISSING ID > Lcom/blood/pressure/bp/ui/info/LifeStyleFragment;->onClick(Landroid/view/View;)V <
MISSING ID > Lcom/blood/pressure/bp/ui/info/q0;->onClick(Landroid/view/View;)V <
MISSING ID > Lcom/blood/pressure/bp/ui/info/TestInfoAdapter;->l(Lcom/blood/pressure/bp/databinding/ItemTestViewBinding;Lcom/blood/pressure/bp/beans/TestModel;Landroid/view/View;)V <
MISSING ID > Lcom/blood/pressure/bp/ui/info/TestInfoAdapter;->q(Lcom/blood/pressure/bp/databinding/ItemTestViewBinding;Lcom/blood/pressure/bp/beans/TestModel;Landroid/view/View;)V <
MISSING ID > Lcom/blood/pressure/bp/ui/test/b;->onClick(Landroid/view/View;)V <
MISSING ID > Lcom/blood/pressure/bp/ui/test/CommonTestCheckupActivity;->j(Lcom/blood/pressure/bp/ui/test/CommonTestCheckupActivity;Landroid/view/View;)V <
MISSING ID > Lcom/blood/pressure/bp/ui/test/CommonTestCheckupActivity;->n(Landroid/view/View;)V <
MISSING ID > Lcom/blood/pressure/bp/ui/test/k;->onClick(Landroid/view/View;)V <
MISSING ID > Lcom/blood/pressure/bp/ui/test/TestDetailActivity;->m(Lcom/blood/pressure/bp/ui/test/TestDetailActivity;Landroid/view/View;)V <
MISSING ID > Lcom/blood/pressure/bp/ui/test/TestDetailActivity;->B(Landroid/view/View;)V <
MISSING ID > Lcom/blood/pressure/bp/ui/test/m;->onClick(Landroid/view/View;)V <
MISSING ID > Lcom/blood/pressure/bp/ui/test/TestDetailActivity;->i(Lcom/blood/pressure/bp/ui/test/TestDetailActivity;Landroid/view/View;)V <
MISSING ID > Lcom/blood/pressure/bp/ui/test/TestDetailActivity;->D(Landroid/view/View;)V <
COMPONENT CONCAT > Lcom/applovin/exoplayer2/j/o;->fromBundle(Landroid/os/Bundle;)Lcom/applovin/exoplayer2/g; < extends Ljava/lang/Object, implements ['Lcom/applovin/exoplayer2/g$a']
COMPONENT CONCAT > Lcom/applovin/exoplayer2/h/b0;->fromBundle(Landroid/os/Bundle;)Lcom/applovin/exoplayer2/g; < extends Ljava/lang/Object, implements ['Lcom/applovin/exoplayer2/g$a']
COMPONENT CONCAT > Lcom/applovin/exoplayer2/v0;->fromBundle(Landroid/os/Bundle;)Lcom/applovin/exoplayer2/g; < extends Ljava/lang/Object, implements ['Lcom/applovin/exoplayer2/g$a']
COMPONENT CONCAT > Lcom/applovin/exoplayer2/h/c0;->fromBundle(Landroid/os/Bundle;)Lcom/applovin/exoplayer2/g; < extends Ljava/lang/Object, implements ['Lcom/applovin/exoplayer2/g$a']
COMPONENT CONCAT > Lcom/applovin/exoplayer2/j/r;->fromBundle(Landroid/os/Bundle;)Lcom/applovin/exoplayer2/g; < extends Ljava/lang/Object, implements ['Lcom/applovin/exoplayer2/g$a']
COMPONENT CONCAT > Lcom/applovin/exoplayer2/e/d/a;->a(Lcom/applovin/exoplayer2/e/i;Lcom/applovin/exoplayer2/e/u;)I < extends Ljava/lang/Object, implements ['Lcom/applovin/exoplayer2/e/h']
COMPONENT CONCAT > Lcom/applovin/exoplayer2/j/c;-><init>()V < extends Ljava/lang/Object, implements []
COMPONENT CONCAT > Lcom/applovin/exoplayer2/i/c;->b()Ljava/lang/Object; < extends Ljava/lang/Object, implements ['Lcom/applovin/exoplayer2/i/g']
COMPONENT CONCAT > Lcom/applovin/mediation/adapters/AppLovinMediationAdapter;->showRewardedInterstitialAd(Lcom/applovin/mediation/adapter/parameters/MaxAdapterResponseParameters;Landroid/app/Activity;Lcom/applovin/mediation/adapter/listeners/MaxRewardedInterstitialAdapterListener;)V < extends Ljava/lang/Object, implements ['Lcom/applovin/mediation/adapter/MaxAdViewAdapter', 'Lcom/applovin/mediation/adapter/MaxAppOpenAdapter', 'Lcom/applovin/mediation/adapter/MaxInterstitialAdapter', 'Lcom/applovin/mediation/adapter/MaxRewardedAdapter', 'Lcom/applovin/mediation/adapter/MaxRewardedInterstitialAdapter', 'Lcom/applovin/mediation/adapter/MaxSignalProvider', 'Lcom/applovin/mediation/adapter/MaxAdapter', 'Lcom/applovin/mediation/adapter/MaxAppOpenAdapter', 'Lcom/applovin/mediation/adapter/MaxInterstitialAdViewAdapter', 'Lcom/applovin/mediation/adapter/MaxNativeAdAdapter', 'Lcom/applovin/mediation/adapter/MaxRewardedAdViewAdapter']
COMPONENT CONCAT > Lcom/applovin/adview/AppLovinIncentivizedInterstitial;->show(Landroid/content/Context;Lcom/applovin/sdk/AppLovinAdRewardListener;)V < extends Ljava/lang/Object, implements []
COMPONENT CONCAT > Lcom/google/ads/mediation/applovin/AppLovinMediationAdapter;->loadRtbRewardedAd(Lcom/google/android/gms/ads/mediation/MediationRewardedAdConfiguration;Lcom/google/android/gms/ads/mediation/MediationAdLoadCallback;)V < extends Ljava/lang/Object, implements ['Lcom/google/android/gms/ads/mediation/MediationExtrasReceiver']
COMPONENT CONCAT > Lcom/applovin/mediation/adapters/AppLovinMediationAdapter;->showRewardedAd(Lcom/applovin/mediation/adapter/parameters/MaxAdapterResponseParameters;Landroid/app/Activity;Lcom/applovin/mediation/adapter/listeners/MaxRewardedAdapterListener;)V < extends Ljava/lang/Object, implements ['Lcom/applovin/mediation/adapter/MaxAdViewAdapter', 'Lcom/applovin/mediation/adapter/MaxAppOpenAdapter', 'Lcom/applovin/mediation/adapter/MaxInterstitialAdapter', 'Lcom/applovin/mediation/adapter/MaxRewardedAdapter', 'Lcom/applovin/mediation/adapter/MaxRewardedInterstitialAdapter', 'Lcom/applovin/mediation/adapter/MaxSignalProvider', 'Lcom/applovin/mediation/adapter/MaxAdapter', 'Lcom/applovin/mediation/adapter/MaxAppOpenAdapter', 'Lcom/applovin/mediation/adapter/MaxInterstitialAdViewAdapter', 'Lcom/applovin/mediation/adapter/MaxNativeAdAdapter', 'Lcom/applovin/mediation/adapter/MaxRewardedAdViewAdapter']
COMPONENT CONCAT > Lcom/applovin/adview/AppLovinIncentivizedInterstitial;->show(Landroid/content/Context;)V < extends Ljava/lang/Object, implements []
COMPONENT CONCAT > Lcom/applovin/mediation/adapters/AppLovinMediationAdapter;->showRewardedAd(Lcom/applovin/mediation/adapter/parameters/MaxAdapterResponseParameters;Landroid/view/ViewGroup;Landroidx/lifecycle/Lifecycle;Landroid/app/Activity;Lcom/applovin/mediation/adapter/listeners/MaxRewardedAdapterListener;)V < extends Ljava/lang/Object, implements ['Lcom/applovin/mediation/adapter/MaxAdViewAdapter', 'Lcom/applovin/mediation/adapter/MaxAppOpenAdapter', 'Lcom/applovin/mediation/adapter/MaxInterstitialAdapter', 'Lcom/applovin/mediation/adapter/MaxRewardedAdapter', 'Lcom/applovin/mediation/adapter/MaxRewardedInterstitialAdapter', 'Lcom/applovin/mediation/adapter/MaxSignalProvider', 'Lcom/applovin/mediation/adapter/MaxAdapter', 'Lcom/applovin/mediation/adapter/MaxAppOpenAdapter', 'Lcom/applovin/mediation/adapter/MaxInterstitialAdViewAdapter', 'Lcom/applovin/mediation/adapter/MaxNativeAdAdapter', 'Lcom/applovin/mediation/adapter/MaxRewardedAdViewAdapter']
COMPONENT CONCAT > Lcom/mbridge/msdk/thrid/okhttp/internal/connection/ConnectInterceptor;->intercept(Lcom/mbridge/msdk/thrid/okhttp/Interceptor$Chain;)Lcom/mbridge/msdk/thrid/okhttp/Response; < extends Ljava/lang/Object, implements ['Lcom/mbridge/msdk/thrid/okhttp/Interceptor']
COMPONENT CONCAT > Lcom/mbridge/msdk/thrid/okhttp/internal/http2/Http2Connection;->pushStream(ILjava/util/List;Z)Lcom/mbridge/msdk/thrid/okhttp/internal/http2/Http2Stream; < extends Ljava/lang/Object, implements ['Ljava/io/Closeable']
COMPONENT CONCAT > Lcom/mbridge/msdk/thrid/okhttp/internal/http2/Http2Codec;->writeRequestHeaders(Lcom/mbridge/msdk/thrid/okhttp/Request;)V < extends Ljava/lang/Object, implements ['Lcom/mbridge/msdk/thrid/okhttp/internal/http/HttpCodec']
COMPONENT CONCAT > Lcom/applovin/exoplayer2/e/i/w;->a(Lcom/applovin/exoplayer2/e/i;Lcom/applovin/exoplayer2/e/u;)I < extends Ljava/lang/Object, implements ['Lcom/applovin/exoplayer2/e/h']
COMPONENT CONCAT > Lcom/applovin/exoplayer2/e/i/ac;->a(Lcom/applovin/exoplayer2/e/i;Lcom/applovin/exoplayer2/e/u;)I < extends Ljava/lang/Object, implements ['Lcom/applovin/exoplayer2/e/h']
COMPONENT CONCAT > Lcom/bytedance/sdk/openadsdk/TTC5Proxy;->loadFeed(Landroid/content/Context;Lcom/bytedance/sdk/openadsdk/AdSlot;Lcom/bytedance/sdk/openadsdk/api/nativeAd/PAGNativeAdLoadListener;)V < extends Ljava/lang/Object, implements []
COMPONENT CONCAT > Lcom/bytedance/sdk/openadsdk/e/a;->createInterstitialAdLoader()Lcom/bytedance/sdk/openadsdk/api/factory/IADLoader; < extends Ljava/lang/Object, implements ['Lcom/bytedance/sdk/openadsdk/api/factory/IADTypeLoaderFactory']
COMPONENT CONCAT > Lcom/bytedance/sdk/openadsdk/TTC3Proxy;->verityPlayable(Ljava/lang/String;ILjava/lang/String;Ljava/lang/String;Ljava/lang/String;)V < extends Ljava/lang/Object, implements []
COMPONENT CONCAT > Lcom/bytedance/sdk/openadsdk/j/b/g;->a(Ljava/lang/Object;Lb/b/a/a/e/f;)Ljava/lang/Object; < extends Ljava/lang/Object, implements []
COMPONENT CONCAT > Lcom/bytedance/sdk/openadsdk/e/a;->createRewardAdLoader()Lcom/bytedance/sdk/openadsdk/api/factory/IADLoader; < extends Ljava/lang/Object, implements ['Lcom/bytedance/sdk/openadsdk/api/factory/IADTypeLoaderFactory']
COMPONENT CONCAT > Lcom/bytedance/sdk/openadsdk/e/a;->createNativeAdLoader()Lcom/bytedance/sdk/openadsdk/api/factory/IADLoader; < extends Ljava/lang/Object, implements ['Lcom/bytedance/sdk/openadsdk/api/factory/IADTypeLoaderFactory']
COMPONENT CONCAT > Lcom/bytedance/sdk/openadsdk/activity/TTLandingPageActivity;->onCreate(Landroid/os/Bundle;)V < extends Landroid/app/Activity, implements ['Lcom/bytedance/sdk/openadsdk/i/d']
COMPONENT CONCAT > Lcom/bytedance/sdk/openadsdk/TTC2Proxy;->load(Landroid/content/Context;Lcom/bytedance/sdk/openadsdk/AdSlot;Lcom/bytedance/sdk/openadsdk/api/open/PAGAppOpenAdLoadListener;I)V < extends Ljava/lang/Object, implements []
COMPONENT CONCAT > Lcom/bytedance/sdk/openadsdk/activity/TTVideoLandingPageLink2Activity;->onCreate(Landroid/os/Bundle;)V < extends Landroid/app/Activity, implements ['Lcom/bytedance/sdk/openadsdk/i/d', 'Lcom/bytedance/sdk/openadsdk/i/d']
COMPONENT CONCAT > Lcom/bytedance/sdk/openadsdk/e/a;->createOpenAdLoader()Lcom/bytedance/sdk/openadsdk/api/factory/IADLoader; < extends Ljava/lang/Object, implements ['Lcom/bytedance/sdk/openadsdk/api/factory/IADTypeLoaderFactory']
COMPONENT CONCAT > Lcom/bytedance/sdk/openadsdk/core/q;->a(Lcom/bytedance/sdk/openadsdk/AdSlot;Lcom/bytedance/sdk/openadsdk/core/f0/s;ILcom/bytedance/sdk/openadsdk/core/p$a;)V < extends Ljava/lang/Object, implements ['Lcom/bytedance/sdk/openadsdk/core/p']
COMPONENT CONCAT > Lcom/bytedance/sdk/openadsdk/TTC3Proxy;->loadReward(Landroid/content/Context;Lcom/bytedance/sdk/openadsdk/AdSlot;Lcom/bytedance/sdk/openadsdk/api/reward/PAGRewardedAdLoadListener;)V < extends Ljava/lang/Object, implements []
COMPONENT CONCAT > Lcom/bytedance/sdk/openadsdk/TTC3Proxy;->loadFull(Landroid/content/Context;Lcom/bytedance/sdk/openadsdk/AdSlot;Lcom/bytedance/sdk/openadsdk/api/interstitial/PAGInterstitialAdLoadListener;)V < extends Ljava/lang/Object, implements []
