COMPONENT CONCAT > Lcom/google/android/apps/bard/shellapp/InAppReviewActivity;->onCreate(Landroid/os/Bundle;)V < extends Landroid/app/Activity, implements ['Lbtt', 'Lbuj', 'Lcts', 'Lwc', 'Lxg', 'Lvt', 'Lyg', 'Lki', 'Lko', 'Lpe', 'Lpf', 'Lbc', 'Lbd', 'Lrd', 'Lwc', 'Lrc']
COMPONENT CONCAT > Lanc;->b(Ljava/lang/Exception;)V < extends Ljava/lang/Object, implements ['Laic']
COMPONENT CONCAT > Lzv;->a(Laif;)V < extends Ljava/lang/Object, implements ['Laib']
COMPONENT CONCAT > Lcvc;->a(Landroid/content/Context;)Latd; < extends Ljava/lang/Object, implements ['Lcvb']
COMPONENT CONCAT > Lcom/google/android/material/bottomsheet/BottomSheetBehavior;->l(Landroidx/coordinatorlayout/widget/CoordinatorLayout;Landroid/view/View;Landroid/view/MotionEvent;)Z < extends Ljava/lang/Object, implements []
COMPONENT CONCAT > Lgg;->l(II)V < extends Ljava/lang/Object, implements ['Lgi', 'Lep']
COMPONENT CONCAT > Lasj;->b()Ljava/lang/Object; < extends Ljava/lang/Object, implements ['Lctx']
COMPONENT CONCAT > Lbtb;->a(Ljava/lang/Object;)Ljava/lang/Object; < extends Ljava/lang/Object, implements ['Lcyu', 'Ljava/io/Serializable', 'Lczm']
COMPONENT CONCAT > Lanu;->a(Ljava/lang/Object;)Lcmx; < extends Ljava/lang/Object, implements ['Lclh']
COMPONENT CONCAT > Lcut;->b(Landroid/content/Context;)Ldcj; < extends Ljava/lang/Object, implements ['Lcus']
COMPONENT CONCAT > Lbii;->h(Landroid/view/View;ILandroid/os/Bundle;)Z < extends Ljava/lang/Object, implements []
COMPONENT CONCAT > Lbcj;->uncaughtException(Ljava/lang/Thread;Ljava/lang/Throwable;)V < extends Ljava/lang/Object, implements ['Ljava/lang/Thread$UncaughtExceptionHandler']
COMPONENT CONCAT > Lgn;->b(I)V < extends Ljava/lang/Object, implements []
COMPONENT CONCAT > Lcut;->c(Landroid/content/Context;)Z < extends Ljava/lang/Object, implements ['Lcus']
COMPONENT CONCAT > Ll;->b(Landroid/view/ViewGroup;)V < extends Ljava/lang/Object, implements []
COMPONENT CONCAT > Lbnu;->a()V < extends Ljava/lang/Object, implements ['Lbns', 'Lvq']
COMPONENT CONCAT > Lajr;->b()Ljava/lang/Object; < extends Ljava/lang/Object, implements ['Lctx']
COMPONENT CONCAT > Lali;->newThread(Ljava/lang/Runnable;)Ljava/lang/Thread; < extends Ljava/lang/Object, implements ['Ljava/util/concurrent/ThreadFactory']
COMPONENT CONCAT > Lboo;->b()Ljava/lang/Object; < extends Ljava/lang/Object, implements ['Lctx']
COMPONENT CONCAT > Layq;->a(Ljava/lang/Object;)Lcmx; < extends Ljava/lang/Object, implements ['Lclh']
COMPONENT CONCAT > Lcom/google/android/material/bottomsheet/BottomSheetBehavior;-><init>(Landroid/content/Context;Landroid/util/AttributeSet;)V < extends Ljava/lang/Object, implements []
COMPONENT CONCAT > Lxu;->done()V < extends Ljava/util/concurrent/FutureTask, implements []
COMPONENT CONCAT > Lcex;->A(Ljava/lang/Object;Ljava/lang/Object;Ljava/lang/Object;Ljava/lang/Object;)V < extends Ljava/lang/Object, implements ['Lcff', 'Lcgd']
COMPONENT CONCAT > Lbty;->b()Ljava/lang/Object; < extends Ljava/lang/Object, implements ['Lctx']
COMPONENT CONCAT > Lg;->g(ILv;Ljava/lang/String;)V < extends Ljava/lang/Object, implements ['Lao']
COMPONENT CONCAT > Laia;->a(Laif;)V < extends Ljava/lang/Object, implements ['Laig']
COMPONENT CONCAT > Lacs;->f(Ladg;)V < extends Ljava/lang/Object, implements []
COMPONENT CONCAT > Lcom/google/android/libraries/social/licenses/LicenseMenuActivity;-><init>()V < extends Landroid/app/Activity, implements ['Lbw', 'Lwc', 'Lxg', 'Lvt', 'Lyg', 'Lki', 'Lko', 'Lpe', 'Lpf', 'Lbc', 'Lbd', 'Lrd', 'Lwc', 'Lrc']
COMPONENT CONCAT > Lcvu;->a(Landroid/content/Context;)J < extends Ljava/lang/Object, implements ['Lcvt']
COMPONENT CONCAT > Lbgt;->a()Lcmx; < extends Ljava/lang/Object, implements ['Lclg']
COMPONENT CONCAT > Lahg;->b()Ljava/lang/Object; < extends Ljava/lang/Object, implements ['Lctx']
COMPONENT CONCAT > Lahd;->a(Ljava/lang/Object;Ljava/lang/Object;)V < extends Ljava/lang/Object, implements ['Lads']
COMPONENT CONCAT > Lapt;->newThread(Ljava/lang/Runnable;)Ljava/lang/Thread; < extends Ljava/lang/Object, implements ['Ljava/util/concurrent/ThreadFactory']
COMPONENT CONCAT > Lbtz;->a()V < extends Ljava/lang/Object, implements ['Lbcl']
COMPONENT CONCAT > Lbar;->a()Ljava/lang/Object; < extends Ljava/lang/Object, implements ['Lbzv']
COMPONENT CONCAT > Laky;->schedule(Ljava/util/concurrent/Callable;JLjava/util/concurrent/TimeUnit;)Ljava/util/concurrent/ScheduledFuture; < extends Ljava/util/concurrent/AbstractExecutorService, implements ['Lcnb', 'Lcna']
COMPONENT CONCAT > Ljx;->a()Ljava/lang/Object; < extends Ljava/lang/Object, implements ['Lcyj', 'Ljava/io/Serializable', 'Lczm']
COMPONENT CONCAT > Lbvf;->close()V < extends Ljava/lang/Object, implements ['Lbxm']
COMPONENT CONCAT > Lbtv;->a()Lcmx; < extends Ljava/lang/Object, implements ['Lclg']
COMPONENT CONCAT > Lahy;->a(Laif;)V < extends Ljava/lang/Object, implements ['Laig', 'Laid', 'Laic']
COMPONENT CONCAT > Lcom/google/android/material/theme/MaterialComponentsViewInflater;->b(Landroid/content/Context;Landroid/util/AttributeSet;)Lfm; < extends Landroid/support/v7/app/AppCompatViewInflater, implements []
COMPONENT CONCAT > Lcom/google/android/apps/bard/shellapp/InAppReviewActivity;-><init>()V < extends Landroid/app/Activity, implements ['Lbtt', 'Lbuj', 'Lcts', 'Lwc', 'Lxg', 'Lvt', 'Lyg', 'Lki', 'Lko', 'Lpe', 'Lpf', 'Lbc', 'Lbd', 'Lrd', 'Lwc', 'Lrc']
COMPONENT CONCAT > Laop;->a()Ljava/util/List; < extends Ljava/lang/Object, implements ['Lanv']
COMPONENT CONCAT > Lakg;->schedule(Ljava/util/concurrent/Callable;JLjava/util/concurrent/TimeUnit;)Ljava/util/concurrent/ScheduledFuture; < extends Ljava/lang/Object, implements ['Lcnb', 'Lcna', 'Ljava/util/concurrent/ExecutorService']
COMPONENT CONCAT > Lsb;->k(Landroid/view/View;Ljava/lang/CharSequence;)V < extends Ljava/lang/Object, implements []
COMPONENT CONCAT > Lcvc;->e(Landroid/content/Context;)Z < extends Ljava/lang/Object, implements ['Lcvb']
COMPONENT CONCAT > Lbgj;->a(Ljava/lang/Object;)Lcmx; < extends Ljava/lang/Object, implements ['Lclh']
COMPONENT CONCAT > Laks;->newThread(Ljava/lang/Runnable;)Ljava/lang/Thread; < extends Ljava/lang/Object, implements ['Ljava/util/concurrent/ThreadFactory']
COMPONENT CONCAT > Lahb;->a(Ljava/lang/Object;Ljava/lang/Object;)V < extends Ljava/lang/Object, implements ['Lads']
COMPONENT CONCAT > Lcom/google/android/material/bottomsheet/BottomSheetBehavior;->j(Landroidx/coordinatorlayout/widget/CoordinatorLayout;Landroid/view/View;Landroid/view/MotionEvent;)Z < extends Ljava/lang/Object, implements []
COMPONENT CONCAT > Lasz;->b()Ljava/lang/Object; < extends Ljava/lang/Object, implements ['Lctx']
COMPONENT CONCAT > Ladi;->a(Labb;)V < extends Ljava/lang/Object, implements ['Laea']
COMPONENT CONCAT > Lbgi;->a(Ljava/lang/Object;)Lcmx; < extends Ljava/lang/Object, implements ['Lclh']
COMPONENT CONCAT > Lahe;->a(Ljava/lang/Object;)V < extends Ljava/lang/Object, implements ['Ladl']
COMPONENT CONCAT > Lazv;->b()Ljava/lang/Object; < extends Ljava/lang/Object, implements ['Lctx']
COMPONENT CONCAT > Lbsc;->a(Ljava/lang/String;)Lbrn; < extends Ljava/lang/Object, implements ['Lbri']
COMPONENT CONCAT > Lbuq;->a()V < extends Ljava/lang/Object, implements ['Lbcg']
COMPONENT CONCAT > Lbuu;->onReceive(Landroid/content/Context;Landroid/content/Intent;)V < extends Landroid/content/BroadcastReceiver, implements []
COMPONENT CONCAT > Lcut;->a(Landroid/content/Context;)J < extends Ljava/lang/Object, implements ['Lcus']
COMPONENT CONCAT > Lcvl;->a(Landroid/content/Context;)J < extends Ljava/lang/Object, implements ['Lcvk']
COMPONENT CONCAT > Lbgz;->a(Lasb;Ljava/lang/Object;)Lclp; < extends Ljava/lang/Object, implements ['Lcll']
COMPONENT CONCAT > Laky;->scheduleAtFixedRate(Ljava/lang/Runnable;JJLjava/util/concurrent/TimeUnit;)Ljava/util/concurrent/ScheduledFuture; < extends Ljava/util/concurrent/AbstractExecutorService, implements ['Lcnb', 'Lcna']
COMPONENT CONCAT > Lcvu;->d(Landroid/content/Context;)Ldeg; < extends Ljava/lang/Object, implements ['Lcvt']
COMPONENT CONCAT > Ltt;->h(Landroid/view/View;ILandroid/os/Bundle;)Z < extends Ljava/lang/Object, implements []
COMPONENT CONCAT > Lcex;->o()V < extends Ljava/lang/Object, implements ['Lcff', 'Lcgd']
COMPONENT CONCAT > Lbkj;->f(Landroid/graphics/Rect;)V < extends Ljava/lang/Object, implements []
COMPONENT CONCAT > Lbsx;->b()Ljava/lang/Object; < extends Ljava/lang/Object, implements ['Lctx']
COMPONENT CONCAT > Lbkj;->a()F < extends Ljava/lang/Object, implements []
COMPONENT CONCAT > Lbsk;->a()Lcmx; < extends Ljava/lang/Object, implements ['Lbtu']
COMPONENT CONCAT > Lbkj;->m()Z < extends Ljava/lang/Object, implements []
COMPONENT CONCAT > Laef;->q(Lcis;)V < extends Ljava/lang/Object, implements []
COMPONENT CONCAT > Lapk;->execute(Ljava/lang/Runnable;)V < extends Ljava/lang/Object, implements ['Ljava/util/concurrent/Executor', 'Larb']
COMPONENT CONCAT > Lbtf;->b()Ljava/lang/Object; < extends Ljava/lang/Object, implements ['Lctx']
COMPONENT CONCAT > Lauy;->b()Ljava/lang/Object; < extends Ljava/lang/Object, implements ['Lctx']
COMPONENT CONCAT > Lajq;->b()Ljava/lang/Object; < extends Ljava/lang/Object, implements ['Lctx']
COMPONENT CONCAT > Lamr;->newThread(Ljava/lang/Runnable;)Ljava/lang/Thread; < extends Ljava/lang/Object, implements ['Ljava/util/concurrent/ThreadFactory']
COMPONENT CONCAT > Laws;->b()Ljava/lang/Object; < extends Ljava/lang/Object, implements ['Lctx']
COMPONENT CONCAT > Lkb;->a(Ljava/lang/Object;)Ljava/lang/Object; < extends Ljava/lang/Object, implements ['Lcyu', 'Ljava/io/Serializable', 'Lczm']
COMPONENT CONCAT > Lbov;->b()Ljava/lang/Object; < extends Ljava/lang/Object, implements ['Lctx']
COMPONENT CONCAT > Lakg;->schedule(Ljava/lang/Runnable;JLjava/util/concurrent/TimeUnit;)Ljava/util/concurrent/ScheduledFuture; < extends Ljava/lang/Object, implements ['Lcnb', 'Lcna', 'Ljava/util/concurrent/ExecutorService']
COMPONENT CONCAT > Lclk;->a(Ljava/lang/Object;)Lcmx; < extends Ljava/lang/Object, implements ['Lclh']
COMPONENT CONCAT > Lcvi;->a(Landroid/content/Context;)Lavh; < extends Ljava/lang/Object, implements ['Lcvh']
COMPONENT CONCAT > Lbqv;->submit(Ljava/lang/Runnable;Ljava/lang/Object;)Ljava/util/concurrent/Future; < extends Ljava/lang/Object, implements ['Ljava/util/concurrent/ExecutorService']
COMPONENT CONCAT > Lxn;->c()V < extends Ljava/lang/Object, implements []
COMPONENT CONCAT > Lcex;->t(Ljava/lang/String;Ljava/lang/Object;Ljava/lang/Object;)V < extends Ljava/lang/Object, implements ['Lcff', 'Lcgd']
COMPONENT CONCAT > Lajt;->newThread(Ljava/lang/Runnable;)Ljava/lang/Thread; < extends Ljava/lang/Object, implements ['Ljava/util/concurrent/ThreadFactory']
COMPONENT CONCAT > Lbqv;->execute(Ljava/lang/Runnable;)V < extends Ljava/lang/Object, implements ['Ljava/util/concurrent/ExecutorService']
COMPONENT CONCAT > Lavp;->j(Lapl;)V < extends Ljava/lang/Object, implements ['Laqu']
COMPONENT CONCAT > Lcom/google/android/material/bottomsheet/BottomSheetBehavior;->x(Landroid/view/View;Landroid/view/View;I)V < extends Ljava/lang/Object, implements []
COMPONENT CONCAT > Lakg;->scheduleWithFixedDelay(Ljava/lang/Runnable;JJLjava/util/concurrent/TimeUnit;)Ljava/util/concurrent/ScheduledFuture; < extends Ljava/lang/Object, implements ['Lcnb', 'Lcna', 'Ljava/util/concurrent/ExecutorService']
COMPONENT CONCAT > Lalv;->newThread(Ljava/lang/Runnable;)Ljava/lang/Thread; < extends Ljava/lang/Object, implements ['Ljava/util/concurrent/ThreadFactory']
COMPONENT CONCAT > Laky;->scheduleWithFixedDelay(Ljava/lang/Runnable;JJLjava/util/concurrent/TimeUnit;)Ljava/util/concurrent/ScheduledFuture; < extends Ljava/util/concurrent/AbstractExecutorService, implements ['Lcnb', 'Lcna']
COMPONENT CONCAT > Lbu;->a()V < extends Ljava/lang/Object, implements ['Lkk']
COMPONENT CONCAT > Laip;->a(Ljava/lang/Object;Ljava/lang/Object;)V < extends Ljava/lang/Object, implements ['Lads']
COMPONENT CONCAT > Lcvo;->b(Landroid/content/Context;)Z < extends Ljava/lang/Object, implements ['Lcvn']
COMPONENT CONCAT > Lcvo;->a(Landroid/content/Context;)Z < extends Ljava/lang/Object, implements ['Lcvn']
COMPONENT CONCAT > Lai;->a()V < extends Ljava/lang/Object, implements []
COMPONENT CONCAT > Lbuk;->c(Lvx;)V < extends Ljava/lang/Object, implements []
COMPONENT CONCAT > Lcvi;->b(Landroid/content/Context;)Ldeg; < extends Ljava/lang/Object, implements ['Lcvh']
COMPONENT CONCAT > Lcex;->z(Ljava/lang/Object;I)V < extends Ljava/lang/Object, implements ['Lcff', 'Lcgd']
COMPONENT CONCAT > Lfg;->b(Landroid/content/Context;Ldz;)V < extends Ljava/lang/Object, implements ['Lel']
COMPONENT CONCAT > Lbok;->a()Lcmx; < extends Ljava/lang/Object, implements ['Lclg']
COMPONENT CONCAT > Laky;->schedule(Ljava/lang/Runnable;JLjava/util/concurrent/TimeUnit;)Ljava/util/concurrent/ScheduledFuture; < extends Ljava/util/concurrent/AbstractExecutorService, implements ['Lcnb', 'Lcna']
COMPONENT CONCAT > Lcvu;->e(Landroid/content/Context;)Z < extends Ljava/lang/Object, implements ['Lcvt']
COMPONENT CONCAT > Lcvc;->f(Landroid/content/Context;)Z < extends Ljava/lang/Object, implements ['Lcvb']
COMPONENT CONCAT > Lcvu;->f(Landroid/content/Context;)Z < extends Ljava/lang/Object, implements ['Lcvt']
COMPONENT CONCAT > Lbth;->a()Lcmx; < extends Ljava/lang/Object, implements ['Lbtu']
COMPONENT CONCAT > Lcvx;->a(Landroid/content/Context;)Ldeg; < extends Ljava/lang/Object, implements ['Lcvw']
COMPONENT CONCAT > Lcom/google/android/apps/bard/shellapp/ErrorActivity;-><init>()V < extends Landroid/app/Activity, implements ['Lbtt', 'Lbuj', 'Lcts', 'Lbw', 'Lwc', 'Lxg', 'Lvt', 'Lyg', 'Lki', 'Lko', 'Lpe', 'Lpf', 'Lbc', 'Lbd', 'Lrd', 'Lwc', 'Lrc']
COMPONENT CONCAT > Lakg;->scheduleAtFixedRate(Ljava/lang/Runnable;JJLjava/util/concurrent/TimeUnit;)Ljava/util/concurrent/ScheduledFuture; < extends Ljava/lang/Object, implements ['Lcnb', 'Lcna', 'Ljava/util/concurrent/ExecutorService']
COMPONENT CONCAT > Laug;->b()Ljava/lang/Object; < extends Ljava/lang/Object, implements ['Lctx']
COMPONENT CONCAT > Lcex;->s(Ljava/lang/String;II)V < extends Ljava/lang/Object, implements ['Lcff', 'Lcgd']
COMPONENT CONCAT > Lqg;->a(Ljava/lang/Object;)V < extends Ljava/lang/Object, implements ['Lql']
COMPONENT CONCAT > Lawg;->a()Lcmx; < extends Ljava/lang/Object, implements ['Lclg']
COMPONENT CONCAT > Lavp;->i(Lapl;)V < extends Ljava/lang/Object, implements ['Laqu']
COMPONENT CONCAT > Lati;->b()Ljava/lang/Object; < extends Ljava/lang/Object, implements ['Lctx']
COMPONENT CONCAT > Lcvr;->a(Landroid/content/Context;)Ldeg; < extends Ljava/lang/Object, implements ['Lcvq']
COMPONENT CONCAT > Lcex;->C(J)V < extends Ljava/lang/Object, implements ['Lcff', 'Lcgd']
COMPONENT CONCAT > Lavx;->b()Ljava/lang/Object; < extends Ljava/lang/Object, implements ['Lctx']
COMPONENT CONCAT > Lcom/google/android/material/theme/MaterialComponentsViewInflater;->c(Landroid/content/Context;Landroid/util/AttributeSet;)Lfn; < extends Landroid/support/v7/app/AppCompatViewInflater, implements []
COMPONENT CONCAT > Lfg;->f(Les;)Z < extends Ljava/lang/Object, implements ['Lel']
COMPONENT CONCAT > Lcvi;->c(Landroid/content/Context;)Z < extends Ljava/lang/Object, implements ['Lcvh']
COMPONENT CONCAT > Lai;->b()V < extends Ljava/lang/Object, implements []
COMPONENT CONCAT > Lgo;->c(IF)V < extends Ljava/lang/Object, implements []
COMPONENT CONCAT > Lalh;->execute(Ljava/lang/Runnable;)V < extends Ljava/util/concurrent/AbstractExecutorService, implements []
COMPONENT CONCAT > Lcm;->a(Ldz;Z)V < extends Ljava/lang/Object, implements ['Lek']
COMPONENT CONCAT > Lcom/google/android/material/bottomsheet/BottomSheetBehavior;->k(Landroidx/coordinatorlayout/widget/CoordinatorLayout;Landroid/view/View;I)Z < extends Ljava/lang/Object, implements []
COMPONENT CONCAT > Lcuz;->a(Landroid/content/Context;)Ldeg; < extends Ljava/lang/Object, implements ['Lcuy']
COMPONENT CONCAT > Lbsn;->a()Lcmx; < extends Ljava/lang/Object, implements ['Lclg']
COMPONENT CONCAT > Lakm;->execute(Ljava/lang/Runnable;)V < extends Ljava/util/concurrent/AbstractExecutorService, implements []
COMPONENT CONCAT > Laxk;->z()V < extends Ljava/lang/Object, implements ['Lasp']
COMPONENT CONCAT > Lcvu;->c(Landroid/content/Context;)J < extends Ljava/lang/Object, implements ['Lcvt']
COMPONENT CONCAT > Lcex;->B(ZZ)V < extends Ljava/lang/Object, implements ['Lcff', 'Lcgd']
COMPONENT CONCAT > Lclj;->b(Ljava/lang/Object;)V < extends Ljava/lang/Object, implements ['Lcmi']
COMPONENT CONCAT > Lfg;->i()V < extends Ljava/lang/Object, implements ['Lel']
COMPONENT CONCAT > Lbpu;->a(Ljava/lang/Runnable;)Ljava/lang/Runnable; < extends Ljava/lang/Object, implements ['Laoo']
COMPONENT CONCAT > Lawb;->b()Ljava/lang/Object; < extends Ljava/lang/Object, implements ['Lctx']
COMPONENT CONCAT > Lag;->a()Landroid/os/Bundle; < extends Ljava/lang/Object, implements ['Lye']
COMPONENT CONCAT > Lce;->a(Ldd;)V < extends Ljava/lang/Object, implements ['Ldc']
COMPONENT CONCAT > Lcex;->p(Ljava/lang/String;)V < extends Ljava/lang/Object, implements ['Lcff', 'Lcgd']
COMPONENT CONCAT > Lbg;->a()V < extends Ljava/lang/Object, implements []
COMPONENT CONCAT > Lafn;->a(Ljava/lang/Object;Ljava/lang/Object;)V < extends Ljava/lang/Object, implements ['Lads']
COMPONENT CONCAT > Lcwa;->a(Landroid/content/Context;)Ldeg; < extends Ljava/lang/Object, implements ['Lcvz']
COMPONENT CONCAT > Lbnv;->a()V < extends Ljava/lang/Object, implements ['Lbns', 'Lvq']
COMPONENT CONCAT > Lcuw;->a(Landroid/content/Context;)Ldeg; < extends Ljava/lang/Object, implements ['Lcuv']
COMPONENT CONCAT > Ldo;->b()Z < extends Ljava/lang/Object, implements ['Landroid/view/View$OnTouchListener', 'Landroid/view/View$OnAttachStateChangeListener']
COMPONENT CONCAT > Lcex;->v(Ljava/lang/String;[Ljava/lang/Object;)V < extends Ljava/lang/Object, implements ['Lcff', 'Lcgd']
COMPONENT CONCAT > Lcup;->a()Z < extends Ljava/lang/Object, implements ['Lcuo']
COMPONENT CONCAT > Lcvl;->d(Landroid/content/Context;)Z < extends Ljava/lang/Object, implements ['Lcvk']
COMPONENT CONCAT > Lbye;->close()V < extends Ljava/lang/Object, implements ['Ljava/io/Closeable']
COMPONENT CONCAT > Lbtp;->a(Ljava/lang/String;)Lbrn; < extends Ljava/lang/Object, implements ['Lbri']
COMPONENT CONCAT > Layp;->a(Ljava/lang/Object;)Lcmx; < extends Ljava/lang/Object, implements ['Lclh']
COMPONENT CONCAT > Laoa;->b()Ljava/lang/Object; < extends Ljava/lang/Object, implements ['Lctx']
COMPONENT CONCAT > Lbg;->b()V < extends Ljava/lang/Object, implements []
COMPONENT CONCAT > Ladg;->b()V < extends Ljava/lang/Object, implements ['Laci', 'Lacj']
COMPONENT CONCAT > Lcex;->q(Ljava/lang/String;I)V < extends Ljava/lang/Object, implements ['Lcff', 'Lcgd']
COMPONENT CONCAT > Lgn;->a(I)V < extends Ljava/lang/Object, implements []
COMPONENT CONCAT > Latc;->a()Lcmx; < extends Ljava/lang/Object, implements ['Lclg']
COMPONENT CONCAT > Lcom/google/android/libraries/performance/primes/transmitter/LifeboatReceiver;->onReceive(Landroid/content/Context;Landroid/content/Intent;)V < extends Landroid/content/BroadcastReceiver, implements []
COMPONENT CONCAT > Lzm;->a()Ljava/lang/Object; < extends Ljava/lang/Object, implements ['Lbzv']
COMPONENT CONCAT > Ljo;-><init>(Landroid/support/v7/widget/Toolbar;)V < extends Ljava/lang/Object, implements []
COMPONENT CONCAT > Lcvl;->b(Landroid/content/Context;)Ldeg; < extends Ljava/lang/Object, implements ['Lcvk']
COMPONENT CONCAT > Laq;->E(Lao;Z)V < extends Ljava/lang/Object, implements []
COMPONENT CONCAT > Lgl;->d(Landroid/content/Context;I)V < extends Ljava/lang/Object, implements []
COMPONENT CONCAT > Ldt;->j(Ldz;)V < extends Ljava/lang/Object, implements ['Landroid/view/View$OnKeyListener', 'Landroid/widget/PopupWindow$OnDismissListener', 'Lel', 'Landroid/widget/AdapterView$OnItemClickListener', 'Lep', 'Lel']
COMPONENT CONCAT > Ldt;->s()V < extends Ljava/lang/Object, implements ['Landroid/view/View$OnKeyListener', 'Landroid/widget/PopupWindow$OnDismissListener', 'Lel', 'Landroid/widget/AdapterView$OnItemClickListener', 'Lep', 'Lel']
COMPONENT CONCAT > Lej;->a()Leh; < extends Ljava/lang/Object, implements []
COMPONENT CONCAT > Lcn;->T()V < extends Ljava/lang/Object, implements ['Landroid/view/LayoutInflater$Factory2', 'Ldx']
COMPONENT CONCAT > Laq;-><init>()V < extends Ljava/lang/Object, implements []
COMPONENT CONCAT > Lcom/google/android/material/bottomsheet/BottomSheetBehavior;->ax(Landroid/view/View;Ltd;I)V < extends Ljava/lang/Object, implements []
COMPONENT CONCAT > Lbnu;->c(Laq;)V < extends Ljava/lang/Object, implements ['Lbns', 'Lvq']
COMPONENT CONCAT > Laq;->as(I)Z < extends Ljava/lang/Object, implements []
COMPONENT CONCAT > Lbtn;->queueIdle()Z < extends Ljava/lang/Object, implements ['Landroid/os/MessageQueue$IdleHandler']
COMPONENT CONCAT > Lxv;-><init>()V < extends Ljava/lang/Object, implements []
COMPONENT CONCAT > Lcom/google/android/material/bottomsheet/BottomSheetBehavior;->az()V < extends Ljava/lang/Object, implements []
COMPONENT CONCAT > Laq;->a()Landroid/os/Bundle; < extends Ljava/lang/Object, implements []
COMPONENT CONCAT > Lts;->f(Laq;)V < extends Ljava/lang/Object, implements []
COMPONENT CONCAT > Lgl;->c(Landroid/util/AttributeSet;I)V < extends Ljava/lang/Object, implements []
COMPONENT CONCAT > Ladj;->handleMessage(Landroid/os/Message;)Z < extends Ljava/lang/Object, implements ['Landroid/os/Handler$Callback']
COMPONENT CONCAT > Lcom/google/android/apps/bard/shellapp/BardEntryPointActivity;->onDestroy()V < extends Landroid/app/Activity, implements ['Lbtt', 'Lbuj', 'Lcts', 'Lwc', 'Lxg', 'Lvt', 'Lyg', 'Lki', 'Lko', 'Lpe', 'Lpf', 'Lbc', 'Lbd', 'Lrd', 'Lwc', 'Lrc']
COMPONENT CONCAT > Lsb;->j(Landroid/view/View;Ljava/lang/CharSequence;)V < extends Ljava/lang/Object, implements []
COMPONENT CONCAT > Ly;->onResume()V < extends Landroid/app/Activity, implements ['Lwc', 'Lxg', 'Lvt', 'Lyg', 'Lki', 'Lko', 'Lpe', 'Lpf', 'Lbc', 'Lbd', 'Lrd', 'Lwc', 'Lrc']
COMPONENT CONCAT > Lcn;-><init>(Landroid/content/Context;Landroid/view/Window;Lbw;Ljava/lang/Object;)V < extends Ljava/lang/Object, implements ['Landroid/view/LayoutInflater$Factory2', 'Ldx']
COMPONENT CONCAT > Lcom/google/android/apps/bard/shellapp/InAppReviewActivity;->onDestroy()V < extends Landroid/app/Activity, implements ['Lbtt', 'Lbuj', 'Lcts', 'Lwc', 'Lxg', 'Lvt', 'Lyg', 'Lki', 'Lko', 'Lpe', 'Lpf', 'Lbc', 'Lbd', 'Lrd', 'Lwc', 'Lrc']
COMPONENT CONCAT > Laq;->am(Ljava/util/ArrayList;Ljava/util/ArrayList;II)V < extends Ljava/lang/Object, implements []
COMPONENT CONCAT > Lcom/google/android/apps/bard/shellapp/BardEntryPointActivity;->onCreate(Landroid/os/Bundle;)V < extends Landroid/app/Activity, implements ['Lbtt', 'Lbuj', 'Lcts', 'Lwc', 'Lxg', 'Lvt', 'Lyg', 'Lki', 'Lko', 'Lpe', 'Lpf', 'Lbc', 'Lbd', 'Lrd', 'Lwc', 'Lrc']
COMPONENT CONCAT > Laf;->onCreateView(Landroid/view/View;Ljava/lang/String;Landroid/content/Context;Landroid/util/AttributeSet;)Landroid/view/View; < extends Ljava/lang/Object, implements ['Landroid/view/LayoutInflater$Factory2']
COMPONENT CONCAT > Lav;->d()V < extends Ljava/lang/Object, implements []
COMPONENT CONCAT > Ly;->onStart()V < extends Landroid/app/Activity, implements ['Lwc', 'Lxg', 'Lvt', 'Lyg', 'Lki', 'Lko', 'Lpe', 'Lpf', 'Lbc', 'Lbd', 'Lrd', 'Lwc', 'Lrc']
COMPONENT CONCAT > Lcom/google/android/material/theme/MaterialComponentsViewInflater;->a(Landroid/content/Context;Landroid/util/AttributeSet;)Lfk; < extends Landroid/support/v7/app/AppCompatViewInflater, implements []
COMPONENT CONCAT > Lahc;->a(Ljava/lang/Object;Ljava/lang/Object;)V < extends Ljava/lang/Object, implements ['Lads']
COMPONENT CONCAT > Lit;->h(Landroid/view/View;ILandroid/os/Bundle;)Z < extends Ljava/lang/Object, implements []
COMPONENT CONCAT > Lg;->b()V < extends Ljava/lang/Object, implements ['Lao']
COMPONENT CONCAT > Lis;->h(Landroid/view/View;ILandroid/os/Bundle;)Z < extends Ljava/lang/Object, implements []
COMPONENT CONCAT > Lapk;-><init>(Lcnb;Larc;Lcwf;)V < extends Ljava/lang/Object, implements ['Ljava/util/concurrent/Executor', 'Larb']
COMPONENT CONCAT > Lapk;->d(Landroid/app/Activity;)V < extends Ljava/lang/Object, implements ['Ljava/util/concurrent/Executor', 'Larb']
COMPONENT CONCAT > Laq;->ac(Z)V < extends Ljava/lang/Object, implements []
COMPONENT CONCAT > Lcom/google/android/material/appbar/AppBarLayout$Behavior;-><init>(Landroid/content/Context;Landroid/util/AttributeSet;)V < extends Ljava/lang/Object, implements []
COMPONENT CONCAT > Lbkj;->g(FFF)V < extends Ljava/lang/Object, implements []
COMPONENT CONCAT > Lcom/google/android/material/bottomsheet/BottomSheetBehavior;->v(Landroid/view/View;)Landroid/os/Parcelable; < extends Ljava/lang/Object, implements []
COMPONENT CONCAT > Lcom/google/android/material/appbar/AppBarLayout$Behavior;-><init>()V < extends Ljava/lang/Object, implements []
MISSING ID > Lcn;->onCreateView(Landroid/view/View;Ljava/lang/String;Landroid/content/Context;Landroid/util/AttributeSet;)Landroid/view/View; <
MISSING ID > Lsb;->e(Landroid/view/View;Ltd;)V <
MISSING ID > Lsb;->f(Landroid/view/View;)V <
MISSING ID > Lqq;->performAccessibilityAction(Landroid/view/View;ILandroid/os/Bundle;)Z <
MISSING ID > Lqr;->h(Landroid/view/View;ILandroid/os/Bundle;)Z <
COMPONENT CONCAT > Lcvc;->d(Landroid/content/Context;)Z < extends Ljava/lang/Object, implements ['Lcvb']
COMPONENT CONCAT > Lcx;->f(Ljava/lang/CharSequence;)V < extends Ljava/lang/Object, implements ['Ley']
COMPONENT CONCAT > Lcut;->d(Landroid/content/Context;)Z < extends Ljava/lang/Object, implements ['Lcus']
COMPONENT CONCAT > Lbhh;->b(Ljava/lang/Object;)V < extends Ljava/lang/Object, implements ['Lcmi']
COMPONENT CONCAT > Lap;->e(Ljava/util/ArrayList;Ljava/util/ArrayList;)Z < extends Ljava/lang/Object, implements ['Lao']
COMPONENT CONCAT > Lcom/google/android/material/theme/MaterialComponentsViewInflater;->e(Landroid/content/Context;Landroid/util/AttributeSet;)Lgp; < extends Landroid/support/v7/app/AppCompatViewInflater, implements []
COMPONENT CONCAT > Lcvc;->c(Landroid/content/Context;)Latp; < extends Ljava/lang/Object, implements ['Lcvb']
COMPONENT CONCAT > Lcwd;->a(Landroid/content/Context;)Ldeg; < extends Ljava/lang/Object, implements ['Lcwc']
COMPONENT CONCAT > Laub;->a()Lcmx; < extends Ljava/lang/Object, implements ['Lclg']
COMPONENT CONCAT > Lcex;->u(Ljava/lang/String;Ljava/lang/Object;Ljava/lang/Object;Ljava/lang/Object;)V < extends Ljava/lang/Object, implements ['Lcff', 'Lcgd']
COMPONENT CONCAT > Lbhg;->close()V < extends Ljava/lang/Object, implements ['Ljava/io/Closeable']
COMPONENT CONCAT > Lbsb;->a(Ljava/lang/Object;)Ljava/lang/Object; < extends Ljava/lang/Object, implements ['Lbzj']
COMPONENT CONCAT > Lcom/google/android/material/bottomsheet/BottomSheetBehavior;-><init>()V < extends Ljava/lang/Object, implements []
COMPONENT CONCAT > Lkh;-><init>()V < extends Ljava/lang/Object, implements []
COMPONENT CONCAT > Lcup;->c()V < extends Ljava/lang/Object, implements ['Lcuo']
COMPONENT CONCAT > Lasw;->z()V < extends Ljava/lang/Object, implements ['Lasp']
COMPONENT CONCAT > Lcvf;->a(Landroid/content/Context;)Z < extends Ljava/lang/Object, implements ['Lcve']
COMPONENT CONCAT > Lceo;->b(Lcfb;)Z < extends Ljava/lang/Object, implements ['Lcff', 'Lcff', 'Lcgd']
COMPONENT CONCAT > Lclp;->finalize()V < extends Ljava/lang/Object, implements []
COMPONENT CONCAT > Lcom/google/android/material/bottomsheet/BottomSheetBehavior;->r(Landroid/view/View;Landroid/view/View;I[II)V < extends Ljava/lang/Object, implements []
COMPONENT CONCAT > Lcom/google/android/material/theme/MaterialComponentsViewInflater;->d(Landroid/content/Context;Landroid/util/AttributeSet;)Lfy; < extends Landroid/support/v7/app/AppCompatViewInflater, implements []
COMPONENT CONCAT > Lcup;->b()Z < extends Ljava/lang/Object, implements ['Lcuo']
COMPONENT CONCAT > Lcvu;->b(Landroid/content/Context;)J < extends Ljava/lang/Object, implements ['Lcvt']
COMPONENT CONCAT > Lcvc;->b(Landroid/content/Context;)Lato; < extends Ljava/lang/Object, implements ['Lcvb']
COMPONENT CONCAT > Lcvl;->c(Landroid/content/Context;)Z < extends Ljava/lang/Object, implements ['Lcvk']
COMPONENT CONCAT > Lbqa;->b(Ljava/lang/Object;)V < extends Ljava/lang/Object, implements ['Lcmi']
COMPONENT CONCAT > Lcex;->r(Ljava/lang/String;Ljava/lang/Object;)V < extends Ljava/lang/Object, implements ['Lcff', 'Lcgd']
MISSING ID > Lcom/google/android/apps/bard/shellapp/BardEntryPointActivity;->onCreatePanelMenu(ILandroid/view/Menu;)Z <
MISSING ID > Ljy;->onCreatePanelMenu(ILandroid/view/Menu;)Z <
COMPONENT CONCAT > Lbpk;->execute(Ljava/lang/Runnable;)V < extends Ljava/lang/Object, implements ['Ljava/util/concurrent/Executor']
COMPONENT CONCAT > Lakp;->b()Ljava/lang/Object; < extends Ljava/lang/Object, implements ['Lctx']
COMPONENT CONCAT > Lai;->d()V < extends Ljava/lang/Object, implements []
COMPONENT CONCAT > Lzs;->onCreate(Landroid/os/Bundle;)V < extends Landroid/app/Activity, implements ['Lcts', 'Lwc', 'Lxg', 'Lvt', 'Lyg', 'Lki', 'Lko', 'Lpe', 'Lpf', 'Lbc', 'Lbd', 'Lrd', 'Lwc', 'Lrc']
COMPONENT CONCAT > Lo;->e(Ljt;)V < extends Ljava/lang/Object, implements []
COMPONENT CONCAT > Lcom/google/android/apps/bard/shellapp/BardEntryPointActivity;->onPause()V < extends Landroid/app/Activity, implements ['Lbtt', 'Lbuj', 'Lcts', 'Lwc', 'Lxg', 'Lvt', 'Lyg', 'Lki', 'Lko', 'Lpe', 'Lpf', 'Lbc', 'Lbd', 'Lrd', 'Lwc', 'Lrc']
COMPONENT CONCAT > Lcom/google/android/apps/bard/shellapp/InAppReviewActivity;->onResume()V < extends Landroid/app/Activity, implements ['Lbtt', 'Lbuj', 'Lcts', 'Lwc', 'Lxg', 'Lvt', 'Lyg', 'Lki', 'Lko', 'Lpe', 'Lpf', 'Lbc', 'Lbd', 'Lrd', 'Lwc', 'Lrc']
COMPONENT CONCAT > Lbv;->onStop()V < extends Landroid/app/Activity, implements ['Lbw', 'Lwc', 'Lxg', 'Lvt', 'Lyg', 'Lki', 'Lko', 'Lpe', 'Lpf', 'Lbc', 'Lbd', 'Lrd', 'Lwc', 'Lrc']
COMPONENT CONCAT > Lbv;->onStart()V < extends Landroid/app/Activity, implements ['Lbw', 'Lwc', 'Lxg', 'Lvt', 'Lyg', 'Lki', 'Lko', 'Lpe', 'Lpf', 'Lbc', 'Lbd', 'Lrd', 'Lwc', 'Lrc']
COMPONENT CONCAT > Lbem;->onDestroy()V < extends Landroid/app/Activity, implements ['Lbw', 'Lwc', 'Lxg', 'Lvt', 'Lyg', 'Lki', 'Lko', 'Lpe', 'Lpf', 'Lbc', 'Lbd', 'Lrd', 'Lwc', 'Lrc']
COMPONENT CONCAT > Ll;->a(Landroid/view/ViewGroup;)V < extends Ljava/lang/Object, implements []
COMPONENT CONCAT > Lo;->a(Landroid/view/ViewGroup;)V < extends Ljava/lang/Object, implements []
COMPONENT CONCAT > Lht;-><init>(Landroid/content/Context;Landroid/util/AttributeSet;I)V < extends Ljava/lang/Object, implements ['Lep']
COMPONENT CONCAT > Lzu;->onCreate(Landroid/os/Bundle;)V < extends Landroid/app/Activity, implements ['Lcts', 'Lwc', 'Lxg', 'Lvt', 'Lyg', 'Lki', 'Lko', 'Lpe', 'Lpf', 'Lbc', 'Lbd', 'Lrd', 'Lwc', 'Lrc']
COMPONENT CONCAT > Lbv;->onPostResume()V < extends Landroid/app/Activity, implements ['Lbw', 'Lwc', 'Lxg', 'Lvt', 'Lyg', 'Lki', 'Lko', 'Lpe', 'Lpf', 'Lbc', 'Lbd', 'Lrd', 'Lwc', 'Lrc']
COMPONENT CONCAT > Lo;->b(Landroid/view/ViewGroup;)V < extends Ljava/lang/Object, implements []
COMPONENT CONCAT > Lcom/google/android/apps/bard/shellapp/InAppReviewActivity;->onPause()V < extends Landroid/app/Activity, implements ['Lbtt', 'Lbuj', 'Lcts', 'Lwc', 'Lxg', 'Lvt', 'Lyg', 'Lki', 'Lko', 'Lpe', 'Lpf', 'Lbc', 'Lbd', 'Lrd', 'Lwc', 'Lrc']
COMPONENT CONCAT > Lcom/google/android/apps/bard/shellapp/ErrorActivity;->onResume()V < extends Landroid/app/Activity, implements ['Lbtt', 'Lbuj', 'Lcts', 'Lbw', 'Lwc', 'Lxg', 'Lvt', 'Lyg', 'Lki', 'Lko', 'Lpe', 'Lpf', 'Lbc', 'Lbd', 'Lrd', 'Lwc', 'Lrc']
COMPONENT CONCAT > Ly;->onPause()V < extends Landroid/app/Activity, implements ['Lwc', 'Lxg', 'Lvt', 'Lyg', 'Lki', 'Lko', 'Lpe', 'Lpf', 'Lbc', 'Lbd', 'Lrd', 'Lwc', 'Lrc']
COMPONENT CONCAT > Lbem;->onPause()V < extends Landroid/app/Activity, implements ['Lbw', 'Lwc', 'Lxg', 'Lvt', 'Lyg', 'Lki', 'Lko', 'Lpe', 'Lpf', 'Lbc', 'Lbd', 'Lrd', 'Lwc', 'Lrc']
COMPONENT CONCAT > Lasn;->a(Ljava/util/concurrent/Executor;Lcsw;Lcwf;)Lasm; < extends Ljava/lang/Object, implements []
COMPONENT CONCAT > Lhw;-><init>(Landroid/content/Context;I)V < extends Ljava/lang/Object, implements ['Lhu', 'Lep']
COMPONENT CONCAT > Lo;->c(Landroid/view/ViewGroup;)V < extends Ljava/lang/Object, implements []
COMPONENT CONCAT > Lcom/google/android/apps/bard/shellapp/ErrorActivity;->onPause()V < extends Landroid/app/Activity, implements ['Lbtt', 'Lbuj', 'Lcts', 'Lbw', 'Lwc', 'Lxg', 'Lvt', 'Lyg', 'Lki', 'Lko', 'Lpe', 'Lpf', 'Lbc', 'Lbd', 'Lrd', 'Lwc', 'Lrc']
COMPONENT CONCAT > Lcom/google/android/gms/common/api/GoogleApiActivity;->a()V < extends Landroid/app/Activity, implements ['Landroid/content/DialogInterface$OnCancelListener']
COMPONENT CONCAT > Laio;-><clinit>()V < extends Ljava/lang/Object, implements []
COMPONENT CONCAT > Laky;->j(Lcmx;Ljava/lang/Runnable;)V < extends Ljava/util/concurrent/AbstractExecutorService, implements ['Lcnb', 'Lcna']
COMPONENT CONCAT > Laq;->aa()V < extends Ljava/lang/Object, implements []
COMPONENT CONCAT > Laok;->a(Landroid/view/View;Laoc;)Laoe; < extends Ljava/lang/Object, implements []
COMPONENT CONCAT > Lv;-><init>()V < extends Ljava/lang/Object, implements ['Landroid/content/ComponentCallbacks', 'Landroid/view/View$OnCreateContextMenuListener', 'Lwc', 'Lxg', 'Lvt', 'Lyg']
COMPONENT CONCAT > Lcom/google/android/libraries/phenotype/client/stable/AccountRemovedBroadcastReceiver;->onReceive(Landroid/content/Context;Landroid/content/Intent;)V < extends Landroid/content/BroadcastReceiver, implements []
COMPONENT CONCAT > Lcn;->onCreateView(Landroid/view/View;Ljava/lang/String;Landroid/content/Context;Landroid/util/AttributeSet;)Landroid/view/View; < extends Ljava/lang/Object, implements ['Landroid/view/LayoutInflater$Factory2', 'Ldx']
COMPONENT CONCAT > Laaj;-><clinit>()V < extends Ljava/lang/Object, implements []
COMPONENT CONCAT > Laiu;->c(Landroid/content/Context;Landroid/os/Looper;Laeh;Ljava/lang/Object;Laci;Lacj;)Lace; < extends Ljava/lang/Object, implements []
COMPONENT CONCAT > Lahl;->c(Landroid/content/Context;Landroid/os/Looper;Laeh;Ljava/lang/Object;Laci;Lacj;)Lace; < extends Ljava/lang/Object, implements []
COMPONENT CONCAT > Lzy;->c(Landroid/content/Context;Landroid/os/Looper;Laeh;Ljava/lang/Object;Laci;Lacj;)Lace; < extends Ljava/lang/Object, implements []
COMPONENT CONCAT > Lcom/google/android/libraries/social/licenses/LicenseActivity;->onCreate(Landroid/os/Bundle;)V < extends Landroid/app/Activity, implements ['Lbw', 'Lwc', 'Lxg', 'Lvt', 'Lyg', 'Lki', 'Lko', 'Lpe', 'Lpf', 'Lbc', 'Lbd', 'Lrd', 'Lwc', 'Lrc']
COMPONENT CONCAT > Laoj;->onViewAttachedToWindow(Landroid/view/View;)V < extends Ljava/lang/Object, implements ['Landroid/view/View$OnAttachStateChangeListener', 'Landroid/view/View$OnLayoutChangeListener']
COMPONENT CONCAT > Lah;->run()V < extends Ljava/lang/Object, implements ['Ljava/lang/Runnable']
COMPONENT CONCAT > Lawl;->onDraw()V < extends Ljava/lang/Object, implements ['Landroid/view/ViewTreeObserver$OnDrawListener']
COMPONENT CONCAT > Lab;-><init>(Landroid/content/Context;Landroid/util/AttributeSet;Laq;)V < extends Landroid/widget/FrameLayout, implements []
COMPONENT CONCAT > Lxn;-><init>(Lxt;)V < extends Ljava/lang/Object, implements []
COMPONENT CONCAT > Laq;->A(I)V < extends Ljava/lang/Object, implements []
COMPONENT CONCAT > Lalj;->newThread(Ljava/lang/Runnable;)Ljava/lang/Thread; < extends Ljava/lang/Object, implements ['Ljava/util/concurrent/ThreadFactory']
COMPONENT CONCAT > Lbv;->attachBaseContext(Landroid/content/Context;)V < extends Landroid/app/Activity, implements ['Lbw', 'Lwc', 'Lxg', 'Lvt', 'Lyg', 'Lki', 'Lko', 'Lpe', 'Lpf', 'Lbc', 'Lbd', 'Lrd', 'Lwc', 'Lrc']
COMPONENT CONCAT > Lakg;->a(Ljava/lang/Runnable;JLjava/util/concurrent/TimeUnit;)Lcmz; < extends Ljava/lang/Object, implements ['Lcnb', 'Lcna', 'Ljava/util/concurrent/ExecutorService']
COMPONENT CONCAT > Lbem;->onCreate(Landroid/os/Bundle;)V < extends Landroid/app/Activity, implements ['Lbw', 'Lwc', 'Lxg', 'Lvt', 'Lyg', 'Lki', 'Lko', 'Lpe', 'Lpf', 'Lbc', 'Lbd', 'Lrd', 'Lwc', 'Lrc']
COMPONENT CONCAT > Lafp;-><init>(Landroid/content/Context;Lafj;)V < extends Ljava/lang/Object, implements []
COMPONENT CONCAT > Lfd;->a()Lep; < extends Ljava/lang/Object, implements ['Landroid/view/View$OnTouchListener', 'Landroid/view/View$OnAttachStateChangeListener']
COMPONENT CONCAT > Laq;->k(Lad;Laa;Lv;)V < extends Ljava/lang/Object, implements []
COMPONENT CONCAT > Lcom/google/android/libraries/performance/primes/transmitter/clearcut/ClearcutMetricSnapshotTransmitter;->a(Landroid/content/Context;Layf;)Lcmx; < extends Ljava/lang/Object, implements ['Layg']
COMPONENT CONCAT > Lare;->run()V < extends Ljava/lang/Object, implements ['Ljava/lang/Runnable']
COMPONENT CONCAT > Laq;->G(IZ)V < extends Ljava/lang/Object, implements []
COMPONENT CONCAT > Laq;->W()V < extends Ljava/lang/Object, implements []
COMPONENT CONCAT > Lcom/google/android/libraries/social/licenses/LicenseMenuActivity;->onCreate(Landroid/os/Bundle;)V < extends Landroid/app/Activity, implements ['Lbw', 'Lwc', 'Lxg', 'Lvt', 'Lyg', 'Lki', 'Lko', 'Lpe', 'Lpf', 'Lbc', 'Lbd', 'Lrd', 'Lwc', 'Lrc']
COMPONENT CONCAT > Ladg;->d()V < extends Ljava/lang/Object, implements ['Laci', 'Lacj']
COMPONENT CONCAT > Lblk;->u([IZ)V < extends Landroid/graphics/drawable/Drawable, implements ['Lbly']
COMPONENT CONCAT > Lcom/google/android/gms/common/api/GoogleApiActivity;->onActivityResult(IILandroid/content/Intent;)V < extends Landroid/app/Activity, implements ['Landroid/content/DialogInterface$OnCancelListener']
COMPONENT CONCAT > Lbas;->b()V < extends Ljava/lang/Object, implements []
COMPONENT CONCAT > Lcom/google/android/apps/bard/shellapp/ErrorActivity;->attachBaseContext(Landroid/content/Context;)V < extends Landroid/app/Activity, implements ['Lbtt', 'Lbuj', 'Lcts', 'Lbw', 'Lwc', 'Lxg', 'Lvt', 'Lyg', 'Lki', 'Lko', 'Lpe', 'Lpf', 'Lbc', 'Lbd', 'Lrd', 'Lwc', 'Lrc']
COMPONENT CONCAT > Lbry;->e(Ljava/lang/String;Lazq;)Lcmx; < extends Ljava/lang/Object, implements []
COMPONENT CONCAT > Lanw;->b(Lanv;)V < extends Ljava/lang/Object, implements []
COMPONENT CONCAT > Ltp;->run()V < extends Ljava/lang/Object, implements ['Ljava/lang/Runnable']
COMPONENT CONCAT > Ladg;->i(Labb;)V < extends Ljava/lang/Object, implements ['Laci', 'Lacj']
COMPONENT CONCAT > Lbbr;->b(Lbbs;)Lcmx; < extends Ljava/lang/Object, implements []
COMPONENT CONCAT > Laar;-><init>(Landroid/content/Context;Lbzv;)V < extends Ljava/lang/Object, implements ['Laae']
COMPONENT CONCAT > Luo;->b(J)V < extends Ljava/lang/Object, implements []
COMPONENT CONCAT > Lahf;-><init>(Landroid/content/Context;)V < extends Ljava/lang/Object, implements []
COMPONENT CONCAT > Ldo;->a()Lep; < extends Ljava/lang/Object, implements ['Landroid/view/View$OnTouchListener', 'Landroid/view/View$OnAttachStateChangeListener']
COMPONENT CONCAT > Lagu;-><clinit>()V < extends Ljava/lang/Object, implements []
COMPONENT CONCAT > Lagz;->c(Landroid/content/Context;Landroid/os/Looper;Laeh;Ljava/lang/Object;Laci;Lacj;)Lace; < extends Ljava/lang/Object, implements []
COMPONENT CONCAT > Laq;->V()Z < extends Ljava/lang/Object, implements []
COMPONENT CONCAT > Lht;-><init>(Landroid/content/Context;Landroid/util/AttributeSet;I[B)V < extends Ljava/lang/Object, implements ['Lep']
COMPONENT CONCAT > Lhe;->onTouch(Landroid/view/View;Landroid/view/MotionEvent;)Z < extends Ljava/lang/Object, implements ['Landroid/view/View$OnTouchListener', 'Landroid/view/View$OnAttachStateChangeListener']
COMPONENT CONCAT > Laba;-><clinit>()V < extends Ljava/lang/Object, implements []
COMPONENT CONCAT > Lam;->a(ILandroid/content/Intent;)Ljava/lang/Object; < extends Ljava/lang/Object, implements []
COMPONENT CONCAT > Laoj;->onViewDetachedFromWindow(Landroid/view/View;)V < extends Ljava/lang/Object, implements ['Landroid/view/View$OnAttachStateChangeListener', 'Landroid/view/View$OnLayoutChangeListener']
COMPONENT CONCAT > Lbbh;->c(Lazi;)Ljava/lang/Object; < extends Ljava/lang/Object, implements ['Lbzv']
COMPONENT CONCAT > Laoj;->onLayoutChange(Landroid/view/View;IIIIIIII)V < extends Ljava/lang/Object, implements ['Landroid/view/View$OnAttachStateChangeListener', 'Landroid/view/View$OnLayoutChangeListener']
COMPONENT CONCAT > Lafo;->d(Landroid/content/Context;Landroid/os/Looper;Laeh;Ljava/lang/Object;Ladd;Ladp;)Lace; < extends Ljava/lang/Object, implements []
COMPONENT CONCAT > Lv;->u()V < extends Ljava/lang/Object, implements ['Landroid/content/ComponentCallbacks', 'Landroid/view/View$OnCreateContextMenuListener', 'Lwc', 'Lxg', 'Lvt', 'Lyg']
COMPONENT CONCAT > Lakg;->b(Ljava/util/concurrent/Callable;JLjava/util/concurrent/TimeUnit;)Lcmz; < extends Ljava/lang/Object, implements ['Lcnb', 'Lcna', 'Ljava/util/concurrent/ExecutorService']
COMPONENT CONCAT > Laq;->ak()V < extends Ljava/lang/Object, implements []
COMPONENT CONCAT > Ladx;->d()V < extends Ljava/lang/Object, implements []
COMPONENT CONCAT > Lej;->f(IIZZ)V < extends Ljava/lang/Object, implements []
COMPONENT CONCAT > Larc;->F()V < extends Ljava/lang/Object, implements []
COMPONENT CONCAT > Lkr;->a(ILandroid/content/Intent;)Ljava/lang/Object; < extends Ljava/lang/Object, implements []
COMPONENT CONCAT > Lbt;-><init>(Landroid/content/Context;I)V < extends Landroid/app/Dialog, implements ['Landroid/content/DialogInterface', 'Lbw', 'Lwc', 'Lki', 'Lyg']
COMPONENT CONCAT > Laq;->q()V < extends Ljava/lang/Object, implements []
COMPONENT CONCAT > Lalg;->run()V < extends Ljava/lang/Object, implements ['Ljava/lang/Runnable']
COMPONENT CONCAT > Lcn;->onCreateView(Ljava/lang/String;Landroid/content/Context;Landroid/util/AttributeSet;)Landroid/view/View; < extends Ljava/lang/Object, implements ['Landroid/view/LayoutInflater$Factory2', 'Ldx']
COMPONENT CONCAT > Lanj;->run()V < extends Ljava/lang/Object, implements ['Ljava/lang/Runnable']
MISSING ID > Lhr;->onScrollStateChanged(Landroid/widget/AbsListView;I)V <
MISSING ID > Lbh;->e(Landroid/view/ViewGroup;)V <
COMPONENT CONCAT > Lw;->a(Ljava/lang/Object;)V < extends Ljava/lang/Object, implements ['Lql']
COMPONENT CONCAT > Lgl;->j(Landroid/content/Context;Lbyq;)Z < extends Ljava/lang/Object, implements []
COMPONENT CONCAT > Lauf;->c()Lcmx; < extends Ljava/lang/Object, implements ['Lasp']
COMPONENT CONCAT > Lai;->c(Ljt;)V < extends Ljava/lang/Object, implements []
COMPONENT CONCAT > Ladj;->h(Lach;)Ladg; < extends Ljava/lang/Object, implements ['Landroid/os/Handler$Callback']
COMPONENT CONCAT > Las;->c()V < extends Ljava/lang/Object, implements []
COMPONENT CONCAT > Lal;->a(Ljava/lang/Object;)V < extends Ljava/lang/Object, implements ['Lkm']
COMPONENT CONCAT > Lazc;->d()Lcmx; < extends Ljava/lang/Object, implements []
COMPONENT CONCAT > Lapk;->k()V < extends Ljava/lang/Object, implements ['Ljava/util/concurrent/Executor', 'Larb']
COMPONENT CONCAT > Lzt;->onCreate(Landroid/os/Bundle;)V < extends Landroid/app/Activity, implements ['Lcts', 'Lbw', 'Lwc', 'Lxg', 'Lvt', 'Lyg', 'Lki', 'Lko', 'Lpe', 'Lpf', 'Lbc', 'Lbd', 'Lrd', 'Lwc', 'Lrc']
COMPONENT CONCAT > Laxw;-><init>(Landroid/content/Context;Ljava/util/concurrent/Executor;Laxz;Lcsw;ZLbzo;Lcwf;)V < extends Ljava/lang/Object, implements []
COMPONENT CONCAT > Laxv;->run()V < extends Ljava/lang/Object, implements ['Ljava/lang/Runnable']
COMPONENT CONCAT > Lbcs;->onItemClick(Landroid/widget/AdapterView;Landroid/view/View;IJ)V < extends Ljava/lang/Object, implements ['Landroid/widget/AdapterView$OnItemClickListener']
COMPONENT CONCAT > Lx;-><init>(Ly;)V < extends Ljava/lang/Object, implements ['Lpe', 'Lpf', 'Lbc', 'Lbd', 'Lxg', 'Lki', 'Lko', 'Lyg', 'Lat', 'Lrd']
COMPONENT CONCAT > Lbem;->onStart()V < extends Landroid/app/Activity, implements ['Lbw', 'Lwc', 'Lxg', 'Lvt', 'Lyg', 'Lki', 'Lko', 'Lpe', 'Lpf', 'Lbc', 'Lbd', 'Lrd', 'Lwc', 'Lrc']
COMPONENT CONCAT > Lave;->b()Ljava/lang/Object; < extends Ljava/lang/Object, implements ['Lctx']
COMPONENT CONCAT > Lavk;->b()Ljava/lang/Object; < extends Ljava/lang/Object, implements ['Lctx']
COMPONENT CONCAT > Lbh;->toString()Ljava/lang/String; < extends Ljava/lang/Object, implements []
MISSING ID > Laf;->onCreateView(Landroid/view/View;Ljava/lang/String;Landroid/content/Context;Landroid/util/AttributeSet;)Landroid/view/View; <
COMPONENT CONCAT > Lls;->toString()Ljava/lang/String; < extends Ljava/lang/Object, implements ['Ljava/lang/Cloneable']
COMPONENT CONCAT > Lxq;->c()V < extends Ljava/lang/Object, implements []
COMPONENT CONCAT > Lji;->h(Leb;)Z < extends Ljava/lang/Object, implements ['Lel']
COMPONENT CONCAT > Lgb;->b(Landroid/util/AttributeSet;I)V < extends Ljava/lang/Object, implements []
COMPONENT CONCAT > Lbji;->b(Landroid/graphics/drawable/Drawable;)V < extends Ljava/lang/Object, implements []
COMPONENT CONCAT > Lcn;->O(Lcl;ILandroid/view/KeyEvent;)Z < extends Ljava/lang/Object, implements ['Landroid/view/LayoutInflater$Factory2', 'Ldx']
COMPONENT CONCAT > Lcn;->V(Lcl;Landroid/view/KeyEvent;)V < extends Ljava/lang/Object, implements ['Landroid/view/LayoutInflater$Factory2', 'Ldx']
COMPONENT CONCAT > Lcn;->H(Landroid/view/KeyEvent;)Z < extends Ljava/lang/Object, implements ['Landroid/view/LayoutInflater$Factory2', 'Ldx']
COMPONENT CONCAT > Lcf;->dispatchKeyShortcutEvent(Landroid/view/KeyEvent;)Z < extends Ljava/lang/Object, implements ['Landroid/view/Window$Callback']
COMPONENT CONCAT > Lbji;->c(Landroid/graphics/drawable/Drawable;)V < extends Ljava/lang/Object, implements []
COMPONENT CONCAT > Lcn;->B(I)V < extends Ljava/lang/Object, implements ['Landroid/view/LayoutInflater$Factory2', 'Ldx']
COMPONENT CONCAT > Lbkp;->b(Landroid/view/View;Lte;)V < extends Ljava/lang/Object, implements []
COMPONENT CONCAT > Lfd;->b()Z < extends Ljava/lang/Object, implements ['Landroid/view/View$OnTouchListener', 'Landroid/view/View$OnAttachStateChangeListener']
COMPONENT CONCAT > Lfd;->c()Z < extends Ljava/lang/Object, implements ['Landroid/view/View$OnTouchListener', 'Landroid/view/View$OnAttachStateChangeListener']
COMPONENT CONCAT > Lfb;-><init>(Lfg;Landroid/content/Context;Les;Landroid/view/View;)V < extends Ljava/lang/Object, implements []
COMPONENT CONCAT > Lfg;->m()Z < extends Ljava/lang/Object, implements ['Lel']
MISSING ID > Lcn;-><init>(Landroid/content/Context;Landroid/view/Window;Lbw;Ljava/lang/Object;)V <
MISSING ID > Lcn;->S(Landroid/view/Window;)V <
COMPONENT CONCAT > Lcrg;->m(Ljava/lang/Object;Lasb;)V < extends Ljava/lang/Object, implements ['Lcrs']
COMPONENT CONCAT > Ldca;->close()V < extends Ljava/lang/Object, implements ['Ljava/io/Closeable', 'Ljava/lang/AutoCloseable', 'Lcxz', 'Lcya']
COMPONENT CONCAT > Ldca;->a(Lcyc;Ljava/lang/Runnable;)V < extends Ljava/lang/Object, implements ['Ljava/io/Closeable', 'Ljava/lang/AutoCloseable', 'Lcxz', 'Lcya']
COMPONENT CONCAT > Ldce;->a(Lcyc;Ljava/lang/Runnable;)V < extends Ljava/lang/Object, implements ['Lcxz', 'Lcya']
COMPONENT CONCAT > Ldbx;->execute(Ljava/lang/Runnable;)V < extends Ljava/lang/Object, implements ['Ljava/util/concurrent/Executor', 'Ljava/io/Closeable']
COMPONENT CONCAT > Lwx;->b(Ljava/lang/Class;Lxj;)Lwz; < extends Ljava/lang/Object, implements ['Lxc']
COMPONENT CONCAT > Lctg;->b(Ljava/lang/Class;Lxj;)Lwz; < extends Ljava/lang/Object, implements ['Lxc']
COMPONENT CONCAT > Lwq;->a(Lwc;Lvx;)V < extends Ljava/lang/Object, implements ['Lwa']
COMPONENT CONCAT > Lwx;->a(Ljava/lang/Class;)Lwz; < extends Ljava/lang/Object, implements ['Lxc']
COMPONENT CONCAT > Lta;->b(Landroid/view/View;Lqy;)Lqy; < extends Ljava/lang/Object, implements []
COMPONENT CONCAT > Lbas;->c(Lcmx;)V < extends Ljava/lang/Object, implements []
COMPONENT CONCAT > Larc;->j(Laoe;)V < extends Ljava/lang/Object, implements []
COMPONENT CONCAT > Lcom/google/android/libraries/phenotype/client/stable/PhenotypeUpdateBackgroundBroadcastReceiver;->onReceive(Landroid/content/Context;Landroid/content/Intent;)V < extends Landroid/content/BroadcastReceiver, implements []
COMPONENT CONCAT > Lbmf;-><init>(Landroid/content/Context;Landroid/util/AttributeSet;)V < extends Landroid/widget/TextView, implements []
COMPONENT CONCAT > Lbas;->a()Lcmx; < extends Ljava/lang/Object, implements []
COMPONENT CONCAT > Lzu;->onDestroy()V < extends Landroid/app/Activity, implements ['Lcts', 'Lwc', 'Lxg', 'Lvt', 'Lyg', 'Lki', 'Lko', 'Lpe', 'Lpf', 'Lbc', 'Lbd', 'Lrd', 'Lwc', 'Lrc']
COMPONENT CONCAT > Laky;->i(Ljava/lang/Runnable;JJLjava/util/concurrent/TimeUnit;Z)Lcmz; < extends Ljava/util/concurrent/AbstractExecutorService, implements ['Lcnb', 'Lcna']
COMPONENT CONCAT > Laoq;->a()V < extends Ljava/lang/Object, implements []
COMPONENT CONCAT > Lbv;->onDestroy()V < extends Landroid/app/Activity, implements ['Lbw', 'Lwc', 'Lxg', 'Lvt', 'Lyg', 'Lki', 'Lko', 'Lpe', 'Lpf', 'Lbc', 'Lbd', 'Lrd', 'Lwc', 'Lrc']
COMPONENT CONCAT > Lcom/google/android/apps/bard/shellapp/ErrorActivity;->onCreate(Landroid/os/Bundle;)V < extends Landroid/app/Activity, implements ['Lbtt', 'Lbuj', 'Lcts', 'Lbw', 'Lwc', 'Lxg', 'Lvt', 'Lyg', 'Lki', 'Lko', 'Lpe', 'Lpf', 'Lbc', 'Lbd', 'Lrd', 'Lwc', 'Lrc']
COMPONENT CONCAT > Lbbb;->a()V < extends Ljava/lang/Object, implements []
COMPONENT CONCAT > Lawn;->onActivityResumed(Landroid/app/Activity;)V < extends Ljava/lang/Object, implements ['Landroid/app/Application$ActivityLifecycleCallbacks']
COMPONENT CONCAT > Lfk;-><init>(Landroid/content/Context;Landroid/util/AttributeSet;)V < extends Landroid/widget/AutoCompleteTextView, implements []
COMPONENT CONCAT > Lgd;->onClick(Landroid/content/DialogInterface;I)V < extends Ljava/lang/Object, implements ['Landroid/content/DialogInterface$OnClickListener', 'Lgi']
COMPONENT CONCAT > Lav;->c()V < extends Ljava/lang/Object, implements []
COMPONENT CONCAT > Laok;->b(Landroid/app/Activity;Laoc;)V < extends Ljava/lang/Object, implements []
COMPONENT CONCAT > Lcn;->M(Ljava/lang/String;Landroid/content/Context;Landroid/util/AttributeSet;)Landroid/view/View; < extends Ljava/lang/Object, implements ['Landroid/view/LayoutInflater$Factory2', 'Ldx']
COMPONENT CONCAT > Lgc;->b()Z < extends Ljava/lang/Object, implements ['Landroid/view/View$OnTouchListener', 'Landroid/view/View$OnAttachStateChangeListener']
COMPONENT CONCAT > Lbbh;->a()Ljava/lang/Object; < extends Ljava/lang/Object, implements ['Lbzv']
COMPONENT CONCAT > Lblk;->onBoundsChange(Landroid/graphics/Rect;)V < extends Landroid/graphics/drawable/Drawable, implements ['Lbly']
COMPONENT CONCAT > Laky;->b(Ljava/util/concurrent/Callable;JLjava/util/concurrent/TimeUnit;)Lcmz; < extends Ljava/util/concurrent/AbstractExecutorService, implements ['Lcnb', 'Lcna']
COMPONENT CONCAT > Lcom/google/android/apps/bard/shellapp/BardEntryPointActivity;->onResume()V < extends Landroid/app/Activity, implements ['Lbtt', 'Lbuj', 'Lcts', 'Lwc', 'Lxg', 'Lvt', 'Lyg', 'Lki', 'Lko', 'Lpe', 'Lpf', 'Lbc', 'Lbd', 'Lrd', 'Lwc', 'Lrc']
COMPONENT CONCAT > Lbbh;->b(Landroid/content/Context;)Ljava/lang/Object; < extends Ljava/lang/Object, implements ['Lbzv']
COMPONENT CONCAT > Ly;->onStop()V < extends Landroid/app/Activity, implements ['Lwc', 'Lxg', 'Lvt', 'Lyg', 'Lki', 'Lko', 'Lpe', 'Lpf', 'Lbc', 'Lbd', 'Lrd', 'Lwc', 'Lrc']
COMPONENT CONCAT > Lgj;-><init>(Landroid/content/Context;Landroid/util/AttributeSet;)V < extends Landroid/widget/Spinner, implements []
COMPONENT CONCAT > Lbmc;-><init>(Landroid/content/Context;Landroid/util/AttributeSet;)V < extends Landroid/widget/AutoCompleteTextView, implements []
COMPONENT CONCAT > Lk;->onAnimationEnd(Landroid/view/animation/Animation;)V < extends Ljava/lang/Object, implements ['Landroid/view/animation/Animation$AnimationListener']
COMPONENT CONCAT > Lgg;->n()V < extends Ljava/lang/Object, implements ['Lgi', 'Lep']
COMPONENT CONCAT > Lia;->q(Lbp;I)Lbt; < extends Ljava/lang/Object, implements []
COMPONENT CONCAT > Lfk;-><init>(Landroid/content/Context;)V < extends Landroid/widget/AutoCompleteTextView, implements []
COMPONENT CONCAT > Lanl;->b(Landroid/content/Context;Ljava/lang/Runnable;)Lcmx; < extends Ljava/lang/Object, implements []
COMPONENT CONCAT > Lbba;->run()V < extends Ljava/lang/Object, implements ['Ljava/lang/Runnable']
COMPONENT CONCAT > Lblk;->onStateChange([I)Z < extends Landroid/graphics/drawable/Drawable, implements ['Lbly']
COMPONENT CONCAT > Leq;->onGlobalLayout()V < extends Ljava/lang/Object, implements ['Landroid/view/ViewTreeObserver$OnGlobalLayoutListener']
COMPONENT CONCAT > Lbem;->onResume()V < extends Landroid/app/Activity, implements ['Lbw', 'Lwc', 'Lxg', 'Lvt', 'Lyg', 'Lki', 'Lko', 'Lpe', 'Lpf', 'Lbc', 'Lbd', 'Lrd', 'Lwc', 'Lrc']
COMPONENT CONCAT > Lbky;-><init>(Landroid/content/Context;Landroid/util/AttributeSet;)V < extends Landroid/widget/RadioButton, implements []
COMPONENT CONCAT > Lblk;->h(Luq;)V < extends Landroid/graphics/drawable/Drawable, implements ['Lbly']
COMPONENT CONCAT > Lgd;->l(II)V < extends Ljava/lang/Object, implements ['Landroid/content/DialogInterface$OnClickListener', 'Lgi']
COMPONENT CONCAT > Lbjl;-><init>(Landroid/content/Context;Landroid/util/AttributeSet;)V < extends Landroid/widget/CheckBox, implements []
COMPONENT CONCAT > Lbmf;->setTextAppearance(Landroid/content/Context;I)V < extends Landroid/widget/TextView, implements []
COMPONENT CONCAT > Lblk;->o(Lbxq;)V < extends Landroid/graphics/drawable/Drawable, implements ['Lbly']
COMPONENT CONCAT > Lgp;-><init>(Landroid/content/Context;Landroid/util/AttributeSet;)V < extends Landroid/widget/TextView, implements []
COMPONENT CONCAT > Ly;->onCreate(Landroid/os/Bundle;)V < extends Landroid/app/Activity, implements ['Lwc', 'Lxg', 'Lvt', 'Lyg', 'Lki', 'Lko', 'Lpe', 'Lpf', 'Lbc', 'Lbd', 'Lrd', 'Lwc', 'Lrc']
COMPONENT CONCAT > Lbjd;-><init>(Landroid/content/Context;Landroid/util/AttributeSet;)V < extends Landroid/widget/Button, implements ['Landroid/widget/Checkable', 'Lbly']
COMPONENT CONCAT > Ly;->onPostResume()V < extends Landroid/app/Activity, implements ['Lwc', 'Lxg', 'Lvt', 'Lyg', 'Lki', 'Lko', 'Lpe', 'Lpf', 'Lbc', 'Lbd', 'Lrd', 'Lwc', 'Lrc']
COMPONENT CONCAT > Lbqb;->c(Lcmx;Ljava/lang/String;[Ljava/lang/Object;)V < extends Ljava/lang/Object, implements []
COMPONENT CONCAT > Lzs;->onDestroy()V < extends Landroid/app/Activity, implements ['Lcts', 'Lwc', 'Lxg', 'Lvt', 'Lyg', 'Lki', 'Lko', 'Lpe', 'Lpf', 'Lbc', 'Lbd', 'Lrd', 'Lwc', 'Lrc']
COMPONENT CONCAT > Lav;->b()V < extends Ljava/lang/Object, implements []
COMPONENT CONCAT > Lgf;->onDismiss()V < extends Ljava/lang/Object, implements ['Landroid/widget/PopupWindow$OnDismissListener']
COMPONENT CONCAT > Lvu;->a(Lyg;)V < extends Ljava/lang/Object, implements ['Lyd']
COMPONENT CONCAT > Lwx;->e(Lwz;)V < extends Ljava/lang/Object, implements ['Lxc']
COMPONENT CONCAT > Lxp;->a(Ljava/lang/Class;)Lwz; < extends Ljava/lang/Object, implements ['Lxc']
MISSING ID > Lbct;->G(Landroid/view/View;)V <
COMPONENT CONCAT > Lba;->J()Larc; < extends Ljava/lang/Object, implements ['Lvt', 'Lyg', 'Lxg']
COMPONENT CONCAT > Lba;->n()Lyf; < extends Ljava/lang/Object, implements ['Lvt', 'Lyg', 'Lxg']
COMPONENT CONCAT > Lkc;->onBackInvoked()V < extends Ljava/lang/Object, implements ['Landroid/window/OnBackInvokedCallback']
COMPONENT CONCAT > Lcf;->onWindowStartingActionMode(Landroid/view/ActionMode$Callback;I)Landroid/view/ActionMode; < extends Ljava/lang/Object, implements ['Landroid/view/Window$Callback']
COMPONENT CONCAT > Lcn;->S(Landroid/view/Window;)V < extends Ljava/lang/Object, implements ['Landroid/view/LayoutInflater$Factory2', 'Ldx']
COMPONENT CONCAT > Ljz;-><init>(Landroid/content/Context;I)V < extends Landroid/app/Dialog, implements ['Lwc', 'Lki', 'Lyg']
COMPONENT CONCAT > Lcn;->A(Lcl;Z)V < extends Ljava/lang/Object, implements ['Landroid/view/LayoutInflater$Factory2', 'Ldx']
COMPONENT CONCAT > Lfc;->run()V < extends Ljava/lang/Object, implements ['Ljava/lang/Runnable']
COMPONENT CONCAT > Ldt;->f(Les;)Z < extends Ljava/lang/Object, implements ['Landroid/view/View$OnKeyListener', 'Landroid/widget/PopupWindow$OnDismissListener', 'Lel', 'Landroid/widget/AdapterView$OnItemClickListener', 'Lep', 'Lel']
MISSING ID > Lcn;->K(Lcl;Landroid/view/KeyEvent;)Z <
MISSING ID > Lcn;->V(Lcl;Landroid/view/KeyEvent;)V <
COMPONENT CONCAT > Lcjf;->a()Lcja; < extends Ljava/lang/Object, implements ['Ljava/io/Serializable', 'Lciz']
