COMPONENT CONCAT > Lcom/kashkick/kashkickapp/ResetImageView;->addImageView(Ljava/lang/String;)V < extends Ljava/lang/Object, implements ['Lcom/facebook/react/bridge/NativeModule']
COMPONENT CONCAT > Lcom/kashkick/kashkickapp/ResetImageView;->removeImageView()V < extends Ljava/lang/Object, implements ['Lcom/facebook/react/bridge/NativeModule']
COMPONENT CONCAT > Lcom/clevertap/android/sdk/product_config/CTProductConfigController;->setDefaults(I)V < extends Ljava/lang/Object, implements []
COMPONENT CONCAT > Lcom/facebook/FacebookActivity;->onCreate(Landroid/os/Bundle;)V < extends Landroidx/fragment/app/FragmentActivity, implements ['Lcom/newrelic/agent/android/api/v2/TraceFieldInterface', 'Landroidx/core/app/ActivityCompat$OnRequestPermissionsResultCallback', 'Landroidx/core/app/ActivityCompat$RequestPermissionsRequestCodeValidator']
COMPONENT CONCAT > Lcom/microsoft/appcenter/crashes/Crashes;->applyEnabledState(Z)V < extends Ljava/lang/Object, implements ['Lcom/microsoft/appcenter/AppCenterService']
COMPONENT CONCAT > Lcom/microsoft/appcenter/crashes/Crashes;->onStarted(Landroid/content/Context;Lcom/microsoft/appcenter/channel/Channel;Ljava/lang/String;Ljava/lang/String;Z)V < extends Ljava/lang/Object, implements ['Lcom/microsoft/appcenter/AppCenterService']
COMPONENT CONCAT > Lcom/microsoft/appcenter/crashes/Crashes;->getChannelListener()Lcom/microsoft/appcenter/channel/Channel$GroupListener; < extends Ljava/lang/Object, implements ['Lcom/microsoft/appcenter/AppCenterService']
COMPONENT CONCAT > Lcom/nimbusds/jose/jwk/gen/ECKeyGenerator;->generate()Lcom/nimbusds/jose/jwk/JWK; < extends Ljava/lang/Object, implements []
COMPONENT CONCAT > Lcom/nimbusds/jose/jwk/JWKSet;->load(Ljava/security/KeyStore;Lcom/nimbusds/jose/jwk/PasswordLookup;)Lcom/nimbusds/jose/jwk/JWKSet; < extends Ljava/lang/Object, implements ['Ljava/io/Serializable']
COMPONENT CONCAT > Lcom/nimbusds/jose/jwk/JWK;->parseFromPEMEncodedX509Cert(Ljava/lang/String;)Lcom/nimbusds/jose/jwk/JWK; < extends Ljava/lang/Object, implements ['Ljava/io/Serializable']
COMPONENT CONCAT > Lcom/nimbusds/jose/jwk/JWK;->load(Ljava/security/KeyStore;Ljava/lang/String;[C)Lcom/nimbusds/jose/jwk/JWK; < extends Ljava/lang/Object, implements ['Ljava/io/Serializable']
COMPONENT CONCAT > Lcom/nimbusds/jose/crypto/ECDHEncrypter;->encrypt(Lcom/nimbusds/jose/JWEHeader;[B)Lcom/nimbusds/jose/JWECryptoParts; < extends Ljava/lang/Object, implements ['Lcom/nimbusds/jose/JWEEncrypter', 'Lcom/nimbusds/jose/JWEProvider']
COMPONENT CONCAT > Lcom/nimbusds/jose/jwk/JWK;->parseFromPEMEncodedObjects(Ljava/lang/String;)Lcom/nimbusds/jose/jwk/JWK; < extends Ljava/lang/Object, implements ['Ljava/io/Serializable']
COMPONENT CONCAT > Lcom/nimbusds/jose/crypto/ECDH1PUEncrypter;->encrypt(Lcom/nimbusds/jose/JWEHeader;[B)Lcom/nimbusds/jose/JWECryptoParts; < extends Ljava/lang/Object, implements ['Lcom/nimbusds/jose/JWEEncrypter', 'Lcom/nimbusds/jose/JWEProvider']
COMPONENT CONCAT > Lcom/facebook/react/ReactFragment$Builder;->build()Lcom/facebook/react/ReactFragment; < extends Ljava/lang/Object, implements []
COMPONENT CONCAT > Lcom/facebook/react/ReactActivity;->onPause()V < extends Landroidx/appcompat/app/AppCompatActivity, implements ['Lcom/facebook/react/modules/core/DefaultHardwareBackBtnHandler', 'Lcom/facebook/react/modules/core/PermissionAwareActivity', 'Lcom/newrelic/agent/android/api/v2/TraceFieldInterface', 'Landroidx/appcompat/app/AppCompatCallback', 'Landroidx/core/app/TaskStackBuilder$SupportParentable', 'Landroidx/appcompat/app/ActionBarDrawerToggle$DelegateProvider']
COMPONENT CONCAT > Lcom/facebook/gamingservices/TournamentUpdater;->update(Lcom/facebook/gamingservices/Tournament;Ljava/lang/Number;)Lcom/facebook/bolts/TaskCompletionSource; < extends Ljava/lang/Object, implements []
COMPONENT CONCAT > Lcom/facebook/share/ShareApi;->setGraphNode(Ljava/lang/String;)V < extends Ljava/lang/Object, implements []
COMPONENT CONCAT > Lcom/facebook/login/LoginManager;->logInWithPublishPermissions(Landroidx/fragment/app/Fragment;Lcom/facebook/CallbackManager;Ljava/util/Collection;)V < extends Ljava/lang/Object, implements []
COMPONENT CONCAT > Lcom/facebook/appevents/AppEventsLoggerImpl;->logSdkEvent(Ljava/lang/String;Ljava/lang/Double;Landroid/os/Bundle;)V < extends Ljava/lang/Object, implements []
COMPONENT CONCAT > Lcom/facebook/ProgressNoopOutputStream;->write(I)V < extends Ljava/io/OutputStream, implements ['Lcom/facebook/RequestOutputStream']
COMPONENT CONCAT > Lcom/facebook/share/ShareApi;->handleImagesOnAction(Landroid/os/Bundle;)V < extends Ljava/lang/Object, implements []
COMPONENT CONCAT > Lcom/facebook/login/DeviceAuthDialog;->onCreateDialog(Landroid/os/Bundle;)Landroid/app/Dialog; < extends Landroidx/fragment/app/DialogFragment, implements ['Lcom/newrelic/agent/android/api/v2/TraceFieldInterface', 'Landroid/content/DialogInterface$OnCancelListener', 'Landroid/content/DialogInterface$OnDismissListener']
COMPONENT CONCAT > Lcom/facebook/share/widget/MessageDialog;->getOrderedModeHandlers()Ljava/util/List; < extends Ljava/lang/Object, implements ['Lcom/facebook/share/Sharer', 'Lcom/facebook/share/Sharer', 'Lcom/facebook/FacebookDialog']
COMPONENT CONCAT > Lcom/facebook/appevents/codeless/internal/ViewHierarchy;->updateAppearanceOfView(Landroid/view/View;Lorg/json/JSONObject;F)V < extends Ljava/lang/Object, implements []
COMPONENT CONCAT > Lcom/facebook/GraphRequest;-><init>(Lcom/facebook/AccessToken;)V < extends Ljava/lang/Object, implements []
COMPONENT CONCAT > Lcom/facebook/gamingservices/GamingContext;->getCurrentGamingContext()Lcom/facebook/gamingservices/GamingContext; < extends Ljava/lang/Object, implements []
COMPONENT CONCAT > Lcom/facebook/internal/AppCall;->finishPendingCall(Ljava/util/UUID;I)Lcom/facebook/internal/AppCall; < extends Ljava/lang/Object, implements []
COMPONENT CONCAT > Lcom/facebook/reactnative/androidsdk/FBLoginManagerModule;->logInWithPermissions(Lcom/facebook/react/bridge/ReadableArray;Lcom/facebook/react/bridge/Promise;)V < extends Ljava/lang/Object, implements ['Lcom/facebook/react/bridge/NativeModule']
COMPONENT CONCAT > Lcom/facebook/appevents/InternalAppEventsLogger;->setUserData(Landroid/os/Bundle;)V < extends Ljava/lang/Object, implements []
COMPONENT CONCAT > Lcom/facebook/gamingservices/ContextChooseDialog;->getOrderedModeHandlers()Ljava/util/List; < extends Ljava/lang/Object, implements ['Lcom/facebook/FacebookDialog']
COMPONENT CONCAT > Lcom/facebook/appevents/aam/MetadataRule;->updateRules(Ljava/lang/String;)V < extends Ljava/lang/Object, implements []
COMPONENT CONCAT > Lcom/facebook/reactnative/androidsdk/FBAppEventsLoggerModule;->getUserID()Ljava/lang/String; < extends Ljava/lang/Object, implements ['Lcom/facebook/react/bridge/NativeModule']
COMPONENT CONCAT > Lcom/facebook/share/widget/ShareDialog;->show(Landroid/app/Fragment;Lcom/facebook/share/model/ShareContent;)V < extends Ljava/lang/Object, implements ['Lcom/facebook/share/Sharer', 'Lcom/facebook/FacebookDialog']
COMPONENT CONCAT > Lcom/facebook/gamingservices/cloudgaming/GameFeaturesLibrary;->joinTournamentAsync(Landroid/content/Context;Ljava/lang/String;Lcom/facebook/gamingservices/cloudgaming/DaemonRequest$Callback;)V < extends Ljava/lang/Object, implements []
COMPONENT CONCAT > Lcom/facebook/gamingservices/FriendFinderDialog;->show()V < extends Ljava/lang/Object, implements ['Lcom/facebook/FacebookDialog']
COMPONENT CONCAT > Lcom/facebook/GraphRequest;->executeBatchAsync([Lcom/facebook/GraphRequest;)Lcom/facebook/GraphRequestAsyncTask; < extends Ljava/lang/Object, implements []
COMPONENT CONCAT > Lcom/facebook/appevents/AppEventsLoggerImpl;->logPurchase$default(Lcom/facebook/appevents/AppEventsLoggerImpl;Ljava/math/BigDecimal;Ljava/util/Currency;Landroid/os/Bundle;ILjava/lang/Object;)V < extends Ljava/lang/Object, implements []
COMPONENT CONCAT > Lcom/facebook/appevents/aam/MetadataRule;->getRules()Ljava/util/Set; < extends Ljava/lang/Object, implements []
COMPONENT CONCAT > Lcom/facebook/gamingservices/TournamentJoinDialog;->canShow(Ljava/lang/Object;)Z < extends Ljava/lang/Object, implements ['Lcom/facebook/FacebookDialog']
COMPONENT CONCAT > Lcom/facebook/share/widget/GameRequestDialog;->getOrderedModeHandlers()Ljava/util/List; < extends Ljava/lang/Object, implements ['Lcom/facebook/FacebookDialog']
COMPONENT CONCAT > Lcom/facebook/GraphRequest;->executeAndWait(Lcom/facebook/GraphRequest;)Lcom/facebook/GraphResponse; < extends Ljava/lang/Object, implements []
COMPONENT CONCAT > Lcom/facebook/appevents/iap/InAppPurchaseEventManager;-><clinit>()V < extends Ljava/lang/Object, implements []
COMPONENT CONCAT > Lcom/facebook/gamingservices/TournamentFetcher;->fetchTournaments()Lcom/facebook/bolts/TaskCompletionSource; < extends Ljava/lang/Object, implements []
COMPONENT CONCAT > Lcom/facebook/appevents/PersistedEvents;->keySet()Ljava/util/Set; < extends Ljava/lang/Object, implements ['Ljava/io/Serializable']
COMPONENT CONCAT > Lcom/facebook/gamingservices/cloudgaming/DaemonRequest;->executeAsync(Landroid/content/Context;Lorg/json/JSONObject;Lcom/facebook/gamingservices/cloudgaming/DaemonRequest$Callback;Ljava/lang/String;)V < extends Ljava/lang/Object, implements []
COMPONENT CONCAT > Lcom/facebook/reactnative/androidsdk/FBAppEventsLoggerModule;->getAdvertiserID(Lcom/facebook/react/bridge/Promise;)V < extends Ljava/lang/Object, implements ['Lcom/facebook/react/bridge/NativeModule']
COMPONENT CONCAT > Lcom/facebook/appevents/iap/InAppPurchaseBillingClientWrapper;->getOrCreateInstance(Landroid/content/Context;)Lcom/facebook/appevents/iap/InAppPurchaseBillingClientWrapper; < extends Ljava/lang/Object, implements []
COMPONENT CONCAT > Lcom/facebook/login/LoginManager$FacebookLoginActivityResultContract;->createIntent(Landroid/content/Context;Ljava/lang/Object;)Landroid/content/Intent; < extends Landroidx/activity/result/contract/ActivityResultContract, implements []
COMPONENT CONCAT > Lcom/facebook/login/widget/DeviceLoginButton;->getNewLoginClickListener()Lcom/facebook/login/widget/LoginButton$LoginClickListener; < extends Landroid/widget/Button, implements []
COMPONENT CONCAT > Lcom/facebook/internal/DialogPresenter;->setupAppCallForWebFallbackDialog(Lcom/facebook/internal/AppCall;Landroid/os/Bundle;Lcom/facebook/internal/DialogFeature;)V < extends Ljava/lang/Object, implements []
COMPONENT CONCAT > Lcom/facebook/appevents/PersistedEvents;->containsKey(Lcom/facebook/appevents/AccessTokenAppIdPair;)Z < extends Ljava/lang/Object, implements ['Ljava/io/Serializable']
COMPONENT CONCAT > Lcom/facebook/AuthenticationTokenManager;->loadCurrentAuthenticationToken()Z < extends Ljava/lang/Object, implements []
COMPONENT CONCAT > Lcom/facebook/appevents/integrity/SensitiveParamsManager;->disable()V < extends Ljava/lang/Object, implements []
COMPONENT CONCAT > Lcom/facebook/reactnative/androidsdk/FBMessageDialogModule;->show(Lcom/facebook/react/bridge/ReadableMap;Lcom/facebook/react/bridge/Promise;)V < extends Ljava/lang/Object, implements ['Lcom/facebook/react/bridge/NativeModule']
COMPONENT CONCAT > Lcom/facebook/gamingservices/cloudgaming/GameFeaturesLibrary;->postTournamentScoreAsync(Landroid/content/Context;ILcom/facebook/gamingservices/cloudgaming/DaemonRequest$Callback;)V < extends Ljava/lang/Object, implements []
COMPONENT CONCAT > Lcom/facebook/login/DeviceLoginManager;->getDeviceAuthTargetUserId()Ljava/lang/String; < extends Ljava/lang/Object, implements []
COMPONENT CONCAT > Lcom/facebook/reactnative/androidsdk/FBAppEventsLoggerModule;->setUserData(Lcom/facebook/react/bridge/ReadableMap;)V < extends Ljava/lang/Object, implements ['Lcom/facebook/react/bridge/NativeModule']
COMPONENT CONCAT > Lcom/facebook/appevents/internal/SourceApplicationInfo;->getStoredSourceApplicatioInfo()Lcom/facebook/appevents/internal/SourceApplicationInfo; < extends Ljava/lang/Object, implements []
COMPONENT CONCAT > Lcom/facebook/gamingservices/cloudgaming/GameFeaturesLibrary;->postSessionScore(Landroid/content/Context;ILcom/facebook/gamingservices/cloudgaming/DaemonRequest$Callback;)V < extends Ljava/lang/Object, implements []
COMPONENT CONCAT > Lcom/facebook/reactnative/androidsdk/FBAccessTokenModule;->initialize()V < extends Ljava/lang/Object, implements ['Lcom/facebook/react/bridge/NativeModule']
COMPONENT CONCAT > Lcom/facebook/gamingservices/cloudgaming/InAppPurchaseLibrary;->getSubscriptions(Landroid/content/Context;Lcom/facebook/gamingservices/cloudgaming/DaemonRequest$Callback;)V < extends Ljava/lang/Object, implements []
COMPONENT CONCAT > Lcom/facebook/share/widget/ShareDialog;-><init>(Landroidx/fragment/app/Fragment;)V < extends Ljava/lang/Object, implements ['Lcom/facebook/share/Sharer', 'Lcom/facebook/FacebookDialog']
COMPONENT CONCAT > Lcom/facebook/gamingservices/GamingImageUploader;->uploadToMediaLibrary(Ljava/lang/String;Ljava/io/File;Z)V < extends Ljava/lang/Object, implements []
COMPONENT CONCAT > Lcom/facebook/reactnative/androidsdk/FBSDKPackage;->createViewManagers(Lcom/facebook/react/bridge/ReactApplicationContext;)Ljava/util/List; < extends Ljava/lang/Object, implements ['Lcom/facebook/react/ReactPackage']
COMPONENT CONCAT > Lcom/facebook/share/internal/ShareContentValidation;-><clinit>()V < extends Ljava/lang/Object, implements []
COMPONENT CONCAT > Lcom/facebook/GraphRequest;-><init>(Lcom/facebook/AccessToken;Ljava/lang/String;Landroid/os/Bundle;)V < extends Ljava/lang/Object, implements []
COMPONENT CONCAT > Lcom/facebook/reactnative/androidsdk/FBProfileModule;->getCurrentProfile(Lcom/facebook/react/bridge/Callback;)V < extends Ljava/lang/Object, implements ['Lcom/facebook/react/bridge/NativeModule']
COMPONENT CONCAT > Lcom/facebook/appevents/AppEventsLoggerImpl;->getInstallReferrer()Ljava/lang/String; < extends Ljava/lang/Object, implements []
COMPONENT CONCAT > Lcom/facebook/ProfileManager;->getInstance()Lcom/facebook/ProfileManager; < extends Ljava/lang/Object, implements []
COMPONENT CONCAT > Lcom/facebook/appevents/AppEventsLoggerImpl;->getAnonymousAppDeviceGUID(Landroid/content/Context;)Ljava/lang/String; < extends Ljava/lang/Object, implements []
COMPONENT CONCAT > Lcom/facebook/internal/BoltsMeasurementEventListener;->finalize()V < extends Landroid/content/BroadcastReceiver, implements []
COMPONENT CONCAT > Lcom/facebook/GraphRequest;->executeBatchAsync(Ljava/util/Collection;)Lcom/facebook/GraphRequestAsyncTask; < extends Ljava/lang/Object, implements []
COMPONENT CONCAT > Lcom/facebook/gamingservices/cloudgaming/InAppAdLibrary;->loadRewardedVideo(Landroid/content/Context;Ljava/lang/String;Lcom/facebook/gamingservices/cloudgaming/DaemonRequest$Callback;)V < extends Ljava/lang/Object, implements []
COMPONENT CONCAT > Lcom/facebook/share/internal/ShareContentValidation;->validateShareMessengerActionButton(Lcom/facebook/share/model/ShareMessengerActionButton;)V < extends Ljava/lang/Object, implements []
COMPONENT CONCAT > Lcom/facebook/gamingservices/TournamentJoinDialog;->show(Ljava/lang/String;Ljava/lang/String;)V < extends Ljava/lang/Object, implements ['Lcom/facebook/FacebookDialog']
COMPONENT CONCAT > Lcom/facebook/FacebookSdk;->setDataProcessingOptions([Ljava/lang/String;)V < extends Ljava/lang/Object, implements []
COMPONENT CONCAT > Lcom/facebook/messenger/MessengerUtils;->finishShareToMessenger(Landroid/app/Activity;Lcom/facebook/messenger/ShareToMessengerParams;)V < extends Ljava/lang/Object, implements []
COMPONENT CONCAT > Lcom/facebook/appevents/AppEventsLoggerImpl;->logEvent$default(Lcom/facebook/appevents/AppEventsLoggerImpl;Ljava/lang/String;Landroid/os/Bundle;ILjava/lang/Object;)V < extends Ljava/lang/Object, implements []
COMPONENT CONCAT > Lcom/facebook/gamingservices/cloudgaming/GameFeaturesLibrary;->getTournamentAsync(Landroid/content/Context;Lcom/facebook/gamingservices/cloudgaming/DaemonRequest$Callback;)V < extends Ljava/lang/Object, implements []
COMPONENT CONCAT > Lcom/facebook/internal/Validate;->runningOnUiThread()V < extends Ljava/lang/Object, implements []
COMPONENT CONCAT > Lcom/facebook/login/LoginManager;->reauthorizeDataAccess(Landroidx/fragment/app/Fragment;)V < extends Ljava/lang/Object, implements []
COMPONENT CONCAT > Lcom/facebook/share/widget/MessageDialog;->show(Landroid/app/Fragment;Lcom/facebook/share/model/ShareContent;)V < extends Ljava/lang/Object, implements ['Lcom/facebook/share/Sharer', 'Lcom/facebook/share/Sharer', 'Lcom/facebook/FacebookDialog']
COMPONENT CONCAT > Lcom/facebook/reactnative/androidsdk/FBAppEventsLoggerModule;->clearUserID()V < extends Ljava/lang/Object, implements ['Lcom/facebook/react/bridge/NativeModule']
COMPONENT CONCAT > Lcom/facebook/login/LoginManager;->logInWithConfiguration(Landroidx/fragment/app/Fragment;Lcom/facebook/login/LoginConfiguration;)V < extends Ljava/lang/Object, implements []
COMPONENT CONCAT > Lcom/facebook/internal/FacebookDialogBase$createActivityResultContractForShowingDialog$1;->createIntent(Landroid/content/Context;Ljava/lang/Object;)Landroid/content/Intent; < extends Landroidx/activity/result/contract/ActivityResultContract, implements []
COMPONENT CONCAT > Lcom/facebook/internal/gatekeeper/GateKeeperRuntimeCache;->getGateKeeperValue$default(Lcom/facebook/internal/gatekeeper/GateKeeperRuntimeCache;Ljava/lang/String;Ljava/lang/String;ZILjava/lang/Object;)Z < extends Ljava/lang/Object, implements []
COMPONENT CONCAT > Lcom/facebook/gamingservices/TournamentShareDialog;->show(Ljava/lang/Number;Lcom/facebook/gamingservices/TournamentConfig;)V < extends Ljava/lang/Object, implements ['Lcom/facebook/FacebookDialog']
COMPONENT CONCAT > Lcom/facebook/gamingservices/cloudgaming/InAppAdLibrary;->loadInterstitialAd(Landroid/content/Context;Ljava/lang/String;Lcom/facebook/gamingservices/cloudgaming/DaemonRequest$Callback;)V < extends Ljava/lang/Object, implements []
COMPONENT CONCAT > Lcom/facebook/share/widget/ShareDialog;->canShow(Ljava/lang/Class;)Z < extends Ljava/lang/Object, implements ['Lcom/facebook/share/Sharer', 'Lcom/facebook/FacebookDialog']
COMPONENT CONCAT > Lcom/facebook/gamingservices/TournamentJoinDialog;-><clinit>()V < extends Ljava/lang/Object, implements ['Lcom/facebook/FacebookDialog']
COMPONENT CONCAT > Lcom/facebook/FacebookSdk;->setMonitorEnabled(Z)V < extends Ljava/lang/Object, implements []
COMPONENT CONCAT > Lcom/facebook/login/LoginManager;->onActivityResult(ILandroid/content/Intent;)Z < extends Ljava/lang/Object, implements []
COMPONENT CONCAT > Lcom/facebook/reactnative/androidsdk/FBLoginManagerModule;->logOut()V < extends Ljava/lang/Object, implements ['Lcom/facebook/react/bridge/NativeModule']
COMPONENT CONCAT > Lcom/facebook/share/widget/MessageDialog;-><init>(Landroidx/fragment/app/Fragment;)V < extends Ljava/lang/Object, implements ['Lcom/facebook/share/Sharer', 'Lcom/facebook/share/Sharer', 'Lcom/facebook/FacebookDialog']
COMPONENT CONCAT > Lcom/facebook/login/widget/DeviceLoginButton;-><init>(Landroid/content/Context;Landroid/util/AttributeSet;I)V < extends Landroid/widget/Button, implements []
COMPONENT CONCAT > Lcom/facebook/appevents/AppEventsLoggerImpl;->functionDEPRECATED(Ljava/lang/String;)V < extends Ljava/lang/Object, implements []
COMPONENT CONCAT > Lcom/facebook/login/LoginLogger;->logAuthorizationMethodStart(Ljava/lang/String;Ljava/lang/String;)V < extends Ljava/lang/Object, implements []
COMPONENT CONCAT > Lcom/facebook/gamingservices/GameRequestDialog;->getOrderedModeHandlers()Ljava/util/List; < extends Ljava/lang/Object, implements ['Lcom/facebook/FacebookDialog']
COMPONENT CONCAT > Lcom/facebook/gamingservices/cloudgaming/InAppPurchaseLibrary;->getCatalog(Landroid/content/Context;Lcom/facebook/gamingservices/cloudgaming/DaemonRequest$Callback;)V < extends Ljava/lang/Object, implements []
COMPONENT CONCAT > Lcom/facebook/appevents/AppEventsLoggerImpl;->setInstallReferrer(Ljava/lang/String;)V < extends Ljava/lang/Object, implements []
COMPONENT CONCAT > Lcom/facebook/appevents/FacebookSDKJSInterface;->getProtocol()Ljava/lang/String; < extends Ljava/lang/Object, implements []
COMPONENT CONCAT > Lcom/facebook/gamingservices/ContextSwitchDialog;->canShow(Ljava/lang/Object;)Z < extends Ljava/lang/Object, implements ['Lcom/facebook/FacebookDialog']
COMPONENT CONCAT > Lcom/facebook/login/LoginManager;->resolveError(Landroid/app/Activity;Lcom/facebook/GraphResponse;)V < extends Ljava/lang/Object, implements []
COMPONENT CONCAT > Lcom/facebook/devicerequests/internal/DeviceRequestsHelper;->getDeviceInfo()Ljava/lang/String; < extends Ljava/lang/Object, implements []
COMPONENT CONCAT > Lcom/facebook/login/DeviceAuthDialog;->onDismiss(Landroid/content/DialogInterface;)V < extends Landroidx/fragment/app/DialogFragment, implements ['Lcom/newrelic/agent/android/api/v2/TraceFieldInterface', 'Landroid/content/DialogInterface$OnCancelListener', 'Landroid/content/DialogInterface$OnDismissListener']
COMPONENT CONCAT > Lcom/facebook/gamingservices/ContextCreateDialog;-><clinit>()V < extends Ljava/lang/Object, implements ['Lcom/facebook/FacebookDialog']
COMPONENT CONCAT > Lcom/facebook/gamingservices/cloudgaming/InAppAdLibrary;->showInterstitialAd(Landroid/content/Context;Ljava/lang/String;Lcom/facebook/gamingservices/cloudgaming/DaemonRequest$Callback;)V < extends Ljava/lang/Object, implements []
COMPONENT CONCAT > Lcom/facebook/reactnative/androidsdk/FBAppEventsLoggerModule;->initialize()V < extends Ljava/lang/Object, implements ['Lcom/facebook/react/bridge/NativeModule']
COMPONENT CONCAT > Lcom/facebook/gamingservices/GameRequestDialog;->registerCallbackImpl(Lcom/facebook/internal/CallbackManagerImpl;Lcom/facebook/FacebookCallback;)V < extends Ljava/lang/Object, implements ['Lcom/facebook/FacebookDialog']
COMPONENT CONCAT > Lcom/facebook/appevents/AppEventsLoggerImpl;->getFlushBehavior()Lcom/facebook/appevents/AppEventsLogger$FlushBehavior; < extends Ljava/lang/Object, implements []
COMPONENT CONCAT > Lcom/facebook/appevents/iap/InAppPurchaseSkuDetailsWrapper;->getOrCreateInstance()Lcom/facebook/appevents/iap/InAppPurchaseSkuDetailsWrapper; < extends Ljava/lang/Object, implements []
COMPONENT CONCAT > Lcom/facebook/appevents/AppEventsLoggerImpl;->setPushNotificationsRegistrationId(Ljava/lang/String;)V < extends Ljava/lang/Object, implements []
COMPONENT CONCAT > Lcom/facebook/appevents/internal/SessionInfo;->clearSavedSessionFromDisk()V < extends Ljava/lang/Object, implements []
COMPONENT CONCAT > Lcom/facebook/appevents/PersistedEvents;->get(Lcom/facebook/appevents/AccessTokenAppIdPair;)Ljava/util/List; < extends Ljava/lang/Object, implements ['Ljava/io/Serializable']
COMPONENT CONCAT > Lcom/facebook/gamingservices/cloudgaming/MediaUploadCallback;->onCompleted(Lcom/facebook/GraphResponse;)V < extends Ljava/lang/Object, implements ['Lcom/facebook/GraphRequest$Callback']
COMPONENT CONCAT > Lcom/facebook/share/widget/MessageDialog;->show(Landroid/app/Activity;Lcom/facebook/share/model/ShareContent;)V < extends Ljava/lang/Object, implements ['Lcom/facebook/share/Sharer', 'Lcom/facebook/share/Sharer', 'Lcom/facebook/FacebookDialog']
COMPONENT CONCAT > Lcom/facebook/gamingservices/GamingImageUploader;->uploadToMediaLibrary(Ljava/lang/String;Landroid/net/Uri;Z)V < extends Ljava/lang/Object, implements []
COMPONENT CONCAT > Lcom/facebook/appevents/InternalAppEventsLogger;->createInstance(Ljava/lang/String;Ljava/lang/String;Lcom/facebook/AccessToken;)Lcom/facebook/appevents/InternalAppEventsLogger; < extends Ljava/lang/Object, implements []
COMPONENT CONCAT > Lcom/facebook/GraphRequest;->toHttpConnection(Ljava/util/Collection;)Ljava/net/HttpURLConnection; < extends Ljava/lang/Object, implements []
COMPONENT CONCAT > Lcom/facebook/gamingservices/cloudgaming/GameFeaturesLibrary;->postSessionScoreAsync(Landroid/content/Context;ILcom/facebook/gamingservices/cloudgaming/DaemonRequest$Callback;)V < extends Ljava/lang/Object, implements []
COMPONENT CONCAT > Lcom/facebook/appevents/InternalAppEventsLogger;->setInternalUserData(Ljava/util/Map;)V < extends Ljava/lang/Object, implements []
COMPONENT CONCAT > Lcom/facebook/internal/gatekeeper/GateKeeperRuntimeCache;->getGateKeeper$default(Lcom/facebook/internal/gatekeeper/GateKeeperRuntimeCache;Ljava/lang/String;Ljava/lang/String;ILjava/lang/Object;)Lcom/facebook/internal/gatekeeper/GateKeeper; < extends Ljava/lang/Object, implements []
COMPONENT CONCAT > Lcom/facebook/internal/FetchedAppGateKeepersManager;->resetRuntimeGateKeeperCache()V < extends Ljava/lang/Object, implements []
COMPONENT CONCAT > Lcom/facebook/appevents/AppEventsLogger;->logEvent(Ljava/lang/String;)V < extends Ljava/lang/Object, implements []
COMPONENT CONCAT > Lcom/facebook/login/LoginLogger;->logAuthorizationMethodComplete(Ljava/lang/String;Ljava/lang/String;Ljava/lang/String;Ljava/lang/String;Ljava/lang/String;Ljava/util/Map;)V < extends Ljava/lang/Object, implements []
COMPONENT CONCAT > Lcom/facebook/internal/ImageDownloader;->clearCache()V < extends Ljava/lang/Object, implements []
COMPONENT CONCAT > Lcom/facebook/GraphRequest;->newMyFriendsRequest(Lcom/facebook/AccessToken;Lcom/facebook/GraphRequest$GraphJSONArrayCallback;)Lcom/facebook/GraphRequest; < extends Ljava/lang/Object, implements []
COMPONENT CONCAT > Lcom/facebook/login/LoginManager;->logInWithPublishPermissions(Landroid/app/Activity;Ljava/util/Collection;)V < extends Ljava/lang/Object, implements []
COMPONENT CONCAT > Lcom/facebook/gamingservices/GamingVideoUploader;->uploadToMediaLibrary(Ljava/lang/String;Landroid/net/Uri;)V < extends Ljava/lang/Object, implements []
COMPONENT CONCAT > Lcom/facebook/gamingservices/cloudgaming/AppToUserNotificationSender;->scheduleAppToUserNotification(Ljava/lang/String;Ljava/lang/String;Landroid/graphics/Bitmap;ILjava/lang/String;Lcom/facebook/GraphRequest$Callback;)V < extends Ljava/lang/Object, implements []
COMPONENT CONCAT > Lcom/facebook/login/DeviceLoginManager;->getDeviceRedirectUri()Landroid/net/Uri; < extends Ljava/lang/Object, implements []
COMPONENT CONCAT > Lcom/facebook/appevents/AppEventsLoggerImpl;->initializeLib(Landroid/content/Context;Ljava/lang/String;)V < extends Ljava/lang/Object, implements []
COMPONENT CONCAT > Lcom/facebook/login/LoginManager;->resolveError(Landroidx/fragment/app/Fragment;Lcom/facebook/GraphResponse;)V < extends Ljava/lang/Object, implements []
COMPONENT CONCAT > Lcom/facebook/login/LoginManager;->logInWithReadPermissions(Landroidx/fragment/app/Fragment;Ljava/util/Collection;)V < extends Ljava/lang/Object, implements []
COMPONENT CONCAT > Lcom/facebook/GraphRequest;->newCustomAudienceThirdPartyIdRequest(Lcom/facebook/AccessToken;Landroid/content/Context;Lcom/facebook/GraphRequest$Callback;)Lcom/facebook/GraphRequest; < extends Ljava/lang/Object, implements []
COMPONENT CONCAT > Lcom/facebook/login/LoginManager;->logInWithReadPermissions(Landroidx/fragment/app/Fragment;Lcom/facebook/CallbackManager;Ljava/util/Collection;)V < extends Ljava/lang/Object, implements []
COMPONENT CONCAT > Lcom/facebook/reactnative/androidsdk/FBAppLinkModule;->fetchDeferredAppLink(Lcom/facebook/react/bridge/Promise;)V < extends Ljava/lang/Object, implements ['Lcom/facebook/react/bridge/NativeModule']
COMPONENT CONCAT > Lcom/facebook/internal/CustomTab;->getURIForAction(Ljava/lang/String;Landroid/os/Bundle;)Landroid/net/Uri; < extends Ljava/lang/Object, implements []
COMPONENT CONCAT > Lcom/facebook/internal/WorkQueue;->validate()V < extends Ljava/lang/Object, implements []
COMPONENT CONCAT > Lcom/facebook/share/widget/MessageDialog;->registerCallbackImpl(Lcom/facebook/internal/CallbackManagerImpl;Lcom/facebook/FacebookCallback;)V < extends Ljava/lang/Object, implements ['Lcom/facebook/share/Sharer', 'Lcom/facebook/share/Sharer', 'Lcom/facebook/FacebookDialog']
COMPONENT CONCAT > Lcom/facebook/reactnative/androidsdk/FBShareDialogModule;->show(Lcom/facebook/react/bridge/ReadableMap;Lcom/facebook/react/bridge/Promise;)V < extends Ljava/lang/Object, implements ['Lcom/facebook/react/bridge/NativeModule']
COMPONENT CONCAT > Lcom/facebook/gamingservices/cloudgaming/GameFeaturesLibrary;->performHapticFeedback(Landroid/content/Context;)V < extends Ljava/lang/Object, implements []
COMPONENT CONCAT > Lcom/facebook/login/LoginManager;->logIn(Landroidx/fragment/app/Fragment;Ljava/util/Collection;)V < extends Ljava/lang/Object, implements []
COMPONENT CONCAT > Lcom/facebook/gamingservices/cloudgaming/InAppPurchaseLibrary;->purchase(Landroid/content/Context;Ljava/lang/String;Ljava/lang/String;Lcom/facebook/gamingservices/cloudgaming/DaemonRequest$Callback;)V < extends Ljava/lang/Object, implements []
COMPONENT CONCAT > Lcom/facebook/internal/FetchedAppGateKeepersManager;->setRuntimeGateKeeper$default(Ljava/lang/String;Lcom/facebook/internal/gatekeeper/GateKeeper;ILjava/lang/Object;)V < extends Ljava/lang/Object, implements []
COMPONENT CONCAT > Lcom/facebook/gamingservices/FriendFinderDialog;->show(Ljava/lang/Object;)V < extends Ljava/lang/Object, implements ['Lcom/facebook/FacebookDialog']
COMPONENT CONCAT > Lcom/facebook/messenger/MessengerUtils;->shareToMessenger(Landroid/app/Activity;ILcom/facebook/messenger/ShareToMessengerParams;)V < extends Ljava/lang/Object, implements []
COMPONENT CONCAT > Lcom/facebook/internal/NativeProtocol;-><clinit>()V < extends Ljava/lang/Object, implements []
COMPONENT CONCAT > Lcom/facebook/gamingservices/FriendFinderDialog;-><clinit>()V < extends Ljava/lang/Object, implements ['Lcom/facebook/FacebookDialog']
COMPONENT CONCAT > Lcom/facebook/GraphRequest;->toHttpConnection([Lcom/facebook/GraphRequest;)Ljava/net/HttpURLConnection; < extends Ljava/lang/Object, implements []
COMPONENT CONCAT > Lcom/facebook/GraphRequest;-><init>(Lcom/facebook/AccessToken;Ljava/lang/String;Landroid/os/Bundle;Lcom/facebook/HttpMethod;)V < extends Ljava/lang/Object, implements []
COMPONENT CONCAT > Lcom/facebook/share/widget/ShareDialog;->registerCallbackImpl(Lcom/facebook/internal/CallbackManagerImpl;Lcom/facebook/FacebookCallback;)V < extends Ljava/lang/Object, implements ['Lcom/facebook/share/Sharer', 'Lcom/facebook/FacebookDialog']
COMPONENT CONCAT > Lcom/facebook/login/LoginManager;->resolveError(Landroidx/fragment/app/Fragment;Lcom/facebook/CallbackManager;Lcom/facebook/GraphResponse;)V < extends Ljava/lang/Object, implements []
COMPONENT CONCAT > Lcom/facebook/share/ShareApi;->share(Lcom/facebook/share/model/ShareContent;Lcom/facebook/FacebookCallback;)V < extends Ljava/lang/Object, implements []
COMPONENT CONCAT > Lcom/facebook/GraphRequest;->serializeToUrlConnection$facebook_core_release(Lcom/facebook/GraphRequestBatch;Ljava/net/HttpURLConnection;)V < extends Ljava/lang/Object, implements []
COMPONENT CONCAT > Lcom/facebook/reactnative/androidsdk/FBLoginManagerModule;->setLoginBehavior(Ljava/lang/String;)V < extends Ljava/lang/Object, implements ['Lcom/facebook/react/bridge/NativeModule']
COMPONENT CONCAT > Lcom/facebook/login/LoginLogger;->logCompleteLogin(Ljava/lang/String;Ljava/util/Map;Lcom/facebook/login/LoginClient$Result$Code;Ljava/util/Map;Ljava/lang/Exception;)V < extends Ljava/lang/Object, implements []
COMPONENT CONCAT > Lcom/facebook/AuthenticationTokenManager;->getInstance()Lcom/facebook/AuthenticationTokenManager; < extends Ljava/lang/Object, implements []
COMPONENT CONCAT > Lcom/facebook/internal/gatekeeper/GateKeeperRuntimeCache;->setGateKeepers$default(Lcom/facebook/internal/gatekeeper/GateKeeperRuntimeCache;Ljava/lang/String;Ljava/util/List;ILjava/lang/Object;)V < extends Ljava/lang/Object, implements []
COMPONENT CONCAT > Lcom/facebook/reactnative/androidsdk/FBAccessTokenModule;->setCurrentAccessToken(Lcom/facebook/react/bridge/ReadableMap;)V < extends Ljava/lang/Object, implements ['Lcom/facebook/react/bridge/NativeModule']
COMPONENT CONCAT > Lcom/facebook/ProgressNoopOutputStream;->write([B)V < extends Ljava/io/OutputStream, implements ['Lcom/facebook/RequestOutputStream']
COMPONENT CONCAT > Lcom/facebook/login/DeviceLoginManager;->createLoginRequest(Ljava/util/Collection;)Lcom/facebook/login/LoginClient$Request; < extends Ljava/lang/Object, implements []
COMPONENT CONCAT > Lcom/facebook/share/widget/ShareDialog;-><init>(Landroid/app/Fragment;)V < extends Ljava/lang/Object, implements ['Lcom/facebook/share/Sharer', 'Lcom/facebook/FacebookDialog']
COMPONENT CONCAT > Lcom/facebook/appevents/AppEventsLoggerImpl;->augmentWebView(Landroid/webkit/WebView;Landroid/content/Context;)V < extends Ljava/lang/Object, implements []
COMPONENT CONCAT > Lcom/facebook/gamingservices/cloudgaming/PlayableAdsLibrary;->openAppStore(Landroid/content/Context;Lorg/json/JSONObject;Lcom/facebook/gamingservices/cloudgaming/DaemonRequest$Callback;)V < extends Ljava/lang/Object, implements []
COMPONENT CONCAT > Lcom/facebook/appevents/AppEventsLogger;->logPushNotificationOpen(Landroid/os/Bundle;Ljava/lang/String;)V < extends Ljava/lang/Object, implements []
COMPONENT CONCAT > Lcom/facebook/internal/gatekeeper/GateKeeperRuntimeCache;->dumpGateKeepers$default(Lcom/facebook/internal/gatekeeper/GateKeeperRuntimeCache;Ljava/lang/String;ILjava/lang/Object;)Ljava/util/List; < extends Ljava/lang/Object, implements []
COMPONENT CONCAT > Lcom/facebook/gamingservices/TournamentShareDialog;->showImpl(Ljava/lang/Object;Ljava/lang/Object;)V < extends Ljava/lang/Object, implements ['Lcom/facebook/FacebookDialog']
COMPONENT CONCAT > Lcom/facebook/GraphRequest;->executeBatchAndWait(Lcom/facebook/GraphRequestBatch;)Ljava/util/List; < extends Ljava/lang/Object, implements []
COMPONENT CONCAT > Lcom/facebook/gamingservices/TournamentJoinDialog;->registerCallbackImpl(Lcom/facebook/internal/CallbackManagerImpl;Lcom/facebook/FacebookCallback;)V < extends Ljava/lang/Object, implements ['Lcom/facebook/FacebookDialog']
COMPONENT CONCAT > Lcom/facebook/appevents/AppEventsLogger;->onContextStop()V < extends Ljava/lang/Object, implements []
COMPONENT CONCAT > Lcom/facebook/gamingservices/TournamentShareDialog;->getOrderedModeHandlers()Ljava/util/List; < extends Ljava/lang/Object, implements ['Lcom/facebook/FacebookDialog']
COMPONENT CONCAT > Lcom/facebook/internal/instrument/crashreport/CrashHandler;->enable()V < extends Ljava/lang/Object, implements ['Ljava/lang/Thread$UncaughtExceptionHandler']
COMPONENT CONCAT > Lcom/facebook/gamingservices/cloudgaming/AppToUserNotificationSender;->scheduleAppToUserNotification(Ljava/lang/String;Ljava/lang/String;Ljava/io/File;ILjava/lang/String;Lcom/facebook/GraphRequest$Callback;)V < extends Ljava/lang/Object, implements []
COMPONENT CONCAT > Lcom/facebook/gamingservices/cloudgaming/InAppPurchaseLibrary;->purchaseSubscription(Landroid/content/Context;Ljava/lang/String;Lcom/facebook/gamingservices/cloudgaming/DaemonRequest$Callback;)V < extends Ljava/lang/Object, implements []
COMPONENT CONCAT > Lcom/facebook/gamingservices/cloudgaming/GameFeaturesLibrary;->createShortcut(Landroid/content/Context;Lorg/json/JSONObject;Lcom/facebook/gamingservices/cloudgaming/DaemonRequest$Callback;)V < extends Ljava/lang/Object, implements []
COMPONENT CONCAT > Lcom/facebook/reactnative/androidsdk/FBMessageDialogModule;->canShow(Lcom/facebook/react/bridge/ReadableMap;Lcom/facebook/react/bridge/Promise;)V < extends Ljava/lang/Object, implements ['Lcom/facebook/react/bridge/NativeModule']
COMPONENT CONCAT > Lcom/facebook/reactnative/androidsdk/FBSettingsModule;->setAutoLogAppEventsEnabled(Ljava/lang/Boolean;)V < extends Ljava/lang/Object, implements ['Lcom/facebook/react/bridge/NativeModule']
COMPONENT CONCAT > Lcom/facebook/gamingservices/cloudgaming/DaemonRequest;->executeAndWait(Landroid/content/Context;Lorg/json/JSONObject;Lcom/facebook/gamingservices/cloudgaming/internal/SDKMessageEnum;)Lcom/facebook/GraphResponse; < extends Ljava/lang/Object, implements []
COMPONENT CONCAT > Lcom/facebook/applinks/AppLinkData;->isAutoAppLink()Z < extends Ljava/lang/Object, implements []
COMPONENT CONCAT > Lcom/facebook/appevents/codeless/ViewIndexer;->buildAppIndexingRequest(Ljava/lang/String;Lcom/facebook/AccessToken;Ljava/lang/String;Ljava/lang/String;)Lcom/facebook/GraphRequest; < extends Ljava/lang/Object, implements []
COMPONENT CONCAT > Lcom/facebook/gamingservices/cloudgaming/InAppPurchaseLibrary;->getSubscribableCatalog(Landroid/content/Context;Lcom/facebook/gamingservices/cloudgaming/DaemonRequest$Callback;)V < extends Ljava/lang/Object, implements []
COMPONENT CONCAT > Lcom/facebook/applinks/AppLinkData;->createFromActivity(Landroid/app/Activity;)Lcom/facebook/applinks/AppLinkData; < extends Ljava/lang/Object, implements []
COMPONENT CONCAT > Lcom/facebook/internal/ImageRequest;->getProfilePictureUri(Ljava/lang/String;II)Landroid/net/Uri; < extends Ljava/lang/Object, implements []
COMPONENT CONCAT > Lcom/facebook/GraphRequest;->executeConnectionAsync(Landroid/os/Handler;Ljava/net/HttpURLConnection;Lcom/facebook/GraphRequestBatch;)Lcom/facebook/GraphRequestAsyncTask; < extends Ljava/lang/Object, implements []
COMPONENT CONCAT > Lcom/facebook/appevents/AppEventsLogger;->augmentWebView(Landroid/webkit/WebView;Landroid/content/Context;)V < extends Ljava/lang/Object, implements []
COMPONENT CONCAT > Lcom/facebook/GraphResponse;->constructErrorResponses(Ljava/util/List;Ljava/net/HttpURLConnection;Lcom/facebook/FacebookException;)Ljava/util/List; < extends Ljava/lang/Object, implements []
COMPONENT CONCAT > Lcom/facebook/gamingservices/cloudgaming/GameFeaturesLibrary;->shareTournamentAsync(Landroid/content/Context;Ljava/lang/Integer;Lorg/json/JSONObject;Lcom/facebook/gamingservices/cloudgaming/DaemonRequest$Callback;)V < extends Ljava/lang/Object, implements []
COMPONENT CONCAT > Lcom/facebook/appevents/AppEventsLogger;->newLogger(Landroid/content/Context;Ljava/lang/String;)Lcom/facebook/appevents/AppEventsLogger; < extends Ljava/lang/Object, implements []
COMPONENT CONCAT > Lcom/facebook/gamingservices/cloudgaming/InAppPurchaseLibrary;->onReady(Landroid/content/Context;Lcom/facebook/gamingservices/cloudgaming/DaemonRequest$Callback;)V < extends Ljava/lang/Object, implements []
COMPONENT CONCAT > Lcom/facebook/reactnative/androidsdk/FBGraphRequestModule;->start(Lcom/facebook/react/bridge/ReadableArray;ILcom/facebook/react/bridge/Callback;)V < extends Ljava/lang/Object, implements ['Lcom/facebook/react/bridge/NativeModule']
COMPONENT CONCAT > Lcom/facebook/login/LoginManager;->retrieveLoginStatus(Landroid/content/Context;Lcom/facebook/LoginStatusCallback;)V < extends Ljava/lang/Object, implements []
COMPONENT CONCAT > Lcom/facebook/GraphRequest;->newPostRequestWithBundle(Lcom/facebook/AccessToken;Ljava/lang/String;Landroid/os/Bundle;Lcom/facebook/GraphRequest$Callback;)Lcom/facebook/GraphRequest; < extends Ljava/lang/Object, implements []
COMPONENT CONCAT > Lcom/facebook/gamingservices/cloudgaming/AppToUserNotificationSender;->scheduleAppToUserNotification(Ljava/lang/String;Ljava/lang/String;Landroid/net/Uri;ILjava/lang/String;Lcom/facebook/GraphRequest$Callback;)V < extends Ljava/lang/Object, implements []
COMPONENT CONCAT > Lcom/facebook/GraphResponse;->getRequestForPagedResults(Lcom/facebook/GraphResponse$PagingDirection;)Lcom/facebook/GraphRequest; < extends Ljava/lang/Object, implements []
COMPONENT CONCAT > Lcom/facebook/gamingservices/CustomUpdate;->newCustomUpdateRequest(Lcom/facebook/gamingservices/model/CustomUpdateContent;Lcom/facebook/GraphRequest$Callback;)Lcom/facebook/GraphRequest; < extends Ljava/lang/Object, implements []
COMPONENT CONCAT > Lcom/facebook/reactnative/androidsdk/FBLoginManagerModule;->getDefaultAudience(Lcom/facebook/react/bridge/Promise;)V < extends Ljava/lang/Object, implements ['Lcom/facebook/react/bridge/NativeModule']
COMPONENT CONCAT > Lcom/facebook/GraphRequest;->toHttpConnection(Lcom/facebook/GraphRequestBatch;)Ljava/net/HttpURLConnection; < extends Ljava/lang/Object, implements []
COMPONENT CONCAT > Lcom/facebook/internal/NativeProtocol;->createProxyAuthIntents$default(Landroid/content/Context;Ljava/lang/String;Ljava/util/Collection;Ljava/lang/String;ZZLcom/facebook/login/DefaultAudience;Ljava/lang/String;Ljava/lang/String;ZLjava/lang/String;ZZZLjava/lang/String;Ljava/lang/String;Ljava/lang/String;ILjava/lang/Object;)Ljava/util/List; < extends Ljava/lang/Object, implements []
COMPONENT CONCAT > Lcom/facebook/reactnative/androidsdk/FBLoginManagerModule;->reauthorizeDataAccess(Lcom/facebook/react/bridge/Promise;)V < extends Ljava/lang/Object, implements ['Lcom/facebook/react/bridge/NativeModule']
COMPONENT CONCAT > Lcom/facebook/gamingservices/GamingGroupIntegration;-><clinit>()V < extends Ljava/lang/Object, implements ['Lcom/facebook/FacebookDialog']
COMPONENT CONCAT > Lcom/facebook/internal/CustomTab;->setUri(Landroid/net/Uri;)V < extends Ljava/lang/Object, implements []
COMPONENT CONCAT > Lcom/facebook/internal/BoltsMeasurementEventListener;->getInstance(Landroid/content/Context;)Lcom/facebook/internal/BoltsMeasurementEventListener; < extends Landroid/content/BroadcastReceiver, implements []
COMPONENT CONCAT > Lcom/facebook/gamingservices/cloudgaming/GameFeaturesLibrary;->getPayload(Landroid/content/Context;Lorg/json/JSONObject;Lcom/facebook/gamingservices/cloudgaming/DaemonRequest$Callback;)V < extends Ljava/lang/Object, implements []
COMPONENT CONCAT > Lcom/facebook/ProgressNoopOutputStream;->write([BII)V < extends Ljava/io/OutputStream, implements ['Lcom/facebook/RequestOutputStream']
COMPONENT CONCAT > Lcom/facebook/gamingservices/cloudgaming/InAppPurchaseLibrary;->consumePurchase(Landroid/content/Context;Ljava/lang/String;Lcom/facebook/gamingservices/cloudgaming/DaemonRequest$Callback;)V < extends Ljava/lang/Object, implements []
COMPONENT CONCAT > Lcom/facebook/gamingservices/cloudgaming/InAppAdLibrary;->showRewardedVideo(Landroid/content/Context;Ljava/lang/String;Lcom/facebook/gamingservices/cloudgaming/DaemonRequest$Callback;)V < extends Ljava/lang/Object, implements []
COMPONENT CONCAT > Lcom/facebook/internal/instrument/anrreport/ANRDetector;-><clinit>()V < extends Ljava/lang/Object, implements []
COMPONENT CONCAT > Lcom/facebook/gamingservices/ContextSwitchDialog;->registerCallbackImpl(Lcom/facebook/internal/CallbackManagerImpl;Lcom/facebook/FacebookCallback;)V < extends Ljava/lang/Object, implements ['Lcom/facebook/FacebookDialog']
COMPONENT CONCAT > Lcom/facebook/internal/BoltsMeasurementEventListener;->onReceive(Landroid/content/Context;Landroid/content/Intent;)V < extends Landroid/content/BroadcastReceiver, implements []
COMPONENT CONCAT > Lcom/facebook/AuthenticationTokenTracker;-><init>()V < extends Ljava/lang/Object, implements []
COMPONENT CONCAT > Lcom/facebook/share/widget/MessageDialog;-><clinit>()V < extends Ljava/lang/Object, implements ['Lcom/facebook/share/Sharer', 'Lcom/facebook/share/Sharer', 'Lcom/facebook/FacebookDialog']
COMPONENT CONCAT > Lcom/facebook/GraphResponse;->createResponsesFromStream$facebook_core_release(Ljava/io/InputStream;Ljava/net/HttpURLConnection;Lcom/facebook/GraphRequestBatch;)Ljava/util/List; < extends Ljava/lang/Object, implements []
COMPONENT CONCAT > Lcom/facebook/appevents/FacebookSDKJSInterface;->sendEvent(Ljava/lang/String;Ljava/lang/String;Ljava/lang/String;)V < extends Ljava/lang/Object, implements []
COMPONENT CONCAT > Lcom/facebook/gamingservices/cloudgaming/PlayableAdsLibrary;->markGameLoaded(Landroid/content/Context;Lorg/json/JSONObject;Lcom/facebook/gamingservices/cloudgaming/DaemonRequest$Callback;)V < extends Ljava/lang/Object, implements []
COMPONENT CONCAT > Lcom/facebook/gamingservices/ContextSwitchDialog;->showImpl(Ljava/lang/Object;Ljava/lang/Object;)V < extends Ljava/lang/Object, implements ['Lcom/facebook/FacebookDialog']
COMPONENT CONCAT > Lcom/facebook/FacebookActivity;->dump(Ljava/lang/String;Ljava/io/FileDescriptor;Ljava/io/PrintWriter;[Ljava/lang/String;)V < extends Landroidx/fragment/app/FragmentActivity, implements ['Lcom/newrelic/agent/android/api/v2/TraceFieldInterface', 'Landroidx/core/app/ActivityCompat$OnRequestPermissionsResultCallback', 'Landroidx/core/app/ActivityCompat$RequestPermissionsRequestCodeValidator']
COMPONENT CONCAT > Lcom/facebook/reactnative/androidsdk/FBAppEventsLoggerModule;->getAnonymousID(Lcom/facebook/react/bridge/Promise;)V < extends Ljava/lang/Object, implements ['Lcom/facebook/react/bridge/NativeModule']
COMPONENT CONCAT > Lcom/facebook/FacebookBroadcastReceiver;->onReceive(Landroid/content/Context;Landroid/content/Intent;)V < extends Landroid/content/BroadcastReceiver, implements []
COMPONENT CONCAT > Lcom/facebook/internal/FacebookDialogFragment;->onCreateDialog(Landroid/os/Bundle;)Landroid/app/Dialog; < extends Landroidx/fragment/app/DialogFragment, implements ['Lcom/newrelic/agent/android/api/v2/TraceFieldInterface', 'Landroid/content/DialogInterface$OnCancelListener', 'Landroid/content/DialogInterface$OnDismissListener']
COMPONENT CONCAT > Lcom/facebook/AccessTokenManager;->getInstance()Lcom/facebook/AccessTokenManager; < extends Ljava/lang/Object, implements []
COMPONENT CONCAT > Lcom/facebook/share/widget/GameRequestDialog;->registerCallbackImpl(Lcom/facebook/internal/CallbackManagerImpl;Lcom/facebook/FacebookCallback;)V < extends Ljava/lang/Object, implements ['Lcom/facebook/FacebookDialog']
COMPONENT CONCAT > Lcom/facebook/appevents/internal/SessionInfo;->getStoredSessionInfo()Lcom/facebook/appevents/internal/SessionInfo; < extends Ljava/lang/Object, implements []
COMPONENT CONCAT > Lcom/facebook/appevents/InternalAppEventsLogger;->getAnalyticsExecutor()Ljava/util/concurrent/Executor; < extends Ljava/lang/Object, implements []
COMPONENT CONCAT > Lcom/facebook/applinks/FacebookAppLinkResolver;->getAppLinkFromUrlInBackground(Landroid/net/Uri;)Lcom/facebook/bolts/Task; < extends Ljava/lang/Object, implements ['Lcom/facebook/bolts/AppLinkResolver']
COMPONENT CONCAT > Lcom/facebook/FacebookSdk;->sdkInitialize(Landroid/content/Context;I)V < extends Ljava/lang/Object, implements []
COMPONENT CONCAT > Lcom/facebook/reactnative/androidsdk/FBAccessTokenModule;->refreshCurrentAccessTokenAsync(Lcom/facebook/react/bridge/Promise;)V < extends Ljava/lang/Object, implements ['Lcom/facebook/react/bridge/NativeModule']
COMPONENT CONCAT > Lcom/facebook/appevents/integrity/RedactedEventsManager;->disable()V < extends Ljava/lang/Object, implements []
COMPONENT CONCAT > Lcom/facebook/share/widget/ShareDialog;-><clinit>()V < extends Ljava/lang/Object, implements ['Lcom/facebook/share/Sharer', 'Lcom/facebook/FacebookDialog']
COMPONENT CONCAT > Lcom/facebook/share/widget/ShareDialog;->show(Landroid/app/Activity;Lcom/facebook/share/model/ShareContent;)V < extends Ljava/lang/Object, implements ['Lcom/facebook/share/Sharer', 'Lcom/facebook/FacebookDialog']
COMPONENT CONCAT > Lcom/facebook/internal/instrument/threadcheck/ThreadCheckHandler;->workerThreadViolationDetected(Ljava/lang/Class;Ljava/lang/String;Ljava/lang/String;)V < extends Ljava/lang/Object, implements []
COMPONENT CONCAT > Lcom/facebook/share/widget/GameRequestDialog;-><clinit>()V < extends Ljava/lang/Object, implements ['Lcom/facebook/FacebookDialog']
COMPONENT CONCAT > Lcom/facebook/reactnative/androidsdk/FBLoginManagerModule;->getLoginBehavior(Lcom/facebook/react/bridge/Promise;)V < extends Ljava/lang/Object, implements ['Lcom/facebook/react/bridge/NativeModule']
COMPONENT CONCAT > Lcom/facebook/login/widget/DeviceLoginButton;-><init>(Landroid/content/Context;)V < extends Landroid/widget/Button, implements []
COMPONENT CONCAT > Lcom/facebook/internal/DialogPresenter;->canPresentWebFallbackDialogWithFeature(Lcom/facebook/internal/DialogFeature;)Z < extends Ljava/lang/Object, implements []
COMPONENT CONCAT > Lcom/facebook/appevents/AppEventsLoggerImpl;->getPushNotificationsRegistrationId()Ljava/lang/String; < extends Ljava/lang/Object, implements []
COMPONENT CONCAT > Lcom/facebook/appevents/AppEventsLogger;->logEvent(Ljava/lang/String;D)V < extends Ljava/lang/Object, implements []
COMPONENT CONCAT > Lcom/facebook/gamingservices/OpenGamingMediaDialog;->onCompleted(Lcom/facebook/GraphResponse;)V < extends Ljava/lang/Object, implements ['Lcom/facebook/GraphRequest$OnProgressCallback']
COMPONENT CONCAT > Lcom/facebook/share/widget/ShareDialog;->show(Landroidx/fragment/app/Fragment;Lcom/facebook/share/model/ShareContent;)V < extends Ljava/lang/Object, implements ['Lcom/facebook/share/Sharer', 'Lcom/facebook/FacebookDialog']
COMPONENT CONCAT > Lcom/facebook/appevents/AppEventsLoggerImpl;->setFlushBehavior(Lcom/facebook/appevents/AppEventsLogger$FlushBehavior;)V < extends Ljava/lang/Object, implements []
COMPONENT CONCAT > Lcom/facebook/appevents/aam/MetadataRule;->getEnabledRuleNames()Ljava/util/Set; < extends Ljava/lang/Object, implements []
COMPONENT CONCAT > Lcom/facebook/gamingservices/TournamentJoinDialog;->showImpl(Ljava/lang/Object;Ljava/lang/Object;)V < extends Ljava/lang/Object, implements ['Lcom/facebook/FacebookDialog']
COMPONENT CONCAT > Lcom/facebook/gamingservices/GamingGroupIntegration;->show(Ljava/lang/Object;)V < extends Ljava/lang/Object, implements ['Lcom/facebook/FacebookDialog']
COMPONENT CONCAT > Lcom/facebook/share/ShareApi;->setMessage(Ljava/lang/String;)V < extends Ljava/lang/Object, implements []
COMPONENT CONCAT > Lcom/facebook/reactnative/androidsdk/FBAppEventsLoggerModule;->setFlushBehavior(Ljava/lang/String;)V < extends Ljava/lang/Object, implements ['Lcom/facebook/react/bridge/NativeModule']
COMPONENT CONCAT > Lcom/facebook/appevents/InternalAppEventsLogger;->getFlushBehavior()Lcom/facebook/appevents/AppEventsLogger$FlushBehavior; < extends Ljava/lang/Object, implements []
COMPONENT CONCAT > Lcom/facebook/gamingservices/GameRequestDialog;->showImpl(Ljava/lang/Object;Ljava/lang/Object;)V < extends Ljava/lang/Object, implements ['Lcom/facebook/FacebookDialog']
COMPONENT CONCAT > Lcom/facebook/login/LoginManager;->logIn(Landroidx/activity/result/ActivityResultRegistryOwner;Lcom/facebook/CallbackManager;Ljava/util/Collection;)V < extends Ljava/lang/Object, implements []
COMPONENT CONCAT > Lcom/facebook/appevents/AppEventsLogger;->activateApp(Landroid/app/Application;Ljava/lang/String;)V < extends Ljava/lang/Object, implements []
COMPONENT CONCAT > Lcom/facebook/appevents/codeless/ViewIndexer;->sendToServerUnityInstance(Ljava/lang/String;)V < extends Ljava/lang/Object, implements []
COMPONENT CONCAT > Lcom/facebook/gamingservices/TournamentShareDialog;-><clinit>()V < extends Ljava/lang/Object, implements ['Lcom/facebook/FacebookDialog']
COMPONENT CONCAT > Lcom/facebook/gamingservices/cloudgaming/InAppPurchaseLibrary;->cancelSubscription(Landroid/content/Context;Ljava/lang/String;Lcom/facebook/gamingservices/cloudgaming/DaemonRequest$Callback;)V < extends Ljava/lang/Object, implements []
COMPONENT CONCAT > Lcom/facebook/gamingservices/ContextCreateDialog;->getOrderedModeHandlers()Ljava/util/List; < extends Ljava/lang/Object, implements ['Lcom/facebook/FacebookDialog']
COMPONENT CONCAT > Lcom/facebook/login/LoginLogger;->logAuthorizationMethodNotTried(Ljava/lang/String;Ljava/lang/String;)V < extends Ljava/lang/Object, implements []
COMPONENT CONCAT > Lcom/facebook/GraphRequest;->newDeleteObjectRequest(Lcom/facebook/AccessToken;Ljava/lang/String;Lcom/facebook/GraphRequest$Callback;)Lcom/facebook/GraphRequest; < extends Ljava/lang/Object, implements []
COMPONENT CONCAT > Lcom/facebook/appevents/AppEventsLoggerImpl;->onContextStop()V < extends Ljava/lang/Object, implements []
COMPONENT CONCAT > Lcom/facebook/appevents/InternalAppEventsLogger;->createInstance(Landroid/content/Context;Ljava/lang/String;)Lcom/facebook/appevents/InternalAppEventsLogger; < extends Ljava/lang/Object, implements []
COMPONENT CONCAT > Lcom/facebook/appevents/AppEventsLoggerImpl;->activateApp(Landroid/app/Application;Ljava/lang/String;)V < extends Ljava/lang/Object, implements []
COMPONENT CONCAT > Lcom/facebook/login/LoginLogger;->logUnexpectedError(Ljava/lang/String;Ljava/lang/String;)V < extends Ljava/lang/Object, implements []
COMPONENT CONCAT > Lcom/facebook/appevents/AppEventsLogger;->clearUserData()V < extends Ljava/lang/Object, implements []
COMPONENT CONCAT > Lcom/facebook/appevents/codeless/CodelessMatcher;->getParameters(Lcom/facebook/appevents/codeless/internal/EventBinding;Landroid/view/View;Landroid/view/View;)Landroid/os/Bundle; < extends Ljava/lang/Object, implements []
COMPONENT CONCAT > Lcom/facebook/gamingservices/cloudgaming/internal/SDKLogger;->logGameLoadComplete()V < extends Ljava/lang/Object, implements []
COMPONENT CONCAT > Lcom/facebook/FacebookSdk;->getMonitorEnabled()Z < extends Ljava/lang/Object, implements []
COMPONENT CONCAT > Lcom/facebook/login/LoginLogger;->logStartLogin(Lcom/facebook/login/LoginClient$Request;)V < extends Ljava/lang/Object, implements []
COMPONENT CONCAT > Lcom/facebook/gamingservices/cloudgaming/GameFeaturesLibrary;->createTournamentAsync(Landroid/content/Context;ILjava/lang/String;Ljava/lang/String;Ljava/lang/String;Ljava/lang/String;Ljava/lang/Integer;Lorg/json/JSONObject;Lcom/facebook/gamingservices/cloudgaming/DaemonRequest$Callback;)V < extends Ljava/lang/Object, implements []
COMPONENT CONCAT > Lcom/facebook/reactnative/androidsdk/FBShareDialogModule;->canShow(Lcom/facebook/react/bridge/ReadableMap;Lcom/facebook/react/bridge/Promise;)V < extends Ljava/lang/Object, implements ['Lcom/facebook/react/bridge/NativeModule']
COMPONENT CONCAT > Lcom/facebook/internal/CustomTab;->getUri()Landroid/net/Uri; < extends Ljava/lang/Object, implements []
COMPONENT CONCAT > Lcom/facebook/GraphRequest;->executeConnectionAsync(Ljava/net/HttpURLConnection;Lcom/facebook/GraphRequestBatch;)Lcom/facebook/GraphRequestAsyncTask; < extends Ljava/lang/Object, implements []
COMPONENT CONCAT > Lcom/facebook/login/LoginManager$FacebookLoginActivityResultContract;->parseResult(ILandroid/content/Intent;)Ljava/lang/Object; < extends Landroidx/activity/result/contract/ActivityResultContract, implements []
COMPONENT CONCAT > Lcom/facebook/CustomTabActivity;->onCreate(Landroid/os/Bundle;)V < extends Landroid/app/Activity, implements ['Lcom/newrelic/agent/android/api/v2/TraceFieldInterface']
COMPONENT CONCAT > Lcom/facebook/appevents/AppEventsLogger;->isValidForAccessToken(Lcom/facebook/AccessToken;)Z < extends Ljava/lang/Object, implements []
COMPONENT CONCAT > Lcom/facebook/gamingservices/ContextCreateDialog;->showImpl(Ljava/lang/Object;Ljava/lang/Object;)V < extends Ljava/lang/Object, implements ['Lcom/facebook/FacebookDialog']
COMPONENT CONCAT > Lcom/facebook/gamingservices/ContextChooseDialog;->registerCallbackImpl(Lcom/facebook/internal/CallbackManagerImpl;Lcom/facebook/FacebookCallback;)V < extends Ljava/lang/Object, implements ['Lcom/facebook/FacebookDialog']
COMPONENT CONCAT > Lcom/facebook/login/LoginManager;->logInWithReadPermissions(Landroid/app/Activity;Ljava/util/Collection;)V < extends Ljava/lang/Object, implements []
COMPONENT CONCAT > Lcom/facebook/reactnative/androidsdk/FBAppEventsLoggerModule;->logPurchase(DLjava/lang/String;Lcom/facebook/react/bridge/ReadableMap;)V < extends Ljava/lang/Object, implements ['Lcom/facebook/react/bridge/NativeModule']
COMPONENT CONCAT > Lcom/facebook/gamingservices/TournamentJoinDialog;->getOrderedModeHandlers()Ljava/util/List; < extends Ljava/lang/Object, implements ['Lcom/facebook/FacebookDialog']
COMPONENT CONCAT > Lcom/facebook/appevents/integrity/ProtectedModeManager;->disable()V < extends Ljava/lang/Object, implements []
COMPONENT CONCAT > Lcom/facebook/appevents/suggestedevents/SuggestedEventsManager;->isEnabled()Z < extends Ljava/lang/Object, implements []
COMPONENT CONCAT > Lcom/facebook/gamingservices/TournamentShareDialog;->registerCallbackImpl(Lcom/facebook/internal/CallbackManagerImpl;Lcom/facebook/FacebookCallback;)V < extends Ljava/lang/Object, implements ['Lcom/facebook/FacebookDialog']
COMPONENT CONCAT > Lcom/facebook/gamingservices/ContextCreateDialog;->registerCallbackImpl(Lcom/facebook/internal/CallbackManagerImpl;Lcom/facebook/FacebookCallback;)V < extends Ljava/lang/Object, implements ['Lcom/facebook/FacebookDialog']
COMPONENT CONCAT > Lcom/facebook/login/LoginManager;->logInWithPublishPermissions(Landroid/app/Fragment;Ljava/util/Collection;)V < extends Ljava/lang/Object, implements []
COMPONENT CONCAT > Lcom/facebook/share/widget/ShareDialog;-><init>(IILkotlin/jvm/internal/DefaultConstructorMarker;)V < extends Ljava/lang/Object, implements ['Lcom/facebook/share/Sharer', 'Lcom/facebook/FacebookDialog']
COMPONENT CONCAT > Lcom/facebook/gamingservices/GamingImageUploader;->uploadToMediaLibrary(Ljava/lang/String;Landroid/graphics/Bitmap;Z)V < extends Ljava/lang/Object, implements []
COMPONENT CONCAT > Lcom/facebook/gamingservices/ContextSwitchDialog;->getOrderedModeHandlers()Ljava/util/List; < extends Ljava/lang/Object, implements ['Lcom/facebook/FacebookDialog']
COMPONENT CONCAT > Lcom/facebook/appevents/codeless/CodelessManager;-><clinit>()V < extends Ljava/lang/Object, implements []
COMPONENT CONCAT > Lcom/facebook/share/internal/VideoUploader;->uploadAsyncWithProgressCallback(Lcom/facebook/share/model/ShareVideoContent;Ljava/lang/String;Lcom/facebook/GraphRequest$OnProgressCallback;)V < extends Ljava/lang/Object, implements []
COMPONENT CONCAT > Lcom/facebook/internal/ImageRequest;->getProfilePictureUri(Ljava/lang/String;IILjava/lang/String;)Landroid/net/Uri; < extends Ljava/lang/Object, implements []
COMPONENT CONCAT > Lcom/facebook/GraphRequest;-><init>(Lcom/facebook/AccessToken;Ljava/lang/String;)V < extends Ljava/lang/Object, implements []
COMPONENT CONCAT > Lcom/facebook/gamingservices/cloudgaming/InAppPurchaseLibrary;->getPurchases(Landroid/content/Context;Lcom/facebook/gamingservices/cloudgaming/DaemonRequest$Callback;)V < extends Ljava/lang/Object, implements []
COMPONENT CONCAT > Lcom/facebook/share/widget/MessageDialog;-><init>(Landroid/app/Fragment;)V < extends Ljava/lang/Object, implements ['Lcom/facebook/share/Sharer', 'Lcom/facebook/share/Sharer', 'Lcom/facebook/FacebookDialog']
COMPONENT CONCAT > Lcom/facebook/FacebookSdk;->getCodelessDebugLogEnabled()Z < extends Ljava/lang/Object, implements []
COMPONENT CONCAT > Lcom/facebook/reactnative/androidsdk/FBLoginManagerModule;->setDefaultAudience(Ljava/lang/String;)V < extends Ljava/lang/Object, implements ['Lcom/facebook/react/bridge/NativeModule']
COMPONENT CONCAT > Lcom/facebook/appevents/AppEventsLogger;->getApplicationId()Ljava/lang/String; < extends Ljava/lang/Object, implements []
COMPONENT CONCAT > Lcom/facebook/gamingservices/ContextChooseDialog;->showImpl(Ljava/lang/Object;Ljava/lang/Object;)V < extends Ljava/lang/Object, implements ['Lcom/facebook/FacebookDialog']
COMPONENT CONCAT > Lcom/facebook/internal/instrument/crashreport/CrashHandler;->uncaughtException(Ljava/lang/Thread;Ljava/lang/Throwable;)V < extends Ljava/lang/Object, implements ['Ljava/lang/Thread$UncaughtExceptionHandler']
COMPONENT CONCAT > Lcom/facebook/reactnative/androidsdk/FBAppEventsLoggerModule;->logProductItem(Ljava/lang/String;Ljava/lang/String;Ljava/lang/String;Ljava/lang/String;Ljava/lang/String;Ljava/lang/String;Ljava/lang/String;DLjava/lang/String;Ljava/lang/String;Ljava/lang/String;Ljava/lang/String;Lcom/facebook/react/bridge/ReadableMap;)V < extends Ljava/lang/Object, implements ['Lcom/facebook/react/bridge/NativeModule']
COMPONENT CONCAT > Lcom/facebook/reactnative/androidsdk/FBAppEventsLoggerModule;->logEvent(Ljava/lang/String;DLcom/facebook/react/bridge/ReadableMap;)V < extends Ljava/lang/Object, implements ['Lcom/facebook/react/bridge/NativeModule']
COMPONENT CONCAT > Lcom/facebook/internal/gatekeeper/GateKeeperRuntimeCache;->setGateKeeperValue$default(Lcom/facebook/internal/gatekeeper/GateKeeperRuntimeCache;Ljava/lang/String;Ljava/lang/String;ZILjava/lang/Object;)V < extends Ljava/lang/Object, implements []
COMPONENT CONCAT > Lcom/facebook/login/DeviceLoginManager;->setDeviceAuthTargetUserId(Ljava/lang/String;)V < extends Ljava/lang/Object, implements []
COMPONENT CONCAT > Lcom/facebook/login/LoginManager;->logInWithPublishPermissions(Landroidx/fragment/app/Fragment;Ljava/util/Collection;)V < extends Ljava/lang/Object, implements []
COMPONENT CONCAT > Lcom/facebook/appevents/internal/AutomaticAnalyticsLogger;-><clinit>()V < extends Ljava/lang/Object, implements []
COMPONENT CONCAT > Lcom/facebook/appevents/codeless/CodelessMatcher;->getInstance()Lcom/facebook/appevents/codeless/CodelessMatcher; < extends Ljava/lang/Object, implements []
COMPONENT CONCAT > Lcom/facebook/reactnative/androidsdk/FBSettingsModule;->setDataProcessingOptions(Lcom/facebook/react/bridge/ReadableArray;II)V < extends Ljava/lang/Object, implements ['Lcom/facebook/react/bridge/NativeModule']
COMPONENT CONCAT > Lcom/facebook/GraphRequest;->executeBatchAndWait(Ljava/util/Collection;)Ljava/util/List; < extends Ljava/lang/Object, implements []
COMPONENT CONCAT > Lcom/facebook/gamingservices/cloudgaming/CloudGameLoginHandler;->init(Landroid/content/Context;)Lcom/facebook/AccessToken; < extends Ljava/lang/Object, implements []
COMPONENT CONCAT > Lcom/facebook/appevents/AppEventsLogger;->logPurchase(Ljava/math/BigDecimal;Ljava/util/Currency;)V < extends Ljava/lang/Object, implements []
COMPONENT CONCAT > Lcom/facebook/login/LoginManager;->logIn(Landroidx/activity/result/ActivityResultRegistryOwner;Lcom/facebook/CallbackManager;Ljava/util/Collection;Ljava/lang/String;)V < extends Ljava/lang/Object, implements []
COMPONENT CONCAT > Lcom/facebook/gamingservices/TournamentShareDialog;->show(Ljava/lang/Number;Lcom/facebook/gamingservices/Tournament;)V < extends Ljava/lang/Object, implements ['Lcom/facebook/FacebookDialog']
COMPONENT CONCAT > Lcom/facebook/appevents/integrity/BlocklistEventsManager;->disable()V < extends Ljava/lang/Object, implements []
COMPONENT CONCAT > Lcom/facebook/appevents/PersistedEvents;->writeReplace()Ljava/lang/Object; < extends Ljava/lang/Object, implements ['Ljava/io/Serializable']
COMPONENT CONCAT > Lcom/facebook/appevents/AppEventsLogger;->newLogger(Landroid/content/Context;Ljava/lang/String;Lcom/facebook/AccessToken;)Lcom/facebook/appevents/AppEventsLogger; < extends Ljava/lang/Object, implements []
COMPONENT CONCAT > Lcom/facebook/gamingservices/GameRequestDialog;-><clinit>()V < extends Ljava/lang/Object, implements ['Lcom/facebook/FacebookDialog']
COMPONENT CONCAT > Lcom/facebook/internal/AppCall;->setRequestCode(I)V < extends Ljava/lang/Object, implements []
COMPONENT CONCAT > Lcom/facebook/appevents/AppEventsLogger;->activateApp(Landroid/app/Application;)V < extends Ljava/lang/Object, implements []
COMPONENT CONCAT > Lcom/facebook/appevents/AppEventsLoggerImpl;->getAnalyticsExecutor()Ljava/util/concurrent/Executor; < extends Ljava/lang/Object, implements []
COMPONENT CONCAT > Lcom/facebook/reactnative/androidsdk/FBAppEventsLoggerModule;->setPushNotificationsRegistrationId(Ljava/lang/String;)V < extends Ljava/lang/Object, implements ['Lcom/facebook/react/bridge/NativeModule']
COMPONENT CONCAT > Lcom/facebook/GraphRequest;->executeConnectionAndWait(Ljava/net/HttpURLConnection;Ljava/util/Collection;)Ljava/util/List; < extends Ljava/lang/Object, implements []
COMPONENT CONCAT > Lcom/facebook/login/LoginManager;->logInWithReadPermissions(Landroid/app/Fragment;Ljava/util/Collection;)V < extends Ljava/lang/Object, implements []
COMPONENT CONCAT > Lcom/facebook/FacebookSdk;->setAutoInitEnabled(Z)V < extends Ljava/lang/Object, implements []
COMPONENT CONCAT > Lcom/facebook/GraphResponse;->fromHttpConnection$facebook_core_release(Ljava/net/HttpURLConnection;Lcom/facebook/GraphRequestBatch;)Ljava/util/List; < extends Ljava/lang/Object, implements []
COMPONENT CONCAT > Lcom/facebook/GraphResponse;->createResponsesFromString$facebook_core_release(Ljava/lang/String;Ljava/net/HttpURLConnection;Lcom/facebook/GraphRequestBatch;)Ljava/util/List; < extends Ljava/lang/Object, implements []
COMPONENT CONCAT > Lcom/facebook/gamingservices/cloudgaming/CloudGameLoginHandler;->gameLoadComplete(Landroid/content/Context;Lcom/facebook/gamingservices/cloudgaming/DaemonRequest$Callback;)V < extends Ljava/lang/Object, implements []
COMPONENT CONCAT > Lcom/facebook/internal/FacebookDialogBase;->registerCallback(Lcom/facebook/CallbackManager;Lcom/facebook/FacebookCallback;I)V < extends Ljava/lang/Object, implements ['Lcom/facebook/FacebookDialog']
COMPONENT CONCAT > Lcom/facebook/gamingservices/ContextSwitchDialog;-><clinit>()V < extends Ljava/lang/Object, implements ['Lcom/facebook/FacebookDialog']
COMPONENT CONCAT > Lcom/facebook/GraphRequest;->newPlacesSearchRequest(Lcom/facebook/AccessToken;Landroid/location/Location;IILjava/lang/String;Lcom/facebook/GraphRequest$GraphJSONArrayCallback;)Lcom/facebook/GraphRequest; < extends Ljava/lang/Object, implements []
COMPONENT CONCAT > Lcom/facebook/GraphRequest;->newMeRequest(Lcom/facebook/AccessToken;Lcom/facebook/GraphRequest$GraphJSONObjectCallback;)Lcom/facebook/GraphRequest; < extends Ljava/lang/Object, implements []
COMPONENT CONCAT > Lcom/facebook/GraphRequest;->executeBatchAndWait([Lcom/facebook/GraphRequest;)Ljava/util/List; < extends Ljava/lang/Object, implements []
COMPONENT CONCAT > Lcom/facebook/CustomTabMainActivity$onCreate$redirectReceiver$1;->onReceive(Landroid/content/Context;Landroid/content/Intent;)V < extends Landroid/content/BroadcastReceiver, implements []
COMPONENT CONCAT > Lcom/facebook/GraphRequest;->executeConnectionAndWait(Ljava/net/HttpURLConnection;Lcom/facebook/GraphRequestBatch;)Ljava/util/List; < extends Ljava/lang/Object, implements []
COMPONENT CONCAT > Lcom/facebook/reactnative/androidsdk/FBAppEventsLoggerModule;->setUserID(Ljava/lang/String;)V < extends Ljava/lang/Object, implements ['Lcom/facebook/react/bridge/NativeModule']
COMPONENT CONCAT > Lcom/facebook/internal/DialogPresenter;->logDialogActivity(Landroid/content/Context;Ljava/lang/String;Ljava/lang/String;)V < extends Ljava/lang/Object, implements []
COMPONENT CONCAT > Lcom/facebook/login/DeviceAuthDialog;->onCreateView(Landroid/view/LayoutInflater;Landroid/view/ViewGroup;Landroid/os/Bundle;)Landroid/view/View; < extends Landroidx/fragment/app/DialogFragment, implements ['Lcom/newrelic/agent/android/api/v2/TraceFieldInterface', 'Landroid/content/DialogInterface$OnCancelListener', 'Landroid/content/DialogInterface$OnDismissListener']
COMPONENT CONCAT > Lcom/facebook/appevents/FacebookSDKJSInterface;-><clinit>()V < extends Ljava/lang/Object, implements []
COMPONENT CONCAT > Lcom/facebook/FacebookSdk;-><clinit>()V < extends Ljava/lang/Object, implements []
COMPONENT CONCAT > Lcom/facebook/appevents/AppEventsLogger;->setInstallReferrer(Ljava/lang/String;)V < extends Ljava/lang/Object, implements []
COMPONENT CONCAT > Lcom/facebook/appevents/AppEventsLogger;->initializeLib(Landroid/content/Context;Ljava/lang/String;)V < extends Ljava/lang/Object, implements []
COMPONENT CONCAT > Lcom/facebook/GraphRequest;->newGraphPathRequest(Lcom/facebook/AccessToken;Ljava/lang/String;Lcom/facebook/GraphRequest$Callback;)Lcom/facebook/GraphRequest; < extends Ljava/lang/Object, implements []
COMPONENT CONCAT > Lcom/facebook/reactnative/androidsdk/FBSettingsModule;->setAdvertiserIDCollectionEnabled(Ljava/lang/Boolean;)V < extends Ljava/lang/Object, implements ['Lcom/facebook/react/bridge/NativeModule']
COMPONENT CONCAT > Lcom/facebook/gamingservices/ContextChooseDialog;-><clinit>()V < extends Ljava/lang/Object, implements ['Lcom/facebook/FacebookDialog']
COMPONENT CONCAT > Lcom/facebook/login/widget/DeviceLoginButton;-><init>(Landroid/content/Context;Landroid/util/AttributeSet;)V < extends Landroid/widget/Button, implements []
COMPONENT CONCAT > Lcom/facebook/internal/instrument/threadcheck/ThreadCheckHandler;->uiThreadViolationDetected(Ljava/lang/Class;Ljava/lang/String;Ljava/lang/String;)V < extends Ljava/lang/Object, implements []
COMPONENT CONCAT > Lcom/facebook/gamingservices/cloudgaming/GameFeaturesLibrary;->getTournamentsAsync(Landroid/content/Context;Lcom/facebook/gamingservices/cloudgaming/DaemonRequest$Callback;)V < extends Ljava/lang/Object, implements []
COMPONENT CONCAT > Lcom/facebook/appevents/AppEventsLogger;->getFlushBehavior()Lcom/facebook/appevents/AppEventsLogger$FlushBehavior; < extends Ljava/lang/Object, implements []
COMPONENT CONCAT > Lcom/facebook/reactnative/androidsdk/FBAppEventsLoggerModule;->logPushNotificationOpen(Lcom/facebook/react/bridge/ReadableMap;)V < extends Ljava/lang/Object, implements ['Lcom/facebook/react/bridge/NativeModule']
COMPONENT CONCAT > Lcom/facebook/internal/gatekeeper/GateKeeperRuntimeCache;->setGateKeeper$default(Lcom/facebook/internal/gatekeeper/GateKeeperRuntimeCache;Ljava/lang/String;Lcom/facebook/internal/gatekeeper/GateKeeper;ILjava/lang/Object;)V < extends Ljava/lang/Object, implements []
COMPONENT CONCAT > Lcom/facebook/gamingservices/GamingGroupIntegration;->show()V < extends Ljava/lang/Object, implements ['Lcom/facebook/FacebookDialog']
COMPONENT CONCAT > Lcom/facebook/internal/FacebookDialogFragment;->onCreate(Landroid/os/Bundle;)V < extends Landroidx/fragment/app/DialogFragment, implements ['Lcom/newrelic/agent/android/api/v2/TraceFieldInterface', 'Landroid/content/DialogInterface$OnCancelListener', 'Landroid/content/DialogInterface$OnDismissListener']
COMPONENT CONCAT > Lcom/facebook/messenger/MessengerUtils;->getMessengerThreadParamsForIntent(Landroid/content/Intent;)Lcom/facebook/messenger/MessengerThreadParams; < extends Ljava/lang/Object, implements []
COMPONENT CONCAT > Lcom/facebook/appevents/AppEventsLogger;->getUserData()Ljava/lang/String; < extends Ljava/lang/Object, implements []
COMPONENT CONCAT > Lcom/facebook/internal/AttributionIdentifiers;->isTrackingLimited(Landroid/content/Context;)Z < extends Ljava/lang/Object, implements []
COMPONENT CONCAT > Lcom/facebook/internal/BoltsMeasurementEventListener;-><clinit>()V < extends Landroid/content/BroadcastReceiver, implements []
COMPONENT CONCAT > Lcom/facebook/reactnative/androidsdk/FBAppEventsLoggerModule;->flush()V < extends Ljava/lang/Object, implements ['Lcom/facebook/react/bridge/NativeModule']
COMPONENT CONCAT > Lcom/facebook/AuthenticationTokenManager;->currentAuthenticationTokenChanged()V < extends Ljava/lang/Object, implements []
COMPONENT CONCAT > Lcom/facebook/appevents/InternalAppEventsLogger;->getPushNotificationsRegistrationId()Ljava/lang/String; < extends Ljava/lang/Object, implements []
COMPONENT CONCAT > Lcom/facebook/internal/FacebookInitProvider;->onCreate()Z < extends Landroid/content/ContentProvider, implements []
COMPONENT CONCAT > Lcom/facebook/GraphRequest;->newCustomAudienceThirdPartyIdRequest(Lcom/facebook/AccessToken;Landroid/content/Context;Ljava/lang/String;Lcom/facebook/GraphRequest$Callback;)Lcom/facebook/GraphRequest; < extends Ljava/lang/Object, implements []
COMPONENT CONCAT > Lcom/facebook/appevents/internal/SourceApplicationInfo;->clearSavedSourceApplicationInfoFromDisk()V < extends Ljava/lang/Object, implements []
COMPONENT CONCAT > Lcom/facebook/appevents/AppEventsLogger;->newLogger(Landroid/content/Context;Lcom/facebook/AccessToken;)Lcom/facebook/appevents/AppEventsLogger; < extends Ljava/lang/Object, implements []
COMPONENT CONCAT > Lcom/facebook/reactnative/androidsdk/FBAccessTokenModule;->getCurrentAccessToken(Lcom/facebook/react/bridge/Callback;)V < extends Ljava/lang/Object, implements ['Lcom/facebook/react/bridge/NativeModule']
COMPONENT CONCAT > Lcom/facebook/internal/FacebookDialogBase;->show(Ljava/lang/Object;)V < extends Ljava/lang/Object, implements ['Lcom/facebook/FacebookDialog']
COMPONENT CONCAT > Lcom/facebook/share/widget/MessageDialog;->show(Landroidx/fragment/app/Fragment;Lcom/facebook/share/model/ShareContent;)V < extends Ljava/lang/Object, implements ['Lcom/facebook/share/Sharer', 'Lcom/facebook/share/Sharer', 'Lcom/facebook/FacebookDialog']
COMPONENT CONCAT > Lcom/facebook/login/LoginManager;->resolveError(Landroid/app/Fragment;Lcom/facebook/GraphResponse;)V < extends Ljava/lang/Object, implements []
COMPONENT CONCAT > Lcom/facebook/gamingservices/ContextCreateDialog;->canShow(Ljava/lang/Object;)Z < extends Ljava/lang/Object, implements ['Lcom/facebook/FacebookDialog']
COMPONENT CONCAT > Lcom/facebook/FacebookException;-><init>(Ljava/lang/String;[Ljava/lang/Object;)V < extends Ljava/lang/RuntimeException, implements []
COMPONENT CONCAT > Lcom/facebook/gamingservices/ContextChooseDialog;->canShow(Ljava/lang/Object;)Z < extends Ljava/lang/Object, implements ['Lcom/facebook/FacebookDialog']
COMPONENT CONCAT > Lcom/facebook/gamingservices/cloudgaming/GameFeaturesLibrary;->canCreateShortcut(Landroid/content/Context;Lorg/json/JSONObject;Lcom/facebook/gamingservices/cloudgaming/DaemonRequest$Callback;)V < extends Ljava/lang/Object, implements []
COMPONENT CONCAT > Lcom/facebook/GraphRequest;->executeBatchAsync(Lcom/facebook/GraphRequestBatch;)Lcom/facebook/GraphRequestAsyncTask; < extends Ljava/lang/Object, implements []
COMPONENT CONCAT > Lcom/facebook/appevents/AppEventQueue;-><clinit>()V < extends Ljava/lang/Object, implements []
COMPONENT CONCAT > Lcom/facebook/appevents/SessionEventsState;->accumulatePersistedEvents(Ljava/util/List;)V < extends Ljava/lang/Object, implements []
COMPONENT CONCAT > Lcom/facebook/login/LoginManager;->logIn(Landroid/app/Fragment;Ljava/util/Collection;)V < extends Ljava/lang/Object, implements []
COMPONENT CONCAT > Lcom/facebook/appevents/InternalAppEventsLogger;->createInstance(Landroid/content/Context;)Lcom/facebook/appevents/InternalAppEventsLogger; < extends Ljava/lang/Object, implements []
COMPONENT CONCAT > Lcom/facebook/WebDialog;->getWebDialogTheme()I < extends Ljava/lang/Object, implements []
COMPONENT CONCAT > Lio/invertase/notifee/NotifeePackage;->createNativeModules(Lcom/facebook/react/bridge/ReactApplicationContext;)Ljava/util/List; < extends Ljava/lang/Object, implements ['Lcom/facebook/react/ReactPackage']
COMPONENT CONCAT > Lcom/facebook/react/runtime/ReactSurfaceImpl;->prerender()Lcom/facebook/react/interfaces/TaskInterface; < extends Ljava/lang/Object, implements ['Lcom/facebook/react/interfaces/fabric/ReactSurface']
COMPONENT CONCAT > Lcom/facebook/react/runtime/BridgelessDevSupportManager;->handleReloadJS()V < extends Ljava/lang/Object, implements ['Lcom/facebook/react/devsupport/interfaces/DevSupportManager']
COMPONENT CONCAT > Lcom/facebook/react/runtime/ReactHostImpl;->start()Lcom/facebook/react/interfaces/TaskInterface; < extends Ljava/lang/Object, implements ['Lcom/facebook/react/ReactHost']
COMPONENT CONCAT > Lcom/facebook/react/defaults/DefaultReactNativeHost;->getUIManagerProvider()Lcom/facebook/react/bridge/UIManagerProvider; < extends Ljava/lang/Object, implements []
COMPONENT CONCAT > Lcom/facebook/react/runtime/BridgelessDevSupportManager;-><init>(Lcom/facebook/react/runtime/ReactHostImpl;Landroid/content/Context;Ljava/lang/String;)V < extends Ljava/lang/Object, implements ['Lcom/facebook/react/devsupport/interfaces/DevSupportManager']
COMPONENT CONCAT > Lcom/clevertap/android/pushtemplates/PTPushNotificationReceiver;->onReceive(Landroid/content/Context;Landroid/content/Intent;)V < extends Landroid/content/BroadcastReceiver, implements []
COMPONENT CONCAT > Lcom/clevertap/android/sdk/ActivityLifecycleCallback;-><clinit>()V < extends Ljava/lang/Object, implements []
COMPONENT CONCAT > Lcom/clevertap/android/pushtemplates/TemplateRenderer;->renderNotification(Landroid/os/Bundle;Landroid/content/Context;Landroidx/core/app/NotificationCompat$Builder;Lcom/clevertap/android/sdk/CleverTapInstanceConfig;I)Landroidx/core/app/NotificationCompat$Builder; < extends Ljava/lang/Object, implements ['Lcom/clevertap/android/sdk/pushnotification/INotificationRenderer', 'Lcom/clevertap/android/sdk/interfaces/AudibleNotification']
COMPONENT CONCAT > Lcom/clevertap/android/sdk/CleverTapAPI;->createNotification(Landroid/content/Context;Landroid/os/Bundle;I)V < extends Ljava/lang/Object, implements ['Lcom/clevertap/android/sdk/inbox/CTInboxActivity$InboxActivityListener']
COMPONENT CONCAT > Lcom/clevertap/android/pushtemplates/content/FiveIconSmallContentView;-><init>(Landroid/content/Context;Lcom/clevertap/android/pushtemplates/TemplateRenderer;Landroid/os/Bundle;)V < extends Ljava/lang/Object, implements []
COMPONENT CONCAT > Lcom/clevertap/android/pushtemplates/PushTemplateReceiver$1;->call()Ljava/lang/Void; < extends Ljava/lang/Object, implements ['Ljava/util/concurrent/Callable']
COMPONENT CONCAT > Lcom/clevertap/android/pushtemplates/PushTemplateNotificationHandler;->onActionButtonClick(Landroid/content/Context;Landroid/os/Bundle;I)Z < extends Ljava/lang/Object, implements ['Lcom/clevertap/android/sdk/interfaces/ActionButtonClickHandler']
COMPONENT CONCAT > Lcom/clevertap/android/sdk/pushnotification/CoreNotificationRenderer;->renderNotification(Landroid/os/Bundle;Landroid/content/Context;Landroidx/core/app/NotificationCompat$Builder;Lcom/clevertap/android/sdk/CleverTapInstanceConfig;I)Landroidx/core/app/NotificationCompat$Builder; < extends Ljava/lang/Object, implements ['Lcom/clevertap/android/sdk/pushnotification/INotificationRenderer', 'Lcom/clevertap/android/sdk/interfaces/AudibleNotification']
COMPONENT CONCAT > Lcom/clevertap/react/CleverTapPackage;->createNativeModules(Lcom/facebook/react/bridge/ReactApplicationContext;)Ljava/util/List; < extends Ljava/lang/Object, implements ['Lcom/facebook/react/ReactPackage']
COMPONENT CONCAT > Lcom/clevertap/android/sdk/pushnotification/PushNotificationHandler;->onNewToken(Landroid/content/Context;Ljava/lang/String;Ljava/lang/String;)Z < extends Ljava/lang/Object, implements ['Lcom/clevertap/android/sdk/interfaces/ActionButtonClickHandler']
COMPONENT CONCAT > Lcom/clevertap/android/sdk/pushnotification/PushNotificationHandler;->onMessageReceived(Landroid/content/Context;Landroid/os/Bundle;Ljava/lang/String;)Z < extends Ljava/lang/Object, implements ['Lcom/clevertap/android/sdk/interfaces/ActionButtonClickHandler']
COMPONENT CONCAT > Lcom/clevertap/android/sdk/CleverTapAPI;->getDefaultInstance(Landroid/content/Context;Ljava/lang/String;)Lcom/clevertap/android/sdk/CleverTapAPI; < extends Ljava/lang/Object, implements ['Lcom/clevertap/android/sdk/inbox/CTInboxActivity$InboxActivityListener']
COMPONENT CONCAT > Lcom/clevertap/android/sdk/pushnotification/fcm/CTFirebaseMessagingReceiver$$ExternalSyntheticLambda0;->run()V < extends Ljava/lang/Object, implements ['Ljava/lang/Runnable']
COMPONENT CONCAT > Lcom/clevertap/android/sdk/CleverTapAPI;->processPushNotification(Landroid/content/Context;Landroid/os/Bundle;)V < extends Ljava/lang/Object, implements ['Lcom/clevertap/android/sdk/inbox/CTInboxActivity$InboxActivityListener']
COMPONENT CONCAT > Lcom/clevertap/android/sdk/CleverTapAPI;->instanceWithConfig(Landroid/content/Context;Lcom/clevertap/android/sdk/CleverTapInstanceConfig;)Lcom/clevertap/android/sdk/CleverTapAPI; < extends Ljava/lang/Object, implements ['Lcom/clevertap/android/sdk/inbox/CTInboxActivity$InboxActivityListener']
COMPONENT CONCAT > Lcom/clevertap/android/sdk/CleverTapAPI;->getNotificationBitmapWithTimeout(Landroid/content/Context;Landroid/os/Bundle;Ljava/lang/String;ZJ)Landroid/graphics/Bitmap; < extends Ljava/lang/Object, implements ['Lcom/clevertap/android/sdk/inbox/CTInboxActivity$InboxActivityListener']
COMPONENT CONCAT > Lcom/clevertap/android/pushtemplates/content/FiveIconBigContentView;-><init>(Landroid/content/Context;Lcom/clevertap/android/pushtemplates/TemplateRenderer;Landroid/os/Bundle;)V < extends Ljava/lang/Object, implements []
COMPONENT CONCAT > Lcom/clevertap/android/sdk/pushnotification/amp/CTPushAmpWorker;->doWork()Landroidx/work/ListenableWorker$Result; < extends Landroidx/work/Worker, implements []
COMPONENT CONCAT > Lcom/clevertap/android/pushtemplates/PushTemplateReceiver;->onReceive(Landroid/content/Context;Landroid/content/Intent;)V < extends Landroid/content/BroadcastReceiver, implements []
COMPONENT CONCAT > Lcom/clevertap/android/pushtemplates/TemplateRenderer;->timerRunner$lambda$0(Landroid/content/Context;ILcom/clevertap/android/pushtemplates/TemplateRenderer;Landroid/os/Bundle;)V < extends Ljava/lang/Object, implements ['Lcom/clevertap/android/sdk/pushnotification/INotificationRenderer', 'Lcom/clevertap/android/sdk/interfaces/AudibleNotification']
COMPONENT CONCAT > Lcom/clevertap/react/CleverTapModule;->setInstanceWithAccountId(Ljava/lang/String;)V < extends Ljava/lang/Object, implements ['Lcom/clevertap/android/sdk/SyncListener', 'Lcom/clevertap/android/sdk/InAppNotificationListener', 'Lcom/clevertap/android/sdk/CTInboxListener', 'Lcom/clevertap/android/sdk/InboxMessageButtonListener', 'Lcom/clevertap/android/sdk/InboxMessageListener', 'Lcom/clevertap/android/sdk/InAppNotificationButtonListener', 'Lcom/clevertap/android/sdk/displayunits/DisplayUnitListener', 'Lcom/clevertap/android/sdk/product_config/CTProductConfigListener', 'Lcom/clevertap/android/sdk/CTFeatureFlagsListener', 'Lcom/clevertap/android/sdk/pushnotification/CTPushNotificationListener', 'Lcom/clevertap/android/sdk/PushPermissionResponseListener', 'Lcom/facebook/react/bridge/NativeModule']
COMPONENT CONCAT > Lcom/clevertap/android/sdk/CleverTapAPI;->createInstanceIfAvailable(Landroid/content/Context;Ljava/lang/String;Ljava/lang/String;)Lcom/clevertap/android/sdk/CleverTapAPI; < extends Ljava/lang/Object, implements ['Lcom/clevertap/android/sdk/inbox/CTInboxActivity$InboxActivityListener']
COMPONENT CONCAT > Lcom/clevertap/android/sdk/pushnotification/work/CTFlushPushImpressionsWork;->doWork()Landroidx/work/ListenableWorker$Result; < extends Landroidx/work/Worker, implements []
COMPONENT CONCAT > Lcom/clevertap/android/pushtemplates/PushTemplateNotificationHandler;->onMessageReceived(Landroid/content/Context;Landroid/os/Bundle;Ljava/lang/String;)Z < extends Ljava/lang/Object, implements ['Lcom/clevertap/android/sdk/interfaces/ActionButtonClickHandler']
COMPONENT CONCAT > Lcom/clevertap/android/sdk/network/NetworkManager;->sendQueue(Landroid/content/Context;Lcom/clevertap/android/sdk/events/EventGroup;Lorg/json/JSONArray;Ljava/lang/String;)Z < extends Ljava/lang/Object, implements []
COMPONENT CONCAT > Lcom/clevertap/android/sdk/CleverTapAPI;->getNotificationBitmapWithTimeoutAndSize(Landroid/content/Context;Landroid/os/Bundle;Ljava/lang/String;ZJI)Landroid/graphics/Bitmap; < extends Ljava/lang/Object, implements ['Lcom/clevertap/android/sdk/inbox/CTInboxActivity$InboxActivityListener']
COMPONENT CONCAT > Lcom/clevertap/android/sdk/leanplum/LeanplumCT;->initWithContext(Landroid/content/Context;)V < extends Ljava/lang/Object, implements []
COMPONENT CONCAT > Lcom/clevertap/android/pushtemplates/styles/FiveIconStyle;->makeSmallContentRemoteView(Landroid/content/Context;Lcom/clevertap/android/pushtemplates/TemplateRenderer;)Landroid/widget/RemoteViews; < extends Ljava/lang/Object, implements []
COMPONENT CONCAT > Lcom/clevertap/android/sdk/network/NetworkManager;->flushDBQueue(Landroid/content/Context;Lcom/clevertap/android/sdk/events/EventGroup;Ljava/lang/String;)V < extends Ljava/lang/Object, implements []
COMPONENT CONCAT > Lcom/clevertap/android/sdk/CTWebInterface;->promptPushPermission(Z)V < extends Ljava/lang/Object, implements []
COMPONENT CONCAT > Lcom/clevertap/android/pushtemplates/styles/FiveIconStyle;->makeBigContentRemoteView(Landroid/content/Context;Lcom/clevertap/android/pushtemplates/TemplateRenderer;)Landroid/widget/RemoteViews; < extends Ljava/lang/Object, implements []
COMPONENT CONCAT > Lcom/clevertap/android/sdk/pushnotification/fcm/CTFcmMessageHandler;->processPushAmp(Landroid/content/Context;Ljava/lang/Object;)V < extends Ljava/lang/Object, implements ['Lcom/clevertap/android/sdk/pushnotification/fcm/IFcmMessageHandler', 'Lcom/clevertap/android/sdk/interfaces/IPushAmpHandler']
COMPONENT CONCAT > Lcom/facebook/drawee/generic/GenericDraweeHierarchy;->setOverlayImage(Landroid/graphics/drawable/Drawable;)V < extends Ljava/lang/Object, implements ['Lcom/facebook/drawee/interfaces/SettableDraweeHierarchy']
COMPONENT CONCAT > Lcom/facebook/drawee/generic/GenericDraweeHierarchy;->setRetryImage(ILcom/facebook/drawee/drawable/ScalingUtils$ScaleType;)V < extends Ljava/lang/Object, implements ['Lcom/facebook/drawee/interfaces/SettableDraweeHierarchy']
COMPONENT CONCAT > Lcom/facebook/react/views/text/frescosupport/FrescoBasedReactTextInlineImageShadowNode;->buildInlineImageSpan()Lcom/facebook/react/views/text/internal/span/TextInlineImageSpan; < extends Ljava/lang/Object, implements ['Lcom/facebook/react/uimanager/ReactShadowNode']
COMPONENT CONCAT > Lcom/facebook/drawee/generic/GenericDraweeHierarchy;->setFailureImage(ILcom/facebook/drawee/drawable/ScalingUtils$ScaleType;)V < extends Ljava/lang/Object, implements ['Lcom/facebook/drawee/interfaces/SettableDraweeHierarchy']
COMPONENT CONCAT > Lcom/facebook/drawee/view/SimpleDraweeView;-><init>(Landroid/content/Context;)V < extends Landroid/widget/ImageView, implements []
COMPONENT CONCAT > Lcom/facebook/drawee/generic/GenericDraweeHierarchy;->setProgressBarImage(I)V < extends Ljava/lang/Object, implements ['Lcom/facebook/drawee/interfaces/SettableDraweeHierarchy']
COMPONENT CONCAT > Lcom/facebook/drawee/generic/GenericDraweeHierarchyInflater;->inflateHierarchy(Landroid/content/Context;Landroid/util/AttributeSet;)Lcom/facebook/drawee/generic/GenericDraweeHierarchy; < extends Ljava/lang/Object, implements []
COMPONENT CONCAT > Lcom/facebook/drawee/view/SimpleDraweeView;-><init>(Landroid/content/Context;Landroid/util/AttributeSet;II)V < extends Landroid/widget/ImageView, implements []
COMPONENT CONCAT > Lcom/facebook/drawee/generic/GenericDraweeHierarchy;->setPlaceholderImage(ILcom/facebook/drawee/drawable/ScalingUtils$ScaleType;)V < extends Ljava/lang/Object, implements ['Lcom/facebook/drawee/interfaces/SettableDraweeHierarchy']
COMPONENT CONCAT > Lcom/facebook/drawee/generic/GenericDraweeHierarchy;->setFailureImage(I)V < extends Ljava/lang/Object, implements ['Lcom/facebook/drawee/interfaces/SettableDraweeHierarchy']
COMPONENT CONCAT > Lcom/facebook/drawee/view/SimpleDraweeView;-><init>(Landroid/content/Context;Landroid/util/AttributeSet;I)V < extends Landroid/widget/ImageView, implements []
COMPONENT CONCAT > Lcom/facebook/drawee/generic/GenericDraweeHierarchy;->setProgressBarImage(ILcom/facebook/drawee/drawable/ScalingUtils$ScaleType;)V < extends Ljava/lang/Object, implements ['Lcom/facebook/drawee/interfaces/SettableDraweeHierarchy']
COMPONENT CONCAT > Lcom/facebook/drawee/generic/GenericDraweeHierarchy;->setPlaceholderImage(I)V < extends Ljava/lang/Object, implements ['Lcom/facebook/drawee/interfaces/SettableDraweeHierarchy']
COMPONENT CONCAT > Lcom/facebook/drawee/generic/GenericDraweeHierarchy;->setImage(Landroid/graphics/drawable/Drawable;FZ)V < extends Ljava/lang/Object, implements ['Lcom/facebook/drawee/interfaces/SettableDraweeHierarchy']
COMPONENT CONCAT > Lcom/facebook/drawee/generic/GenericDraweeHierarchy;->setRetryImage(I)V < extends Ljava/lang/Object, implements ['Lcom/facebook/drawee/interfaces/SettableDraweeHierarchy']
COMPONENT CONCAT > Lcom/facebook/drawee/view/SimpleDraweeView;-><init>(Landroid/content/Context;Landroid/util/AttributeSet;)V < extends Landroid/widget/ImageView, implements []
COMPONENT CONCAT > Lcom/dylanvann/fastimage/FastImageViewPackage;->createViewManagers(Lcom/facebook/react/bridge/ReactApplicationContext;)Ljava/util/List; < extends Ljava/lang/Object, implements ['Lcom/facebook/react/ReactPackage']
MISSING ID > Lcom/facebook/react/views/image/ReactImageManager;->onAfterUpdateTransaction(Landroid/view/View;)V <
COMPONENT CONCAT > Lcom/microsoft/appcenter/reactnative/crashes/AppCenterReactNativeCrashesModule;->notifyWithUserConfirmation(I)V < extends Ljava/lang/Object, implements ['Lcom/facebook/react/bridge/NativeModule']
COMPONENT CONCAT > Lcom/microsoft/appcenter/reactnative/crashes/AppCenterReactNativeCrashesModule;->sendCrashReportsOrAwaitUserConfirmationForFilteredIds(Lcom/facebook/react/bridge/ReadableArray;Lcom/facebook/react/bridge/Promise;)V < extends Ljava/lang/Object, implements ['Lcom/facebook/react/bridge/NativeModule']
COMPONENT CONCAT > Lcom/nimbusds/jose/jwk/gen/OctetSequenceKeyGenerator;->generate()Lcom/nimbusds/jose/jwk/JWK; < extends Ljava/lang/Object, implements []
COMPONENT CONCAT > Lcom/nimbusds/jose/jwk/source/ImmutableSecret;-><init>(Ljavax/crypto/SecretKey;)V < extends Ljava/lang/Object, implements ['Lcom/nimbusds/jose/jwk/source/JWKSource']
COMPONENT CONCAT > Lcom/nimbusds/jose/jwk/source/ImmutableSecret;-><init>([B)V < extends Ljava/lang/Object, implements ['Lcom/nimbusds/jose/jwk/source/JWKSource']
COMPONENT CONCAT > Lcom/nimbusds/jose/jwk/source/RemoteJWKSet;->get(Lcom/nimbusds/jose/jwk/JWKSelector;Lcom/nimbusds/jose/proc/SecurityContext;)Ljava/util/List; < extends Ljava/lang/Object, implements ['Lcom/nimbusds/jose/jwk/source/JWKSource']
COMPONENT CONCAT > Lcom/nimbusds/jose/jwk/JWKSet;->load(Ljava/io/File;)Lcom/nimbusds/jose/jwk/JWKSet; < extends Ljava/lang/Object, implements ['Ljava/io/Serializable']
COMPONENT CONCAT > Lcom/nimbusds/jose/Header;->parse(Ljava/lang/String;)Lcom/nimbusds/jose/Header; < extends Ljava/lang/Object, implements ['Ljava/io/Serializable']
COMPONENT CONCAT > Lcom/nimbusds/jose/Header;->join(Lcom/nimbusds/jose/UnprotectedHeader;)Lcom/nimbusds/jose/Header; < extends Ljava/lang/Object, implements ['Ljava/io/Serializable']
COMPONENT CONCAT > Lcom/nimbusds/jose/jwk/JWK;->parse(Ljava/lang/String;)Lcom/nimbusds/jose/jwk/JWK; < extends Ljava/lang/Object, implements ['Ljava/io/Serializable']
COMPONENT CONCAT > Lcom/nimbusds/jwt/proc/DefaultJWTProcessor;->process(Ljava/lang/String;Lcom/nimbusds/jose/proc/SecurityContext;)Lcom/nimbusds/jwt/JWTClaimsSet; < extends Ljava/lang/Object, implements ['Lcom/nimbusds/jwt/proc/ConfigurableJWTProcessor']
COMPONENT CONCAT > Lcom/nimbusds/jose/JOSEObjectJSON;->parse(Ljava/lang/String;)Lcom/nimbusds/jose/JOSEObjectJSON; < extends Ljava/lang/Object, implements ['Ljava/io/Serializable']
COMPONENT CONCAT > Lcom/nimbusds/jose/JWEHeader;->parse(Ljava/util/Map;)Lcom/nimbusds/jose/JWEHeader; < extends Ljava/lang/Object, implements ['Ljava/io/Serializable']
COMPONENT CONCAT > Lcom/nimbusds/jose/JWSHeader;->parse(Ljava/util/Map;)Lcom/nimbusds/jose/JWSHeader; < extends Ljava/lang/Object, implements ['Ljava/io/Serializable']
COMPONENT CONCAT > Lcom/nimbusds/jose/JWEHeader;->parse(Ljava/lang/String;)Lcom/nimbusds/jose/JWEHeader; < extends Ljava/lang/Object, implements ['Ljava/io/Serializable']
COMPONENT CONCAT > Lcom/nimbusds/jose/jwk/JWKSet;->load(Ljava/net/URL;)Lcom/nimbusds/jose/jwk/JWKSet; < extends Ljava/lang/Object, implements ['Ljava/io/Serializable']
COMPONENT CONCAT > Lcom/nimbusds/jose/Header;->parse(Ljava/util/Map;)Lcom/nimbusds/jose/Header; < extends Ljava/lang/Object, implements ['Ljava/io/Serializable']
COMPONENT CONCAT > Lcom/nimbusds/jose/JWSObjectJSON;->sign(Lcom/nimbusds/jose/JWSHeader;Lcom/nimbusds/jose/JWSSigner;)V < extends Ljava/lang/Object, implements ['Ljava/io/Serializable']
COMPONENT CONCAT > Lcom/nimbusds/jose/jwk/OctetSequenceKey;->parse(Ljava/lang/String;)Lcom/nimbusds/jose/jwk/OctetSequenceKey; < extends Ljava/lang/Object, implements ['Lcom/nimbusds/jose/jwk/SecretJWK', 'Ljava/io/Serializable']
COMPONENT CONCAT > Lcom/nimbusds/jose/proc/DefaultJOSEProcessor;->process(Ljava/lang/String;Lcom/nimbusds/jose/proc/SecurityContext;)Lcom/nimbusds/jose/Payload; < extends Ljava/lang/Object, implements ['Lcom/nimbusds/jose/proc/ConfigurableJOSEProcessor']
COMPONENT CONCAT > Lcom/microsoft/codepush/react/CodePushNativeModule;->downloadUpdate(Lcom/facebook/react/bridge/ReadableMap;ZLcom/facebook/react/bridge/Promise;)V < extends Ljava/lang/Object, implements ['Lcom/facebook/react/bridge/NativeModule']
COMPONENT CONCAT > Lcom/nimbusds/jose/JWSHeader;->parse(Ljava/lang/String;)Lcom/nimbusds/jose/JWSHeader; < extends Ljava/lang/Object, implements ['Ljava/io/Serializable']
COMPONENT CONCAT > Lcom/nimbusds/jose/Header;->parse(Lcom/nimbusds/jose/util/Base64URL;)Lcom/nimbusds/jose/Header; < extends Ljava/lang/Object, implements ['Ljava/io/Serializable']
COMPONENT CONCAT > Lcom/nimbusds/jose/JWSObjectJSON;->parse(Ljava/lang/String;)Lcom/nimbusds/jose/JWSObjectJSON; < extends Ljava/lang/Object, implements ['Ljava/io/Serializable']
COMPONENT CONCAT > Lcom/nimbusds/jose/jwk/JWKSet;->load(Ljava/io/InputStream;)Lcom/nimbusds/jose/jwk/JWKSet; < extends Ljava/lang/Object, implements ['Ljava/io/Serializable']
COMPONENT CONCAT > Lcom/nimbusds/jose/jwk/source/URLBasedJWKSetSource;->getJWKSet(Lcom/nimbusds/jose/jwk/source/JWKSetCacheRefreshEvaluator;JLcom/nimbusds/jose/proc/SecurityContext;)Lcom/nimbusds/jose/jwk/JWKSet; < extends Ljava/lang/Object, implements ['Lcom/nimbusds/jose/jwk/source/JWKSetSource']
COMPONENT CONCAT > Lcom/nimbusds/jose/JWSObject;->parse(Ljava/lang/String;Lcom/nimbusds/jose/Payload;)Lcom/nimbusds/jose/JWSObject; < extends Ljava/lang/Object, implements ['Ljava/io/Serializable']
COMPONENT CONCAT > Lcom/nimbusds/jose/JWEObjectJSON;->parse(Ljava/lang/String;)Lcom/nimbusds/jose/JWEObjectJSON; < extends Ljava/lang/Object, implements ['Ljava/io/Serializable']
COMPONENT CONCAT > Lcom/swmansion/gesturehandler/react/RNGestureHandlerModule;->handleSetJSResponder(DZ)V < extends Ljava/lang/Object, implements ['Lcom/swmansion/common/GestureHandlerStateManager', 'Lcom/facebook/react/turbomodule/core/interfaces/TurboModule', 'Lcom/facebook/react/bridge/NativeModule']
COMPONENT CONCAT > Lcom/facebook/react/devsupport/DevSupportManagerBase;->onNewReactContextCreated(Lcom/facebook/react/bridge/ReactContext;)V < extends Ljava/lang/Object, implements ['Lcom/facebook/react/devsupport/interfaces/DevSupportManager']
COMPONENT CONCAT > Lcom/facebook/react/devsupport/BridgeDevSupportManager;-><init>(Landroid/content/Context;Lcom/facebook/react/devsupport/ReactInstanceDevHelper;Ljava/lang/String;ZLcom/facebook/react/devsupport/interfaces/RedBoxHandler;Lcom/facebook/react/devsupport/interfaces/DevBundleDownloadListener;ILjava/util/Map;Lcom/facebook/react/common/SurfaceDelegateFactory;Lcom/facebook/react/devsupport/interfaces/DevLoadingViewManager;)V < extends Ljava/lang/Object, implements ['Lcom/facebook/react/devsupport/interfaces/DevSupportManager']
COMPONENT CONCAT > Lcom/facebook/react/devsupport/DevSupportManagerBase;->onReactInstanceDestroyed(Lcom/facebook/react/bridge/ReactContext;)V < extends Ljava/lang/Object, implements ['Lcom/facebook/react/devsupport/interfaces/DevSupportManager']
COMPONENT CONCAT > Lcom/facebook/imagepipeline/request/ImageRequest;->fromFile(Ljava/io/File;)Lcom/facebook/imagepipeline/request/ImageRequest; < extends Ljava/lang/Object, implements []
COMPONENT CONCAT > Lcom/facebook/imagepipeline/producers/PartialDiskCacheProducer;->produceResults(Lcom/facebook/imagepipeline/producers/Consumer;Lcom/facebook/imagepipeline/producers/ProducerContext;)V < extends Ljava/lang/Object, implements ['Lcom/facebook/imagepipeline/producers/Producer']
COMPONENT CONCAT > Lcom/facebook/imagepipeline/core/ImagePipeline;->getEncodedImageDataSourceSupplier(Lcom/facebook/imagepipeline/request/ImageRequest;Ljava/lang/Object;)Lcom/facebook/common/internal/Supplier; < extends Ljava/lang/Object, implements []
COMPONENT CONCAT > Lcom/facebook/drawee/backends/pipeline/PipelineDraweeControllerBuilder;->setUri(Ljava/lang/String;)Lcom/facebook/drawee/interfaces/SimpleDraweeControllerBuilder; < extends Ljava/lang/Object, implements ['Lcom/facebook/drawee/interfaces/SimpleDraweeControllerBuilder']
COMPONENT CONCAT > Lapp/notifee/core/Worker;->startWork()Lcom/google/common/util/concurrent/ListenableFuture; < extends Landroidx/work/ListenableWorker, implements []
COMPONENT CONCAT > Lcom/facebook/imagepipeline/core/ImagePipeline;->isInDiskCache(Landroid/net/Uri;)Lcom/facebook/datasource/DataSource; < extends Ljava/lang/Object, implements []
COMPONENT CONCAT > Lcom/facebook/drawee/backends/pipeline/PipelineDraweeControllerBuilder;->setUri(Landroid/net/Uri;)Lcom/facebook/drawee/interfaces/SimpleDraweeControllerBuilder; < extends Ljava/lang/Object, implements ['Lcom/facebook/drawee/interfaces/SimpleDraweeControllerBuilder']
COMPONENT CONCAT > Lcom/facebook/imagepipeline/core/ImagePipeline;->evictFromCache(Landroid/net/Uri;)V < extends Ljava/lang/Object, implements []
COMPONENT CONCAT > Liyegoroff/RNColorMatrixImageFilters/ColorMatrixImageFiltersPackage;->createViewManagers(Lcom/facebook/react/bridge/ReactApplicationContext;)Ljava/util/List; < extends Ljava/lang/Object, implements ['Lcom/facebook/react/ReactPackage']
COMPONENT CONCAT > Lcom/th3rdwave/safeareacontext/SafeAreaContextPackage;->createViewManagers(Lcom/facebook/react/bridge/ReactApplicationContext;)Ljava/util/List; < extends Ljava/lang/Object, implements ['Lcom/facebook/react/ReactPackage']
MISSING ID > Lcom/facebook/react/views/view/ReactViewManager;->prepareToRecycleView(Lcom/facebook/react/uimanager/ThemedReactContext;Landroid/view/View;)Landroid/view/View; <
MISSING ID > Lcom/horcrux/svg/RenderableViewManager$RadialGradientManager;->setGradientUnits(Landroid/view/View;I)V <
COMPONENT CONCAT > Lcom/facebook/imagepipeline/producers/DiskCacheReadProducer;->produceResults(Lcom/facebook/imagepipeline/producers/Consumer;Lcom/facebook/imagepipeline/producers/ProducerContext;)V < extends Ljava/lang/Object, implements ['Lcom/facebook/imagepipeline/producers/Producer']
COMPONENT CONCAT > Lcom/microsoft/appcenter/ingestion/models/one/CommonSchemaLog;->write(Lorg/json/JSONStringer;)V < extends Ljava/lang/Object, implements ['Lcom/microsoft/appcenter/ingestion/models/Log']
COMPONENT CONCAT > Lcom/clevertap/android/sdk/Utils;->getBitmapFromURL(Ljava/lang/String;)Landroid/graphics/Bitmap; < extends Ljava/lang/Object, implements []
COMPONENT CONCAT > Lcom/clevertap/android/sdk/inapp/images/InAppImageFetchApi;->makeApiCallForInAppBitmap(Ljava/lang/String;)Lcom/clevertap/android/sdk/network/DownloadedBitmap; < extends Ljava/lang/Object, implements ['Lcom/clevertap/android/sdk/inapp/images/InAppImageFetchApiContract']
