COMPONENT CONCAT > Lcom/qonversion/android/sdk/automations/mvp/ScreenActivity;->onCreate(Landroid/os/Bundle;)V < extends Landroidx/fragment/app/o, implements ['LU/b$i', 'LU/b$k']
COMPONENT CONCAT > Lsg/i;->get()Ljava/lang/Object; < extends Ljava/lang/Object, implements ['Ljava/util/function/Supplier']
COMPONENT CONCAT > Lcom/aiby/feature_chat/domain/usecases/impl/GetFollowUpQuestionUseCaseImpl;->a(Lcom/aiby/lib_open_ai/client/Message$BotAnswer;Lcom/aiby/feature_chat/domain/models/ChatType;Lkotlin/coroutines/c;)Ljava/lang/Object; < extends Ljava/lang/Object, implements ['Ls3/x']
COMPONENT CONCAT > La2/i;->f(LG1/s;LG1/K;)I < extends Ljava/lang/Object, implements ['LG1/r']
COMPONENT CONCAT > LO1/b;->f(LG1/s;LG1/K;)I < extends Ljava/lang/Object, implements ['LG1/r']
COMPONENT CONCAT > Lda/S;->zbb(ILjava/lang/Object;Ljava/lang/Object;)Ljava/lang/Object; < extends Ljava/lang/Object, implements ['Lcom/google/android/gms/internal/mlkit_vision_text_bundled_common/zbvy', 'Lcom/google/android/gms/internal/mlkit_vision_text_bundled_common/zbvx']
COMPONENT CONCAT > Lcom/aiby/feature_main_screen/presentation/MainScreenFragment;->Q(Lcom/aiby/lib_base/presentation/BaseViewModel$a;)V < extends Landroidx/fragment/app/Fragment, implements ['Lcom/aiby/feature_dashboard/presentation/l', 'Lcom/aiby/feature_prompts_selection/presentation/prompts/k', 'Lcom/aiby/feature_history/presentation/n', 'Lcom/aiby/feature_history/presentation/o', 'Landroid/content/ComponentCallbacks', 'Landroid/view/View$OnCreateContextMenuListener', 'Landroidx/lifecycle/LifecycleOwner', 'Landroidx/lifecycle/ViewModelStoreOwner', 'Landroidx/lifecycle/HasDefaultViewModelProviderFactory', 'Landroidx/savedstate/f', 'Landroidx/activity/result/b']
COMPONENT CONCAT > Lcom/aiby/feature_main_screen/presentation/MainScreenFragment;->j(Lcom/aiby/lib_router/features/ControllableFeature;)V < extends Landroidx/fragment/app/Fragment, implements ['Lcom/aiby/feature_dashboard/presentation/l', 'Lcom/aiby/feature_prompts_selection/presentation/prompts/k', 'Lcom/aiby/feature_history/presentation/n', 'Lcom/aiby/feature_history/presentation/o', 'Landroid/content/ComponentCallbacks', 'Landroid/view/View$OnCreateContextMenuListener', 'Landroidx/lifecycle/LifecycleOwner', 'Landroidx/lifecycle/ViewModelStoreOwner', 'Landroidx/lifecycle/HasDefaultViewModelProviderFactory', 'Landroidx/savedstate/f', 'Landroidx/activity/result/b']
COMPONENT CONCAT > Lq6/f;->a(LHd/m$b;)V < extends Ljava/lang/Object, implements ['LHd/i']
COMPONENT CONCAT > Lm1/z;->get()Ljava/lang/Object; < extends Ljava/lang/Object, implements ['Lcom/google/common/base/C']
COMPONENT CONCAT > Lm1/s1$a;->b()Lm1/s1; < extends Ljava/lang/Object, implements []
COMPONENT CONCAT > Lcom/aiby/lib_tts/tts/TtsManagerImpl;->a(ZLjava/lang/String;)V < extends Ljava/lang/Object, implements ['Lcom/aiby/lib_tts/tts/b']
COMPONENT CONCAT > Lorg/apache/poi/xslf/usermodel/k;->r3(Lorg/openxmlformats/schemas/drawingml/x2006/main/CTTextParagraph;)LPj/u1; < extends Ljava/lang/Object, implements ['Lorg/apache/poi/sl/usermodel/TableCell', 'LCj/a', 'Lorg/apache/poi/sl/usermodel/TextShape', 'Lpj/x', 'Lpj/u']
COMPONENT CONCAT > Lorg/apache/poi/xslf/usermodel/k;->B()Ljava/awt/Color; < extends Ljava/lang/Object, implements ['Lorg/apache/poi/sl/usermodel/TableCell', 'LCj/a', 'Lorg/apache/poi/sl/usermodel/TextShape', 'Lpj/x', 'Lpj/u']
COMPONENT CONCAT > LHd/f;->a()LHd/e; < extends Ljava/lang/Object, implements ['LHd/e$a']
COMPONENT CONCAT > LPd/l;->o(LPd/l$a;)LPd/l; < extends Ljava/lang/Object, implements ['LHd/i']
COMPONENT CONCAT > Lorg/koin/core/scope/Scope;->e(Ljava/lang/Object;LTl/a;Ljava/util/List;Z)V < extends Ljava/lang/Object, implements []
COMPONENT CONCAT > LKl/a;->g(LQl/c;)LKl/a; < extends Ljava/lang/Object, implements []
COMPONENT CONCAT > Lorg/koin/androidx/fragment/koin/KoinApplicationExtKt;->a(LKl/a;)V < extends Ljava/lang/Object, implements []
COMPONENT CONCAT > LMl/b;->g(Ljava/util/List;Z)V < extends Ljava/lang/Object, implements ['LMl/d']
COMPONENT CONCAT > Lorg/koin/core/Koin;->j(Ljava/lang/Object;LTl/a;Ljava/util/List;Z)V < extends Ljava/lang/Object, implements []
COMPONENT CONCAT > Lorg/koin/mp/KoinPlatform;->b(Ljava/util/List;Lorg/koin/core/logger/Level;)V < extends Ljava/lang/Object, implements []
COMPONENT CONCAT > Lorg/koin/core/registry/InstanceRegistry;->e(Ljava/lang/Object;LTl/a;Ljava/util/List;Z)V < extends Ljava/lang/Object, implements []
COMPONENT CONCAT > LMl/b;->h(LQl/c;Z)V < extends Ljava/lang/Object, implements ['LMl/d']
COMPONENT CONCAT > Lorg/koin/core/registry/InstanceRegistry;->g(Ljava/lang/Object;LTl/a;Ljava/util/List;ZLTl/a;Ljava/lang/String;)V < extends Ljava/lang/Object, implements []
COMPONENT CONCAT > LKl/a;->i([LQl/c;)LKl/a; < extends Ljava/lang/Object, implements []
COMPONENT CONCAT > LHl/a;->a(Landroid/content/Context;)LKl/a; < extends Ljava/lang/Object, implements []
COMPONENT CONCAT > Lorg/koin/core/registry/InstanceRegistry;->f(Lorg/koin/core/registry/InstanceRegistry;Ljava/lang/Object;LTl/a;Ljava/util/List;ZILjava/lang/Object;)V < extends Ljava/lang/Object, implements []
COMPONENT CONCAT > Lorg/koin/core/Koin;->k(Lorg/koin/core/Koin;Ljava/lang/Object;LTl/a;Ljava/util/List;ZILjava/lang/Object;)V < extends Ljava/lang/Object, implements []
COMPONENT CONCAT > Lorg/koin/core/scope/Scope;->f(Lorg/koin/core/scope/Scope;Ljava/lang/Object;LTl/a;Ljava/util/List;ZILjava/lang/Object;)V < extends Ljava/lang/Object, implements []
COMPONENT CONCAT > Lorg/koin/core/registry/InstanceRegistry;->h(Lorg/koin/core/registry/InstanceRegistry;Ljava/lang/Object;LTl/a;Ljava/util/List;ZLTl/a;Ljava/lang/String;ILjava/lang/Object;)V < extends Ljava/lang/Object, implements []
COMPONENT CONCAT > Lcom/airbnb/lottie/B;->V(Ljava/util/zip/ZipInputStream;Ljava/lang/String;Z)Lcom/airbnb/lottie/d0; < extends Ljava/lang/Object, implements []
COMPONENT CONCAT > Lcom/airbnb/lottie/LottieAnimationView;-><init>(Landroid/content/Context;Landroid/util/AttributeSet;)V < extends Landroidx/appcompat/widget/F, implements ['Landroidx/core/view/u0', 'Landroidx/core/widget/w']
COMPONENT CONCAT > Lcom/airbnb/lottie/j$b;->g(Ljava/lang/String;Lcom/airbnb/lottie/f0;)Lcom/airbnb/lottie/a; < extends Ljava/lang/Object, implements []
COMPONENT CONCAT > Lcom/airbnb/lottie/LottieAnimationView;->onRestoreInstanceState(Landroid/os/Parcelable;)V < extends Landroidx/appcompat/widget/F, implements ['Landroidx/core/view/u0', 'Landroidx/core/widget/w']
COMPONENT CONCAT > Lcom/airbnb/lottie/j$b;->k(Landroid/content/Context;ILcom/airbnb/lottie/f0;)Lcom/airbnb/lottie/a; < extends Ljava/lang/Object, implements []
COMPONENT CONCAT > Lcom/airbnb/lottie/LottieAnimationView;-><init>(Landroid/content/Context;)V < extends Landroidx/appcompat/widget/F, implements ['Landroidx/core/view/u0', 'Landroidx/core/widget/w']
COMPONENT CONCAT > Lcom/aiby/feature_free_messages/presentation/free_messages/FreeMessagesTutorialBottomSheet;->o0()V < extends Landroidx/appcompat/app/AppCompatDialogFragment, implements []
COMPONENT CONCAT > Lcom/airbnb/lottie/B;->y(Lorg/json/JSONObject;Ljava/lang/String;)Lcom/airbnb/lottie/d0; < extends Ljava/lang/Object, implements []
COMPONENT CONCAT > Lcom/airbnb/lottie/LottieAnimationView;->U(Ljava/lang/String;Ljava/lang/String;)V < extends Landroidx/appcompat/widget/F, implements ['Landroidx/core/view/u0', 'Landroidx/core/widget/w']
COMPONENT CONCAT > Lcom/airbnb/lottie/LottieAnimationView;->setAnimationFromJson(Ljava/lang/String;)V < extends Landroidx/appcompat/widget/F, implements ['Landroidx/core/view/u0', 'Landroidx/core/widget/w']
COMPONENT CONCAT > Lcom/aiby/feature_chat/presentation/chat/ChatFragment;->S(Lcom/aiby/lib_base/presentation/BaseViewModel$b;)V < extends Landroidx/fragment/app/Fragment, implements ['Landroid/content/ComponentCallbacks', 'Landroid/view/View$OnCreateContextMenuListener', 'Landroidx/lifecycle/LifecycleOwner', 'Landroidx/lifecycle/ViewModelStoreOwner', 'Landroidx/lifecycle/HasDefaultViewModelProviderFactory', 'Landroidx/savedstate/f', 'Landroidx/activity/result/b']
COMPONENT CONCAT > Lcom/airbnb/lottie/B;->A(Ljava/io/InputStream;Ljava/lang/String;Z)Lcom/airbnb/lottie/d0; < extends Ljava/lang/Object, implements []
COMPONENT CONCAT > Lcom/airbnb/lottie/LottieAnimationView;->S(Ljava/util/zip/ZipInputStream;Ljava/lang/String;)V < extends Landroidx/appcompat/widget/F, implements ['Landroidx/core/view/u0', 'Landroidx/core/widget/w']
COMPONENT CONCAT > Lcom/airbnb/lottie/LottieAnimationView;-><init>(Landroid/content/Context;Landroid/util/AttributeSet;I)V < extends Landroidx/appcompat/widget/F, implements ['Landroidx/core/view/u0', 'Landroidx/core/widget/w']
COMPONENT CONCAT > Lcom/airbnb/lottie/j$b;->f(Lcom/airbnb/lottie/parser/moshi/JsonReader;Lcom/airbnb/lottie/f0;)Lcom/airbnb/lottie/a; < extends Ljava/lang/Object, implements []
COMPONENT CONCAT > Lcom/airbnb/lottie/j$b;->c(Ljava/io/InputStream;Lcom/airbnb/lottie/f0;)Lcom/airbnb/lottie/a; < extends Ljava/lang/Object, implements []
COMPONENT CONCAT > Lcom/aiby/feature_whats_new/presentation/WhatsNewBottomSheetFragment;->o0()V < extends Landroidx/appcompat/app/AppCompatDialogFragment, implements []
COMPONENT CONCAT > Lcom/airbnb/lottie/j$b;->a(Landroid/content/Context;Ljava/lang/String;Lcom/airbnb/lottie/f0;)Lcom/airbnb/lottie/a; < extends Ljava/lang/Object, implements []
COMPONENT CONCAT > Lcom/aiby/feature_main_screen/presentation/MainScreenFragment;->N()V < extends Landroidx/fragment/app/Fragment, implements ['Lcom/aiby/feature_dashboard/presentation/l', 'Lcom/aiby/feature_prompts_selection/presentation/prompts/k', 'Lcom/aiby/feature_history/presentation/n', 'Lcom/aiby/feature_history/presentation/o', 'Landroid/content/ComponentCallbacks', 'Landroid/view/View$OnCreateContextMenuListener', 'Landroidx/lifecycle/LifecycleOwner', 'Landroidx/lifecycle/ViewModelStoreOwner', 'Landroidx/lifecycle/HasDefaultViewModelProviderFactory', 'Landroidx/savedstate/f', 'Landroidx/activity/result/b']
COMPONENT CONCAT > LFi/l0;->get()Ljava/lang/Object; < extends Ljava/lang/Object, implements ['Ljava/util/function/Supplier']
COMPONENT CONCAT > Lcom/google/android/gms/auth/b;->g(Landroid/content/Context;Ljava/lang/String;Ljava/lang/String;Landroid/os/Bundle;)Ljava/lang/String; < extends Ljava/lang/Object, implements []
COMPONENT CONCAT > LQ9/m;->a(Landroid/app/Activity;)LQ9/e; < extends Ljava/lang/Object, implements []
COMPONENT CONCAT > Lh9/a;->a(Landroid/app/Activity;)Lh9/c; < extends Ljava/lang/Object, implements []
COMPONENT CONCAT > Lcom/google/android/gms/auth/api/signin/a;->k(Landroidx/fragment/app/Fragment;ILcom/google/android/gms/auth/api/signin/GoogleSignInAccount;Ln9/c;)V < extends Ljava/lang/Object, implements []
COMPONENT CONCAT > Lk9/c;->f(Landroid/content/Context;)Lk9/d; < extends Ljava/lang/Object, implements []
COMPONENT CONCAT > Lcom/google/android/gms/auth/api/signin/a;->i(Landroid/app/Activity;ILcom/google/android/gms/auth/api/signin/GoogleSignInAccount;Ln9/c;)V < extends Ljava/lang/Object, implements []
COMPONENT CONCAT > LL9/a;->b(Landroid/content/Context;)LM9/a; < extends Ljava/lang/Object, implements []
COMPONENT CONCAT > Lj9/a;->b(Landroid/content/Context;)Lj9/b; < extends Ljava/lang/Object, implements []
COMPONENT CONCAT > Lcom/google/mlkit/common/sdkinternal/o;->a(Landroid/content/Context;Ljava/util/List;)Z < extends Ljava/lang/Object, implements []
COMPONENT CONCAT > Lcom/google/android/gms/common/api/internal/w0;->a(Landroid/os/Bundle;)V < extends Ljava/lang/Object, implements ['Lcom/google/android/gms/common/api/j$b', 'Lcom/google/android/gms/common/api/j$c', 'Lcom/google/android/gms/common/api/internal/B1']
COMPONENT CONCAT > LOc/s;->create(Ljava/lang/Object;)Ljava/lang/Object; < extends Ljava/lang/Object, implements []
COMPONENT CONCAT > LQ9/m;->d(Landroid/content/Context;)LQ9/i; < extends Ljava/lang/Object, implements []
COMPONENT CONCAT > Lcom/google/android/gms/auth/b;->E(Landroid/content/Context;Ljava/lang/String;Ljava/lang/String;Landroid/os/Bundle;Landroid/content/Intent;)Ljava/lang/String; < extends Ljava/lang/Object, implements []
COMPONENT CONCAT > Lcom/google/android/gms/internal/firebase-auth-api/zzabt;->zza(Lcom/google/android/gms/tasks/TaskCompletionSource;Lcom/google/android/gms/internal/firebase-auth-api/zzaci;)V < extends Ljava/lang/Object, implements ['Lcom/google/android/gms/internal/firebase-auth-api/zzadl']
COMPONENT CONCAT > LL9/a;->f(Landroid/content/Context;)LO9/a; < extends Ljava/lang/Object, implements []
COMPONENT CONCAT > Lcom/google/android/gms/measurement/b;->g(Ljava/lang/String;Ljava/lang/String;Z)Ljava/util/Map; < extends Ljava/lang/Object, implements ['Lcom/google/android/gms/measurement/internal/o4']
COMPONENT CONCAT > LOc/h;->a(LCc/a;)LFc/b; < extends Ljava/lang/Object, implements ['LOc/q']
COMPONENT CONCAT > Lcom/google/android/gms/common/api/GoogleApiActivity;->onCreate(Landroid/os/Bundle;)V < extends Landroid/app/Activity, implements ['Landroid/content/DialogInterface$OnCancelListener']
COMPONENT CONCAT > Lcom/google/android/gms/auth/b;->c(Landroid/content/Context;Ljava/lang/String;)Ljava/lang/String; < extends Ljava/lang/Object, implements []
COMPONENT CONCAT > Li9/b;->b(Landroid/content/Context;Li9/c;)Lm9/c; < extends Ljava/lang/Object, implements []
COMPONENT CONCAT > Ll9/d;->b(Landroid/content/Context;)Ll9/b; < extends Ljava/lang/Object, implements []
COMPONENT CONCAT > Lk9/c;->a(Landroid/app/Activity;)Lk9/a; < extends Ljava/lang/Object, implements []
COMPONENT CONCAT > Ll9/e;->a(Landroid/app/Activity;)Ll9/g; < extends Ljava/lang/Object, implements []
COMPONENT CONCAT > Lcom/google/android/gms/auth/b;->a(Landroid/content/Context;Ljava/lang/String;)V < extends Ljava/lang/Object, implements []
COMPONENT CONCAT > LOc/i;->a(LCc/a;)LFc/b; < extends Ljava/lang/Object, implements ['LOc/q']
COMPONENT CONCAT > Lh9/a;->b(Landroid/content/Context;)Lh9/c; < extends Ljava/lang/Object, implements []
COMPONENT CONCAT > LQ9/m;->b(Landroid/content/Context;)LQ9/e; < extends Ljava/lang/Object, implements []
COMPONENT CONCAT > LL9/a;->d(Landroid/content/Context;)LM9/c; < extends Ljava/lang/Object, implements []
COMPONENT CONCAT > Lcom/google/android/gms/auth/b;->d(Landroid/content/Context;Landroid/accounts/Account;Ljava/lang/String;)Ljava/lang/String; < extends Ljava/lang/Object, implements []
COMPONENT CONCAT > Lcom/google/android/gms/common/api/GoogleApiActivity;->onActivityResult(IILandroid/content/Intent;)V < extends Landroid/app/Activity, implements ['Landroid/content/DialogInterface$OnCancelListener']
COMPONENT CONCAT > Ll9/d;->c(Landroid/app/Activity;)Ll9/c; < extends Ljava/lang/Object, implements []
COMPONENT CONCAT > Lcom/google/android/gms/auth/b;->b(Landroid/content/Context;ILjava/lang/String;)Ljava/util/List; < extends Ljava/lang/Object, implements []
COMPONENT CONCAT > LQ9/m;->c(Landroid/app/Activity;)LQ9/i; < extends Ljava/lang/Object, implements []
COMPONENT CONCAT > LQ9/m;->f(Landroid/content/Context;)LQ9/s; < extends Ljava/lang/Object, implements []
COMPONENT CONCAT > Ll9/d;->d(Landroid/content/Context;)Ll9/c; < extends Ljava/lang/Object, implements []
COMPONENT CONCAT > Lk9/c;->e(Landroid/app/Activity;)Lk9/d; < extends Ljava/lang/Object, implements []
COMPONENT CONCAT > Lcom/google/android/gms/internal/firebase-auth-api/zzabr;->zza(Lcom/google/android/gms/tasks/TaskCompletionSource;Lcom/google/android/gms/internal/firebase-auth-api/zzaci;)V < extends Ljava/lang/Object, implements ['Lcom/google/android/gms/internal/firebase-auth-api/zzadl']
COMPONENT CONCAT > Lcom/google/android/gms/measurement/b;->i(Z)Ljava/util/Map; < extends Ljava/lang/Object, implements ['Lcom/google/android/gms/measurement/internal/o4']
COMPONENT CONCAT > Lcom/google/android/gms/auth/api/signin/RevocationBoundService;->onBind(Landroid/content/Intent;)Landroid/os/IBinder; < extends Landroid/app/Service, implements []
COMPONENT CONCAT > LQ9/m;->e(Landroid/app/Activity;)LQ9/s; < extends Ljava/lang/Object, implements []
COMPONENT CONCAT > Lcom/google/android/gms/auth/b;->D(Landroid/content/Context;Ljava/lang/String;Ljava/lang/String;Landroid/os/Bundle;)Ljava/lang/String; < extends Ljava/lang/Object, implements []
COMPONENT CONCAT > LL9/a;->e(Landroid/app/Activity;)LO9/a; < extends Ljava/lang/Object, implements []
COMPONENT CONCAT > Lcom/google/android/gms/auth/b;->i(Landroid/content/Context;Landroid/accounts/Account;)Landroid/os/Bundle; < extends Ljava/lang/Object, implements []
COMPONENT CONCAT > LQ9/a;->b(Landroid/content/Context;)LQ9/c; < extends Ljava/lang/Object, implements []
COMPONENT CONCAT > LI2/e;->a(LE/a;ZLkotlin/jvm/functions/Function1;)V < extends Ljava/lang/Object, implements []
COMPONENT CONCAT > LG9/h;->g([Ljava/lang/Object;[Ljava/lang/Object;)Ljava/util/Map; < extends Ljava/lang/Object, implements []
COMPONENT CONCAT > Lcom/google/android/gms/internal/auth/zzce;->zza()Ljava/lang/Object; < extends Ljava/lang/Object, implements ['Lcom/google/android/gms/internal/auth/zzck']
COMPONENT CONCAT > Li9/b;->a(Landroid/app/Activity;Li9/c;)Lm9/c; < extends Ljava/lang/Object, implements []
COMPONENT CONCAT > Ly9/b;->a(Landroid/app/Activity;)Ly9/c; < extends Ljava/lang/Object, implements []
COMPONENT CONCAT > Lcom/google/android/gms/auth/api/signin/a;->c(Landroid/app/Activity;Lcom/google/android/gms/auth/api/signin/GoogleSignInOptions;)Ln9/b; < extends Ljava/lang/Object, implements []
COMPONENT CONCAT > Lcom/google/android/gms/auth/b;->j(Landroid/content/Context;)Ljava/lang/Boolean; < extends Ljava/lang/Object, implements []
COMPONENT CONCAT > Lcom/google/android/gms/auth/b;->f(Landroid/content/Context;Ljava/lang/String;Ljava/lang/String;)Ljava/lang/String; < extends Ljava/lang/Object, implements []
COMPONENT CONCAT > Ll9/d;->a(Landroid/app/Activity;)Ll9/b; < extends Ljava/lang/Object, implements []
COMPONENT CONCAT > Lcom/google/android/gms/internal/measurement/zzgj;->zza()Ljava/lang/Object; < extends Ljava/lang/Object, implements ['Lcom/google/android/gms/internal/measurement/zzgp']
COMPONENT CONCAT > LQ9/a;->a(Landroid/app/Activity;)LQ9/c; < extends Ljava/lang/Object, implements []
COMPONENT CONCAT > LG9/h;->e(Ljava/lang/Object;Ljava/lang/Object;Ljava/lang/Object;Ljava/lang/Object;Ljava/lang/Object;Ljava/lang/Object;)Ljava/util/Map; < extends Ljava/lang/Object, implements []
COMPONENT CONCAT > Lcom/google/android/material/theme/MaterialComponentsViewInflater;->e(Landroid/content/Context;Landroid/util/AttributeSet;)Landroidx/appcompat/widget/q; < extends Landroidx/appcompat/app/r, implements []
COMPONENT CONCAT > Lcom/google/android/gms/common/api/i;-><init>(Landroid/content/Context;Lcom/google/android/gms/common/api/a;Lcom/google/android/gms/common/api/a$d;Landroid/os/Looper;Lcom/google/android/gms/common/api/internal/y;)V < extends Ljava/lang/Object, implements ['Lcom/google/android/gms/common/api/k']
COMPONENT CONCAT > LL9/a;->a(Landroid/app/Activity;)LM9/a; < extends Ljava/lang/Object, implements []
COMPONENT CONCAT > LL9/a;->c(Landroid/app/Activity;)LM9/c; < extends Ljava/lang/Object, implements []
COMPONENT CONCAT > Lk9/c;->c(Landroid/app/Activity;)Lk9/b; < extends Ljava/lang/Object, implements []
COMPONENT CONCAT > LE/b;->b([Lkotlin/Pair;)LE/a; < extends Ljava/lang/Object, implements []
COMPONENT CONCAT > Lcom/google/android/gms/auth/b;->e(Landroid/content/Context;Landroid/accounts/Account;Ljava/lang/String;Landroid/os/Bundle;)Ljava/lang/String; < extends Ljava/lang/Object, implements []
COMPONENT CONCAT > Lcom/google/android/gms/internal/firebase-auth-api/zzacd;->zza(Lcom/google/android/gms/tasks/TaskCompletionSource;Lcom/google/android/gms/internal/firebase-auth-api/zzaci;)V < extends Ljava/lang/Object, implements ['Lcom/google/android/gms/internal/firebase-auth-api/zzadl']
COMPONENT CONCAT > Lk9/c;->b(Landroid/content/Context;)Lk9/a; < extends Ljava/lang/Object, implements []
COMPONENT CONCAT > Lcom/google/android/gms/auth/b;->F(Landroid/content/Context;Ljava/lang/String;Ljava/lang/String;Landroid/os/Bundle;Ljava/lang/String;Landroid/os/Bundle;)Ljava/lang/String; < extends Ljava/lang/Object, implements []
COMPONENT CONCAT > Lj9/a;->a(Landroid/app/Activity;)Lj9/b; < extends Ljava/lang/Object, implements []
COMPONENT CONCAT > Lk9/c;->d(Landroid/content/Context;)Lk9/b; < extends Ljava/lang/Object, implements []
COMPONENT CONCAT > LG9/h;->f(Ljava/lang/Object;Ljava/lang/Object;Ljava/lang/Object;Ljava/lang/Object;Ljava/lang/Object;Ljava/lang/Object;Ljava/lang/Object;Ljava/lang/Object;Ljava/lang/Object;Ljava/lang/Object;Ljava/lang/Object;Ljava/lang/Object;)Ljava/util/Map; < extends Ljava/lang/Object, implements []
COMPONENT CONCAT > LBj/h;->D9(LBj/j;)V < extends Ljava/lang/Object, implements ['LCj/a']
COMPONENT CONCAT > LSj/w1;->O3(I)Lorg/apache/poi/ss/usermodel/Z; < extends Ljava/lang/Object, implements ['Lorg/apache/poi/ss/usermodel/f0', 'Lorg/apache/poi/ss/usermodel/z', 'Ljava/io/Closeable']
COMPONENT CONCAT > LBj/e;-><init>(LBj/h;Lorg/openxmlformats/schemas/drawingml/x2006/chart/CTBubbleChart;Ljava/util/Map;Ljava/util/Map;)V < extends Ljava/lang/Object, implements []
COMPONENT CONCAT > LBj/v;->b(LBj/o;LBj/y;)LBj/j$a; < extends Ljava/lang/Object, implements []
COMPONENT CONCAT > LBj/h;->r6(Lorg/apache/poi/xddf/usermodel/chart/ChartTypes;LBj/i;LBj/H;)LBj/j; < extends Ljava/lang/Object, implements ['LCj/a']
COMPONENT CONCAT > LBj/A;->b(LBj/o;LBj/y;)LBj/j$a; < extends Ljava/lang/Object, implements []
COMPONENT CONCAT > LBj/r;->b(LBj/o;LBj/y;)LBj/j$a; < extends Ljava/lang/Object, implements []
COMPONENT CONCAT > LBj/z;->b(LBj/o;LBj/y;)LBj/j$a; < extends Ljava/lang/Object, implements []
COMPONENT CONCAT > LBj/w;->b(LBj/o;LBj/y;)LBj/j$a; < extends Ljava/lang/Object, implements []
COMPONENT CONCAT > LBj/b;->b(LBj/o;LBj/y;)LBj/j$a; < extends Ljava/lang/Object, implements []
COMPONENT CONCAT > LBj/e;->b(LBj/o;LBj/y;)LBj/j$a; < extends Ljava/lang/Object, implements []
COMPONENT CONCAT > LBj/d;->b(LBj/o;LBj/y;)LBj/j$a; < extends Ljava/lang/Object, implements []
COMPONENT CONCAT > LBj/F;->b(LBj/o;LBj/y;)LBj/j$a; < extends Ljava/lang/Object, implements []
COMPONENT CONCAT > LBj/c;->b(LBj/o;LBj/y;)LBj/j$a; < extends Ljava/lang/Object, implements []
COMPONENT CONCAT > LBj/C;->b(LBj/o;LBj/y;)LBj/j$a; < extends Ljava/lang/Object, implements []
COMPONENT CONCAT > LBj/B;->b(LBj/o;LBj/y;)LBj/j$a; < extends Ljava/lang/Object, implements []
COMPONENT CONCAT > LBj/a;->b(LBj/o;LBj/y;)LBj/j$a; < extends Ljava/lang/Object, implements []
COMPONENT CONCAT > LBj/e;-><init>(LBj/h;Lorg/openxmlformats/schemas/drawingml/x2006/chart/CTBubbleChart;LBj/i;LBj/H;)V < extends Ljava/lang/Object, implements []
COMPONENT CONCAT > LBj/E;->b(LBj/o;LBj/y;)LBj/j$a; < extends Ljava/lang/Object, implements []
COMPONENT CONCAT > Lcom/google/gson/internal/bind/DefaultDateTypeAdapter;->i(Lwc/c;Ljava/lang/Object;)V < extends Ljava/lang/Object, implements []
COMPONENT CONCAT > Lcom/google/gson/internal/bind/JsonAdapterAnnotationTypeAdapterFactory;->b(Lcom/google/gson/Gson;Lvc/a;)Lcom/google/gson/TypeAdapter; < extends Ljava/lang/Object, implements ['Lcom/google/gson/s']
COMPONENT CONCAT > Lcom/google/gson/internal/bind/ReflectiveTypeAdapterFactory;->b(Lcom/google/gson/Gson;Lvc/a;)Lcom/google/gson/TypeAdapter; < extends Ljava/lang/Object, implements ['Lcom/google/gson/s']
COMPONENT CONCAT > Lretrofit2/converter/gson/GsonConverterFactory;->create()Lretrofit2/converter/gson/GsonConverterFactory; < extends Ljava/lang/Object, implements []
COMPONENT CONCAT > Lcom/google/gson/internal/bind/TypeAdapters;-><clinit>()V < extends Ljava/lang/Object, implements []
COMPONENT CONCAT > Lcom/google/gson/internal/bind/MapTypeAdapterFactory;->b(Lcom/google/gson/Gson;Lvc/a;)Lcom/google/gson/TypeAdapter; < extends Ljava/lang/Object, implements ['Lcom/google/gson/s']
COMPONENT CONCAT > Lcom/google/gson/internal/Excluder;->b(Lcom/google/gson/Gson;Lvc/a;)Lcom/google/gson/TypeAdapter; < extends Ljava/lang/Object, implements ['Lcom/google/gson/s', 'Ljava/lang/Cloneable']
COMPONENT CONCAT > Lcom/google/gson/internal/sql/SqlDateTypeAdapter;->i(Lwc/c;Ljava/lang/Object;)V < extends Ljava/lang/Object, implements []
COMPONENT CONCAT > Lcom/google/gson/internal/sql/SqlTimeTypeAdapter;->i(Lwc/c;Ljava/lang/Object;)V < extends Ljava/lang/Object, implements []
COMPONENT CONCAT > Lcom/google/gson/internal/bind/CollectionTypeAdapterFactory;->b(Lcom/google/gson/Gson;Lvc/a;)Lcom/google/gson/TypeAdapter; < extends Ljava/lang/Object, implements ['Lcom/google/gson/s']
COMPONENT CONCAT > Lcom/google/gson/internal/bind/NumberTypeAdapter;->i(Lwc/c;Ljava/lang/Object;)V < extends Ljava/lang/Object, implements []
COMPONENT CONCAT > LJi/b;->u([Ljava/lang/String;)V < extends Ljava/lang/Object, implements []
COMPONENT CONCAT > LLh/c;->b(Ljava/io/InputStream;Ljava/lang/String;)LKh/r; < extends Ljava/lang/Object, implements ['LKh/o']
COMPONENT CONCAT > LIi/n;->R(Ljava/io/File;)Ljava/lang/String; < extends Ljava/lang/Object, implements []
COMPONENT CONCAT > LIi/n;->U([Ljava/lang/String;)V < extends Ljava/lang/Object, implements []
COMPONENT CONCAT > LIi/j;->S([Ljava/lang/String;)V < extends Ljava/lang/Object, implements []
COMPONENT CONCAT > LKi/b;-><init>(Ljava/io/InputStream;)V < extends Ljava/lang/Object, implements ['LKh/q']
COMPONENT CONCAT > LHi/d;->a([Ljava/lang/String;)V < extends Ljava/lang/Object, implements []
COMPONENT CONCAT > LLh/c;->f(Ljava/io/File;Ljava/lang/String;)LKh/r; < extends Ljava/lang/Object, implements ['LKh/o']
COMPONENT CONCAT > LIi/l;->Q([Ljava/lang/String;)V < extends Ljava/lang/Object, implements []
COMPONENT CONCAT > LIi/n;->C(LHi/a;Lorg/w3c/dom/Element;Lorg/apache/poi/poifs/filesystem/k;)Z < extends Ljava/lang/Object, implements []
COMPONENT CONCAT > Lqi/d;->B([Ljava/lang/String;)V < extends Ljava/lang/Object, implements []
COMPONENT CONCAT > Lqi/c;->v([Ljava/lang/String;)V < extends Ljava/lang/Object, implements []
COMPONENT CONCAT > Lqi/d;->D(Ljava/io/InputStream;)Lorg/w3c/dom/Document; < extends Ljava/lang/Object, implements []
COMPONENT CONCAT > Lqi/c;->w(Ljava/io/File;)Lorg/w3c/dom/Document; < extends Ljava/lang/Object, implements []
COMPONENT CONCAT > Lorg/junit/runner/e;->l([Ljava/lang/Class;)Lorg/junit/runner/Result; < extends Ljava/lang/Object, implements []
COMPONENT CONCAT > Lorg/junit/runner/e;->j([Ljava/lang/Class;)Lorg/junit/runner/Result; < extends Ljava/lang/Object, implements []
COMPONENT CONCAT > Lorg/junit/runner/e;->f(Lbe/f;)Lorg/junit/runner/Result; < extends Ljava/lang/Object, implements []
COMPONENT CONCAT > Lkl/a;->g(Ljava/lang/Class;)Lorg/junit/runner/Result; < extends Ljava/lang/Object, implements []
COMPONENT CONCAT > Lorg/junit/runner/e;->d([Ljava/lang/String;)V < extends Ljava/lang/Object, implements []
COMPONENT CONCAT > Lll/b;->c(Ljava/lang/Class;)Lll/b; < extends Ljava/lang/Object, implements []
COMPONENT CONCAT > LO/b;-><init>(Landroid/content/Context;)V < extends Landroidx/appcompat/widget/F, implements ['Landroidx/core/view/u0', 'Landroidx/core/widget/w']
COMPONENT CONCAT > LO/b;-><init>(Landroid/content/Context;Landroid/util/AttributeSet;)V < extends Landroidx/appcompat/widget/F, implements ['Landroidx/core/view/u0', 'Landroidx/core/widget/w']
COMPONENT CONCAT > LO/b;-><init>(Landroid/content/Context;Landroid/util/AttributeSet;I)V < extends Landroidx/appcompat/widget/F, implements ['Landroidx/core/view/u0', 'Landroidx/core/widget/w']
COMPONENT CONCAT > Lgd/n;->La(Lid/b;)Lfd/e; < extends Ljava/lang/Object, implements ['Lfd/f', 'Lfd/a']
COMPONENT CONCAT > Lgd/n;->S5(Ljava/lang/String;Ljava/lang/String;Ljava/lang/String;Ljava/lang/String;Ljava/lang/String;)V < extends Ljava/lang/Object, implements ['Lfd/f', 'Lfd/a']
COMPONENT CONCAT > Lgd/n;->h8(Ljava/lang/String;Ljava/lang/String;)Ljava/lang/String; < extends Ljava/lang/Object, implements ['Lfd/f', 'Lfd/a']
COMPONENT CONCAT > Lgd/n;->F4(Ljava/lang/String;Ljava/lang/String;J)V < extends Ljava/lang/Object, implements ['Lfd/f', 'Lfd/a']
COMPONENT CONCAT > Lgd/n;->iterator()Lfd/e; < extends Ljava/lang/Object, implements ['Lfd/f', 'Lfd/a']
COMPONENT CONCAT > Lcom/itextpdf/text/xml/xmp/XmpWriter;->addRdfDescription(Ljava/lang/String;Ljava/lang/String;)V < extends Ljava/lang/Object, implements []
COMPONENT CONCAT > Lgd/n;->n4(Ljava/lang/String;Ljava/lang/String;Ljava/lang/String;Ljava/lang/String;)V < extends Ljava/lang/Object, implements ['Lfd/f', 'Lfd/a']
COMPONENT CONCAT > Lfd/j;->c(Lfd/f;Ljava/lang/String;Ljava/lang/String;Ljava/lang/String;Ljava/lang/String;Z)Ljava/lang/String; < extends Ljava/lang/Object, implements []
COMPONENT CONCAT > Lgd/n;->f8(Lid/d;)V < extends Ljava/lang/Object, implements ['Lfd/f', 'Lfd/a']
COMPONENT CONCAT > Lfd/g;->e(Ljava/io/InputStream;)Lfd/f; < extends Ljava/lang/Object, implements []
COMPONENT CONCAT > Lcom/itextpdf/text/pdf/security/MakeXmlSignature;->signXmlDSig(Lcom/itextpdf/text/pdf/XmlSignatureAppearance;Lcom/itextpdf/text/pdf/security/ExternalSignature;[Ljava/security/cert/Certificate;)V < extends Ljava/lang/Object, implements []
COMPONENT CONCAT > Lgd/n;->p2(Ljava/lang/String;Ljava/lang/String;Ljava/lang/String;Ljava/lang/String;)V < extends Ljava/lang/Object, implements ['Lfd/f', 'Lfd/a']
COMPONENT CONCAT > Lgd/n;->U6(Ljava/lang/String;Ljava/lang/String;[BLid/e;)V < extends Ljava/lang/Object, implements ['Lfd/f', 'Lfd/a']
COMPONENT CONCAT > Lcom/itextpdf/text/pdf/PdfCopyForms;->close()V < extends Ljava/lang/Object, implements ['Lcom/itextpdf/text/pdf/interfaces/PdfViewerPreferences', 'Lcom/itextpdf/text/pdf/interfaces/PdfEncryptionSettings']
COMPONENT CONCAT > Lgd/n;->J8(Ljava/lang/String;Ljava/lang/String;)Lfd/b; < extends Ljava/lang/Object, implements ['Lfd/f', 'Lfd/a']
COMPONENT CONCAT > Lcom/itextpdf/text/pdf/PdfCopyFields;->close()V < extends Ljava/lang/Object, implements ['Lcom/itextpdf/text/pdf/interfaces/PdfViewerPreferences', 'Lcom/itextpdf/text/pdf/interfaces/PdfEncryptionSettings']
COMPONENT CONCAT > Lgd/n;->y5(Ljava/lang/String;Ljava/lang/String;I)Ljd/b; < extends Ljava/lang/Object, implements ['Lfd/f', 'Lfd/a']
COMPONENT CONCAT > Lgd/n;->o4(Ljava/lang/String;Ljava/lang/String;Ljava/lang/String;Ljava/lang/String;)Z < extends Ljava/lang/Object, implements ['Lfd/f', 'Lfd/a']
COMPONENT CONCAT > Lgd/n;->fa(Ljava/lang/String;Ljava/lang/String;)Ljava/lang/Boolean; < extends Ljava/lang/Object, implements ['Lfd/f', 'Lfd/a']
COMPONENT CONCAT > Lfd/g;->l(Lfd/f;Ljava/io/OutputStream;)V < extends Ljava/lang/Object, implements []
COMPONENT CONCAT > Led/a;->d(Ljava/lang/String;Ljava/lang/String;Ljava/lang/String;Ljava/lang/String;)Ljava/lang/String; < extends Ljava/lang/Object, implements []
COMPONENT CONCAT > Lgd/n;->q1(Ljava/lang/String;Ljava/lang/String;Lfd/b;)V < extends Ljava/lang/Object, implements ['Lfd/f', 'Lfd/a']
COMPONENT CONCAT > Lgd/n;->ya(Ljava/lang/String;Ljava/lang/String;I)Z < extends Ljava/lang/Object, implements ['Lfd/f', 'Lfd/a']
COMPONENT CONCAT > Lgd/n;->I1(Ljava/lang/String;Ljava/lang/String;)Ljava/lang/Long; < extends Ljava/lang/Object, implements ['Lfd/f', 'Lfd/a']
COMPONENT CONCAT > Lcom/itextpdf/text/xml/xmp/DublinCoreProperties;->setPublisher(Lfd/f;[Ljava/lang/String;)V < extends Ljava/lang/Object, implements []
COMPONENT CONCAT > Lgd/n;->va(Ljava/lang/String;Ljava/lang/String;)Ljava/lang/Integer; < extends Ljava/lang/Object, implements ['Lfd/f', 'Lfd/a']
COMPONENT CONCAT > Lgd/n;->D9(Ljava/lang/String;Ljava/lang/String;)Ljava/lang/Double; < extends Ljava/lang/Object, implements ['Lfd/f', 'Lfd/a']
COMPONENT CONCAT > Lgd/n;->l7(Ljava/lang/String;Ljava/lang/String;Ljava/lang/String;Ljava/lang/String;Ljava/lang/String;)V < extends Ljava/lang/Object, implements ['Lfd/f', 'Lfd/a']
COMPONENT CONCAT > Lgd/n;->J5(Ljava/lang/String;Ljava/lang/String;Ljava/lang/String;Ljava/lang/String;Ljava/lang/String;)V < extends Ljava/lang/Object, implements ['Lfd/f', 'Lfd/a']
COMPONENT CONCAT > Led/a;->l(Ljava/lang/String;Ljava/lang/String;Ljava/lang/String;Ljava/lang/String;)Ljava/lang/String; < extends Ljava/lang/Object, implements []
COMPONENT CONCAT > Lgd/n;->q2(Ljava/lang/String;Ljava/lang/String;[B)V < extends Ljava/lang/Object, implements ['Lfd/f', 'Lfd/a']
COMPONENT CONCAT > Lgd/n;->X2(Ljava/lang/String;Ljava/lang/String;Ljava/lang/String;Ljava/lang/String;)Ljd/b; < extends Ljava/lang/Object, implements ['Lfd/f', 'Lfd/a']
COMPONENT CONCAT > Lgd/n;->ta(Ljava/lang/String;Ljava/lang/String;)Ljava/util/Calendar; < extends Ljava/lang/Object, implements ['Lfd/f', 'Lfd/a']
COMPONENT CONCAT > Led/a;->N([B[B)Ljava/lang/String; < extends Ljava/lang/Object, implements []
COMPONENT CONCAT > Lgd/n;->z3(Ljava/lang/String;Ljava/lang/String;Ljava/lang/String;Ljava/lang/String;)Ljd/b; < extends Ljava/lang/Object, implements ['Lfd/f', 'Lfd/a']
COMPONENT CONCAT > Lcom/itextpdf/text/pdf/PdfEncryptor;->encrypt(Lcom/itextpdf/text/pdf/PdfReader;Ljava/io/OutputStream;[B[BIZLjava/util/HashMap;)V < extends Ljava/lang/Object, implements []
COMPONENT CONCAT > Lcom/itextpdf/text/pdf/PdfEncryptor;->encrypt(Lcom/itextpdf/text/pdf/PdfReader;Ljava/io/OutputStream;ILjava/lang/String;Ljava/lang/String;ILjava/util/HashMap;)V < extends Ljava/lang/Object, implements []
COMPONENT CONCAT > Lgd/n;->X9(Ljava/lang/String;Ljava/lang/String;Ljava/util/Calendar;Lid/e;)V < extends Ljava/lang/Object, implements ['Lfd/f', 'Lfd/a']
COMPONENT CONCAT > Led/a;->L(Ljava/lang/String;Ljava/lang/String;)Ljava/lang/String; < extends Ljava/lang/Object, implements []
COMPONENT CONCAT > Lgd/n;->Ia(Ljava/lang/String;Ljava/lang/String;I)V < extends Ljava/lang/Object, implements ['Lfd/f', 'Lfd/a']
COMPONENT CONCAT > Lgd/n;->m8(Ljava/lang/String;Ljava/lang/String;ILid/e;)V < extends Ljava/lang/Object, implements ['Lfd/f', 'Lfd/a']
COMPONENT CONCAT > Lgd/n;->Z1(Ljava/lang/String;Ljava/lang/String;Ljava/lang/String;)V < extends Ljava/lang/Object, implements ['Lfd/f', 'Lfd/a']
COMPONENT CONCAT > Lgd/n;->h6(Ljava/lang/String;Ljava/lang/String;ILjava/lang/String;)V < extends Ljava/lang/Object, implements ['Lfd/f', 'Lfd/a']
COMPONENT CONCAT > Lgd/n;->g3(Ljava/lang/String;Ljava/lang/String;JLid/e;)V < extends Ljava/lang/Object, implements ['Lfd/f', 'Lfd/a']
COMPONENT CONCAT > Lcom/itextpdf/text/pdf/security/MakeXmlSignature;->signXadesEpes(Lcom/itextpdf/text/pdf/XmlSignatureAppearance;Lcom/itextpdf/text/pdf/security/ExternalSignature;[Ljava/security/cert/Certificate;)V < extends Ljava/lang/Object, implements []
COMPONENT CONCAT > Lcom/itextpdf/text/pdf/PdfConcatenate;-><init>(Ljava/io/OutputStream;)V < extends Ljava/lang/Object, implements []
COMPONENT CONCAT > Lcom/itextpdf/text/pdf/security/MakeXmlSignature;->signXmlDSig(Lcom/itextpdf/text/pdf/XmlSignatureAppearance;Lcom/itextpdf/text/pdf/security/ExternalSignature;Ljava/security/PublicKey;)V < extends Ljava/lang/Object, implements []
COMPONENT CONCAT > Lgd/n;->M4(Ljava/lang/String;Ljava/lang/String;)I < extends Ljava/lang/Object, implements ['Lfd/f', 'Lfd/a']
COMPONENT CONCAT > Lcom/itextpdf/text/pdf/PdfEncryptor;->encrypt(Lcom/itextpdf/text/pdf/PdfReader;Ljava/io/OutputStream;ILjava/lang/String;Ljava/lang/String;I)V < extends Ljava/lang/Object, implements []
COMPONENT CONCAT > Lcom/itextpdf/text/xml/xmp/DublinCoreProperties;->setSubject(Lfd/f;[Ljava/lang/String;)V < extends Ljava/lang/Object, implements []
COMPONENT CONCAT > Lgd/n;->la(Ljava/lang/String;Ljava/lang/String;Ljava/lang/String;Ljava/lang/String;)Ljd/b; < extends Ljava/lang/Object, implements ['Lfd/f', 'Lfd/a']
COMPONENT CONCAT > Lgd/n;->Za(Ljava/lang/String;Ljava/lang/String;D)V < extends Ljava/lang/Object, implements ['Lfd/f', 'Lfd/a']
COMPONENT CONCAT > Lgd/n;->Gb(Ljava/lang/String;Ljava/lang/String;Ljava/lang/String;Ljava/lang/String;)Z < extends Ljava/lang/Object, implements ['Lfd/f', 'Lfd/a']
COMPONENT CONCAT > Lgd/n;->Zb(Ljava/lang/String;Ljava/lang/String;ILjava/lang/String;)V < extends Ljava/lang/Object, implements ['Lfd/f', 'Lfd/a']
COMPONENT CONCAT > Lfd/g;->o(Lfd/f;Lid/f;)Ljava/lang/String; < extends Ljava/lang/Object, implements []
COMPONENT CONCAT > Lcom/itextpdf/text/pdf/PdfEncryptor;->encrypt(Lcom/itextpdf/text/pdf/PdfReader;Ljava/io/OutputStream;ZLjava/lang/String;Ljava/lang/String;ILjava/util/HashMap;)V < extends Ljava/lang/Object, implements []
COMPONENT CONCAT > Lcom/itextpdf/text/pdf/security/MakeSignature;->signDetached(Lcom/itextpdf/text/pdf/PdfSignatureAppearance;Lcom/itextpdf/text/pdf/security/ExternalDigest;Lcom/itextpdf/text/pdf/security/ExternalSignature;[Ljava/security/cert/Certificate;Ljava/util/Collection;Lcom/itextpdf/text/pdf/security/OcspClient;Lcom/itextpdf/text/pdf/security/TSAClient;ILcom/itextpdf/text/pdf/security/MakeSignature$CryptoStandard;)V < extends Ljava/lang/Object, implements []
COMPONENT CONCAT > Lgd/n;->m2(Ljava/lang/String;Ljava/lang/String;Ljava/util/Calendar;)V < extends Ljava/lang/Object, implements ['Lfd/f', 'Lfd/a']
COMPONENT CONCAT > Lcom/itextpdf/text/xml/xmp/XmpWriter;->addRdfDescription(Lcom/itextpdf/text/xml/xmp/XmpSchema;)V < extends Ljava/lang/Object, implements []
COMPONENT CONCAT > Lgd/n;->N1(Ljava/lang/String;Ljava/lang/String;Ljava/lang/Object;)V < extends Ljava/lang/Object, implements ['Lfd/f', 'Lfd/a']
COMPONENT CONCAT > Lgd/n;->G6(Ljava/lang/String;Ljava/lang/String;DLid/e;)V < extends Ljava/lang/Object, implements ['Lfd/f', 'Lfd/a']
COMPONENT CONCAT > Lcom/itextpdf/text/pdf/PdfEncryptor;->encrypt(Lcom/itextpdf/text/pdf/PdfReader;Ljava/io/OutputStream;ZLjava/lang/String;Ljava/lang/String;I)V < extends Ljava/lang/Object, implements []
COMPONENT CONCAT > Lgd/n;->fb(Ljava/lang/String;Ljava/lang/String;Lfd/b;Lid/e;)V < extends Ljava/lang/Object, implements ['Lfd/f', 'Lfd/a']
COMPONENT CONCAT > Lcom/itextpdf/text/xml/xmp/DublinCoreProperties;->setAuthor(Lfd/f;[Ljava/lang/String;)V < extends Ljava/lang/Object, implements []
COMPONENT CONCAT > Lfd/j;->q(Lfd/f;Ljava/lang/String;Ljava/lang/String;Ljava/lang/String;Lid/e;Z)V < extends Ljava/lang/Object, implements []
COMPONENT CONCAT > Lgd/n;->Va(Ljava/lang/String;Ljava/lang/String;Z)V < extends Ljava/lang/Object, implements ['Lfd/f', 'Lfd/a']
COMPONENT CONCAT > Lgd/n;->G4(Ljava/lang/String;Ljava/lang/String;I)V < extends Ljava/lang/Object, implements ['Lfd/f', 'Lfd/a']
COMPONENT CONCAT > Lcom/itextpdf/text/pdf/security/MakeSignature;->signExternalContainer(Lcom/itextpdf/text/pdf/PdfSignatureAppearance;Lcom/itextpdf/text/pdf/security/ExternalSignatureContainer;I)V < extends Ljava/lang/Object, implements []
COMPONENT CONCAT > Lgd/n;->E2(Ljava/lang/String;Ljava/lang/String;ZLid/e;)V < extends Ljava/lang/Object, implements ['Lfd/f', 'Lfd/a']
COMPONENT CONCAT > Lcom/itextpdf/text/pdf/PdfEncryptor;->encrypt(Lcom/itextpdf/text/pdf/PdfReader;Ljava/io/OutputStream;[B[BIZ)V < extends Ljava/lang/Object, implements []
COMPONENT CONCAT > Lcom/itextpdf/text/pdf/security/MakeSignature;->signDetached(Lcom/itextpdf/text/pdf/PdfSignatureAppearance;Lcom/itextpdf/text/pdf/security/ExternalDigest;Lcom/itextpdf/text/pdf/security/ExternalSignature;[Ljava/security/cert/Certificate;Ljava/util/Collection;Lcom/itextpdf/text/pdf/security/OcspClient;Lcom/itextpdf/text/pdf/security/TSAClient;ILcom/itextpdf/text/pdf/security/MakeSignature$CryptoStandard;Lcom/itextpdf/text/pdf/security/SignaturePolicyInfo;)V < extends Ljava/lang/Object, implements []
COMPONENT CONCAT > Lgd/n;->Yb(Ljava/lang/String;Ljava/lang/String;)[B < extends Ljava/lang/Object, implements ['Lfd/f', 'Lfd/a']
COMPONENT CONCAT > Lcom/itextpdf/text/xml/xmp/XmpBasicProperties;->setIdentifiers(Lfd/f;[Ljava/lang/String;)V < extends Ljava/lang/Object, implements []
COMPONENT CONCAT > Lcom/itextpdf/text/pdf/security/LtvTimestamp;->timestamp(Lcom/itextpdf/text/pdf/PdfSignatureAppearance;Lcom/itextpdf/text/pdf/security/TSAClient;Ljava/lang/String;)V < extends Ljava/lang/Object, implements []
COMPONENT CONCAT > Lcom/itextpdf/text/pdf/security/MakeXmlSignature;->signXadesBes(Lcom/itextpdf/text/pdf/XmlSignatureAppearance;Lcom/itextpdf/text/pdf/security/ExternalSignature;[Ljava/security/cert/Certificate;)V < extends Ljava/lang/Object, implements []
COMPONENT CONCAT > Lgd/n;->clone()Ljava/lang/Object; < extends Ljava/lang/Object, implements ['Lfd/f', 'Lfd/a']
COMPONENT CONCAT > LPj/g;->G(Ljava/awt/Color;)V < extends Ljava/lang/Object, implements ['Lpj/c', 'Lpj/x', 'Lpj/u']
COMPONENT CONCAT > Lorg/apache/poi/hssf/usermodel/f0;->Nb(IZ)V < extends Ljava/lang/Object, implements ['Lorg/apache/poi/ss/usermodel/Z']
