COMPONENT CONCAT > Lcom/lutech/ads/rewardinterstitial/RewardInterstitialAdsManager;->showAds(Landroid/app/Activity;Lcom/lutech/ads/reward/RewardAdsListener;Lcom/google/android/gms/ads/OnUserEarnedRewardListener;)V < extends Ljava/lang/Object, implements []
COMPONENT CONCAT > Lcom/lutech/lockscreencustomizer/screen/intro/IntroActivity;->onCreate(Landroid/os/Bundle;)V < extends Landroidx/appcompat/app/AppCompatActivity, implements ['Landroidx/appcompat/app/AppCompatCallback', 'Landroidx/core/app/TaskStackBuilder$SupportParentable', 'Landroidx/appcompat/app/ActionBarDrawerToggle$DelegateProvider']
MISSING ID > Lcom/lutech/lockscreencustomizer/screen/success/base/BaseSuccessActivity$$ExternalSyntheticLambda2;->onClick(Landroid/view/View;)V <
MISSING ID > Lcom/lutech/lockscreencustomizer/screen/success/base/BaseSuccessActivity;->$r8$lambda$qkY8TzgS45yglh6Jj04bH9G9PLk(Lcom/lutech/lockscreencustomizer/screen/success/base/BaseSuccessActivity;Landroid/view/View;)V <
MISSING ID > Lcom/lutech/lockscreencustomizer/screen/success/base/BaseSuccessActivity;->handleEvent$lambda$2(Lcom/lutech/lockscreencustomizer/screen/success/base/BaseSuccessActivity;Landroid/view/View;)V <
MISSING ID > Lcom/lutech/lockscreencustomizer/screen/main/MainActivity$$ExternalSyntheticLambda1;->onClick(Landroid/view/View;)V <
MISSING ID > Lcom/lutech/lockscreencustomizer/screen/main/MainActivity;->$r8$lambda$P-xQTCs55rJ3WMslhyFUJDYrlfc(Lcom/lutech/lockscreencustomizer/screen/main/MainActivity;Landroid/view/View;)V <
MISSING ID > Lcom/lutech/lockscreencustomizer/screen/main/MainActivity;->handleEvent$lambda$19(Lcom/lutech/lockscreencustomizer/screen/main/MainActivity;Landroid/view/View;)V <
COMPONENT CONCAT > Lcom/lutech/lockscreencustomizer/dialog/PasswordDialog;->onViewCreated(Landroid/view/View;Landroid/os/Bundle;)V < extends Landroidx/fragment/app/DialogFragment, implements ['Landroid/content/DialogInterface$OnCancelListener', 'Landroid/content/DialogInterface$OnDismissListener']
MISSING ID > Lcom/lutech/lockscreencustomizer/screen/main/MainActivity$$ExternalSyntheticLambda12;->onClick(Landroid/view/View;)V <
MISSING ID > Lcom/lutech/lockscreencustomizer/screen/main/MainActivity;->$r8$lambda$rnLg3V3qKijCU0d8oeFkxyIycaY(Lcom/lutech/lockscreencustomizer/screen/main/MainActivity;Landroid/view/View;)V <
MISSING ID > Lcom/lutech/lockscreencustomizer/screen/main/MainActivity;->handleEvent$lambda$15(Lcom/lutech/lockscreencustomizer/screen/main/MainActivity;Landroid/view/View;)V <
MISSING ID > Lcom/lutech/lockscreencustomizer/screen/main/MainActivity$$ExternalSyntheticLambda11;->onClick(Landroid/view/View;)V <
MISSING ID > Lcom/lutech/lockscreencustomizer/screen/main/MainActivity;->$r8$lambda$kva2Zb50dYdwJ5z3mlMNp2bPmPI(Lcom/lutech/lockscreencustomizer/screen/main/MainActivity;Landroid/view/View;)V <
MISSING ID > Lcom/lutech/lockscreencustomizer/screen/main/MainActivity;->handleEvent$lambda$14(Lcom/lutech/lockscreencustomizer/screen/main/MainActivity;Landroid/view/View;)V <
MISSING ID > Lcom/lutech/lockscreencustomizer/screen/main/MainActivity$$ExternalSyntheticLambda7;->onClick(Landroid/view/View;)V <
MISSING ID > Lcom/lutech/lockscreencustomizer/screen/main/MainActivity;->$r8$lambda$sqTLEUVpo4fG1EQ2aiMVTknaj04(Lcom/lutech/lockscreencustomizer/screen/main/MainActivity;Landroid/view/View;)V <
MISSING ID > Lcom/lutech/lockscreencustomizer/screen/main/MainActivity;->handleEvent$lambda$10(Lcom/lutech/lockscreencustomizer/screen/main/MainActivity;Landroid/view/View;)V <
MISSING ID > Lcom/lutech/lockscreencustomizer/screen/setting/SettingActivity$$ExternalSyntheticLambda7;->onClick(Landroid/view/View;)V <
MISSING ID > Lcom/lutech/lockscreencustomizer/screen/setting/SettingActivity;->$r8$lambda$uC1fgOrSrDZTNeno-Vwr_pEOluM(Lcom/lutech/lockscreencustomizer/screen/setting/SettingActivity;Landroid/view/View;)V <
MISSING ID > Lcom/lutech/lockscreencustomizer/screen/setting/SettingActivity;->handleEvent$lambda$3(Lcom/lutech/lockscreencustomizer/screen/setting/SettingActivity;Landroid/view/View;)V <
MISSING ID > Lcom/lutech/lockscreencustomizer/screen/languague/LanguageActivity$$ExternalSyntheticLambda0;->onClick(Landroid/view/View;)V <
MISSING ID > Lcom/lutech/lockscreencustomizer/screen/lockstyle/RowActivity$$ExternalSyntheticLambda1;->onClick(Landroid/view/View;)V <
MISSING ID > Lcom/lutech/lockscreencustomizer/screen/lockstyle/RowActivity;->$r8$lambda$7GcuOYeeNW9GDocKNHIxO_q4KBw(Lcom/lutech/lockscreencustomizer/screen/lockstyle/RowActivity;Landroid/view/View;)V <
MISSING ID > Lcom/lutech/lockscreencustomizer/screen/lockstyle/RowActivity;->handleEvent$lambda$1(Lcom/lutech/lockscreencustomizer/screen/lockstyle/RowActivity;Landroid/view/View;)V <
MISSING ID > Lcom/lutech/lockscreencustomizer/screen/lockstyle/ZipperActivity$$ExternalSyntheticLambda1;->onClick(Landroid/view/View;)V <
MISSING ID > Lcom/lutech/lockscreencustomizer/screen/lockstyle/ZipperActivity;->$r8$lambda$SZRG_POjawvJhqQUpio7_-XtsTU(Lcom/lutech/lockscreencustomizer/screen/lockstyle/ZipperActivity;Landroid/view/View;)V <
MISSING ID > Lcom/lutech/lockscreencustomizer/screen/lockstyle/ZipperActivity;->handleEvent$lambda$1(Lcom/lutech/lockscreencustomizer/screen/lockstyle/ZipperActivity;Landroid/view/View;)V <
MISSING ID > Lcom/lutech/lockscreencustomizer/screen/lockstyle/WallpaperActivity$$ExternalSyntheticLambda1;->onClick(Landroid/view/View;)V <
MISSING ID > Lcom/lutech/lockscreencustomizer/screen/lockstyle/WallpaperActivity;->$r8$lambda$iNTpsn2T-I8iEkYjiEUS6CzGteE(Lcom/lutech/lockscreencustomizer/screen/lockstyle/WallpaperActivity;Landroid/view/View;)V <
MISSING ID > Lcom/lutech/lockscreencustomizer/screen/lockstyle/WallpaperActivity;->handleEvent$lambda$2(Lcom/lutech/lockscreencustomizer/screen/lockstyle/WallpaperActivity;Landroid/view/View;)V <
MISSING ID > Lcom/lutech/lockscreencustomizer/screen/lockstyle/fragment/WallpaperFragment;->onViewCreated(Landroid/view/View;Landroid/os/Bundle;)V <
MISSING ID > Lcom/lutech/lockscreencustomizer/screen/languague/LanguageActivity;->$r8$lambda$6WyIqkB41KbSyR6zBo63Qeoi-Zc(Lcom/lutech/lockscreencustomizer/screen/languague/LanguageActivity;Landroid/view/View;)V <
MISSING ID > Lcom/lutech/lockscreencustomizer/screen/languague/LanguageActivity;->handleEvents$lambda$2(Lcom/lutech/lockscreencustomizer/screen/languague/LanguageActivity;Landroid/view/View;)V <
COMPONENT CONCAT > Lcom/lutech/lockscreencustomizer/custom/shadow/ComplexView;-><init>(Landroid/content/Context;Landroid/util/AttributeSet;)V < extends Landroid/widget/RelativeLayout, implements ['Landroid/view/View$OnClickListener', 'Landroid/view/animation/Animation$AnimationListener']
COMPONENT CONCAT > Lcom/lutech/lockscreencustomizer/screen/main/MainActivity;->canDrawOverlays()V < extends Landroidx/appcompat/app/AppCompatActivity, implements ['Lcom/lutech/ads/reward/RewardAdsListener', 'Lcom/google/android/gms/ads/OnUserEarnedRewardListener', 'Lcom/lutech/ads/receiver/NetworkChangeReceiver$NetworkStateListener', 'Lcom/lutech/ads/interstitial/AdsListener', 'Landroidx/appcompat/app/AppCompatCallback', 'Landroidx/core/app/TaskStackBuilder$SupportParentable', 'Landroidx/appcompat/app/ActionBarDrawerToggle$DelegateProvider']
COMPONENT CONCAT > Lcom/lutech/lockscreencustomizer/service/LockScreenService$autoScroll$1;->invokeSuspend(Ljava/lang/Object;)Ljava/lang/Object; < extends Ljava/lang/Object, implements ['Lkotlin/jvm/functions/Function2', 'Lkotlin/jvm/internal/FunctionBase', 'Lkotlin/coroutines/jvm/internal/SuspendFunction', 'Lkotlin/coroutines/Continuation', 'Lkotlin/coroutines/jvm/internal/CoroutineStackFrame', 'Ljava/io/Serializable']
COMPONENT CONCAT > Lcom/lutech/lockscreencustomizer/screen/success/base/BaseSuccessActivity;->showDialogEnableRequire$lambda$5$lambda$4(Lcom/lutech/lockscreencustomizer/screen/success/base/BaseSuccessActivity;Landroid/app/Dialog;Landroid/view/View;)V < extends Landroidx/appcompat/app/AppCompatActivity, implements ['Landroidx/appcompat/app/AppCompatCallback', 'Landroidx/core/app/TaskStackBuilder$SupportParentable', 'Landroidx/appcompat/app/ActionBarDrawerToggle$DelegateProvider']
COMPONENT CONCAT > Lcom/lutech/lockscreencustomizer/screen/success/base/BaseSuccessActivity;->$r8$lambda$Ktr88DSRRkOhyGmbv6aQB669dFg(Lcom/lutech/lockscreencustomizer/screen/success/base/BaseSuccessActivity;Landroid/app/Dialog;Landroid/view/View;)V < extends Landroidx/appcompat/app/AppCompatActivity, implements ['Landroidx/appcompat/app/AppCompatCallback', 'Landroidx/core/app/TaskStackBuilder$SupportParentable', 'Landroidx/appcompat/app/ActionBarDrawerToggle$DelegateProvider']
COMPONENT CONCAT > Lcom/lutech/lockscreencustomizer/screen/lockstyle/RowActivity;->handleEvent$lambda$2(Lcom/lutech/lockscreencustomizer/screen/lockstyle/RowActivity;Landroid/view/View;)V < extends Landroidx/appcompat/app/AppCompatActivity, implements ['Lcom/lutech/ads/reward/RewardAdsListener', 'Lcom/google/android/gms/ads/OnUserEarnedRewardListener', 'Lcom/lutech/ads/receiver/NetworkChangeReceiver$NetworkStateListener', 'Lcom/lutech/ads/interstitial/AdsListener', 'Landroidx/appcompat/app/AppCompatCallback', 'Landroidx/core/app/TaskStackBuilder$SupportParentable', 'Landroidx/appcompat/app/ActionBarDrawerToggle$DelegateProvider']
COMPONENT CONCAT > Lcom/lutech/lockscreencustomizer/screen/lockstyle/WallpaperActivity;->handleEvent$lambda$3(Lcom/lutech/lockscreencustomizer/screen/lockstyle/WallpaperActivity;Landroid/view/View;)V < extends Landroidx/appcompat/app/AppCompatActivity, implements ['Lcom/lutech/ads/reward/RewardAdsListener', 'Lcom/google/android/gms/ads/OnUserEarnedRewardListener', 'Lcom/lutech/ads/receiver/NetworkChangeReceiver$NetworkStateListener', 'Lcom/lutech/ads/interstitial/AdsListener', 'Landroidx/appcompat/app/AppCompatCallback', 'Landroidx/core/app/TaskStackBuilder$SupportParentable', 'Landroidx/appcompat/app/ActionBarDrawerToggle$DelegateProvider']
COMPONENT CONCAT > Lcom/lutech/lockscreencustomizer/screen/lockstyle/ZipperActivity;->handleEvent$lambda$2(Lcom/lutech/lockscreencustomizer/screen/lockstyle/ZipperActivity;Landroid/view/View;)V < extends Landroidx/appcompat/app/AppCompatActivity, implements ['Lcom/lutech/ads/reward/RewardAdsListener', 'Lcom/google/android/gms/ads/OnUserEarnedRewardListener', 'Lcom/lutech/ads/receiver/NetworkChangeReceiver$NetworkStateListener', 'Lcom/lutech/ads/interstitial/AdsListener', 'Landroidx/appcompat/app/AppCompatCallback', 'Landroidx/core/app/TaskStackBuilder$SupportParentable', 'Landroidx/appcompat/app/ActionBarDrawerToggle$DelegateProvider']
COMPONENT CONCAT > Lcom/lutech/lockscreencustomizer/screen/main/MainActivity;->handleEvent$lambda$10(Lcom/lutech/lockscreencustomizer/screen/main/MainActivity;Landroid/view/View;)V < extends Landroidx/appcompat/app/AppCompatActivity, implements ['Lcom/lutech/ads/reward/RewardAdsListener', 'Lcom/google/android/gms/ads/OnUserEarnedRewardListener', 'Lcom/lutech/ads/receiver/NetworkChangeReceiver$NetworkStateListener', 'Lcom/lutech/ads/interstitial/AdsListener', 'Landroidx/appcompat/app/AppCompatCallback', 'Landroidx/core/app/TaskStackBuilder$SupportParentable', 'Landroidx/appcompat/app/ActionBarDrawerToggle$DelegateProvider']
MISSING ID > Lcom/lutech/lockscreencustomizer/service/LockScreenService;->handleEvent(Landroid/view/View;Landroid/content/Context;)V <
MISSING ID > Lcom/lutech/lockscreencustomizer/screen/success/base/BaseSuccessActivity;->$r8$lambda$Ktr88DSRRkOhyGmbv6aQB669dFg(Lcom/lutech/lockscreencustomizer/screen/success/base/BaseSuccessActivity;Landroid/app/Dialog;Landroid/view/View;)V <
MISSING ID > Lcom/lutech/lockscreencustomizer/service/LockScreenService$$ExternalSyntheticLambda0;->onTouch(Landroid/view/View;Landroid/view/MotionEvent;)Z <
MISSING ID > Lcom/lutech/lockscreencustomizer/service/LockScreenService;->$r8$lambda$-pmjZeTA-q7ji6tizGTaKtTDgsU(Lcom/lutech/lockscreencustomizer/service/LockScreenService;ILandroid/content/Context;Landroid/view/View;Landroid/view/MotionEvent;)Z <
MISSING ID > Lcom/lutech/lockscreencustomizer/service/LockScreenService;->handleEvent$lambda$0(Lcom/lutech/lockscreencustomizer/service/LockScreenService;ILandroid/content/Context;Landroid/view/View;Landroid/view/MotionEvent;)Z <
MISSING ID > Lcom/lutech/lockscreencustomizer/screen/melodies/adapter/MelodyAdapter$MelodyViewHolder$$ExternalSyntheticLambda0;->onClick(Landroid/view/View;)V <
MISSING ID > Lcom/lutech/lockscreencustomizer/screen/melodies/adapter/MelodyAdapter$MelodyViewHolder;->$r8$lambda$HH3Hbw92mu3CHTi0Jvy2TH8sHtE(Lcom/lutech/lockscreencustomizer/screen/melodies/adapter/MelodyAdapter;ILcom/lutech/lockscreencustomizer/model/Melody;Landroid/view/View;)V <
MISSING ID > Lcom/lutech/lockscreencustomizer/base/BasePermission;->$r8$lambda$CyqTHpDCzOyhsLhw12CzyYA6hV8(Landroid/app/Dialog;Lcom/lutech/lockscreencustomizer/base/BasePermission;Landroid/view/View;)V <
MISSING ID > Lcom/lutech/lockscreencustomizer/screen/main/MainActivity$$ExternalSyntheticLambda10;->onClick(Landroid/view/View;)V <
MISSING ID > Lcom/lutech/lockscreencustomizer/screen/main/MainActivity;->$r8$lambda$wzrh_H2pJHbGt4U9HnCmCwIsZgQ(Lcom/lutech/lockscreencustomizer/screen/main/MainActivity;Landroid/view/View;)V <
