COMPONENT CONCAT > Lb/c23;->invoke(Ljava/lang/Object;Ljava/lang/Object;)Ljava/lang/Object; < extends Ljava/lang/Object, implements ['Lb/yqw']
COMPONENT CONCAT > Lb/vic;->invoke()Ljava/lang/Object; < extends Ljava/lang/Object, implements ['Lb/rae', 'Lb/ybe', 'Ljava/io/Serializable']
COMPONENT CONCAT > Lcom/bumble/app/settings2/q;->invoke(Ljava/lang/Object;Ljava/lang/Object;Ljava/lang/Object;)Ljava/lang/Object; < extends Ljava/lang/Object, implements ['Lb/jbe']
COMPONENT CONCAT > Lb/rx00;->invoke(Ljava/lang/Object;Ljava/lang/Object;)Ljava/lang/Object; < extends Ljava/lang/Object, implements ['Lb/hbe', 'Lb/ybe', 'Ljava/io/Serializable']
COMPONENT CONCAT > Lb/ky00;->P(Ljava/lang/Object;Ljava/lang/Object;Ljava/lang/Object;Ljava/lang/Object;)Ljava/lang/Object; < extends Ljava/lang/Object, implements ['Lb/lbe', 'Lb/ybe', 'Ljava/io/Serializable']
COMPONENT CONCAT > Lb/s08;->invoke(Ljava/lang/Object;Ljava/lang/Object;)Ljava/lang/Object; < extends Ljava/lang/Object, implements ['Lb/hbe', 'Lb/ybe', 'Ljava/io/Serializable']
COMPONENT CONCAT > Lcom/bumble/app/chat/conversation/ConversationActivity;->onCreate(Landroid/os/Bundle;)V < extends Landroidx/appcompat/app/c, implements ['Lb/m5o$c', 'Lb/fo20', 'Lb/fv2', 'Lb/f220', 'Lb/hx9', 'Lb/drh', 'Lb/wk0', 'Lb/uq10$a']
COMPONENT CONCAT > Lb/klu;->invoke(Ljava/lang/Object;)Ljava/lang/Object; < extends Ljava/lang/Object, implements ['Lb/tae', 'Lb/ybe', 'Ljava/io/Serializable']
COMPONENT CONCAT > Lb/ciu;->invoke()Ljava/lang/Object; < extends Ljava/lang/Object, implements ['Lb/rae', 'Lb/ybe', 'Ljava/io/Serializable']
COMPONENT CONCAT > Lcom/bumble/app/ui/flashsales/FlashSalePromoActivityWithPaywallAppyx;->onCreate(Landroid/os/Bundle;)V < extends Landroidx/appcompat/app/c, implements ['Lb/i0j', 'Lb/fv2', 'Lb/f220', 'Lb/hx9', 'Lb/drh', 'Lb/wk0', 'Lb/uq10$a']
COMPONENT CONCAT > Lb/pur;->invoke(Ljava/lang/Object;)Ljava/lang/Object; < extends Ljava/lang/Object, implements ['Lb/tae', 'Lb/ybe', 'Lb/onj', 'Lb/knj', 'Ljava/io/Serializable']
COMPONENT CONCAT > Lb/e7b;->invoke(Ljava/lang/Object;)Ljava/lang/Object; < extends Ljava/lang/Object, implements ['Lb/tae', 'Lb/ybe', 'Ljava/io/Serializable']
COMPONENT CONCAT > Lcom/bumble/app/actiononprofilechooser/builder/a;->invoke()Ljava/lang/Object; < extends Ljava/lang/Object, implements ['Lb/rae', 'Lb/ybe', 'Ljava/io/Serializable']
COMPONENT CONCAT > Lb/ahb;->get()Ljava/lang/Object; < extends Ljava/lang/Object, implements ['Lb/kxc']
COMPONENT CONCAT > Lb/l7w;->b()V < extends Ljava/lang/Object, implements ['Lb/s620']
COMPONENT CONCAT > Lcom/bumble/app/ui/connections/view/u;->a()V < extends Ljava/lang/Object, implements ['Lcom/bumble/app/ui/connections/view/q']
COMPONENT CONCAT > Lb/lb30;->c(ILandroid/content/Intent;Lb/eov$a;)V < extends Ljava/lang/Object, implements ['Lb/kb30']
COMPONENT CONCAT > Lcom/bumble/app/ui/connections/view/j;->a(ILandroid/view/View;)V < extends Ljava/lang/Object, implements ['Lcom/bumble/app/ui/connections/view/p$a']
COMPONENT CONCAT > Lb/dm1;->b()V < extends Ljava/lang/Object, implements ['Lb/s620']
COMPONENT CONCAT > Lb/cov;->invoke(Ljava/lang/Object;)Ljava/lang/Object; < extends Ljava/lang/Object, implements ['Lb/tae', 'Lb/ybe', 'Ljava/io/Serializable']
COMPONENT CONCAT > Lcom/bumble/app/ui/connections/view/o;->a(ILandroid/view/View;)V < extends Ljava/lang/Object, implements ['Lcom/bumble/app/ui/connections/view/p$a']
COMPONENT CONCAT > Lb/un1;->b()V < extends Ljava/lang/Object, implements []
COMPONENT CONCAT > Lb/j220;->b()V < extends Ljava/lang/Object, implements []
COMPONENT CONCAT > Lb/znv;->invoke(Ljava/lang/Object;)Ljava/lang/Object; < extends Ljava/lang/Object, implements ['Lb/tae', 'Lb/ybe', 'Ljava/io/Serializable']
COMPONENT CONCAT > Lb/xg5;->invoke(Ljava/lang/Object;)Ljava/lang/Object; < extends Ljava/lang/Object, implements ['Lb/tae', 'Lb/ybe', 'Ljava/io/Serializable']
COMPONENT CONCAT > Lcom/bumble/app/ui/connections/view/k;->a(ILandroid/view/View;)V < extends Ljava/lang/Object, implements ['Lcom/bumble/app/ui/connections/view/p$a']
COMPONENT CONCAT > Lcom/bumble/app/ui/connections/view/i;->a(ILandroid/view/View;)V < extends Ljava/lang/Object, implements ['Lcom/bumble/app/ui/connections/view/p$a']
COMPONENT CONCAT > Lb/wtl;->invoke(Ljava/lang/Object;)Ljava/lang/Object; < extends Ljava/lang/Object, implements ['Lb/tae', 'Lb/ybe', 'Ljava/io/Serializable']
COMPONENT CONCAT > Lb/hh5;->a(Lb/ta0;)Lcom/bumble/app/ui/connections/view/c; < extends Ljava/lang/Object, implements ['Lb/gh5']
COMPONENT CONCAT > Lb/ht7;->invoke(Ljava/lang/Object;)Ljava/lang/Object; < extends Ljava/lang/Object, implements ['Lb/n160']
COMPONENT CONCAT > Lb/e4i;->b()V < extends Ljava/lang/Object, implements []
COMPONENT CONCAT > Lb/bov;->invoke(Ljava/lang/Object;)Ljava/lang/Object; < extends Ljava/lang/Object, implements ['Lb/tae', 'Lb/ybe', 'Ljava/io/Serializable']
COMPONENT CONCAT > Lb/lb30;->d(ILandroid/content/Intent;Lb/eov$b;)V < extends Ljava/lang/Object, implements ['Lb/kb30']
COMPONENT CONCAT > Lb/qfc;->invoke(Ljava/lang/Object;)Ljava/lang/Object; < extends Ljava/lang/Object, implements ['Lb/n160']
COMPONENT CONCAT > Lb/yl1;->b()V < extends Ljava/lang/Object, implements []
COMPONENT CONCAT > Lb/bkf;->invoke(Ljava/lang/Object;)Ljava/lang/Object; < extends Ljava/lang/Object, implements ['Lb/n160']
COMPONENT CONCAT > Lb/zl1;->b()V < extends Ljava/lang/Object, implements []
COMPONENT CONCAT > Lb/l7w;->a()V < extends Ljava/lang/Object, implements ['Lb/s620']
COMPONENT CONCAT > Lb/aul;->invoke(Ljava/lang/Object;)Ljava/lang/Object; < extends Ljava/lang/Object, implements ['Lb/tae', 'Lb/ybe', 'Ljava/io/Serializable']
COMPONENT CONCAT > Lb/a8;->b()V < extends Ljava/lang/Object, implements []
COMPONENT CONCAT > Lb/dov;->invoke()Ljava/lang/Object; < extends Ljava/lang/Object, implements ['Lb/rae', 'Lb/ybe', 'Ljava/io/Serializable']
COMPONENT CONCAT > Lb/xr7;->invoke(Ljava/lang/Object;)Ljava/lang/Object; < extends Ljava/lang/Object, implements ['Lb/tae', 'Lb/ybe', 'Ljava/io/Serializable']
COMPONENT CONCAT > Lcom/bumble/app/ui/connections/view/h;->a()V < extends Ljava/lang/Object, implements ['Lcom/bumble/app/ui/connections/view/e$a']
COMPONENT CONCAT > Lcom/bumble/app/ui/settings2/viewmodel/c;->invoke()Ljava/lang/Object; < extends Ljava/lang/Object, implements ['Lb/rae', 'Lb/ybe', 'Ljava/io/Serializable']
COMPONENT CONCAT > Lcom/bumble/app/ui/encounters/beemail/SendComplimentActivity;->w2(Landroid/os/Bundle;)Lb/p6w; < extends Landroidx/appcompat/app/c, implements ['Lb/i0j', 'Lb/fv2', 'Lb/f220', 'Lb/hx9', 'Lb/drh', 'Lb/wk0', 'Lb/uq10$a']
COMPONENT CONCAT > Lb/rd60;->invoke(Ljava/lang/Object;)Ljava/lang/Object; < extends Ljava/lang/Object, implements ['Lb/tae', 'Lb/ybe', 'Ljava/io/Serializable']
COMPONENT CONCAT > Lb/td60;->invoke(Ljava/lang/Object;)Ljava/lang/Object; < extends Ljava/lang/Object, implements ['Lb/tae', 'Lb/ybe', 'Ljava/io/Serializable']
COMPONENT CONCAT > Lb/ie60;->invoke(Ljava/lang/Object;)Ljava/lang/Object; < extends Ljava/lang/Object, implements ['Lb/tae', 'Lb/ybe', 'Ljava/io/Serializable']
COMPONENT CONCAT > Lb/oe60;->b(Lb/chs;Lb/k5t;Lb/cno;Lb/y96;)Lb/cno; < extends Ljava/lang/Object, implements ['Lb/nk30']
COMPONENT CONCAT > Lb/ge60;->invoke(Ljava/lang/Object;)Ljava/lang/Object; < extends Ljava/lang/Object, implements ['Lb/tae', 'Lb/ybe', 'Ljava/io/Serializable']
COMPONENT CONCAT > Lb/ccr;->invoke(Ljava/lang/Object;Ljava/lang/Object;)Ljava/lang/Object; < extends Ljava/lang/Object, implements ['Lb/hbe', 'Lb/ybe', 'Ljava/io/Serializable']
COMPONENT CONCAT > Lb/hcr;->invoke(Ljava/lang/Object;Ljava/lang/Object;)Ljava/lang/Object; < extends Ljava/lang/Object, implements ['Lb/hbe', 'Lb/ybe', 'Ljava/io/Serializable']
COMPONENT CONCAT > Lcom/bumble/app/beeline/beeline_container/BeelineContainerNode;->b(Lb/h73;Ljava/lang/Object;)Lb/y7o; < extends Ljava/lang/Object, implements ['Lb/pi7', 'Lb/hwv', 'Lb/khk', 'Lb/lao', 'Lb/ptv']
COMPONENT CONCAT > Lcom/bumble/app/questiongame/container/v2/QuestionCarouselContainerNode;->f(Ljava/lang/Object;Lb/g73;)Lb/x7o; < extends Ljava/lang/Object, implements ['Lb/qi7', 'Lb/iwv', 'Lb/jp6', 'Lb/kao']
COMPONENT CONCAT > Lb/r5a;->invoke()Ljava/lang/Object; < extends Ljava/lang/Object, implements ['Lb/rae', 'Lb/ybe', 'Ljava/io/Serializable']
COMPONENT CONCAT > Lb/r0t;->accept(Ljava/lang/Object;)V < extends Ljava/lang/Object, implements ['Lb/o0t', 'Lb/fqo']
COMPONENT CONCAT > Lcom/bumble/app/buzzing/selectcontainer/e;->q(Landroidx/lifecycle/e;)V < extends Ljava/lang/Object, implements ['Lb/ptv', 'Lb/g8o', 'Lb/x9o', 'Lb/tr5', 'Lb/qjw']
COMPONENT CONCAT > Lb/isi;->invoke(Ljava/lang/Object;)Ljava/lang/Object; < extends Ljava/lang/Object, implements ['Lb/tae']
COMPONENT CONCAT > Lcom/bumble/app/profile_editor/b;->invoke()Ljava/lang/Object; < extends Ljava/lang/Object, implements ['Lb/rae', 'Lb/ybe', 'Ljava/io/Serializable']
COMPONENT CONCAT > Lcom/bumble/app/ProfileEditorActivity;->w2(Landroid/os/Bundle;)Lb/p6w; < extends Landroidx/appcompat/app/c, implements ['Lb/i0j', 'Lb/fv2', 'Lb/f220', 'Lb/hx9', 'Lb/drh', 'Lb/wk0', 'Lb/uq10$a']
COMPONENT CONCAT > Lcom/bumble/app/ProfileEditorActivity;->onNewIntent(Landroid/content/Intent;)V < extends Landroidx/appcompat/app/c, implements ['Lb/i0j', 'Lb/fv2', 'Lb/f220', 'Lb/hx9', 'Lb/drh', 'Lb/wk0', 'Lb/uq10$a']
COMPONENT CONCAT > Lb/n9z;->invoke()Ljava/lang/Object; < extends Ljava/lang/Object, implements ['Lb/rae', 'Lb/ybe', 'Ljava/io/Serializable']
COMPONENT CONCAT > Lb/wwz;->invoke(Ljava/lang/Object;)Ljava/lang/Object; < extends Ljava/lang/Object, implements ['Lb/tae']
COMPONENT CONCAT > Lb/j5z;->invoke()Ljava/lang/Object; < extends Ljava/lang/Object, implements ['Lb/rae', 'Lb/ybe', 'Ljava/io/Serializable']
COMPONENT CONCAT > Lb/xwz;->invoke(Ljava/lang/Object;)Ljava/lang/Object; < extends Ljava/lang/Object, implements ['Lb/tae']
COMPONENT CONCAT > Lb/b2p;->accept(Ljava/lang/Object;)V < extends Ljava/lang/Object, implements ['Lb/b28']
COMPONENT CONCAT > Lcom/bumble/app/extend_match/c;->build(Lb/m73;)Lb/p6w; < extends Ljava/lang/Object, implements []
