COMPONENT CONCAT > Lcom/doordash/driverapp/ui/onDash/dropOff/cateringSetup/CateringSetupActivity;->onCreate(Landroid/os/Bundle;)V < extends Landroidx/appcompat/app/d, implements ['Ldagger/hilt/internal/GeneratedComponentManagerHolder', 'Landroidx/appcompat/app/AppCompatCallback', 'Landroidx/core/app/f0$a', 'Landroidx/appcompat/app/b$c']
COMPONENT CONCAT > Lcom/doordash/driverapp/ui/login/v1;->test(Ljava/lang/Object;)Z < extends Ljava/lang/Object, implements ['Lrv0/l']
COMPONENT CONCAT > Lcom/doordash/driverapp/ui/dasherdirectexperience/epoxy/views/o;->Ca(Ljava/lang/Object;)V < extends Ljava/lang/Object, implements ['Lcom/airbnb/epoxy/y', 'Lcom/doordash/driverapp/ui/dasherdirectexperience/epoxy/views/n']
COMPONENT CONCAT > Lcom/doordash/driverapp/ui/dasherdirectexperience/epoxy/views/o;->Da(Ljava/lang/Object;Lcom/airbnb/epoxy/t;)V < extends Ljava/lang/Object, implements ['Lcom/airbnb/epoxy/y', 'Lcom/doordash/driverapp/ui/dasherdirectexperience/epoxy/views/n']
COMPONENT CONCAT > Lcom/doordash/driverapp/ui/dasherdirectexperience/epoxy/views/o;->bb(Ljava/lang/Object;)V < extends Ljava/lang/Object, implements ['Lcom/airbnb/epoxy/y', 'Lcom/doordash/driverapp/ui/dasherdirectexperience/epoxy/views/n']
COMPONENT CONCAT > Lcom/doordash/driverapp/ui/dashboardV2/safetychecklist/SafetyChecklistActivity;->onCreate(Landroid/os/Bundle;)V < extends Landroidx/appcompat/app/d, implements ['Ldagger/hilt/internal/GeneratedComponentManagerHolder', 'Landroidx/appcompat/app/AppCompatCallback', 'Landroidx/core/app/f0$a', 'Landroidx/appcompat/app/b$c']
COMPONENT CONCAT > Lcom/doordash/driverapp/ui/dashboardV2/checkIn/CheckInActivity;->onCreate(Landroid/os/Bundle;)V < extends Landroidx/appcompat/app/d, implements ['Lcom/doordash/driverapp/ui/schedule/earlyAssign/unassign/h$b', 'Lcom/doordash/driverapp/ui/dashboardV2/checkIn/v', 'Ldagger/hilt/internal/GeneratedComponentManagerHolder', 'Landroidx/appcompat/app/AppCompatCallback', 'Landroidx/core/app/f0$a', 'Landroidx/appcompat/app/b$c']
COMPONENT CONCAT > Lho/e;->c(Landroid/content/Context;Ljava/lang/String;)V < extends Ljava/lang/Object, implements ['Lbh/a']
COMPONENT CONCAT > Lho/e;->d(Landroid/content/Context;Ljava/lang/String;Lcom/google/android/gms/tapandpay/issuer/PushTokenizeRequest;)V < extends Ljava/lang/Object, implements ['Lbh/a']
COMPONENT CONCAT > Lcom/doordash/driverapp/ui/onDash/unassignedDelivery/UnassignedDeliveriesActivity;->onCreate(Landroid/os/Bundle;)V < extends Landroidx/appcompat/app/d, implements ['Ldagger/hilt/internal/GeneratedComponentManagerHolder', 'Landroidx/appcompat/app/AppCompatCallback', 'Landroidx/core/app/f0$a', 'Landroidx/appcompat/app/b$c']
COMPONENT CONCAT > Lcom/doordash/driverapp/ui/marketplacereturns/ItemLevelAbandonmentInstructionsFragment;->onViewCreated(Landroid/view/View;Landroid/os/Bundle;)V < extends Landroidx/fragment/app/Fragment, implements ['Landroid/content/DialogInterface$OnDismissListener', 'Ldagger/hilt/internal/GeneratedComponentManagerHolder', 'Landroid/content/ComponentCallbacks', 'Landroid/view/View$OnCreateContextMenuListener', 'Landroidx/lifecycle/LifecycleOwner', 'Landroidx/lifecycle/ViewModelStoreOwner', 'Landroidx/lifecycle/HasDefaultViewModelProviderFactory', 'Landroidx/savedstate/f', 'Lh/c']
COMPONENT CONCAT > Lcom/doordash/driverapp/ui/onDash/pickup/unassign/confirm/orderdetails/ConfirmSelfUnassignOrderDetailsFragment;->onViewCreated(Landroid/view/View;Landroid/os/Bundle;)V < extends Landroidx/fragment/app/Fragment, implements ['Lhu/a', 'Landroid/content/ComponentCallbacks', 'Landroid/view/View$OnCreateContextMenuListener', 'Landroidx/lifecycle/LifecycleOwner', 'Landroidx/lifecycle/ViewModelStoreOwner', 'Landroidx/lifecycle/HasDefaultViewModelProviderFactory', 'Landroidx/savedstate/f', 'Lh/c']
COMPONENT CONCAT > Lcom/doordash/driverapp/ui/onDash/postDash/DashSummaryActivity;->onCreate(Landroid/os/Bundle;)V < extends Landroidx/appcompat/app/d, implements ['Lcom/doordash/driverapp/ui/drivingInsights/DrivingInsightsBottomSheetFragment$b', 'Ldagger/hilt/internal/GeneratedComponentManagerHolder', 'Landroidx/appcompat/app/AppCompatCallback', 'Landroidx/core/app/f0$a', 'Landroidx/appcompat/app/b$c']
COMPONENT CONCAT > Lcom/doordash/driverapp/ui/earnings/month/g1;->invoke()Ljava/lang/Object; < extends Ljava/lang/Object, implements ['Lkotlin/jvm/functions/Function0']
COMPONENT CONCAT > Ljo/d;->m(Lcom/doordash/driverapp/ui/BaseDasherActivity;ZLcom/doordash/driverapp/ui/selfHelp/v2/SelfHelpEntry;)V < extends Ljava/lang/Object, implements ['Ldm/b']
COMPONENT CONCAT > Lcom/doordash/driverapp/ui/selfHelp/unassignDialog/a0;->accept(Ljava/lang/Object;)V < extends Ljava/lang/Object, implements ['Lrv0/f']
COMPONENT CONCAT > Lho/e;->a(Landroid/content/Context;Ljava/lang/String;)V < extends Ljava/lang/Object, implements ['Lbh/a']
COMPONENT CONCAT > Lcom/doordash/driverapp/ui/ausreidv/error/AusReIDVErrorFragment;->onViewCreated(Landroid/view/View;Landroid/os/Bundle;)V < extends Landroidx/fragment/app/Fragment, implements ['Ldagger/hilt/internal/GeneratedComponentManagerHolder', 'Landroid/content/ComponentCallbacks', 'Landroid/view/View$OnCreateContextMenuListener', 'Landroidx/lifecycle/LifecycleOwner', 'Landroidx/lifecycle/ViewModelStoreOwner', 'Landroidx/lifecycle/HasDefaultViewModelProviderFactory', 'Landroidx/savedstate/f', 'Lh/c']
COMPONENT CONCAT > Lcom/doordash/driverapp/ui/deliveryissues/DeliveryIssuesActivity;->onCreate(Landroid/os/Bundle;)V < extends Landroidx/appcompat/app/d, implements ['Ldagger/hilt/internal/GeneratedComponentManagerHolder', 'Landroidx/appcompat/app/AppCompatCallback', 'Landroidx/core/app/f0$a', 'Landroidx/appcompat/app/b$c']
COMPONENT CONCAT > Lcom/doordash/driverapp/ui/steps/pickup/PickingUpStepInstructionsActivity;->H0()V < extends Landroidx/appcompat/app/d, implements ['Lcom/doordash/driverapp/ui/steps/pickup/b', 'Ldagger/hilt/internal/GeneratedComponentManagerHolder', 'Landroidx/appcompat/app/AppCompatCallback', 'Landroidx/core/app/f0$a', 'Landroidx/appcompat/app/b$c']
COMPONENT CONCAT > Lcom/doordash/driverapp/ui/earnings/month/h1;->invoke()Ljava/lang/Object; < extends Ljava/lang/Object, implements ['Lkotlin/jvm/functions/Function0']
COMPONENT CONCAT > Lcom/doordash/driverapp/ui/taxVerification/TaxFormSubmitConfirmationFragment;->onViewCreated(Landroid/view/View;Landroid/os/Bundle;)V < extends Landroidx/fragment/app/Fragment, implements ['Ldagger/hilt/internal/GeneratedComponentManagerHolder', 'Landroid/content/ComponentCallbacks', 'Landroid/view/View$OnCreateContextMenuListener', 'Landroidx/lifecycle/LifecycleOwner', 'Landroidx/lifecycle/ViewModelStoreOwner', 'Landroidx/lifecycle/HasDefaultViewModelProviderFactory', 'Landroidx/savedstate/f', 'Lh/c']
COMPONENT CONCAT > Lgo/d;->a(Landroid/app/Activity;Ljava/lang/String;)V < extends Ljava/lang/Object, implements ['Lvr/c']
COMPONENT CONCAT > Lcom/doordash/driverapp/ui/gasaffordability/GasOffersActivity;->onOptionsItemSelected(Landroid/view/MenuItem;)Z < extends Landroidx/appcompat/app/d, implements ['Ldagger/hilt/internal/GeneratedComponentManagerHolder', 'Landroidx/appcompat/app/AppCompatCallback', 'Landroidx/core/app/f0$a', 'Landroidx/appcompat/app/b$c']
COMPONENT CONCAT > Luv/d;->accept(Ljava/lang/Object;)V < extends Ljava/lang/Object, implements ['Lrv0/f']
COMPONENT CONCAT > Lcom/doordash/driverapp/ui/ratingreward/e0;->b(Landroid/content/Context;)V < extends Ljava/lang/Object, implements ['Lcom/doordash/driverapp/ui/ratingreward/d0']
COMPONENT CONCAT > Lcom/doordash/driverapp/ui/onDash/timelinev2/TimelineActivityV2;->onCreate(Landroid/os/Bundle;)V < extends Landroidx/appcompat/app/d, implements ['Lcom/doordash/driverapp/ui/onDash/timelinev2/p', 'Ldagger/hilt/internal/GeneratedComponentManagerHolder', 'Landroidx/appcompat/app/AppCompatCallback', 'Landroidx/core/app/f0$a', 'Landroidx/appcompat/app/b$c']
COMPONENT CONCAT > Lcom/doordash/driverapp/ui/earnings/payouthub/PayoutHubActivity;->onCreate(Landroid/os/Bundle;)V < extends Landroidx/appcompat/app/d, implements ['Ldagger/hilt/internal/GeneratedComponentManagerHolder', 'Landroidx/appcompat/app/AppCompatCallback', 'Landroidx/core/app/f0$a', 'Landroidx/appcompat/app/b$c']
COMPONENT CONCAT > Lcom/doordash/driverapp/ui/fraudWarnings/appeal/FraudWarningSubmitAppealSuccessFragment;->onViewCreated(Landroid/view/View;Landroid/os/Bundle;)V < extends Landroidx/fragment/app/Fragment, implements ['Ldagger/hilt/internal/GeneratedComponentManagerHolder', 'Landroid/content/ComponentCallbacks', 'Landroid/view/View$OnCreateContextMenuListener', 'Landroidx/lifecycle/LifecycleOwner', 'Landroidx/lifecycle/ViewModelStoreOwner', 'Landroidx/lifecycle/HasDefaultViewModelProviderFactory', 'Landroidx/savedstate/f', 'Lh/c']
COMPONENT CONCAT > Lho/e;->e(Landroid/content/Context;Ljava/lang/String;Lcom/google/android/gms/tapandpay/issuer/PushTokenizeRequest;Z)V < extends Ljava/lang/Object, implements ['Lbh/a']
COMPONENT CONCAT > Lcom/doordash/driverapp/ui/schedule/createdash/CreateDashActivity;->onCreate(Landroid/os/Bundle;)V < extends Landroidx/appcompat/app/d, implements ['Ldagger/hilt/internal/GeneratedComponentManagerHolder', 'Landroidx/appcompat/app/AppCompatCallback', 'Landroidx/core/app/f0$a', 'Landroidx/appcompat/app/b$c']
COMPONENT CONCAT > Laq/f;->a(Ljava/lang/String;)V < extends Ljava/lang/Object, implements ['Lcom/doordash/driverapp/managers/u4']
COMPONENT CONCAT > Lcom/doordash/driverapp/ui/ausreidv/error/AusReIDVErrorFragment;-><init>()V < extends Landroidx/fragment/app/Fragment, implements ['Ldagger/hilt/internal/GeneratedComponentManagerHolder', 'Landroid/content/ComponentCallbacks', 'Landroid/view/View$OnCreateContextMenuListener', 'Landroidx/lifecycle/LifecycleOwner', 'Landroidx/lifecycle/ViewModelStoreOwner', 'Landroidx/lifecycle/HasDefaultViewModelProviderFactory', 'Landroidx/savedstate/f', 'Lh/c']
COMPONENT CONCAT > Lcom/doordash/driverapp/ui/dashboardV2/dashNow/DashNowActivity;->onCreate(Landroid/os/Bundle;)V < extends Landroidx/appcompat/app/d, implements ['Ldagger/hilt/internal/GeneratedComponentManagerHolder', 'Landroidx/appcompat/app/AppCompatCallback', 'Landroidx/core/app/f0$a', 'Landroidx/appcompat/app/b$c']
COMPONENT CONCAT > Lcom/doordash/driverapp/ui/marketplacereturns/ReturnMarketplaceItemsFragment;->onViewCreated(Landroid/view/View;Landroid/os/Bundle;)V < extends Landroidx/fragment/app/Fragment, implements ['Landroid/content/ComponentCallbacks', 'Landroid/view/View$OnCreateContextMenuListener', 'Landroidx/lifecycle/LifecycleOwner', 'Landroidx/lifecycle/ViewModelStoreOwner', 'Landroidx/lifecycle/HasDefaultViewModelProviderFactory', 'Landroidx/savedstate/f', 'Lh/c']
COMPONENT CONCAT > Lcom/doordash/driverapp/ui/ratingreward/e0;->f(Landroid/app/Activity;Ljava/lang/String;)V < extends Ljava/lang/Object, implements ['Lcom/doordash/driverapp/ui/ratingreward/d0']
COMPONENT CONCAT > Lcom/doordash/driverapp/ui/selfHelp/l5;->accept(Ljava/lang/Object;)V < extends Ljava/lang/Object, implements ['Lrv0/f']
COMPONENT CONCAT > Lcom/doordash/driverapp/ui/demoorder/DemoOrderActivity;->onCreate(Landroid/os/Bundle;)V < extends Landroidx/appcompat/app/d, implements ['Ldagger/hilt/internal/GeneratedComponentManagerHolder', 'Landroidx/appcompat/app/AppCompatCallback', 'Landroidx/core/app/f0$a', 'Landroidx/appcompat/app/b$c']
COMPONENT CONCAT > Lcom/doordash/driverapp/ui/marketplacereturns/MarketplaceAlcoholAbandonmentFragment;->onViewCreated(Landroid/view/View;Landroid/os/Bundle;)V < extends Landroidx/fragment/app/Fragment, implements ['Landroid/content/DialogInterface$OnDismissListener', 'Landroid/content/ComponentCallbacks', 'Landroid/view/View$OnCreateContextMenuListener', 'Landroidx/lifecycle/LifecycleOwner', 'Landroidx/lifecycle/ViewModelStoreOwner', 'Landroidx/lifecycle/HasDefaultViewModelProviderFactory', 'Landroidx/savedstate/f', 'Lh/c']
COMPONENT CONCAT > Lcom/doordash/driverapp/ui/onDash/pickup/unassign/confirm/ConfirmSelfUnassignFragment;->onViewCreated(Landroid/view/View;Landroid/os/Bundle;)V < extends Landroidx/fragment/app/Fragment, implements ['Landroid/content/ComponentCallbacks', 'Landroid/view/View$OnCreateContextMenuListener', 'Landroidx/lifecycle/LifecycleOwner', 'Landroidx/lifecycle/ViewModelStoreOwner', 'Landroidx/lifecycle/HasDefaultViewModelProviderFactory', 'Landroidx/savedstate/f', 'Lh/c']
MISSING ID > Lcom/doordash/driverapp/ui/ratings/RatingsFragment;->onViewCreated(Landroid/view/View;Landroid/os/Bundle;)V <
MISSING ID > Lcom/doordash/driverapp/ui/ratings/b2;->onClick(Landroid/view/View;)V <
MISSING ID > Lcom/doordash/driverapp/ui/ratings/RatingsFragment;->f7(Lcom/doordash/driverapp/ui/ratings/RatingsFragment;Landroid/view/View;)V <
MISSING ID > Lcom/doordash/driverapp/ui/ratings/RatingsFragment;->I7(Lcom/doordash/driverapp/ui/ratings/RatingsFragment;Landroid/view/View;)V <
MISSING ID > Lcom/doordash/driverapp/ui/ratings/CustomerRatingDetailsFragment;->onViewCreated(Landroid/view/View;Landroid/os/Bundle;)V <
MISSING ID > Lcom/doordash/driverapp/ui/ratings/j0;->onClick(Landroid/view/View;)V <
MISSING ID > Lcom/doordash/driverapp/ui/ratings/CustomerRatingDetailsFragment;->k7(Lcom/doordash/driverapp/ui/ratings/CustomerRatingDetailsFragment;Landroid/view/View;)V <
MISSING ID > Lcom/doordash/driverapp/ui/ratings/CustomerRatingDetailsFragment;->w7(Lcom/doordash/driverapp/ui/ratings/CustomerRatingDetailsFragment;Landroid/view/View;)V <
MISSING ID > Lcom/doordash/driverapp/ui/ratings/QuoteFlagAndRemoveFragment;->onViewCreated(Landroid/view/View;Landroid/os/Bundle;)V <
MISSING ID > Lcom/doordash/driverapp/ui/ratings/g1;->onClick(Landroid/view/View;)V <
MISSING ID > Lcom/doordash/driverapp/ui/ratings/QuoteFlagAndRemoveFragment;->Z5(Lcom/doordash/driverapp/ui/ratings/QuoteFlagAndRemoveFragment;Lcom/doordash/driverapp/core/models/network/response/Quote;Landroid/view/View;)V <
MISSING ID > Lcom/doordash/driverapp/ui/ratings/QuoteFlagAndRemoveFragment;->d6(Lcom/doordash/driverapp/ui/ratings/QuoteFlagAndRemoveFragment;Lcom/doordash/driverapp/core/models/network/response/Quote;Landroid/view/View;)V <
COMPONENT CONCAT > Lcom/doordash/driverapp/ui/onDash/shopdeliver/scanbarcode/ScanBarcodeFragment;->onViewCreated(Landroid/view/View;Landroid/os/Bundle;)V < extends Landroidx/fragment/app/Fragment, implements ['Lcom/doordash/android/barcode/l', 'Ldagger/hilt/internal/GeneratedComponentManagerHolder', 'Landroid/content/ComponentCallbacks', 'Landroid/view/View$OnCreateContextMenuListener', 'Landroidx/lifecycle/LifecycleOwner', 'Landroidx/lifecycle/ViewModelStoreOwner', 'Landroidx/lifecycle/HasDefaultViewModelProviderFactory', 'Landroidx/savedstate/f', 'Lh/c']
COMPONENT CONCAT > Lcom/doordash/driverapp/ui/marketplacereturns/MarketplaceAlcoholReturnsReceiptCaptureFragment;->f(Ljava/util/List;)V < extends Landroidx/fragment/app/Fragment, implements ['Lcom/doordash/android/camera/imageCapture/m', 'Landroid/content/ComponentCallbacks', 'Landroid/view/View$OnCreateContextMenuListener', 'Landroidx/lifecycle/LifecycleOwner', 'Landroidx/lifecycle/ViewModelStoreOwner', 'Landroidx/lifecycle/HasDefaultViewModelProviderFactory', 'Landroidx/savedstate/f', 'Lh/c']
COMPONENT CONCAT > Lcom/doordash/driverapp/ui/dasherdirectexperience/managecard/otp/DasherDirectManageCardOTPFragment;->onViewCreated(Landroid/view/View;Landroid/os/Bundle;)V < extends Landroidx/fragment/app/Fragment, implements ['Ldagger/hilt/internal/GeneratedComponentManagerHolder', 'Landroid/content/ComponentCallbacks', 'Landroid/view/View$OnCreateContextMenuListener', 'Landroidx/lifecycle/LifecycleOwner', 'Landroidx/lifecycle/ViewModelStoreOwner', 'Landroidx/lifecycle/HasDefaultViewModelProviderFactory', 'Landroidx/savedstate/f', 'Lh/c']
COMPONENT CONCAT > Lcom/doordash/driverapp/ui/onDash/droppingoff/epoxy/views/x0;->Da(Ljava/lang/Object;Lcom/airbnb/epoxy/t;)V < extends Ljava/lang/Object, implements ['Lcom/airbnb/epoxy/y', 'Lcom/doordash/driverapp/ui/onDash/droppingoff/epoxy/views/w0']
COMPONENT CONCAT > Lcom/doordash/driverapp/ui/onDash/droppingoff/epoxy/views/x0;->Ca(Ljava/lang/Object;)V < extends Ljava/lang/Object, implements ['Lcom/airbnb/epoxy/y', 'Lcom/doordash/driverapp/ui/onDash/droppingoff/epoxy/views/w0']
MISSING ID > Lcom/doordash/driverapp/ui/dashboardV2/DashboardFragment;->onViewCreated(Landroid/view/View;Landroid/os/Bundle;)V <
MISSING ID > Lcom/doordash/driverapp/ui/selfHelp/a3;->onCreateView(Landroid/view/LayoutInflater;Landroid/view/ViewGroup;Landroid/os/Bundle;)Landroid/view/View; <
MISSING ID > Lcom/doordash/driverapp/ui/selfHelp/storeclosedv2/confirmstoreclosed/ConfirmStoreClosedDialogFragment;->onViewCreated(Landroid/view/View;Landroid/os/Bundle;)V <
COMPONENT CONCAT > Lcom/doordash/driverapp/ui/onDash/dropOff/checkId/CheckIDActivity;->onCreate(Landroid/os/Bundle;)V < extends Landroidx/appcompat/app/d, implements ['Lcom/doordash/driverapp/ui/onDash/dropOff/checkId/v2/IdVerifiedDialog$b', 'Lcom/doordash/driverapp/ui/onDash/dropOff/checkId/v2/IdInvalidFragment$b', 'Ldagger/hilt/internal/GeneratedComponentManagerHolder', 'Landroidx/appcompat/app/AppCompatCallback', 'Landroidx/core/app/f0$a', 'Landroidx/appcompat/app/b$c']
COMPONENT CONCAT > Lcom/doordash/driverapp/ui/dasherdirectexperience/landing/changepayout/DasherDirectChangePayoutSheetFragment;->V5(Lcom/doordash/android/dls/bottomsheet/BottomSheetModal;)V < extends Landroidx/appcompat/app/y, implements ['Ldagger/hilt/internal/GeneratedComponentManagerHolder']
COMPONENT CONCAT > Lcom/doordash/driverapp/ui/dasherdirectexperience/landing/DasherDirectLandingFragment;->B0()V < extends Landroidx/fragment/app/Fragment, implements ['Lur/b', 'Lur/d', 'Ldagger/hilt/internal/GeneratedComponentManagerHolder', 'Landroid/content/ComponentCallbacks', 'Landroid/view/View$OnCreateContextMenuListener', 'Landroidx/lifecycle/LifecycleOwner', 'Landroidx/lifecycle/ViewModelStoreOwner', 'Landroidx/lifecycle/HasDefaultViewModelProviderFactory', 'Landroidx/savedstate/f', 'Lh/c']
COMPONENT CONCAT > Lcom/doordash/driverapp/managers/k2;->apply(Ljava/lang/Object;)Ljava/lang/Object; < extends Ljava/lang/Object, implements ['Lrv0/j']
COMPONENT CONCAT > Lcom/doordash/driverapp/managers/m4;->apply(Ljava/lang/Object;)Ljava/lang/Object; < extends Ljava/lang/Object, implements ['Lrv0/j']
COMPONENT CONCAT > Lcom/doordash/driverapp/ui/schedule/e0;->accept(Ljava/lang/Object;)V < extends Ljava/lang/Object, implements ['Lrv0/f']
COMPONENT CONCAT > Lcom/doordash/driverapp/ui/dashboardV2/vehicle/VehicleSelectionActivity;->onCreate(Landroid/os/Bundle;)V < extends Landroidx/appcompat/app/d, implements ['Ldagger/hilt/internal/GeneratedComponentManagerHolder', 'Landroidx/appcompat/app/AppCompatCallback', 'Landroidx/core/app/f0$a', 'Landroidx/appcompat/app/b$c']
COMPONENT CONCAT > Lcom/doordash/driverapp/ui/incentive/PromoDetailsFragment;->onViewCreated(Landroid/view/View;Landroid/os/Bundle;)V < extends Landroidx/fragment/app/Fragment, implements ['Ldagger/hilt/internal/GeneratedComponentManagerHolder', 'Landroid/content/ComponentCallbacks', 'Landroid/view/View$OnCreateContextMenuListener', 'Landroidx/lifecycle/LifecycleOwner', 'Landroidx/lifecycle/ViewModelStoreOwner', 'Landroidx/lifecycle/HasDefaultViewModelProviderFactory', 'Landroidx/savedstate/f', 'Lh/c']
COMPONENT CONCAT > Lcom/doordash/driverapp/ui/vehicle/VehicleActivity;->onCreate(Landroid/os/Bundle;)V < extends Landroidx/appcompat/app/d, implements ['Ldagger/hilt/internal/GeneratedComponentManagerHolder', 'Landroidx/appcompat/app/AppCompatCallback', 'Landroidx/core/app/f0$a', 'Landroidx/appcompat/app/b$c']
COMPONENT CONCAT > Lcom/doordash/driverapp/ui/onDash/pickup/b;->onActivityResult(Ljava/lang/Object;)V < extends Ljava/lang/Object, implements ['Lh/b']
COMPONENT CONCAT > Lcom/doordash/driverapp/ui/gasaffordability/GasOffersActivity;->onCreate(Landroid/os/Bundle;)V < extends Landroidx/appcompat/app/d, implements ['Ldagger/hilt/internal/GeneratedComponentManagerHolder', 'Landroidx/appcompat/app/AppCompatCallback', 'Landroidx/core/app/f0$a', 'Landroidx/appcompat/app/b$c']
COMPONENT CONCAT > Lcom/doordash/driverapp/managers/qa;->d()Lio/reactivex/x; < extends Ljava/lang/Object, implements ['Lcom/doordash/driverapp/managers/ga']
COMPONENT CONCAT > Lcom/doordash/driverapp/managers/m3;->apply(Ljava/lang/Object;)Ljava/lang/Object; < extends Ljava/lang/Object, implements ['Lrv0/j']
COMPONENT CONCAT > Lcom/doordash/driverapp/managers/qa;->c(Ljava/lang/String;)Lio/reactivex/a; < extends Ljava/lang/Object, implements ['Lcom/doordash/driverapp/managers/ga']
COMPONENT CONCAT > Lcom/doordash/driverapp/ui/dasherdirectexperience/helpfaqs/DasherDirectHelpFaqsHubFragment;-><init>()V < extends Landroidx/fragment/app/Fragment, implements ['Ldagger/hilt/internal/GeneratedComponentManagerHolder', 'Landroid/content/ComponentCallbacks', 'Landroid/view/View$OnCreateContextMenuListener', 'Landroidx/lifecycle/LifecycleOwner', 'Landroidx/lifecycle/ViewModelStoreOwner', 'Landroidx/lifecycle/HasDefaultViewModelProviderFactory', 'Landroidx/savedstate/f', 'Lh/c']
COMPONENT CONCAT > Lcom/doordash/driverapp/ui/incentive/IncentiveFragment;->onViewCreated(Landroid/view/View;Landroid/os/Bundle;)V < extends Landroidx/fragment/app/Fragment, implements ['Ldagger/hilt/internal/GeneratedComponentManagerHolder', 'Landroid/content/ComponentCallbacks', 'Landroid/view/View$OnCreateContextMenuListener', 'Landroidx/lifecycle/LifecycleOwner', 'Landroidx/lifecycle/ViewModelStoreOwner', 'Landroidx/lifecycle/HasDefaultViewModelProviderFactory', 'Landroidx/savedstate/f', 'Lh/c']
COMPONENT CONCAT > Leo/a;->d(Landroid/content/Context;Ljava/lang/String;ZLandroidx/appcompat/app/d;)V < extends Ljava/lang/Object, implements ['Ldm/a']
MISSING ID > Lcom/doordash/driverapp/ui/onDash/droppingoff/DroppingOffFragment;->onViewCreated(Landroid/view/View;Landroid/os/Bundle;)V <
MISSING ID > Lcom/doordash/driverapp/ui/redCard/RedCardNotAddedWarningFragment;->onViewCreated(Landroid/view/View;Landroid/os/Bundle;)V <
COMPONENT CONCAT > Lcom/doordash/driverapp/ui/onDash/dropOff/verifyId/v2/VerifyIdV2Activity;->onCreate(Landroid/os/Bundle;)V < extends Landroidx/appcompat/app/d, implements ['Lcom/doordash/driverapp/ui/onDash/dropOff/checkId/v2/IdInvalidFragment$b', 'Ldagger/hilt/internal/GeneratedComponentManagerHolder', 'Landroidx/appcompat/app/AppCompatCallback', 'Landroidx/core/app/f0$a', 'Landroidx/appcompat/app/b$c']
COMPONENT CONCAT > Lcom/doordash/driverapp/ui/onDash/dropOff/verifyId/v2/VerifyIdV2Activity;->J0(Lcom/doordash/driverapp/ui/onDash/dropOff/checkId/AlcoholEventType;)V < extends Landroidx/appcompat/app/d, implements ['Lcom/doordash/driverapp/ui/onDash/dropOff/checkId/v2/IdInvalidFragment$b', 'Ldagger/hilt/internal/GeneratedComponentManagerHolder', 'Landroidx/appcompat/app/AppCompatCallback', 'Landroidx/core/app/f0$a', 'Landroidx/appcompat/app/b$c']
COMPONENT CONCAT > Lcom/doordash/driverapp/ui/onDash/dropOff/verifyId/v2/l;->onActivityResult(Ljava/lang/Object;)V < extends Ljava/lang/Object, implements ['Lh/b']
COMPONENT CONCAT > Lcom/doordash/driverapp/ui/onDash/dropOff/verifyId/v2/VerifyIdV2Activity;->g1()V < extends Landroidx/appcompat/app/d, implements ['Lcom/doordash/driverapp/ui/onDash/dropOff/checkId/v2/IdInvalidFragment$b', 'Ldagger/hilt/internal/GeneratedComponentManagerHolder', 'Landroidx/appcompat/app/AppCompatCallback', 'Landroidx/core/app/f0$a', 'Landroidx/appcompat/app/b$c']
COMPONENT CONCAT > Lcom/doordash/driverapp/ui/onDash/dropOff/verifyId/v2/VerifyIdV2Activity;->onOptionsItemSelected(Landroid/view/MenuItem;)Z < extends Landroidx/appcompat/app/d, implements ['Lcom/doordash/driverapp/ui/onDash/dropOff/checkId/v2/IdInvalidFragment$b', 'Ldagger/hilt/internal/GeneratedComponentManagerHolder', 'Landroidx/appcompat/app/AppCompatCallback', 'Landroidx/core/app/f0$a', 'Landroidx/appcompat/app/b$c']
COMPONENT CONCAT > Lcom/doordash/driverapp/ui/onDash/dropOff/verifyId/v2/VerifyIdV2Activity;->onActivityResult(IILandroid/content/Intent;)V < extends Landroidx/appcompat/app/d, implements ['Lcom/doordash/driverapp/ui/onDash/dropOff/checkId/v2/IdInvalidFragment$b', 'Ldagger/hilt/internal/GeneratedComponentManagerHolder', 'Landroidx/appcompat/app/AppCompatCallback', 'Landroidx/core/app/f0$a', 'Landroidx/appcompat/app/b$c']
COMPONENT CONCAT > Lcom/doordash/driverapp/ui/onDash/dropOff/verifyId/v2/VerifyIdV2Activity;->b1()V < extends Landroidx/appcompat/app/d, implements ['Lcom/doordash/driverapp/ui/onDash/dropOff/checkId/v2/IdInvalidFragment$b', 'Ldagger/hilt/internal/GeneratedComponentManagerHolder', 'Landroidx/appcompat/app/AppCompatCallback', 'Landroidx/core/app/f0$a', 'Landroidx/appcompat/app/b$c']
COMPONENT CONCAT > Lcom/doordash/driverapp/ui/onDash/dropOff/verifyId/v2/scandit/e;->onActivityResult(Ljava/lang/Object;)V < extends Ljava/lang/Object, implements ['Lh/b']
COMPONENT CONCAT > Lcom/doordash/driverapp/ui/selfHelp/z2;->accept(Ljava/lang/Object;)V < extends Ljava/lang/Object, implements ['Lrv0/f']
COMPONENT CONCAT > Lcom/doordash/driverapp/ui/dashboardV2/dashNow/epoxyviews/d;->Da(Ljava/lang/Object;Lcom/airbnb/epoxy/t;)V < extends Ljava/lang/Object, implements ['Lcom/airbnb/epoxy/y', 'Lcom/doordash/driverapp/ui/dashboardV2/dashNow/epoxyviews/c']
COMPONENT CONCAT > Lcom/doordash/driverapp/ui/onDash/shopdeliver/lego2/takephoto/LegoTakePhotoFragment;->e7()V < extends Landroidx/fragment/app/Fragment, implements ['Lcom/doordash/driverapp/ui/onDash/shopdeliver/common/k', 'Ldagger/hilt/internal/GeneratedComponentManagerHolder', 'Lcom/doordash/driverapp/ui/onDash/shopdeliver/lego2/base/bottomsheet/a', 'Landroid/content/ComponentCallbacks', 'Landroid/view/View$OnCreateContextMenuListener', 'Landroidx/lifecycle/LifecycleOwner', 'Landroidx/lifecycle/ViewModelStoreOwner', 'Landroidx/lifecycle/HasDefaultViewModelProviderFactory', 'Landroidx/savedstate/f', 'Lh/c']
COMPONENT CONCAT > Lcom/doordash/driverapp/ui/onDash/dropOff/barcodes/parcel/ParcelPackageScanningDropOffFragment;->onPause()V < extends Landroidx/fragment/app/Fragment, implements ['Lcom/doordash/driverapp/ui/onDash/pickup/parcelBatchPickup/adapter/k', 'Lcom/doordash/android/barcode/l', 'Ldagger/hilt/internal/GeneratedComponentManagerHolder', 'Landroid/content/ComponentCallbacks', 'Landroid/view/View$OnCreateContextMenuListener', 'Landroidx/lifecycle/LifecycleOwner', 'Landroidx/lifecycle/ViewModelStoreOwner', 'Landroidx/lifecycle/HasDefaultViewModelProviderFactory', 'Landroidx/savedstate/f', 'Lh/c']
COMPONENT CONCAT > Lcom/doordash/driverapp/ui/onDash/dropOff/barcodes/parcel/y;->run()V < extends Ljava/lang/Object, implements ['Lrv0/a']
COMPONENT CONCAT > Lcom/doordash/driverapp/ui/onDash/dropOff/barcodes/parcel/ParcelPackageScanningDropOffFragment;->onViewCreated(Landroid/view/View;Landroid/os/Bundle;)V < extends Landroidx/fragment/app/Fragment, implements ['Lcom/doordash/driverapp/ui/onDash/pickup/parcelBatchPickup/adapter/k', 'Lcom/doordash/android/barcode/l', 'Ldagger/hilt/internal/GeneratedComponentManagerHolder', 'Landroid/content/ComponentCallbacks', 'Landroid/view/View$OnCreateContextMenuListener', 'Landroidx/lifecycle/LifecycleOwner', 'Landroidx/lifecycle/ViewModelStoreOwner', 'Landroidx/lifecycle/HasDefaultViewModelProviderFactory', 'Landroidx/savedstate/f', 'Lh/c']
COMPONENT CONCAT > Lcom/doordash/driverapp/ui/onDash/dropOff/barcodes/barcodesSummary/BarcodeSummaryActivity;->onCreate(Landroid/os/Bundle;)V < extends Landroidx/appcompat/app/d, implements ['Lcom/doordash/driverapp/ui/commandoMode/CommandoModeInfoFragment$a', 'Lcom/doordash/android/barcode/l', 'Ldagger/hilt/internal/GeneratedComponentManagerHolder', 'Landroidx/appcompat/app/AppCompatCallback', 'Landroidx/core/app/f0$a', 'Landroidx/appcompat/app/b$c']
COMPONENT CONCAT > Lcom/doordash/driverapp/ui/onDash/dropOff/barcodes/parcel/ParcelPackageScanningDropOffFragment;->r4(Lx8/d;)V < extends Landroidx/fragment/app/Fragment, implements ['Lcom/doordash/driverapp/ui/onDash/pickup/parcelBatchPickup/adapter/k', 'Lcom/doordash/android/barcode/l', 'Ldagger/hilt/internal/GeneratedComponentManagerHolder', 'Landroid/content/ComponentCallbacks', 'Landroid/view/View$OnCreateContextMenuListener', 'Landroidx/lifecycle/LifecycleOwner', 'Landroidx/lifecycle/ViewModelStoreOwner', 'Landroidx/lifecycle/HasDefaultViewModelProviderFactory', 'Landroidx/savedstate/f', 'Lh/c']
COMPONENT CONCAT > Lcom/doordash/driverapp/ui/onDash/dropOff/barcodes/parcel/ParcelPackageScanningDropOffManualEntryDialogFragment;->V5(Lcom/doordash/android/dls/bottomsheet/BottomSheetModal;)V < extends Landroidx/appcompat/app/y, implements ['Ldagger/hilt/internal/GeneratedComponentManagerHolder']
COMPONENT CONCAT > Lcom/doordash/driverapp/ui/onDash/dropOff/barcodes/parcel/u;->run()V < extends Ljava/lang/Object, implements ['Lrv0/a']
COMPONENT CONCAT > Lcom/doordash/driverapp/ui/onDash/dropOff/barcodes/parcel/b0;->run()V < extends Ljava/lang/Object, implements ['Lrv0/a']
COMPONENT CONCAT > Lcom/doordash/driverapp/ui/onDash/dropOff/barcodes/parcel/ParcelPackageScanningDropOffFragment;->n6(Z)V < extends Landroidx/fragment/app/Fragment, implements ['Lcom/doordash/driverapp/ui/onDash/pickup/parcelBatchPickup/adapter/k', 'Lcom/doordash/android/barcode/l', 'Ldagger/hilt/internal/GeneratedComponentManagerHolder', 'Landroid/content/ComponentCallbacks', 'Landroid/view/View$OnCreateContextMenuListener', 'Landroidx/lifecycle/LifecycleOwner', 'Landroidx/lifecycle/ViewModelStoreOwner', 'Landroidx/lifecycle/HasDefaultViewModelProviderFactory', 'Landroidx/savedstate/f', 'Lh/c']
COMPONENT CONCAT > Lcom/doordash/driverapp/ui/onDash/dropOff/barcodes/parcel/ParcelPackageScanningDropOffFragment;->o6(Lh/a;)V < extends Landroidx/fragment/app/Fragment, implements ['Lcom/doordash/driverapp/ui/onDash/pickup/parcelBatchPickup/adapter/k', 'Lcom/doordash/android/barcode/l', 'Ldagger/hilt/internal/GeneratedComponentManagerHolder', 'Landroid/content/ComponentCallbacks', 'Landroid/view/View$OnCreateContextMenuListener', 'Landroidx/lifecycle/LifecycleOwner', 'Landroidx/lifecycle/ViewModelStoreOwner', 'Landroidx/lifecycle/HasDefaultViewModelProviderFactory', 'Landroidx/savedstate/f', 'Lh/c']
COMPONENT CONCAT > Lcom/doordash/driverapp/ui/onDash/goingtostore/b;->onActivityResult(Ljava/lang/Object;)V < extends Ljava/lang/Object, implements ['Lh/b']
MISSING ID > Lcom/doordash/driverapp/ui/onDash/goingtostore/GoingToStoreFragment;->onViewCreated(Landroid/view/View;Landroid/os/Bundle;)V <
COMPONENT CONCAT > Lcom/doordash/driverapp/ui/schedule/earlyAssign/deliveryDetail/EarlyAssignOrderDetailActivity;->onCreate(Landroid/os/Bundle;)V < extends Landroidx/appcompat/app/d, implements ['Ldagger/hilt/internal/GeneratedComponentManagerHolder', 'Landroidx/appcompat/app/AppCompatCallback', 'Landroidx/core/app/f0$a', 'Landroidx/appcompat/app/b$c']
COMPONENT CONCAT > Lcom/doordash/driverapp/ui/onDash/assignment/AssignmentActivity;->onCreate(Landroid/os/Bundle;)V < extends Landroidx/appcompat/app/d, implements ['Ldagger/hilt/internal/GeneratedComponentManagerHolder', 'Landroidx/appcompat/app/AppCompatCallback', 'Landroidx/core/app/f0$a', 'Landroidx/appcompat/app/b$c']
MISSING ID > Lcom/doordash/driverapp/ui/onDash/pickup/PickupItemsFragment;->onViewCreated(Landroid/view/View;Landroid/os/Bundle;)V <
COMPONENT CONCAT > Ljo/d;->c(Lcom/doordash/driverapp/ui/BaseDasherActivity;Ljava/lang/String;)V < extends Ljava/lang/Object, implements ['Ldm/b']
COMPONENT CONCAT > Lcom/doordash/driverapp/ui/trainingcourse/a;->onActivityResult(Ljava/lang/Object;)V < extends Ljava/lang/Object, implements ['Lh/b']
COMPONENT CONCAT > Lcom/doordash/driverapp/core/models/network/response/DeactivationAppealUiElement_SingleSelect_SingleSelectItemJsonAdapter;->fromJson(Lcom/squareup/moshi/JsonReader;)Ljava/lang/Object; < extends Ljava/lang/Object, implements []
MISSING ID > Lcom/doordash/driverapp/ui/onDash/pickup/receiptphoto/ReceiptPhotoVerificationDialog;->onViewCreated(Landroid/view/View;Landroid/os/Bundle;)V <
MISSING ID > Lcom/doordash/driverapp/ui/onDash/pickup/fullScreenEquipmentVerification/requestVerification/FullScreenEquipmentVerificationRequestDialog;->onViewCreated(Landroid/view/View;Landroid/os/Bundle;)V <
MISSING ID > Lcom/doordash/driverapp/ui/onDash/pickup/fullScreenEquipmentVerification/verifyResult/FullScreenPhotoVerificationResultDialog;->onViewCreated(Landroid/view/View;Landroid/os/Bundle;)V <
MISSING ID > Lcom/doordash/driverapp/ui/onDash/pickup/equipmenttrackingview/NoEquipmentWarningFragment;->onViewCreated(Landroid/view/View;Landroid/os/Bundle;)V <
COMPONENT CONCAT > Lcom/doordash/driverapp/ui/dashboardV2/g4;->a(Ljava/lang/Object;Ljava/lang/Object;Ljava/lang/Object;)Ljava/lang/Object; < extends Ljava/lang/Object, implements ['Lrv0/g']
COMPONENT CONCAT > Lcom/doordash/driverapp/ui/schedule/r;->accept(Ljava/lang/Object;)V < extends Ljava/lang/Object, implements ['Lrv0/f']
COMPONENT CONCAT > Lcom/doordash/driverapp/ui/onDash/timelinev2/t;->run()V < extends Ljava/lang/Object, implements ['Lrv0/a']
COMPONENT CONCAT > Lcom/doordash/driverapp/ui/dashboardV2/dashNow/DashNowActivity;->onOptionsItemSelected(Landroid/view/MenuItem;)Z < extends Landroidx/appcompat/app/d, implements ['Ldagger/hilt/internal/GeneratedComponentManagerHolder', 'Landroidx/appcompat/app/AppCompatCallback', 'Landroidx/core/app/f0$a', 'Landroidx/appcompat/app/b$c']
COMPONENT CONCAT > Lcom/doordash/driverapp/ui/onDash/pause/f0;->a()V < extends Ljava/lang/Object, implements ['Lcom/doordash/driverapp/ui/onDash/acceptDecline/l0']
COMPONENT CONCAT > Lcom/doordash/driverapp/ui/dashboardV2/dashNow/DashNowActivity;->onBackPressed()V < extends Landroidx/appcompat/app/d, implements ['Ldagger/hilt/internal/GeneratedComponentManagerHolder', 'Landroidx/appcompat/app/AppCompatCallback', 'Landroidx/core/app/f0$a', 'Landroidx/appcompat/app/b$c']
COMPONENT CONCAT > Lcom/doordash/driverapp/ui/dashboardV2/n2;->run()V < extends Ljava/lang/Object, implements ['Lrv0/a']
COMPONENT CONCAT > Lcom/doordash/driverapp/ui/onDash/timelinev2/b0;->run()V < extends Ljava/lang/Object, implements ['Lrv0/a']
COMPONENT CONCAT > Lcom/doordash/driverapp/managers/l4;->apply(Ljava/lang/Object;)Ljava/lang/Object; < extends Ljava/lang/Object, implements ['Lrv0/j']
COMPONENT CONCAT > Lcom/doordash/driverapp/ui/onDash/timelinev2/w;->run()V < extends Ljava/lang/Object, implements ['Lrv0/a']
COMPONENT CONCAT > Lcom/doordash/driverapp/ui/onDash/timelinev2/TimelineActivityV2;->onActivityResult(IILandroid/content/Intent;)V < extends Landroidx/appcompat/app/d, implements ['Lcom/doordash/driverapp/ui/onDash/timelinev2/p', 'Ldagger/hilt/internal/GeneratedComponentManagerHolder', 'Landroidx/appcompat/app/AppCompatCallback', 'Landroidx/core/app/f0$a', 'Landroidx/appcompat/app/b$c']
COMPONENT CONCAT > Lcom/doordash/driverapp/ui/onDash/timelinev2/g0;->run()V < extends Ljava/lang/Object, implements ['Lrv0/a']
COMPONENT CONCAT > Lcom/doordash/driverapp/ui/onDash/timelinev2/p0;->run()V < extends Ljava/lang/Object, implements ['Lrv0/a']
COMPONENT CONCAT > Lcom/doordash/driverapp/ui/dashboardV2/s3;->run()V < extends Ljava/lang/Object, implements ['Lrv0/a']
COMPONENT CONCAT > Lcom/doordash/driverapp/ui/dashboardV2/r;->onActivityResult(Ljava/lang/Object;)V < extends Ljava/lang/Object, implements ['Lh/b']
COMPONENT CONCAT > Lcom/doordash/driverapp/ui/dashboardV2/e4;->run()V < extends Ljava/lang/Object, implements ['Lrv0/a']
COMPONENT CONCAT > Lcom/doordash/driverapp/ui/dashboardV2/w2;->run()V < extends Ljava/lang/Object, implements ['Lrv0/a']
COMPONENT CONCAT > Lcom/doordash/driverapp/ui/dashboardV2/checkIn/CheckInActivity;->N4(Ljava/lang/String;Lcom/doordash/driverapp/ui/dashboardV2/checkIn/u;)V < extends Landroidx/appcompat/app/d, implements ['Lcom/doordash/driverapp/ui/schedule/earlyAssign/unassign/h$b', 'Lcom/doordash/driverapp/ui/dashboardV2/checkIn/v', 'Ldagger/hilt/internal/GeneratedComponentManagerHolder', 'Landroidx/appcompat/app/AppCompatCallback', 'Landroidx/core/app/f0$a', 'Landroidx/appcompat/app/b$c']
COMPONENT CONCAT > Lcom/doordash/driverapp/ui/dashboardV2/announcement/i;->onActivityResult(Ljava/lang/Object;)V < extends Ljava/lang/Object, implements ['Lh/b']
COMPONENT CONCAT > Lcom/doordash/driverapp/ui/dashboardV2/dashNow/DashNowActivity;->onActivityResult(IILandroid/content/Intent;)V < extends Landroidx/appcompat/app/d, implements ['Ldagger/hilt/internal/GeneratedComponentManagerHolder', 'Landroidx/appcompat/app/AppCompatCallback', 'Landroidx/core/app/f0$a', 'Landroidx/appcompat/app/b$c']
COMPONENT CONCAT > Lcom/doordash/driverapp/ui/onDash/timelinev2/z;->run()V < extends Ljava/lang/Object, implements ['Lrv0/a']
COMPONENT CONCAT > Lcom/doordash/driverapp/ui/onDash/switchsp/SwitchSpConfirmationActivity;->onCreate(Landroid/os/Bundle;)V < extends Landroidx/appcompat/app/d, implements ['Ldagger/hilt/internal/GeneratedComponentManagerHolder', 'Landroidx/appcompat/app/AppCompatCallback', 'Landroidx/core/app/f0$a', 'Landroidx/appcompat/app/b$c']
COMPONENT CONCAT > Lcom/doordash/driverapp/core/models/network/response/timemode/DashNowInfoResponseJsonAdapter;->toJson(Lcom/squareup/moshi/JsonWriter;Ljava/lang/Object;)V < extends Ljava/lang/Object, implements []
COMPONENT CONCAT > Lcom/doordash/driverapp/ui/onDash/shopdeliver/shoppingtabs/ShoppingTabFragment;->onViewCreated(Landroid/view/View;Landroid/os/Bundle;)V < extends Landroidx/fragment/app/Fragment, implements ['Lcom/doordash/driverapp/ui/onDash/shopdeliver/enteritemweight/j', 'Lcom/doordash/driverapp/ui/onDash/shopdeliver/common/k', 'Ldagger/hilt/internal/GeneratedComponentManagerHolder', 'Landroid/content/ComponentCallbacks', 'Landroid/view/View$OnCreateContextMenuListener', 'Landroidx/lifecycle/LifecycleOwner', 'Landroidx/lifecycle/ViewModelStoreOwner', 'Landroidx/lifecycle/HasDefaultViewModelProviderFactory', 'Landroidx/savedstate/f', 'Lh/c']
COMPONENT CONCAT > Lcom/doordash/driverapp/ui/selfHelp/cashOnDeliveryIssues/epoxy/EpoxyCashIssueConfirmInstructionController;->buildModels(Ljava/lang/Object;)V < extends Ljava/lang/Object, implements ['Lcom/airbnb/epoxy/g0']
COMPONENT CONCAT > Lcom/doordash/driverapp/ui/settings/view/equipments/education/EquipmentVerificationEducationController;->buildModels(Ljava/lang/Object;)V < extends Ljava/lang/Object, implements ['Lcom/airbnb/epoxy/g0']
COMPONENT CONCAT > Lcom/doordash/driverapp/ui/parcelWaitlist/epoxy/EpoxyParcelWaitlistMainStateController;->buildModels(Ljava/lang/Object;)V < extends Ljava/lang/Object, implements ['Lcom/airbnb/epoxy/g0']
COMPONENT CONCAT > Lcom/doordash/driverapp/ui/onDash/acceptDecline/p2pdeliveryeducation/TextViewEpoxyController;->buildModels(Ljava/lang/Object;)V < extends Ljava/lang/Object, implements ['Lcom/airbnb/epoxy/g0']
COMPONENT CONCAT > Lcom/doordash/driverapp/ui/onDash/donutDispatch/EpoxyDxTooCloseController;->buildModels(Ljava/lang/Object;)V < extends Ljava/lang/Object, implements ['Lcom/airbnb/epoxy/g0']
COMPONENT CONCAT > Lcom/doordash/driverapp/ui/marketplacereturns/SelfHelpAlcoholVerificationIssueFragment;->r3()V < extends Landroidx/fragment/app/Fragment, implements ['Lcom/doordash/driverapp/ui/selfHelp/q4', 'Landroid/content/ComponentCallbacks', 'Landroid/view/View$OnCreateContextMenuListener', 'Landroidx/lifecycle/LifecycleOwner', 'Landroidx/lifecycle/ViewModelStoreOwner', 'Landroidx/lifecycle/HasDefaultViewModelProviderFactory', 'Landroidx/savedstate/f', 'Lh/c']
