MISSING ID > Lcom/expressvpn/vpn/ui/user/autoconnect/n;->onCreateView(Landroid/view/LayoutInflater;Landroid/view/ViewGroup;Landroid/os/Bundle;)Landroid/view/View; <
COMPONENT CONCAT > Lcom/expressvpn/vpn/ui/vpn/VpnFragment;->q0()V < extends Landroidx/fragment/app/Fragment, implements ['Lcom/expressvpn/vpn/ui/vpn/VpnPresenter$View', 'Lcom/expressvpn/vpn/ui/vpn/Obi1View$g', 'Landroid/content/ComponentCallbacks', 'Landroid/view/View$OnCreateContextMenuListener', 'Landroidx/lifecycle/z', 'Landroidx/lifecycle/k0', 'Landroidx/lifecycle/p', 'Landroidx/savedstate/e']
COMPONENT CONCAT > Lcom/expressvpn/vpn/ui/vpn/VpnFragment;->u4()V < extends Landroidx/fragment/app/Fragment, implements ['Lcom/expressvpn/vpn/ui/vpn/VpnPresenter$View', 'Lcom/expressvpn/vpn/ui/vpn/Obi1View$g', 'Landroid/content/ComponentCallbacks', 'Landroid/view/View$OnCreateContextMenuListener', 'Landroidx/lifecycle/z', 'Landroidx/lifecycle/k0', 'Landroidx/lifecycle/p', 'Landroidx/savedstate/e']
COMPONENT CONCAT > Lcom/expressvpn/vpn/ui/user/settings/VPNSettingsSectionFactory;->a(Lk4/b;Lkotlin/coroutines/c;)Ljava/lang/Object; < extends Ljava/lang/Object, implements ['Lk4/c']
COMPONENT CONCAT > Lcom/expressvpn/vpn/ui/vpn/VpnFragment;->a6()V < extends Landroidx/fragment/app/Fragment, implements ['Lcom/expressvpn/vpn/ui/vpn/VpnPresenter$View', 'Lcom/expressvpn/vpn/ui/vpn/Obi1View$g', 'Landroid/content/ComponentCallbacks', 'Landroid/view/View$OnCreateContextMenuListener', 'Landroidx/lifecycle/z', 'Landroidx/lifecycle/k0', 'Landroidx/lifecycle/p', 'Landroidx/savedstate/e']
COMPONENT CONCAT > Lcom/expressvpn/vpn/home/view/HomeActivity;->onCreate(Landroid/os/Bundle;)V < extends Landroidx/appcompat/app/c, implements ['LQ8/c', 'Landroidx/appcompat/app/d', 'Landroidx/core/app/B$a']
COMPONENT CONCAT > Lcom/expressvpn/vpn/data/unsecure/network/d;->onEvent(Lcom/expressvpn/vpn/data/unsecure/network/UnsecureNetworkNudgePreferences$a;)V < extends Ljava/lang/Object, implements []
COMPONENT CONCAT > Lcom/expressvpn/vpn/data/unsecure/network/d;->onEvent(Lcom/expressvpn/xvclient/Subscription;)V < extends Ljava/lang/Object, implements []
COMPONENT CONCAT > Lcom/expressvpn/vpn/data/unsecure/network/d;->onEvent(Lcom/expressvpn/xvclient/Client$ActivationState;)V < extends Ljava/lang/Object, implements []
COMPONENT CONCAT > Lcom/expressvpn/vpn/ui/vpn/VpnFragment;->L5()V < extends Landroidx/fragment/app/Fragment, implements ['Lcom/expressvpn/vpn/ui/vpn/VpnPresenter$View', 'Lcom/expressvpn/vpn/ui/vpn/Obi1View$g', 'Landroid/content/ComponentCallbacks', 'Landroid/view/View$OnCreateContextMenuListener', 'Landroidx/lifecycle/z', 'Landroidx/lifecycle/k0', 'Landroidx/lifecycle/p', 'Landroidx/savedstate/e']
COMPONENT CONCAT > Lcom/expressvpn/vpn/ui/user/SecureDevicesActivity;->onCreate(Landroid/os/Bundle;)V < extends Landroidx/appcompat/app/c, implements ['Ldagger/android/g', 'Landroidx/appcompat/app/d', 'Landroidx/core/app/B$a']
COMPONENT CONCAT > Lcom/expressvpn/vpn/iap/google/ui/IapPlanSelectorComposeActivity;->onCreate(Landroid/os/Bundle;)V < extends Landroidx/appcompat/app/c, implements ['Landroidx/appcompat/app/d', 'Landroidx/core/app/B$a']
COMPONENT CONCAT > Lcom/expressvpn/vpn/ui/user/supportv2/category/HelpSupportCategoryActivity;->onCreate(Landroid/os/Bundle;)V < extends Landroidx/appcompat/app/c, implements ['Ldagger/android/g', 'Landroidx/appcompat/app/d', 'Landroidx/core/app/B$a']
MISSING ID > Lcom/expressvpn/vpn/ui/location/LocationFragment;->onOptionsItemSelected(Landroid/view/MenuItem;)Z <
COMPONENT CONCAT > Lcom/expressvpn/vpn/ui/vpn/VpnFragment;->d()V < extends Landroidx/fragment/app/Fragment, implements ['Lcom/expressvpn/vpn/ui/vpn/VpnPresenter$View', 'Lcom/expressvpn/vpn/ui/vpn/Obi1View$g', 'Landroid/content/ComponentCallbacks', 'Landroid/view/View$OnCreateContextMenuListener', 'Landroidx/lifecycle/z', 'Landroidx/lifecycle/k0', 'Landroidx/lifecycle/p', 'Landroidx/savedstate/e']
COMPONENT CONCAT > Lcom/expressvpn/vpn/ui/widget/LargeWidget;->onEvent(Lcom/expressvpn/sharedandroid/vpn/VpnServiceError;)V < extends Ljava/lang/Object, implements []
COMPONENT CONCAT > Lcom/expressvpn/vpn/ui/widget/LargeWidget;->onEvent(Lcom/expressvpn/sharedandroid/vpn/q;)V < extends Ljava/lang/Object, implements []
COMPONENT CONCAT > Lcom/expressvpn/vpn/ui/widget/LargeWidget;->onEvent(Lcom/expressvpn/sharedandroid/vpn/VpnServiceState;)V < extends Ljava/lang/Object, implements []
COMPONENT CONCAT > Lcom/expressvpn/vpn/ui/user/VpnRevokedErrorActivity;->onCreate(Landroid/os/Bundle;)V < extends Landroidx/appcompat/app/c, implements ['Landroidx/appcompat/app/d', 'Landroidx/core/app/B$a']
COMPONENT CONCAT > Lcom/expressvpn/vpn/ui/vpn/VpnFragment;->c2()V < extends Landroidx/fragment/app/Fragment, implements ['Lcom/expressvpn/vpn/ui/vpn/VpnPresenter$View', 'Lcom/expressvpn/vpn/ui/vpn/Obi1View$g', 'Landroid/content/ComponentCallbacks', 'Landroid/view/View$OnCreateContextMenuListener', 'Landroidx/lifecycle/z', 'Landroidx/lifecycle/k0', 'Landroidx/lifecycle/p', 'Landroidx/savedstate/e']
COMPONENT CONCAT > Lcom/expressvpn/vpn/ui/user/VpnConnectingFailedActivity;->onCreate(Landroid/os/Bundle;)V < extends Landroidx/appcompat/app/c, implements ['Landroidx/appcompat/app/d', 'Landroidx/core/app/B$a']
COMPONENT CONCAT > Lcom/expressvpn/vpn/ui/widget/LargeWidget;->onEvent(Lcom/kape/android/xvclient/api/ClientObserver$ClientSharedEvent;)V < extends Ljava/lang/Object, implements []
COMPONENT CONCAT > Lcom/expressvpn/vpn/ui/user/tools/ToolsActivity;->onCreate(Landroid/os/Bundle;)V < extends Landroidx/appcompat/app/c, implements ['Ldagger/android/g', 'Landroidx/appcompat/app/d', 'Landroidx/core/app/B$a']
COMPONENT CONCAT > Lcom/expressvpn/vpn/ui/vpn/VpnFragment;->k4()V < extends Landroidx/fragment/app/Fragment, implements ['Lcom/expressvpn/vpn/ui/vpn/VpnPresenter$View', 'Lcom/expressvpn/vpn/ui/vpn/Obi1View$g', 'Landroid/content/ComponentCallbacks', 'Landroid/view/View$OnCreateContextMenuListener', 'Landroidx/lifecycle/z', 'Landroidx/lifecycle/k0', 'Landroidx/lifecycle/p', 'Landroidx/savedstate/e']
COMPONENT CONCAT > Lcom/expressvpn/vpn/ui/user/settings/OtherSettingsSectionFactory;->a(Lk4/b;Lkotlin/coroutines/c;)Ljava/lang/Object; < extends Ljava/lang/Object, implements ['Lk4/c']
COMPONENT CONCAT > Lcom/expressvpn/vpn/ui/user/SubscriptionExpiredErrorRootFragment;->G2()V < extends Landroidx/fragment/app/Fragment, implements ['Lcom/expressvpn/vpn/ui/user/ExpiredErrorPresenter$a', 'Ldagger/android/g', 'Landroid/content/ComponentCallbacks', 'Landroid/view/View$OnCreateContextMenuListener', 'Landroidx/lifecycle/z', 'Landroidx/lifecycle/k0', 'Landroidx/lifecycle/p', 'Landroidx/savedstate/e']
COMPONENT CONCAT > Lcom/expressvpn/vpn/ui/widget/LargeWidget;->onEvent(Lcom/expressvpn/xvclient/Client$ActivationState;)V < extends Ljava/lang/Object, implements []
COMPONENT CONCAT > Lg4/a;->onActivationStateChanged(Lcom/expressvpn/xvclient/Client$ActivationState;)V < extends Ljava/lang/Object, implements []
COMPONENT CONCAT > Lcom/expressvpn/vpn/ui/vpn/VpnFragment;->A0()V < extends Landroidx/fragment/app/Fragment, implements ['Lcom/expressvpn/vpn/ui/vpn/VpnPresenter$View', 'Lcom/expressvpn/vpn/ui/vpn/Obi1View$g', 'Landroid/content/ComponentCallbacks', 'Landroid/view/View$OnCreateContextMenuListener', 'Landroidx/lifecycle/z', 'Landroidx/lifecycle/k0', 'Landroidx/lifecycle/p', 'Landroidx/savedstate/e']
COMPONENT CONCAT > Lcom/expressvpn/vpn/ui/vpn/VpnFragment;->a4()V < extends Landroidx/fragment/app/Fragment, implements ['Lcom/expressvpn/vpn/ui/vpn/VpnPresenter$View', 'Lcom/expressvpn/vpn/ui/vpn/Obi1View$g', 'Landroid/content/ComponentCallbacks', 'Landroid/view/View$OnCreateContextMenuListener', 'Landroidx/lifecycle/z', 'Landroidx/lifecycle/k0', 'Landroidx/lifecycle/p', 'Landroidx/savedstate/e']
COMPONENT CONCAT > Lcom/expressvpn/vpn/iap/google/ui/IapSubscriptionUpdateActivity;->onCreate(Landroid/os/Bundle;)V < extends Landroidx/appcompat/app/c, implements ['Lcom/expressvpn/vpn/iap/google/ui/K', 'Landroidx/appcompat/app/d', 'Landroidx/core/app/B$a']
COMPONENT CONCAT > Lcom/expressvpn/vpn/iap/google/ui/IapSubscriptionUpdateActivity;->x(Ljava/util/List;Ljava/lang/String;)V < extends Landroidx/appcompat/app/c, implements ['Lcom/expressvpn/vpn/iap/google/ui/K', 'Landroidx/appcompat/app/d', 'Landroidx/core/app/B$a']
COMPONENT CONCAT > Lcom/expressvpn/vpn/iap/google/a;->b(I)Landroidx/fragment/app/Fragment; < extends Ljava/lang/Object, implements ['Lq4/c']
COMPONENT CONCAT > Lcom/expressvpn/vpn/iap/google/ui/IapSubscriptionUpdateActivity;->G()V < extends Landroidx/appcompat/app/c, implements ['Lcom/expressvpn/vpn/iap/google/ui/K', 'Landroidx/appcompat/app/d', 'Landroidx/core/app/B$a']
COMPONENT CONCAT > Lcom/expressvpn/vpn/ui/user/SubscriptionExpiredErrorRootFragment;->B0()V < extends Landroidx/fragment/app/Fragment, implements ['Lcom/expressvpn/vpn/ui/user/ExpiredErrorPresenter$a', 'Ldagger/android/g', 'Landroid/content/ComponentCallbacks', 'Landroid/view/View$OnCreateContextMenuListener', 'Landroidx/lifecycle/z', 'Landroidx/lifecycle/k0', 'Landroidx/lifecycle/p', 'Landroidx/savedstate/e']
COMPONENT CONCAT > Lcom/expressvpn/vpn/home/tv/view/HomeActivity;-><init>()V < extends Landroidx/appcompat/app/c, implements ['Ls7/a', 'LQ8/c', 'Landroidx/appcompat/app/d', 'Landroidx/core/app/B$a']
COMPONENT CONCAT > Lcom/expressvpn/vpn/home/tv/view/HomeActivity;->onCreate(Landroid/os/Bundle;)V < extends Landroidx/appcompat/app/c, implements ['Ls7/a', 'LQ8/c', 'Landroidx/appcompat/app/d', 'Landroidx/core/app/B$a']
COMPONENT CONCAT > Lcom/expressvpn/vpn/ui/vpn/VpnFragment;->onStart()V < extends Landroidx/fragment/app/Fragment, implements ['Lcom/expressvpn/vpn/ui/vpn/VpnPresenter$View', 'Lcom/expressvpn/vpn/ui/vpn/Obi1View$g', 'Landroid/content/ComponentCallbacks', 'Landroid/view/View$OnCreateContextMenuListener', 'Landroidx/lifecycle/z', 'Landroidx/lifecycle/k0', 'Landroidx/lifecycle/p', 'Landroidx/savedstate/e']
COMPONENT CONCAT > Lcom/expressvpn/vpn/ui/user/SecureDevicesPresenter;->a()V < extends Ljava/lang/Object, implements ['Lcom/expressvpn/vpn/ui/user/securedevices/SecureDevicesSendEmailHandler$b']
COMPONENT CONCAT > Lcom/expressvpn/vpn/ui/vpn/VpnFragment;->I1()V < extends Landroidx/fragment/app/Fragment, implements ['Lcom/expressvpn/vpn/ui/vpn/VpnPresenter$View', 'Lcom/expressvpn/vpn/ui/vpn/Obi1View$g', 'Landroid/content/ComponentCallbacks', 'Landroid/view/View$OnCreateContextMenuListener', 'Landroidx/lifecycle/z', 'Landroidx/lifecycle/k0', 'Landroidx/lifecycle/p', 'Landroidx/savedstate/e']
COMPONENT CONCAT > Lcom/expressvpn/vpn/ui/vpn/VpnFragment;->b5()V < extends Landroidx/fragment/app/Fragment, implements ['Lcom/expressvpn/vpn/ui/vpn/VpnPresenter$View', 'Lcom/expressvpn/vpn/ui/vpn/Obi1View$g', 'Landroid/content/ComponentCallbacks', 'Landroid/view/View$OnCreateContextMenuListener', 'Landroidx/lifecycle/z', 'Landroidx/lifecycle/k0', 'Landroidx/lifecycle/p', 'Landroidx/savedstate/e']
MISSING ID > Lcom/expressvpn/vpn/ui/user/supportv2/error/d;->onCreateView(Landroid/view/LayoutInflater;Landroid/view/ViewGroup;Landroid/os/Bundle;)Landroid/view/View; <
MISSING ID > Lcom/expressvpn/vpn/ui/user/supportv2/error/b;->onClick(Landroid/view/View;)V <
MISSING ID > Lcom/expressvpn/vpn/ui/user/supportv2/error/d;->x6(Lcom/expressvpn/vpn/ui/user/supportv2/error/d;Landroid/view/View;)V <
MISSING ID > Lcom/expressvpn/vpn/ui/user/supportv2/error/d;->C6(Lcom/expressvpn/vpn/ui/user/supportv2/error/d;Landroid/view/View;)V <
COMPONENT CONCAT > Lcom/expressvpn/vpn/tv/navigation/TvVpnGraphImpl;->b(Landroidx/navigation/NavGraphBuilder;Landroidx/navigation/NavController;Ls9/l;Ls9/l;Ls9/l;)V < extends Ljava/lang/Object, implements ['LF7/b']
COMPONENT CONCAT > Lcom/expressvpn/vpn/iap/google/ui/IapSubscriptionUpdateActivity;->J()V < extends Landroidx/appcompat/app/c, implements ['Lcom/expressvpn/vpn/iap/google/ui/K', 'Landroidx/appcompat/app/d', 'Landroidx/core/app/B$a']
COMPONENT CONCAT > Lcom/expressvpn/vpn/iap/google/ui/IapSubscriptionUpdatePresenter;->onEvent(Lcom/expressvpn/xvclient/Subscription;)V < extends Ljava/lang/Object, implements []
COMPONENT CONCAT > Lcom/expressvpn/vpn/iap/google/ui/IapSubscriptionUpdateActivity;->A()V < extends Landroidx/appcompat/app/c, implements ['Lcom/expressvpn/vpn/iap/google/ui/K', 'Landroidx/appcompat/app/d', 'Landroidx/core/app/B$a']
COMPONENT CONCAT > Lcom/expressvpn/vpn/ui/vpn/VpnPresenter;->a()V < extends Ljava/lang/Object, implements ['LC3/h$c', 'LZ3/a$a', 'Lcom/expressvpn/vpn/data/autoconnect/q', 'Lcom/expressvpn/sharedandroid/vpn/usage/VpnUsageMonitor$a', 'Lcom/expressvpn/inappeducation/InAppEducationCategory$a']
COMPONENT CONCAT > Lcom/expressvpn/vpn/ui/vpn/VpnFragment;->h6()V < extends Landroidx/fragment/app/Fragment, implements ['Lcom/expressvpn/vpn/ui/vpn/VpnPresenter$View', 'Lcom/expressvpn/vpn/ui/vpn/Obi1View$g', 'Landroid/content/ComponentCallbacks', 'Landroid/view/View$OnCreateContextMenuListener', 'Landroidx/lifecycle/z', 'Landroidx/lifecycle/k0', 'Landroidx/lifecycle/p', 'Landroidx/savedstate/e']
COMPONENT CONCAT > Lcom/expressvpn/vpn/ui/vpn/VpnPresenter;->h()V < extends Ljava/lang/Object, implements ['LC3/h$c', 'LZ3/a$a', 'Lcom/expressvpn/vpn/data/autoconnect/q', 'Lcom/expressvpn/sharedandroid/vpn/usage/VpnUsageMonitor$a', 'Lcom/expressvpn/inappeducation/InAppEducationCategory$a']
MISSING ID > Lcom/expressvpn/vpn/ui/location/LocationFragment;->onCreateView(Landroid/view/LayoutInflater;Landroid/view/ViewGroup;Landroid/os/Bundle;)Landroid/view/View; <
MISSING ID > Lcom/expressvpn/vpn/ui/location/q;->onClick(Landroid/view/View;)V <
MISSING ID > Lcom/expressvpn/vpn/ui/location/s$b;->onCreateViewHolder(Landroid/view/ViewGroup;I)Landroidx/recyclerview/widget/RecyclerView$E; <
MISSING ID > Lcom/expressvpn/vpn/ui/location/s$b;->g(Landroid/view/ViewGroup;I)Lcom/expressvpn/vpn/ui/location/s$b$a; <
MISSING ID > Lcom/expressvpn/vpn/ui/location/t;->onClick(Landroid/view/View;)V <
MISSING ID > Lcom/expressvpn/vpn/ui/location/s$b$a;->b(Lcom/expressvpn/vpn/ui/location/s$b$a;Landroid/view/View;)V <
MISSING ID > Lcom/expressvpn/vpn/ui/location/r;->onClick(Landroid/view/View;)V <
