COMPONENT CONCAT > Lcom/chase/sig/android/aggregation/uplift/repo/impl/ExternalAccountsRepositoryImpl;->c0(Lkotlin/coroutines/Ñ;)Ljava/lang/Object; < extends Ljava/lang/Object, implements ['LCx0/Á']
COMPONENT CONCAT > Lcom/chase/sig/android/aggregation/uplift/repo/impl/ExternalAccountsRepositoryImpl;->d0(Lkotlin/coroutines/Ñ;)Ljava/lang/Object; < extends Ljava/lang/Object, implements ['LCx0/Á']
COMPONENT CONCAT > Lcom/chase/sig/android/benefitsDashboard/view/MobileNextRewardBenefitsDashboardFragment;->onViewCreated(Landroid/view/View;Landroid/os/Bundle;)V < extends Liu/ñ, implements []
COMPONENT CONCAT > Lcom/chase/sig/android/cardactivation/ui/CardActivationFragment;->onViewCreated(Landroid/view/View;Landroid/os/Bundle;)V < extends Liu/ñ, implements ['Ldr0/Á']
COMPONENT CONCAT > Lcom/chase/sig/android/routers/CreditJourneyRouter;->Í(Landroid/content/Context;LRq0/Í;Ljava/lang/String;)LcM0/I; < extends Ljava/lang/Object, implements ['Let/Á', 'Lcom/chase/android/core/componentarchitecture/routing/deeplinkprovider/Ú']
COMPONENT CONCAT > Lcom/chase/sig/android/activity/X3;->Á(Ljava/lang/String;)V < extends Ljava/lang/Object, implements ['Lcom/chase/android/core/util/M']
COMPONENT CONCAT > Lcom/chase/sig/android/dashboard/bottomnavigation/view/BenefitsBottomNavigationTabCoordinator;->É(Ljs/Á;)V < extends Ljava/lang/Object, implements ['Lcom/chase/android/core/componentarchitecture/bottomnavigation/viewmodels/Á']
COMPONENT CONCAT > LFw0/Í;->onChanged(Ljava/lang/Object;)V < extends LFw0/Í, implements []
COMPONENT CONCAT > Llv0/á;->onViewCreated(Landroid/view/View;Landroid/os/Bundle;)V < extends Llv0/á, implements []
COMPONENT CONCAT > Llv0/Ú;->onChanged(Ljava/lang/Object;)V < extends Llv0/Ú, implements []
COMPONENT CONCAT > Llv0/Ñ;->onChanged(Ljava/lang/Object;)V < extends Llv0/Ñ, implements []
COMPONENT CONCAT > Lcom/chase/sig/android/activity/ThingsYouCanDoItems;-><clinit>()V < extends Ljava/lang/Enum, implements []
COMPONENT CONCAT > Lcom/chase/sig/android/activity/hybrid/é;->onChanged(Ljava/lang/Object;)V < extends Lcom/chase/sig/android/activity/hybrid/é, implements []
COMPONENT CONCAT > Lcom/chase/sig/android/activity/hybrid/á;->onChanged(Ljava/lang/Object;)V < extends Lcom/chase/sig/android/activity/hybrid/á, implements []
COMPONENT CONCAT > LFw0/á;->P4(Lcom/chase/dmf/android/jpmdskitcommon/internal/í;Ljava/util/Calendar;)V < extends LFw0/á, implements []
COMPONENT CONCAT > LFw0/ú;->onViewCreated(Landroid/view/View;Landroid/os/Bundle;)V < extends LFw0/ú, implements []
COMPONENT CONCAT > LFw0/Ó;->P4(Lcom/chase/dmf/android/jpmdskitcommon/internal/í;Ljava/util/Calendar;)V < extends LFw0/Ó, implements []
COMPONENT CONCAT > LHB0/É;->Á()LHB0/Á$Á; < extends LHB0/É, implements []
COMPONENT CONCAT > Lcom/chase/sig/android/activity/Z3;->onViewCreated(Landroid/view/View;Landroid/os/Bundle;)V < extends Liu/ñ, implements ['LbD0/É']
COMPONENT CONCAT > Lcom/chase/sig/android/benefitsDashboard/dataSource/BenefitsDashboardModuleListDataSourceImpl;->É(Lcom/chase/android/core/model/dashboardModuleList/creditCardDetails/CardAccount;)LcM0/B; < extends Ljava/lang/Object, implements ['Lcom/chase/sig/android/benefitsDashboard/dataSource/Á']
COMPONENT CONCAT > Lcom/chase/sig/android/shoppinghub/view/widget/Ú;->run()V < extends Lcom/chase/sig/android/shoppinghub/view/widget/Ú, implements []
COMPONENT CONCAT > Lcom/chase/sig/android/activity/hybrid/HybridInterstitialActivity;->onFundAccount(Ljava/lang/String;)V < extends Lcom/chase/dmf/android/jpkit/Ñ, implements ['Lcom/chase/android/core/hybrid/j', 'Lcom/chase/android/core/util/q$Á', 'Ldr0/Á', 'Ltt/Ó', 'LZs0/Á', 'LAu/Á$É', 'LAu/ñ$É', 'LAu/Ó$Í', 'Lcom/chase/android/core/base/H$Á']
COMPONENT CONCAT > Lcom/chase/sig/android/welcomecard/view/WelcomeToCardContentViewFragment;->onViewCreated(Landroid/view/View;Landroid/os/Bundle;)V < extends Liu/ñ, implements ['LAs/Í$É']
COMPONENT CONCAT > LCB0/Í;->apply(Ljava/lang/Object;)Ljava/lang/Object; < extends LCB0/Í, implements []
COMPONENT CONCAT > Lcom/chase/sig/android/dashboard/routecoordinators/FeedbackRouteCoordinator;->Á()LcM0/É; < extends Lcom/chase/android/core/componentarchitecture/routing/é, implements []
COMPONENT CONCAT > Lcom/chase/sig/android/viewmodel/impl/ñ;->apply(Ljava/lang/Object;)Ljava/lang/Object; < extends Lcom/chase/sig/android/viewmodel/impl/ñ, implements []
COMPONENT CONCAT > Lgx0/É;->onClick(Landroid/view/View;)V < extends Lgx0/É, implements []
COMPONENT CONCAT > Lcom/chase/sig/android/activity/Z3;->w6(I)V < extends Liu/ñ, implements ['LbD0/É']
COMPONENT CONCAT > Lcom/chase/sig/android/activity/Z3;->onActivityResult(IILandroid/content/Intent;)V < extends Liu/ñ, implements ['LbD0/É']
COMPONENT CONCAT > Lcom/chase/sig/android/dashboard/routecoordinators/L1;->apply(Ljava/lang/Object;)Ljava/lang/Object; < extends Ljava/lang/Object, implements ['LiM0/A']
COMPONENT CONCAT > Lcom/chase/sig/android/dashboard/routecoordinators/InvestmentAccountsTransferRouteCoordinator;->Á()LcM0/É; < extends Lcom/chase/android/core/componentarchitecture/routing/é, implements []
COMPONENT CONCAT > LVv0/Q;->Z(Landroidx/recyclerview/widget/RecyclerView$P;I)V < extends LmG0/Ü, implements []
COMPONENT CONCAT > Lcom/chase/sig/android/util/N;->accept(Ljava/lang/Object;)V < extends Ljava/lang/Object, implements ['LiM0/Ü']
COMPONENT CONCAT > Lcom/chase/sig/android/activity/dda/E;->Z(Landroidx/recyclerview/widget/RecyclerView$P;I)V < extends LmG0/Ü, implements []
COMPONENT CONCAT > Lcom/chase/sig/android/dashboard/routecoordinators/InvestmentAccountsTradeRouteCoordinator;->Á()LcM0/É; < extends Lcom/chase/android/core/componentarchitecture/routing/é, implements []
COMPONENT CONCAT > Lcom/chase/sig/android/activity/dda/é;->onClick(Landroid/view/View;)V < extends Lcom/chase/sig/android/activity/dda/é, implements []
COMPONENT CONCAT > Lcom/chase/sig/android/activity/q3;->U(Ljava/lang/String;Landroid/os/Bundle;)Landroid/app/Dialog; < extends Landroid/app/DialogFragment, implements []
COMPONENT CONCAT > Lcom/chase/sig/android/activity/e2;->onCreateDialog(Landroid/os/Bundle;)Landroid/app/Dialog; < extends Landroid/app/DialogFragment, implements []
COMPONENT CONCAT > Lcom/chase/sig/android/dashboard/bottomnavigation/view/BottomNavigationContainerActivity;-><init>()V < extends Lcom/chase/dmf/android/jpkit/Ñ, implements ['Ldr0/É', 'LxB0/É', 'Landroid/view/View$OnClickListener', 'Ldr0/Á', 'LxB0/Á', 'LLt/ó', 'Lcom/chase/sig/android/nudge/home/view/Á', 'Lcom/chase/sig/android/dashboard/bottomnavigation/view/I', 'LjC0/É$Í', 'Lcom/chase/android/core/componentarchitecture/bottomnavigation/views/BottomNavigationController$É', 'LUD/f$É', 'Lcom/chase/android/dashboard/dashboards/architecture/common/views/Á', 'Lcom/chase/android/core/util/q$Á', 'Ldr0/Á', 'Ltt/Ó', 'LZs0/Á', 'LAu/Á$É', 'LAu/ñ$É', 'LAu/Ó$Í', 'Lcom/chase/android/core/base/H$Á']
COMPONENT CONCAT > Lcom/chase/sig/android/dashboard/routecoordinators/D2;->apply(Ljava/lang/Object;)Ljava/lang/Object; < extends Ljava/lang/Object, implements ['LiM0/A']
COMPONENT CONCAT > Lcom/chase/sig/android/grammar/GrammarDashboardActivity;->k0(Landroid/widget/FrameLayout;)V < extends Lcom/chase/dmf/android/jpkit/Ñ, implements ['Ldr0/É', 'Landroid/view/View$OnClickListener', 'LnL/Í', 'Lcom/chase/android/grammar/dashboard/ui/fragment/Ü', 'Lcom/chase/android/core/util/q$Á', 'Ldr0/Á', 'Ltt/Ó', 'LZs0/Á', 'LAu/Á$É', 'LAu/ñ$É', 'LAu/Ó$Í', 'Lcom/chase/android/core/base/H$Á']
COMPONENT CONCAT > Lcom/chase/sig/android/contactus/uplift/ContactUsUpliftFragment;-><init>()V < extends Liu/ñ, implements []
COMPONENT CONCAT > Lcom/chase/sig/android/contactus/ContactUsActivity;->onResume()V < extends Lcom/chase/dmf/android/jpkit/Ñ, implements ['Lcom/chase/sig/android/activity/hybrid/d0', 'Lcom/chase/android/core/util/q$Á', 'LZs0/Á', 'Lat0/Á$É', 'LAu/Á$É', 'LjC0/É$Í', 'LAu/Ó$Í', 'LAu/ñ$É', 'Ldr0/Á']
COMPONENT CONCAT > Lcom/chase/sig/android/activity/CardHoldersListActivity;->onResume()V < extends Lcom/chase/dmf/android/jpkit/Ñ, implements ['Lcom/chase/sig/android/activity/hybrid/d0', 'Lcom/chase/android/core/util/q$Á', 'LZs0/Á', 'Lat0/Á$É', 'LAu/Á$É', 'LjC0/É$Í', 'LAu/Ó$Í', 'LAu/ñ$É', 'Ldr0/Á']
COMPONENT CONCAT > LGA0/é;->onClick(Landroid/view/View;)V < extends LGA0/é, implements []
MISSING ID > Lcom/chase/sig/android/activity/LoginActivity;->F7(Landroid/content/SharedPreferences;Landroid/view/View;)V <
COMPONENT CONCAT > LGA0/Á;->onClick(Landroid/view/View;)V < extends LGA0/Á, implements []
COMPONENT CONCAT > Lcom/chase/sig/android/activity/LogOutActivity;->onResume()V < extends Lcom/chase/dmf/android/jpkit/Ñ, implements ['Lfs/É', 'Lcom/chase/sig/android/activity/hybrid/d0', 'Lcom/chase/android/core/util/q$Á', 'LZs0/Á', 'Lat0/Á$É', 'LAu/Á$É', 'LjC0/É$Í', 'LAu/Ó$Í', 'LAu/ñ$É', 'Ldr0/Á']
COMPONENT CONCAT > Lcom/chase/sig/android/activity/MoreOptionsMenuItems;-><clinit>()V < extends Ljava/lang/Enum, implements []
COMPONENT CONCAT > Lcom/chase/sig/android/activity/merchant/MerchantTransactionTypeActivity;->onResume()V < extends Lcom/chase/dmf/android/jpkit/Ñ, implements ['Lcom/chase/sig/android/É', 'Lcom/chase/sig/android/activity/hybrid/d0', 'Lcom/chase/android/core/util/q$Á', 'LZs0/Á', 'Lat0/Á$É', 'LAu/Á$É', 'LjC0/É$Í', 'LAu/Ó$Í', 'LAu/ñ$É', 'Ldr0/Á']
COMPONENT CONCAT > Lcom/chase/sig/android/activity/hybrid/BrokerageAccessAgreementHybridActivity;->onPositiveButtonClicked(Ljava/lang/String;Landroid/content/DialogInterface;)V < extends Lcom/chase/dmf/android/jpkit/Ñ, implements ['Lcom/chase/android/core/hybrid/j', 'Lcom/chase/android/core/util/q$Á', 'Ldr0/Á', 'Ltt/Ó', 'LZs0/Á', 'LAu/Á$É', 'LAu/ñ$É', 'LAu/Ó$Í', 'Lcom/chase/android/core/base/H$Á']
COMPONENT CONCAT > LYB0/Í$Ó;->onPositiveButtonClicked(Ljava/lang/String;Landroid/content/DialogInterface;)V < extends LYB0/Í$Ó, implements []
COMPONENT CONCAT > LLF0/Á;->Dr0(Landroid/view/View;)V < extends LLF0/Á, implements []
COMPONENT CONCAT > Lcom/chase/sig/android/activity/AuthenticatedActivity;->onCreate(Landroid/os/Bundle;)V < extends Lcom/chase/dmf/android/jpkit/Ñ, implements ['Lcom/chase/sig/android/activity/hybrid/d0', 'Lcom/chase/android/core/util/q$Á', 'LZs0/Á', 'Lat0/Á$É', 'LAu/Á$É', 'LjC0/É$Í', 'LAu/Ó$Í', 'LAu/ñ$É', 'Ldr0/Á']
COMPONENT CONCAT > LpB0/Ñ;->onChanged(Ljava/lang/Object;)V < extends LpB0/Ñ, implements []
