COMPONENT CONCAT > Lxm/g;->invoke(Ljava/lang/Object;Ljava/lang/Object;)Ljava/lang/Object; < extends Ljava/lang/Object, implements ['Lkotlin/jvm/functions/Function2']
COMPONENT CONCAT > Li8/L;->invoke(Ljava/lang/Object;)Ljava/lang/Object; < extends Ljava/lang/Object, implements ['Lkotlin/jvm/functions/Function1']
COMPONENT CONCAT > Le8/M;->invoke(Ljava/lang/Object;)Ljava/lang/Object; < extends Ljava/lang/Object, implements ['Lkotlin/jvm/functions/Function1']
COMPONENT CONCAT > Lw6/o;->invoke(Ljava/lang/Object;)Ljava/lang/Object; < extends Ljava/lang/Object, implements ['Lkotlin/jvm/functions/Function1']
COMPONENT CONCAT > LOq/a;->a()V < extends Ljava/lang/Object, implements []
COMPONENT CONCAT > LTq/a;->i(Lcom/google/crypto/tink/shaded/protobuf/O;)V < extends Ljava/lang/Object, implements []
COMPONENT CONCAT > LTq/c;-><clinit>()V < extends Ljava/lang/Object, implements []
COMPONENT CONCAT > LTq/a;->e()LMq/j$a; < extends Ljava/lang/Object, implements []
COMPONENT CONCAT > LH4/g;->a()LT3/l; < extends Ljava/lang/Object, implements []
COMPONENT CONCAT > LRq/a$b;->d()LRq/a; < extends Ljava/lang/Object, implements []
COMPONENT CONCAT > Ly6/d;->invoke(Ljava/lang/Object;Ljava/lang/Object;)Ljava/lang/Object; < extends Ljava/lang/Object, implements ['Lkotlin/jvm/functions/Function2']
COMPONENT CONCAT > LUk/O;->invoke(Ljava/lang/Object;Ljava/lang/Object;)Ljava/lang/Object; < extends Ljava/lang/Object, implements ['Lkotlin/jvm/functions/Function2']
COMPONENT CONCAT > Lm5/c;->onCreateView(Landroid/view/LayoutInflater;Landroid/view/ViewGroup;Landroid/os/Bundle;)Landroid/view/View; < extends Landroidx/fragment/app/n, implements ['Lts/c', 'Landroid/content/ComponentCallbacks', 'Landroid/view/View$OnCreateContextMenuListener', 'Landroidx/lifecycle/w', 'Landroidx/lifecycle/h0', 'Landroidx/lifecycle/l', 'LT2/f']
COMPONENT CONCAT > Li9/a;->invoke(Ljava/lang/Object;Ljava/lang/Object;)Ljava/lang/Object; < extends Ljava/lang/Object, implements ['Lkotlin/jvm/functions/Function2']
COMPONENT CONCAT > Lh9/f;->invoke(Ljava/lang/Object;Ljava/lang/Object;)Ljava/lang/Object; < extends Ljava/lang/Object, implements ['Lkotlin/jvm/functions/Function2']
COMPONENT CONCAT > Lm5/e;->invoke(Ljava/lang/Object;Ljava/lang/Object;)Ljava/lang/Object; < extends Ljava/lang/Object, implements ['Lkotlin/jvm/functions/Function2']
COMPONENT CONCAT > Lp5/b;->a()Landroidx/fragment/app/m; < extends Ljava/lang/Object, implements ['LT9/h']
COMPONENT CONCAT > LUk/P;->invoke(Ljava/lang/Object;Ljava/lang/Object;)Ljava/lang/Object; < extends Ljava/lang/Object, implements ['Lkotlin/jvm/functions/Function2']
COMPONENT CONCAT > Li9/e;->invoke(Ljava/lang/Object;Ljava/lang/Object;)Ljava/lang/Object; < extends Ljava/lang/Object, implements ['Lkotlin/jvm/functions/Function2']
COMPONENT CONCAT > Lcom/bamtechmedia/dominguez/options/v;->b(Lokhttp3/HttpUrl;)Ljava/util/List; < extends Ljava/lang/Object, implements ['Lcom/bamtechmedia/dominguez/deeplink/b']
COMPONENT CONCAT > LRk/j;->a(Ljava/lang/String;)Landroidx/fragment/app/n; < extends Ljava/lang/Object, implements ['LTk/a']
COMPONENT CONCAT > Ly6/e;->invoke(Ljava/lang/Object;Ljava/lang/Object;)Ljava/lang/Object; < extends Ljava/lang/Object, implements ['Lkotlin/jvm/functions/Function2']
COMPONENT CONCAT > LB6/i;->invoke(Ljava/lang/Object;Ljava/lang/Object;)Ljava/lang/Object; < extends Ljava/lang/Object, implements ['Lkotlin/jvm/functions/Function2']
COMPONENT CONCAT > Lx6/e;->a()Landroidx/fragment/app/n; < extends Ljava/lang/Object, implements ['LDb/a']
COMPONENT CONCAT > Lh9/b;->invoke(Ljava/lang/Object;Ljava/lang/Object;)Ljava/lang/Object; < extends Ljava/lang/Object, implements ['Lkotlin/jvm/functions/Function2']
COMPONENT CONCAT > LB6/h;->invoke(Ljava/lang/Object;Ljava/lang/Object;)Ljava/lang/Object; < extends Ljava/lang/Object, implements ['Lkotlin/jvm/functions/Function2']
COMPONENT CONCAT > Lr5/a;->invoke(Ljava/lang/Object;Ljava/lang/Object;)Ljava/lang/Object; < extends Ljava/lang/Object, implements ['Lkotlin/jvm/functions/Function2']
COMPONENT CONCAT > Lcom/onetrust/otpublishers/headless/Public/OTPublishersHeadlessSDK;->switchUserProfile(Ljava/lang/String;Lcom/onetrust/otpublishers/headless/Public/OTCallback;)V < extends Ljava/lang/Object, implements []
COMPONENT CONCAT > Lcom/onetrust/otpublishers/headless/Public/OTPublishersHeadlessSDK;->overrideDataSubjectIdentifier(Ljava/lang/String;)Z < extends Ljava/lang/Object, implements []
COMPONENT CONCAT > LFa/p;->g(Lra/g;Lkotlin/jvm/functions/Function1;Lkotlin/jvm/functions/Function1;Lkotlin/coroutines/Continuation;)Ljava/lang/Object; < extends Ljava/lang/Object, implements ['Lpa/e']
COMPONENT CONCAT > Lcom/onetrust/otpublishers/headless/Public/OTPublishersHeadlessSDK;->deleteProfile(Ljava/lang/String;Lcom/onetrust/otpublishers/headless/Public/OTCallback;)V < extends Ljava/lang/Object, implements []
COMPONENT CONCAT > Lcom/onetrust/otpublishers/headless/Public/OTPublishersHeadlessSDK;->setOTCache(Lcom/onetrust/otpublishers/headless/Public/DataModel/OTCache;)Z < extends Ljava/lang/Object, implements []
COMPONENT CONCAT > Lcom/onetrust/otpublishers/headless/Public/OTPublishersHeadlessSDK;->startSDK(Ljava/lang/String;Ljava/lang/String;Ljava/lang/String;Lcom/onetrust/otpublishers/headless/Public/DataModel/OTSdkParams;ZLcom/onetrust/otpublishers/headless/Public/OTCallback;)V < extends Ljava/lang/Object, implements []
COMPONENT CONCAT > Lcom/onetrust/otpublishers/headless/Internal/profile/c;->onFailure(Lcom/onetrust/otpublishers/headless/Public/Response/OTResponse;)V < extends Ljava/lang/Object, implements ['Lcom/onetrust/otpublishers/headless/Public/OTCallback']
COMPONENT CONCAT > Lcom/onetrust/otpublishers/headless/Public/OTPublishersHeadlessSDK;->setOTOfflineData(Lorg/json/JSONObject;)V < extends Ljava/lang/Object, implements []
COMPONENT CONCAT > Lcom/onetrust/otpublishers/headless/Public/OTPublishersHeadlessSDK;->deleteProfile(Ljava/lang/String;)Z < extends Ljava/lang/Object, implements []
COMPONENT CONCAT > Lq9/a;->invoke(Ljava/lang/Object;Ljava/lang/Object;)Ljava/lang/Object; < extends Ljava/lang/Object, implements ['Lkotlin/jvm/functions/Function2']
COMPONENT CONCAT > Lp9/d;->invoke(Ljava/lang/Object;Ljava/lang/Object;)Ljava/lang/Object; < extends Ljava/lang/Object, implements ['Lkotlin/jvm/functions/Function2']
COMPONENT CONCAT > Ll9/a;->invoke(Ljava/lang/Object;Ljava/lang/Object;)Ljava/lang/Object; < extends Ljava/lang/Object, implements ['Lkotlin/jvm/functions/Function2']
COMPONENT CONCAT > Lr5/h;->invoke(Ljava/lang/Object;)Ljava/lang/Object; < extends Ljava/lang/Object, implements ['Lkotlin/jvm/functions/Function1']
COMPONENT CONCAT > Lq9/c;->invoke(Ljava/lang/Object;Ljava/lang/Object;)Ljava/lang/Object; < extends Ljava/lang/Object, implements ['Lkotlin/jvm/functions/Function2']
COMPONENT CONCAT > LVb/i;->invoke(Ljava/lang/Object;Ljava/lang/Object;)Ljava/lang/Object; < extends Ljava/lang/Object, implements ['Lkotlin/jvm/functions/Function2']
COMPONENT CONCAT > Lm9/b;->invoke(Ljava/lang/Object;Ljava/lang/Object;)Ljava/lang/Object; < extends Ljava/lang/Object, implements ['Lkotlin/jvm/functions/Function2']
COMPONENT CONCAT > Ln9/f;->invoke(Ljava/lang/Object;Ljava/lang/Object;)Ljava/lang/Object; < extends Ljava/lang/Object, implements ['Lkotlin/jvm/functions/Function2']
COMPONENT CONCAT > Lo9/a;->invoke(Ljava/lang/Object;Ljava/lang/Object;)Ljava/lang/Object; < extends Ljava/lang/Object, implements ['Lkotlin/jvm/functions/Function2']
COMPONENT CONCAT > Le9/c;->invoke(Ljava/lang/Object;Ljava/lang/Object;)Ljava/lang/Object; < extends Ljava/lang/Object, implements ['Lkotlin/jvm/functions/Function2']
COMPONENT CONCAT > Lr5/g;->invoke(Ljava/lang/Object;Ljava/lang/Object;)Ljava/lang/Object; < extends Ljava/lang/Object, implements ['Lkotlin/jvm/functions/Function2']
COMPONENT CONCAT > LVb/d;->invoke(Ljava/lang/Object;Ljava/lang/Object;)Ljava/lang/Object; < extends Ljava/lang/Object, implements ['Lkotlin/jvm/functions/Function2']
COMPONENT CONCAT > Lr5/r;->invoke(Ljava/lang/Object;Ljava/lang/Object;)Ljava/lang/Object; < extends Ljava/lang/Object, implements ['Lkotlin/jvm/functions/Function2']
COMPONENT CONCAT > Lr5/A;->invoke(Ljava/lang/Object;Ljava/lang/Object;)Ljava/lang/Object; < extends Ljava/lang/Object, implements ['Lkotlin/jvm/functions/Function2']
COMPONENT CONCAT > Ll9/d;->invoke(Ljava/lang/Object;Ljava/lang/Object;)Ljava/lang/Object; < extends Ljava/lang/Object, implements ['Lkotlin/jvm/functions/Function2']
COMPONENT CONCAT > Lr5/o;->invoke(Ljava/lang/Object;Ljava/lang/Object;)Ljava/lang/Object; < extends Ljava/lang/Object, implements ['Lkotlin/jvm/functions/Function2']
COMPONENT CONCAT > Lr5/d;->invoke(Ljava/lang/Object;Ljava/lang/Object;)Ljava/lang/Object; < extends Ljava/lang/Object, implements ['Lkotlin/jvm/functions/Function2']
COMPONENT CONCAT > LB6/c;->invoke(Ljava/lang/Object;Ljava/lang/Object;)Ljava/lang/Object; < extends Ljava/lang/Object, implements ['Lkotlin/jvm/functions/Function2']
COMPONENT CONCAT > LUk/W;->invoke(Ljava/lang/Object;Ljava/lang/Object;)Ljava/lang/Object; < extends Ljava/lang/Object, implements ['Lkotlin/jvm/functions/Function2']
COMPONENT CONCAT > LB6/j;->invoke(Ljava/lang/Object;)Ljava/lang/Object; < extends Ljava/lang/Object, implements ['Lkotlin/jvm/functions/Function1']
COMPONENT CONCAT > Ly6/f;->invoke(Ljava/lang/Object;)Ljava/lang/Object; < extends Ljava/lang/Object, implements ['Lkotlin/jvm/functions/Function1']
COMPONENT CONCAT > Ly6/i;->invoke(Ljava/lang/Object;Ljava/lang/Object;)Ljava/lang/Object; < extends Ljava/lang/Object, implements ['Lkotlin/jvm/functions/Function2']
COMPONENT CONCAT > Lr5/l;->invoke(Ljava/lang/Object;Ljava/lang/Object;)Ljava/lang/Object; < extends Ljava/lang/Object, implements ['Lkotlin/jvm/functions/Function2']
COMPONENT CONCAT > LUk/y;->invoke(Ljava/lang/Object;Ljava/lang/Object;)Ljava/lang/Object; < extends Ljava/lang/Object, implements ['Lkotlin/jvm/functions/Function2']
COMPONENT CONCAT > Lio/sentry/A1;->f(Lio/sentry/d2;Lio/sentry/W;Lio/sentry/C;)Lio/sentry/protocol/r; < extends Ljava/lang/Object, implements ['Lio/sentry/Z', 'Lio/sentry/metrics/b']
COMPONENT CONCAT > Lio/sentry/A1;->b(Lio/sentry/protocol/y;Lio/sentry/S2;Lio/sentry/W;Lio/sentry/C;Lio/sentry/Y0;)Lio/sentry/protocol/r; < extends Ljava/lang/Object, implements ['Lio/sentry/Z', 'Lio/sentry/metrics/b']
COMPONENT CONCAT > Lcom/onetrust/otpublishers/headless/Public/OTPublishersHeadlessSDK;->setupUI(Landroidx/fragment/app/o;I)V < extends Ljava/lang/Object, implements []
COMPONENT CONCAT > Lcom/onetrust/otpublishers/headless/Public/OTPublishersHeadlessSDK;->showBannerUI(Landroidx/fragment/app/o;Lcom/onetrust/otpublishers/headless/Public/DataModel/OTConfiguration;)V < extends Ljava/lang/Object, implements []
COMPONENT CONCAT > Lcom/onetrust/otpublishers/headless/Public/OTPublishersHeadlessSDK;->showBannerUI(Landroidx/appcompat/app/c;)V < extends Ljava/lang/Object, implements []
COMPONENT CONCAT > Lcom/onetrust/otpublishers/headless/Public/OTPublishersHeadlessSDK;->setupUI(Landroidx/appcompat/app/c;I)V < extends Ljava/lang/Object, implements []
COMPONENT CONCAT > LFa/p;->i(Landroidx/fragment/app/o;)V < extends Ljava/lang/Object, implements ['Lpa/e']
COMPONENT CONCAT > Lcom/onetrust/otpublishers/headless/Public/OTPublishersHeadlessSDK;->setupUI(Landroidx/fragment/app/o;ILcom/onetrust/otpublishers/headless/Public/DataModel/OTConfiguration;)V < extends Ljava/lang/Object, implements []
COMPONENT CONCAT > LCj/c;->invoke(Ljava/lang/Object;)Ljava/lang/Object; < extends Ljava/lang/Object, implements ['Lkotlin/jvm/functions/Function1']
COMPONENT CONCAT > LTd/u;->e(LTd/y1$a;)V < extends Ljava/lang/Object, implements ['LTd/b0']
COMPONENT CONCAT > LJd/H;->I(Landroid/view/View;)Lc3/a; < extends Ljava/lang/Object, implements ['Lkotlinx/coroutines/CoroutineScope', 'Lhs/d']
COMPONENT CONCAT > Lcom/bamtechmedia/dominguez/widget/banner/b;->a(Lcom/bamtechmedia/dominguez/widget/banner/Tier2Banner$b;)V < extends Ljava/lang/Object, implements ['Lcom/bamtechmedia/dominguez/widget/banner/Tier2Banner$a']
COMPONENT CONCAT > Lcom/bamtechmedia/dominguez/offline/downloads/b;->a(I)V < extends Ljava/lang/Object, implements ['Lkd/G1']
COMPONENT CONCAT > Lod/J;->I(Landroid/view/View;)Lc3/a; < extends Ljava/lang/Object, implements ['Lhs/d']
COMPONENT CONCAT > LZa/E;->I(Landroid/view/View;)Lc3/a; < extends Ljava/lang/Object, implements ['Lb6/f$b', 'Lhs/d']
COMPONENT CONCAT > Lvj/K;->I(Landroid/view/View;)Lc3/a; < extends Ljava/lang/Object, implements ['Lhs/d']
COMPONENT CONCAT > Lvb/i;->invoke(Ljava/lang/Object;)Ljava/lang/Object; < extends Ljava/lang/Object, implements ['Lkotlin/jvm/functions/Function1']
COMPONENT CONCAT > Lcom/bamtechmedia/dominguez/legal/disclosure/j;->d()V < extends Ljava/lang/Object, implements ['Luc/a0']
COMPONENT CONCAT > LIa/a;->invoke()Ljava/lang/Object; < extends Ljava/lang/Object, implements ['Lkotlin/jvm/functions/Function0']
COMPONENT CONCAT > Lz5/O;->I(Landroid/view/View;)Lc3/a; < extends Ljava/lang/Object, implements ['Lhs/d']
COMPONENT CONCAT > LPh/a;->I(Landroid/view/View;)Lc3/a; < extends Ljava/lang/Object, implements ['Lkotlinx/coroutines/CoroutineScope', 'Lhs/d']
COMPONENT CONCAT > Lz5/p;->I(Landroid/view/View;)Lc3/a; < extends Ljava/lang/Object, implements ['Lhs/d']
COMPONENT CONCAT > Lcom/bamtechmedia/dominguez/widget/disneyinput/pincode/c;->f(ILcom/bamtechmedia/dominguez/widget/disneyinput/pincode/DisneyPinCode$b;Z)V < extends Ljava/lang/Object, implements ['Lcom/bamtechmedia/dominguez/widget/disneyinput/pincode/DisneyPinCode$d']
COMPONENT CONCAT > Lfl/H;->invoke(Ljava/lang/Object;)Ljava/lang/Object; < extends Ljava/lang/Object, implements ['Lkotlin/jvm/functions/Function1']
COMPONENT CONCAT > Ltj/g;->invoke(Ljava/lang/Object;)Ljava/lang/Object; < extends Ljava/lang/Object, implements ['Lkotlin/jvm/functions/Function1']
COMPONENT CONCAT > Lz5/D;->I(Landroid/view/View;)Lc3/a; < extends Ljava/lang/Object, implements ['Lhs/d']
COMPONENT CONCAT > Llb/f;->invoke(Ljava/lang/Object;)Ljava/lang/Object; < extends Ljava/lang/Object, implements ['Lkotlin/jvm/functions/Function1']
COMPONENT CONCAT > Lcom/bamtechmedia/dominguez/widget/g;->invoke(Ljava/lang/Object;)Ljava/lang/Object; < extends Ljava/lang/Object, implements ['Lkotlin/jvm/functions/Function1']
COMPONENT CONCAT > LK8/h0;->b(Landroid/view/View;)Lc3/a; < extends Ljava/lang/Object, implements ['LK8/q0']
COMPONENT CONCAT > LL6/H;->a()Landroidx/fragment/app/n; < extends Ljava/lang/Object, implements ['LT9/k']
COMPONENT CONCAT > Lxi/a;->D()Ljava/util/List; < extends Ljava/lang/Object, implements ['LT3/H', 'Lqi/a', 'Lqi/b', 'Lqi/c', 'Lqi/e', 'Lqi/d', 'Lqi/f', 'Lqi/h', 'Lqi/i', 'Lqi/j', 'Lqi/l', 'Lqi/m', 'Lqi/p', 'Lqi/q', 'Lqi/r', 'Lqi/s', 'Lqi/t', 'Lqi/u', 'Lqi/v', 'Lqi/w', 'Lqi/x', 'Lqi/y', 'Lqi/z']
COMPONENT CONCAT > LKd/l;->a()Landroidx/fragment/app/m; < extends Ljava/lang/Object, implements ['LT9/h']
COMPONENT CONCAT > Lqc/X0;->invoke(Ljava/lang/Object;Ljava/lang/Object;)Ljava/lang/Object; < extends Ljava/lang/Object, implements ['Lkotlin/jvm/functions/Function2']
COMPONENT CONCAT > LQj/a;->invoke(Ljava/lang/Object;)Ljava/lang/Object; < extends Ljava/lang/Object, implements ['Lkotlin/jvm/functions/Function1']
COMPONENT CONCAT > LVi/z;->getRoot()Landroid/view/View; < extends Ljava/lang/Object, implements ['Lc3/a']
COMPONENT CONCAT > Lfl/G;->invoke(Ljava/lang/Object;)Ljava/lang/Object; < extends Ljava/lang/Object, implements ['Lkotlin/jvm/functions/Function1']
COMPONENT CONCAT > Lz5/o;->I(Landroid/view/View;)Lc3/a; < extends Ljava/lang/Object, implements ['Lhs/d']
COMPONENT CONCAT > Lqb/d;->invoke(Ljava/lang/Object;)Ljava/lang/Object; < extends Ljava/lang/Object, implements ['Lkotlin/jvm/functions/Function1']
COMPONENT CONCAT > Llj/h;->invoke(Ljava/lang/Object;)Ljava/lang/Object; < extends Ljava/lang/Object, implements ['Lkotlin/jvm/functions/Function1']
COMPONENT CONCAT > Lmg/b;->invoke()Ljava/lang/Object; < extends Ljava/lang/Object, implements ['Lkotlin/jvm/functions/Function0']
COMPONENT CONCAT > Lje/k;->b(Lfe/i0$a;)V < extends Ljava/lang/Object, implements ['Lfe/C']
COMPONENT CONCAT > La7/s;->I(Landroid/view/View;)Lc3/a; < extends Ljava/lang/Object, implements ['Lhs/d']
COMPONENT CONCAT > Lqc/Z0;->m(Lqc/W$a;Landroid/view/ViewGroup;Lkotlin/jvm/functions/Function1;)Ljava/util/List; < extends Ljava/lang/Object, implements []
COMPONENT CONCAT > Lt6/a0;->I(Landroid/view/View;)Lc3/a; < extends Ljava/lang/Object, implements ['Lb6/f$b', 'Lhs/d']
COMPONENT CONCAT > LV6/m;->invoke(Ljava/lang/Object;)Ljava/lang/Object; < extends Ljava/lang/Object, implements ['Lkotlin/jvm/functions/Function1']
COMPONENT CONCAT > LK8/r0;->l0(Lc3/a;)Lcom/bamtechmedia/dominguez/widget/collection/ShelfContainerLayout; < extends Ljava/lang/Object, implements ['Lb6/f$a', 'LA8/k', 'LY8/a', 'Lhs/d']
COMPONENT CONCAT > Lfl/K;->invoke(Ljava/lang/Object;)Ljava/lang/Object; < extends Ljava/lang/Object, implements ['Lkotlin/jvm/functions/Function1']
COMPONENT CONCAT > LZa/m;->I(Landroid/view/View;)Lc3/a; < extends Ljava/lang/Object, implements ['Lhs/d']
COMPONENT CONCAT > LX8/m;->invoke(Ljava/lang/Object;Ljava/lang/Object;)Ljava/lang/Object; < extends Ljava/lang/Object, implements ['Lkotlin/jvm/functions/Function2']
COMPONENT CONCAT > Lfb/B;->invoke(Ljava/lang/Object;)Ljava/lang/Object; < extends Ljava/lang/Object, implements ['Lkotlin/jvm/functions/Function1']
COMPONENT CONCAT > Lfb/c;->b(LQa/n;Ljava/lang/String;ZLjava/util/List;Ljava/lang/String;Lcom/bamtechmedia/dominguez/offline/a;)V < extends Ljava/lang/Object, implements ['Lcb/o']
COMPONENT CONCAT > Lp7/u;->onViewCreated(Landroid/view/View;Landroid/os/Bundle;)V < extends Landroidx/fragment/app/n, implements ['Lu9/d$a', 'Lts/c', 'Lcom/bamtechmedia/dominguez/core/utils/d0', 'LV5/P0', 'Lcom/bamtechmedia/dominguez/collections/N', 'LV5/L0', 'Lcom/bamtechmedia/dominguez/collections/a', 'LE9/d$a', 'LK8/U$a', 'LRc/u', 'La6/K$d', 'Landroid/content/ComponentCallbacks', 'Landroid/view/View$OnCreateContextMenuListener', 'Landroidx/lifecycle/w', 'Landroidx/lifecycle/h0', 'Landroidx/lifecycle/l', 'LT2/f']
COMPONENT CONCAT > Lp7/u;-><init>()V < extends Landroidx/fragment/app/n, implements ['Lu9/d$a', 'Lts/c', 'Lcom/bamtechmedia/dominguez/core/utils/d0', 'LV5/P0', 'Lcom/bamtechmedia/dominguez/collections/N', 'LV5/L0', 'Lcom/bamtechmedia/dominguez/collections/a', 'LE9/d$a', 'LK8/U$a', 'LRc/u', 'La6/K$d', 'Landroid/content/ComponentCallbacks', 'Landroid/view/View$OnCreateContextMenuListener', 'Landroidx/lifecycle/w', 'Landroidx/lifecycle/h0', 'Landroidx/lifecycle/l', 'LT2/f']
COMPONENT CONCAT > LZa/L;->I(Landroid/view/View;)Lc3/a; < extends Ljava/lang/Object, implements ['Lb6/f$b', 'Lhs/d']
COMPONENT CONCAT > Lfl/D;->invoke()Ljava/lang/Object; < extends Ljava/lang/Object, implements ['Lkotlin/jvm/functions/Function0']
COMPONENT CONCAT > LWi/a0;->a()Landroidx/fragment/app/n; < extends Ljava/lang/Object, implements ['LT9/k']
COMPONENT CONCAT > Lae/a0;->invoke(Ljava/lang/Object;)Ljava/lang/Object; < extends Ljava/lang/Object, implements ['Lkotlin/jvm/functions/Function1']
COMPONENT CONCAT > LCb/g;->invoke(Ljava/lang/Object;)Ljava/lang/Object; < extends Ljava/lang/Object, implements ['Lkotlin/jvm/functions/Function1']
COMPONENT CONCAT > LTd/s;->invoke(Ljava/lang/Object;Ljava/lang/Object;)Ljava/lang/Object; < extends Ljava/lang/Object, implements ['Lkotlin/jvm/functions/Function2']
COMPONENT CONCAT > Lwb/B;->p()Landroid/view/View; < extends Ljava/lang/Object, implements ['Lwb/A']
COMPONENT CONCAT > Llb/m;->a()Landroidx/fragment/app/m; < extends Ljava/lang/Object, implements ['LT9/h']
COMPONENT CONCAT > LZa/l0;->I(Landroid/view/View;)Lc3/a; < extends Ljava/lang/Object, implements ['Lhs/d']
COMPONENT CONCAT > LT7/b;->onViewCreated(Landroid/view/View;Landroid/os/Bundle;)V < extends Landroidx/fragment/app/n, implements ['LX8/b', 'LRc/u', 'La6/K$d', 'Lbc/g0', 'LWi/B', 'Lts/c', 'Landroid/content/ComponentCallbacks', 'Landroid/view/View$OnCreateContextMenuListener', 'Landroidx/lifecycle/w', 'Landroidx/lifecycle/h0', 'Landroidx/lifecycle/l', 'LT2/f']
COMPONENT CONCAT > LWi/G;->a()Landroidx/fragment/app/n; < extends Ljava/lang/Object, implements ['LT9/k']
COMPONENT CONCAT > Lki/a;->invoke()Ljava/lang/Object; < extends Ljava/lang/Object, implements ['Lkotlin/jvm/functions/Function0']
COMPONENT CONCAT > Lrj/C;->invoke(Ljava/lang/Object;)Ljava/lang/Object; < extends Ljava/lang/Object, implements ['Lkotlin/jvm/functions/Function1']
COMPONENT CONCAT > Lfb/G;->b(Lhb/j$b;)V < extends Ljava/lang/Object, implements ['Lcb/g0']
COMPONENT CONCAT > LHb/K;->a(ILandroidx/fragment/app/FragmentManager;)V < extends Ljava/lang/Object, implements ['LIb/b']
COMPONENT CONCAT > Lfl/E;->invoke()Ljava/lang/Object; < extends Ljava/lang/Object, implements ['Lkotlin/jvm/functions/Function0']
COMPONENT CONCAT > LZa/c;->I(Landroid/view/View;)Lc3/a; < extends Ljava/lang/Object, implements ['Lhs/d']
COMPONENT CONCAT > Lfb/c;->a(LQa/n;)V < extends Ljava/lang/Object, implements ['Lcb/o']
COMPONENT CONCAT > Ldj/j;->invoke(Ljava/lang/Object;)Ljava/lang/Object; < extends Ljava/lang/Object, implements ['Lkotlin/jvm/functions/Function1']
COMPONENT CONCAT > Lcom/bamtechmedia/dominguez/offline/downloads/b;->c(I)V < extends Ljava/lang/Object, implements ['Lkd/G1']
COMPONENT CONCAT > LWi/Q;->a()Landroidx/fragment/app/n; < extends Ljava/lang/Object, implements ['LT9/k']
COMPONENT CONCAT > LHe/v;->invoke(Ljava/lang/Object;Ljava/lang/Object;)Ljava/lang/Object; < extends Ljava/lang/Object, implements ['Lkotlin/jvm/functions/Function2']
COMPONENT CONCAT > LHe/B;->invoke(Ljava/lang/Object;Ljava/lang/Object;)Ljava/lang/Object; < extends Ljava/lang/Object, implements ['Lkotlin/jvm/functions/Function2']
COMPONENT CONCAT > Luk/p;->a(Lsk/f;ZLT9/k;)Landroidx/fragment/app/n; < extends Ljava/lang/Object, implements ['Lsk/e']
COMPONENT CONCAT > Lfl/M;->invoke(Ljava/lang/Object;)Ljava/lang/Object; < extends Ljava/lang/Object, implements ['Lkotlin/jvm/functions/Function1']
COMPONENT CONCAT > Lki/f;->b(Lcom/bamtechmedia/dominguez/core/content/h$b;)V < extends Ljava/lang/Object, implements ['Lai/a', 'Lii/b$b']
COMPONENT CONCAT > Li8/s;->I(Landroid/view/View;)Lc3/a; < extends Ljava/lang/Object, implements ['Lhs/d']
COMPONENT CONCAT > LJ8/d;->d(LIa/e$c;ZLjava/lang/String;)Landroidx/fragment/app/n; < extends Ljava/lang/Object, implements ['LJ8/c']
COMPONENT CONCAT > Lee/f;->a(Lae/m0$b;)V < extends Ljava/lang/Object, implements ['Lae/V']
COMPONENT CONCAT > Lvj/n;->I(Landroid/view/View;)Lc3/a; < extends Ljava/lang/Object, implements ['Lfj/c', 'Lhs/d']
COMPONENT CONCAT > LL6/z;->a()Landroidx/fragment/app/n; < extends Ljava/lang/Object, implements ['LT9/k']
COMPONENT CONCAT > Lz5/M;->I(Landroid/view/View;)Lc3/a; < extends Ljava/lang/Object, implements ['Lhs/d']
COMPONENT CONCAT > Lp7/n;->invoke(Ljava/lang/Object;)Ljava/lang/Object; < extends Ljava/lang/Object, implements ['Lkotlin/jvm/functions/Function1']
COMPONENT CONCAT > Lo8/o;->a(LX8/D$m;Ljava/util/List;)V < extends Ljava/lang/Object, implements ['Lo8/t']
COMPONENT CONCAT > La9/a;->invoke(Ljava/lang/Object;)Ljava/lang/Object; < extends Ljava/lang/Object, implements ['Lkotlin/jvm/functions/Function1']
COMPONENT CONCAT > LZa/d;->I(Landroid/view/View;)Lc3/a; < extends Ljava/lang/Object, implements ['Lhs/d']
COMPONENT CONCAT > LZa/B;->I(Landroid/view/View;)Lc3/a; < extends Ljava/lang/Object, implements ['Lb6/f$b', 'Lhs/d']
COMPONENT CONCAT > Lae/b0;->a(Lae/m0$b;)V < extends Ljava/lang/Object, implements ['Lae/V']
COMPONENT CONCAT > Lkd/C;->invoke(Ljava/lang/Object;)Ljava/lang/Object; < extends Ljava/lang/Object, implements ['Lkotlin/jvm/functions/Function1']
COMPONENT CONCAT > LW6/j;->invoke(Ljava/lang/Object;)Ljava/lang/Object; < extends Ljava/lang/Object, implements ['Lkotlin/jvm/functions/Function1']
COMPONENT CONCAT > Lhj/g;->invoke()Ljava/lang/Object; < extends Ljava/lang/Object, implements ['Lkotlin/jvm/functions/Function0']
COMPONENT CONCAT > LO7/a;->invoke()Ljava/lang/Object; < extends Ljava/lang/Object, implements ['Lkotlin/jvm/functions/Function0']
COMPONENT CONCAT > Lld/j;->I(Landroid/view/View;)Lc3/a; < extends Ljava/lang/Object, implements ['Lkotlinx/coroutines/CoroutineScope', 'Lhs/d']
COMPONENT CONCAT > Lvj/A;->E(Lc3/a;ILjava/util/List;)V < extends Ljava/lang/Object, implements ['Lhs/d']
COMPONENT CONCAT > LV6/j;->c(Ljava/lang/String;Z)Landroidx/fragment/app/n; < extends Ljava/lang/Object, implements ['LV6/i']
COMPONENT CONCAT > Luk/c;->invoke(Ljava/lang/Object;)Ljava/lang/Object; < extends Ljava/lang/Object, implements ['Lkotlin/jvm/functions/Function1']
COMPONENT CONCAT > LZa/Z;->I(Landroid/view/View;)Lc3/a; < extends Ljava/lang/Object, implements ['Lhs/d']
COMPONENT CONCAT > LL6/w;->a()Landroidx/fragment/app/n; < extends Ljava/lang/Object, implements ['LT9/k']
COMPONENT CONCAT > Li7/F;->invoke(Ljava/lang/Object;)Ljava/lang/Object; < extends Ljava/lang/Object, implements ['Lkotlin/jvm/functions/Function1']
COMPONENT CONCAT > Lme/J1;->c(Lokhttp3/HttpUrl;)Landroidx/fragment/app/n; < extends Ljava/lang/Object, implements ['Lcom/bamtechmedia/dominguez/deeplink/b']
COMPONENT CONCAT > Lhk/a;->getRoot()Landroid/view/View; < extends Ljava/lang/Object, implements ['Lc3/a']
COMPONENT CONCAT > Luk/t;->a()Landroidx/fragment/app/n; < extends Ljava/lang/Object, implements ['LT9/k']
COMPONENT CONCAT > Lv6/z;->I(Landroid/view/View;)Lc3/a; < extends Ljava/lang/Object, implements ['Lb6/f$b', 'Lhs/d']
COMPONENT CONCAT > LXd/i;->a(I)Z < extends Ljava/lang/Object, implements ['LTd/b0']
COMPONENT CONCAT > Lp7/u;->u(Landroid/view/View;Lcom/bamtechmedia/dominguez/collections/T$d;Lkotlin/jvm/functions/Function0;)V < extends Landroidx/fragment/app/n, implements ['Lu9/d$a', 'Lts/c', 'Lcom/bamtechmedia/dominguez/core/utils/d0', 'LV5/P0', 'Lcom/bamtechmedia/dominguez/collections/N', 'LV5/L0', 'Lcom/bamtechmedia/dominguez/collections/a', 'LE9/d$a', 'LK8/U$a', 'LRc/u', 'La6/K$d', 'Landroid/content/ComponentCallbacks', 'Landroid/view/View$OnCreateContextMenuListener', 'Landroidx/lifecycle/w', 'Landroidx/lifecycle/h0', 'Landroidx/lifecycle/l', 'LT2/f']
COMPONENT CONCAT > Lpl/d;->invoke()Ljava/lang/Object; < extends Ljava/lang/Object, implements ['Lkotlin/jvm/functions/Function0']
COMPONENT CONCAT > LK8/r0;->m(Landroid/view/View;)Lhs/h; < extends Ljava/lang/Object, implements ['Lb6/f$a', 'LA8/k', 'LY8/a', 'Lhs/d']
COMPONENT CONCAT > Lu5/u;->a()Landroidx/fragment/app/n; < extends Ljava/lang/Object, implements ['LT9/k']
COMPONENT CONCAT > Lqc/d0;->c(Lokhttp3/HttpUrl;)Landroidx/fragment/app/n; < extends Ljava/lang/Object, implements ['Lcom/bamtechmedia/dominguez/deeplink/b']
COMPONENT CONCAT > Lz5/r;->I(Landroid/view/View;)Lc3/a; < extends Ljava/lang/Object, implements ['Lhs/d']
COMPONENT CONCAT > Luk/m;->e(Lsk/f;)V < extends Ljava/lang/Object, implements ['Lsk/d']
COMPONENT CONCAT > Lwb/B;->c0()Landroid/view/View; < extends Ljava/lang/Object, implements ['Lwb/A']
COMPONENT CONCAT > LHe/o;->invoke(Ljava/lang/Object;)Ljava/lang/Object; < extends Ljava/lang/Object, implements ['Lkotlin/jvm/functions/Function1']
COMPONENT CONCAT > Lee/b;->invoke(Ljava/lang/Object;)Ljava/lang/Object; < extends Ljava/lang/Object, implements ['Lkotlin/jvm/functions/Function1']
COMPONENT CONCAT > LK8/C;->W(Landroid/view/View;I)Lc3/a; < extends Ljava/lang/Object, implements ['LK8/M$a']
COMPONENT CONCAT > LZa/q0;->m(Landroid/view/View;)Lhs/h; < extends Ljava/lang/Object, implements ['Lb6/f$b', 'Lhs/d']
COMPONENT CONCAT > LZa/s0;->I(Landroid/view/View;)Lc3/a; < extends Ljava/lang/Object, implements ['Lhs/d']
COMPONENT CONCAT > LWi/d0;->a()Landroidx/fragment/app/n; < extends Ljava/lang/Object, implements ['LT9/k']
COMPONENT CONCAT > Leb/c;->b(LQa/n;Ljava/lang/String;ZLjava/util/List;Ljava/lang/String;Lcom/bamtechmedia/dominguez/offline/a;)V < extends Ljava/lang/Object, implements ['Lcb/o']
COMPONENT CONCAT > LK8/Y;->l0(Lc3/a;)Lcom/bamtechmedia/dominguez/widget/collection/ShelfContainerLayout; < extends Ljava/lang/Object, implements ['Lb6/f$c', 'LA8/k', 'LY8/a', 'Lhs/d']
COMPONENT CONCAT > Lbl/i;->invoke()Ljava/lang/Object; < extends Ljava/lang/Object, implements ['Lkotlin/jvm/functions/Function0']
COMPONENT CONCAT > Luj/i;->invoke(Ljava/lang/Object;Ljava/lang/Object;)Ljava/lang/Object; < extends Ljava/lang/Object, implements ['Lkotlin/jvm/functions/Function2']
COMPONENT CONCAT > Lvj/s;->invoke(Ljava/lang/Object;)Ljava/lang/Object; < extends Ljava/lang/Object, implements ['Lkotlin/jvm/functions/Function1']
COMPONENT CONCAT > LZa/g0;->I(Landroid/view/View;)Lc3/a; < extends Ljava/lang/Object, implements ['Lb6/f$b', 'Lhs/d']
COMPONENT CONCAT > LV7/q;->e()V < extends Ljava/lang/Object, implements ['LX8/x']
COMPONENT CONCAT > LI8/r;->getRoot()Landroid/view/View; < extends Ljava/lang/Object, implements ['Lc3/a']
COMPONENT CONCAT > Lu5/i;->invoke(Ljava/lang/Object;)Ljava/lang/Object; < extends Ljava/lang/Object, implements ['Lkotlin/jvm/functions/Function1']
COMPONENT CONCAT > LWi/F;->a()Landroidx/fragment/app/n; < extends Ljava/lang/Object, implements ['LT9/k']
COMPONENT CONCAT > Lfl/L;->invoke(Ljava/lang/Object;)Ljava/lang/Object; < extends Ljava/lang/Object, implements ['Lkotlin/jvm/functions/Function1']
COMPONENT CONCAT > LU5/l;->a()Landroidx/fragment/app/n; < extends Ljava/lang/Object, implements ['LT9/k']
COMPONENT CONCAT > LZa/j;->I(Landroid/view/View;)Lc3/a; < extends Ljava/lang/Object, implements ['Lhs/d']
COMPONENT CONCAT > LC7/k0;->invoke()Ljava/lang/Object; < extends Ljava/lang/Object, implements ['Lkotlin/jvm/functions/Function0']
COMPONENT CONCAT > Lz5/B;->I(Landroid/view/View;)Lc3/a; < extends Ljava/lang/Object, implements ['Lhs/d']
COMPONENT CONCAT > LTd/u;->d()Z < extends Ljava/lang/Object, implements ['LTd/b0']
COMPONENT CONCAT > Lcb/t;->b(Lhb/j$b;Lkotlin/coroutines/Continuation;)Ljava/lang/Object; < extends Ljava/lang/Object, implements ['Lcb/O']
COMPONENT CONCAT > Lhj/b;->invoke()Ljava/lang/Object; < extends Ljava/lang/Object, implements ['Lkotlin/jvm/functions/Function0']
COMPONENT CONCAT > Lvj/K;->D(Lc3/a;I)V < extends Ljava/lang/Object, implements ['Lhs/d']
COMPONENT CONCAT > LHe/b;->a()Landroidx/fragment/app/n; < extends Ljava/lang/Object, implements ['LT9/k']
COMPONENT CONCAT > LA6/B;->I(Landroid/view/View;)Lc3/a; < extends Ljava/lang/Object, implements ['Lhs/d']
COMPONENT CONCAT > Lwb/B;->f0(Ljava/lang/String;Ljava/lang/String;)V < extends Ljava/lang/Object, implements ['Lwb/A']
COMPONENT CONCAT > Lkd/W;->invoke()Ljava/lang/Object; < extends Ljava/lang/Object, implements ['Lkotlin/jvm/functions/Function0']
COMPONENT CONCAT > Lfe/x;->invoke(Ljava/lang/Object;)Ljava/lang/Object; < extends Ljava/lang/Object, implements ['Lkotlin/jvm/functions/Function1']
COMPONENT CONCAT > LZa/x;->I(Landroid/view/View;)Lc3/a; < extends Ljava/lang/Object, implements ['Lhs/d']
COMPONENT CONCAT > LZa/X;->I(Landroid/view/View;)Lc3/a; < extends Ljava/lang/Object, implements ['Lhs/d']
COMPONENT CONCAT > LK8/t;->I(Landroid/view/View;)Lc3/a; < extends Ljava/lang/Object, implements ['LA8/k', 'Lb6/f$b', 'Lkotlinx/coroutines/CoroutineScope', 'Lhs/d']
COMPONENT CONCAT > Lcom/bamtechmedia/dominguez/widget/disneyinput/pincode/d;->f(ILcom/bamtechmedia/dominguez/widget/disneyinput/pincode/DisneyPinCode$b;Z)V < extends Ljava/lang/Object, implements ['Lcom/bamtechmedia/dominguez/widget/disneyinput/pincode/DisneyPinCode$d']
COMPONENT CONCAT > Lji/c;->b(Lcom/bamtechmedia/dominguez/core/content/h$b;)V < extends Ljava/lang/Object, implements ['Lai/a', 'Lii/b$b']
COMPONENT CONCAT > LCb/h;->invoke(Ljava/lang/Object;)Ljava/lang/Object; < extends Ljava/lang/Object, implements ['Lkotlin/jvm/functions/Function1']
COMPONENT CONCAT > Luk/m;->b(Z)V < extends Ljava/lang/Object, implements ['Lsk/d']
COMPONENT CONCAT > Lwb/B;->j(Ljava/lang/String;Ljava/lang/String;)V < extends Ljava/lang/Object, implements ['Lwb/A']
COMPONENT CONCAT > Lm7/M;->invoke(Ljava/lang/Object;)Ljava/lang/Object; < extends Ljava/lang/Object, implements ['Lkotlin/jvm/functions/Function1']
COMPONENT CONCAT > Lr8/i;->invoke(Ljava/lang/Object;)Ljava/lang/Object; < extends Ljava/lang/Object, implements ['Lkotlin/jvm/functions/Function1']
COMPONENT CONCAT > Lvj/g;->I(Landroid/view/View;)Lc3/a; < extends Ljava/lang/Object, implements ['Lfj/c', 'Lhs/d']
COMPONENT CONCAT > Lxi/a;->m0()Landroid/view/View; < extends Ljava/lang/Object, implements ['LT3/H', 'Lqi/a', 'Lqi/b', 'Lqi/c', 'Lqi/e', 'Lqi/d', 'Lqi/f', 'Lqi/h', 'Lqi/i', 'Lqi/j', 'Lqi/l', 'Lqi/m', 'Lqi/p', 'Lqi/q', 'Lqi/r', 'Lqi/s', 'Lqi/t', 'Lqi/u', 'Lqi/v', 'Lqi/w', 'Lqi/x', 'Lqi/y', 'Lqi/z']
COMPONENT CONCAT > LCd/d;->invoke(Ljava/lang/Object;)Ljava/lang/Object; < extends Ljava/lang/Object, implements ['Lkotlin/jvm/functions/Function1']
COMPONENT CONCAT > Lld/l;->I(Landroid/view/View;)Lc3/a; < extends Ljava/lang/Object, implements ['Lhs/d']
COMPONENT CONCAT > Lja/a;->invoke(Ljava/lang/Object;)Ljava/lang/Object; < extends Ljava/lang/Object, implements ['Lkotlin/jvm/functions/Function1']
COMPONENT CONCAT > Leb/v;->a()V < extends Ljava/lang/Object, implements ['Lcb/g0']
COMPONENT CONCAT > LHk/a;->invoke()Ljava/lang/Object; < extends Ljava/lang/Object, implements ['Lkotlin/jvm/functions/Function0']
COMPONENT CONCAT > Lcom/bamtechmedia/dominguez/widget/date/a;->h(Ljava/lang/String;Lbl/a;)V < extends Ljava/lang/Object, implements ['Lcom/bamtechmedia/dominguez/widget/date/DisneyDateInput$a', 'Lgl/m']
COMPONENT CONCAT > Lrh/a;->invoke()Ljava/lang/Object; < extends Ljava/lang/Object, implements ['Lkotlin/jvm/functions/Function0']
COMPONENT CONCAT > LC7/b;->invoke(Ljava/lang/Object;)Ljava/lang/Object; < extends Ljava/lang/Object, implements ['Lkotlin/jvm/functions/Function1']
COMPONENT CONCAT > Lcb/j;->invoke()Ljava/lang/Object; < extends Ljava/lang/Object, implements ['Lkotlin/jvm/functions/Function0']
COMPONENT CONCAT > Lvj/o;->E(Lc3/a;ILjava/util/List;)V < extends Ljava/lang/Object, implements ['Lfj/c', 'Lhs/d']
COMPONENT CONCAT > Lwb/B;->O(Ljava/lang/Integer;)V < extends Ljava/lang/Object, implements ['Lwb/A']
COMPONENT CONCAT > Lkd/D;->invoke(Ljava/lang/Object;)Ljava/lang/Object; < extends Ljava/lang/Object, implements ['Lkotlin/jvm/functions/Function1']
COMPONENT CONCAT > LCb/e;->invoke(Ljava/lang/Object;)Ljava/lang/Object; < extends Ljava/lang/Object, implements ['Lkotlin/jvm/functions/Function1']
COMPONENT CONCAT > Lvj/d;->I(Landroid/view/View;)Lc3/a; < extends Ljava/lang/Object, implements ['Lfj/c', 'Lhs/d']
COMPONENT CONCAT > LK8/Y;->E(Lc3/a;ILjava/util/List;)V < extends Ljava/lang/Object, implements ['Lb6/f$c', 'LA8/k', 'LY8/a', 'Lhs/d']
COMPONENT CONCAT > Lw6/j;->I(Landroid/view/View;)Lc3/a; < extends Ljava/lang/Object, implements ['Lhs/d']
COMPONENT CONCAT > Lcom/bamtechmedia/dominguez/player/ui/experiences/legacy/v1/MobilePlaybackActivity;->onCreate(Landroid/os/Bundle;)V < extends Landroidx/appcompat/app/c, implements ['LRc/u', 'La6/K$d', 'Lts/c', 'Landroidx/appcompat/app/d', 'Landroidx/core/app/B$a']
COMPONENT CONCAT > LBd/m;->invoke(Ljava/lang/Object;)Ljava/lang/Object; < extends Ljava/lang/Object, implements ['Lkotlin/jvm/functions/Function1']
COMPONENT CONCAT > LOh/a;->invoke()Ljava/lang/Object; < extends Ljava/lang/Object, implements ['Lkotlin/jvm/functions/Function0']
COMPONENT CONCAT > Ldj/f;->invoke(Ljava/lang/Object;)Ljava/lang/Object; < extends Ljava/lang/Object, implements ['Lkotlin/jvm/functions/Function1']
COMPONENT CONCAT > Lje/d;->invoke(Ljava/lang/Object;)Ljava/lang/Object; < extends Ljava/lang/Object, implements ['Lkotlin/jvm/functions/Function1']
COMPONENT CONCAT > Ln6/i;->c(Landroidx/fragment/app/n;Landroid/view/View;Lkotlin/sequences/Sequence;ZLkotlin/jvm/functions/Function0;)V < extends Ljava/lang/Object, implements ['Ln6/c']
COMPONENT CONCAT > Lz5/s;->I(Landroid/view/View;)Lc3/a; < extends Ljava/lang/Object, implements ['Lhs/d']
COMPONENT CONCAT > LCj/a;->invoke(Ljava/lang/Object;)Ljava/lang/Object; < extends Ljava/lang/Object, implements ['Lkotlin/jvm/functions/Function1']
COMPONENT CONCAT > Lqc/D0;->a()Landroidx/fragment/app/n; < extends Ljava/lang/Object, implements ['LT9/k']
COMPONENT CONCAT > Lnj/e;->invoke(Ljava/lang/Object;)Ljava/lang/Object; < extends Ljava/lang/Object, implements ['Lkotlin/jvm/functions/Function1']
COMPONENT CONCAT > LL6/v;->a()Landroidx/fragment/app/n; < extends Ljava/lang/Object, implements ['LT9/k']
COMPONENT CONCAT > Lae/t0;->invoke(Ljava/lang/Object;)Ljava/lang/Object; < extends Ljava/lang/Object, implements ['Lkotlin/jvm/functions/Function1']
COMPONENT CONCAT > Lae/Y;->invoke(Ljava/lang/Object;)Ljava/lang/Object; < extends Ljava/lang/Object, implements ['Lkotlin/jvm/functions/Function1']
COMPONENT CONCAT > LXd/i;->e(LTd/y1$a;)V < extends Ljava/lang/Object, implements ['LTd/b0']
COMPONENT CONCAT > LNb/b;->invoke(Ljava/lang/Object;)Ljava/lang/Object; < extends Ljava/lang/Object, implements ['Lkotlin/jvm/functions/Function1']
COMPONENT CONCAT > LN8/d;->E(Lc3/a;ILjava/util/List;)V < extends Ljava/lang/Object, implements ['Lb6/f$b', 'Lkotlinx/coroutines/CoroutineScope', 'Lhs/d']
COMPONENT CONCAT > LK8/z;->I(Landroid/view/View;)Lc3/a; < extends Ljava/lang/Object, implements ['Lkotlinx/coroutines/CoroutineScope', 'Lb6/f$b', 'Lhs/d']
COMPONENT CONCAT > Lp7/u;->J(Lhs/e;)Lcom/bamtechmedia/dominguez/collections/l1$a; < extends Landroidx/fragment/app/n, implements ['Lu9/d$a', 'Lts/c', 'Lcom/bamtechmedia/dominguez/core/utils/d0', 'LV5/P0', 'Lcom/bamtechmedia/dominguez/collections/N', 'LV5/L0', 'Lcom/bamtechmedia/dominguez/collections/a', 'LE9/d$a', 'LK8/U$a', 'LRc/u', 'La6/K$d', 'Landroid/content/ComponentCallbacks', 'Landroid/view/View$OnCreateContextMenuListener', 'Landroidx/lifecycle/w', 'Landroidx/lifecycle/h0', 'Landroidx/lifecycle/l', 'LT2/f']
COMPONENT CONCAT > Lmb/s;->a()Landroidx/fragment/app/m; < extends Ljava/lang/Object, implements ['LT9/h']
COMPONENT CONCAT > LY7/n;->e()V < extends Ljava/lang/Object, implements ['LX8/x']
COMPONENT CONCAT > LL6/y;->a()Landroidx/fragment/app/n; < extends Ljava/lang/Object, implements ['LT9/k']
COMPONENT CONCAT > Lvj/o;->I(Landroid/view/View;)Lc3/a; < extends Ljava/lang/Object, implements ['Lfj/c', 'Lhs/d']
COMPONENT CONCAT > Lv6/l;->I(Landroid/view/View;)Lc3/a; < extends Ljava/lang/Object, implements ['Lhs/d']
COMPONENT CONCAT > LAh/d;->invoke()Ljava/lang/Object; < extends Ljava/lang/Object, implements ['Lkotlin/jvm/functions/Function0']
COMPONENT CONCAT > Lvj/b;->I(Landroid/view/View;)Lc3/a; < extends Ljava/lang/Object, implements ['Lhs/d']
COMPONENT CONCAT > LK8/r0;->U(Lc3/a;)I < extends Ljava/lang/Object, implements ['Lb6/f$a', 'LA8/k', 'LY8/a', 'Lhs/d']
COMPONENT CONCAT > Lqc/c0;->a(Lsc/g;Z)Landroidx/fragment/app/n; < extends Ljava/lang/Object, implements ['Lqc/b0']
COMPONENT CONCAT > LK8/o0;->b(Landroid/view/View;)Lc3/a; < extends Ljava/lang/Object, implements ['LK8/q0']
COMPONENT CONCAT > LC7/x0;->invoke()Ljava/lang/Object; < extends Ljava/lang/Object, implements ['Lkotlin/jvm/functions/Function0']
COMPONENT CONCAT > LD7/a;->invoke()Ljava/lang/Object; < extends Ljava/lang/Object, implements ['Lkotlin/jvm/functions/Function0']
COMPONENT CONCAT > Lvj/X;->I(Landroid/view/View;)Lc3/a; < extends Ljava/lang/Object, implements ['Lfj/c', 'Lhs/d']
COMPONENT CONCAT > Lpl/p;->invoke(Ljava/lang/Object;)Ljava/lang/Object; < extends Ljava/lang/Object, implements ['Lkotlin/jvm/functions/Function1']
COMPONENT CONCAT > LN8/d;->I(Landroid/view/View;)Lc3/a; < extends Ljava/lang/Object, implements ['Lb6/f$b', 'Lkotlinx/coroutines/CoroutineScope', 'Lhs/d']
COMPONENT CONCAT > LZa/H;->I(Landroid/view/View;)Lc3/a; < extends Ljava/lang/Object, implements ['Lb6/f$b', 'Lhs/d']
COMPONENT CONCAT > LK8/g0;->E(Lc3/a;ILjava/util/List;)V < extends Ljava/lang/Object, implements ['Lb6/f$b', 'Lkotlinx/coroutines/CoroutineScope', 'Lhs/d']
COMPONENT CONCAT > Lcom/bamtechmedia/dominguez/widget/date/a;->c()V < extends Ljava/lang/Object, implements ['Lcom/bamtechmedia/dominguez/widget/date/DisneyDateInput$a', 'Lgl/m']
COMPONENT CONCAT > Luk/m;->f(Z)V < extends Ljava/lang/Object, implements ['Lsk/d']
COMPONENT CONCAT > LJ8/d;->c(LJ8/c$a;)Landroidx/fragment/app/n; < extends Ljava/lang/Object, implements ['LJ8/c']
COMPONENT CONCAT > LL6/s;->a()Landroidx/fragment/app/n; < extends Ljava/lang/Object, implements ['LT9/k']
COMPONENT CONCAT > LZa/O;->I(Landroid/view/View;)Lc3/a; < extends Ljava/lang/Object, implements ['Lb6/f$b', 'Lhs/d']
COMPONENT CONCAT > Lcom/bamtechmedia/dominguez/collections/Z1;->a(Ljava/lang/Throwable;)Ljava/util/List; < extends Ljava/lang/Object, implements ['Lcom/bamtechmedia/dominguez/collections/W1']
COMPONENT CONCAT > LK8/r0;->I(Landroid/view/View;)Lc3/a; < extends Ljava/lang/Object, implements ['Lb6/f$a', 'LA8/k', 'LY8/a', 'Lhs/d']
COMPONENT CONCAT > LXb/c;->a(Landroid/content/Context;Lcom/disney/flex/api/FlexInteraction;ZLkotlin/jvm/functions/Function1;)Landroid/view/View; < extends Ljava/lang/Object, implements ['LDm/c']
COMPONENT CONCAT > LGd/B;->invoke(Ljava/lang/Object;)Ljava/lang/Object; < extends Ljava/lang/Object, implements ['Lkotlin/jvm/functions/Function1']
COMPONENT CONCAT > Lqc/O0;->invoke(Ljava/lang/Object;Ljava/lang/Object;Ljava/lang/Object;)Ljava/lang/Object; < extends Ljava/lang/Object, implements ['Lkotlin/jvm/functions/Function3']
COMPONENT CONCAT > Lqj/k;->invoke()Ljava/lang/Object; < extends Ljava/lang/Object, implements ['Lkotlin/jvm/functions/Function0']
COMPONENT CONCAT > LP5/k;->invoke()Ljava/lang/Object; < extends Ljava/lang/Object, implements ['Lkotlin/jvm/functions/Function0']
COMPONENT CONCAT > LXd/f;->invoke()Ljava/lang/Object; < extends Ljava/lang/Object, implements ['Lkotlin/jvm/functions/Function0']
COMPONENT CONCAT > Lcom/bamtechmedia/dominguez/widget/h;->invoke()Ljava/lang/Object; < extends Ljava/lang/Object, implements ['Lkotlin/jvm/functions/Function0']
COMPONENT CONCAT > Leb/s;->invoke(Ljava/lang/Object;)Ljava/lang/Object; < extends Ljava/lang/Object, implements ['Lkotlin/jvm/functions/Function1']
COMPONENT CONCAT > LK8/g0;->I(Landroid/view/View;)Lc3/a; < extends Ljava/lang/Object, implements ['Lb6/f$b', 'Lkotlinx/coroutines/CoroutineScope', 'Lhs/d']
COMPONENT CONCAT > Lbc/u;->invoke(Ljava/lang/Object;)Ljava/lang/Object; < extends Ljava/lang/Object, implements ['Lkotlin/jvm/functions/Function1']
COMPONENT CONCAT > LZa/N;->I(Landroid/view/View;)Lc3/a; < extends Ljava/lang/Object, implements ['Lhs/d']
COMPONENT CONCAT > Lqj/h;->invoke(Ljava/lang/Object;)Ljava/lang/Object; < extends Ljava/lang/Object, implements ['Lkotlin/jvm/functions/Function1']
COMPONENT CONCAT > LC7/o0;->invoke()Ljava/lang/Object; < extends Ljava/lang/Object, implements ['Lkotlin/jvm/functions/Function0']
COMPONENT CONCAT > Lqc/W0;->invoke(Ljava/lang/Object;Ljava/lang/Object;)Ljava/lang/Object; < extends Ljava/lang/Object, implements ['Lkotlin/jvm/functions/Function2']
COMPONENT CONCAT > LTd/u;->a(I)Z < extends Ljava/lang/Object, implements ['LTd/b0']
COMPONENT CONCAT > Lfl/i;->invoke(Ljava/lang/Object;)Ljava/lang/Object; < extends Ljava/lang/Object, implements ['Lkotlin/jvm/functions/Function1']
COMPONENT CONCAT > Lk7/c;->invoke(Ljava/lang/Object;)Ljava/lang/Object; < extends Ljava/lang/Object, implements ['Lkotlin/jvm/functions/Function1']
COMPONENT CONCAT > Llk/c;->invoke(Ljava/lang/Object;)Ljava/lang/Object; < extends Ljava/lang/Object, implements ['Lkotlin/jvm/functions/Function1']
COMPONENT CONCAT > LBd/f;->invoke(Ljava/lang/Object;)Ljava/lang/Object; < extends Ljava/lang/Object, implements ['Lkotlin/jvm/functions/Function1']
COMPONENT CONCAT > Lfl/r;->invoke()Ljava/lang/Object; < extends Ljava/lang/Object, implements ['Lkotlin/jvm/functions/Function0']
COMPONENT CONCAT > Lpl/a;->invoke(Ljava/lang/Object;)Ljava/lang/Object; < extends Ljava/lang/Object, implements ['Lkotlin/jvm/functions/Function1']
COMPONENT CONCAT > LHd/g;->invoke(Ljava/lang/Object;)Ljava/lang/Object; < extends Ljava/lang/Object, implements ['Lkotlin/jvm/functions/Function1']
COMPONENT CONCAT > LFb/d;->a()Landroidx/fragment/app/n; < extends Ljava/lang/Object, implements ['Lse/b']
COMPONENT CONCAT > Lwb/B;->z(Ljava/lang/String;Ljava/lang/String;)V < extends Ljava/lang/Object, implements ['Lwb/A']
COMPONENT CONCAT > Lcom/bamtechmedia/dominguez/options/G;->I(Landroid/view/View;)Lc3/a; < extends Ljava/lang/Object, implements ['Lhs/d']
COMPONENT CONCAT > Lpl/r;->invoke(Ljava/lang/Object;)Ljava/lang/Object; < extends Ljava/lang/Object, implements ['Lkotlin/jvm/functions/Function1']
COMPONENT CONCAT > LZa/q0;->I(Landroid/view/View;)Lc3/a; < extends Ljava/lang/Object, implements ['Lb6/f$b', 'Lhs/d']
COMPONENT CONCAT > LWi/r1;->invoke(Ljava/lang/Object;)Ljava/lang/Object; < extends Ljava/lang/Object, implements ['Lkotlin/jvm/functions/Function1']
COMPONENT CONCAT > Lyk/m;->invoke(Ljava/lang/Object;)Ljava/lang/Object; < extends Ljava/lang/Object, implements ['Lkotlin/jvm/functions/Function1']
COMPONENT CONCAT > Lp7/m;->invoke(Ljava/lang/Object;)Ljava/lang/Object; < extends Ljava/lang/Object, implements ['Lkotlin/jvm/functions/Function1']
COMPONENT CONCAT > Lhk/b;->getRoot()Landroid/view/View; < extends Ljava/lang/Object, implements ['Lc3/a']
COMPONENT CONCAT > Lo8/d;->a(LX8/D$m;Ljava/util/List;)V < extends Ljava/lang/Object, implements ['Lo8/t']
COMPONENT CONCAT > Lp7/u;->F(Lcom/bamtechmedia/dominguez/collections/l1$a;Lcom/bamtechmedia/dominguez/collections/T$d;)Lkotlin/Unit; < extends Landroidx/fragment/app/n, implements ['Lu9/d$a', 'Lts/c', 'Lcom/bamtechmedia/dominguez/core/utils/d0', 'LV5/P0', 'Lcom/bamtechmedia/dominguez/collections/N', 'LV5/L0', 'Lcom/bamtechmedia/dominguez/collections/a', 'LE9/d$a', 'LK8/U$a', 'LRc/u', 'La6/K$d', 'Landroid/content/ComponentCallbacks', 'Landroid/view/View$OnCreateContextMenuListener', 'Landroidx/lifecycle/w', 'Landroidx/lifecycle/h0', 'Landroidx/lifecycle/l', 'LT2/f']
COMPONENT CONCAT > Lnl/g;->invoke()Ljava/lang/Object; < extends Ljava/lang/Object, implements ['Lkotlin/jvm/functions/Function0']
COMPONENT CONCAT > Lcom/bamtechmedia/dominguez/subscriptionconfirmation/purchaseSuccess/PurchaseSuccessOverlayView;->onFinishInflate()V < extends Landroidx/constraintlayout/motion/widget/MotionLayout, implements ['Lmb/M', 'Lts/c', 'Landroidx/core/view/E']
COMPONENT CONCAT > LGd/c0;->invoke(Ljava/lang/Object;)Ljava/lang/Object; < extends Ljava/lang/Object, implements ['Lkotlin/jvm/functions/Function1']
COMPONENT CONCAT > Lz5/K;->I(Landroid/view/View;)Lc3/a; < extends Ljava/lang/Object, implements ['Lhs/d']
COMPONENT CONCAT > LU5/m;->a()Landroidx/fragment/app/n; < extends Ljava/lang/Object, implements ['LT9/k']
COMPONENT CONCAT > LZa/w;->I(Landroid/view/View;)Lc3/a; < extends Ljava/lang/Object, implements ['Lhs/d']
COMPONENT CONCAT > LZ8/b;->I(Landroid/view/View;)Lc3/a; < extends Ljava/lang/Object, implements ['Lhs/d']
COMPONENT CONCAT > Luj/l;->invoke(Ljava/lang/Object;)Ljava/lang/Object; < extends Ljava/lang/Object, implements ['Lkotlin/jvm/functions/Function1']
COMPONENT CONCAT > LL6/x;->a()Landroidx/fragment/app/n; < extends Ljava/lang/Object, implements ['LT9/k']
COMPONENT CONCAT > Lod/u;->I(Landroid/view/View;)Lc3/a; < extends Ljava/lang/Object, implements ['Lhs/d']
COMPONENT CONCAT > Lae/Z;->invoke()Ljava/lang/Object; < extends Ljava/lang/Object, implements ['Lkotlin/jvm/functions/Function0']
COMPONENT CONCAT > Lfl/B;->invoke(Ljava/lang/Object;)Ljava/lang/Object; < extends Ljava/lang/Object, implements ['Lkotlin/jvm/functions/Function1']
COMPONENT CONCAT > Lfi/b;->invoke()Ljava/lang/Object; < extends Ljava/lang/Object, implements ['Lkotlin/jvm/functions/Function0']
COMPONENT CONCAT > Lz5/m;->I(Landroid/view/View;)Lc3/a; < extends Ljava/lang/Object, implements ['Lhs/d']
COMPONENT CONCAT > Lcb/z;->invoke()Ljava/lang/Object; < extends Ljava/lang/Object, implements ['Lkotlin/jvm/functions/Function0']
COMPONENT CONCAT > Lcom/bamtechmedia/dominguez/options/h;->invoke(Ljava/lang/Object;)Ljava/lang/Object; < extends Ljava/lang/Object, implements ['Lkotlin/jvm/functions/Function1']
COMPONENT CONCAT > LZa/k;->I(Landroid/view/View;)Lc3/a; < extends Ljava/lang/Object, implements ['Lhs/d']
COMPONENT CONCAT > Lcom/bamtechmedia/dominguez/legal/disclosure/j;->b(ZILjava/lang/String;)V < extends Ljava/lang/Object, implements ['Luc/a0']
COMPONENT CONCAT > Lji/a;->invoke()Ljava/lang/Object; < extends Ljava/lang/Object, implements ['Lkotlin/jvm/functions/Function0']
COMPONENT CONCAT > LJd/L;->invoke(Ljava/lang/Object;)Ljava/lang/Object; < extends Ljava/lang/Object, implements ['Lkotlin/jvm/functions/Function1']
COMPONENT CONCAT > LU5/n;->a()Landroidx/fragment/app/n; < extends Ljava/lang/Object, implements ['LT9/k']
COMPONENT CONCAT > Lqc/s;->invoke(Ljava/lang/Object;)Ljava/lang/Object; < extends Ljava/lang/Object, implements ['Lkotlin/jvm/functions/Function1']
COMPONENT CONCAT > LAj/g;->invoke(Ljava/lang/Object;)Ljava/lang/Object; < extends Ljava/lang/Object, implements ['Lkotlin/jvm/functions/Function1']
COMPONENT CONCAT > Lvj/a;->I(Landroid/view/View;)Lc3/a; < extends Ljava/lang/Object, implements ['Lhs/d']
COMPONENT CONCAT > Lk8/l;->e()V < extends Ljava/lang/Object, implements ['LX8/x']
COMPONENT CONCAT > LK8/r0;->E(Lc3/a;ILjava/util/List;)V < extends Ljava/lang/Object, implements ['Lb6/f$a', 'LA8/k', 'LY8/a', 'Lhs/d']
COMPONENT CONCAT > LO8/c;->E(Lc3/a;ILjava/util/List;)V < extends Ljava/lang/Object, implements ['Lb6/f$b', 'Lb6/f$c', 'Lkotlinx/coroutines/CoroutineScope', 'LA8/k', 'LY8/a', 'Lhs/d']
COMPONENT CONCAT > Luc/i0;->d()V < extends Ljava/lang/Object, implements ['Luc/a0']
COMPONENT CONCAT > LZa/M;->I(Landroid/view/View;)Lc3/a; < extends Ljava/lang/Object, implements ['Lhs/d']
COMPONENT CONCAT > LXd/i;->d()Z < extends Ljava/lang/Object, implements ['LTd/b0']
COMPONENT CONCAT > Lhk/d;->getRoot()Landroid/view/View; < extends Ljava/lang/Object, implements ['Lc3/a']
COMPONENT CONCAT > Lmj/e;->invoke(Ljava/lang/Object;)Ljava/lang/Object; < extends Ljava/lang/Object, implements ['Lkotlin/jvm/functions/Function1']
COMPONENT CONCAT > Luj/b;->invoke(Ljava/lang/Object;)Ljava/lang/Object; < extends Ljava/lang/Object, implements ['Lkotlin/jvm/functions/Function1']
COMPONENT CONCAT > LK8/Y;->m(Landroid/view/View;)Lhs/h; < extends Ljava/lang/Object, implements ['Lb6/f$c', 'LA8/k', 'LY8/a', 'Lhs/d']
COMPONENT CONCAT > LBd/t;->invoke(Ljava/lang/Object;)Ljava/lang/Object; < extends Ljava/lang/Object, implements ['Lkotlin/jvm/functions/Function1']
COMPONENT CONCAT > Lo8/s;->a(LX8/D$m;Ljava/util/List;)V < extends Ljava/lang/Object, implements ['Lo8/t']
COMPONENT CONCAT > Lqc/c0;->b(Ljava/lang/String;Z)Landroidx/fragment/app/n; < extends Ljava/lang/Object, implements ['Lqc/b0']
COMPONENT CONCAT > Lfe/B;->b(Lfe/i0$a;)V < extends Ljava/lang/Object, implements ['Lfe/C']
COMPONENT CONCAT > LK8/Y;->I(Landroid/view/View;)Lc3/a; < extends Ljava/lang/Object, implements ['Lb6/f$c', 'LA8/k', 'LY8/a', 'Lhs/d']
COMPONENT CONCAT > LVi/t;->getRoot()Landroid/view/View; < extends Ljava/lang/Object, implements ['Lc3/a']
COMPONENT CONCAT > LCb/f;->invoke(Ljava/lang/Object;)Ljava/lang/Object; < extends Ljava/lang/Object, implements ['Lkotlin/jvm/functions/Function1']
COMPONENT CONCAT > Lwb/B;->k()Landroid/view/View; < extends Ljava/lang/Object, implements ['Lwb/A']
COMPONENT CONCAT > LCb/b;->a(Landroid/view/LayoutInflater;)Landroid/view/LayoutInflater; < extends Ljava/lang/Object, implements ['LCb/l']
COMPONENT CONCAT > Lxi/a;->k0()Landroid/view/View; < extends Ljava/lang/Object, implements ['LT3/H', 'Lqi/a', 'Lqi/b', 'Lqi/c', 'Lqi/e', 'Lqi/d', 'Lqi/f', 'Lqi/h', 'Lqi/i', 'Lqi/j', 'Lqi/l', 'Lqi/m', 'Lqi/p', 'Lqi/q', 'Lqi/r', 'Lqi/s', 'Lqi/t', 'Lqi/u', 'Lqi/v', 'Lqi/w', 'Lqi/x', 'Lqi/y', 'Lqi/z']
COMPONENT CONCAT > LGd/Y;->invoke(Ljava/lang/Object;)Ljava/lang/Object; < extends Ljava/lang/Object, implements ['Lkotlin/jvm/functions/Function1']
COMPONENT CONCAT > Ljh/h;->invoke()Ljava/lang/Object; < extends Ljava/lang/Object, implements ['Lkotlin/jvm/functions/Function0']
COMPONENT CONCAT > Lfl/J;->invoke(Ljava/lang/Object;)Ljava/lang/Object; < extends Ljava/lang/Object, implements ['Lkotlin/jvm/functions/Function1']
COMPONENT CONCAT > Lcom/bamtechmedia/dominguez/personalinfo/contentRating/c;->I(Landroid/view/View;)Lc3/a; < extends Ljava/lang/Object, implements ['Lhs/d']
COMPONENT CONCAT > Lcom/bamtechmedia/dominguez/collections/p1;->invoke(Ljava/lang/Object;)Ljava/lang/Object; < extends Ljava/lang/Object, implements ['Lkotlin/jvm/functions/Function1']
COMPONENT CONCAT > Lvj/F;->I(Landroid/view/View;)Lc3/a; < extends Ljava/lang/Object, implements ['Lfj/c', 'Lhs/d']
COMPONENT CONCAT > Lt6/c0;->I(Landroid/view/View;)Lc3/a; < extends Ljava/lang/Object, implements ['Lb6/f$b', 'Lhs/d']
COMPONENT CONCAT > LI8/s;->getRoot()Landroid/view/View; < extends Ljava/lang/Object, implements ['Lc3/a']
COMPONENT CONCAT > Lc8/i;->e()V < extends Ljava/lang/Object, implements ['LX8/x']
COMPONENT CONCAT > LKd/c;->a()Landroidx/fragment/app/n; < extends Ljava/lang/Object, implements ['LT9/k']
COMPONENT CONCAT > Lqc/r;->invoke(Ljava/lang/Object;)Ljava/lang/Object; < extends Ljava/lang/Object, implements ['Lkotlin/jvm/functions/Function1']
COMPONENT CONCAT > Lyc/e;->invoke(Ljava/lang/Object;)Ljava/lang/Object; < extends Ljava/lang/Object, implements ['Lkotlin/jvm/functions/Function1']
COMPONENT CONCAT > LGd/g;->I(Landroid/view/View;)Lc3/a; < extends Ljava/lang/Object, implements ['Lhs/d']
COMPONENT CONCAT > LXe/a;->a()Landroidx/fragment/app/n; < extends Ljava/lang/Object, implements ['LT9/k']
COMPONENT CONCAT > LZa/l;->I(Landroid/view/View;)Lc3/a; < extends Ljava/lang/Object, implements ['Lhs/d']
COMPONENT CONCAT > Llj/m;->invoke()Ljava/lang/Object; < extends Ljava/lang/Object, implements ['Lkotlin/jvm/functions/Function0']
COMPONENT CONCAT > Lqc/p1;->m(Lqc/W$a;Landroid/view/ViewGroup;Lkotlin/jvm/functions/Function1;)Ljava/util/List; < extends Ljava/lang/Object, implements []
COMPONENT CONCAT > LRe/c;->a(Ljava/lang/String;)Landroidx/fragment/app/n; < extends Ljava/lang/Object, implements ['LPe/a']
COMPONENT CONCAT > Lg7/x;->invoke(Ljava/lang/Object;)Ljava/lang/Object; < extends Ljava/lang/Object, implements ['Lkotlin/jvm/functions/Function1']
COMPONENT CONCAT > LZa/b;->I(Landroid/view/View;)Lc3/a; < extends Ljava/lang/Object, implements ['Lhs/d']
COMPONENT CONCAT > Lvj/y;->invoke()Ljava/lang/Object; < extends Ljava/lang/Object, implements ['Lkotlin/jvm/functions/Function0']
COMPONENT CONCAT > Lxb/e;->invoke(Ljava/lang/Object;)Ljava/lang/Object; < extends Ljava/lang/Object, implements ['Lkotlin/jvm/functions/Function1']
COMPONENT CONCAT > LK8/p0;->b(Landroid/view/View;)Lc3/a; < extends Ljava/lang/Object, implements ['LK8/q0']
COMPONENT CONCAT > Lwb/l;->invoke(Ljava/lang/Object;)Ljava/lang/Object; < extends Ljava/lang/Object, implements ['Lkotlin/jvm/functions/Function1']
COMPONENT CONCAT > Lo8/v;->a(ILc3/a;)Z < extends Ljava/lang/Object, implements ['LX8/c']
COMPONENT CONCAT > Lz5/i;->I(Landroid/view/View;)Lc3/a; < extends Ljava/lang/Object, implements ['Lhs/d']
COMPONENT CONCAT > Lcom/bamtechmedia/dominguez/widget/date/a;->d(Ljava/lang/String;)V < extends Ljava/lang/Object, implements ['Lcom/bamtechmedia/dominguez/widget/date/DisneyDateInput$a', 'Lgl/m']
COMPONENT CONCAT > Ly5/O;->invoke(Ljava/lang/Object;)Ljava/lang/Object; < extends Ljava/lang/Object, implements ['Lkotlin/jvm/functions/Function1']
COMPONENT CONCAT > Lp7/c;->invoke(Ljava/lang/Object;)Ljava/lang/Object; < extends Ljava/lang/Object, implements ['Lkotlin/jvm/functions/Function1']
COMPONENT CONCAT > LX8/q;->a(LX8/D$m;Ljava/util/List;)V < extends Ljava/lang/Object, implements ['LX8/l']
COMPONENT CONCAT > LGd/s;->I(Landroid/view/View;)Lc3/a; < extends Ljava/lang/Object, implements ['Lhs/d']
COMPONENT CONCAT > Lcom/bamtechmedia/dominguez/legal/disclosure/j;->e(Z)V < extends Ljava/lang/Object, implements ['Luc/a0']
COMPONENT CONCAT > Lvj/A;->I(Landroid/view/View;)Lc3/a; < extends Ljava/lang/Object, implements ['Lhs/d']
COMPONENT CONCAT > LZa/a;->I(Landroid/view/View;)Lc3/a; < extends Ljava/lang/Object, implements ['Lhs/d']
COMPONENT CONCAT > LA6/q;->I(Landroid/view/View;)Lc3/a; < extends Ljava/lang/Object, implements ['Lhs/d']
COMPONENT CONCAT > Lcom/bamtechmedia/dominguez/dialogs/tier0/customview/a;->invoke()Ljava/lang/Object; < extends Ljava/lang/Object, implements ['Lkotlin/jvm/functions/Function0']
COMPONENT CONCAT > Lgl/h;->invoke()Ljava/lang/Object; < extends Ljava/lang/Object, implements ['Lkotlin/jvm/functions/Function0']
COMPONENT CONCAT > LSb/p;->I(Landroid/view/View;)Lc3/a; < extends Ljava/lang/Object, implements ['Lhs/d']
COMPONENT CONCAT > LZa/F;->I(Landroid/view/View;)Lc3/a; < extends Ljava/lang/Object, implements ['Lhs/d']
COMPONENT CONCAT > LZa/q0;->E(Lc3/a;ILjava/util/List;)V < extends Ljava/lang/Object, implements ['Lb6/f$b', 'Lhs/d']
COMPONENT CONCAT > Lq5/g;->I(Landroid/view/View;)Lc3/a; < extends Ljava/lang/Object, implements ['Lhs/d']
COMPONENT CONCAT > LNc/b;->invoke(Ljava/lang/Object;)Ljava/lang/Object; < extends Ljava/lang/Object, implements ['Lkotlin/jvm/functions/Function1']
COMPONENT CONCAT > Lld/n;->I(Landroid/view/View;)Lc3/a; < extends Ljava/lang/Object, implements ['Lhs/d']
COMPONENT CONCAT > Lx6/n;->I(Landroid/view/View;)Lc3/a; < extends Ljava/lang/Object, implements ['Lhs/d']
COMPONENT CONCAT > LTe/c;->a(Ljava/lang/Object;)Landroidx/fragment/app/n; < extends Ljava/lang/Object, implements ['LUe/a']
COMPONENT CONCAT > LNb/f;->invoke(Ljava/lang/Object;)Ljava/lang/Object; < extends Ljava/lang/Object, implements ['Lkotlin/jvm/functions/Function1']
COMPONENT CONCAT > LV6/j;->d(Ljava/lang/String;Z)Landroidx/fragment/app/n; < extends Ljava/lang/Object, implements ['LV6/i']
COMPONENT CONCAT > Luc/e;->invoke(Ljava/lang/Object;)Ljava/lang/Object; < extends Ljava/lang/Object, implements ['Lkotlin/jvm/functions/Function1']
COMPONENT CONCAT > Lt6/c;->I(Landroid/view/View;)Lc3/a; < extends Ljava/lang/Object, implements ['Lb6/f$b', 'Lhs/d']
COMPONENT CONCAT > Lgi/c;->invoke()Ljava/lang/Object; < extends Ljava/lang/Object, implements ['Lkotlin/jvm/functions/Function0']
COMPONENT CONCAT > LK8/m0;->b(Landroid/view/View;)Lc3/a; < extends Ljava/lang/Object, implements ['LK8/q0']
COMPONENT CONCAT > LC7/J0;->invoke()Ljava/lang/Object; < extends Ljava/lang/Object, implements ['Lkotlin/jvm/functions/Function0']
COMPONENT CONCAT > LK8/W;->I(Landroid/view/View;)Lc3/a; < extends Ljava/lang/Object, implements ['Lb6/f$b', 'Lhs/d']
COMPONENT CONCAT > Llj/n;->invoke()Ljava/lang/Object; < extends Ljava/lang/Object, implements ['Lkotlin/jvm/functions/Function0']
COMPONENT CONCAT > Lkd/Q;->invoke(Ljava/lang/Object;)Ljava/lang/Object; < extends Ljava/lang/Object, implements ['Lkotlin/jvm/functions/Function1']
COMPONENT CONCAT > LK8/Q;->I(Landroid/view/View;)Lc3/a; < extends Ljava/lang/Object, implements ['LY8/a', 'Lb6/f$a', 'Lhs/d']
COMPONENT CONCAT > LXd/c;->invoke(Ljava/lang/Object;)Ljava/lang/Object; < extends Ljava/lang/Object, implements ['Lkotlin/jvm/functions/Function1']
COMPONENT CONCAT > LIa/o;->invoke(Ljava/lang/Object;)Ljava/lang/Object; < extends Ljava/lang/Object, implements ['Lkotlin/jvm/functions/Function1']
COMPONENT CONCAT > LHe/p;->invoke(Ljava/lang/Object;)Ljava/lang/Object; < extends Ljava/lang/Object, implements ['Lkotlin/jvm/functions/Function1']
COMPONENT CONCAT > LCd/s;->invoke(Ljava/lang/Object;)Ljava/lang/Object; < extends Ljava/lang/Object, implements ['Lkotlin/jvm/functions/Function1']
COMPONENT CONCAT > Lcom/bamtechmedia/dominguez/options/g;->invoke(Ljava/lang/Object;)Ljava/lang/Object; < extends Ljava/lang/Object, implements ['Lkotlin/jvm/functions/Function1']
COMPONENT CONCAT > LOi/j;->a()Landroidx/fragment/app/n; < extends Ljava/lang/Object, implements ['LOi/i']
COMPONENT CONCAT > LTd/r;->invoke(Ljava/lang/Object;)Ljava/lang/Object; < extends Ljava/lang/Object, implements ['Lkotlin/jvm/functions/Function1']
COMPONENT CONCAT > LK8/t0;->I(Landroid/view/View;)Lc3/a; < extends Ljava/lang/Object, implements ['Lb6/f$b', 'Lkotlinx/coroutines/CoroutineScope', 'Lhs/d']
COMPONENT CONCAT > LR5/h;->invoke(Ljava/lang/Object;)Ljava/lang/Object; < extends Ljava/lang/Object, implements ['Lkotlin/jvm/functions/Function1']
COMPONENT CONCAT > Ljh/j;->invoke()Ljava/lang/Object; < extends Ljava/lang/Object, implements ['Lkotlin/jvm/functions/Function0']
COMPONENT CONCAT > LWi/Z;->a()Landroidx/fragment/app/n; < extends Ljava/lang/Object, implements ['LT9/k']
COMPONENT CONCAT > Lfl/F;->invoke(Ljava/lang/Object;)Ljava/lang/Object; < extends Ljava/lang/Object, implements ['Lkotlin/jvm/functions/Function1']
COMPONENT CONCAT > LO8/c;->I(Landroid/view/View;)Lc3/a; < extends Ljava/lang/Object, implements ['Lb6/f$b', 'Lb6/f$c', 'Lkotlinx/coroutines/CoroutineScope', 'LA8/k', 'LY8/a', 'Lhs/d']
COMPONENT CONCAT > LIa/v;->invoke(Ljava/lang/Object;)Ljava/lang/Object; < extends Ljava/lang/Object, implements ['Lkotlin/jvm/functions/Function1']
COMPONENT CONCAT > Lqc/c0;->c(Ljava/util/List;ILandroid/os/Parcelable;Lsc/a;)Landroidx/fragment/app/n; < extends Ljava/lang/Object, implements ['Lqc/b0']
COMPONENT CONCAT > La7/V;->I(Landroid/view/View;)Lc3/a; < extends Ljava/lang/Object, implements ['Lhs/d']
COMPONENT CONCAT > Lcom/bamtechmedia/dominguez/collections/F;->invoke(Ljava/lang/Object;)Ljava/lang/Object; < extends Ljava/lang/Object, implements ['Lkotlin/jvm/functions/Function1']
COMPONENT CONCAT > Lpj/I;->I(Landroid/view/View;)Lc3/a; < extends Ljava/lang/Object, implements ['Lhs/d']
COMPONENT CONCAT > LXf/b;->invoke()Ljava/lang/Object; < extends Ljava/lang/Object, implements ['Lkotlin/jvm/functions/Function0']
COMPONENT CONCAT > LZa/c0;->I(Landroid/view/View;)Lc3/a; < extends Ljava/lang/Object, implements ['Lhs/d']
COMPONENT CONCAT > Lvj/H;->I(Landroid/view/View;)Lc3/a; < extends Ljava/lang/Object, implements ['Lfj/c', 'Lhs/d']
COMPONENT CONCAT > Lvj/r;->invoke(Ljava/lang/Object;)Ljava/lang/Object; < extends Ljava/lang/Object, implements ['Lkotlin/jvm/functions/Function1']
COMPONENT CONCAT > Lhj/e;->invoke()Ljava/lang/Object; < extends Ljava/lang/Object, implements ['Lkotlin/jvm/functions/Function0']
MISSING ID > LAj/n;->onClick(Landroid/view/View;)V <
MISSING ID > LAj/p;->a(LAj/p;Landroid/view/View;)V <
COMPONENT CONCAT > LH2/p;->a(Landroidx/media3/common/util/ParsableByteArray;)V < extends Ljava/lang/Object, implements ['LH2/m']
COMPONENT CONCAT > Lj2/b;->c(Lc2/t;Lc2/L;)I < extends Ljava/lang/Object, implements ['Lc2/s']
COMPONENT CONCAT > Lc2/m;->b()[Lc2/s; < extends Ljava/lang/Object, implements ['Lc2/y']
COMPONENT CONCAT > LH2/q;->a(Landroidx/media3/common/util/ParsableByteArray;)V < extends Ljava/lang/Object, implements ['LH2/m']
COMPONENT CONCAT > Lt2/d;->b()[Lc2/s; < extends Ljava/lang/Object, implements ['Lc2/y']
COMPONENT CONCAT > Lv2/g;->c(Lc2/t;Lc2/L;)I < extends Ljava/lang/Object, implements ['Lc2/s']
COMPONENT CONCAT > Lh2/f;->c(Landroidx/media3/common/util/ParsableByteArray;J)Z < extends Ljava/lang/Object, implements []
COMPONENT CONCAT > LHb/w;->a()Landroidx/fragment/app/n; < extends Ljava/lang/Object, implements ['LT9/k']
COMPONENT CONCAT > Lb9/i0;->apply(Ljava/lang/Object;)Ljava/lang/Object; < extends Ljava/lang/Object, implements ['Lio/reactivex/functions/Function']
COMPONENT CONCAT > LUq/Q;->n(Lcom/google/crypto/tink/shaded/protobuf/x$d;Ljava/lang/Object;Ljava/lang/Object;)Ljava/lang/Object; < extends Ljava/lang/Object, implements ['Lcom/google/crypto/tink/shaded/protobuf/P', 'Lcom/google/crypto/tink/shaded/protobuf/O']
COMPONENT CONCAT > Lwg/E;->a()LT3/l; < extends Ljava/lang/Object, implements ['Lxg/b']
COMPONENT CONCAT > LHo/f;->invoke(Ljava/lang/Object;Ljava/lang/Object;Ljava/lang/Object;Ljava/lang/Object;Ljava/lang/Object;Ljava/lang/Object;Ljava/lang/Object;)Ljava/lang/Object; < extends Ljava/lang/Object, implements ['Lkotlin/jvm/functions/Function7']
COMPONENT CONCAT > Lcom/onetrust/otpublishers/headless/Internal/Helper/d;->onFailure(Lcom/onetrust/otpublishers/headless/Public/Response/OTResponse;)V < extends Ljava/lang/Object, implements ['Lcom/onetrust/otpublishers/headless/Public/OTCallback']
COMPONENT CONCAT > LFa/p;->m(Landroidx/fragment/app/n;)V < extends Ljava/lang/Object, implements ['Lpa/e']
COMPONENT CONCAT > Lcom/onetrust/otpublishers/headless/Public/OTPublishersHeadlessSDK;->showPreferenceCenterUI(Landroidx/appcompat/app/c;)V < extends Ljava/lang/Object, implements []
COMPONENT CONCAT > LFa/p;->c(Lkotlin/coroutines/Continuation;)Ljava/lang/Object; < extends Ljava/lang/Object, implements ['Lpa/e']
COMPONENT CONCAT > Lcom/onetrust/otpublishers/headless/Public/OTPublishersHeadlessSDK;->refreshUI(Landroidx/appcompat/app/c;)V < extends Ljava/lang/Object, implements []
COMPONENT CONCAT > Lcom/onetrust/otpublishers/headless/Public/OTPublishersHeadlessSDK;->optOutOfSaleOfData()V < extends Ljava/lang/Object, implements []
COMPONENT CONCAT > Lcom/onetrust/otpublishers/headless/Public/OTPublishersHeadlessSDK;->showConsentPurposesUI(Landroidx/fragment/app/o;)V < extends Ljava/lang/Object, implements []
COMPONENT CONCAT > Lcom/onetrust/otpublishers/headless/Public/OTPublishersHeadlessSDK;->optIntoSaleOfData()V < extends Ljava/lang/Object, implements []
COMPONENT CONCAT > LFa/p;->o()V < extends Ljava/lang/Object, implements ['Lpa/e']
COMPONENT CONCAT > Lcom/onetrust/otpublishers/headless/Public/OTPublishersHeadlessSDK;->refreshUI(Landroidx/fragment/app/o;)V < extends Ljava/lang/Object, implements []
COMPONENT CONCAT > LZr/v;->b(Lpv/d;Lpv/I;)V < extends Ljava/lang/Object, implements ['Lpv/f']
COMPONENT CONCAT > Lcom/onetrust/otpublishers/headless/UI/fragment/R0;->invoke(Ljava/lang/Object;)Ljava/lang/Object; < extends Ljava/lang/Object, implements ['Lkotlin/jvm/functions/Function1', 'Lkotlin/jvm/internal/j', 'Ljava/io/Serializable']
COMPONENT CONCAT > Lcom/onetrust/otpublishers/headless/Public/OTPublishersHeadlessSDK;->getVendorDetails(Ljava/lang/String;I)Lorg/json/JSONObject; < extends Ljava/lang/Object, implements []
COMPONENT CONCAT > Lcom/onetrust/otpublishers/headless/UI/fragment/P0;->invoke(Ljava/lang/Object;)Ljava/lang/Object; < extends Ljava/lang/Object, implements ['Lkotlin/jvm/functions/Function1', 'Lkotlin/jvm/internal/j', 'Ljava/io/Serializable']
COMPONENT CONCAT > Lcom/onetrust/otpublishers/headless/UI/fragment/N0;->invoke(Ljava/lang/Object;)Ljava/lang/Object; < extends Ljava/lang/Object, implements ['Lkotlin/jvm/functions/Function1', 'Lkotlin/jvm/internal/j', 'Ljava/io/Serializable']
COMPONENT CONCAT > LFa/p;->e(Ljava/lang/String;Lkotlin/jvm/functions/Function0;Lkotlin/coroutines/Continuation;)Ljava/lang/Object; < extends Ljava/lang/Object, implements ['Lpa/e']
COMPONENT CONCAT > LFa/p;->h()V < extends Ljava/lang/Object, implements ['Lpa/e']
COMPONENT CONCAT > Lcom/onetrust/otpublishers/headless/UI/fragment/Q;->a(Ljava/util/List;Z)V < extends Ljava/lang/Object, implements ['Lcom/onetrust/otpublishers/headless/UI/fragment/g0$a']
COMPONENT CONCAT > Lcom/onetrust/otpublishers/headless/UI/fragment/c0;->invoke(Ljava/lang/Object;Ljava/lang/Object;)Ljava/lang/Object; < extends Ljava/lang/Object, implements ['Lkotlin/jvm/functions/Function2', 'Lkotlin/jvm/internal/j', 'Ljava/io/Serializable']
COMPONENT CONCAT > Lcom/onetrust/otpublishers/headless/Public/OTPublishersHeadlessSDK;->getOTGoogleConsentModeData()Lcom/onetrust/otpublishers/headless/gcm/consent/OTGoogleConsentModeData; < extends Ljava/lang/Object, implements []
COMPONENT CONCAT > LFa/p;->j()Ljava/lang/String; < extends Ljava/lang/Object, implements ['Lpa/e']
COMPONENT CONCAT > LFa/p;->a(Ljava/lang/String;)Lcom/bamtechmedia/dominguez/dataprivacy/api/onetrust/OneTrustConsentStatus; < extends Ljava/lang/Object, implements ['Lpa/e']
COMPONENT CONCAT > Lcom/onetrust/otpublishers/headless/Public/OTPublishersHeadlessSDK;->showConsentUI(Landroidx/fragment/app/o;ILcom/onetrust/otpublishers/headless/Public/DataModel/OTConfiguration;Lcom/onetrust/otpublishers/headless/Public/OTConsentUICallback;)V < extends Ljava/lang/Object, implements []
COMPONENT CONCAT > Lcom/onetrust/otpublishers/headless/Public/OTPublishersHeadlessSDK;->getOTConsentJSForWebView()Ljava/lang/String; < extends Ljava/lang/Object, implements []
COMPONENT CONCAT > Lcom/onetrust/otpublishers/headless/Public/OTPublishersHeadlessSDK;->resetUpdatedConsent()V < extends Ljava/lang/Object, implements []
COMPONENT CONCAT > Lak/s;->get()Ljava/lang/Object; < extends Ljava/lang/Object, implements ['Ljavax/inject/Provider']
COMPONENT CONCAT > LE2/d;->b([BIILy2/r$b;Landroidx/media3/common/util/Consumer;)V < extends Ljava/lang/Object, implements ['Ly2/r']
COMPONENT CONCAT > Lt4/d;->j(LI1/i;LI1/j;Z)LI1/h; < extends Ljava/lang/Object, implements ['Ly2/j', 'LI1/g']
COMPONENT CONCAT > Lcom/braze/ui/inappmessage/views/InAppMessageHtmlFullView;-><init>(Landroid/content/Context;Landroid/util/AttributeSet;)V < extends Landroid/widget/RelativeLayout, implements ['Lcom/braze/ui/inappmessage/views/IInAppMessageView']
COMPONENT CONCAT > LFl/c;->trigger(Ljava/lang/Object;)V < extends Ljava/lang/Object, implements ['Lcom/braze/events/IEventSubscriber']
COMPONENT CONCAT > Lcom/braze/ui/inappmessage/jsinterface/InAppMessageJavascriptInterface;->requestPushPermission()V < extends Ljava/lang/Object, implements []
COMPONENT CONCAT > Lcom/bamtechmedia/dominguez/analytics/BrazeProviderImpl;->a(Lkotlin/coroutines/Continuation;)Ljava/lang/Object; < extends Ljava/lang/Object, implements ['LV5/E']
COMPONENT CONCAT > Lg6/p;->f(Landroidx/lifecycle/w;)V < extends Ljava/lang/Object, implements ['Lr6/c$d']
COMPONENT CONCAT > Lcom/braze/ui/inappmessage/views/InAppMessageWebView;->onKeyDown(ILandroid/view/KeyEvent;)Z < extends Landroid/webkit/WebView, implements []
MISSING ID > Lcom/braze/ui/inappmessage/listeners/DefaultInAppMessageViewLifecycleListener;->onClicked(Lcom/braze/ui/inappmessage/InAppMessageCloser;Landroid/view/View;Lcom/braze/models/inappmessage/IInAppMessage;)V <
COMPONENT CONCAT > Lcom/braze/ui/activities/ContentCardsActivity;-><init>()V < extends Landroidx/fragment/app/o, implements ['Landroidx/core/app/b$c', 'Landroidx/core/app/b$d']
COMPONENT CONCAT > Lcom/braze/ui/actions/brazeactions/steps/RequestPushPermissionStep;->run(Landroid/content/Context;Lcom/braze/ui/actions/brazeactions/steps/StepData;)V < extends Ljava/lang/Object, implements ['Lcom/braze/ui/actions/brazeactions/steps/IBrazeActionStep']
COMPONENT CONCAT > Lcom/bamtechmedia/dominguez/analytics/BrazeProviderImpl;->b()Lio/reactivex/Single; < extends Ljava/lang/Object, implements ['LV5/E']
COMPONENT CONCAT > Lcom/braze/ui/inappmessage/views/InAppMessageFullView;-><init>(Landroid/content/Context;Landroid/util/AttributeSet;)V < extends Landroid/widget/RelativeLayout, implements ['Lcom/braze/ui/inappmessage/views/IInAppMessageImmersiveView', 'Lcom/braze/ui/inappmessage/views/IInAppMessageView']
COMPONENT CONCAT > Lcom/braze/ui/BrazeDeeplinkHandler;->gotoNewsFeed(Landroid/content/Context;Lcom/braze/ui/actions/NewsfeedAction;)V < extends Ljava/lang/Object, implements ['Lcom/braze/IBrazeDeeplinkHandler']
COMPONENT CONCAT > Lcom/braze/ui/inappmessage/views/InAppMessageWebView;->dispatchKeyEvent(Landroid/view/KeyEvent;)Z < extends Landroid/webkit/WebView, implements []
COMPONENT CONCAT > Lg6/p;->h(Landroidx/lifecycle/w;)V < extends Ljava/lang/Object, implements ['Lr6/c$d']
COMPONENT CONCAT > Lcom/braze/push/BrazeNotificationFactory;->createNotification(Lcom/braze/models/push/BrazeNotificationPayload;)Landroid/app/Notification; < extends Ljava/lang/Object, implements ['Lcom/braze/IBrazeNotificationFactory']
COMPONENT CONCAT > Lcom/braze/ui/inappmessage/views/InAppMessageHtmlView;-><init>(Landroid/content/Context;Landroid/util/AttributeSet;)V < extends Landroid/widget/RelativeLayout, implements ['Lcom/braze/ui/inappmessage/views/IInAppMessageView']
COMPONENT CONCAT > Lcom/braze/ui/inappmessage/views/InAppMessageModalView;-><init>(Landroid/content/Context;Landroid/util/AttributeSet;)V < extends Landroid/widget/RelativeLayout, implements ['Lcom/braze/ui/inappmessage/views/IInAppMessageImmersiveView', 'Lcom/braze/ui/inappmessage/views/IInAppMessageView']
COMPONENT CONCAT > Ljv/g;->engineGeneratePrivate(Ljava/security/spec/KeySpec;)Ljava/security/PrivateKey; < extends Ljava/security/KeyFactorySpi, implements ['LLu/a']
COMPONENT CONCAT > Ljv/f;->engineGeneratePrivate(Ljava/security/spec/KeySpec;)Ljava/security/PrivateKey; < extends Ljava/security/KeyFactorySpi, implements ['LLu/a']
COMPONENT CONCAT > Lrd/y;->invoke(Ljava/lang/Object;)Ljava/lang/Object; < extends Ljava/lang/Object, implements ['Lkotlin/jvm/functions/Function1']
COMPONENT CONCAT > LJs/o;->z1(Lorg/reactivestreams/Subscriber;)V < extends Ljava/lang/Object, implements ['Lorg/reactivestreams/Publisher']
COMPONENT CONCAT > La0/B;->add(Ljava/lang/Object;)V < extends Ljava/lang/Object, implements ['Ljava/util/ListIterator', 'Lrt/a']
COMPONENT CONCAT > La0/K;->add(ILjava/lang/Object;)V < extends Ljava/lang/Object, implements ['Ljava/util/List', 'Lrt/d']
COMPONENT CONCAT > La0/K;->add(Ljava/lang/Object;)Z < extends Ljava/lang/Object, implements ['Ljava/util/List', 'Lrt/d']
COMPONENT CONCAT > LG9/f;->invoke(Ljava/lang/Object;)Ljava/lang/Object; < extends Ljava/lang/Object, implements ['Lkotlin/jvm/functions/Function1']
COMPONENT CONCAT > Lt6/m;->invoke(Ljava/lang/Object;)Ljava/lang/Object; < extends Ljava/lang/Object, implements ['Lkotlin/jvm/functions/Function1']
COMPONENT CONCAT > Lvd/e;->d(Landroid/app/Application;Lkotlin/coroutines/Continuation;)Ljava/lang/Object; < extends Ljava/lang/Object, implements ['Ls6/c$a']
