COMPONENT CONCAT > Lf71/a0;->b1(Lcom/einnovation/temu/pay/contract/bean/payment/channel/PaymentChannelVO;)V < extends Ljava/lang/Object, implements ['Lf71/b']
COMPONENT CONCAT > Lf71/a0;->l1(Ln71/d;Ljava/lang/String;Landroidx/fragment/app/Fragment;Lbu0/b;Ln71/b;)V < extends Ljava/lang/Object, implements ['Lf71/b']
COMPONENT CONCAT > Lf71/w;->b(I)V < extends Ljava/lang/Object, implements ['Lmz0/d']
COMPONENT CONCAT > Lcom/einnovation/temu/order/confirm/impl/brick/payment/PaymentPaypalBrick;->H(Lqm0/d;II)V < extends Ljava/lang/Object, implements []
COMPONENT CONCAT > Lcom/einnovation/temu/order/confirm/impl/brick/payment/PaymentPaypalBrick;->q(Lyj0/a;II)V < extends Ljava/lang/Object, implements []
COMPONENT CONCAT > Lcom/einnovation/temu/order/confirm/impl/brick/payment/PaymentPaypalBrick;->w(Lqm0/b;II)V < extends Ljava/lang/Object, implements []
COMPONENT CONCAT > Lbv0/f;->k()Z < extends Ljava/lang/Object, implements ['Lru0/f', 'Lru0/g']
COMPONENT CONCAT > Lcom/einnovation/temu/pay/impl/jsapi/JSPay;->openAppPayURL(Lwt2/c;Lew/a;)V < extends Ljava/lang/Object, implements ['Lau2/b']
COMPONENT CONCAT > Lcom/einnovation/temu/pay/impl/jsapi/TMPay;->openAppPayURL(Lwt2/c;Lew/a;)V < extends Ljava/lang/Object, implements ['Lau2/b']
COMPONENT CONCAT > Ljp0/e;->d(Ljp0/d;)Lcom/einnovation/temu/order/confirm/base/adapter/BaseAdapter; < extends Ljava/lang/Object, implements []
COMPONENT CONCAT > Lxp0/w;->r()V < extends Ljava/lang/Object, implements []
COMPONENT CONCAT > Lxp0/s;->r()V < extends Ljava/lang/Object, implements ['Ljn0/d$b']
COMPONENT CONCAT > Luo0/f;->b(I)V < extends Ljava/lang/Object, implements ['Lrj0/b']
COMPONENT CONCAT > Lcom/einnovation/temu/order/confirm/impl/ui/dialog/pay/pay_error/PaymentErrorDialog;->initView(Landroid/view/LayoutInflater;Landroid/view/ViewGroup;Landroid/os/Bundle;)Landroid/view/View; < extends Landroidx/fragment/app/DialogFragment, implements ['Lip0/a', 'Landroid/content/DialogInterface$OnShowListener', 'Landroid/content/DialogInterface$OnCancelListener', 'Landroid/content/DialogInterface$OnDismissListener']
COMPONENT CONCAT > Lqm0/f;->w()Ljava/lang/String; < extends Ljava/lang/Object, implements ['Llz0/c']
COMPONENT CONCAT > Lkq0/d;->a()V < extends Ljava/lang/Object, implements []
COMPONENT CONCAT > Lbq0/d;->a()V < extends Ljava/lang/Object, implements []
COMPONENT CONCAT > Lkq0/g;->a()V < extends Ljava/lang/Object, implements []
COMPONENT CONCAT > Lcom/einnovation/temu/order/confirm/impl/brick/payment/PaymentCardPayBrick;->L(Landroid/view/View;Lqm0/d;)Lnk0/c; < extends Ljava/lang/Object, implements ['Llr0/c']
COMPONENT CONCAT > Lcom/einnovation/temu/order/confirm/impl/brick/payment/PaymentCardPayBrick;->u1()V < extends Ljava/lang/Object, implements ['Llr0/c']
COMPONENT CONCAT > Lqm0/f;->t()Ljava/lang/String; < extends Ljava/lang/Object, implements ['Llz0/c']
COMPONENT CONCAT > Liq0/h1;->b(I)V < extends Ljava/lang/Object, implements ['Lrj0/b']
COMPONENT CONCAT > Lkp0/i;->g()V < extends Ljava/lang/Object, implements ['Lkp0/d']
COMPONENT CONCAT > Lcom/einnovation/temu/order/confirm/impl/brick/payment/PaymentCardPayBrick;->H(Lqm0/d;II)V < extends Ljava/lang/Object, implements ['Llr0/c']
COMPONENT CONCAT > Lcom/einnovation/temu/order/confirm/impl/brick/payment/PaymentCardPayBrick;->q(Lyj0/a;II)V < extends Ljava/lang/Object, implements ['Llr0/c']
COMPONENT CONCAT > Lkp0/i;->d()V < extends Ljava/lang/Object, implements ['Lkp0/d']
COMPONENT CONCAT > Lkp0/i;->o()V < extends Ljava/lang/Object, implements ['Lkp0/d']
COMPONENT CONCAT > Lbq0/g;->b(I)V < extends Ljava/lang/Object, implements ['Lrj0/b']
COMPONENT CONCAT > Lcom/einnovation/temu/order/confirm/impl/brick/payment/PaymentCardPayBrick;->w(Lqm0/b;II)V < extends Ljava/lang/Object, implements ['Llr0/c']
COMPONENT CONCAT > Lil0/i;->a(Ljava/lang/Object;)V < extends Ljava/lang/Object, implements ['Liu0/c']
COMPONENT CONCAT > Luo0/e;->a()V < extends Ljava/lang/Object, implements ['Laq0/l']
COMPONENT CONCAT > Lkp0/i;->k(Landroid/content/Intent;I)V < extends Ljava/lang/Object, implements ['Lkp0/d']
COMPONENT CONCAT > Lcom/einnovation/temu/order/confirm/impl/brick/payment/PaymentCardPayBrick;->W1(Lmr0/b;)V < extends Ljava/lang/Object, implements ['Llr0/c']
COMPONENT CONCAT > Ldq0/d;->a()V < extends Ljava/lang/Object, implements ['Laq0/l']
COMPONENT CONCAT > Lqm0/f;->Y()Z < extends Ljava/lang/Object, implements ['Llz0/c']
COMPONENT CONCAT > Ldq0/e;->b(I)V < extends Ljava/lang/Object, implements ['Lrj0/b']
COMPONENT CONCAT > Lkp0/i;->i(Landroid/content/Intent;ZI)V < extends Ljava/lang/Object, implements ['Lkp0/d']
COMPONENT CONCAT > Liq0/v1;->a(Lcom/baogong/dialog/c;Landroid/view/View;)V < extends Ljava/lang/Object, implements ['Lcom/baogong/dialog/c$a']
COMPONENT CONCAT > Liq0/u1;->a(Lcom/baogong/dialog/c;Landroid/view/View;)V < extends Ljava/lang/Object, implements ['Lcom/baogong/dialog/c$a']
COMPONENT CONCAT > Lcom/einnovation/temu/ad_manager/AdSdkInitV2Task;->a(Landroid/content/Context;)V < extends Ljava/lang/Object, implements ['Lqu1/b']
COMPONENT CONCAT > Leh0/b;->onEvent(Lor1/b;)V < extends Ljava/lang/Object, implements ['Lor1/g']
COMPONENT CONCAT > Lcom/einnovation/temu/pay/impl/jsapi/TMOrderPay;->startPayList(Lwt2/c;Lew/a;)V < extends Ljava/lang/Object, implements ['Lau2/b']
COMPONENT CONCAT > Lcom/einnovation/temu/bg_task/execution/BGTaskInitTask;->a(Landroid/content/Context;)V < extends Ljava/lang/Object, implements ['Lqu1/b']
COMPONENT CONCAT > Lcom/einnovation/temu/cs_tracker/cs_disperse/e;->a(Ljava/lang/String;)Lcom/einnovation/temu/cs_tracker/cs_disperse/a; < extends Ljava/lang/Object, implements ['Lcom/einnovation/temu/cs_tracker/cs_disperse/f']
COMPONENT CONCAT > Lcom/einnovation/temu/cs_tracker/h;->a(I)I < extends Ljava/lang/Object, implements ['Lji0/a$b']
COMPONENT CONCAT > Lcom/einnovation/temu/order/confirm/impl/brick/address/PickupTipsBrick;->q(Lyj0/a;II)V < extends Ljava/lang/Object, implements []
COMPONENT CONCAT > Lcom/einnovation/temu/order/confirm/impl/brick/shipping/ShippingFloatingBrick;->q(Lyj0/a;II)V < extends Ljava/lang/Object, implements []
COMPONENT CONCAT > Lcom/einnovation/temu/order/confirm/impl/brick/shipping/ShippingFloatingBrick;->E(Lsm0/a;II)V < extends Ljava/lang/Object, implements []
COMPONENT CONCAT > Lcom/einnovation/temu/order/confirm/impl/brick/shipping/ShippingBrick;->q(Lyj0/a;II)V < extends Ljava/lang/Object, implements []
COMPONENT CONCAT > Lcom/einnovation/temu/order/confirm/impl/brick/shipping/ShippingBrick;->E(Lsm0/a;II)V < extends Ljava/lang/Object, implements []
COMPONENT CONCAT > Lxp0/x;->r()V < extends Ljava/lang/Object, implements ['Leo0/f']
COMPONENT CONCAT > Lcom/einnovation/temu/order/confirm/impl/ui/dialog/lower_price/LowPriceDialog;->onViewCreated(Landroid/view/View;Landroid/os/Bundle;)V < extends Landroidx/fragment/app/DialogFragment, implements ['Landroid/view/View$OnClickListener', 'Lqq0/g', 'Lip0/a', 'Landroid/content/DialogInterface$OnShowListener', 'Landroid/content/DialogInterface$OnCancelListener', 'Landroid/content/DialogInterface$OnDismissListener']
COMPONENT CONCAT > Lt52/i;->c(Ljava/lang/Object;)Ljava/lang/Object; < extends Ljava/lang/Object, implements ['Lt52/c']
COMPONENT CONCAT > Lcom/einnovation/temu/order/confirm/impl/ui/dialog/goods/danger_goods_desc/DangerGoodsDescDialog;->onViewCreated(Landroid/view/View;Landroid/os/Bundle;)V < extends Landroidx/fragment/app/DialogFragment, implements ['Landroid/view/View$OnClickListener', 'Lip0/a', 'Landroid/content/DialogInterface$OnShowListener', 'Landroid/content/DialogInterface$OnCancelListener', 'Landroid/content/DialogInterface$OnDismissListener']
COMPONENT CONCAT > Lcom/einnovation/temu/order/confirm/impl/ui/dialog/add_order/low_price/LowPriceDialog;->kb(Lsn0/d;)Lsn0/a; < extends Landroidx/fragment/app/DialogFragment, implements ['Lsn0/j', 'Lqq0/g', 'Lip0/a', 'Landroid/content/DialogInterface$OnShowListener', 'Landroid/content/DialogInterface$OnCancelListener', 'Landroid/content/DialogInterface$OnDismissListener']
COMPONENT CONCAT > Lcom/einnovation/temu/order/confirm/impl/ui/dialog/add_order/low_price/SkipPlatformLowPriceDialog;->kb(Lsn0/d;)Lsn0/a; < extends Landroidx/fragment/app/DialogFragment, implements ['Lsn0/l', 'Lip0/a', 'Landroid/content/DialogInterface$OnShowListener', 'Landroid/content/DialogInterface$OnCancelListener', 'Landroid/content/DialogInterface$OnDismissListener']
COMPONENT CONCAT > Lcom/einnovation/temu/order/confirm/impl/brick/goods/FullyManagedGoodsPromptBrick;->w(Lom0/f;II)V < extends Ljava/lang/Object, implements []
COMPONENT CONCAT > Lcom/einnovation/temu/order/confirm/impl/brick/goods/HorizontalGoodsPromptBrick;->q(Lyj0/a;II)V < extends Ljava/lang/Object, implements []
COMPONENT CONCAT > Lcom/einnovation/temu/order/confirm/impl/brick/goods/SemiManagedGoodsPromptBrick;->w(Lom0/f;II)V < extends Ljava/lang/Object, implements []
COMPONENT CONCAT > Lcom/einnovation/temu/order/confirm/impl/brick/goods/SemiManagedGoodsPromptBrick;->q(Lyj0/a;II)V < extends Ljava/lang/Object, implements []
COMPONENT CONCAT > Lcom/einnovation/temu/order/confirm/impl/brick/goods/FullyManagedGoodsPromptBrick;->q(Lyj0/a;II)V < extends Ljava/lang/Object, implements []
COMPONENT CONCAT > Lxp0/m;->r()V < extends Ljava/lang/Object, implements ['Leo0/f']
COMPONENT CONCAT > Ltp0/a;->r()V < extends Ljava/lang/Object, implements ['Ltp0/b']
COMPONENT CONCAT > Lcom/einnovation/temu/order/confirm/impl/brick/goods/ShipTransportGoodsDetailBrick;->q(Lyj0/a;II)V < extends Ljava/lang/Object, implements ['Lrk0/d']
COMPONENT CONCAT > Lcom/einnovation/temu/order/confirm/impl/brick/goods/ShipTransportGoodsDetailBrick;->w(Lom0/l;II)V < extends Ljava/lang/Object, implements ['Lrk0/d']
COMPONENT CONCAT > Lko0/g;->v1()V < extends Ljava/lang/Object, implements ['Lko0/j', 'Loq0/c']
COMPONENT CONCAT > Lcom/einnovation/temu/order/confirm/impl/brick/goods/AtmosphereBrick;->q(Lyj0/a;II)V < extends Ljava/lang/Object, implements ['Loq0/c']
COMPONENT CONCAT > Lcom/einnovation/temu/order/confirm/impl/brick/shipping/ShipTransportBrick;->q(Lyj0/a;II)V < extends Ljava/lang/Object, implements []
COMPONENT CONCAT > Lrq0/c;->a(Lcom/einnovation/temu/order/confirm/impl/vh/bottom_bar/BottomBarData;)V < extends Ljava/lang/Object, implements ['Lrq0/b']
COMPONENT CONCAT > Lcom/einnovation/temu/order/confirm/impl/brick/PhoneNumberAndEmailProtectingBrick;->q(Lyj0/a;II)V < extends Ljava/lang/Object, implements []
COMPONENT CONCAT > Lcom/einnovation/temu/order/confirm/impl/brick/SecurePrivacyBrick;->q(Lyj0/a;II)V < extends Ljava/lang/Object, implements []
COMPONENT CONCAT > Lcom/einnovation/temu/order/confirm/impl/ui/dialog/goods/ship_transport/SelectShipTransportDialog;->onViewCreated(Landroid/view/View;Landroid/os/Bundle;)V < extends Landroidx/fragment/app/DialogFragment, implements ['Landroid/view/View$OnClickListener', 'Lip0/a', 'Landroid/content/DialogInterface$OnShowListener', 'Landroid/content/DialogInterface$OnCancelListener', 'Landroid/content/DialogInterface$OnDismissListener']
COMPONENT CONCAT > Lcom/einnovation/temu/order/confirm/impl/brick/goods/HorizontalGoodsShipTransportBrick;->w(Lmm0/g;II)V < extends Ljava/lang/Object, implements []
COMPONENT CONCAT > Lcom/einnovation/temu/order/confirm/impl/brick/HorizontalGoodsBaseBrick;->q(Lyj0/a;II)V < extends Ljava/lang/Object, implements []
COMPONENT CONCAT > Lcom/einnovation/temu/order/confirm/impl/brick/goods/HorizontalGoodsShipTransportBrick;->q(Lyj0/a;II)V < extends Ljava/lang/Object, implements []
COMPONENT CONCAT > Lcom/einnovation/temu/order/confirm/impl/brick/goods/HorizontalSemiManagedCardGoodsBrick;->q(Lyj0/a;II)V < extends Ljava/lang/Object, implements []
COMPONENT CONCAT > Lcom/einnovation/temu/order/confirm/impl/brick/goods/FullyManagedGoodsTitleBrick;->q(Lyj0/a;II)V < extends Ljava/lang/Object, implements []
COMPONENT CONCAT > Lcom/einnovation/temu/order/confirm/impl/brick/TaxFreeFranchiseBrick;->q(Lyj0/a;II)V < extends Ljava/lang/Object, implements ['Landroid/view/View$OnClickListener']
COMPONENT CONCAT > Lnp0/a;->c()V < extends Ljava/lang/Object, implements ['Lnp0/b']
COMPONENT CONCAT > Lhq0/d;->d(Lcom/einnovation/temu/order/confirm/base/bean/response/morgan/c0;)V < extends Ljava/lang/Object, implements ['Lhq0/b']
COMPONENT CONCAT > Lmp0/a;->a()V < extends Ljava/lang/Object, implements ['Lmp0/b']
COMPONENT CONCAT > Lcom/einnovation/temu/order/confirm/impl/ui/dialog/add_coupon/AddCouponDialog;->onViewCreated(Landroid/view/View;Landroid/os/Bundle;)V < extends Landroidx/fragment/app/DialogFragment, implements ['Landroid/view/View$OnClickListener', 'Lqq0/g', 'Lip0/a', 'Landroid/content/DialogInterface$OnShowListener', 'Landroid/content/DialogInterface$OnCancelListener', 'Landroid/content/DialogInterface$OnDismissListener']
COMPONENT CONCAT > Lcom/einnovation/temu/order/confirm/impl/brick/address/NoAddressBrick;->q(Lyj0/a;II)V < extends Ljava/lang/Object, implements ['Landroid/view/View$OnClickListener']
COMPONENT CONCAT > Lcom/einnovation/temu/pay/impl/impl/UniCreatorImpl;->i(Ljava/lang/String;)Lku0/f; < extends Ljava/lang/Object, implements ['Lku0/a']
COMPONENT CONCAT > Lcom/einnovation/temu/order/confirm/impl/brick/HorizontalRecGoodsBrick;->q(Lyj0/a;II)V < extends Ljava/lang/Object, implements []
COMPONENT CONCAT > Lwl0/j;->b(Lvj0/a;)V < extends Ljava/lang/Object, implements []
COMPONENT CONCAT > Lcom/einnovation/temu/order/confirm/impl/module_service/OCCreditInputService;->Q(Landroidx/fragment/app/r;Lcom/google/gson/i;Liu0/c;)V < extends Ljava/lang/Object, implements ['Lcom/einnovation/temu/order/confirm/service/pay/IOCCreditInputService']
COMPONENT CONCAT > Lcom/einnovation/temu/order/confirm/impl/ui/dialog/credit_input/CreditInputDialog;->onClick(Landroid/view/View;)V < extends Landroidx/fragment/app/DialogFragment, implements ['Landroid/view/View$OnClickListener', 'Lip0/a', 'Landroid/content/DialogInterface$OnShowListener', 'Landroid/content/DialogInterface$OnCancelListener', 'Landroid/content/DialogInterface$OnDismissListener']
COMPONENT CONCAT > Lcom/einnovation/temu/order/confirm/impl/ui/dialog/credit_input/CreditInputDialog;->onViewCreated(Landroid/view/View;Landroid/os/Bundle;)V < extends Landroidx/fragment/app/DialogFragment, implements ['Landroid/view/View$OnClickListener', 'Lip0/a', 'Landroid/content/DialogInterface$OnShowListener', 'Landroid/content/DialogInterface$OnCancelListener', 'Landroid/content/DialogInterface$OnDismissListener']
COMPONENT CONCAT > Ljp0/f;->h(Z)Lcom/einnovation/temu/order/confirm/base/adapter/a; < extends Ljava/lang/Object, implements []
COMPONENT CONCAT > Lcom/einnovation/temu/order/confirm/impl/brick/goods/CommonVerticalGoodsDescBrick;->q(Lyj0/a;II)V < extends Ljava/lang/Object, implements ['Lcom/einnovation/temu/order/confirm/impl/view/GoodsNumberLayoutV2$b', 'Lzk0/f']
COMPONENT CONCAT > Lqo0/f;->c(Landroidx/fragment/app/Fragment;Landroidx/recyclerview/widget/RecyclerView$f0;Ljava/lang/Object;II)V < extends Ljava/lang/Object, implements []
COMPONENT CONCAT > Lcom/einnovation/temu/order/confirm/impl/ui/dialog/goods_list/AggregationGoodsDialog;->onViewCreated(Landroid/view/View;Landroid/os/Bundle;)V < extends Landroidx/fragment/app/DialogFragment, implements ['Lip0/a', 'Landroid/content/DialogInterface$OnShowListener', 'Landroid/content/DialogInterface$OnCancelListener', 'Landroid/content/DialogInterface$OnDismissListener']
COMPONENT CONCAT > Lcom/einnovation/temu/order/confirm/impl/brick/goods/BaseGoodsBrick;->q(Lyj0/a;II)V < extends Ljava/lang/Object, implements ['Lzk0/f']
COMPONENT CONCAT > Lcom/einnovation/temu/order/confirm/impl/brick/goods/DangerGoodsDescBrick;->q(Lyj0/a;II)V < extends Ljava/lang/Object, implements ['Lzk0/f']
COMPONENT CONCAT > Lcom/einnovation/temu/order/confirm/impl/ui/dialog/limit_goods/LimitGoodsDialog;->onViewCreated(Landroid/view/View;Landroid/os/Bundle;)V < extends Landroidx/fragment/app/DialogFragment, implements ['Landroid/view/View$OnClickListener', 'Landroid/content/DialogInterface$OnShowListener', 'Landroid/content/DialogInterface$OnCancelListener', 'Landroid/content/DialogInterface$OnDismissListener']
COMPONENT CONCAT > Lcom/einnovation/temu/order/confirm/impl/brick/goods/VerticalGoodsDescBrick;->q(Lyj0/a;II)V < extends Ljava/lang/Object, implements ['Lzk0/f']
COMPONENT CONCAT > Lcom/einnovation/temu/order/confirm/impl/brick/goods/SemiManagedGoodsTitleBrick;->q(Lyj0/a;II)V < extends Ljava/lang/Object, implements []
COMPONENT CONCAT > Lcom/einnovation/temu/order/confirm/impl/service/OrderConfirmRetainDialogService;->l4(Ljava/lang/String;Landroidx/fragment/app/r;Lqr0/d;Lqr0/e;)V < extends Ljava/lang/Object, implements ['Lcom/einnovation/temu/order/confirm/service/ui/widget/IOCRetainDialogService']
COMPONENT CONCAT > Lcom/einnovation/temu/order/confirm/impl/brick/payment/PaymentMobileInputPayBrick;->m0(Lqm0/h;II)V < extends Ljava/lang/Object, implements []
COMPONENT CONCAT > Lcom/einnovation/temu/order/confirm/impl/brick/payment/PaymentMobileInputPayBrick;->H(Lqm0/d;II)V < extends Ljava/lang/Object, implements []
COMPONENT CONCAT > Lcom/einnovation/temu/order/confirm/impl/brick/payment/PaymentMobileInputPayBrick;->q(Lyj0/a;II)V < extends Ljava/lang/Object, implements []
COMPONENT CONCAT > Lcom/einnovation/temu/order/confirm/impl/brick/payment/PaymentOtherPayBrick;->q(Lyj0/a;II)V < extends Ljava/lang/Object, implements []
COMPONENT CONCAT > Lcom/einnovation/temu/order/confirm/impl/brick/payment/PaymentSubItemSelectPayBrick;->q(Lyj0/a;II)V < extends Ljava/lang/Object, implements []
COMPONENT CONCAT > Lcom/einnovation/temu/order/confirm/impl/brick/payment/PaymentSubItemSelectPayBrick;->H(Lqm0/d;II)V < extends Ljava/lang/Object, implements []
COMPONENT CONCAT > Lcom/einnovation/temu/order/confirm/impl/brick/payment/PaymentOtherPayBrick;->w(Lqm0/b;II)V < extends Ljava/lang/Object, implements []
COMPONENT CONCAT > Lcom/einnovation/temu/order/confirm/impl/brick/payment/PaymentOtherPayBrick;->H(Lqm0/d;II)V < extends Ljava/lang/Object, implements []
COMPONENT CONCAT > Lcom/einnovation/temu/order/confirm/impl/brick/payment/PaymentSubItemSelectPayBrick;->m0(Lqm0/h;II)V < extends Ljava/lang/Object, implements []
COMPONENT CONCAT > Lcom/einnovation/temu/order/confirm/impl/brick/payment/PaymentBankPayBrick;->w(Lqm0/b;II)V < extends Ljava/lang/Object, implements []
COMPONENT CONCAT > Lcom/einnovation/temu/order/confirm/impl/brick/payment/PaymentBankPayBrick;->m0(Lqm0/h;II)V < extends Ljava/lang/Object, implements []
COMPONENT CONCAT > Lcom/einnovation/temu/order/confirm/impl/brick/payment/PaymentMobileInputPayBrick;->w(Lqm0/b;II)V < extends Ljava/lang/Object, implements []
COMPONENT CONCAT > Lcom/einnovation/temu/order/confirm/impl/brick/payment/PaymentSubItemSelectPayBrick;->w(Lqm0/b;II)V < extends Ljava/lang/Object, implements []
COMPONENT CONCAT > Lcom/einnovation/temu/order/confirm/impl/brick/payment/PaymentBankPayBrick;->H(Lqm0/d;II)V < extends Ljava/lang/Object, implements []
COMPONENT CONCAT > Lcom/einnovation/temu/order/confirm/impl/brick/payment/PaymentBankPayBrick;->q(Lyj0/a;II)V < extends Ljava/lang/Object, implements []
COMPONENT CONCAT > Lyi0/c0;->invoke(ILjava/lang/Object;)V < extends Ljava/lang/Object, implements ['Lew/a']
COMPONENT CONCAT > Lcom/einnovation/temu/locale_impl/LocaleServiceImpl;->t0(Lxi0/b;Ljava/lang/String;Landroidx/fragment/app/r;)V < extends Ljava/lang/Object, implements ['Lcom/einnovation/temu/locale/api/ILocaleService']
COMPONENT CONCAT > Lcom/einnovation/temu/order/confirm/impl/brick/payment/PaymentTitleBrick;->w(Lqm0/b;II)V < extends Ljava/lang/Object, implements []
COMPONENT CONCAT > Lcom/einnovation/temu/order/confirm/impl/brick/payment/PaymentTitleBrick;->q(Lyj0/a;II)V < extends Ljava/lang/Object, implements []
COMPONENT CONCAT > Lyu0/e;->k()Z < extends Ljava/lang/Object, implements ['Lru0/f']
COMPONENT CONCAT > Lcom/einnovation/temu/pay/impl/jsapi/JSPay;->openExternalUrl(Lwt2/c;Lew/a;)V < extends Ljava/lang/Object, implements ['Lau2/b']
COMPONENT CONCAT > Llv0/g;->k()Z < extends Ljava/lang/Object, implements ['Lru0/f']
COMPONENT CONCAT > Lbv0/r;->k()Z < extends Ljava/lang/Object, implements ['Lru0/f', 'Lru0/g']
COMPONENT CONCAT > Lbv0/q;->r()Z < extends Ljava/lang/Object, implements ['Lru0/f', 'Lru0/g']
COMPONENT CONCAT > Lcom/einnovation/temu/pay/impl/jsapi/TMPay;->openExternalUrl(Lwt2/c;Lew/a;)V < extends Ljava/lang/Object, implements ['Lau2/b']
COMPONENT CONCAT > Lbv0/t;->k()Z < extends Ljava/lang/Object, implements ['Lru0/f', 'Lru0/g']
COMPONENT CONCAT > Lxu0/j;->k()Z < extends Ljava/lang/Object, implements ['Lru0/f']
COMPONENT CONCAT > Lyw0/b;->d(Lcom/einnovation/temu/pay/impl/base/PaymentContext;Ljw0/a;)Lyw0/d; < extends Ljava/lang/Object, implements []
COMPONENT CONCAT > Lbv0/k;->k()Z < extends Ljava/lang/Object, implements ['Lru0/f', 'Lru0/g']
COMPONENT CONCAT > Lt52/i;->b(Ljava/lang/Class;)Lt52/g; < extends Ljava/lang/Object, implements ['Lt52/c']
COMPONENT CONCAT > Lbv0/w;->k()Z < extends Ljava/lang/Object, implements ['Liu0/b', 'Lru0/f', 'Lru0/g']
COMPONENT CONCAT > Lyv0/t;->a(Ljava/lang/Object;)V < extends Ljava/lang/Object, implements ['Liu0/a']
COMPONENT CONCAT > Llv0/c;->k()Z < extends Ljava/lang/Object, implements ['Lru0/f']
COMPONENT CONCAT > Llv0/j;->k()Z < extends Ljava/lang/Object, implements ['Lru0/f']
COMPONENT CONCAT > Liq0/a;->test(Ljava/lang/Object;)Z < extends Ljava/lang/Object, implements ['Lm0/h']
COMPONENT CONCAT > Lcom/einnovation/temu/order/confirm/impl/brick/CreditBrick;->q(Lyj0/a;II)V < extends Ljava/lang/Object, implements []
COMPONENT CONCAT > Lcom/einnovation/temu/work/impl/background/SystemJobService;->onStopJob(Landroid/app/job/JobParameters;)Z < extends Landroid/app/job/JobService, implements ['Loz0/a']
COMPONENT CONCAT > Lyi0/h0;->invoke(ILjava/lang/Object;)V < extends Ljava/lang/Object, implements ['Lew/a']
COMPONENT CONCAT > Lcom/einnovation/temu/order/confirm/impl/brick/SecurityFoldBrick;->q(Lyj0/a;II)V < extends Ljava/lang/Object, implements []
