COMPONENT CONCAT > Lo/getFillFormatter;->getPhoneNumber(Ljava/lang/String;)Lo/isDrawCubicEnabled$values; < extends Ljava/lang/Object, implements ['Lo/isDrawCubicEnabled']
COMPONENT CONCAT > Lo/glUniform3i;-><clinit>()V < extends Ljava/lang/Object, implements ['Lo/fux']
COMPONENT CONCAT > Lo/aVM;->onViewCreated(Landroid/view/View;Landroid/os/Bundle;)V < extends Landroidx/fragment/app/Fragment, implements ['Lo/checkComplete', 'Lo/fCc', 'Lcom/newrelic/agent/android/api/v2/TraceFieldInterface', 'Landroid/content/ComponentCallbacks', 'Landroid/view/View$OnCreateContextMenuListener', 'Landroidx/lifecycle/LifecycleOwner', 'Lo/setLegendSubLabel', 'Lo/setActionButtonOrientation', 'Lo/setWidthAndHeightsgravity_verification_input_releasedefault', 'Lo/setForceShowIcon']
COMPONENT CONCAT > Lo/bkB;->onViewCreated(Landroid/view/View;Landroid/os/Bundle;)V < extends Landroidx/fragment/app/Fragment, implements ['Lo/checkComplete', 'Lo/fCc', 'Lcom/newrelic/agent/android/api/v2/TraceFieldInterface', 'Landroid/content/ComponentCallbacks', 'Landroid/view/View$OnCreateContextMenuListener', 'Landroidx/lifecycle/LifecycleOwner', 'Lo/setLegendSubLabel', 'Lo/setActionButtonOrientation', 'Lo/setWidthAndHeightsgravity_verification_input_releasedefault', 'Lo/setForceShowIcon']
COMPONENT CONCAT > Lo/gTH;->getErrorText(ILjava/lang/Object;Ljava/lang/Object;)Ljava/lang/Object; < extends Ljava/lang/Object, implements ['Lo/hjz']
COMPONENT CONCAT > Lo/Jm;->getPhoneNumber(Lo/fuz;Lo/fur;)Lo/jEz; < extends Ljava/lang/Object, implements ['Lo/fuq']
COMPONENT CONCAT > Lo/JW;->getPhoneNumber(Lo/fuz;Lo/fur;)Lo/jEz; < extends Ljava/lang/Object, implements ['Lo/fuq']
COMPONENT CONCAT > Lo/eOY;->onViewCreated(Landroid/view/View;Landroid/os/Bundle;)V < extends Landroidx/fragment/app/Fragment, implements ['Landroid/widget/AdapterView$OnItemSelectedListener', 'Lo/checkComplete', 'Lo/fCc', 'Lcom/newrelic/agent/android/api/v2/TraceFieldInterface', 'Landroid/content/ComponentCallbacks', 'Landroid/view/View$OnCreateContextMenuListener', 'Landroidx/lifecycle/LifecycleOwner', 'Lo/setLegendSubLabel', 'Lo/setActionButtonOrientation', 'Lo/setWidthAndHeightsgravity_verification_input_releasedefault', 'Lo/setForceShowIcon']
COMPONENT CONCAT > Lo/dPw;->onViewCreated(Landroid/view/View;Landroid/os/Bundle;)V < extends Landroidx/fragment/app/Fragment, implements ['Lo/checkComplete', 'Lo/fCc', 'Lcom/newrelic/agent/android/api/v2/TraceFieldInterface', 'Landroid/content/ComponentCallbacks', 'Landroid/view/View$OnCreateContextMenuListener', 'Landroidx/lifecycle/LifecycleOwner', 'Lo/setLegendSubLabel', 'Lo/setActionButtonOrientation', 'Lo/setWidthAndHeightsgravity_verification_input_releasedefault', 'Lo/setForceShowIcon']
COMPONENT CONCAT > Lo/dPD;->onViewCreated(Landroid/view/View;Landroid/os/Bundle;)V < extends Landroidx/fragment/app/Fragment, implements ['Lo/checkComplete', 'Lo/fCc', 'Lcom/newrelic/agent/android/api/v2/TraceFieldInterface', 'Landroid/content/ComponentCallbacks', 'Landroid/view/View$OnCreateContextMenuListener', 'Landroidx/lifecycle/LifecycleOwner', 'Lo/setLegendSubLabel', 'Lo/setActionButtonOrientation', 'Lo/setWidthAndHeightsgravity_verification_input_releasedefault', 'Lo/setForceShowIcon']
COMPONENT CONCAT > Lo/faf;->getErrorText(Lo/QuestionnaireV2serializer;)V < extends Landroidx/fragment/app/Fragment, implements ['Lo/eZX', 'Lo/eZY', 'Lcom/newrelic/agent/android/api/v2/TraceFieldInterface', 'Landroid/content/ComponentCallbacks', 'Landroid/view/View$OnCreateContextMenuListener', 'Landroidx/lifecycle/LifecycleOwner', 'Lo/setLegendSubLabel', 'Lo/setActionButtonOrientation', 'Lo/setWidthAndHeightsgravity_verification_input_releasedefault', 'Lo/setForceShowIcon']
COMPONENT CONCAT > Lo/WG;->onViewCreated(Landroid/view/View;Landroid/os/Bundle;)V < extends Landroidx/fragment/app/Fragment, implements ['Lo/checkComplete', 'Lo/fCc', 'Lcom/newrelic/agent/android/api/v2/TraceFieldInterface', 'Landroid/content/ComponentCallbacks', 'Landroid/view/View$OnCreateContextMenuListener', 'Landroidx/lifecycle/LifecycleOwner', 'Lo/setLegendSubLabel', 'Lo/setActionButtonOrientation', 'Lo/setWidthAndHeightsgravity_verification_input_releasedefault', 'Lo/setForceShowIcon']
COMPONENT CONCAT > Lo/Xd;->onViewCreated(Landroid/view/View;Landroid/os/Bundle;)V < extends Landroidx/fragment/app/Fragment, implements ['Lo/checkComplete', 'Lo/fCc', 'Lcom/newrelic/agent/android/api/v2/TraceFieldInterface', 'Landroid/content/ComponentCallbacks', 'Landroid/view/View$OnCreateContextMenuListener', 'Landroidx/lifecycle/LifecycleOwner', 'Lo/setLegendSubLabel', 'Lo/setActionButtonOrientation', 'Lo/setWidthAndHeightsgravity_verification_input_releasedefault', 'Lo/setForceShowIcon']
COMPONENT CONCAT > Lo/eJa;->onViewCreated(Landroid/view/View;Landroid/os/Bundle;)V < extends Landroidx/fragment/app/Fragment, implements ['Lo/checkComplete', 'Lo/fCc', 'Lcom/newrelic/agent/android/api/v2/TraceFieldInterface', 'Landroid/content/ComponentCallbacks', 'Landroid/view/View$OnCreateContextMenuListener', 'Landroidx/lifecycle/LifecycleOwner', 'Lo/setLegendSubLabel', 'Lo/setActionButtonOrientation', 'Lo/setWidthAndHeightsgravity_verification_input_releasedefault', 'Lo/setForceShowIcon']
COMPONENT CONCAT > Lo/eKI;->onViewCreated(Landroid/view/View;Landroid/os/Bundle;)V < extends Landroidx/fragment/app/Fragment, implements ['Lo/checkComplete', 'Lo/fCc', 'Lcom/newrelic/agent/android/api/v2/TraceFieldInterface', 'Landroid/content/ComponentCallbacks', 'Landroid/view/View$OnCreateContextMenuListener', 'Landroidx/lifecycle/LifecycleOwner', 'Lo/setLegendSubLabel', 'Lo/setActionButtonOrientation', 'Lo/setWidthAndHeightsgravity_verification_input_releasedefault', 'Lo/setForceShowIcon']
COMPONENT CONCAT > Lo/dPp;->onViewCreated(Landroid/view/View;Landroid/os/Bundle;)V < extends Landroidx/fragment/app/Fragment, implements ['Lcom/newrelic/agent/android/api/v2/TraceFieldInterface', 'Landroid/content/ComponentCallbacks', 'Landroid/view/View$OnCreateContextMenuListener', 'Landroidx/lifecycle/LifecycleOwner', 'Lo/setLegendSubLabel', 'Lo/setActionButtonOrientation', 'Lo/setWidthAndHeightsgravity_verification_input_releasedefault', 'Lo/setForceShowIcon']
COMPONENT CONCAT > Lo/eNe;->onViewCreated(Landroid/view/View;Landroid/os/Bundle;)V < extends Landroidx/fragment/app/Fragment, implements ['Lo/checkComplete', 'Lo/fCc', 'Lcom/newrelic/agent/android/api/v2/TraceFieldInterface', 'Landroid/content/ComponentCallbacks', 'Landroid/view/View$OnCreateContextMenuListener', 'Landroidx/lifecycle/LifecycleOwner', 'Lo/setLegendSubLabel', 'Lo/setActionButtonOrientation', 'Lo/setWidthAndHeightsgravity_verification_input_releasedefault', 'Lo/setForceShowIcon']
COMPONENT CONCAT > Lcom/capitalone/plugins/virtualcardhome/tile/TileProducer;->dga_(Lcom/capitalone/android/route/api/Route;Landroid/os/Bundle;)Lo/setLeft; < extends Ljava/lang/Object, implements ['Lo/fyP', 'Lo/fBZ', 'Lo/setStripePosition']
COMPONENT CONCAT > Lo/eNx;->onViewCreated(Landroid/view/View;Landroid/os/Bundle;)V < extends Landroidx/fragment/app/Fragment, implements ['Lo/checkComplete', 'Lo/fCc', 'Lcom/newrelic/agent/android/api/v2/TraceFieldInterface', 'Landroid/content/ComponentCallbacks', 'Landroid/view/View$OnCreateContextMenuListener', 'Landroidx/lifecycle/LifecycleOwner', 'Lo/setLegendSubLabel', 'Lo/setActionButtonOrientation', 'Lo/setWidthAndHeightsgravity_verification_input_releasedefault', 'Lo/setForceShowIcon']
COMPONENT CONCAT > Lo/fab;->getErrorText(Lo/QuestionnaireV2serializer;)V < extends Landroidx/fragment/app/Fragment, implements ['Lo/eZX', 'Lo/eZY', 'Lcom/newrelic/agent/android/api/v2/TraceFieldInterface', 'Landroid/content/ComponentCallbacks', 'Landroid/view/View$OnCreateContextMenuListener', 'Landroidx/lifecycle/LifecycleOwner', 'Lo/setLegendSubLabel', 'Lo/setActionButtonOrientation', 'Lo/setWidthAndHeightsgravity_verification_input_releasedefault', 'Lo/setForceShowIcon']
COMPONENT CONCAT > Lo/fal;->getErrorText(Lo/QuestionnaireV2serializer;)V < extends Landroidx/fragment/app/Fragment, implements ['Lo/eZX', 'Lo/eZY', 'Lcom/newrelic/agent/android/api/v2/TraceFieldInterface', 'Landroid/content/ComponentCallbacks', 'Landroid/view/View$OnCreateContextMenuListener', 'Landroidx/lifecycle/LifecycleOwner', 'Lo/setLegendSubLabel', 'Lo/setActionButtonOrientation', 'Lo/setWidthAndHeightsgravity_verification_input_releasedefault', 'Lo/setForceShowIcon']
COMPONENT CONCAT > Lo/WA;->onViewCreated(Landroid/view/View;Landroid/os/Bundle;)V < extends Landroidx/fragment/app/Fragment, implements ['Lcom/newrelic/agent/android/api/v2/TraceFieldInterface', 'Landroid/content/ComponentCallbacks', 'Landroid/view/View$OnCreateContextMenuListener', 'Landroidx/lifecycle/LifecycleOwner', 'Lo/setLegendSubLabel', 'Lo/setActionButtonOrientation', 'Lo/setWidthAndHeightsgravity_verification_input_releasedefault', 'Lo/setForceShowIcon']
COMPONENT CONCAT > Lo/bOA;->onResume()V < extends Landroidx/fragment/app/Fragment, implements ['Lo/checkComplete', 'Lo/fCc', 'Lcom/newrelic/agent/android/api/v2/TraceFieldInterface', 'Landroid/content/ComponentCallbacks', 'Landroid/view/View$OnCreateContextMenuListener', 'Landroidx/lifecycle/LifecycleOwner', 'Lo/setLegendSubLabel', 'Lo/setActionButtonOrientation', 'Lo/setWidthAndHeightsgravity_verification_input_releasedefault', 'Lo/setForceShowIcon']
COMPONENT CONCAT > Lo/ccn;->onResume()V < extends Landroidx/fragment/app/Fragment, implements ['Lo/checkComplete', 'Lo/fCc', 'Lcom/newrelic/agent/android/api/v2/TraceFieldInterface', 'Landroid/content/ComponentCallbacks', 'Landroid/view/View$OnCreateContextMenuListener', 'Landroidx/lifecycle/LifecycleOwner', 'Lo/setLegendSubLabel', 'Lo/setActionButtonOrientation', 'Lo/setWidthAndHeightsgravity_verification_input_releasedefault', 'Lo/setForceShowIcon']
COMPONENT CONCAT > Lo/eED;->onViewCreated(Landroid/view/View;Landroid/os/Bundle;)V < extends Landroidx/fragment/app/Fragment, implements ['Lo/checkComplete', 'Lo/fCc', 'Lcom/newrelic/agent/android/api/v2/TraceFieldInterface', 'Landroid/content/ComponentCallbacks', 'Landroid/view/View$OnCreateContextMenuListener', 'Landroidx/lifecycle/LifecycleOwner', 'Lo/setLegendSubLabel', 'Lo/setActionButtonOrientation', 'Lo/setWidthAndHeightsgravity_verification_input_releasedefault', 'Lo/setForceShowIcon']
COMPONENT CONCAT > Lo/eFM;->onViewCreated(Landroid/view/View;Landroid/os/Bundle;)V < extends Landroidx/fragment/app/Fragment, implements ['Lo/checkComplete', 'Lo/fCc', 'Lcom/newrelic/agent/android/api/v2/TraceFieldInterface', 'Landroid/content/ComponentCallbacks', 'Landroid/view/View$OnCreateContextMenuListener', 'Landroidx/lifecycle/LifecycleOwner', 'Lo/setLegendSubLabel', 'Lo/setActionButtonOrientation', 'Lo/setWidthAndHeightsgravity_verification_input_releasedefault', 'Lo/setForceShowIcon']
COMPONENT CONCAT > Lo/dQo;->onViewCreated(Landroid/view/View;Landroid/os/Bundle;)V < extends Landroidx/fragment/app/Fragment, implements ['Lo/checkComplete', 'Lo/fCc', 'Lcom/newrelic/agent/android/api/v2/TraceFieldInterface', 'Landroid/content/ComponentCallbacks', 'Landroid/view/View$OnCreateContextMenuListener', 'Landroidx/lifecycle/LifecycleOwner', 'Lo/setLegendSubLabel', 'Lo/setActionButtonOrientation', 'Lo/setWidthAndHeightsgravity_verification_input_releasedefault', 'Lo/setForceShowIcon']
COMPONENT CONCAT > Lo/eET;->onViewCreated(Landroid/view/View;Landroid/os/Bundle;)V < extends Landroidx/fragment/app/Fragment, implements ['Lo/checkComplete', 'Lo/fCc', 'Lcom/newrelic/agent/android/api/v2/TraceFieldInterface', 'Landroid/content/ComponentCallbacks', 'Landroid/view/View$OnCreateContextMenuListener', 'Landroidx/lifecycle/LifecycleOwner', 'Lo/setLegendSubLabel', 'Lo/setActionButtonOrientation', 'Lo/setWidthAndHeightsgravity_verification_input_releasedefault', 'Lo/setForceShowIcon']
COMPONENT CONCAT > Lo/eOX;->onViewCreated(Landroid/view/View;Landroid/os/Bundle;)V < extends Landroidx/fragment/app/Fragment, implements ['Lo/checkComplete', 'Lo/fCc', 'Lcom/newrelic/agent/android/api/v2/TraceFieldInterface', 'Landroid/content/ComponentCallbacks', 'Landroid/view/View$OnCreateContextMenuListener', 'Landroidx/lifecycle/LifecycleOwner', 'Lo/setLegendSubLabel', 'Lo/setActionButtonOrientation', 'Lo/setWidthAndHeightsgravity_verification_input_releasedefault', 'Lo/setForceShowIcon']
COMPONENT CONCAT > Lo/faB;->getErrorText(Lo/QuestionnaireV2serializer;)V < extends Landroidx/fragment/app/Fragment, implements ['Lo/eZX', 'Lo/eZY', 'Lcom/newrelic/agent/android/api/v2/TraceFieldInterface', 'Landroid/content/ComponentCallbacks', 'Landroid/view/View$OnCreateContextMenuListener', 'Landroidx/lifecycle/LifecycleOwner', 'Lo/setLegendSubLabel', 'Lo/setActionButtonOrientation', 'Lo/setWidthAndHeightsgravity_verification_input_releasedefault', 'Lo/setForceShowIcon']
COMPONENT CONCAT > Lo/eGh;->onViewCreated(Landroid/view/View;Landroid/os/Bundle;)V < extends Landroidx/fragment/app/Fragment, implements ['Lo/checkComplete', 'Lo/fCc', 'Lcom/newrelic/agent/android/api/v2/TraceFieldInterface', 'Landroid/content/ComponentCallbacks', 'Landroid/view/View$OnCreateContextMenuListener', 'Landroidx/lifecycle/LifecycleOwner', 'Lo/setLegendSubLabel', 'Lo/setActionButtonOrientation', 'Lo/setWidthAndHeightsgravity_verification_input_releasedefault', 'Lo/setForceShowIcon']
COMPONENT CONCAT > Lo/MF;->onViewCreated(Landroid/view/View;Landroid/os/Bundle;)V < extends Landroidx/fragment/app/Fragment, implements ['Lo/HZ', 'Lo/checkComplete', 'Lo/fCc', 'Lcom/newrelic/agent/android/api/v2/TraceFieldInterface', 'Landroid/content/ComponentCallbacks', 'Landroid/view/View$OnCreateContextMenuListener', 'Landroidx/lifecycle/LifecycleOwner', 'Lo/setLegendSubLabel', 'Lo/setActionButtonOrientation', 'Lo/setWidthAndHeightsgravity_verification_input_releasedefault', 'Lo/setForceShowIcon']
COMPONENT CONCAT > Lo/cFt;->values(Lcom/capitalone/android/route/api/Route;)Lo/jCE; < extends Ljava/lang/Object, implements ['Lo/fDc']
COMPONENT CONCAT > Lo/fitSystemWindows;->getErrorText(Lo/fum;)V < extends Ljava/lang/Object, implements ['Lo/ful', 'Lo/fus']
COMPONENT CONCAT > Lo/component5;->valueOf(J)V < extends Ljava/lang/Object, implements ['Lo/Experience']
COMPONENT CONCAT > Lo/SignOutPromptNone;->getErrorText(Lo/getCustomExperiments;Lo/setRedirectUrl;Lo/setData;)V < extends Landroid/view/View, implements ['Lo/getViewModel', 'Lo/CredentialCaptureImpl11']
COMPONENT CONCAT > Lo/ReasonInactivityUserInitiated;->getErrorText(Lo/getCustomExperiments;Lo/setRedirectUrl;Lo/setData;)V < extends Ljava/lang/Object, implements ['Lo/getViewModel', 'Lo/CredentialCaptureImpl11']
COMPONENT CONCAT > Lo/clone;->zB_(Lo/setCheckboxTintdefault;Lo/setData;Lo/getBackgroundTint$getErrorText;Lo/getCurrentPriority;)Landroid/text/SpannableString; < extends Ljava/lang/Object, implements []
COMPONENT CONCAT > Lo/getRedirectUrl;->toString()Ljava/lang/String; < extends Ljava/lang/Object, implements ['Lo/isInherentlyEqual']
COMPONENT CONCAT > Lo/getDismissIcon;->toString()Ljava/lang/String; < extends Ljava/lang/Object, implements []
COMPONENT CONCAT > Lo/setDismissIcon;->toString()Ljava/lang/String; < extends Ljava/lang/Object, implements []
COMPONENT CONCAT > Lo/Experimentserializer;->toString()Ljava/lang/String; < extends Ljava/lang/Object, implements []
COMPONENT CONCAT > Lo/getJsonString;->toString()Ljava/lang/String; < extends Ljava/lang/Object, implements []
COMPONENT CONCAT > Lo/bRL;->RemoteActionCompatParcelizer(Lo/fuz;Lo/fur;)Lo/fuo; < extends Ljava/lang/Object, implements []
COMPONENT CONCAT > Lo/zG;->MediaDescriptionCompat()V < extends Landroidx/fragment/app/Fragment, implements ['Lo/checkComplete', 'Lo/fCc', 'Lcom/newrelic/agent/android/api/v2/TraceFieldInterface', 'Landroid/content/ComponentCallbacks', 'Landroid/view/View$OnCreateContextMenuListener', 'Landroidx/lifecycle/LifecycleOwner', 'Lo/setLegendSubLabel', 'Lo/setActionButtonOrientation', 'Lo/setWidthAndHeightsgravity_verification_input_releasedefault', 'Lo/setForceShowIcon']
COMPONENT CONCAT > Lo/hSw;->values(IZ)[B < extends Ljava/lang/Object, implements ['Lo/hSk']
COMPONENT CONCAT > Lo/getPage;->aca_(Landroid/graphics/Canvas;Landroid/graphics/Matrix;I)V < extends Ljava/lang/Object, implements ['Lo/MappingV2AbTest', 'Lo/MappingV2Customer$values', 'Lo/MappingV2FieldTrackingserializer']
COMPONENT CONCAT > Lo/MappingV2ApplicationCompanion;->abJ_(Landroid/graphics/Canvas;Landroid/graphics/Matrix;I)V < extends Ljava/lang/Object, implements ['Lo/MappingV2AbTest', 'Lo/MappingV2AppCompanion', 'Lo/MappingV2Application', 'Lo/MappingV2Customer$values', 'Lo/getPack']
COMPONENT CONCAT > Lo/cLh;->getErrorText(Landroidx/lifecycle/LifecycleOwner;Landroid/view/View;)Lo/setFlags; < extends Ljava/lang/Object, implements ['Lo/readContinuationHeader']
COMPONENT CONCAT > Lo/bJM;->getPhoneNumber(Lo/fuz;Lo/fur;)Lo/jEz; < extends Ljava/lang/Object, implements ['Lo/fuq', 'Lkotlinx/coroutines/CoroutineScope']
COMPONENT CONCAT > Lo/bLY;->MediaBrowserCompatItemReceiver()Lo/bJU; < extends Landroidx/fragment/app/Fragment, implements ['Lo/bMe', 'Lo/bLz', 'Lcom/newrelic/agent/android/api/v2/TraceFieldInterface', 'Landroid/content/ComponentCallbacks', 'Landroid/view/View$OnCreateContextMenuListener', 'Landroidx/lifecycle/LifecycleOwner', 'Lo/setLegendSubLabel', 'Lo/setActionButtonOrientation', 'Lo/setWidthAndHeightsgravity_verification_input_releasedefault', 'Lo/setForceShowIcon']
COMPONENT CONCAT > Lo/bLe;-><init>()V < extends Landroidx/fragment/app/Fragment, implements ['Lo/bLc', 'Lo/bLz', 'Lcom/newrelic/agent/android/api/v2/TraceFieldInterface', 'Landroid/content/ComponentCallbacks', 'Landroid/view/View$OnCreateContextMenuListener', 'Landroidx/lifecycle/LifecycleOwner', 'Lo/setLegendSubLabel', 'Lo/setActionButtonOrientation', 'Lo/setWidthAndHeightsgravity_verification_input_releasedefault', 'Lo/setForceShowIcon']
COMPONENT CONCAT > Lo/bLh;-><init>()V < extends Landroidx/fragment/app/Fragment, implements ['Lo/bLc', 'Lo/bLz', 'Lcom/newrelic/agent/android/api/v2/TraceFieldInterface', 'Landroid/content/ComponentCallbacks', 'Landroid/view/View$OnCreateContextMenuListener', 'Landroidx/lifecycle/LifecycleOwner', 'Lo/setLegendSubLabel', 'Lo/setActionButtonOrientation', 'Lo/setWidthAndHeightsgravity_verification_input_releasedefault', 'Lo/setForceShowIcon']
COMPONENT CONCAT > Lo/setRepeatCount;->getPhoneNumber([Lo/APIGuard3;)V < extends Ljava/lang/Object, implements ['Lo/setSpeed']
COMPONENT CONCAT > Lo/newBuilder;->RemoteActionCompatParcelizer(Ljava/util/List;)V < extends Ljava/lang/Object, implements ['Lo/getGooglePlayInstantParam', 'Lo/APIGuardCallbackAGRequest', 'Lo/log', 'Lo/getInstallBeginTimestampSeconds']
COMPONENT CONCAT > Lo/setRepeatCount;->valueOf(Lo/APIGuard3;)V < extends Ljava/lang/Object, implements ['Lo/setSpeed']
COMPONENT CONCAT > Lo/newBuilder;->AudioAttributesCompatParcelizer()Z < extends Ljava/lang/Object, implements ['Lo/getGooglePlayInstantParam', 'Lo/APIGuardCallbackAGRequest', 'Lo/log', 'Lo/getInstallBeginTimestampSeconds']
COMPONENT CONCAT > Lo/setRepeatCount;->RemoteActionCompatParcelizer(I)V < extends Ljava/lang/Object, implements ['Lo/setSpeed']
COMPONENT CONCAT > Lo/setRepeatCount;->getErrorText(I)Lo/setSpeed; < extends Ljava/lang/Object, implements ['Lo/setSpeed']
COMPONENT CONCAT > Lo/newBuilder;->RemoteActionCompatParcelizer(Lo/jyk;)V < extends Ljava/lang/Object, implements ['Lo/getGooglePlayInstantParam', 'Lo/APIGuardCallbackAGRequest', 'Lo/log', 'Lo/getInstallBeginTimestampSeconds']
COMPONENT CONCAT > Lo/setDrawHighlightIndicators;->getErrorText(Ljava/lang/Object;Ljava/lang/Object;)Ljava/lang/Object; < extends Ljava/lang/Object, implements ['Lkotlinx/coroutines/CoroutineScope', 'Lo/setChipEndPadding', 'Lo/setChipIconEnabledResource']
COMPONENT CONCAT > Lo/deG;->getPhoneNumber(Lo/fuz;Lo/fur;)Lo/jEz; < extends Ljava/lang/Object, implements ['Lo/fuq', 'Lkotlinx/coroutines/CoroutineScope']
COMPONENT CONCAT > Lo/bmO;->RemoteActionCompatParcelizer(Lo/fuz;Lo/fur;)Lo/fuo; < extends Ljava/lang/Object, implements []
COMPONENT CONCAT > Lo/bmw;->RemoteActionCompatParcelizer(Lo/fuz;Lo/fur;)Lo/fuo; < extends Ljava/lang/Object, implements []
COMPONENT CONCAT > Lo/onHarvestDisconnected;->getErrorText(Lo/getExceptionName;)Lo/setDistributedTraceHeaders; < extends Ljava/lang/Object, implements ['Lo/isFatal', 'Lo/BitmapFactoryInstrumentation', 'Ljava/lang/Cloneable']
COMPONENT CONCAT > Lo/remove;->getErrorText(Lo/getExceptionName;)Lo/setDistributedTraceHeaders; < extends Ljava/lang/Object, implements ['Lo/isFatal', 'Lo/BitmapFactoryInstrumentation', 'Ljava/lang/Cloneable']
COMPONENT CONCAT > Lo/ckb;->getErrorText(Landroidx/lifecycle/LifecycleOwner;Landroid/view/View;)Lo/setFlags; < extends Ljava/lang/Object, implements ['Lo/readContinuationHeader']
COMPONENT CONCAT > Lo/cVT;->getPhoneNumber(Lo/fuz;Lo/fur;)Lo/jEz; < extends Ljava/lang/Object, implements ['Lo/fuq']
COMPONENT CONCAT > Lo/fiQ;->getPhoneNumber(Lo/fuz;Lo/fur;)Lo/jEz; < extends Ljava/lang/Object, implements ['Lo/fuq']
COMPONENT CONCAT > Lo/jLU;->values(Lo/jIT;)V < extends Ljava/lang/Object, implements ['Lo/jLi', 'Lo/jJc', 'Lo/jIW']
COMPONENT CONCAT > Lo/jLy;->valueOf(Lkotlinx/serialization/json/JsonElement;)V < extends Ljava/lang/Object, implements ['Lo/jLo', 'Lkotlinx/serialization/encoding/Encoder', 'Lo/jJa']
COMPONENT CONCAT > Lo/dSU;->getPhoneNumber(Lo/fuz;Lo/fur;)Lo/jEz; < extends Ljava/lang/Object, implements ['Lo/fuq']
COMPONENT CONCAT > Lo/jMd;->valueOf(Lkotlinx/serialization/json/JsonElement;)V < extends Ljava/lang/Object, implements ['Lo/jLo', 'Lkotlinx/serialization/encoding/Encoder', 'Lo/jJa']
COMPONENT CONCAT > Lo/jJG;->equals(Ljava/lang/Object;)Z < extends Ljava/lang/Object, implements ['Lo/jIT', 'Lo/jJr']
COMPONENT CONCAT > Lo/jLf;->values(Lo/jID;Ljava/lang/Object;)Ljava/lang/String; < extends Ljava/lang/Object, implements ['Lo/jIF']
COMPONENT CONCAT > Lo/cHp;->getPhoneNumber(Lo/fuz;Lo/fur;)Lo/jEz; < extends Ljava/lang/Object, implements ['Lo/fuq']
COMPONENT CONCAT > Lo/cPq;->getPhoneNumber(Lo/fuz;Lo/fur;)Lo/jEz; < extends Ljava/lang/Object, implements ['Lo/fuq']
COMPONENT CONCAT > Lo/glDeleteRenderbuffers;->RemoteActionCompatParcelizer(Ljava/lang/String;Lo/glFrontFace;Lo/jxc;)Ljava/lang/Object; < extends Ljava/lang/Object, implements ['Lo/glDeleteShader']
COMPONENT CONCAT > Lo/eUX;->RemoteActionCompatParcelizer(Ljava/lang/String;Ljava/lang/String;Lo/eVi;Lo/jxc;)Ljava/lang/Object; < extends Ljava/lang/Object, implements ['Lo/eUZ']
COMPONENT CONCAT > Lo/onDisplayHint;->getPhoneNumber(Ljava/lang/String;Lo/createContextMenu;Lo/jxc;)Ljava/lang/Object; < extends Ljava/lang/Object, implements ['Lo/getWindowVisibility']
COMPONENT CONCAT > Lo/aGN;->getPhoneNumber(Lo/fuz;Lo/fur;)Lo/jEz; < extends Ljava/lang/Object, implements ['Lo/fuq']
COMPONENT CONCAT > Lo/onDisplayHint;->valueOf(Ljava/lang/String;Lo/createContextMenu;Lo/jxc;)Ljava/lang/Object; < extends Ljava/lang/Object, implements ['Lo/getWindowVisibility']
COMPONENT CONCAT > Lo/aFU;->getPhoneNumber(Lo/fuz;Lo/fur;)Lo/jEz; < extends Ljava/lang/Object, implements ['Lo/fuq']
COMPONENT CONCAT > Lo/bgb;->getPhoneNumber(Lo/fuz;Lo/fur;)Lo/jEz; < extends Ljava/lang/Object, implements ['Lo/fuq']
COMPONENT CONCAT > Lo/setGroupDividerEnabled$getErrorText;->RemoteActionCompatParcelizer()Lo/setGroupDividerEnabled; < extends Ljava/lang/Object, implements []
COMPONENT CONCAT > Lo/getStackLabels;->valueOf(Ljava/lang/String;)Lo/getStackLabels; < extends Ljava/lang/Object, implements []
COMPONENT CONCAT > Lo/getStackLabels;->getPhoneNumber()Lo/BarEntry; < extends Ljava/lang/Object, implements []
COMPONENT CONCAT > Lo/LazilyParsedNumber;->RemoteActionCompatParcelizer(Landroid/view/View;)V < extends Ljava/lang/Object, implements ['Lo/getQueuedEventsSnapshot$RemoteActionCompatParcelizer', 'Lo/getBoundFields']
COMPONENT CONCAT > Lo/setDefaultScrollFlagsEnabled;->RemoteActionCompatParcelizer(Ljava/lang/String;)Ljava/lang/Object; < extends Ljava/lang/Object, implements ['Lo/setEllipsize']
COMPONENT CONCAT > Lo/DebitCardTrackerTileProducer;-><clinit>()V < extends Ljava/lang/Object, implements ['Lo/IncomeCollectionEmploymentUtilsAssetCollectionConfigCompanion']
