COMPONENT CONCAT > Lcom/airbnb/lottie/model/content/GradientStroke;->toContent(Lcom/airbnb/lottie/LottieDrawable;Lcom/airbnb/lottie/model/layer/BaseLayer;)Lcom/airbnb/lottie/animation/content/Content; < extends Ljava/lang/Object, implements ['Lcom/airbnb/lottie/model/content/ContentModel']
COMPONENT CONCAT > Lcom/airbnb/lottie/model/content/RectangleShape;->toContent(Lcom/airbnb/lottie/LottieDrawable;Lcom/airbnb/lottie/model/layer/BaseLayer;)Lcom/airbnb/lottie/animation/content/Content; < extends Ljava/lang/Object, implements ['Lcom/airbnb/lottie/model/content/ContentModel']
COMPONENT CONCAT > Lcom/airbnb/lottie/model/content/PolystarShape;->toContent(Lcom/airbnb/lottie/LottieDrawable;Lcom/airbnb/lottie/model/layer/BaseLayer;)Lcom/airbnb/lottie/animation/content/Content; < extends Ljava/lang/Object, implements ['Lcom/airbnb/lottie/model/content/ContentModel']
COMPONENT CONCAT > Lcom/airbnb/lottie/model/content/ShapePath;->toContent(Lcom/airbnb/lottie/LottieDrawable;Lcom/airbnb/lottie/model/layer/BaseLayer;)Lcom/airbnb/lottie/animation/content/Content; < extends Ljava/lang/Object, implements ['Lcom/airbnb/lottie/model/content/ContentModel']
COMPONENT CONCAT > Lcom/airbnb/lottie/model/content/CircleShape;->toContent(Lcom/airbnb/lottie/LottieDrawable;Lcom/airbnb/lottie/model/layer/BaseLayer;)Lcom/airbnb/lottie/animation/content/Content; < extends Ljava/lang/Object, implements ['Lcom/airbnb/lottie/model/content/ContentModel']
COMPONENT CONCAT > Lcrc64b227089827305775/CircleImageView;-><init>(Landroid/content/Context;)V < extends Landroid/widget/ImageView, implements ['Lmono/android/IGCUserPeer']
COMPONENT CONCAT > Lcrc64b227089827305775/CircleImageView;-><init>(Landroid/content/Context;Landroid/util/AttributeSet;)V < extends Landroid/widget/ImageView, implements ['Lmono/android/IGCUserPeer']
COMPONENT CONCAT > Lcrc64b227089827305775/CircleImageView;-><init>(Landroid/content/Context;Landroid/util/AttributeSet;I)V < extends Landroid/widget/ImageView, implements ['Lmono/android/IGCUserPeer']
COMPONENT CONCAT > Lcom/airbnb/lottie/parser/moshi/LinkedHashTreeMap;->keySet()Ljava/util/Set; < extends Ljava/util/AbstractMap, implements ['Ljava/io/Serializable']
COMPONENT CONCAT > Lcom/airbnb/lottie/parser/moshi/LinkedHashTreeMap;->entrySet()Ljava/util/Set; < extends Ljava/util/AbstractMap, implements ['Ljava/io/Serializable']
COMPONENT CONCAT > Lcom/airbnb/lottie/parser/moshi/LinkedHashTreeMap;->remove(Ljava/lang/Object;)Ljava/lang/Object; < extends Ljava/util/AbstractMap, implements ['Ljava/io/Serializable']
COMPONENT CONCAT > Lcom/airbnb/lottie/parser/moshi/LinkedHashTreeMap;->put(Ljava/lang/Object;Ljava/lang/Object;)Ljava/lang/Object; < extends Ljava/util/AbstractMap, implements ['Ljava/io/Serializable']
COMPONENT CONCAT > Lcom/airbnb/lottie/parser/moshi/LinkedHashTreeMap;->get(Ljava/lang/Object;)Ljava/lang/Object; < extends Ljava/util/AbstractMap, implements ['Ljava/io/Serializable']
COMPONENT CONCAT > Lcom/airbnb/lottie/LottieAnimationView;-><init>(Landroid/content/Context;Landroid/util/AttributeSet;)V < extends Landroidx/appcompat/widget/AppCompatImageView, implements ['Landroidx/core/view/TintableBackgroundView', 'Landroidx/core/widget/TintableImageSourceView']
COMPONENT CONCAT > Lcom/airbnb/lottie/LottieAnimationView;-><init>(Landroid/content/Context;)V < extends Landroidx/appcompat/widget/AppCompatImageView, implements ['Landroidx/core/view/TintableBackgroundView', 'Landroidx/core/widget/TintableImageSourceView']
COMPONENT CONCAT > Lcom/airbnb/lottie/LottieAnimationView;-><init>(Landroid/content/Context;Landroid/util/AttributeSet;I)V < extends Landroidx/appcompat/widget/AppCompatImageView, implements ['Landroidx/core/view/TintableBackgroundView', 'Landroidx/core/widget/TintableImageSourceView']
COMPONENT CONCAT > Lcom/airbnb/lottie/LottieAnimationView;->buildDrawingCache(Z)V < extends Landroidx/appcompat/widget/AppCompatImageView, implements ['Landroidx/core/view/TintableBackgroundView', 'Landroidx/core/widget/TintableImageSourceView']
COMPONENT CONCAT > Lcom/airbnb/lottie/LottieAnimationView;->onRestoreInstanceState(Landroid/os/Parcelable;)V < extends Landroidx/appcompat/widget/AppCompatImageView, implements ['Landroidx/core/view/TintableBackgroundView', 'Landroidx/core/widget/TintableImageSourceView']
COMPONENT CONCAT > Lcom/airbnb/lottie/LottieAnimationView;->onDetachedFromWindow()V < extends Landroidx/appcompat/widget/AppCompatImageView, implements ['Landroidx/core/view/TintableBackgroundView', 'Landroidx/core/widget/TintableImageSourceView']
COMPONENT CONCAT > Lcom/airbnb/lottie/LottieAnimationView;->onAttachedToWindow()V < extends Landroidx/appcompat/widget/AppCompatImageView, implements ['Landroidx/core/view/TintableBackgroundView', 'Landroidx/core/widget/TintableImageSourceView']
COMPONENT CONCAT > Lcom/airbnb/lottie/LottieAnimationView;->setMinFrame(Ljava/lang/String;)V < extends Landroidx/appcompat/widget/AppCompatImageView, implements ['Landroidx/core/view/TintableBackgroundView', 'Landroidx/core/widget/TintableImageSourceView']
COMPONENT CONCAT > Lcom/airbnb/lottie/animation/keyframe/SplitDimensionPathKeyframeAnimation;->getValue()Ljava/lang/Object; < extends Ljava/lang/Object, implements []
COMPONENT CONCAT > Lcom/airbnb/lottie/parser/moshi/JsonUtf8Reader;->nextString()Ljava/lang/String; < extends Ljava/lang/Object, implements ['Ljava/io/Closeable']
COMPONENT CONCAT > Lcom/airbnb/lottie/parser/moshi/JsonUtf8Reader;->nextDouble()D < extends Ljava/lang/Object, implements ['Ljava/io/Closeable']
COMPONENT CONCAT > Lcom/airbnb/lottie/parser/moshi/JsonUtf8Reader;->nextInt()I < extends Ljava/lang/Object, implements ['Ljava/io/Closeable']
COMPONENT CONCAT > Lcom/airbnb/lottie/parser/moshi/JsonUtf8Reader;->skipName()V < extends Ljava/lang/Object, implements ['Ljava/io/Closeable']
COMPONENT CONCAT > Lcom/airbnb/lottie/parser/moshi/JsonUtf8Reader;->skipValue()V < extends Ljava/lang/Object, implements ['Ljava/io/Closeable']
COMPONENT CONCAT > Lcom/airbnb/lottie/parser/moshi/JsonUtf8Reader;->selectName(Lcom/airbnb/lottie/parser/moshi/JsonReader$Options;)I < extends Ljava/lang/Object, implements ['Ljava/io/Closeable']
COMPONENT CONCAT > Lcom/liulishuo/magicprogresswidget/MagicProgressCircle;->setSmoothPercent(FJ)V < extends Landroid/view/View, implements ['Lcn/dreamtobe/percentsmoothhandler/ISmoothTarget']
COMPONENT CONCAT > Lcom/liulishuo/magicprogresswidget/MagicProgressCircle;->setSmoothPercent(F)V < extends Landroid/view/View, implements ['Lcn/dreamtobe/percentsmoothhandler/ISmoothTarget']
COMPONENT CONCAT > Lcom/liulishuo/magicprogresswidget/MagicProgressBar;->setSmoothPercent(F)V < extends Landroid/view/View, implements ['Lcn/dreamtobe/percentsmoothhandler/ISmoothTarget']
COMPONENT CONCAT > Lcom/liulishuo/magicprogresswidget/MagicProgressBar;->setSmoothPercent(FJ)V < extends Landroid/view/View, implements ['Lcn/dreamtobe/percentsmoothhandler/ISmoothTarget']
COMPONENT CONCAT > Lcom/airbnb/lottie/model/content/GradientFill;->toContent(Lcom/airbnb/lottie/LottieDrawable;Lcom/airbnb/lottie/model/layer/BaseLayer;)Lcom/airbnb/lottie/animation/content/Content; < extends Ljava/lang/Object, implements ['Lcom/airbnb/lottie/model/content/ContentModel']
COMPONENT CONCAT > Lcom/airbnb/lottie/animation/keyframe/ValueCallbackKeyframeAnimation;->getValue(Lcom/airbnb/lottie/value/Keyframe;F)Ljava/lang/Object; < extends Ljava/lang/Object, implements []
COMPONENT CONCAT > Lcom/airbnb/lottie/model/content/ShapeGroup;->toContent(Lcom/airbnb/lottie/LottieDrawable;Lcom/airbnb/lottie/model/layer/BaseLayer;)Lcom/airbnb/lottie/animation/content/Content; < extends Ljava/lang/Object, implements ['Lcom/airbnb/lottie/model/content/ContentModel']
COMPONENT CONCAT > Lcom/airbnb/lottie/model/content/Repeater;->toContent(Lcom/airbnb/lottie/LottieDrawable;Lcom/airbnb/lottie/model/layer/BaseLayer;)Lcom/airbnb/lottie/animation/content/Content; < extends Ljava/lang/Object, implements ['Lcom/airbnb/lottie/model/content/ContentModel']
COMPONENT CONCAT > Lcom/airbnb/lottie/LottieAnimationView;->setAnimationFromUrl(Ljava/lang/String;Ljava/lang/String;)V < extends Landroidx/appcompat/widget/AppCompatImageView, implements ['Landroidx/core/view/TintableBackgroundView', 'Landroidx/core/widget/TintableImageSourceView']
COMPONENT CONCAT > Lcom/airbnb/lottie/LottieAnimationView;->setAnimationFromJson(Ljava/lang/String;)V < extends Landroidx/appcompat/widget/AppCompatImageView, implements ['Landroidx/core/view/TintableBackgroundView', 'Landroidx/core/widget/TintableImageSourceView']
COMPONENT CONCAT > Lcom/airbnb/lottie/model/content/ShapeTrimPath;->toContent(Lcom/airbnb/lottie/LottieDrawable;Lcom/airbnb/lottie/model/layer/BaseLayer;)Lcom/airbnb/lottie/animation/content/Content; < extends Ljava/lang/Object, implements ['Lcom/airbnb/lottie/model/content/ContentModel']
COMPONENT CONCAT > Lcom/airbnb/lottie/model/animatable/AnimatableTextFrame;->createAnimation()Lcom/airbnb/lottie/animation/keyframe/BaseKeyframeAnimation; < extends Ljava/lang/Object, implements ['Lcom/airbnb/lottie/model/animatable/AnimatableValue']
COMPONENT CONCAT > Lcom/airbnb/lottie/LottieAnimationView;->addValueCallback(Lcom/airbnb/lottie/model/KeyPath;Ljava/lang/Object;Lcom/airbnb/lottie/value/SimpleLottieValueCallback;)V < extends Landroidx/appcompat/widget/AppCompatImageView, implements ['Landroidx/core/view/TintableBackgroundView', 'Landroidx/core/widget/TintableImageSourceView']
COMPONENT CONCAT > Lcom/airbnb/lottie/animation/content/MergePathsContent;->getPath()Landroid/graphics/Path; < extends Ljava/lang/Object, implements ['Lcom/airbnb/lottie/animation/content/PathContent', 'Lcom/airbnb/lottie/animation/content/GreedyContent']
COMPONENT CONCAT > Lcom/airbnb/lottie/model/content/ShapeFill;->toContent(Lcom/airbnb/lottie/LottieDrawable;Lcom/airbnb/lottie/model/layer/BaseLayer;)Lcom/airbnb/lottie/animation/content/Content; < extends Ljava/lang/Object, implements ['Lcom/airbnb/lottie/model/content/ContentModel']
COMPONENT CONCAT > Lcom/airbnb/lottie/model/content/ShapeStroke;->toContent(Lcom/airbnb/lottie/LottieDrawable;Lcom/airbnb/lottie/model/layer/BaseLayer;)Lcom/airbnb/lottie/animation/content/Content; < extends Ljava/lang/Object, implements ['Lcom/airbnb/lottie/model/content/ContentModel']
COMPONENT CONCAT > Lcom/airbnb/lottie/model/animatable/AnimatableSplitDimensionPathValue;->createAnimation()Lcom/airbnb/lottie/animation/keyframe/BaseKeyframeAnimation; < extends Ljava/lang/Object, implements ['Lcom/airbnb/lottie/model/animatable/AnimatableValue']
COMPONENT CONCAT > Lcom/airbnb/lottie/LottieAnimationView;->getDuration()J < extends Landroidx/appcompat/widget/AppCompatImageView, implements ['Landroidx/core/view/TintableBackgroundView', 'Landroidx/core/widget/TintableImageSourceView']
COMPONENT CONCAT > Lcom/airbnb/lottie/LottieAnimationView;->updateBitmap(Ljava/lang/String;Landroid/graphics/Bitmap;)Landroid/graphics/Bitmap; < extends Landroidx/appcompat/widget/AppCompatImageView, implements ['Landroidx/core/view/TintableBackgroundView', 'Landroidx/core/widget/TintableImageSourceView']
COMPONENT CONCAT > Lcom/tomergoldst/tooltips/ToolTipsManager;->show(Lcom/tomergoldst/tooltips/ToolTip;)Landroid/view/View; < extends Ljava/lang/Object, implements []
COMPONENT CONCAT > Lcom/airbnb/lottie/LottieCompositionFactory;->fromUrlSync(Landroid/content/Context;Ljava/lang/String;)Lcom/airbnb/lottie/LottieResult; < extends Ljava/lang/Object, implements []
COMPONENT CONCAT > Lcom/airbnb/lottie/LottieComposition$Factory;->fromFileSync(Landroid/content/Context;Ljava/lang/String;)Lcom/airbnb/lottie/LottieComposition; < extends Ljava/lang/Object, implements []
COMPONENT CONCAT > Lcom/airbnb/lottie/LottieComposition$Factory;->fromInputStreamSync(Ljava/io/InputStream;)Lcom/airbnb/lottie/LottieComposition; < extends Ljava/lang/Object, implements []
COMPONENT CONCAT > Lcom/airbnb/lottie/LottieComposition$Factory;->fromJsonSync(Ljava/lang/String;)Lcom/airbnb/lottie/LottieComposition; < extends Ljava/lang/Object, implements []
COMPONENT CONCAT > Lcom/airbnb/lottie/LottieComposition$Factory;->fromRawFile(Landroid/content/Context;ILcom/airbnb/lottie/OnCompositionLoadedListener;)Lcom/airbnb/lottie/Cancellable; < extends Ljava/lang/Object, implements []
COMPONENT CONCAT > Lcom/airbnb/lottie/LottieComposition$Factory;->fromJsonString(Ljava/lang/String;Lcom/airbnb/lottie/OnCompositionLoadedListener;)Lcom/airbnb/lottie/Cancellable; < extends Ljava/lang/Object, implements []
COMPONENT CONCAT > Lcom/airbnb/lottie/parser/LottieCompositionParser;->parse(Lcom/airbnb/lottie/parser/moshi/JsonReader;)Lcom/airbnb/lottie/LottieComposition; < extends Ljava/lang/Object, implements []
COMPONENT CONCAT > Lcom/airbnb/lottie/LottieComposition$Factory;->fromInputStream(Ljava/io/InputStream;Lcom/airbnb/lottie/OnCompositionLoadedListener;)Lcom/airbnb/lottie/Cancellable; < extends Ljava/lang/Object, implements []
COMPONENT CONCAT > Lcom/airbnb/lottie/LottieCompositionFactory;->fromJson(Lorg/json/JSONObject;Ljava/lang/String;)Lcom/airbnb/lottie/LottieTask; < extends Ljava/lang/Object, implements []
COMPONENT CONCAT > Lcom/airbnb/lottie/LottieComposition$Factory;->fromAssetFileName(Landroid/content/Context;Ljava/lang/String;Lcom/airbnb/lottie/OnCompositionLoadedListener;)Lcom/airbnb/lottie/Cancellable; < extends Ljava/lang/Object, implements []
COMPONENT CONCAT > Lcom/airbnb/lottie/LottieComposition$Factory;->fromJsonSync(Landroid/content/res/Resources;Lorg/json/JSONObject;)Lcom/airbnb/lottie/LottieComposition; < extends Ljava/lang/Object, implements []
COMPONENT CONCAT > Lcom/airbnb/lottie/LottieComposition$Factory;->fromJsonSync(Lcom/airbnb/lottie/parser/moshi/JsonReader;)Lcom/airbnb/lottie/LottieComposition; < extends Ljava/lang/Object, implements []
COMPONENT CONCAT > Lcom/airbnb/lottie/LottieCompositionFactory;->fromZipStream(Ljava/util/zip/ZipInputStream;Ljava/lang/String;)Lcom/airbnb/lottie/LottieTask; < extends Ljava/lang/Object, implements []
COMPONENT CONCAT > Lcom/airbnb/lottie/LottieComposition$Factory;->fromJsonReader(Lcom/airbnb/lottie/parser/moshi/JsonReader;Lcom/airbnb/lottie/OnCompositionLoadedListener;)Lcom/airbnb/lottie/Cancellable; < extends Ljava/lang/Object, implements []
COMPONENT CONCAT > Lcom/airbnb/lottie/LottieComposition$Factory;->fromInputStreamSync(Ljava/io/InputStream;Z)Lcom/airbnb/lottie/LottieComposition; < extends Ljava/lang/Object, implements []
COMPONENT CONCAT > Lcom/airbnb/lottie/animation/keyframe/IntegerKeyframeAnimation;->getValue(Lcom/airbnb/lottie/value/Keyframe;F)Ljava/lang/Object; < extends Ljava/lang/Object, implements []
