COMPONENT CONCAT > Llxt;->a(Landroid/view/View;Ljava/lang/Object;)V < extends Ljava/lang/Object, implements []
COMPONENT CONCAT > Llys;->a(Landroid/view/View;Ljava/lang/Object;)V < extends Ljava/lang/Object, implements []
COMPONENT CONCAT > Ljge;->f(Latdv;Ljava/util/Map;)V < extends Ljava/lang/Object, implements ['Laaxs']
COMPONENT CONCAT > Laicu;->accept(Ljava/lang/Object;)V < extends Ljava/lang/Object, implements ['Lbfrg']
COMPONENT CONCAT > Laicy;->accept(Ljava/lang/Object;)V < extends Ljava/lang/Object, implements ['Lbfrg']
COMPONENT CONCAT > Lkvu;->accept(Ljava/lang/Object;)V < extends Ljava/lang/Object, implements ['Ljava/util/function/Consumer']
COMPONENT CONCAT > Lijy;->accept(Ljava/lang/Object;)V < extends Ljava/lang/Object, implements ['Lbfrg']
COMPONENT CONCAT > Lijw;->a(Landroid/view/MotionEvent;)Z < extends Ljava/lang/Object, implements ['Liwn']
COMPONENT CONCAT > Lihu;->a(Landroid/view/MotionEvent;)V < extends Ljava/lang/Object, implements ['Liwo']
COMPONENT CONCAT > Lilv;->a(Likr;)V < extends Ljava/lang/Object, implements ['Liks']
COMPONENT CONCAT > Laicx;->accept(Ljava/lang/Object;)V < extends Ljava/lang/Object, implements ['Lbfrg']
COMPONENT CONCAT > Lihj;->a(Likr;)V < extends Ljava/lang/Object, implements ['Liks']
COMPONENT CONCAT > Likd;->handleEvent(Ljava/lang/Object;)V < extends Ljava/lang/Object, implements ['Lzdd']
COMPONENT CONCAT > Limq;->a(Landroid/view/MotionEvent;)Z < extends Ljava/lang/Object, implements ['Liwn']
COMPONENT CONCAT > Laicw;->accept(Ljava/lang/Object;)V < extends Ljava/lang/Object, implements ['Lbfrg']
COMPONENT CONCAT > Lijh;->get()Ljava/lang/Object; < extends Ljava/lang/Object, implements ['Lbeny']
COMPONENT CONCAT > Lcom/google/android/apps/youtube/unplugged/widget/player/PipMiniPlayerDragBehavior;->onTouchEvent(Landroidx/coordinatorlayout/widget/CoordinatorLayout;Landroid/view/View;Landroid/view/MotionEvent;)Z < extends Ljava/lang/Object, implements ['Liwk']
COMPONENT CONCAT > Limp;->a(Landroid/view/MotionEvent;)V < extends Ljava/lang/Object, implements ['Liwo']
COMPONENT CONCAT > Lima;->n(F)V < extends Ljava/lang/Object, implements ['Lmnn']
COMPONENT CONCAT > Llbe;->a()V < extends Ljava/lang/Object, implements ['Ljava/util/Observer', 'Lagnf', 'Laiok']
COMPONENT CONCAT > Liht;->c()V < extends Ljava/lang/Object, implements ['Ligl']
COMPONENT CONCAT > Likk;->accept(Ljava/lang/Object;)V < extends Ljava/lang/Object, implements ['Lbfrg']
COMPONENT CONCAT > Limf;->a()V < extends Ljava/lang/Object, implements ['Llca']
COMPONENT CONCAT > Lihs;->n(F)V < extends Ljava/lang/Object, implements ['Lmnn']
COMPONENT CONCAT > Limn;->c()V < extends Ljava/lang/Object, implements ['Ligl']
COMPONENT CONCAT > Laidl;->a()V < extends Ljava/lang/Object, implements ['Laicr', 'Lajrv']
COMPONENT CONCAT > Lmnp;->e()V < extends Ljava/lang/Object, implements ['Lmnk']
COMPONENT CONCAT > Lice;->a(Ljava/lang/Object;)V < extends Ljava/lang/Object, implements ['Laxz']
COMPONENT CONCAT > Llwm;->a(Landroid/view/View;Ljava/lang/Object;)V < extends Ljava/lang/Object, implements []
COMPONENT CONCAT > Lkfs;->f(Lakuc;Ljava/lang/String;Landroid/os/Bundle;)Lkga; < extends Ljava/lang/Object, implements ['Lkds', 'Lkgu']
COMPONENT CONCAT > Ljsn;->N(Llpn;I)V < extends Ljava/lang/Object, implements ['Lgda', 'Lmnd', 'Llpp', 'Lmlj']
COMPONENT CONCAT > Lktb;->a(Ljava/lang/Object;)V < extends Ljava/lang/Object, implements ['Laxz']
COMPONENT CONCAT > Lgdp;->f(Lsy;I)V < extends Ljava/lang/Object, implements ['Lgda', 'Lmnd', 'Llpp', 'Lmlj']
COMPONENT CONCAT > Llqp;->a(Landroid/view/ViewGroup;Llpt;)Llpn; < extends Ljava/lang/Object, implements ['Llpu']
COMPONENT CONCAT > Llqp;->b(Landroid/view/View;Llpt;)Llpn; < extends Ljava/lang/Object, implements ['Llpu']
COMPONENT CONCAT > Lkfh;->o(Lkcz;Landroid/os/Bundle;)V < extends Ljava/lang/Object, implements ['Lkdb']
COMPONENT CONCAT > Ljsn;->f(Lsy;I)V < extends Ljava/lang/Object, implements ['Lgda', 'Lmnd', 'Llpp', 'Lmlj']
COMPONENT CONCAT > Lltl;->a(Landroid/view/View;Ljava/lang/Object;)V < extends Ljava/lang/Object, implements []
COMPONENT CONCAT > Llth;->a(Ljava/lang/Object;)V < extends Ljava/lang/Object, implements ['Laxz']
COMPONENT CONCAT > Llti;->a(Ljava/lang/Object;)V < extends Ljava/lang/Object, implements ['Laxz']
COMPONENT CONCAT > Lhzs;->accept(Ljava/lang/Object;)V < extends Ljava/lang/Object, implements ['Lbfrg']
COMPONENT CONCAT > Lmbc;->a(Landroid/view/View;Ljava/lang/Object;)V < extends Ljava/lang/Object, implements []
COMPONENT CONCAT > Llzd;->a(Landroid/view/View;Ljava/lang/Object;)V < extends Ljava/lang/Object, implements []
COMPONENT CONCAT > Lmbm;->a(Landroid/view/View;Ljava/lang/Object;)V < extends Ljava/lang/Object, implements []
COMPONENT CONCAT > Lmbl;->a(Landroid/view/View;Ljava/lang/Object;)V < extends Ljava/lang/Object, implements []
COMPONENT CONCAT > Lcom/google/android/apps/youtube/unplugged/widget/AutoResizeUnpluggedTextView;-><init>(Landroid/content/Context;Landroid/util/AttributeSet;I)V < extends Landroid/widget/TextView, implements []
COMPONENT CONCAT > Lcom/google/android/apps/youtube/unplugged/widget/AutoResizeUnpluggedTextView;-><init>(Landroid/content/Context;Landroid/util/AttributeSet;)V < extends Landroid/widget/TextView, implements []
COMPONENT CONCAT > Lcom/google/android/apps/youtube/unplugged/widget/AutoResizeUnpluggedTextView;-><init>(Landroid/content/Context;Landroid/util/AttributeSet;II)V < extends Landroid/widget/TextView, implements []
COMPONENT CONCAT > Libd;->a(Ljava/lang/Object;Ljava/lang/Object;)V < extends Ljava/lang/Object, implements ['Lbfrc']
COMPONENT CONCAT > Liad;->a(ILgeb;Lcom/google/android/libraries/youtube/logging/interaction/InteractionLoggingScreen;)Lcom/google/android/apps/youtube/unplugged/adapters/PagerChildFragment; < extends Ljava/lang/Object, implements ['Lgcp']
COMPONENT CONCAT > Lhyh;->a(ILgeb;Lcom/google/android/libraries/youtube/logging/interaction/InteractionLoggingScreen;)Lcom/google/android/apps/youtube/unplugged/adapters/PagerChildFragment; < extends Ljava/lang/Object, implements ['Lgcp']
COMPONENT CONCAT > Lisf;->a(ILgeb;Lcom/google/android/libraries/youtube/logging/interaction/InteractionLoggingScreen;)Lcom/google/android/apps/youtube/unplugged/adapters/PagerChildFragment; < extends Ljava/lang/Object, implements ['Lgcp']
COMPONENT CONCAT > Llvj;->a(Landroid/view/View;Ljava/lang/Object;)V < extends Ljava/lang/Object, implements []
COMPONENT CONCAT > Lmhl;->a()V < extends Ljava/lang/Object, implements []
COMPONENT CONCAT > Lkfs;->g(Landroid/os/Bundle;)Lkgc; < extends Ljava/lang/Object, implements ['Lkds', 'Lkgu']
COMPONENT CONCAT > Lini;->a(ILgeb;Lcom/google/android/libraries/youtube/logging/interaction/InteractionLoggingScreen;)Lcom/google/android/apps/youtube/unplugged/adapters/PagerChildFragment; < extends Ljava/lang/Object, implements ['Lgcp']
COMPONENT CONCAT > Lkfs;->e(ILandroid/os/Bundle;)Lkfz; < extends Ljava/lang/Object, implements ['Lkds', 'Lkgu']
COMPONENT CONCAT > Lkfs;->k(Lcom/google/android/libraries/youtube/innertube/model/SearchResponseModel;Landroid/os/Bundle;)Lkga; < extends Ljava/lang/Object, implements ['Lkds', 'Lkgu']
COMPONENT CONCAT > Lmmy;->w(Landroid/content/Context;)Ljava/lang/Object; < extends Ljava/lang/Object, implements ['Ljava/lang/Cloneable', 'Lfkv', 'Lest', 'Lesd', 'Lesl', 'Lesa']
COMPONENT CONCAT > Ljtn;->accept(Ljava/lang/Object;)V < extends Ljava/lang/Object, implements ['Lbfrg']
COMPONENT CONCAT > Ljtk;->accept(Ljava/lang/Object;)V < extends Ljava/lang/Object, implements ['Lbfrg']
COMPONENT CONCAT > Ljti;->accept(Ljava/lang/Object;)V < extends Ljava/lang/Object, implements ['Lbfrg']
COMPONENT CONCAT > Ljtl;->accept(Ljava/lang/Object;)V < extends Ljava/lang/Object, implements ['Lbfrg']
COMPONENT CONCAT > Ljtj;->accept(Ljava/lang/Object;)V < extends Ljava/lang/Object, implements ['Lbfrg']
COMPONENT CONCAT > Ljwg;->b(I)V < extends Ljava/lang/Object, implements ['Ldnq']
COMPONENT CONCAT > Lmkj;->b(I)V < extends Ljava/lang/Object, implements ['Ldnq']
COMPONENT CONCAT > Lkfs;->l(Lcom/google/android/libraries/youtube/innertube/model/BrowseResponseModel;)Lbx; < extends Ljava/lang/Object, implements ['Lkds', 'Lkgu']
COMPONENT CONCAT > Lcom/google/android/apps/youtube/unplugged/gizmo/ButtonGroupSelector;->onClick(Landroid/view/View;)V < extends Landroid/widget/LinearLayout, implements ['Landroid/view/View$OnClickListener', 'Lmje', 'Lbenr']
COMPONENT CONCAT > Lkfs;->a(Lcom/google/android/apps/youtube/unplugged/navigation/SettingsDeepLinkConfig;Lcom/google/android/libraries/youtube/logging/interaction/InteractionLoggingScreen;)Lkfu; < extends Ljava/lang/Object, implements ['Lkds', 'Lkgu']
COMPONENT CONCAT > Lixx;->a(I)V < extends Ljava/lang/Object, implements ['Lmlu']
COMPONENT CONCAT > Lixy;->a(I)V < extends Ljava/lang/Object, implements ['Liyk']
COMPONENT CONCAT > Liyo;->get()Ljava/lang/Object; < extends Ljava/lang/Object, implements ['Ljavax/inject/Provider']
COMPONENT CONCAT > Lkfs;->j(Landroid/os/Bundle;)Lkgf; < extends Ljava/lang/Object, implements ['Lkds', 'Lkgu']
COMPONENT CONCAT > Ljza;->accept(Ljava/lang/Object;)V < extends Ljava/lang/Object, implements ['Lzvs']
COMPONENT CONCAT > Liuf;->b(Ljava/lang/Object;)V < extends Ljava/lang/Object, implements ['Lbfpu']
COMPONENT CONCAT > Lkfs;->h(Lgpb;Landroid/os/Bundle;Lcom/google/android/libraries/youtube/logging/interaction/InteractionLoggingScreen;)Lkgd; < extends Ljava/lang/Object, implements ['Lkds', 'Lkgu']
COMPONENT CONCAT > Llio;->b(Ljava/lang/Object;)V < extends Ljava/lang/Object, implements ['Lbfpu']
COMPONENT CONCAT > Lisw;->b()V < extends Ljava/lang/Object, implements ['Ljzf']
COMPONENT CONCAT > Lioh;->a(Ljava/lang/Object;)V < extends Ljava/lang/Object, implements ['Laxz']
COMPONENT CONCAT > Lmly;->e(Llpn;Landroid/view/View;)V < extends Ljava/lang/Object, implements ['Llpj']
COMPONENT CONCAT > Liyz;->get()Ljava/lang/Object; < extends Ljava/lang/Object, implements ['Ljavax/inject/Provider']
COMPONENT CONCAT > Lixz;->a(I)V < extends Ljava/lang/Object, implements ['Liyk']
COMPONENT CONCAT > Lisn;->c(Landroid/location/Location;)V < extends Ljava/lang/Object, implements ['Ljze']
COMPONENT CONCAT > Liyp;->get()Ljava/lang/Object; < extends Ljava/lang/Object, implements ['Ljavax/inject/Provider']
COMPONENT CONCAT > Ljli;->f(Latdv;Ljava/util/Map;)V < extends Ljava/lang/Object, implements ['Laaxs']
COMPONENT CONCAT > Ljfa;->accept(Ljava/lang/Object;)V < extends Ljava/lang/Object, implements ['Lbfrg']
COMPONENT CONCAT > Lmiw;->a(Lemn;)Ljava/lang/Object; < extends Ljava/lang/Object, implements ['Lemq']
COMPONENT CONCAT > Lmiv;->a()V < extends Ljava/lang/Object, implements ['Lmni']
COMPONENT CONCAT > Ljkg;->f(Latdv;Ljava/util/Map;)V < extends Ljava/lang/Object, implements ['Laaxs']
COMPONENT CONCAT > Ljer;->f(Latdv;Ljava/util/Map;)V < extends Ljava/lang/Object, implements ['Laaxs']
COMPONENT CONCAT > Llqn;->a(Landroid/view/View;Llpo;)Llpn; < extends Ljava/lang/Object, implements ['Llqo']
COMPONENT CONCAT > Lmjg;->c(II)V < extends Ljava/lang/Object, implements []
COMPONENT CONCAT > Lhzj;->b(Landroid/support/v7/widget/RecyclerView;I)V < extends Ljava/lang/Object, implements []
COMPONENT CONCAT > Lmjg;->a()V < extends Ljava/lang/Object, implements []
COMPONENT CONCAT > Lhyx;->c(Ljava/util/List;)V < extends Ljava/lang/Object, implements ['Lkto']
COMPONENT CONCAT > Lgcw;->f(Lsy;I)V < extends Ljava/lang/Object, implements ['Lgcx', 'Lmnd']
COMPONENT CONCAT > Lhyx;->a(Lzob;)V < extends Ljava/lang/Object, implements ['Lkto']
COMPONENT CONCAT > Lmjg;->d(II)V < extends Ljava/lang/Object, implements []
COMPONENT CONCAT > Lmfg;->b(Landroid/support/v7/widget/RecyclerView;I)V < extends Ljava/lang/Object, implements []
COMPONENT CONCAT > Lhzj;->cV(Landroid/support/v7/widget/RecyclerView;II)V < extends Ljava/lang/Object, implements []
COMPONENT CONCAT > Lhyx;->b(II)V < extends Ljava/lang/Object, implements ['Lkto']
COMPONENT CONCAT > Lhzh;->cV(Landroid/support/v7/widget/RecyclerView;II)V < extends Ljava/lang/Object, implements []
COMPONENT CONCAT > Ljss;->cV(Landroid/support/v7/widget/RecyclerView;II)V < extends Ljava/lang/Object, implements []
COMPONENT CONCAT > Ljsj;->n(Lacjb;)V < extends Ljava/lang/Object, implements ['Ljsl', 'Ljsa', 'Ljsl', 'Lmjt']
COMPONENT CONCAT > Ljsn;->K(Landroid/view/ViewGroup;I)Llpn; < extends Ljava/lang/Object, implements ['Lgda', 'Lmnd', 'Llpp', 'Lmlj']
COMPONENT CONCAT > Linb;->a(Ljava/lang/Object;)V < extends Ljava/lang/Object, implements ['Llky']
COMPONENT CONCAT > Limw;->a(Ljava/lang/Object;)V < extends Ljava/lang/Object, implements ['Llky']
COMPONENT CONCAT > Lgks;->e(Llpn;Landroid/view/View;)V < extends Ljava/lang/Object, implements ['Llpj']
COMPONENT CONCAT > Ljss;->b(Landroid/support/v7/widget/RecyclerView;I)V < extends Ljava/lang/Object, implements []
COMPONENT CONCAT > Linh;->k(Landroid/view/ViewGroup;I)Ljava/lang/Object; < extends Ljava/lang/Object, implements ['Lacjf', 'Llak', 'Lmkv', 'Lmln', 'Lmli']
COMPONENT CONCAT > Ljsj;->k(Ljava/util/List;)V < extends Ljava/lang/Object, implements ['Ljsl', 'Ljsa', 'Ljsl', 'Lmjt']
COMPONENT CONCAT > Ljsq;->a(Lcom/google/android/material/appbar/AppBarLayout;I)V < extends Ljava/lang/Object, implements ['Lamtd']
COMPONENT CONCAT > Ljsh;->a()V < extends Ljava/lang/Object, implements ['Lioy']
COMPONENT CONCAT > Ljsn;->dE(Landroid/support/v7/widget/RecyclerView;)V < extends Ljava/lang/Object, implements ['Lgda', 'Lmnd', 'Llpp', 'Lmlj']
COMPONENT CONCAT > Ljxe;->accept(Ljava/lang/Object;)V < extends Ljava/lang/Object, implements ['Lbfrg']
COMPONENT CONCAT > Ljsc;->h()Lbbtf; < extends Ljava/lang/Object, implements ['Ljtu', 'Lgkr']
COMPONENT CONCAT > Ljxd;->accept(Ljava/lang/Object;)V < extends Ljava/lang/Object, implements ['Lbfrg']
COMPONENT CONCAT > Limy;->a(Ljava/lang/Object;)V < extends Ljava/lang/Object, implements ['Llky']
COMPONENT CONCAT > Lcom/google/android/apps/youtube/unplugged/widget/PaletteColorableFrameLayout;->setBackgroundColor(I)V < extends Landroid/widget/FrameLayout, implements ['Lmje']
COMPONENT CONCAT > Lcom/google/android/apps/youtube/unplugged/widget/PaletteColorableFrameLayout;->V(I)V < extends Landroid/widget/FrameLayout, implements ['Lmje']
COMPONENT CONCAT > Ljsi;->cz(Laeds;)V < extends Ljava/lang/Object, implements ['Laedw']
COMPONENT CONCAT > Llzl;->a(Landroid/view/View;Ljava/lang/Object;)V < extends Ljava/lang/Object, implements []
COMPONENT CONCAT > Ljua;->accept(Ljava/lang/Object;)V < extends Ljava/lang/Object, implements ['Lbfrg']
COMPONENT CONCAT > Llzg;->a(Landroid/view/View;Ljava/lang/Object;)V < extends Ljava/lang/Object, implements []
COMPONENT CONCAT > Ljwu;->accept(Ljava/lang/Object;)V < extends Ljava/lang/Object, implements ['Lajn']
COMPONENT CONCAT > Ljwo;->accept(Ljava/lang/Object;)V < extends Ljava/lang/Object, implements ['Lajn']
COMPONENT CONCAT > Ljwp;->accept(Ljava/lang/Object;)V < extends Ljava/lang/Object, implements ['Lajn']
COMPONENT CONCAT > Lmag;->h(Landroid/view/View;Lkpa;)V < extends Ljava/lang/Object, implements []
COMPONENT CONCAT > Ljjy;->f(Latdv;Ljava/util/Map;)V < extends Ljava/lang/Object, implements ['Laaxs']
COMPONENT CONCAT > Llyz;->a(Landroid/view/View;Ljava/lang/Object;)V < extends Ljava/lang/Object, implements []
COMPONENT CONCAT > Ljup;->f()V < extends Ljava/lang/Object, implements ['Ljux']
COMPONENT CONCAT > Ljxb;->b(Ljava/lang/Object;)V < extends Ljava/lang/Object, implements ['Lbfqb', 'Lbfpu']
COMPONENT CONCAT > Llvc;->a(Landroid/view/View;Ljava/lang/Object;)V < extends Ljava/lang/Object, implements []
COMPONENT CONCAT > Llzi;->a(Landroid/view/View;Ljava/lang/Object;)V < extends Ljava/lang/Object, implements []
COMPONENT CONCAT > Ljxg;->accept(Ljava/lang/Object;)V < extends Ljava/lang/Object, implements ['Lajn']
COMPONENT CONCAT > Lliq;->c(Lajn;)V < extends Ljava/lang/Object, implements ['Llho']
COMPONENT CONCAT > Ljmh;->f(Latdv;Ljava/util/Map;)V < extends Ljava/lang/Object, implements ['Laaxs']
COMPONENT CONCAT > Lltd;->a(Ljava/lang/Object;)V < extends Ljava/lang/Object, implements ['Laxz']
COMPONENT CONCAT > Llyx;->a(Landroid/view/View;Ljava/lang/Object;)V < extends Ljava/lang/Object, implements []
COMPONENT CONCAT > Lmam;->h(Landroid/view/View;Lkpa;)V < extends Ljava/lang/Object, implements []
COMPONENT CONCAT > Llzq;->a(Landroid/view/View;Ljava/lang/Object;)V < extends Ljava/lang/Object, implements []
COMPONENT CONCAT > Ljxa;->c(Lbfqm;)V < extends Ljava/lang/Object, implements ['Lbfpu']
COMPONENT CONCAT > Llte;->a(Ljava/lang/Object;)V < extends Ljava/lang/Object, implements ['Laxz']
COMPONENT CONCAT > Ljsj;->m()V < extends Ljava/lang/Object, implements ['Ljsl', 'Ljsa', 'Ljsl', 'Lmjt']
COMPONENT CONCAT > Ljsj;->l(Laicf;)V < extends Ljava/lang/Object, implements ['Ljsl', 'Ljsa', 'Ljsl', 'Lmjt']
COMPONENT CONCAT > Llzp;->a(Landroid/view/View;Ljava/lang/Object;)V < extends Ljava/lang/Object, implements []
COMPONENT CONCAT > Ljsj;->e(Z)V < extends Ljava/lang/Object, implements ['Ljsl', 'Ljsa', 'Ljsl', 'Lmjt']
COMPONENT CONCAT > Llvi;->a(Landroid/view/View;Ljava/lang/Object;)V < extends Ljava/lang/Object, implements []
COMPONENT CONCAT > Llzf;->a(Landroid/view/View;Ljava/lang/Object;)V < extends Ljava/lang/Object, implements []
COMPONENT CONCAT > Ljxb;->c(Lbfqm;)V < extends Ljava/lang/Object, implements ['Lbfqb', 'Lbfpu']
COMPONENT CONCAT > Ljwv;->accept(Ljava/lang/Object;)V < extends Ljava/lang/Object, implements ['Lajn']
COMPONENT CONCAT > Ljsi;->cy(Laeds;)V < extends Ljava/lang/Object, implements ['Laedw']
COMPONENT CONCAT > Llzs;->a(Landroid/view/View;Ljava/lang/Object;)V < extends Ljava/lang/Object, implements []
COMPONENT CONCAT > Llsh;->k(Landroid/view/View;Ljava/lang/Object;)V < extends Ljava/lang/Object, implements []
COMPONENT CONCAT > Llvi;->c()V < extends Ljava/lang/Object, implements []
COMPONENT CONCAT > Llzc;->a(Landroid/view/View;Ljava/lang/Object;)V < extends Ljava/lang/Object, implements []
COMPONENT CONCAT > Llza;->a(Landroid/view/View;Ljava/lang/Object;)V < extends Ljava/lang/Object, implements []
COMPONENT CONCAT > Ljxh;->b(Ljava/lang/Object;)V < extends Ljava/lang/Object, implements ['Lbfqb', 'Lbfpu']
COMPONENT CONCAT > Ljsj;->f(Llpn;Landroid/view/View;)V < extends Ljava/lang/Object, implements ['Ljsl', 'Ljsa', 'Ljsl', 'Lmjt']
COMPONENT CONCAT > Ljwz;->accept(Ljava/lang/Object;)V < extends Ljava/lang/Object, implements ['Lajn']
COMPONENT CONCAT > Ljxa;->b(Ljava/lang/Object;)V < extends Ljava/lang/Object, implements ['Lbfpu']
COMPONENT CONCAT > Ljxh;->c(Lbfqm;)V < extends Ljava/lang/Object, implements ['Lbfqb', 'Lbfpu']
COMPONENT CONCAT > Ljvr;->c(Lbfqm;)V < extends Ljava/lang/Object, implements ['Lbfqb', 'Lbfpu']
COMPONENT CONCAT > Llzo;->a(Landroid/view/View;Ljava/lang/Object;)V < extends Ljava/lang/Object, implements []
COMPONENT CONCAT > Ljse;->a()V < extends Ljava/lang/Object, implements ['Lioy']
COMPONENT CONCAT > Ljsj;->o(Landroid/view/View;Landroid/support/v7/widget/RecyclerView;)V < extends Ljava/lang/Object, implements ['Ljsl', 'Ljsa', 'Ljsl', 'Lmjt']
COMPONENT CONCAT > Llzj;->a(Landroid/view/View;Ljava/lang/Object;)V < extends Ljava/lang/Object, implements []
COMPONENT CONCAT > Lind;->a(Ljava/lang/Object;)V < extends Ljava/lang/Object, implements ['Llky']
COMPONENT CONCAT > Liup;->accept(Ljava/lang/Object;)V < extends Ljava/lang/Object, implements ['Lajn']
COMPONENT CONCAT > Ljvq;->b(Ljava/lang/Object;)V < extends Ljava/lang/Object, implements ['Lbfqb', 'Lbfpu']
COMPONENT CONCAT > Lina;->a(Ljava/lang/Object;)V < extends Ljava/lang/Object, implements ['Llky']
COMPONENT CONCAT > Ljwm;->f(I)V < extends Ljava/lang/Object, implements ['Lmkk', 'Lmkl']
COMPONENT CONCAT > Ljwm;->b(I)V < extends Ljava/lang/Object, implements ['Lmkk', 'Lmkl']
COMPONENT CONCAT > Ljwg;->c(IF)V < extends Ljava/lang/Object, implements ['Ldnq']
COMPONENT CONCAT > Ljwj;->accept(Ljava/lang/Object;)V < extends Ljava/lang/Object, implements ['Lbfrg']
COMPONENT CONCAT > Lmkj;->c(IF)V < extends Ljava/lang/Object, implements ['Ldnq']
COMPONENT CONCAT > Llvx;->a(Landroid/view/View;Ljava/lang/Object;)V < extends Ljava/lang/Object, implements []
COMPONENT CONCAT > Lmhi;->b(I[Ljava/lang/Object;)Ljava/lang/String; < extends Ljava/lang/Object, implements ['Lllq']
COMPONENT CONCAT > Lmhi;->cp(II[Ljava/lang/Object;)Ljava/lang/String; < extends Ljava/lang/Object, implements ['Lllq']
COMPONENT CONCAT > Lgyz;->accept(Ljava/lang/Object;)V < extends Ljava/lang/Object, implements ['Lbfrg']
COMPONENT CONCAT > Lakwr;->d(Lbdpb;IILsra;II)V < extends Ljava/lang/Object, implements ['Lalah']
COMPONENT CONCAT > Lldl;->c(Laufy;)V < extends Ljava/lang/Object, implements ['Laipy']
COMPONENT CONCAT > Llwq;->a(Landroid/view/View;Ljava/lang/Object;)V < extends Ljava/lang/Object, implements []
COMPONENT CONCAT > Lfhs;->f(Lsy;I)V < extends Ljava/lang/Object, implements ['Lfhw']
COMPONENT CONCAT > Lamcg;->f(II)V < extends Ljava/lang/Object, implements []
COMPONENT CONCAT > Lepy;->c(Landroid/view/View;Lanw;)V < extends Ljava/lang/Object, implements []
COMPONENT CONCAT > Llwa;->a(Landroid/view/View;Ljava/lang/Object;)V < extends Ljava/lang/Object, implements ['Lmcl']
COMPONENT CONCAT > Lfhs;->bB(Lsy;)V < extends Ljava/lang/Object, implements ['Lfhw']
COMPONENT CONCAT > Laaek;->a(ILzuq;)V < extends Ljava/lang/Object, implements ['Lzup']
COMPONENT CONCAT > Laaew;->i()V < extends Ljava/lang/Object, implements ['Laaeg']
COMPONENT CONCAT > Laadm;->n(Lauky;)V < extends Ljava/lang/Object, implements ['Laadw', 'Laadv', 'Laalg', 'Laadx']
COMPONENT CONCAT > Laalx;->q(Lauvw;)V < extends Ljava/lang/Object, implements ['Lalnb', 'Lalna', 'Laalh']
COMPONENT CONCAT > Lfkc;->G(Leqa;Leqi;IILewf;Letf;)V < extends Ljava/lang/Object, implements ['Ljava/lang/Cloneable', 'Lfkv', 'Lest', 'Lesd', 'Lesl', 'Lesa']
COMPONENT CONCAT > Lakwr;->c(Lbdyi;Lsra;)V < extends Ljava/lang/Object, implements ['Lalah']
COMPONENT CONCAT > Lfja;->cV(Landroid/support/v7/widget/RecyclerView;II)V < extends Ljava/lang/Object, implements ['Lfiz']
COMPONENT CONCAT > Lfgy;->a(J)V < extends Ljava/lang/Object, implements []
COMPONENT CONCAT > Lqyl;->treeNodeResultDidUpdate(Lcom/google/android/libraries/elements/interfaces/ComponentTreeResult;)Lio/grpc/Status; < extends Ljava/lang/Object, implements []
COMPONENT CONCAT > Lffb;->E(Leqa;Leqi;Letf;)V < extends Ljava/lang/Object, implements ['Ljava/lang/Cloneable', 'Lfkv', 'Lest', 'Lesd', 'Lesl', 'Lesa']
COMPONENT CONCAT > Lfgg;->w(Landroid/content/Context;)Ljava/lang/Object; < extends Ljava/lang/Object, implements ['Ljava/lang/Cloneable', 'Lfkv', 'Lest', 'Lesd', 'Lesl', 'Lesa']
COMPONENT CONCAT > Lqzt;->onDataChanged()Lio/grpc/Status; < extends Ljava/lang/Object, implements []
COMPONENT CONCAT > Lqxr;->F(Leqa;)V < extends Ljava/lang/Object, implements ['Ljava/lang/Cloneable', 'Lfkv', 'Lest', 'Lesd', 'Lesl', 'Lesa']
COMPONENT CONCAT > Lffb;->H(Leqa;Ljava/lang/Object;Letf;)V < extends Ljava/lang/Object, implements ['Ljava/lang/Cloneable', 'Lfkv', 'Lest', 'Lesd', 'Lesl', 'Lesa']
COMPONENT CONCAT > Lfkc;->E(Leqa;Leqi;Letf;)V < extends Ljava/lang/Object, implements ['Ljava/lang/Cloneable', 'Lfkv', 'Lest', 'Lesd', 'Lesl', 'Lesa']
COMPONENT CONCAT > Lamcg;->c(II)V < extends Ljava/lang/Object, implements []
COMPONENT CONCAT > Lffb;->w(Landroid/content/Context;)Ljava/lang/Object; < extends Ljava/lang/Object, implements ['Ljava/lang/Cloneable', 'Lfkv', 'Lest', 'Lesd', 'Lesl', 'Lesa']
COMPONENT CONCAT > Lalkn;->c(Ljava/lang/Object;Lsra;)Lbfpc; < extends Ljava/lang/Object, implements ['Lsrb']
COMPONENT CONCAT > Lidy;->accept(Ljava/lang/Object;)V < extends Ljava/lang/Object, implements ['Lbfrg']
COMPONENT CONCAT > Laalx;->p(Ljava/lang/Object;Z)V < extends Ljava/lang/Object, implements ['Lalnb', 'Lalna', 'Laalh']
COMPONENT CONCAT > Lgzf;->a(Lgyh;)V < extends Ljava/lang/Object, implements ['Lgxw']
COMPONENT CONCAT > Lrfh;->c(Landroid/support/v7/widget/RecyclerView;Lsy;Lsy;)Z < extends Ljava/lang/Object, implements []
COMPONENT CONCAT > Lakwu;->bB(Lsy;)V < extends Ljava/lang/Object, implements []
COMPONENT CONCAT > Lcom/facebook/litho/ComponentTree;->t(Leud;)V < extends Ljava/lang/Object, implements ['Leuc']
COMPONENT CONCAT > Lfic;->a(ILfgq;)V < extends Ljava/lang/Object, implements ['Lfie']
COMPONENT CONCAT > Lqxr;->u(Lesh;Ljava/lang/Object;)Ljava/lang/Object; < extends Ljava/lang/Object, implements ['Ljava/lang/Cloneable', 'Lfkv', 'Lest', 'Lesd', 'Lesl', 'Lesa']
COMPONENT CONCAT > Laaew;->q(Lauky;ZZ)V < extends Ljava/lang/Object, implements ['Laaeg']
COMPONENT CONCAT > Lakxt;->b(Lbdpb;Landroid/view/View;Lj$/util/OptionalInt;Lj$/util/OptionalInt;Lj$/util/OptionalInt;)V < extends Ljava/lang/Object, implements ['Lqqx']
COMPONENT CONCAT > Lfdc;->A(Leqa;)V < extends Ljava/lang/Object, implements ['Ljava/lang/Cloneable', 'Lfkv', 'Lest', 'Lesd', 'Lesl', 'Lesa']
COMPONENT CONCAT > Lgdm;->a(Lsy;)V < extends Ljava/lang/Object, implements ['Lmld']
COMPONENT CONCAT > Llwp;->accept(Ljava/lang/Object;)V < extends Ljava/lang/Object, implements ['Ljava/util/function/Consumer']
COMPONENT CONCAT > Llql;->a(Landroid/view/View;Llpo;)Llpn; < extends Ljava/lang/Object, implements ['Llqo']
COMPONENT CONCAT > Lepy;->m(Ljava/util/List;)V < extends Ljava/lang/Object, implements []
COMPONENT CONCAT > Lffb;->G(Leqa;Leqi;IILewf;Letf;)V < extends Ljava/lang/Object, implements ['Ljava/lang/Cloneable', 'Lfkv', 'Lest', 'Lesd', 'Lesl', 'Lesa']
COMPONENT CONCAT > Lfjk;->ao(Lesk;Ljava/lang/Object;)V < extends Ljava/lang/Object, implements ['Ljava/lang/Cloneable', 'Lfkv', 'Lest', 'Lesd', 'Lesl', 'Lesa']
COMPONENT CONCAT > Lamcg;->d(II)V < extends Ljava/lang/Object, implements []
COMPONENT CONCAT > Lqxr;->C(Leqa;)V < extends Ljava/lang/Object, implements ['Ljava/lang/Cloneable', 'Lfkv', 'Lest', 'Lesd', 'Lesl', 'Lesa']
COMPONENT CONCAT > Llwt;->accept(Ljava/lang/Object;)V < extends Ljava/lang/Object, implements ['Ljava/util/function/Consumer']
COMPONENT CONCAT > Lfhs;->k(II)V < extends Ljava/lang/Object, implements ['Lfhw']
COMPONENT CONCAT > Lreb;->treeNodeResultDidUpdate(Lcom/google/android/libraries/elements/interfaces/ComponentTreeResult;)Lio/grpc/Status; < extends Ljava/lang/Object, implements []
COMPONENT CONCAT > Lgzf;->d(Lgyh;J)V < extends Ljava/lang/Object, implements ['Lgxw']
COMPONENT CONCAT > Lepy;->a(Landroid/view/View;)Lanz; < extends Ljava/lang/Object, implements []
COMPONENT CONCAT > Lldl;->b()V < extends Ljava/lang/Object, implements ['Laipy']
COMPONENT CONCAT > Lqxr;->A(Leqa;)V < extends Ljava/lang/Object, implements ['Ljava/lang/Cloneable', 'Lfkv', 'Lest', 'Lesd', 'Lesl', 'Lesa']
COMPONENT CONCAT > Lfdn;->a()V < extends Ljava/lang/Object, implements ['Lfbx', 'Lfdw']
COMPONENT CONCAT > Lalkv;->b([BLqqu;)V < extends Ljava/lang/Object, implements ['Lqqv']
COMPONENT CONCAT > Lfgg;->al(Leqa;Ljava/lang/Object;)V < extends Ljava/lang/Object, implements ['Ljava/lang/Cloneable', 'Lfkv', 'Lest', 'Lesd', 'Lesl', 'Lesa']
COMPONENT CONCAT > Lgyy;->accept(Ljava/lang/Object;)V < extends Ljava/lang/Object, implements ['Lbfrg']
COMPONENT CONCAT > Lfkc;->H(Leqa;Ljava/lang/Object;Letf;)V < extends Ljava/lang/Object, implements ['Ljava/lang/Cloneable', 'Lfkv', 'Lest', 'Lesd', 'Lesl', 'Lesa']
COMPONENT CONCAT > Laalx;->h()V < extends Ljava/lang/Object, implements ['Lalnb', 'Lalna', 'Laalh']
COMPONENT CONCAT > Lrgz;->h(Landroid/support/v7/widget/RecyclerView;)V < extends Ljava/lang/Object, implements ['Lswt']
COMPONENT CONCAT > Laadm;->z(Lauha;)V < extends Ljava/lang/Object, implements ['Laadw', 'Laadv', 'Laalg', 'Laadx']
COMPONENT CONCAT > Lalkv;->c(Lbdpb;Lqqu;)V < extends Ljava/lang/Object, implements ['Lqqv']
COMPONENT CONCAT > Lakwu;->d(Landroid/view/ViewGroup;I)Lsy; < extends Ljava/lang/Object, implements []
COMPONENT CONCAT > Lffb;->al(Leqa;Ljava/lang/Object;)V < extends Ljava/lang/Object, implements ['Ljava/lang/Cloneable', 'Lfkv', 'Lest', 'Lesd', 'Lesl', 'Lesa']
COMPONENT CONCAT > Liuc;->a(Lsy;)V < extends Ljava/lang/Object, implements ['Lmld']
COMPONENT CONCAT > Lrgz;->c(Landroid/support/v7/widget/RecyclerView;)V < extends Ljava/lang/Object, implements ['Lswt']
COMPONENT CONCAT > Llqj;->a(Landroid/view/View;Llpo;)Llpn; < extends Ljava/lang/Object, implements ['Llqo']
COMPONENT CONCAT > Laafo;->accept(Ljava/lang/Object;)V < extends Ljava/lang/Object, implements ['Lbfrg']
COMPONENT CONCAT > Lqxx;->a(Lsqy;)Lsqy; < extends Ljava/lang/Object, implements ['Lsqz']
COMPONENT CONCAT > Levb;->c(J)V < extends Ljava/lang/Object, implements ['Lfkp']
COMPONENT CONCAT > Llqm;->a(Landroid/view/View;Llpo;)Llpn; < extends Ljava/lang/Object, implements ['Llqo']
COMPONENT CONCAT > Lakwe;->a()Landroid/view/View; < extends Ljava/lang/Object, implements ['Lalrq']
COMPONENT CONCAT > Lrbz;->b(Ljava/lang/Object;)V < extends Ljava/lang/Object, implements ['Lbfpu', 'Lbfqm']
COMPONENT CONCAT > Lakwr;->b(Lbdyc;Lsra;)V < extends Ljava/lang/Object, implements ['Lalah']
COMPONENT CONCAT > Lakyr;->c(Lameh;)V < extends Ljava/lang/Object, implements ['Lamef']
COMPONENT CONCAT > Laalj;->p(Ljava/lang/Object;Z)V < extends Ljava/lang/Object, implements ['Laalh']
COMPONENT CONCAT > Lrph;->a(I)V < extends Ljava/lang/Object, implements ['Lsso']
COMPONENT CONCAT > Lfdn;->ac(Landroid/view/ViewGroup;)V < extends Ljava/lang/Object, implements ['Lfbx', 'Lfdw']
COMPONENT CONCAT > Letc;->c(IF)V < extends Ljava/lang/Object, implements ['Ldnq']
COMPONENT CONCAT > Lffb;->A(Leqa;)V < extends Ljava/lang/Object, implements ['Ljava/lang/Cloneable', 'Lfkv', 'Lest', 'Lesd', 'Lesl', 'Lesa']
COMPONENT CONCAT > Laaew;->d(Latdv;Laadu;Z)Laadx; < extends Ljava/lang/Object, implements ['Laaeg']
COMPONENT CONCAT > Lgzf;->c()V < extends Ljava/lang/Object, implements ['Lgxw']
COMPONENT CONCAT > Lfhv;->ac(Landroid/view/ViewGroup;)V < extends Ljava/lang/Object, implements ['Lfdw', 'Lffn', 'Lfex']
COMPONENT CONCAT > Lspq;-><clinit>()V < extends Ljava/lang/Object, implements []
COMPONENT CONCAT > Lfkc;->al(Leqa;Ljava/lang/Object;)V < extends Ljava/lang/Object, implements ['Ljava/lang/Cloneable', 'Lfkv', 'Lest', 'Lesd', 'Lesl', 'Lesa']
COMPONENT CONCAT > Laaew;->m(Lauky;)V < extends Ljava/lang/Object, implements ['Laaeg']
COMPONENT CONCAT > Lfdn;->aa(Landroid/view/ViewGroup;)V < extends Ljava/lang/Object, implements ['Lfbx', 'Lfdw']
COMPONENT CONCAT > Laaey;->e()V < extends Ljava/lang/Object, implements ['Laadt']
COMPONENT CONCAT > Laagu;->b()Landroid/view/View; < extends Ljava/lang/Object, implements ['Laadt']
COMPONENT CONCAT > Lmmy;->H(Leqa;Ljava/lang/Object;Letf;)V < extends Ljava/lang/Object, implements ['Ljava/lang/Cloneable', 'Lfkv', 'Lest', 'Lesd', 'Lesl', 'Lesa']
COMPONENT CONCAT > Lfkc;->A(Leqa;)V < extends Ljava/lang/Object, implements ['Ljava/lang/Cloneable', 'Lfkv', 'Lest', 'Lesd', 'Lesl', 'Lesa']
COMPONENT CONCAT > Lrpi;->a(I)V < extends Ljava/lang/Object, implements ['Lsso']
COMPONENT CONCAT > Lexr;->a(Leyz;)V < extends Ljava/lang/Object, implements ['Leza']
COMPONENT CONCAT > Lfgo;->a(IIZ)V < extends Ljava/lang/Object, implements ['Leqs']
COMPONENT CONCAT > Lalnj;->accept(Ljava/lang/Object;)V < extends Ljava/lang/Object, implements ['Lbfrg']
COMPONENT CONCAT > Lfbz;->bs(Ljava/lang/Object;)V < extends Ljava/lang/Object, implements ['Lfkm', 'Lesa']
COMPONENT CONCAT > Lamfb;->a(Ljava/lang/Object;Landroid/view/View;)V < extends Ljava/lang/Object, implements ['Lalse']
COMPONENT CONCAT > Lfhv;->j(I)Lcom/facebook/litho/ComponentTree; < extends Ljava/lang/Object, implements ['Lfdw', 'Lffn', 'Lfex']
COMPONENT CONCAT > Lfhv;->aa(Landroid/view/ViewGroup;)V < extends Ljava/lang/Object, implements ['Lfdw', 'Lffn', 'Lfex']
COMPONENT CONCAT > Laaew;->c(Latdv;Laadu;)Laadx; < extends Ljava/lang/Object, implements ['Laaeg']
COMPONENT CONCAT > Lamcg;->a()V < extends Ljava/lang/Object, implements []
COMPONENT CONCAT > Lexr;->b(Leyz;)V < extends Ljava/lang/Object, implements ['Leza']
COMPONENT CONCAT > Lroz;->a(I)V < extends Ljava/lang/Object, implements ['Lsso']
COMPONENT CONCAT > Lrpk;->a(I)V < extends Ljava/lang/Object, implements ['Lsso']
COMPONENT CONCAT > Laaey;->c()V < extends Ljava/lang/Object, implements ['Laadt']
COMPONENT CONCAT > Lldh;->d()V < extends Ljava/lang/Object, implements ['Laipx']
COMPONENT CONCAT > Lakwu;->f(Lsy;I)V < extends Ljava/lang/Object, implements []
COMPONENT CONCAT > Lfgg;->H(Leqa;Ljava/lang/Object;Letf;)V < extends Ljava/lang/Object, implements ['Ljava/lang/Cloneable', 'Lfkv', 'Lest', 'Lesd', 'Lesl', 'Lesa']
COMPONENT CONCAT > Laaew;->j()V < extends Ljava/lang/Object, implements ['Laaeg']
COMPONENT CONCAT > Liun;->a(Lsy;)V < extends Ljava/lang/Object, implements ['Lmld']
COMPONENT CONCAT > Lfgg;->D(Leqa;Ljava/lang/Object;Letf;)V < extends Ljava/lang/Object, implements ['Ljava/lang/Cloneable', 'Lfkv', 'Lest', 'Lesd', 'Lesl', 'Lesa']
COMPONENT CONCAT > Lroy;->a(I)V < extends Ljava/lang/Object, implements ['Lsso']
COMPONENT CONCAT > Laadm;->q()Lcom/google/android/libraries/youtube/rendering/ui/widget/loadingframe/LoadingFrameLayout; < extends Ljava/lang/Object, implements ['Laadw', 'Laadv', 'Laalg', 'Laadx']
COMPONENT CONCAT > Lrcq;->u(Lesh;Ljava/lang/Object;)Ljava/lang/Object; < extends Ljava/lang/Object, implements ['Ljava/lang/Cloneable', 'Lfkv', 'Lest', 'Lesd', 'Lesl', 'Lesa']
COMPONENT CONCAT > Llqk;->a(Landroid/view/View;Llpo;)Llpn; < extends Ljava/lang/Object, implements ['Llqo']
COMPONENT CONCAT > Lysm;->accept(Ljava/lang/Object;)V < extends Ljava/lang/Object, implements ['Lbfrg']
COMPONENT CONCAT > Lrpa;->a(I)V < extends Ljava/lang/Object, implements ['Lsso']
COMPONENT CONCAT > Lgzf;->b(J)V < extends Ljava/lang/Object, implements ['Lgxw']
COMPONENT CONCAT > Lambl;->co(Lalro;Ljava/lang/Object;)V < extends Ljava/lang/Object, implements ['Lalrq']
COMPONENT CONCAT > Lfjk;->w(Landroid/content/Context;)Ljava/lang/Object; < extends Ljava/lang/Object, implements ['Ljava/lang/Cloneable', 'Lfkv', 'Lest', 'Lesd', 'Lesl', 'Lesa']
COMPONENT CONCAT > Lesw;->H(Leqa;Ljava/lang/Object;Letf;)V < extends Ljava/lang/Object, implements ['Ljava/lang/Cloneable', 'Lfkv', 'Lest', 'Lesd', 'Lesl', 'Lesa']
COMPONENT CONCAT > Lrkn;->c(Ljava/lang/Object;Lsra;)Lbfpc; < extends Ljava/lang/Object, implements ['Lsrb']
COMPONENT CONCAT > Laaff;->b(I)V < extends Ljava/lang/Object, implements []
COMPONENT CONCAT > Lepy;->p(ILanw;)V < extends Ljava/lang/Object, implements []
COMPONENT CONCAT > Laadd;->get()Ljava/lang/Object; < extends Ljava/lang/Object, implements ['Ljava/util/function/Supplier']
COMPONENT CONCAT > Lerc;->addViewDescription(Lera;Ljava/lang/StringBuilder;IIZZ)V < extends Ljava/lang/Object, implements []
COMPONENT CONCAT > Laaeu;->b(Laxl;)V < extends Ljava/lang/Object, implements ['Lawy']
COMPONENT CONCAT > Lgdl;->a(Lsy;)V < extends Ljava/lang/Object, implements ['Lmld']
COMPONENT CONCAT > Lfhs;->d(Landroid/view/ViewGroup;I)Lsy; < extends Ljava/lang/Object, implements ['Lfhw']
COMPONENT CONCAT > Laaey;->j(Lazov;)V < extends Ljava/lang/Object, implements ['Laadt']
COMPONENT CONCAT > Lamcg;->b(II)V < extends Ljava/lang/Object, implements []
COMPONENT CONCAT > Lgzb;->apply(Ljava/lang/Object;)Ljava/lang/Object; < extends Ljava/lang/Object, implements ['Ljava/util/function/Function']
COMPONENT CONCAT > Lfdn;->ab(II)V < extends Ljava/lang/Object, implements ['Lfbx', 'Lfdw']
COMPONENT CONCAT > Lfkc;->w(Landroid/content/Context;)Ljava/lang/Object; < extends Ljava/lang/Object, implements ['Ljava/lang/Cloneable', 'Lfkv', 'Lest', 'Lesd', 'Lesl', 'Lesa']
COMPONENT CONCAT > Lfgg;->ak(Leqa;Ljava/lang/Object;)V < extends Ljava/lang/Object, implements ['Ljava/lang/Cloneable', 'Lfkv', 'Lest', 'Lesd', 'Lesl', 'Lesa']
COMPONENT CONCAT > Lhyz;->a(Lsy;)V < extends Ljava/lang/Object, implements ['Lmld']
COMPONENT CONCAT > Lrpb;->a(I)V < extends Ljava/lang/Object, implements ['Lsso']
COMPONENT CONCAT > Lalkk;->run()V < extends Ljava/lang/Object, implements ['Lbfrb']
COMPONENT CONCAT > Lfdc;->au(Leqa;)Lepw; < extends Ljava/lang/Object, implements ['Ljava/lang/Cloneable', 'Lfkv', 'Lest', 'Lesd', 'Lesl', 'Lesa']
COMPONENT CONCAT > Lgdp;->dG(Lsy;)V < extends Ljava/lang/Object, implements ['Lgda', 'Lmnd', 'Llpp', 'Lmlj']
COMPONENT CONCAT > Lepy;->j(FF)I < extends Ljava/lang/Object, implements []
COMPONENT CONCAT > Lfdn;->Z(Lewf;IILesh;)V < extends Ljava/lang/Object, implements ['Lfbx', 'Lfdw']
COMPONENT CONCAT > Lfgg;->u(Lesh;Ljava/lang/Object;)Ljava/lang/Object; < extends Ljava/lang/Object, implements ['Ljava/lang/Cloneable', 'Lfkv', 'Lest', 'Lesd', 'Lesl', 'Lesa']
COMPONENT CONCAT > Lgci;->l(Landroid/view/ViewGroup;ILjava/lang/Object;)V < extends Ljava/lang/Object, implements ['Lmnd']
COMPONENT CONCAT > Lrpt;->a()Ljava/lang/Object; < extends Ljava/lang/Object, implements ['Lswz']
COMPONENT CONCAT > Laadp;->h()V < extends Ljava/lang/Object, implements ['Laads']
COMPONENT CONCAT > Llwu;->a(Landroid/view/View;Ljava/lang/Object;)V < extends Ljava/lang/Object, implements []
COMPONENT CONCAT > Lfgl;->a(J)V < extends Ljava/lang/Object, implements []
COMPONENT CONCAT > Lesw;->D(Leqa;Ljava/lang/Object;Letf;)V < extends Ljava/lang/Object, implements ['Ljava/lang/Cloneable', 'Lfkv', 'Lest', 'Lesd', 'Lesl', 'Lesa']
COMPONENT CONCAT > Lesw;->al(Leqa;Ljava/lang/Object;)V < extends Ljava/lang/Object, implements ['Ljava/lang/Cloneable', 'Lfkv', 'Lest', 'Lesd', 'Lesl', 'Lesa']
COMPONENT CONCAT > Lcom/facebook/litho/TestItem;->getHost()Lcom/facebook/litho/ComponentHost; < extends Ljava/lang/Object, implements []
COMPONENT CONCAT > Lesw;->w(Landroid/content/Context;)Ljava/lang/Object; < extends Ljava/lang/Object, implements ['Ljava/lang/Cloneable', 'Lfkv', 'Lest', 'Lesd', 'Lesl', 'Lesa']
COMPONENT CONCAT > Lfdc;->ao(Lesk;Ljava/lang/Object;)V < extends Ljava/lang/Object, implements ['Ljava/lang/Cloneable', 'Lfkv', 'Lest', 'Lesd', 'Lesl', 'Lesa']
COMPONENT CONCAT > Lldh;->c()V < extends Ljava/lang/Object, implements ['Laipx']
COMPONENT CONCAT > Laaer;->accept(Ljava/lang/Object;)V < extends Ljava/lang/Object, implements ['Lbfrg']
COMPONENT CONCAT > Lcom/facebook/litho/LithoViewTestHelper;->viewToStringForE2E(Landroid/view/View;IZ)Ljava/lang/String; < extends Ljava/lang/Object, implements []
COMPONENT CONCAT > Lrgz;->d(Landroid/support/v7/widget/RecyclerView;)V < extends Ljava/lang/Object, implements ['Lswt']
COMPONENT CONCAT > Lfid;->a(ILfgq;)V < extends Ljava/lang/Object, implements ['Lfie']
COMPONENT CONCAT > Lqzt;->onError(Lio/grpc/Status;)Lio/grpc/Status; < extends Ljava/lang/Object, implements []
COMPONENT CONCAT > Lcom/facebook/litho/LithoViewTestHelper;->viewToString(Leup;)Ljava/lang/String; < extends Ljava/lang/Object, implements []
COMPONENT CONCAT > Lrpj;->a(I)V < extends Ljava/lang/Object, implements ['Lsso']
COMPONENT CONCAT > Lfgv;->a(IIZ)V < extends Ljava/lang/Object, implements ['Leqs']
COMPONENT CONCAT > Laagm;->accept(Ljava/lang/Object;)V < extends Ljava/lang/Object, implements ['Lbfrg']
COMPONENT CONCAT > Lakwe;->co(Lalro;Ljava/lang/Object;)V < extends Ljava/lang/Object, implements ['Lalrq']
COMPONENT CONCAT > Lgsq;->c(Landroid/support/v7/widget/RecyclerView;Landroidx/swiperefreshlayout/widget/SwipeRefreshLayout;Labxk;Laagf;Lacrb;Lalyt;)Lalyh; < extends Ljava/lang/Object, implements ['Laaml']
COMPONENT CONCAT > Lqzp;->i(Lesh;Ljava/lang/Object;)Ljava/lang/Object; < extends Ljava/lang/Object, implements ['Ljava/lang/Cloneable', 'Lest', 'Lesa', 'Lesd', 'Lesl']
