COMPONENT CONCAT > Lcom/adpmobile/android/offlinepunch/model/OfflinePunchManager;->updateSelectedMultipositionId(Ljava/lang/String;)V < extends Ljava/lang/Object, implements ['Lcom/adpmobile/android/offlinepunch/k', 'Lcom/adpmobile/android/networking/b0']
COMPONENT CONCAT > Lcom/adpmobile/android/auth/ui/AuthAppActivity;->onCreate(Landroid/os/Bundle;)V < extends Landroidx/appcompat/app/AppCompatActivity, implements ['Lk6/j', 'Lp4/a', 'Lcom/adpmobile/android/auth/j', 'Lp4/b', 'Lcom/adpmobile/android/sso/e', 'Lcom/adpmobile/android/auth/e', 'Lp4/h', 'Landroidx/appcompat/app/d', 'Landroidx/core/app/w$a', 'Landroidx/appcompat/app/b$c']
COMPONENT CONCAT > Lcom/adpmobile/android/ui/IntentForwardingActivity$b;->a(Z)V < extends Ljava/lang/Object, implements ['Lri/l', 'Lkotlin/jvm/internal/FunctionBase', 'Ljava/io/Serializable']
COMPONENT CONCAT > Lcom/adpmobile/android/auth/i;->Q(Lcom/adpmobile/android/models/user/UserResponse;)V < extends Ljava/lang/Object, implements ['Lcom/adpmobile/android/auth/d']
COMPONENT CONCAT > Lcom/adpmobile/android/flutter/j;->W(Lcom/adp/myadp/flutter/myadp_shared_plugin/nativeapi/NativeApi$z2;)Lcom/adp/myadp/flutter/myadp_shared_plugin/nativeapi/NativeApi$i3; < extends Ljava/lang/Object, implements ['Lcom/adp/myadp/flutter/myadp_shared_plugin/nativeapi/NativeApi$z0', 'Lcom/adp/myadp/flutter/myadp_shared_plugin/nativeapi/NativeApi$e', 'Lcom/adp/myadp/flutter/myadp_shared_plugin/nativeapi/NativeApi$i', 'Lcom/adp/mobilechat/bridge/FlutterFace']
COMPONENT CONCAT > La6/a;->N(Z)V < extends Ljava/lang/Object, implements []
COMPONENT CONCAT > Lcom/adpmobile/android/auth/i;->p(Ljava/lang/String;)Lcom/adpmobile/android/models/user/UserResponse; < extends Ljava/lang/Object, implements ['Lcom/adpmobile/android/auth/d']
COMPONENT CONCAT > Lcom/adpmobile/android/offlinepunch/model/OfflinePunchManager;->access$getUserData(Lcom/adpmobile/android/offlinepunch/model/OfflinePunchManager;Ljava/lang/String;)Lcom/adpmobile/android/offlinepunch/model/OfflinePunchUserData; < extends Ljava/lang/Object, implements ['Lcom/adpmobile/android/offlinepunch/k', 'Lcom/adpmobile/android/networking/b0']
COMPONENT CONCAT > Lcom/adpmobile/android/offlinepunch/model/OfflinePunchManager;->setMMultipositionSelectedWorkAssignment(Ljava/lang/String;)V < extends Ljava/lang/Object, implements ['Lcom/adpmobile/android/offlinepunch/k', 'Lcom/adpmobile/android/networking/b0']
COMPONENT CONCAT > Lcom/adpmobile/android/offlinepunch/model/OfflinePunchManager;->updateOfflineMeta(Ljava/lang/String;Ljava/lang/String;Ljava/lang/String;)Z < extends Ljava/lang/Object, implements ['Lcom/adpmobile/android/offlinepunch/k', 'Lcom/adpmobile/android/networking/b0']
COMPONENT CONCAT > Lcom/adpmobile/android/offlinepunch/model/OfflinePunchManager;->access$getUserData(Lcom/adpmobile/android/offlinepunch/model/OfflinePunchManager;)Lcom/adpmobile/android/offlinepunch/model/OfflinePunchUserData; < extends Ljava/lang/Object, implements ['Lcom/adpmobile/android/offlinepunch/k', 'Lcom/adpmobile/android/networking/b0']
COMPONENT CONCAT > Lcom/adpmobile/android/auth/b$h$a;->a(Lcom/adpmobile/android/networking/tokenauth/MobileToken;)V < extends Ljava/lang/Object, implements ['Lri/l', 'Lkotlin/jvm/internal/FunctionBase', 'Ljava/io/Serializable']
COMPONENT CONCAT > Lcom/adpmobile/android/auth/b;->q0(Z)V < extends Ljava/lang/Object, implements []
COMPONENT CONCAT > Lcom/adpmobile/android/auth/b;->i0(Ljava/lang/String;Ljava/lang/String;Lkotlin/coroutines/d;)Ljava/lang/Object; < extends Ljava/lang/Object, implements []
COMPONENT CONCAT > Lcom/adpmobile/android/offlinepunch/model/OfflinePunchManager$beginPulse$1;->invokeSuspend(Ljava/lang/Object;)Ljava/lang/Object; < extends Ljava/lang/Object, implements ['Lri/p', 'Lkotlin/jvm/internal/FunctionBase', 'Lkotlin/coroutines/d', 'Lkotlin/coroutines/jvm/internal/e', 'Ljava/io/Serializable']
COMPONENT CONCAT > Lcom/adpmobile/android/flutter/j;->X(Lcom/adp/myadp/flutter/myadp_shared_plugin/nativeapi/NativeApi$c1;)V < extends Ljava/lang/Object, implements ['Lcom/adp/myadp/flutter/myadp_shared_plugin/nativeapi/NativeApi$z0', 'Lcom/adp/myadp/flutter/myadp_shared_plugin/nativeapi/NativeApi$e', 'Lcom/adp/myadp/flutter/myadp_shared_plugin/nativeapi/NativeApi$i', 'Lcom/adp/mobilechat/bridge/FlutterFace']
COMPONENT CONCAT > Lcom/adpmobile/android/auth/i;->w(Ljava/lang/String;)V < extends Ljava/lang/Object, implements ['Lcom/adpmobile/android/auth/d']
COMPONENT CONCAT > Lcom/adpmobile/android/ui/BaseActivity;->W2()V < extends Landroidx/appcompat/app/AppCompatActivity, implements ['Lp4/h', 'Landroidx/appcompat/app/d', 'Landroidx/core/app/w$a', 'Landroidx/appcompat/app/b$c']
COMPONENT CONCAT > Lcom/adpmobile/android/ui/IntentForwardingActivity;->a3(Landroid/content/Intent;)V < extends Landroidx/appcompat/app/AppCompatActivity, implements ['Landroidx/appcompat/app/d', 'Landroidx/core/app/w$a', 'Landroidx/appcompat/app/b$c']
COMPONENT CONCAT > Lcom/adpmobile/android/auth/h$b$c$a;->invokeSuspend(Ljava/lang/Object;)Ljava/lang/Object; < extends Ljava/lang/Object, implements ['Lri/p', 'Lkotlin/jvm/internal/FunctionBase', 'Lkotlin/coroutines/d', 'Lkotlin/coroutines/jvm/internal/e', 'Ljava/io/Serializable']
COMPONENT CONCAT > Lcom/adpmobile/android/offlinepunch/jobs/PunchSyncJob$b;->invokeSuspend(Ljava/lang/Object;)Ljava/lang/Object; < extends Ljava/lang/Object, implements ['Lri/p', 'Lkotlin/jvm/internal/FunctionBase', 'Lkotlin/coroutines/d', 'Lkotlin/coroutines/jvm/internal/e', 'Ljava/io/Serializable']
COMPONENT CONCAT > Lcom/adpmobile/android/auth/i;->b0(ZZLjava/lang/String;)V < extends Ljava/lang/Object, implements ['Lcom/adpmobile/android/auth/d']
COMPONENT CONCAT > Lcom/adpmobile/android/flutter/j;->u(Lcom/adp/myadp/flutter/myadp_shared_plugin/nativeapi/NativeApi$k2;)Lcom/adp/myadp/flutter/myadp_shared_plugin/nativeapi/NativeApi$i3; < extends Ljava/lang/Object, implements ['Lcom/adp/myadp/flutter/myadp_shared_plugin/nativeapi/NativeApi$z0', 'Lcom/adp/myadp/flutter/myadp_shared_plugin/nativeapi/NativeApi$e', 'Lcom/adp/myadp/flutter/myadp_shared_plugin/nativeapi/NativeApi$i', 'Lcom/adp/mobilechat/bridge/FlutterFace']
COMPONENT CONCAT > Lcom/adpmobile/android/auth/ui/AuthAppActivity;->W2()V < extends Landroidx/appcompat/app/AppCompatActivity, implements ['Lk6/j', 'Lp4/a', 'Lcom/adpmobile/android/auth/j', 'Lp4/b', 'Lcom/adpmobile/android/sso/e', 'Lcom/adpmobile/android/auth/e', 'Lp4/h', 'Landroidx/appcompat/app/d', 'Landroidx/core/app/w$a', 'Landroidx/appcompat/app/b$c']
COMPONENT CONCAT > Lcom/adpmobile/android/flutter/j$m;->invokeSuspend(Ljava/lang/Object;)Ljava/lang/Object; < extends Ljava/lang/Object, implements ['Lri/p', 'Lkotlin/jvm/internal/FunctionBase', 'Lkotlin/coroutines/d', 'Lkotlin/coroutines/jvm/internal/e', 'Ljava/io/Serializable']
COMPONENT CONCAT > Lcom/adpmobile/android/offlinepunch/model/OfflinePunchManager$doPunchSync$3;->invoke(Ljava/lang/Object;Ljava/lang/Object;)Ljava/lang/Object; < extends Ljava/lang/Object, implements ['Lri/p', 'Lkotlin/jvm/internal/FunctionBase', 'Lkotlin/coroutines/d', 'Lkotlin/coroutines/jvm/internal/e', 'Ljava/io/Serializable']
COMPONENT CONCAT > Lcom/adpmobile/android/ui/IntentForwardingActivity;->onCreate(Landroid/os/Bundle;)V < extends Landroidx/appcompat/app/AppCompatActivity, implements ['Landroidx/appcompat/app/d', 'Landroidx/core/app/w$a', 'Landroidx/appcompat/app/b$c']
COMPONENT CONCAT > Lcom/adpmobile/android/endpoints/b;->getApiEndpoint()Ljava/lang/String; < extends Ljava/lang/Object, implements []
COMPONENT CONCAT > Lcom/adpmobile/android/auth/i;->V(Lcom/adpmobile/android/models/journey/ServerSession;Ljava/lang/String;)V < extends Ljava/lang/Object, implements ['Lcom/adpmobile/android/auth/d']
COMPONENT CONCAT > Lcom/adpmobile/android/flutter/j;->g(Lcom/adp/myadp/flutter/myadp_shared_plugin/nativeapi/NativeApi$b3;Lcom/adp/myadp/flutter/myadp_shared_plugin/nativeapi/NativeApi$h2;)V < extends Ljava/lang/Object, implements ['Lcom/adp/myadp/flutter/myadp_shared_plugin/nativeapi/NativeApi$z0', 'Lcom/adp/myadp/flutter/myadp_shared_plugin/nativeapi/NativeApi$e', 'Lcom/adp/myadp/flutter/myadp_shared_plugin/nativeapi/NativeApi$i', 'Lcom/adp/mobilechat/bridge/FlutterFace']
COMPONENT CONCAT > Lcom/adpmobile/android/auth/i;->m0()V < extends Ljava/lang/Object, implements ['Lcom/adpmobile/android/auth/d']
COMPONENT CONCAT > Lcom/adpmobile/android/offlinepunch/jobs/PunchSyncJob;->onStartJob(Landroid/app/job/JobParameters;)Z < extends Landroid/app/job/JobService, implements []
COMPONENT CONCAT > Lcom/adpmobile/android/offlinepunch/model/OfflinePunchManager$offlinePunchBroadcastReceiver$1;->onReceive(Landroid/content/Context;Landroid/content/Intent;)V < extends Landroid/content/BroadcastReceiver, implements []
COMPONENT CONCAT > Lcom/adpmobile/android/offlinepunch/model/OfflinePunchManager_Factory;->get()Ljava/lang/Object; < extends Ljava/lang/Object, implements ['Lzg/c']
COMPONENT CONCAT > Lcom/adpmobile/android/ui/MainActivity$q;->invoke(Ljava/lang/Object;Ljava/lang/Object;)Ljava/lang/Object; < extends Ljava/lang/Object, implements ['Lri/p', 'Lkotlin/jvm/internal/FunctionBase', 'Lkotlin/coroutines/d', 'Lkotlin/coroutines/jvm/internal/e', 'Ljava/io/Serializable']
COMPONENT CONCAT > Lcom/adpmobile/android/ADPMobileApplication$i;->invoke(Lkotlinx/coroutines/l0;Lkotlin/coroutines/d;)Ljava/lang/Object; < extends Ljava/lang/Object, implements ['Lri/p', 'Lkotlin/jvm/internal/FunctionBase', 'Lkotlin/coroutines/d', 'Lkotlin/coroutines/jvm/internal/e', 'Ljava/io/Serializable']
COMPONENT CONCAT > Lcom/adpmobile/android/auth/i;->Q0(Lkotlin/coroutines/d;)Ljava/lang/Object; < extends Ljava/lang/Object, implements ['Lcom/adpmobile/android/auth/d']
COMPONENT CONCAT > Lcom/adpmobile/android/flutter/j$a;->invokeSuspend(Ljava/lang/Object;)Ljava/lang/Object; < extends Ljava/lang/Object, implements ['Lri/p', 'Lkotlin/jvm/internal/FunctionBase', 'Lkotlin/coroutines/d', 'Lkotlin/coroutines/jvm/internal/e', 'Ljava/io/Serializable']
COMPONENT CONCAT > Lcom/adpmobile/android/auth/i;->R0()V < extends Ljava/lang/Object, implements ['Lcom/adpmobile/android/auth/d']
COMPONENT CONCAT > Lcom/adpmobile/android/plugins/AuthPlugin;->execute(Ljava/lang/String;Ljava/lang/String;Lorg/apache/cordova/CallbackContext;)Z < extends Ljava/lang/Object, implements ['Lkotlinx/coroutines/l0']
COMPONENT CONCAT > Lcom/adpmobile/android/offlinepunch/h;->b(Lkotlin/coroutines/d;)Ljava/lang/Object; < extends Ljava/lang/Object, implements ['Lcom/adpmobile/android/offlinepunch/e']
COMPONENT CONCAT > Lcom/adpmobile/android/flutter/j;->openDocumentRequest(Ljava/lang/String;Ljava/lang/String;Ljava/lang/String;)V < extends Ljava/lang/Object, implements ['Lcom/adp/myadp/flutter/myadp_shared_plugin/nativeapi/NativeApi$z0', 'Lcom/adp/myadp/flutter/myadp_shared_plugin/nativeapi/NativeApi$e', 'Lcom/adp/myadp/flutter/myadp_shared_plugin/nativeapi/NativeApi$i', 'Lcom/adp/mobilechat/bridge/FlutterFace']
COMPONENT CONCAT > Lcom/adpmobile/android/offlinepunch/ui/f0;->C()V < extends Ljava/lang/Object, implements ['Lcom/adpmobile/android/offlinepunch/f']
COMPONENT CONCAT > Lcom/adpmobile/android/auth/i;->v()Z < extends Ljava/lang/Object, implements ['Lcom/adpmobile/android/auth/d']
COMPONENT CONCAT > Lcom/adpmobile/android/auth/ui/h;->a(Landroid/content/Context;Lk6/c;Lcom/adpmobile/android/models/wizard/Target;)V < extends Ljava/lang/Object, implements ['Lk6/b$a']
COMPONENT CONCAT > Lcom/adpmobile/android/offlinepunch/model/transfer/OnlinePunchTransferCodes;->downloadAdditionalCodes$default(Lcom/adpmobile/android/offlinepunch/model/transfer/OnlinePunchTransferCodes;Lcom/adpmobile/android/offlinepunch/model/OfflinePunchMeta;La6/a;Lcom/adpmobile/android/networking/k;Ljava/lang/String;Ljava/lang/String;Ljava/lang/String;Lkotlin/coroutines/d;ILjava/lang/Object;)Ljava/lang/Object; < extends Ljava/lang/Object, implements []
COMPONENT CONCAT > Lcom/adpmobile/android/auth/ui/c0;->a(Landroid/content/Context;Lk6/c;Lcom/adpmobile/android/models/wizard/Target;)V < extends Ljava/lang/Object, implements ['Lk6/b$a']
COMPONENT CONCAT > Lcom/adpmobile/android/auth/ui/d0;->a(Landroid/content/Context;Lk6/c;Lcom/adpmobile/android/models/wizard/Target;)V < extends Ljava/lang/Object, implements ['Lk6/b$a']
COMPONENT CONCAT > Lcom/adpmobile/android/networking/interceptors/d;->intercept(Lokhttp3/Interceptor$Chain;)Lokhttp3/Response; < extends Ljava/lang/Object, implements ['Lokhttp3/Interceptor']
COMPONENT CONCAT > Lcom/adpmobile/android/plugins/RESTPlugin;->execute(Ljava/lang/String;Ljava/lang/String;Lorg/apache/cordova/CallbackContext;)Z < extends Ljava/lang/Object, implements ['Lkotlinx/coroutines/l0']
COMPONENT CONCAT > Lcom/adpmobile/android/networking/interceptors/c;->intercept(Lokhttp3/Interceptor$Chain;)Lokhttp3/Response; < extends Ljava/lang/Object, implements ['Lokhttp3/Interceptor']
COMPONENT CONCAT > Lcom/adpmobile/android/flutter/j;->T(Lcom/adp/myadp/flutter/myadp_shared_plugin/nativeapi/NativeApi$j3;Lcom/adp/myadp/flutter/myadp_shared_plugin/nativeapi/NativeApi$h2;)V < extends Ljava/lang/Object, implements ['Lcom/adp/myadp/flutter/myadp_shared_plugin/nativeapi/NativeApi$z0', 'Lcom/adp/myadp/flutter/myadp_shared_plugin/nativeapi/NativeApi$e', 'Lcom/adp/myadp/flutter/myadp_shared_plugin/nativeapi/NativeApi$i', 'Lcom/adp/mobilechat/bridge/FlutterFace']
COMPONENT CONCAT > Lcom/adpmobile/android/flutter/j;->e(Lcom/adp/myadp/flutter/myadp_shared_plugin/nativeapi/NativeApi$d0;Lcom/adp/myadp/flutter/myadp_shared_plugin/nativeapi/NativeApi$h2;)V < extends Ljava/lang/Object, implements ['Lcom/adp/myadp/flutter/myadp_shared_plugin/nativeapi/NativeApi$z0', 'Lcom/adp/myadp/flutter/myadp_shared_plugin/nativeapi/NativeApi$e', 'Lcom/adp/myadp/flutter/myadp_shared_plugin/nativeapi/NativeApi$i', 'Lcom/adp/mobilechat/bridge/FlutterFace']
COMPONENT CONCAT > Lcom/adpmobile/android/flutter/j;->O(Lcom/adp/myadp/flutter/myadp_shared_plugin/nativeapi/NativeApi$f0;Lcom/adp/myadp/flutter/myadp_shared_plugin/nativeapi/NativeApi$h2;)V < extends Ljava/lang/Object, implements ['Lcom/adp/myadp/flutter/myadp_shared_plugin/nativeapi/NativeApi$z0', 'Lcom/adp/myadp/flutter/myadp_shared_plugin/nativeapi/NativeApi$e', 'Lcom/adp/myadp/flutter/myadp_shared_plugin/nativeapi/NativeApi$i', 'Lcom/adp/mobilechat/bridge/FlutterFace']
COMPONENT CONCAT > Lcom/adpmobile/android/chat/a;->sendAgentMessageNotification()Z < extends Ljava/lang/Object, implements ['Lcom/adp/mobilechat/ADPChat$ChatInteractionHandler', 'Lcom/adp/mobilechat/ADPChat$ChatLifecycleHandler', 'Lcom/adp/mobilechat/ADPChat$BackgroundMessageHandler']
COMPONENT CONCAT > Lcom/adpmobile/android/offlinepunch/ui/f0;->i0(ILcom/adpmobile/android/offlinepunch/model/TransferPunch;Ljava/lang/String;)V < extends Ljava/lang/Object, implements ['Lcom/adpmobile/android/offlinepunch/f']
COMPONENT CONCAT > Lcom/adpmobile/android/auth/i;->J(Lcom/adpmobile/android/models/user/UserResponse;)Z < extends Ljava/lang/Object, implements ['Lcom/adpmobile/android/auth/d']
COMPONENT CONCAT > Lcom/adpmobile/android/auth/i;->j(Lcom/adpmobile/android/models/journey/ServerSession;)Z < extends Ljava/lang/Object, implements ['Lcom/adpmobile/android/auth/d']
COMPONENT CONCAT > Lcom/adpmobile/android/offlinepunch/ui/transfer/OfflineTransferFragment;->onCreateView(Landroid/view/LayoutInflater;Landroid/view/ViewGroup;Landroid/os/Bundle;)Landroid/view/View; < extends Landroidx/fragment/app/Fragment, implements ['Landroid/content/ComponentCallbacks', 'Landroid/view/View$OnCreateContextMenuListener', 'Landroidx/lifecycle/LifecycleOwner', 'Landroidx/lifecycle/ViewModelStoreOwner', 'Landroidx/lifecycle/HasDefaultViewModelProviderFactory', 'Lo2/f']
COMPONENT CONCAT > Lcom/adpmobile/android/auth/i;->M()V < extends Ljava/lang/Object, implements ['Lcom/adpmobile/android/auth/d']
COMPONENT CONCAT > Lcom/adpmobile/android/offlinepunch/model/OnlinePunchManager;->getTransferCodes(Lcom/adpmobile/android/networking/tokenauth/e;Lkotlin/coroutines/d;)Ljava/lang/Object; < extends Ljava/lang/Object, implements ['Lcom/adpmobile/android/offlinepunch/k']
COMPONENT CONCAT > Lcom/adpmobile/android/DataBinderMapperImpl;->getDataBinder(Landroidx/databinding/e;Landroid/view/View;I)Landroidx/databinding/p; < extends Landroidx/databinding/d, implements []
COMPONENT CONCAT > Lcom/adpmobile/android/offlinepunch/model/OfflinePunchMetaFull;->getClockEntriesUrl$default(Lcom/adpmobile/android/offlinepunch/model/OfflinePunchMetaFull;La6/a;Lcom/adpmobile/android/networking/tokenauth/e;Ljava/lang/String;Ljava/lang/String;ILjava/lang/Object;)Ljava/lang/String; < extends Ljava/lang/Object, implements []
COMPONENT CONCAT > Lcom/adpmobile/android/auth/ui/c;->a(Landroid/content/Context;Lk6/c;Lcom/adpmobile/android/models/wizard/Target;)V < extends Ljava/lang/Object, implements ['Lk6/b$a']
COMPONENT CONCAT > Lcom/adpmobile/android/flutter/j;->m(Lcom/adp/myadp/flutter/myadp_shared_plugin/nativeapi/NativeApi$p;Lcom/adp/myadp/flutter/myadp_shared_plugin/nativeapi/NativeApi$h2;)V < extends Ljava/lang/Object, implements ['Lcom/adp/myadp/flutter/myadp_shared_plugin/nativeapi/NativeApi$z0', 'Lcom/adp/myadp/flutter/myadp_shared_plugin/nativeapi/NativeApi$e', 'Lcom/adp/myadp/flutter/myadp_shared_plugin/nativeapi/NativeApi$i', 'Lcom/adp/mobilechat/bridge/FlutterFace']
COMPONENT CONCAT > Lcom/adpmobile/android/flutter/j;->u0(Lcom/adp/myadp/flutter/myadp_shared_plugin/nativeapi/NativeApi$d0;Lcom/adp/myadp/flutter/myadp_shared_plugin/nativeapi/NativeApi$h2;)V < extends Ljava/lang/Object, implements ['Lcom/adp/myadp/flutter/myadp_shared_plugin/nativeapi/NativeApi$z0', 'Lcom/adp/myadp/flutter/myadp_shared_plugin/nativeapi/NativeApi$e', 'Lcom/adp/myadp/flutter/myadp_shared_plugin/nativeapi/NativeApi$i', 'Lcom/adp/mobilechat/bridge/FlutterFace']
COMPONENT CONCAT > Lcom/adpmobile/android/offlinepunch/ui/f0;->g0(Ljava/lang/Object;)V < extends Ljava/lang/Object, implements ['Lcom/adpmobile/android/offlinepunch/f']
COMPONENT CONCAT > Lcom/adpmobile/android/auth/ui/b0;->a(Landroid/content/Context;Lk6/c;Lcom/adpmobile/android/models/wizard/Target;)V < extends Ljava/lang/Object, implements ['Lk6/b$a']
COMPONENT CONCAT > Lcom/adpmobile/android/auth/ui/z;->a(Landroid/content/Context;Lk6/c;Lcom/adpmobile/android/models/wizard/Target;)V < extends Ljava/lang/Object, implements ['Lk6/b$a']
COMPONENT CONCAT > Lcom/adpmobile/android/auth/i;->W()V < extends Ljava/lang/Object, implements ['Lcom/adpmobile/android/auth/d']
COMPONENT CONCAT > Lcom/adpmobile/android/ui/ADPCropImageActivity;-><init>()V < extends Landroidx/appcompat/app/AppCompatActivity, implements ['Lcom/theartofdev/edmodo/cropper/CropImageView$i', 'Lcom/theartofdev/edmodo/cropper/CropImageView$e', 'Lp4/h', 'Landroidx/appcompat/app/d', 'Landroidx/core/app/w$a', 'Landroidx/appcompat/app/b$c']
COMPONENT CONCAT > Lcom/adpmobile/android/offlinepunch/ui/f0;->j0(Ljava/lang/String;)V < extends Ljava/lang/Object, implements ['Lcom/adpmobile/android/offlinepunch/f']
COMPONENT CONCAT > Lcom/adpmobile/android/offlinepunch/ui/f0;->B()V < extends Ljava/lang/Object, implements ['Lcom/adpmobile/android/offlinepunch/f']
COMPONENT CONCAT > Lcom/adpmobile/android/offlinepunch/ui/f0;->K()V < extends Ljava/lang/Object, implements ['Lcom/adpmobile/android/offlinepunch/f']
COMPONENT CONCAT > Lcom/adpmobile/android/models/AppContext_Factory;->get()Ljava/lang/Object; < extends Ljava/lang/Object, implements ['Lzg/c']
COMPONENT CONCAT > Lcom/adpmobile/android/flutter/j;->F(Lcom/adp/myadp/flutter/myadp_shared_plugin/nativeapi/NativeApi$w0;Lcom/adp/myadp/flutter/myadp_shared_plugin/nativeapi/NativeApi$h2;)V < extends Ljava/lang/Object, implements ['Lcom/adp/myadp/flutter/myadp_shared_plugin/nativeapi/NativeApi$z0', 'Lcom/adp/myadp/flutter/myadp_shared_plugin/nativeapi/NativeApi$e', 'Lcom/adp/myadp/flutter/myadp_shared_plugin/nativeapi/NativeApi$i', 'Lcom/adp/mobilechat/bridge/FlutterFace']
COMPONENT CONCAT > Lcom/adpmobile/android/plugins/ActionPlugin;->onActivityResult(IILandroid/content/Intent;)V < extends Ljava/lang/Object, implements ['Lkotlinx/coroutines/l0']
COMPONENT CONCAT > Lcom/adpmobile/android/offlinepunch/model/transfer/OnlinePunchTransferCodes;->downloadAdditionalCodes$default(Lcom/adpmobile/android/offlinepunch/model/transfer/OnlinePunchTransferCodes;Lcom/adpmobile/android/offlinepunch/model/ListItem;La6/a;Lcom/adpmobile/android/networking/k;Ljava/lang/String;Ljava/lang/String;Lkotlin/coroutines/d;ILjava/lang/Object;)Ljava/lang/Object; < extends Ljava/lang/Object, implements []
COMPONENT CONCAT > Lcom/adpmobile/android/injection/modules/p;->get()Ljava/lang/Object; < extends Ljava/lang/Object, implements ['Lzg/c']
COMPONENT CONCAT > Lcom/adpmobile/android/offlinepunch/model/OnlinePunchManager;->getAdditionalTransferCodes(Lcom/adpmobile/android/networking/tokenauth/e;Lkotlin/coroutines/d;)Ljava/lang/Object; < extends Ljava/lang/Object, implements ['Lcom/adpmobile/android/offlinepunch/k']
COMPONENT CONCAT > Lcom/adpmobile/android/flutter/filemanagement/CustomBottomSheetDialogFragment;->onAttach(Landroid/content/Context;)V < extends Landroidx/appcompat/app/AppCompatDialogFragment, implements []
COMPONENT CONCAT > Lcom/adpmobile/android/models/journey/controllers/ActionController;->invoke(Lp4/f;)V < extends Ljava/lang/Object, implements []
COMPONENT CONCAT > Lcom/adpmobile/android/auth/i;->g0(Ljava/lang/Object;)V < extends Ljava/lang/Object, implements ['Lcom/adpmobile/android/auth/d']
COMPONENT CONCAT > Lcom/adpmobile/android/push/g;->onComplete(Lvb/h;)V < extends Ljava/lang/Object, implements ['Lvb/d']
COMPONENT CONCAT > Lcom/adpmobile/android/auth/ui/d;->a(Landroid/content/Context;Lk6/c;Lcom/adpmobile/android/models/wizard/Target;)V < extends Ljava/lang/Object, implements ['Lk6/b$a']
COMPONENT CONCAT > Lcom/adpmobile/android/offlinepunch/jobs/MetaFetchJob;->onStartJob(Landroid/app/job/JobParameters;)Z < extends Landroid/app/job/JobService, implements []
COMPONENT CONCAT > Lcom/adpmobile/android/flutter/j;->h(Lcom/adp/myadp/flutter/myadp_shared_plugin/nativeapi/NativeApi$l2;Lcom/adp/myadp/flutter/myadp_shared_plugin/nativeapi/NativeApi$h2;)V < extends Ljava/lang/Object, implements ['Lcom/adp/myadp/flutter/myadp_shared_plugin/nativeapi/NativeApi$z0', 'Lcom/adp/myadp/flutter/myadp_shared_plugin/nativeapi/NativeApi$e', 'Lcom/adp/myadp/flutter/myadp_shared_plugin/nativeapi/NativeApi$i', 'Lcom/adp/mobilechat/bridge/FlutterFace']
COMPONENT CONCAT > Lcom/adpmobile/android/plugins/ActionPlugin;->execute(Ljava/lang/String;Lorg/json/JSONArray;Lorg/apache/cordova/CallbackContext;)Z < extends Ljava/lang/Object, implements ['Lkotlinx/coroutines/l0']
COMPONENT CONCAT > Lcom/adpmobile/android/auth/i;->f0(Ljava/lang/String;)V < extends Ljava/lang/Object, implements ['Lcom/adpmobile/android/auth/d']
COMPONENT CONCAT > Lcom/adpmobile/android/flutter/j;->b(Lcom/adp/myadp/flutter/myadp_shared_plugin/nativeapi/NativeApi$y;Lcom/adp/myadp/flutter/myadp_shared_plugin/nativeapi/NativeApi$h2;)V < extends Ljava/lang/Object, implements ['Lcom/adp/myadp/flutter/myadp_shared_plugin/nativeapi/NativeApi$z0', 'Lcom/adp/myadp/flutter/myadp_shared_plugin/nativeapi/NativeApi$e', 'Lcom/adp/myadp/flutter/myadp_shared_plugin/nativeapi/NativeApi$i', 'Lcom/adp/mobilechat/bridge/FlutterFace']
COMPONENT CONCAT > Lcom/adpmobile/android/auth/i;->U(Lcom/adpmobile/android/models/user/UserResponse;)Z < extends Ljava/lang/Object, implements ['Lcom/adpmobile/android/auth/d']
COMPONENT CONCAT > Lcom/adpmobile/android/endpoints/b;->getApiEndpoint(Ljava/lang/String;)Ljava/lang/String; < extends Ljava/lang/Object, implements []
COMPONENT CONCAT > Lcom/adpmobile/android/flutter/j;->a(Lcom/adp/myadp/flutter/myadp_shared_plugin/nativeapi/NativeApi$w2;)Lcom/adp/myadp/flutter/myadp_shared_plugin/nativeapi/NativeApi$i3; < extends Ljava/lang/Object, implements ['Lcom/adp/myadp/flutter/myadp_shared_plugin/nativeapi/NativeApi$z0', 'Lcom/adp/myadp/flutter/myadp_shared_plugin/nativeapi/NativeApi$e', 'Lcom/adp/myadp/flutter/myadp_shared_plugin/nativeapi/NativeApi$i', 'Lcom/adp/mobilechat/bridge/FlutterFace']
COMPONENT CONCAT > Ll6/d;->b(Lcom/adpmobile/android/ui/WizardFragment;Lcom/adpmobile/android/models/wizard/Slide;Lk6/c$c;)Landroid/view/View; < extends Ljava/lang/Object, implements []
COMPONENT CONCAT > Lcom/adpmobile/android/qr/ui/QrScannerFragment;->onCreate(Landroid/os/Bundle;)V < extends Landroidx/fragment/app/Fragment, implements ['Lr7/a$a', 'Landroid/content/ComponentCallbacks', 'Landroid/view/View$OnCreateContextMenuListener', 'Landroidx/lifecycle/LifecycleOwner', 'Landroidx/lifecycle/ViewModelStoreOwner', 'Landroidx/lifecycle/HasDefaultViewModelProviderFactory', 'Lo2/f']
COMPONENT CONCAT > Lcom/adpmobile/android/flutter/j;->G(Lcom/adp/myadp/flutter/myadp_shared_plugin/nativeapi/NativeApi$s;Lcom/adp/myadp/flutter/myadp_shared_plugin/nativeapi/NativeApi$h2;)V < extends Ljava/lang/Object, implements ['Lcom/adp/myadp/flutter/myadp_shared_plugin/nativeapi/NativeApi$z0', 'Lcom/adp/myadp/flutter/myadp_shared_plugin/nativeapi/NativeApi$e', 'Lcom/adp/myadp/flutter/myadp_shared_plugin/nativeapi/NativeApi$i', 'Lcom/adp/mobilechat/bridge/FlutterFace']
COMPONENT CONCAT > Lcom/adpmobile/android/plugins/CompanionAppPlugin;->execute(Ljava/lang/String;Lorg/json/JSONArray;Lorg/apache/cordova/CallbackContext;)Z < extends Ljava/lang/Object, implements ['Lkotlinx/coroutines/l0']
COMPONENT CONCAT > Lcom/adpmobile/android/ui/WizardingCordovaViewActivity;->onCreate(Landroid/os/Bundle;)V < extends Landroidx/appcompat/app/AppCompatActivity, implements ['Lk6/j', 'Lp4/d', 'Lp4/b', 'Lcom/adpmobile/android/ui/t', 'Lp4/c', 'Lp4/a', 'Lp4/h', 'Landroidx/appcompat/app/d', 'Landroidx/core/app/w$a', 'Landroidx/appcompat/app/b$c']
COMPONENT CONCAT > Lcom/adpmobile/android/networking/interceptors/a;->intercept(Lokhttp3/Interceptor$Chain;)Lokhttp3/Response; < extends Ljava/lang/Object, implements ['Lokhttp3/Interceptor']
COMPONENT CONCAT > Lcom/adpmobile/android/flutter/t;->get()Ljava/lang/Object; < extends Ljava/lang/Object, implements ['Lzg/c']
COMPONENT CONCAT > Lcom/adpmobile/android/chat/a;->scheduleChatClosingNotification(J)Z < extends Ljava/lang/Object, implements ['Lcom/adp/mobilechat/ADPChat$ChatInteractionHandler', 'Lcom/adp/mobilechat/ADPChat$ChatLifecycleHandler', 'Lcom/adp/mobilechat/ADPChat$BackgroundMessageHandler']
COMPONENT CONCAT > Lcom/adpmobile/android/webview/k;->get()Ljava/lang/Object; < extends Ljava/lang/Object, implements ['Lzg/c']
COMPONENT CONCAT > Lcom/adpmobile/android/offlinepunch/ui/f0;->u(Ljava/lang/String;)V < extends Ljava/lang/Object, implements ['Lcom/adpmobile/android/offlinepunch/f']
COMPONENT CONCAT > Lcom/adpmobile/android/chat/a;->doOutboundSSOCall(Ljava/lang/String;Ljava/lang/String;Ljava/util/Map;)Ljava/lang/String; < extends Ljava/lang/Object, implements ['Lcom/adp/mobilechat/ADPChat$ChatInteractionHandler', 'Lcom/adp/mobilechat/ADPChat$ChatLifecycleHandler', 'Lcom/adp/mobilechat/ADPChat$BackgroundMessageHandler']
COMPONENT CONCAT > Lcom/adpmobile/android/offlinepunch/model/OfflinePunchMetaFull;->getClockPunchUrl$default(Lcom/adpmobile/android/offlinepunch/model/OfflinePunchMetaFull;La6/a;Lcom/adpmobile/android/networking/tokenauth/e;Ljava/lang/String;Ljava/lang/String;Ljava/lang/Boolean;ILjava/lang/Object;)Ljava/lang/String; < extends Ljava/lang/Object, implements []
COMPONENT CONCAT > Lcom/adpmobile/android/auth/h;->g0(Ljava/lang/Object;)V < extends Ljava/lang/Object, implements ['Lcom/adpmobile/android/auth/f']
COMPONENT CONCAT > Lcom/adpmobile/android/ui/WizardingCordovaViewActivity;-><init>()V < extends Landroidx/appcompat/app/AppCompatActivity, implements ['Lk6/j', 'Lp4/d', 'Lp4/b', 'Lcom/adpmobile/android/ui/t', 'Lp4/c', 'Lp4/a', 'Lp4/h', 'Landroidx/appcompat/app/d', 'Landroidx/core/app/w$a', 'Landroidx/appcompat/app/b$c']
COMPONENT CONCAT > Lcom/adpmobile/android/ui/ADPCropImageActivity;->onCreate(Landroid/os/Bundle;)V < extends Landroidx/appcompat/app/AppCompatActivity, implements ['Lcom/theartofdev/edmodo/cropper/CropImageView$i', 'Lcom/theartofdev/edmodo/cropper/CropImageView$e', 'Lp4/h', 'Landroidx/appcompat/app/d', 'Landroidx/core/app/w$a', 'Landroidx/appcompat/app/b$c']
COMPONENT CONCAT > Lcom/adpmobile/android/offlinepunch/model/OfflinePunchManager;->addPunch$default(Lcom/adpmobile/android/offlinepunch/model/OfflinePunchManager;Lcom/adpmobile/android/offlinepunch/model/ClockPunch;Lcom/adpmobile/android/networking/tokenauth/e;ZLkotlin/coroutines/d;ILjava/lang/Object;)Ljava/lang/Object; < extends Ljava/lang/Object, implements ['Lcom/adpmobile/android/offlinepunch/k', 'Lcom/adpmobile/android/networking/b0']
COMPONENT CONCAT > Lcom/adpmobile/android/offlinepunch/model/OfflinePunchManager;->getUserData(Ljava/lang/String;Ljava/lang/String;)Lcom/adpmobile/android/offlinepunch/model/OfflinePunchUserData; < extends Ljava/lang/Object, implements ['Lcom/adpmobile/android/offlinepunch/k', 'Lcom/adpmobile/android/networking/b0']
COMPONENT CONCAT > Lcom/adpmobile/android/ui/IntentForwardingActivity;->b3(Landroid/content/Intent;)V < extends Landroidx/appcompat/app/AppCompatActivity, implements ['Landroidx/appcompat/app/d', 'Landroidx/core/app/w$a', 'Landroidx/appcompat/app/b$c']
COMPONENT CONCAT > Lcom/adpmobile/android/offlinepunch/model/OfflinePunchManager;->updateAvailability()V < extends Ljava/lang/Object, implements ['Lcom/adpmobile/android/offlinepunch/k', 'Lcom/adpmobile/android/networking/b0']
COMPONENT CONCAT > Lcom/adpmobile/android/flutter/j;->p0(Lcom/adp/myadp/flutter/myadp_shared_plugin/nativeapi/NativeApi$j2;Lcom/adp/myadp/flutter/myadp_shared_plugin/nativeapi/NativeApi$h2;)V < extends Ljava/lang/Object, implements ['Lcom/adp/myadp/flutter/myadp_shared_plugin/nativeapi/NativeApi$z0', 'Lcom/adp/myadp/flutter/myadp_shared_plugin/nativeapi/NativeApi$e', 'Lcom/adp/myadp/flutter/myadp_shared_plugin/nativeapi/NativeApi$i', 'Lcom/adp/mobilechat/bridge/FlutterFace']
COMPONENT CONCAT > Lcom/adpmobile/android/flutter/j$c;->invoke(Lkotlinx/coroutines/l0;Lkotlin/coroutines/d;)Ljava/lang/Object; < extends Ljava/lang/Object, implements ['Lri/p', 'Lkotlin/jvm/internal/FunctionBase', 'Lkotlin/coroutines/d', 'Lkotlin/coroutines/jvm/internal/e', 'Ljava/io/Serializable']
COMPONENT CONCAT > Lcom/adpmobile/android/flutter/j$a;->invoke(Lkotlinx/coroutines/l0;Lkotlin/coroutines/d;)Ljava/lang/Object; < extends Ljava/lang/Object, implements ['Lri/p', 'Lkotlin/jvm/internal/FunctionBase', 'Lkotlin/coroutines/d', 'Lkotlin/coroutines/jvm/internal/e', 'Ljava/io/Serializable']
COMPONENT CONCAT > La6/a;->Z(Lcom/adpmobile/android/models/user/UserResponse;)V < extends Ljava/lang/Object, implements []
COMPONENT CONCAT > Lcom/adpmobile/android/offlinepunch/model/OfflinePunchManager$doPunchSync$3;->invokeSuspend(Ljava/lang/Object;)Ljava/lang/Object; < extends Ljava/lang/Object, implements ['Lri/p', 'Lkotlin/jvm/internal/FunctionBase', 'Lkotlin/coroutines/d', 'Lkotlin/coroutines/jvm/internal/e', 'Ljava/io/Serializable']
COMPONENT CONCAT > Lcom/adpmobile/android/auth/i$k;->invokeSuspend(Ljava/lang/Object;)Ljava/lang/Object; < extends Ljava/lang/Object, implements ['Lkotlin/coroutines/d', 'Lkotlin/coroutines/jvm/internal/e', 'Ljava/io/Serializable']
COMPONENT CONCAT > Lcom/adpmobile/android/ui/BaseActivity;->q1()V < extends Landroidx/appcompat/app/AppCompatActivity, implements ['Lp4/h', 'Landroidx/appcompat/app/d', 'Landroidx/core/app/w$a', 'Landroidx/appcompat/app/b$c']
COMPONENT CONCAT > Lcom/adpmobile/android/auth/i$n;->invokeSuspend(Ljava/lang/Object;)Ljava/lang/Object; < extends Ljava/lang/Object, implements ['Lri/p', 'Lkotlin/jvm/internal/FunctionBase', 'Lkotlin/coroutines/d', 'Lkotlin/coroutines/jvm/internal/e', 'Ljava/io/Serializable']
COMPONENT CONCAT > Lcom/adpmobile/android/auth/b$m;->invoke(Ljava/lang/Object;Ljava/lang/Object;)Ljava/lang/Object; < extends Ljava/lang/Object, implements ['Lri/p', 'Lkotlin/jvm/internal/FunctionBase', 'Lkotlin/coroutines/d', 'Lkotlin/coroutines/jvm/internal/e', 'Ljava/io/Serializable']
COMPONENT CONCAT > Lcom/adpmobile/android/offlinepunch/jobs/PunchSyncJob;->k()V < extends Landroid/app/job/JobService, implements []
COMPONENT CONCAT > Lcom/adpmobile/android/auth/i$o;->invokeSuspend(Ljava/lang/Object;)Ljava/lang/Object; < extends Ljava/lang/Object, implements ['Lri/p', 'Lkotlin/jvm/internal/FunctionBase', 'Lkotlin/coroutines/d', 'Lkotlin/coroutines/jvm/internal/e', 'Ljava/io/Serializable']
COMPONENT CONCAT > Lcom/adpmobile/android/auth/ui/AuthAppActivity;->O3(Lcom/adpmobile/android/auth/ui/AuthAppActivity;Landroid/content/Context;Lk6/c;Lcom/adpmobile/android/models/wizard/Target;)V < extends Landroidx/appcompat/app/AppCompatActivity, implements ['Lk6/j', 'Lp4/a', 'Lcom/adpmobile/android/auth/j', 'Lp4/b', 'Lcom/adpmobile/android/sso/e', 'Lcom/adpmobile/android/auth/e', 'Lp4/h', 'Landroidx/appcompat/app/d', 'Landroidx/core/app/w$a', 'Landroidx/appcompat/app/b$c']
COMPONENT CONCAT > Lcom/adpmobile/android/flutter/j$i$a;->invokeSuspend(Ljava/lang/Object;)Ljava/lang/Object; < extends Ljava/lang/Object, implements ['Lri/p', 'Lkotlin/jvm/internal/FunctionBase', 'Lkotlin/coroutines/d', 'Lkotlin/coroutines/jvm/internal/e', 'Ljava/io/Serializable']
COMPONENT CONCAT > Lcom/adp/nexo/aimandroidsdk/client/a$d;->invoke(Lkotlinx/coroutines/l0;Lkotlin/coroutines/d;)Ljava/lang/Object; < extends Ljava/lang/Object, implements ['Lri/p', 'Lkotlin/jvm/internal/FunctionBase', 'Lkotlin/coroutines/d', 'Lkotlin/coroutines/jvm/internal/e', 'Ljava/io/Serializable']
COMPONENT CONCAT > Lcom/adpmobile/android/auth/i$r$a;->a(Lcom/adpmobile/android/networking/tokenauth/MobileToken;)V < extends Ljava/lang/Object, implements ['Lri/l', 'Lkotlin/jvm/internal/FunctionBase', 'Ljava/io/Serializable']
COMPONENT CONCAT > Lx3/a;->b(Ljava/lang/String;Landroid/net/Uri;La4/h;)V < extends Ljava/lang/Object, implements []
COMPONENT CONCAT > Lcom/adpmobile/android/flutter/j;->l0(Lcom/adp/myadp/flutter/myadp_shared_plugin/nativeapi/NativeApi$j0;)Lcom/adp/myadp/flutter/myadp_shared_plugin/nativeapi/NativeApi$k0; < extends Ljava/lang/Object, implements ['Lcom/adp/myadp/flutter/myadp_shared_plugin/nativeapi/NativeApi$z0', 'Lcom/adp/myadp/flutter/myadp_shared_plugin/nativeapi/NativeApi$e', 'Lcom/adp/myadp/flutter/myadp_shared_plugin/nativeapi/NativeApi$i', 'Lcom/adp/mobilechat/bridge/FlutterFace']
COMPONENT CONCAT > Lcom/adpmobile/android/auth/b;->L0(Landroid/net/Uri;La4/h;Lkotlin/coroutines/d;)Ljava/lang/Object; < extends Ljava/lang/Object, implements []
COMPONENT CONCAT > Lcom/adp/nexo/aimandroidsdk/client/a;->d(Lokhttp3/Request;Lkotlin/coroutines/d;)Ljava/lang/Object; < extends Ljava/lang/Object, implements ['Lkotlinx/coroutines/l0']
COMPONENT CONCAT > Lcom/adpmobile/android/flutter/j$m;->invoke(Lkotlinx/coroutines/l0;Lkotlin/coroutines/d;)Ljava/lang/Object; < extends Ljava/lang/Object, implements ['Lri/p', 'Lkotlin/jvm/internal/FunctionBase', 'Lkotlin/coroutines/d', 'Lkotlin/coroutines/jvm/internal/e', 'Ljava/io/Serializable']
COMPONENT CONCAT > Lcom/adpmobile/android/auth/b$m;->create(Ljava/lang/Object;Lkotlin/coroutines/d;)Lkotlin/coroutines/d; < extends Ljava/lang/Object, implements ['Lri/p', 'Lkotlin/jvm/internal/FunctionBase', 'Lkotlin/coroutines/d', 'Lkotlin/coroutines/jvm/internal/e', 'Ljava/io/Serializable']
COMPONENT CONCAT > Lcom/adpmobile/android/ui/MainActivity$e;->j(Lcom/adpmobile/android/ui/MainActivity;Landroid/content/DialogInterface;I)V < extends Ljava/lang/Object, implements ['Lri/p', 'Lkotlin/jvm/internal/FunctionBase', 'Lkotlin/coroutines/d', 'Lkotlin/coroutines/jvm/internal/e', 'Ljava/io/Serializable']
COMPONENT CONCAT > Lcom/adpmobile/android/auth/i$p$a$a;->invokeSuspend(Ljava/lang/Object;)Ljava/lang/Object; < extends Ljava/lang/Object, implements ['Lri/p', 'Lkotlin/jvm/internal/FunctionBase', 'Lkotlin/coroutines/d', 'Lkotlin/coroutines/jvm/internal/e', 'Ljava/io/Serializable']
COMPONENT CONCAT > Lu3/c;->j(La4/h;)V < extends Ljava/lang/Object, implements []
COMPONENT CONCAT > Lcom/adp/nexo/aimandroidsdk/activity/SchemeActivity;->onCreate(Landroid/os/Bundle;)V < extends Landroidx/appcompat/app/AppCompatActivity, implements ['Landroidx/appcompat/app/d', 'Landroidx/core/app/w$a', 'Landroidx/appcompat/app/b$c']
COMPONENT CONCAT > Lu3/a;->a(Lw3/d;Lcom/adp/nexo/aimandroidsdk/model/exceptions/AuthenticationException;)V < extends Ljava/lang/Object, implements ['La4/i']
COMPONENT CONCAT > Lcom/adp/nexo/aimandroidsdk/client/a$b;->create(Ljava/lang/Object;Lkotlin/coroutines/d;)Lkotlin/coroutines/d; < extends Ljava/lang/Object, implements ['Lri/p', 'Lkotlin/jvm/internal/FunctionBase', 'Lkotlin/coroutines/d', 'Lkotlin/coroutines/jvm/internal/e', 'Ljava/io/Serializable']
COMPONENT CONCAT > Lcom/adpmobile/android/auth/i$o$a;->invoke(Lkotlinx/coroutines/l0;Lkotlin/coroutines/d;)Ljava/lang/Object; < extends Ljava/lang/Object, implements ['Lri/p', 'Lkotlin/jvm/internal/FunctionBase', 'Lkotlin/coroutines/d', 'Lkotlin/coroutines/jvm/internal/e', 'Ljava/io/Serializable']
COMPONENT CONCAT > Lcom/adpmobile/android/auth/b;->s0()V < extends Ljava/lang/Object, implements []
COMPONENT CONCAT > Lcom/adpmobile/android/auth/ui/AuthAppActivity$g;->j(Lcom/adpmobile/android/auth/ui/AuthAppActivity;Landroid/content/Intent;Landroid/content/DialogInterface;I)V < extends Ljava/lang/Object, implements ['Lri/p', 'Lkotlin/jvm/internal/FunctionBase', 'Lkotlin/coroutines/d', 'Lkotlin/coroutines/jvm/internal/e', 'Ljava/io/Serializable']
COMPONENT CONCAT > Lcom/adpmobile/android/auth/i;->Z(La4/h;Z)V < extends Ljava/lang/Object, implements ['Lcom/adpmobile/android/auth/d']
COMPONENT CONCAT > Lcom/adpmobile/android/auth/i;->X()Z < extends Ljava/lang/Object, implements ['Lcom/adpmobile/android/auth/d']
COMPONENT CONCAT > Lx3/a;->a(La4/h;)V < extends Ljava/lang/Object, implements []
COMPONENT CONCAT > Lu3/c;->U(La4/h;)V < extends Ljava/lang/Object, implements []
COMPONENT CONCAT > Lcom/adpmobile/android/plugins/ADPLocationPlugin;->onRequestPermissionResult(I[Ljava/lang/String;[I)V < extends Ljava/lang/Object, implements ['Lkotlinx/coroutines/l0']
COMPONENT CONCAT > Lcom/adpmobile/android/flutter/i;->a(Ljava/lang/Object;)V < extends Ljava/lang/Object, implements ['Lf/b']
COMPONENT CONCAT > Lcom/adpmobile/android/auth/i;->Y(Landroid/net/Uri;La4/h;)V < extends Ljava/lang/Object, implements ['Lcom/adpmobile/android/auth/d']
COMPONENT CONCAT > Lcom/adpmobile/android/ui/MainActivity$s0;->create(Ljava/lang/Object;Lkotlin/coroutines/d;)Lkotlin/coroutines/d; < extends Ljava/lang/Object, implements ['Lri/p', 'Lkotlin/jvm/internal/FunctionBase', 'Lkotlin/coroutines/d', 'Lkotlin/coroutines/jvm/internal/e', 'Ljava/io/Serializable']
COMPONENT CONCAT > Lcom/adpmobile/android/ui/MainActivity;->z0()V < extends Landroidx/appcompat/app/AppCompatActivity, implements ['Lp4/b', 'Lp4/e', 'Lp4/g', 'Lp4/f', 'Lcom/adpmobile/android/ui/t', 'Lg6/f', 'Lcom/adpmobile/android/plugins/m0', 'Lcom/adpmobile/android/nfc/b', 'Lq5/a', 'Lp5/e', 'Landroid/view/accessibility/AccessibilityManager$AccessibilityStateChangeListener', 'Lcom/adp/mobilechat/bridge/ChatParentActivityInterface', 'Lcom/adpmobile/android/flutter/w', 'Lcom/adpmobile/android/sso/e', 'Lp4/c', 'Lp4/a', 'Lp4/h', 'Landroidx/appcompat/app/d', 'Landroidx/core/app/w$a', 'Landroidx/appcompat/app/b$c']
COMPONENT CONCAT > Lcom/adpmobile/android/ui/MainActivity$f;->invokeSuspend(Ljava/lang/Object;)Ljava/lang/Object; < extends Ljava/lang/Object, implements ['Lri/p', 'Lkotlin/jvm/internal/FunctionBase', 'Lkotlin/coroutines/d', 'Lkotlin/coroutines/jvm/internal/e', 'Ljava/io/Serializable']
COMPONENT CONCAT > Lcom/adpmobile/android/ui/MainActivity$l0;->invokeSuspend(Ljava/lang/Object;)Ljava/lang/Object; < extends Ljava/lang/Object, implements ['Lri/p', 'Lkotlin/jvm/internal/FunctionBase', 'Lkotlin/coroutines/d', 'Lkotlin/coroutines/jvm/internal/e', 'Ljava/io/Serializable']
COMPONENT CONCAT > Lcom/adpmobile/android/ui/MainActivity$l;->invokeSuspend(Ljava/lang/Object;)Ljava/lang/Object; < extends Ljava/lang/Object, implements ['Lkotlin/coroutines/d', 'Lkotlin/coroutines/jvm/internal/e', 'Ljava/io/Serializable']
MISSING ID > Lcom/adpmobile/android/ui/MainActivity;->onPrepareOptionsMenu(Landroid/view/Menu;)Z <
MISSING ID > Lcom/adpmobile/android/ui/x;->onClick(Landroid/view/View;)V <
MISSING ID > Lcom/adpmobile/android/ui/MainActivity;->S3(Lcom/adpmobile/android/ui/MainActivity;Landroid/view/MenuItem;Landroid/view/View;)V <
MISSING ID > Lcom/adpmobile/android/ui/MainActivity;->C6(Lcom/adpmobile/android/ui/MainActivity;Landroid/view/MenuItem;Landroid/view/View;)V <
COMPONENT CONCAT > Lcom/adpmobile/android/ui/MainActivity;->o1(Ljava/lang/String;Ljava/lang/String;Ljava/lang/String;Ljava/lang/String;)V < extends Landroidx/appcompat/app/AppCompatActivity, implements ['Lp4/b', 'Lp4/e', 'Lp4/g', 'Lp4/f', 'Lcom/adpmobile/android/ui/t', 'Lg6/f', 'Lcom/adpmobile/android/plugins/m0', 'Lcom/adpmobile/android/nfc/b', 'Lq5/a', 'Lp5/e', 'Landroid/view/accessibility/AccessibilityManager$AccessibilityStateChangeListener', 'Lcom/adp/mobilechat/bridge/ChatParentActivityInterface', 'Lcom/adpmobile/android/flutter/w', 'Lcom/adpmobile/android/sso/e', 'Lp4/c', 'Lp4/a', 'Lp4/h', 'Landroidx/appcompat/app/d', 'Landroidx/core/app/w$a', 'Landroidx/appcompat/app/b$c']
COMPONENT CONCAT > Lcom/adpmobile/android/ui/CordovaAbstractActivity$b;->create(Ljava/lang/Object;Lkotlin/coroutines/d;)Lkotlin/coroutines/d; < extends Ljava/lang/Object, implements ['Lri/p', 'Lkotlin/jvm/internal/FunctionBase', 'Lkotlin/coroutines/d', 'Lkotlin/coroutines/jvm/internal/e', 'Ljava/io/Serializable']
COMPONENT CONCAT > Lcom/adpmobile/android/ui/CordovaAbstractActivity;->F3(Lkotlinx/coroutines/l0;Ljava/lang/String;Ljava/lang/String;)V < extends Landroidx/appcompat/app/AppCompatActivity, implements ['Lp4/c', 'Lp4/a', 'Lp4/h', 'Landroidx/appcompat/app/d', 'Landroidx/core/app/w$a', 'Landroidx/appcompat/app/b$c']
COMPONENT CONCAT > Lcom/adpmobile/android/ui/MainActivity$n0;->create(Ljava/lang/Object;Lkotlin/coroutines/d;)Lkotlin/coroutines/d; < extends Ljava/lang/Object, implements ['Lri/p', 'Lkotlin/jvm/internal/FunctionBase', 'Lkotlin/coroutines/d', 'Lkotlin/coroutines/jvm/internal/e', 'Ljava/io/Serializable']
COMPONENT CONCAT > Lcom/adpmobile/android/networking/n0;->get()Ljava/lang/Object; < extends Ljava/lang/Object, implements ['Lzg/c']
COMPONENT CONCAT > Lcom/adpmobile/android/offlinepunch/ui/worktypecodeselection/WorkTypeCodeSelectionFragment;->onCreateView(Landroid/view/LayoutInflater;Landroid/view/ViewGroup;Landroid/os/Bundle;)Landroid/view/View; < extends Landroidx/fragment/app/Fragment, implements ['Landroid/content/ComponentCallbacks', 'Landroid/view/View$OnCreateContextMenuListener', 'Landroidx/lifecycle/LifecycleOwner', 'Landroidx/lifecycle/ViewModelStoreOwner', 'Landroidx/lifecycle/HasDefaultViewModelProviderFactory', 'Lo2/f']
COMPONENT CONCAT > Lcom/adpmobile/android/plugins/OCRPlugin;->execute(Ljava/lang/String;Lorg/json/JSONArray;Lorg/apache/cordova/CallbackContext;)Z < extends Ljava/lang/Object, implements ['Lcom/adp/mobileocr/a$d', 'Lkotlinx/coroutines/l0']
COMPONENT CONCAT > Lcom/adpmobile/android/plugins/OCRPlugin;->onRequestPermissionResult(I[Ljava/lang/String;[I)V < extends Ljava/lang/Object, implements ['Lcom/adp/mobileocr/a$d', 'Lkotlinx/coroutines/l0']
COMPONENT CONCAT > Lcom/adpmobile/android/offlinepunch/model/OnlinePunchManager;->buildPunch(ILcom/adpmobile/android/offlinepunch/model/GeoFenceBoundaryDetail;)Lcom/adpmobile/android/offlinepunch/model/ClockPunch; < extends Ljava/lang/Object, implements ['Lcom/adpmobile/android/offlinepunch/k']
COMPONENT CONCAT > Lcom/adpmobile/android/offlinepunch/ui/transfer/OfflineRecentTransfersFragment;->onCreateView(Landroid/view/LayoutInflater;Landroid/view/ViewGroup;Landroid/os/Bundle;)Landroid/view/View; < extends Landroidx/fragment/app/Fragment, implements ['Landroid/content/ComponentCallbacks', 'Landroid/view/View$OnCreateContextMenuListener', 'Landroidx/lifecycle/LifecycleOwner', 'Landroidx/lifecycle/ViewModelStoreOwner', 'Landroidx/lifecycle/HasDefaultViewModelProviderFactory', 'Lo2/f']
COMPONENT CONCAT > Lcom/adpmobile/android/offlinepunch/model/OfflinePunchManager;->loadOrDownloadMultipositionWorkerData(Lcom/adpmobile/android/networking/tokenauth/e;Lkotlin/coroutines/d;)Ljava/lang/Object; < extends Ljava/lang/Object, implements ['Lcom/adpmobile/android/offlinepunch/k', 'Lcom/adpmobile/android/networking/b0']
COMPONENT CONCAT > Lcom/adpmobile/android/offlinepunch/model/OnlinePunchManager$addPunch$1;->invokeSuspend(Ljava/lang/Object;)Ljava/lang/Object; < extends Ljava/lang/Object, implements ['Lkotlin/coroutines/d', 'Lkotlin/coroutines/jvm/internal/e', 'Ljava/io/Serializable']
COMPONENT CONCAT > Lcom/adpmobile/android/offlinepunch/model/transfer/OnlinePunchTransferCodes$downloadDataForKey$4;->create(Ljava/lang/Object;Lkotlin/coroutines/d;)Lkotlin/coroutines/d; < extends Ljava/lang/Object, implements ['Lri/p', 'Lkotlin/jvm/internal/FunctionBase', 'Lkotlin/coroutines/d', 'Lkotlin/coroutines/jvm/internal/e', 'Ljava/io/Serializable']
COMPONENT CONCAT > Lcom/adpmobile/android/remoteconfig/c;->a(Lkotlin/coroutines/d;)Ljava/lang/Object; < extends Ljava/lang/Object, implements ['Lcom/adpmobile/android/remoteconfig/e']
COMPONENT CONCAT > Lcom/adpmobile/android/networking/tokenauth/e$c;->create(Ljava/lang/Object;Lkotlin/coroutines/d;)Lkotlin/coroutines/d; < extends Ljava/lang/Object, implements ['Lri/p', 'Lkotlin/jvm/internal/FunctionBase', 'Lkotlin/coroutines/d', 'Lkotlin/coroutines/jvm/internal/e', 'Ljava/io/Serializable']
COMPONENT CONCAT > Lcom/adpmobile/android/offlinepunch/model/OnlinePunchManager$getWorkActivity$2$1$1$1;->create(Ljava/lang/Object;Lkotlin/coroutines/d;)Lkotlin/coroutines/d; < extends Ljava/lang/Object, implements ['Lri/p', 'Lkotlin/jvm/internal/FunctionBase', 'Lkotlin/coroutines/d', 'Lkotlin/coroutines/jvm/internal/e', 'Ljava/io/Serializable']
COMPONENT CONCAT > Lcom/adp/mobilechat/repository/GenCloudMessageManager$WebMessaging$getSessionInfoAsync$2;->invokeSuspend(Ljava/lang/Object;)Ljava/lang/Object; < extends Ljava/lang/Object, implements ['Lri/p', 'Lkotlin/jvm/internal/FunctionBase', 'Lkotlin/coroutines/d', 'Lkotlin/coroutines/jvm/internal/e', 'Ljava/io/Serializable']
COMPONENT CONCAT > Lcom/adp/mobilechat/repository/GenCloudMessageManager$startGenCloudLiveAgentService$3$1$1;->invoke(Ljava/lang/Object;Ljava/lang/Object;)Ljava/lang/Object; < extends Ljava/lang/Object, implements ['Lri/p', 'Lkotlin/jvm/internal/FunctionBase', 'Lkotlin/coroutines/d', 'Lkotlin/coroutines/jvm/internal/e', 'Ljava/io/Serializable']
COMPONENT CONCAT > Lcom/adp/mobilechat/repository/GenCloudMessageManager$initiateAgentTransfer$1$1$1;->invokeSuspend(Ljava/lang/Object;)Ljava/lang/Object; < extends Ljava/lang/Object, implements ['Lri/p', 'Lkotlin/jvm/internal/FunctionBase', 'Lkotlin/coroutines/d', 'Lkotlin/coroutines/jvm/internal/e', 'Ljava/io/Serializable']
COMPONENT CONCAT > Lcom/adpmobile/android/plugins/RESTPlugin;->onActivityResult(IILandroid/content/Intent;)V < extends Ljava/lang/Object, implements ['Lkotlinx/coroutines/l0']
COMPONENT CONCAT > Lcom/adpmobile/android/offlinepunch/model/OfflinePunchManager;->refreshMeta(Lcom/adpmobile/android/networking/tokenauth/e;Lkotlin/coroutines/d;)Ljava/lang/Object; < extends Ljava/lang/Object, implements ['Lcom/adpmobile/android/offlinepunch/k', 'Lcom/adpmobile/android/networking/b0']
COMPONENT CONCAT > Lcom/adp/mobilechat/viewmodels/ChatViewModel$continueLiveAgentService$1$isAvailable$1;->invoke(Lkotlinx/coroutines/l0;Lkotlin/coroutines/d;)Ljava/lang/Object; < extends Ljava/lang/Object, implements ['Lri/p', 'Lkotlin/jvm/internal/FunctionBase', 'Lkotlin/coroutines/d', 'Lkotlin/coroutines/jvm/internal/e', 'Ljava/io/Serializable']
COMPONENT CONCAT > Lcom/adpmobile/android/auth/b$g$a$a;->invoke(Lkotlinx/coroutines/l0;Lkotlin/coroutines/d;)Ljava/lang/Object; < extends Ljava/lang/Object, implements ['Lri/p', 'Lkotlin/jvm/internal/FunctionBase', 'Lkotlin/coroutines/d', 'Lkotlin/coroutines/jvm/internal/e', 'Ljava/io/Serializable']
COMPONENT CONCAT > Lcom/adpmobile/android/chat/a$h;->invokeSuspend(Ljava/lang/Object;)Ljava/lang/Object; < extends Ljava/lang/Object, implements ['Lri/p', 'Lkotlin/jvm/internal/FunctionBase', 'Lkotlin/coroutines/d', 'Lkotlin/coroutines/jvm/internal/e', 'Ljava/io/Serializable']
COMPONENT CONCAT > Lcom/adpmobile/android/offlinepunch/model/OfflinePunchManager;->getOfflineMetaDataFromServer(Ljava/lang/String;Lcom/adpmobile/android/networking/tokenauth/e;Ljava/lang/String;Lkotlin/coroutines/d;)Ljava/lang/Object; < extends Ljava/lang/Object, implements ['Lcom/adpmobile/android/offlinepunch/k', 'Lcom/adpmobile/android/networking/b0']
COMPONENT CONCAT > Lcom/adpmobile/android/offlinepunch/model/OfflinePunchManager;->access$getFileForUserData(Lcom/adpmobile/android/offlinepunch/model/OfflinePunchManager;Ljava/lang/String;Ljava/lang/String;)Ljava/io/File; < extends Ljava/lang/Object, implements ['Lcom/adpmobile/android/offlinepunch/k', 'Lcom/adpmobile/android/networking/b0']
COMPONENT CONCAT > Lcom/adpmobile/android/offlinepunch/j;->m(Lri/q;)V < extends Ljava/lang/Object, implements []
COMPONENT CONCAT > Lcom/adp/nexo/aimandroidsdk/client/a$b;->invoke(Ljava/lang/Object;Ljava/lang/Object;)Ljava/lang/Object; < extends Ljava/lang/Object, implements ['Lri/p', 'Lkotlin/jvm/internal/FunctionBase', 'Lkotlin/coroutines/d', 'Lkotlin/coroutines/jvm/internal/e', 'Ljava/io/Serializable']
COMPONENT CONCAT > Lcom/adpmobile/android/offlinepunch/model/OfflinePunchManager;->haveMeta(Ljava/lang/String;Ljava/lang/String;)Z < extends Ljava/lang/Object, implements ['Lcom/adpmobile/android/offlinepunch/k', 'Lcom/adpmobile/android/networking/b0']
COMPONENT CONCAT > Lcom/adp/mobilechat/repository/GenCloudMessageManager$checkGenCloudAvailability$2;->invoke(Ljava/lang/Object;Ljava/lang/Object;)Ljava/lang/Object; < extends Ljava/lang/Object, implements ['Lri/p', 'Lkotlin/jvm/internal/FunctionBase', 'Lkotlin/coroutines/d', 'Lkotlin/coroutines/jvm/internal/e', 'Ljava/io/Serializable']
COMPONENT CONCAT > Lcom/adpmobile/android/offlinepunch/model/OfflinePunchManager$initialize$1$1$3;->invoke(Ljava/lang/Object;Ljava/lang/Object;)Ljava/lang/Object; < extends Ljava/lang/Object, implements ['Lri/p', 'Lkotlin/jvm/internal/FunctionBase', 'Lkotlin/coroutines/d', 'Lkotlin/coroutines/jvm/internal/e', 'Ljava/io/Serializable']
COMPONENT CONCAT > Lcom/adpmobile/android/networking/tokenauth/e;->g(Ljava/lang/String;Lkotlin/coroutines/d;)Ljava/lang/Object; < extends Ljava/lang/Object, implements []
COMPONENT CONCAT > Lcom/adpmobile/android/offlinepunch/model/OfflinePunchManager;->doMetaRestRequest(Lcom/adpmobile/android/offlinepunch/model/OfflinePunch;Ljava/lang/String;Ljava/lang/String;Ljava/util/Map;Lcom/adpmobile/android/networking/tokenauth/e;Lkotlin/coroutines/d;)Ljava/lang/Object; < extends Ljava/lang/Object, implements ['Lcom/adpmobile/android/offlinepunch/k', 'Lcom/adpmobile/android/networking/b0']
COMPONENT CONCAT > Lcom/adpmobile/android/offlinepunch/p$b;->create(Ljava/lang/Object;Lkotlin/coroutines/d;)Lkotlin/coroutines/d; < extends Ljava/lang/Object, implements ['Lri/p', 'Lkotlin/jvm/internal/FunctionBase', 'Lkotlin/coroutines/d', 'Lkotlin/coroutines/jvm/internal/e', 'Ljava/io/Serializable']
COMPONENT CONCAT > Lcom/adpmobile/android/ui/MainActivity$y;->invoke(Lkotlinx/coroutines/l0;Lkotlin/coroutines/d;)Ljava/lang/Object; < extends Ljava/lang/Object, implements ['Lri/p', 'Lkotlin/jvm/internal/FunctionBase', 'Lkotlin/coroutines/d', 'Lkotlin/coroutines/jvm/internal/e', 'Ljava/io/Serializable']
COMPONENT CONCAT > Lcom/adpmobile/android/offlinepunch/model/OfflinePunchManager;->canViewerAddPunch()Z < extends Ljava/lang/Object, implements ['Lcom/adpmobile/android/offlinepunch/k', 'Lcom/adpmobile/android/networking/b0']
COMPONENT CONCAT > Lcom/adp/mobilechat/repository/GenCloudMessageManager$WebMessaging;->onPureCloudWebMessage(Ljava/lang/String;Lkotlin/coroutines/d;)Ljava/lang/Object; < extends Ljava/lang/Object, implements []
COMPONENT CONCAT > Lcom/adpmobile/android/remoteconfig/b;->l(Lkotlin/coroutines/d;)Ljava/lang/Object; < extends Ljava/lang/Object, implements ['Lcom/adpmobile/android/remoteconfig/e']
COMPONENT CONCAT > Lcom/adpmobile/android/offlinepunch/ui/f0$k;->invokeSuspend(Ljava/lang/Object;)Ljava/lang/Object; < extends Ljava/lang/Object, implements ['Lri/p', 'Lkotlin/jvm/internal/FunctionBase', 'Lkotlin/coroutines/d', 'Lkotlin/coroutines/jvm/internal/e', 'Ljava/io/Serializable']
COMPONENT CONCAT > Lcom/adpmobile/android/networking/tokenauth/e;->j(Ljava/lang/String;Lkotlin/coroutines/d;)Ljava/lang/Object; < extends Ljava/lang/Object, implements []
COMPONENT CONCAT > Lcom/adpmobile/android/offlinepunch/model/OfflinePunchManager;->canViewerUseOfflinePunch()Z < extends Ljava/lang/Object, implements ['Lcom/adpmobile/android/offlinepunch/k', 'Lcom/adpmobile/android/networking/b0']
COMPONENT CONCAT > Lcom/adpmobile/android/offlinepunch/model/OfflinePunchManager$initialize$1$1;->invokeSuspend(Ljava/lang/Object;)Ljava/lang/Object; < extends Ljava/lang/Object, implements ['Lri/p', 'Lkotlin/jvm/internal/FunctionBase', 'Lkotlin/coroutines/d', 'Lkotlin/coroutines/jvm/internal/e', 'Ljava/io/Serializable']
COMPONENT CONCAT > Lcom/adp/mobilechat/repository/ChatRepository;->processChatBotMessages(Lorg/json/JSONObject;Lkotlin/coroutines/d;)Ljava/lang/Object; < extends Ljava/lang/Object, implements []
COMPONENT CONCAT > Lcom/adpmobile/android/offlinepunch/model/transfer/OfflinePunchAdditionalTransferCodes;->downloadDataForKey(Ljava/lang/String;Ljava/lang/String;La6/a;Lcom/adpmobile/android/networking/k;Lcom/adpmobile/android/networking/tokenauth/e;Ljava/lang/String;Ljava/lang/String;Ljava/lang/String;Lkotlin/coroutines/d;)Ljava/lang/Object; < extends Ljava/lang/Object, implements ['Lkotlinx/coroutines/l0']
COMPONENT CONCAT > Lcom/adpmobile/android/offlinepunch/model/OfflinePunchManager;->setNotificationAlarm()V < extends Ljava/lang/Object, implements ['Lcom/adpmobile/android/offlinepunch/k', 'Lcom/adpmobile/android/networking/b0']
COMPONENT CONCAT > Lcom/adpmobile/android/push/AdpFcmListenerService$b;->invokeSuspend(Ljava/lang/Object;)Ljava/lang/Object; < extends Ljava/lang/Object, implements ['Lri/p', 'Lkotlin/jvm/internal/FunctionBase', 'Lkotlin/coroutines/d', 'Lkotlin/coroutines/jvm/internal/e', 'Ljava/io/Serializable']
COMPONENT CONCAT > Lcom/adpmobile/android/ui/MainActivity$y$a;->invoke(Lkotlinx/coroutines/l0;Lkotlin/coroutines/d;)Ljava/lang/Object; < extends Ljava/lang/Object, implements ['Lri/p', 'Lkotlin/jvm/internal/FunctionBase', 'Lkotlin/coroutines/d', 'Lkotlin/coroutines/jvm/internal/e', 'Ljava/io/Serializable']
COMPONENT CONCAT > Lcom/adpmobile/android/offlinepunch/model/OnlinePunchManager$getOnlineData$2;->invoke(Lkotlinx/coroutines/l0;Lkotlin/coroutines/d;)Ljava/lang/Object; < extends Ljava/lang/Object, implements ['Lri/p', 'Lkotlin/jvm/internal/FunctionBase', 'Lkotlin/coroutines/d', 'Lkotlin/coroutines/jvm/internal/e', 'Ljava/io/Serializable']
COMPONENT CONCAT > Lcom/adpmobile/android/offlinepunch/model/OfflinePunchManager;->access$canViewerAddPunch(Lcom/adpmobile/android/offlinepunch/model/OfflinePunchManager;)Z < extends Ljava/lang/Object, implements ['Lcom/adpmobile/android/offlinepunch/k', 'Lcom/adpmobile/android/networking/b0']
COMPONENT CONCAT > Lcom/adpmobile/android/offlinepunch/model/OnlinePunchManager;->getWorkActivity(Lcom/adpmobile/android/networking/tokenauth/e;Lkotlin/coroutines/d;)Ljava/lang/Object; < extends Ljava/lang/Object, implements ['Lcom/adpmobile/android/offlinepunch/k']
COMPONENT CONCAT > Lcom/adpmobile/android/offlinepunch/model/transfer/OfflinePunchAdditionalTransferCodes;->access$downloadDataForKey(Lcom/adpmobile/android/offlinepunch/model/transfer/OfflinePunchAdditionalTransferCodes;Ljava/lang/String;Ljava/lang/String;La6/a;Lcom/adpmobile/android/networking/k;Lcom/adpmobile/android/networking/tokenauth/e;Ljava/lang/String;Ljava/lang/String;Ljava/lang/String;Lkotlin/coroutines/d;)Ljava/lang/Object; < extends Ljava/lang/Object, implements ['Lkotlinx/coroutines/l0']
COMPONENT CONCAT > Lcom/adpmobile/android/injection/modules/c;->h(Landroid/app/Application;Lsf/e;Landroid/content/SharedPreferences;)Lcom/adpmobile/android/models/AppEndpoints; < extends Ljava/lang/Object, implements []
COMPONENT CONCAT > Lcom/adpmobile/android/ui/MainActivity;->F6(Ljava/lang/String;Lcom/adpmobile/android/models/journey/controllers/JourneyController;)V < extends Landroidx/appcompat/app/AppCompatActivity, implements ['Lp4/b', 'Lp4/e', 'Lp4/g', 'Lp4/f', 'Lcom/adpmobile/android/ui/t', 'Lg6/f', 'Lcom/adpmobile/android/plugins/m0', 'Lcom/adpmobile/android/nfc/b', 'Lq5/a', 'Lp5/e', 'Landroid/view/accessibility/AccessibilityManager$AccessibilityStateChangeListener', 'Lcom/adp/mobilechat/bridge/ChatParentActivityInterface', 'Lcom/adpmobile/android/flutter/w', 'Lcom/adpmobile/android/sso/e', 'Lp4/c', 'Lp4/a', 'Lp4/h', 'Landroidx/appcompat/app/d', 'Landroidx/core/app/w$a', 'Landroidx/appcompat/app/b$c']
COMPONENT CONCAT > Lcom/adpmobile/android/offlinepunch/model/OfflinePunchManager$downloadDataForKey$2;->invoke(Lkotlinx/coroutines/l0;Lkotlin/coroutines/d;)Ljava/lang/Object; < extends Ljava/lang/Object, implements ['Lri/p', 'Lkotlin/jvm/internal/FunctionBase', 'Lkotlin/coroutines/d', 'Lkotlin/coroutines/jvm/internal/e', 'Ljava/io/Serializable']
COMPONENT CONCAT > Lcom/adp/mobilechat/repository/GenCloudMessageManager$agentQueueStats$2;->invoke(Lkotlinx/coroutines/l0;Lkotlin/coroutines/d;)Ljava/lang/Object; < extends Ljava/lang/Object, implements ['Lri/p', 'Lkotlin/jvm/internal/FunctionBase', 'Lkotlin/coroutines/d', 'Lkotlin/coroutines/jvm/internal/e', 'Ljava/io/Serializable']
COMPONENT CONCAT > Lcom/adpmobile/android/remoteconfig/b;->a(Lkotlin/coroutines/d;)Ljava/lang/Object; < extends Ljava/lang/Object, implements ['Lcom/adpmobile/android/remoteconfig/e']
COMPONENT CONCAT > Lcom/adp/mobilechat/repository/GenCloudMessageManager$WebMessaging$getSessionInfoAsync$2;->invoke(Ljava/lang/Object;Ljava/lang/Object;)Ljava/lang/Object; < extends Ljava/lang/Object, implements ['Lri/p', 'Lkotlin/jvm/internal/FunctionBase', 'Lkotlin/coroutines/d', 'Lkotlin/coroutines/jvm/internal/e', 'Ljava/io/Serializable']
COMPONENT CONCAT > Lcom/adpmobile/android/offlinepunch/model/transfer/OnlinePunchTransferCodes;->access$downloadDataForKey(Lcom/adpmobile/android/offlinepunch/model/transfer/OnlinePunchTransferCodes;Ljava/lang/String;Ljava/lang/String;La6/a;Lcom/adpmobile/android/networking/k;Lcom/adpmobile/android/networking/tokenauth/e;Ljava/lang/String;Ljava/lang/String;Lkotlin/coroutines/d;)Ljava/lang/Object; < extends Ljava/lang/Object, implements []
COMPONENT CONCAT > Lcom/adpmobile/android/sso/ADPNativeSSOManager;->K(Ljava/lang/String;Ljava/lang/String;)V < extends Ljava/lang/Object, implements ['Ld6/c']
COMPONENT CONCAT > Lcom/adpmobile/android/offlinepunch/model/OnlinePunchManager$refreshMeta$1;->invokeSuspend(Ljava/lang/Object;)Ljava/lang/Object; < extends Ljava/lang/Object, implements ['Lkotlin/coroutines/d', 'Lkotlin/coroutines/jvm/internal/e', 'Ljava/io/Serializable']
COMPONENT CONCAT > Lcom/adpmobile/android/offlinepunch/model/OfflinePunchManager;->shouldSyncPunches(Lcom/adpmobile/android/networking/tokenauth/e;)Z < extends Ljava/lang/Object, implements ['Lcom/adpmobile/android/offlinepunch/k', 'Lcom/adpmobile/android/networking/b0']
COMPONENT CONCAT > Lcom/adpmobile/android/offlinepunch/model/transfer/OnlinePunchTransferCodes;->downloadDataForKey(Ljava/lang/String;Ljava/lang/String;La6/a;Lcom/adpmobile/android/networking/k;Lcom/adpmobile/android/networking/tokenauth/e;Ljava/lang/String;Ljava/lang/String;Lkotlin/coroutines/d;)Ljava/lang/Object; < extends Ljava/lang/Object, implements []
COMPONENT CONCAT > Lcom/adpmobile/android/broadcastreceivers/LocaleChangedReceiver$b;->invoke(Ljava/lang/Object;Ljava/lang/Object;)Ljava/lang/Object; < extends Ljava/lang/Object, implements ['Lri/p', 'Lkotlin/jvm/internal/FunctionBase', 'Lkotlin/coroutines/d', 'Lkotlin/coroutines/jvm/internal/e', 'Ljava/io/Serializable']
COMPONENT CONCAT > Lcom/adpmobile/android/offlinepunch/model/OnlinePunchManager;->getMetaDataFromServer(Lcom/adpmobile/android/networking/tokenauth/e;ZLkotlin/coroutines/d;)Ljava/lang/Object; < extends Ljava/lang/Object, implements ['Lcom/adpmobile/android/offlinepunch/k']
COMPONENT CONCAT > Lcom/adpmobile/android/offlinepunch/model/OnlinePunchManager$getOnlineData$2;->invokeSuspend(Ljava/lang/Object;)Ljava/lang/Object; < extends Ljava/lang/Object, implements ['Lri/p', 'Lkotlin/jvm/internal/FunctionBase', 'Lkotlin/coroutines/d', 'Lkotlin/coroutines/jvm/internal/e', 'Ljava/io/Serializable']
COMPONENT CONCAT > Lcom/adpmobile/android/offlinepunch/j$c;->invoke(Ljava/lang/Object;Ljava/lang/Object;)Ljava/lang/Object; < extends Ljava/lang/Object, implements ['Lri/p', 'Lkotlin/jvm/internal/FunctionBase', 'Lkotlin/coroutines/d', 'Lkotlin/coroutines/jvm/internal/e', 'Ljava/io/Serializable']
COMPONENT CONCAT > Lcom/adpmobile/android/offlinepunch/j;->j0(Z)V < extends Ljava/lang/Object, implements []
COMPONENT CONCAT > Lcom/adpmobile/android/offlinepunch/model/transfer/OnlinePunchTransferCodes;->downloadAdditionalCodes(Lcom/adpmobile/android/offlinepunch/model/ListItem;La6/a;Lcom/adpmobile/android/networking/k;Ljava/lang/String;Ljava/lang/String;Lkotlin/coroutines/d;)Ljava/lang/Object; < extends Ljava/lang/Object, implements []
COMPONENT CONCAT > Lcom/adpmobile/android/offlinepunch/model/OfflinePunchManager;->isAddPunchAvailable()Z < extends Ljava/lang/Object, implements ['Lcom/adpmobile/android/offlinepunch/k', 'Lcom/adpmobile/android/networking/b0']
COMPONENT CONCAT > Lcom/adpmobile/android/ui/MainActivity;->d6(Ljava/lang/String;)V < extends Landroidx/appcompat/app/AppCompatActivity, implements ['Lp4/b', 'Lp4/e', 'Lp4/g', 'Lp4/f', 'Lcom/adpmobile/android/ui/t', 'Lg6/f', 'Lcom/adpmobile/android/plugins/m0', 'Lcom/adpmobile/android/nfc/b', 'Lq5/a', 'Lp5/e', 'Landroid/view/accessibility/AccessibilityManager$AccessibilityStateChangeListener', 'Lcom/adp/mobilechat/bridge/ChatParentActivityInterface', 'Lcom/adpmobile/android/flutter/w', 'Lcom/adpmobile/android/sso/e', 'Lp4/c', 'Lp4/a', 'Lp4/h', 'Landroidx/appcompat/app/d', 'Landroidx/core/app/w$a', 'Landroidx/appcompat/app/b$c']
COMPONENT CONCAT > Lcom/adpmobile/android/offlinepunch/model/OfflinePunchManager;->initialize(Ljava/lang/String;Lcom/adpmobile/android/networking/tokenauth/e;Lcom/adpmobile/android/offlinepunch/model/OnlineMeta;)V < extends Ljava/lang/Object, implements ['Lcom/adpmobile/android/offlinepunch/k', 'Lcom/adpmobile/android/networking/b0']
COMPONENT CONCAT > Lcom/adpmobile/android/push/a;->k(Landroid/content/Intent;)V < extends Ljava/lang/Object, implements []
COMPONENT CONCAT > Lcom/adpmobile/android/offlinepunch/jobs/PunchSyncJob;->j()V < extends Landroid/app/job/JobService, implements []
COMPONENT CONCAT > Lcom/adpmobile/android/offlinepunch/j;-><init>(Landroid/content/Context;Lcom/adpmobile/android/offlinepunch/model/OfflinePunchManager;Lcom/adpmobile/android/offlinepunch/model/OnlinePunchManager;Lcom/adpmobile/android/networking/d0;Lcom/adpmobile/android/networking/tokenauth/e;La6/a;Lcom/adp/android/core/analytics/b;)V < extends Ljava/lang/Object, implements []
COMPONENT CONCAT > Lcom/adpmobile/android/flutter/j$h1$a;->invoke(Lkotlinx/coroutines/l0;Lkotlin/coroutines/d;)Ljava/lang/Object; < extends Ljava/lang/Object, implements ['Lri/p', 'Lkotlin/jvm/internal/FunctionBase', 'Lkotlin/coroutines/d', 'Lkotlin/coroutines/jvm/internal/e', 'Ljava/io/Serializable']
COMPONENT CONCAT > Lcom/adpmobile/android/offlinepunch/model/transfer/OfflinePunchAdditionalTransferCodes$downloadDataForKey$2;->create(Ljava/lang/Object;Lkotlin/coroutines/d;)Lkotlin/coroutines/d; < extends Ljava/lang/Object, implements ['Lri/p', 'Lkotlin/jvm/internal/FunctionBase', 'Lkotlin/coroutines/d', 'Lkotlin/coroutines/jvm/internal/e', 'Ljava/io/Serializable']
COMPONENT CONCAT > Lcom/adp/mobilechat/repository/GenCloudMessageManager$WebMessaging;->initializeSession(Lcom/adp/mobilechat/models/WebMessageSession;Lkotlin/coroutines/d;)Ljava/lang/Object; < extends Ljava/lang/Object, implements []
COMPONENT CONCAT > Lcom/adpmobile/android/plugins/RESTPlugin$c;->invoke(Lkotlinx/coroutines/l0;Lkotlin/coroutines/d;)Ljava/lang/Object; < extends Ljava/lang/Object, implements ['Lri/p', 'Lkotlin/jvm/internal/FunctionBase', 'Lkotlin/coroutines/d', 'Lkotlin/coroutines/jvm/internal/e', 'Ljava/io/Serializable']
COMPONENT CONCAT > Lcom/adp/mobilechat/repository/GenCloudMessageManager$WebMessaging;->sessionUpdate$default(Lcom/adp/mobilechat/repository/GenCloudMessageManager$WebMessaging;Ljava/lang/Integer;Lkotlin/coroutines/d;ILjava/lang/Object;)Ljava/lang/Object; < extends Ljava/lang/Object, implements []
COMPONENT CONCAT > Lcom/adpmobile/android/offlinepunch/model/OfflinePunchManager;->access$setMMultipositionSelectedWorkAssignment(Lcom/adpmobile/android/offlinepunch/model/OfflinePunchManager;Ljava/lang/String;)V < extends Ljava/lang/Object, implements ['Lcom/adpmobile/android/offlinepunch/k', 'Lcom/adpmobile/android/networking/b0']
COMPONENT CONCAT > Lcom/adpmobile/android/ingo/c;->deserializeJsonIntoType(Ljava/lang/String;Ljava/lang/Class;)Ljava/lang/Object; < extends Ljava/lang/Object, implements ['Lcom/ingomoney/ingosdk/android/manager/JsonDeserializer']
COMPONENT CONCAT > Lcom/adpmobile/android/offlinepunch/model/transfer/OnlinePunchTransferCodes;->access$downloadDataForKey(Lcom/adpmobile/android/offlinepunch/model/transfer/OnlinePunchTransferCodes;Lcom/adpmobile/android/offlinepunch/model/ListItem;La6/a;Lcom/adpmobile/android/networking/k;Lcom/adpmobile/android/networking/tokenauth/e;Ljava/lang/String;Ljava/lang/String;Ljava/lang/String;Lkotlin/coroutines/d;)Ljava/lang/Object; < extends Ljava/lang/Object, implements []
COMPONENT CONCAT > Lcom/adp/mobilechat/repository/ChatRepository$processChatBotMessages$2;->create(Ljava/lang/Object;Lkotlin/coroutines/d;)Lkotlin/coroutines/d; < extends Ljava/lang/Object, implements ['Lri/p', 'Lkotlin/jvm/internal/FunctionBase', 'Lkotlin/coroutines/d', 'Lkotlin/coroutines/jvm/internal/e', 'Ljava/io/Serializable']
COMPONENT CONCAT > Lcom/adpmobile/android/offlinepunch/h;->a(Ljava/lang/String;Ljava/lang/String;Lkotlin/coroutines/d;)Ljava/lang/Object; < extends Ljava/lang/Object, implements ['Lcom/adpmobile/android/offlinepunch/e']
COMPONENT CONCAT > Lcom/adp/mobilechat/repository/GenCloudMessageManager;->fetchAgentMemberName(Ljava/lang/String;Ljava/lang/String;Lkotlin/coroutines/d;)Ljava/lang/Object; < extends Ljava/lang/Object, implements []
COMPONENT CONCAT > Lcom/adp/mobilechat/di/ChatModule_ProvideChatManagerFactory;->get()Lcom/adp/mobilechat/repository/ChatRepository; < extends Ljava/lang/Object, implements ['Lzg/c']
COMPONENT CONCAT > Lcom/adpmobile/android/offlinepunch/model/OfflinePunchManager$initialize$1$1$2;->invoke(Lkotlinx/coroutines/l0;Lkotlin/coroutines/d;)Ljava/lang/Object; < extends Ljava/lang/Object, implements ['Lri/p', 'Lkotlin/jvm/internal/FunctionBase', 'Lkotlin/coroutines/d', 'Lkotlin/coroutines/jvm/internal/e', 'Ljava/io/Serializable']
COMPONENT CONCAT > Lcom/adpmobile/android/offlinepunch/timesors/a;->f(ZLri/l;)V < extends Ljava/lang/Object, implements []
COMPONENT CONCAT > Lcom/adpmobile/android/offlinepunch/ui/f0;->q0()V < extends Ljava/lang/Object, implements ['Lcom/adpmobile/android/offlinepunch/f']
COMPONENT CONCAT > Lcom/adpmobile/android/auth/h$b$c$a;->invoke(Lkotlinx/coroutines/l0;Lkotlin/coroutines/d;)Ljava/lang/Object; < extends Ljava/lang/Object, implements ['Lri/p', 'Lkotlin/jvm/internal/FunctionBase', 'Lkotlin/coroutines/d', 'Lkotlin/coroutines/jvm/internal/e', 'Ljava/io/Serializable']
COMPONENT CONCAT > Lcom/adpmobile/android/auth/b$h;->invoke(Lkotlinx/coroutines/l0;Lkotlin/coroutines/d;)Ljava/lang/Object; < extends Ljava/lang/Object, implements ['Lri/p', 'Lkotlin/jvm/internal/FunctionBase', 'Lkotlin/coroutines/d', 'Lkotlin/coroutines/jvm/internal/e', 'Ljava/io/Serializable']
COMPONENT CONCAT > Lcom/adpmobile/android/offlinepunch/j;->m0(Z)V < extends Ljava/lang/Object, implements []
COMPONENT CONCAT > Lcom/adp/mobilechat/viewmodels/ChatViewModel$initializeChatService$success$1$2;->invoke(Lkotlinx/coroutines/l0;Lkotlin/coroutines/d;)Ljava/lang/Object; < extends Ljava/lang/Object, implements ['Lri/p', 'Lkotlin/jvm/internal/FunctionBase', 'Lkotlin/coroutines/d', 'Lkotlin/coroutines/jvm/internal/e', 'Ljava/io/Serializable']
COMPONENT CONCAT > Lcom/adpmobile/android/offlinepunch/jobs/PunchSyncJob$b;->invoke(Ljava/lang/Object;Ljava/lang/Object;)Ljava/lang/Object; < extends Ljava/lang/Object, implements ['Lri/p', 'Lkotlin/jvm/internal/FunctionBase', 'Lkotlin/coroutines/d', 'Lkotlin/coroutines/jvm/internal/e', 'Ljava/io/Serializable']
COMPONENT CONCAT > Lcom/adpmobile/android/offlinepunch/model/OfflinePunchManager$initialize$1$1$1$1$1$1$1;->invoke(Lkotlinx/coroutines/l0;Lkotlin/coroutines/d;)Ljava/lang/Object; < extends Ljava/lang/Object, implements ['Lri/p', 'Lkotlin/jvm/internal/FunctionBase', 'Lkotlin/coroutines/d', 'Lkotlin/coroutines/jvm/internal/e', 'Ljava/io/Serializable']
COMPONENT CONCAT > Lcom/adp/mobilechat/repository/GenCloudMessageManager$WebMessaging$sessionUpdate$1;->invokeSuspend(Ljava/lang/Object;)Ljava/lang/Object; < extends Ljava/lang/Object, implements ['Lkotlin/coroutines/d', 'Lkotlin/coroutines/jvm/internal/e', 'Ljava/io/Serializable']
COMPONENT CONCAT > Lcom/adpmobile/android/offlinepunch/jobs/MetaFetchJob$b;->invoke(Ljava/lang/Object;Ljava/lang/Object;)Ljava/lang/Object; < extends Ljava/lang/Object, implements ['Lri/p', 'Lkotlin/jvm/internal/FunctionBase', 'Lkotlin/coroutines/d', 'Lkotlin/coroutines/jvm/internal/e', 'Ljava/io/Serializable']
COMPONENT CONCAT > Lcom/adpmobile/android/offlinepunch/model/OnlinePunchManager$getWorkActivity$1;->invokeSuspend(Ljava/lang/Object;)Ljava/lang/Object; < extends Ljava/lang/Object, implements ['Lkotlin/coroutines/d', 'Lkotlin/coroutines/jvm/internal/e', 'Ljava/io/Serializable']
COMPONENT CONCAT > Lcom/adpmobile/android/offlinepunch/model/OfflinePunchManager;->haveMetaForLastLoggedInUser()Z < extends Ljava/lang/Object, implements ['Lcom/adpmobile/android/offlinepunch/k', 'Lcom/adpmobile/android/networking/b0']
COMPONENT CONCAT > Lcom/adpmobile/android/offlinepunch/model/OfflinePunchManager;->getEmployeeScheduleUrl$default(Lcom/adpmobile/android/offlinepunch/model/OfflinePunchManager;Ljava/lang/String;Lcom/adpmobile/android/networking/tokenauth/e;Ljava/lang/String;ILjava/lang/Object;)Ljava/lang/String; < extends Ljava/lang/Object, implements ['Lcom/adpmobile/android/offlinepunch/k', 'Lcom/adpmobile/android/networking/b0']
COMPONENT CONCAT > Lcom/adpmobile/android/offlinepunch/model/OfflinePunchManager;->access$saveMetaTimestamp(Lcom/adpmobile/android/offlinepunch/model/OfflinePunchManager;JLjava/lang/String;)J < extends Ljava/lang/Object, implements ['Lcom/adpmobile/android/offlinepunch/k', 'Lcom/adpmobile/android/networking/b0']
COMPONENT CONCAT > Lcom/adpmobile/android/flutter/j$m;->invoke(Ljava/lang/Object;Ljava/lang/Object;)Ljava/lang/Object; < extends Ljava/lang/Object, implements ['Lri/p', 'Lkotlin/jvm/internal/FunctionBase', 'Lkotlin/coroutines/d', 'Lkotlin/coroutines/jvm/internal/e', 'Ljava/io/Serializable']
COMPONENT CONCAT > Lcom/adpmobile/android/auth/b;->p0(Ljava/lang/String;Lri/l;Lkotlin/coroutines/d;)Ljava/lang/Object; < extends Ljava/lang/Object, implements []
COMPONENT CONCAT > Lcom/adpmobile/android/offlinepunch/j;->a0()Z < extends Ljava/lang/Object, implements []
COMPONENT CONCAT > Lcom/adpmobile/android/offlinepunch/j$e;->invokeSuspend(Ljava/lang/Object;)Ljava/lang/Object; < extends Ljava/lang/Object, implements ['Lri/p', 'Lkotlin/jvm/internal/FunctionBase', 'Lkotlin/coroutines/d', 'Lkotlin/coroutines/jvm/internal/e', 'Ljava/io/Serializable']
COMPONENT CONCAT > Lcom/adp/mobileocr/ui/OcrFragmentPayDocMgmt$b;->create(Ljava/lang/Object;Lkotlin/coroutines/d;)Lkotlin/coroutines/d; < extends Ljava/lang/Object, implements ['Lri/p', 'Lkotlin/jvm/internal/FunctionBase', 'Lkotlin/coroutines/d', 'Lkotlin/coroutines/jvm/internal/e', 'Ljava/io/Serializable']
COMPONENT CONCAT > Lcom/adpmobile/android/offlinepunch/model/OfflinePunchManager;->showOverview()V < extends Ljava/lang/Object, implements ['Lcom/adpmobile/android/offlinepunch/k', 'Lcom/adpmobile/android/networking/b0']
COMPONENT CONCAT > Lcom/adpmobile/android/offlinepunch/j;->g(Lcom/adpmobile/android/offlinepunch/model/RetractionPunch;Lkotlin/coroutines/d;)Ljava/lang/Object; < extends Ljava/lang/Object, implements []
COMPONENT CONCAT > Lcom/adpmobile/android/offlinepunch/model/OfflinePunchManager_Factory;->get()Lcom/adpmobile/android/offlinepunch/model/OfflinePunchManager; < extends Ljava/lang/Object, implements ['Lzg/c']
COMPONENT CONCAT > Lcom/adpmobile/android/offlinepunch/p;->i(ZLjava/lang/String;Lri/l;)V < extends Ljava/lang/Object, implements []
COMPONENT CONCAT > Lcom/adpmobile/android/offlinepunch/ui/transfer/OfflineTransferFragment$d;->invoke(Lkotlinx/coroutines/l0;Lkotlin/coroutines/d;)Ljava/lang/Object; < extends Ljava/lang/Object, implements ['Lri/p', 'Lkotlin/jvm/internal/FunctionBase', 'Lkotlin/coroutines/d', 'Lkotlin/coroutines/jvm/internal/e', 'Ljava/io/Serializable']
COMPONENT CONCAT > Lcom/adpmobile/android/offlinepunch/model/transfer/OnlinePunchTransferCodes$downloadDataForKey$2;->create(Ljava/lang/Object;Lkotlin/coroutines/d;)Lkotlin/coroutines/d; < extends Ljava/lang/Object, implements ['Lri/p', 'Lkotlin/jvm/internal/FunctionBase', 'Lkotlin/coroutines/d', 'Lkotlin/coroutines/jvm/internal/e', 'Ljava/io/Serializable']
COMPONENT CONCAT > Lcom/adpmobile/android/offlinepunch/model/SerializedTransfer;->readObject(Ljava/io/ObjectInputStream;)V < extends Ljava/lang/Object, implements ['Ljava/io/Serializable']
COMPONENT CONCAT > Lcom/adpmobile/android/remoteconfig/b;->b()Lcom/adpmobile/android/remoteconfig/MobileConfig; < extends Ljava/lang/Object, implements ['Lcom/adpmobile/android/remoteconfig/e']
COMPONENT CONCAT > Lcom/adp/mobilechat/di/DaggerChatComponent$ChatComponentImpl;->chatRepository()Lcom/adp/mobilechat/repository/ChatRepository; < extends Ljava/lang/Object, implements ['Lcom/adp/mobilechat/di/ChatComponent']
COMPONENT CONCAT > Lcom/adpmobile/android/plugins/CompanionAppPlugin$b;->invoke(Ljava/lang/Object;Ljava/lang/Object;)Ljava/lang/Object; < extends Ljava/lang/Object, implements ['Lri/p', 'Lkotlin/jvm/internal/FunctionBase', 'Lkotlin/coroutines/d', 'Lkotlin/coroutines/jvm/internal/e', 'Ljava/io/Serializable']
COMPONENT CONCAT > Lcom/adpmobile/android/offlinepunch/ui/f0$p;->invoke(Lkotlinx/coroutines/l0;Lkotlin/coroutines/d;)Ljava/lang/Object; < extends Ljava/lang/Object, implements ['Lri/p', 'Lkotlin/jvm/internal/FunctionBase', 'Lkotlin/coroutines/d', 'Lkotlin/coroutines/jvm/internal/e', 'Ljava/io/Serializable']
COMPONENT CONCAT > Lg5/n;->c(Lg5/e;Lq4/a;Lcom/adpmobile/android/offlinepunch/j;Lf5/b;La6/a;Lsf/e;Landroid/content/SharedPreferences;Lcom/adpmobile/android/f;)Lcom/adpmobile/android/offlinepunch/viewmodel/h; < extends Ljava/lang/Object, implements ['Lzg/c']
COMPONENT CONCAT > Lcom/adpmobile/android/offlinepunch/timesors/a$b;->create(Ljava/lang/Object;Lkotlin/coroutines/d;)Lkotlin/coroutines/d; < extends Ljava/lang/Object, implements ['Lri/p', 'Lkotlin/jvm/internal/FunctionBase', 'Lkotlin/coroutines/d', 'Lkotlin/coroutines/jvm/internal/e', 'Ljava/io/Serializable']
COMPONENT CONCAT > Lcom/adpmobile/android/offlinepunch/j;->f(Lcom/adpmobile/android/offlinepunch/model/ClockPunch;Lkotlin/coroutines/d;)Ljava/lang/Object; < extends Ljava/lang/Object, implements []
COMPONENT CONCAT > Lcom/adpmobile/android/offlinepunch/model/OfflinePunchManager$doPunchSync$3;->invoke(Lkotlinx/coroutines/l0;Lkotlin/coroutines/d;)Ljava/lang/Object; < extends Ljava/lang/Object, implements ['Lri/p', 'Lkotlin/jvm/internal/FunctionBase', 'Lkotlin/coroutines/d', 'Lkotlin/coroutines/jvm/internal/e', 'Ljava/io/Serializable']
COMPONENT CONCAT > Lcom/adpmobile/android/offlinepunch/PunchBroadcastReceiver;->a(Lcom/adpmobile/android/offlinepunch/PunchBroadcastReceiver;)V < extends Landroid/content/BroadcastReceiver, implements []
COMPONENT CONCAT > Lcom/adpmobile/android/plugins/FileManagementPlugin;->uploadFiles(Lorg/json/JSONArray;Lorg/apache/cordova/CallbackContext;Lkotlin/coroutines/d;)Ljava/lang/Object; < extends Ljava/lang/Object, implements ['Lkotlinx/coroutines/l0']
COMPONENT CONCAT > Lcom/adpmobile/android/remoteconfig/c;->b()Lcom/adpmobile/android/remoteconfig/MobileConfig; < extends Ljava/lang/Object, implements ['Lcom/adpmobile/android/remoteconfig/e']
COMPONENT CONCAT > Lcom/adpmobile/android/offlinepunch/j$e;->invoke(Ljava/lang/Object;Ljava/lang/Object;)Ljava/lang/Object; < extends Ljava/lang/Object, implements ['Lri/p', 'Lkotlin/jvm/internal/FunctionBase', 'Lkotlin/coroutines/d', 'Lkotlin/coroutines/jvm/internal/e', 'Ljava/io/Serializable']
COMPONENT CONCAT > Lcom/adpmobile/android/flutter/j;->E()Lcom/adp/myadp/flutter/myadp_shared_plugin/nativeapi/NativeApi$v0; < extends Ljava/lang/Object, implements ['Lcom/adp/myadp/flutter/myadp_shared_plugin/nativeapi/NativeApi$z0', 'Lcom/adp/myadp/flutter/myadp_shared_plugin/nativeapi/NativeApi$e', 'Lcom/adp/myadp/flutter/myadp_shared_plugin/nativeapi/NativeApi$i', 'Lcom/adp/mobilechat/bridge/FlutterFace']
COMPONENT CONCAT > Lcom/adp/mobilechat/repository/GenCloudMessageManager;->onPureCloudMessage(Ljava/lang/String;Lkotlin/coroutines/d;)Ljava/lang/Object; < extends Ljava/lang/Object, implements []
COMPONENT CONCAT > Lcom/adpmobile/android/offlinepunch/model/OfflinePunchManager;->access$downloadDataForKey(Lcom/adpmobile/android/offlinepunch/model/OfflinePunchManager;Ljava/lang/String;La6/a;Lcom/adpmobile/android/networking/k;Lcom/adpmobile/android/networking/tokenauth/e;Ljava/lang/String;Lkotlin/coroutines/d;)Ljava/lang/Object; < extends Ljava/lang/Object, implements ['Lcom/adpmobile/android/offlinepunch/k', 'Lcom/adpmobile/android/networking/b0']
COMPONENT CONCAT > Lcom/adp/mobilechat/repository/GenCloudMessageManager$getConversationMember$2;->invoke(Lkotlinx/coroutines/l0;Lkotlin/coroutines/d;)Ljava/lang/Object; < extends Ljava/lang/Object, implements ['Lri/p', 'Lkotlin/jvm/internal/FunctionBase', 'Lkotlin/coroutines/d', 'Lkotlin/coroutines/jvm/internal/e', 'Ljava/io/Serializable']
COMPONENT CONCAT > Lcom/adpmobile/android/offlinepunch/ui/transfer/OfflineTransferFragment$j;->invoke(Lkotlinx/coroutines/l0;Lkotlin/coroutines/d;)Ljava/lang/Object; < extends Ljava/lang/Object, implements ['Lri/p', 'Lkotlin/jvm/internal/FunctionBase', 'Lkotlin/coroutines/d', 'Lkotlin/coroutines/jvm/internal/e', 'Ljava/io/Serializable']
COMPONENT CONCAT > Lcom/adpmobile/android/offlinepunch/model/OfflinePunchManager;->access$updateAvailability(Lcom/adpmobile/android/offlinepunch/model/OfflinePunchManager;)V < extends Ljava/lang/Object, implements ['Lcom/adpmobile/android/offlinepunch/k', 'Lcom/adpmobile/android/networking/b0']
COMPONENT CONCAT > Lcom/adpmobile/android/offlinepunch/j$c;->invokeSuspend(Ljava/lang/Object;)Ljava/lang/Object; < extends Ljava/lang/Object, implements ['Lri/p', 'Lkotlin/jvm/internal/FunctionBase', 'Lkotlin/coroutines/d', 'Lkotlin/coroutines/jvm/internal/e', 'Ljava/io/Serializable']
COMPONENT CONCAT > Lcom/adpmobile/android/offlinepunch/model/OnlinePunchManager;->doPunchSubmitRequest(Ljava/lang/String;Ljava/lang/String;Ljava/util/Map;Lcom/adpmobile/android/networking/tokenauth/e;Lkotlin/coroutines/d;)Ljava/lang/Object; < extends Ljava/lang/Object, implements ['Lcom/adpmobile/android/offlinepunch/k']
COMPONENT CONCAT > Lcom/adpmobile/android/offlinepunch/model/OfflinePunchManager$initialize$1$1;->create(Ljava/lang/Object;Lkotlin/coroutines/d;)Lkotlin/coroutines/d; < extends Ljava/lang/Object, implements ['Lri/p', 'Lkotlin/jvm/internal/FunctionBase', 'Lkotlin/coroutines/d', 'Lkotlin/coroutines/jvm/internal/e', 'Ljava/io/Serializable']
COMPONENT CONCAT > Lcom/adpmobile/android/sso/ADPNativeSSOManager;->M(Ljava/lang/String;)V < extends Ljava/lang/Object, implements ['Ld6/c']
COMPONENT CONCAT > Lcom/adpmobile/android/offlinepunch/j$h;->invoke(Ljava/lang/Object;Ljava/lang/Object;)Ljava/lang/Object; < extends Ljava/lang/Object, implements ['Lri/p', 'Lkotlin/jvm/internal/FunctionBase', 'Lkotlin/coroutines/d', 'Lkotlin/coroutines/jvm/internal/e', 'Ljava/io/Serializable']
COMPONENT CONCAT > Lcom/adpmobile/android/offlinepunch/model/OfflinePunchManager;->clearUserData()V < extends Ljava/lang/Object, implements ['Lcom/adpmobile/android/offlinepunch/k', 'Lcom/adpmobile/android/networking/b0']
COMPONENT CONCAT > Lcom/adpmobile/android/offlinepunch/model/transfer/OnlinePunchTransferCodes;->downloadDataForKey(Lcom/adpmobile/android/offlinepunch/model/ListItem;La6/a;Lcom/adpmobile/android/networking/k;Lcom/adpmobile/android/networking/tokenauth/e;Ljava/lang/String;Ljava/lang/String;Ljava/lang/String;Lkotlin/coroutines/d;)Ljava/lang/Object; < extends Ljava/lang/Object, implements []
COMPONENT CONCAT > Lcom/adpmobile/android/offlinepunch/jobs/MetaFetchJob$b;->invokeSuspend(Ljava/lang/Object;)Ljava/lang/Object; < extends Ljava/lang/Object, implements ['Lri/p', 'Lkotlin/jvm/internal/FunctionBase', 'Lkotlin/coroutines/d', 'Lkotlin/coroutines/jvm/internal/e', 'Ljava/io/Serializable']
COMPONENT CONCAT > Lcom/adpmobile/android/plugins/MapPlugin;->showMap(Lorg/json/JSONArray;Lorg/apache/cordova/CallbackContext;Lkotlin/coroutines/d;)Ljava/lang/Object; < extends Ljava/lang/Object, implements ['Lkotlinx/coroutines/l0']
COMPONENT CONCAT > Lcom/adpmobile/android/ui/MainActivity$l0;->create(Ljava/lang/Object;Lkotlin/coroutines/d;)Lkotlin/coroutines/d; < extends Ljava/lang/Object, implements ['Lri/p', 'Lkotlin/jvm/internal/FunctionBase', 'Lkotlin/coroutines/d', 'Lkotlin/coroutines/jvm/internal/e', 'Ljava/io/Serializable']
COMPONENT CONCAT > Lcom/adpmobile/android/offlinepunch/p;->j(Ljava/lang/String;Ljava/lang/String;Ljava/lang/String;Lri/l;)V < extends Ljava/lang/Object, implements []
COMPONENT CONCAT > Lcom/adpmobile/android/flutter/j;->H0(Lcom/adp/myadp/flutter/myadp_shared_plugin/nativeapi/NativeApi$w1;Lcom/adp/myadp/flutter/myadp_shared_plugin/nativeapi/NativeApi$h2;)V < extends Ljava/lang/Object, implements ['Lcom/adp/myadp/flutter/myadp_shared_plugin/nativeapi/NativeApi$z0', 'Lcom/adp/myadp/flutter/myadp_shared_plugin/nativeapi/NativeApi$e', 'Lcom/adp/myadp/flutter/myadp_shared_plugin/nativeapi/NativeApi$i', 'Lcom/adp/mobilechat/bridge/FlutterFace']
COMPONENT CONCAT > Lcom/adpmobile/android/auth/b;->A0()V < extends Ljava/lang/Object, implements []
COMPONENT CONCAT > Lcom/adpmobile/android/offlinepunch/p$c;->create(Ljava/lang/Object;Lkotlin/coroutines/d;)Lkotlin/coroutines/d; < extends Ljava/lang/Object, implements ['Lri/p', 'Lkotlin/jvm/internal/FunctionBase', 'Lkotlin/coroutines/d', 'Lkotlin/coroutines/jvm/internal/e', 'Ljava/io/Serializable']
COMPONENT CONCAT > Lcom/adpmobile/android/offlinepunch/p;->k()V < extends Ljava/lang/Object, implements []
COMPONENT CONCAT > Lcom/adpmobile/android/offlinepunch/model/OfflinePunchManager$offlinePunchShouldUpdateUserData$1$1;->invoke(Lkotlinx/coroutines/l0;Lkotlin/coroutines/d;)Ljava/lang/Object; < extends Ljava/lang/Object, implements ['Lri/p', 'Lkotlin/jvm/internal/FunctionBase', 'Lkotlin/coroutines/d', 'Lkotlin/coroutines/jvm/internal/e', 'Ljava/io/Serializable']
COMPONENT CONCAT > Lcom/adpmobile/android/flutter/j$n$a;->invoke(Lkotlinx/coroutines/l0;Lkotlin/coroutines/d;)Ljava/lang/Object; < extends Ljava/lang/Object, implements ['Lri/p', 'Lkotlin/jvm/internal/FunctionBase', 'Lkotlin/coroutines/d', 'Lkotlin/coroutines/jvm/internal/e', 'Ljava/io/Serializable']
COMPONENT CONCAT > Lcom/adpmobile/android/offlinepunch/j;->s0()V < extends Ljava/lang/Object, implements []
COMPONENT CONCAT > Lcom/adpmobile/android/offlinepunch/model/OfflinePunchManager;->getTimeSettingsConfigurationUrl$default(Lcom/adpmobile/android/offlinepunch/model/OfflinePunchManager;Lcom/adpmobile/android/networking/tokenauth/e;ILjava/lang/Object;)Ljava/lang/String; < extends Ljava/lang/Object, implements ['Lcom/adpmobile/android/offlinepunch/k', 'Lcom/adpmobile/android/networking/b0']
COMPONENT CONCAT > Lcom/adpmobile/android/offlinepunch/j$e$b;->create(Ljava/lang/Object;Lkotlin/coroutines/d;)Lkotlin/coroutines/d; < extends Ljava/lang/Object, implements ['Lri/p', 'Lkotlin/jvm/internal/FunctionBase', 'Lkotlin/coroutines/d', 'Lkotlin/coroutines/jvm/internal/e', 'Ljava/io/Serializable']
COMPONENT CONCAT > Lcom/adpmobile/android/offlinepunch/model/OfflinePunchManager;->clearUserData(Ljava/lang/String;)V < extends Ljava/lang/Object, implements ['Lcom/adpmobile/android/offlinepunch/k', 'Lcom/adpmobile/android/networking/b0']
COMPONENT CONCAT > Lcom/adp/mobilechat/repository/ChatRepository;->checkAvailability(Lcom/adp/mobilechat/models/ChatConfig;Lkotlin/coroutines/d;)Ljava/lang/Object; < extends Ljava/lang/Object, implements []
COMPONENT CONCAT > Lcom/adpmobile/android/offlinepunch/model/OfflinePunchManager$initialize$1$1$1$1$1$1$2$1;->invoke(Ljava/lang/Object;Ljava/lang/Object;)Ljava/lang/Object; < extends Ljava/lang/Object, implements ['Lri/p', 'Lkotlin/jvm/internal/FunctionBase', 'Lkotlin/coroutines/d', 'Lkotlin/coroutines/jvm/internal/e', 'Ljava/io/Serializable']
COMPONENT CONCAT > Lcom/adpmobile/android/offlinepunch/model/OfflinePunchManager;->downloadAdditionalCodes(Lcom/adpmobile/android/offlinepunch/model/OfflinePunchMeta;Lcom/adpmobile/android/networking/tokenauth/e;Lkotlin/coroutines/d;)Ljava/lang/Object; < extends Ljava/lang/Object, implements ['Lcom/adpmobile/android/offlinepunch/k', 'Lcom/adpmobile/android/networking/b0']
COMPONENT CONCAT > Lcom/adp/mobilechat/viewmodels/ChatViewModel$continueLiveAgentService$1$sessionStarted$1;->invoke(Ljava/lang/Object;Ljava/lang/Object;)Ljava/lang/Object; < extends Ljava/lang/Object, implements ['Lri/p', 'Lkotlin/jvm/internal/FunctionBase', 'Lkotlin/coroutines/d', 'Lkotlin/coroutines/jvm/internal/e', 'Ljava/io/Serializable']
COMPONENT CONCAT > Lcom/adpmobile/android/networking/tokenauth/e;->m(Ljava/lang/String;Lkotlin/coroutines/d;)Ljava/lang/Object; < extends Ljava/lang/Object, implements []
COMPONENT CONCAT > Lcom/adpmobile/android/offlinepunch/model/OnlinePunchManager$getMultipositionWorkerData$1;->invokeSuspend(Ljava/lang/Object;)Ljava/lang/Object; < extends Ljava/lang/Object, implements ['Lkotlin/coroutines/d', 'Lkotlin/coroutines/jvm/internal/e', 'Ljava/io/Serializable']
COMPONENT CONCAT > Lcom/adp/mobilechat/repository/ChatRepository$getChannels$2;->invoke(Ljava/lang/Object;Ljava/lang/Object;)Ljava/lang/Object; < extends Ljava/lang/Object, implements ['Lri/p', 'Lkotlin/jvm/internal/FunctionBase', 'Lkotlin/coroutines/d', 'Lkotlin/coroutines/jvm/internal/e', 'Ljava/io/Serializable']
COMPONENT CONCAT > Lcom/adpmobile/android/sso/ADPNativeSSOManager;->O(Ljava/lang/String;)V < extends Ljava/lang/Object, implements ['Ld6/c']
COMPONENT CONCAT > Lcom/adp/mobilechat/repository/GenCloudMessageManager$WebMessaging$startLiveAgentService$2$1$1;->invoke(Ljava/lang/String;Lkotlin/coroutines/d;)Ljava/lang/Object; < extends Ljava/lang/Object, implements ['Lri/p', 'Lkotlin/jvm/internal/FunctionBase', 'Lkotlin/coroutines/d', 'Lkotlin/coroutines/jvm/internal/e', 'Ljava/io/Serializable']
COMPONENT CONCAT > Lcom/adpmobile/android/auth/i$j$c$a;->invoke(Lkotlinx/coroutines/l0;Lkotlin/coroutines/d;)Ljava/lang/Object; < extends Ljava/lang/Object, implements ['Lri/p', 'Lkotlin/jvm/internal/FunctionBase', 'Lkotlin/coroutines/d', 'Lkotlin/coroutines/jvm/internal/e', 'Ljava/io/Serializable']
COMPONENT CONCAT > Lcom/adpmobile/android/offlinepunch/j;->w()Lcom/adpmobile/android/offlinepunch/n; < extends Ljava/lang/Object, implements []
COMPONENT CONCAT > Lcom/adpmobile/android/offlinepunch/model/OfflinePunchManager;->saveMetaTimestamp$default(Lcom/adpmobile/android/offlinepunch/model/OfflinePunchManager;JLjava/lang/String;ILjava/lang/Object;)J < extends Ljava/lang/Object, implements ['Lcom/adpmobile/android/offlinepunch/k', 'Lcom/adpmobile/android/networking/b0']
COMPONENT CONCAT > Lcom/adpmobile/android/networking/k$k;->invokeSuspend(Ljava/lang/Object;)Ljava/lang/Object; < extends Ljava/lang/Object, implements ['Lkotlin/coroutines/d', 'Lkotlin/coroutines/jvm/internal/e', 'Ljava/io/Serializable']
COMPONENT CONCAT > Lcom/adpmobile/android/offlinepunch/model/OfflinePunchManager;->getMeta()Ljava/lang/String; < extends Ljava/lang/Object, implements ['Lcom/adpmobile/android/offlinepunch/k', 'Lcom/adpmobile/android/networking/b0']
COMPONENT CONCAT > Lcom/adpmobile/android/offlinepunch/model/OnlinePunchManager$doPunchSync$1;->invokeSuspend(Ljava/lang/Object;)Ljava/lang/Object; < extends Ljava/lang/Object, implements ['Lkotlin/coroutines/d', 'Lkotlin/coroutines/jvm/internal/e', 'Ljava/io/Serializable']
COMPONENT CONCAT > Lcom/adpmobile/android/offlinepunch/model/OnlinePunchManager$getClockEntriesFromServer$2;->invoke(Lkotlinx/coroutines/l0;Lkotlin/coroutines/d;)Ljava/lang/Object; < extends Ljava/lang/Object, implements ['Lri/p', 'Lkotlin/jvm/internal/FunctionBase', 'Lkotlin/coroutines/d', 'Lkotlin/coroutines/jvm/internal/e', 'Ljava/io/Serializable']
COMPONENT CONCAT > Lcom/adp/mobilechat/repository/ChatRepository$processChatBotMessages$2$success$1$1;->invoke(Lkotlinx/coroutines/l0;Lkotlin/coroutines/d;)Ljava/lang/Object; < extends Ljava/lang/Object, implements ['Lri/p', 'Lkotlin/jvm/internal/FunctionBase', 'Lkotlin/coroutines/d', 'Lkotlin/coroutines/jvm/internal/e', 'Ljava/io/Serializable']
COMPONENT CONCAT > Lcom/adpmobile/android/auth/i$r;->invoke(Lkotlinx/coroutines/l0;Lkotlin/coroutines/d;)Ljava/lang/Object; < extends Ljava/lang/Object, implements ['Lri/p', 'Lkotlin/jvm/internal/FunctionBase', 'Lkotlin/coroutines/d', 'Lkotlin/coroutines/jvm/internal/e', 'Ljava/io/Serializable']
COMPONENT CONCAT > Lcom/adpmobile/android/flutter/j;->K(Ljava/lang/String;Lcom/adp/myadp/flutter/myadp_shared_plugin/nativeapi/NativeApi$h2;)V < extends Ljava/lang/Object, implements ['Lcom/adp/myadp/flutter/myadp_shared_plugin/nativeapi/NativeApi$z0', 'Lcom/adp/myadp/flutter/myadp_shared_plugin/nativeapi/NativeApi$e', 'Lcom/adp/myadp/flutter/myadp_shared_plugin/nativeapi/NativeApi$i', 'Lcom/adp/mobilechat/bridge/FlutterFace']
COMPONENT CONCAT > Lcom/adpmobile/android/offlinepunch/viewmodel/g$b;->invoke(Ljava/lang/Object;Ljava/lang/Object;)Ljava/lang/Object; < extends Ljava/lang/Object, implements ['Lri/p', 'Lkotlin/jvm/internal/FunctionBase', 'Lkotlin/coroutines/d', 'Lkotlin/coroutines/jvm/internal/e', 'Ljava/io/Serializable']
COMPONENT CONCAT > Lcom/adp/mobileocr/ui/OcrFragmentPayDocMgmt;->M0(Lf/a;)V < extends Landroidx/fragment/app/Fragment, implements ['Landroid/content/ComponentCallbacks', 'Landroid/view/View$OnCreateContextMenuListener', 'Landroidx/lifecycle/LifecycleOwner', 'Landroidx/lifecycle/ViewModelStoreOwner', 'Landroidx/lifecycle/HasDefaultViewModelProviderFactory', 'Lo2/f']
COMPONENT CONCAT > Lcom/adpmobile/android/networking/tokenauth/e;->o(Ljava/lang/String;Ljava/lang/String;Ljava/lang/String;Lkotlin/coroutines/d;)Ljava/lang/Object; < extends Ljava/lang/Object, implements []
COMPONENT CONCAT > Lcom/adpmobile/android/offlinepunch/ui/f0;->k(I)Z < extends Ljava/lang/Object, implements ['Lcom/adpmobile/android/offlinepunch/f']
COMPONENT CONCAT > Lcom/adpmobile/android/offlinepunch/model/time/TimeOffReviewResponse;->hashCode()I < extends Ljava/lang/Object, implements []
