COMPONENT CONCAT > Lcom/draftkings/xit/gaming/sportsbook/dagger/SdkModule_ProvidesFanaticBaseDomainFactory;->get()Ljava/lang/Object; < extends Ljava/lang/Object, implements ['Ldagger/internal/Factory']
COMPONENT CONCAT > Lcom/draftkings/xit/gaming/casino/di/SdkModule_ProvideBrandConfigFactory;->get()Ljava/lang/Object; < extends Ljava/lang/Object, implements ['Ldagger/internal/Factory']
COMPONENT CONCAT > Lcom/microsoft/appcenter/ingestion/models/one/CommonSchemaLog;->read(Lorg/json/JSONObject;)V < extends Ljava/lang/Object, implements ['Lcom/microsoft/appcenter/ingestion/models/Log']
COMPONENT CONCAT > Lcom/draftkings/xit/gaming/sportsbook/pubsub/SportsbookSdkPusherClient;->subscribe(Ljava/lang/String;Ljava/lang/String;Lkotlin/jvm/functions/Function1;Ljava/lang/reflect/Type;)Lkotlin/jvm/functions/Function0; < extends Ljava/lang/Object, implements ['Lcom/draftkings/pubsub/PubSubManager']
COMPONENT CONCAT > Lcom/microsoft/appcenter/AppCenter;->setLogLevel(I)V < extends Ljava/lang/Object, implements []
COMPONENT CONCAT > Lcom/microsoft/appcenter/AppCenter;->setWrapperSdk(Lcom/microsoft/appcenter/ingestion/models/WrapperSdk;)V < extends Ljava/lang/Object, implements []
COMPONENT CONCAT > Lcom/microsoft/appcenter/AppCenter;->setUserId(Ljava/lang/String;)V < extends Ljava/lang/Object, implements []
COMPONENT CONCAT > Lcom/microsoft/appcenter/AppCenter;->isEnabled()Lcom/microsoft/appcenter/utils/async/AppCenterFuture; < extends Ljava/lang/Object, implements []
COMPONENT CONCAT > Lcom/microsoft/appcenter/AppCenter;->start(Landroid/app/Application;[Ljava/lang/Class;)V < extends Ljava/lang/Object, implements []
COMPONENT CONCAT > Lcom/microsoft/appcenter/analytics/AnalyticsTransmissionTarget;->addAuthenticationProvider(Lcom/microsoft/appcenter/analytics/AuthenticationProvider;)V < extends Ljava/lang/Object, implements []
COMPONENT CONCAT > Lcom/microsoft/appcenter/AppCenter;->configure(Landroid/app/Application;)V < extends Ljava/lang/Object, implements []
COMPONENT CONCAT > Lcom/microsoft/appcenter/AppCenter;->getInstallId()Lcom/microsoft/appcenter/utils/async/AppCenterFuture; < extends Ljava/lang/Object, implements []
COMPONENT CONCAT > Lcom/microsoft/appcenter/UncaughtExceptionHandler;->uncaughtException(Ljava/lang/Thread;Ljava/lang/Throwable;)V < extends Ljava/lang/Object, implements ['Ljava/lang/Thread$UncaughtExceptionHandler']
COMPONENT CONCAT > Lcom/microsoft/appcenter/AppCenter;->start(Landroid/app/Application;Ljava/lang/String;[Ljava/lang/Class;)V < extends Ljava/lang/Object, implements []
COMPONENT CONCAT > Lcom/microsoft/appcenter/AppCenter;->setCustomProperties(Lcom/microsoft/appcenter/CustomProperties;)V < extends Ljava/lang/Object, implements []
COMPONENT CONCAT > Lcom/microsoft/appcenter/AppCenter;->setLogUrl(Ljava/lang/String;)V < extends Ljava/lang/Object, implements []
COMPONENT CONCAT > Lcom/microsoft/appcenter/AppCenter;->startFromLibrary(Landroid/content/Context;[Ljava/lang/Class;)V < extends Ljava/lang/Object, implements []
COMPONENT CONCAT > Lcom/microsoft/appcenter/AppCenter;->setMaxStorageSize(J)Lcom/microsoft/appcenter/utils/async/AppCenterFuture; < extends Ljava/lang/Object, implements []
COMPONENT CONCAT > Lcom/microsoft/appcenter/AppCenter;->configure(Landroid/app/Application;Ljava/lang/String;)V < extends Ljava/lang/Object, implements []
COMPONENT CONCAT > Lcom/microsoft/appcenter/analytics/Analytics;->getTransmissionTarget(Ljava/lang/String;)Lcom/microsoft/appcenter/analytics/AnalyticsTransmissionTarget; < extends Ljava/lang/Object, implements ['Lcom/microsoft/appcenter/AppCenterService']
COMPONENT CONCAT > Lcom/microsoft/appcenter/AppCenter;->setEnabled(Z)Lcom/microsoft/appcenter/utils/async/AppCenterFuture; < extends Ljava/lang/Object, implements []
COMPONENT CONCAT > Lcom/microsoft/appcenter/AppCenter;->start([Ljava/lang/Class;)V < extends Ljava/lang/Object, implements []
COMPONENT CONCAT > Lcom/draftkings/views/CasinoLobbyView_MembersInjector;->injectMembers(Ljava/lang/Object;)V < extends Ljava/lang/Object, implements ['Ldagger/MembersInjector']
COMPONENT CONCAT > Lcom/draftkings/xit/gaming/sportsbook/compat/FavoritesView_MembersInjector;->injectMembers(Ljava/lang/Object;)V < extends Ljava/lang/Object, implements ['Ldagger/MembersInjector']
COMPONENT CONCAT > Lcom/draftkings/xit/gaming/core/networking/interceptor/HttpRetryInterceptor;->intercept(Lokhttp3/Interceptor$Chain;)Lokhttp3/Response; < extends Ljava/lang/Object, implements ['Lokhttp3/Interceptor']
COMPONENT CONCAT > Lcom/draftkings/xit/gaming/sportsbook/compat/EventPageView_MembersInjector;->injectMembers(Ljava/lang/Object;)V < extends Ljava/lang/Object, implements ['Ldagger/MembersInjector']
COMPONENT CONCAT > Lbo/app/w;->a(Ljava/lang/String;)Lbo/app/u1; < extends Ljava/lang/Object, implements ['Lbo/app/a2']
COMPONENT CONCAT > Lcom/draftkings/accountplatform/AccountPlatformSession;->loginComposable(Landroid/content/Context;Landroid/content/Intent;Lkotlin/jvm/functions/Function1;Lkotlin/jvm/functions/Function1;)V < extends Ljava/lang/Object, implements []
COMPONENT CONCAT > Lcom/draftkings/accountplatform/AuthenticationManager;->logInV4$default(Lcom/draftkings/accountplatform/AuthenticationManager;Landroid/content/Context;Lcom/draftkings/mobilebase/DKMobileBaseAppHost;Ljava/lang/String;Ljava/lang/String;Lcom/google/common/base/Optional;Ljava/lang/String;Ljava/lang/String;Ljava/lang/String;Lkotlin/jvm/functions/Function1;Lkotlin/jvm/functions/Function1;ILjava/lang/Object;)V < extends Ljava/lang/Object, implements []
COMPONENT CONCAT > Lcom/draftkings/accountplatform/biometrics/BiometricAuthenticator;->executeStrongAuthLoginV4Request$default(Lcom/draftkings/accountplatform/biometrics/BiometricAuthenticator;Lcom/draftkings/accountplatform/biometrics/UserCredentials;Ljava/lang/String;Ljava/lang/String;Lkotlin/jvm/functions/Function1;ILjava/lang/Object;)V < extends Ljava/lang/Object, implements []
COMPONENT CONCAT > Lcom/draftkings/xamarin_integration/X_APEnvironmentConfiguration;->getJurisdictionalCompliance(Landroid/content/Context;Lcom/draftkings/mobilebase/DKMobileBaseAppHost;Lkotlin/jvm/functions/Function1;)V < extends Ljava/lang/Object, implements []
COMPONENT CONCAT > LX_APSession;->login$default(LX_APSession;Landroid/content/Context;Lcom/draftkings/mobilebase/DKMobileBaseAppHost;Ljava/lang/String;Ljava/lang/String;ZLcom/draftkings/accountplatform/apiclient/configuration/DKOperator;ZLkotlin/jvm/functions/Function1;Lkotlin/jvm/functions/Function1;ILjava/lang/Object;)V < extends Ljava/lang/Object, implements []
COMPONENT CONCAT > Lcom/draftkings/xit/gaming/sportsbook/compat/TeamPageView_MembersInjector;->injectMembers(Ljava/lang/Object;)V < extends Ljava/lang/Object, implements ['Ldagger/MembersInjector']
COMPONENT CONCAT > Lcom/draftkings/xit/gaming/sportsbook/dagger/SdkModule_ProvidesScoutBaseDomainFactory;->get()Ljava/lang/Object; < extends Ljava/lang/Object, implements ['Ldagger/internal/Factory']
COMPONENT CONCAT > Lcom/draftkings/xit/gaming/sportsbook/util/LeaguePlayerImageProvider;->getPlayerImage(Ljava/lang/String;Ljava/lang/String;Lcom/draftkings/xit/gaming/sportsbook/util/PlayerImageSize;)Ljava/lang/String; < extends Ljava/lang/Object, implements ['Lcom/draftkings/xit/gaming/sportsbook/init/PlayerImageProvider']
COMPONENT CONCAT > Lbo/app/n4;->a(Lbo/app/l2;)V < extends Ljava/lang/Object, implements ['Lbo/app/m2']
COMPONENT CONCAT > Lbo/app/n4;->b(Lbo/app/l2;)V < extends Ljava/lang/Object, implements ['Lbo/app/m2']
COMPONENT CONCAT > Lcom/draftkings/xit/gaming/sportsbook/util/MarketsStateUtil;->append$default(Lcom/draftkings/xit/gaming/sportsbook/util/MarketsStateUtil;Lcom/draftkings/xit/gaming/sportsbook/networking/api/contract/markets/MarketsState;Lcom/draftkings/xit/gaming/sportsbook/repository/markets/MarketsActions$Add;ZZILjava/lang/Object;)Lcom/draftkings/xit/gaming/sportsbook/networking/api/contract/markets/MarketsState; < extends Ljava/lang/Object, implements []
COMPONENT CONCAT > Lcom/draftkings/xit/gaming/sportsbook/compat/LeaguePageView_MembersInjector;->injectMembers(Ljava/lang/Object;)V < extends Ljava/lang/Object, implements ['Ldagger/MembersInjector']
COMPONENT CONCAT > Lcom/draftkings/xit/gaming/sportsbook/compat/LiveInGameView_MembersInjector;->injectMembers(Ljava/lang/Object;)V < extends Ljava/lang/Object, implements ['Ldagger/MembersInjector']
COMPONENT CONCAT > Lcom/draftkings/xit/gaming/sportsbook/compat/GamelinesView_MembersInjector;->injectMembers(Ljava/lang/Object;)V < extends Ljava/lang/Object, implements ['Ldagger/MembersInjector']
COMPONENT CONCAT > Lcom/draftkings/xit/gaming/sportsbook/compat/TestLiveInGameView_MembersInjector;->injectMembers(Ljava/lang/Object;)V < extends Ljava/lang/Object, implements ['Ldagger/MembersInjector']
COMPONENT CONCAT > Lio/reactivex/internal/operators/parallel/ParallelJoin;->subscribeActual(Lorg/reactivestreams/Subscriber;)V < extends Ljava/lang/Object, implements ['Lorg/reactivestreams/Publisher']
COMPONENT CONCAT > Lio/reactivex/internal/operators/flowable/FlowablePublishMulticast;->subscribeActual(Lorg/reactivestreams/Subscriber;)V < extends Ljava/lang/Object, implements ['Lio/reactivex/internal/fuseable/HasUpstreamPublisher', 'Lorg/reactivestreams/Publisher']
COMPONENT CONCAT > Lio/reactivex/internal/operators/flowable/FlowableGenerate;->subscribeActual(Lorg/reactivestreams/Subscriber;)V < extends Ljava/lang/Object, implements ['Lorg/reactivestreams/Publisher']
COMPONENT CONCAT > Lio/reactivex/internal/operators/flowable/FlowableAmb;->subscribeActual(Lorg/reactivestreams/Subscriber;)V < extends Ljava/lang/Object, implements ['Lorg/reactivestreams/Publisher']
COMPONENT CONCAT > Lio/reactivex/internal/operators/flowable/FlowableFilter;->subscribeActual(Lorg/reactivestreams/Subscriber;)V < extends Ljava/lang/Object, implements ['Lio/reactivex/internal/fuseable/HasUpstreamPublisher', 'Lorg/reactivestreams/Publisher']
COMPONENT CONCAT > Lio/reactivex/internal/operators/flowable/FlowableGroupJoin;->subscribeActual(Lorg/reactivestreams/Subscriber;)V < extends Ljava/lang/Object, implements ['Lio/reactivex/internal/fuseable/HasUpstreamPublisher', 'Lorg/reactivestreams/Publisher']
COMPONENT CONCAT > Lio/reactivex/internal/operators/parallel/ParallelMap;->subscribe([Lorg/reactivestreams/Subscriber;)V < extends Ljava/lang/Object, implements []
COMPONENT CONCAT > Lio/reactivex/internal/operators/parallel/ParallelPeek;->subscribe([Lorg/reactivestreams/Subscriber;)V < extends Ljava/lang/Object, implements []
COMPONENT CONCAT > Lio/reactivex/internal/operators/flowable/FlowableBuffer;->subscribeActual(Lorg/reactivestreams/Subscriber;)V < extends Ljava/lang/Object, implements ['Lio/reactivex/internal/fuseable/HasUpstreamPublisher', 'Lorg/reactivestreams/Publisher']
COMPONENT CONCAT > Lio/reactivex/internal/operators/flowable/FlowableFlattenIterable;->subscribeActual(Lorg/reactivestreams/Subscriber;)V < extends Ljava/lang/Object, implements ['Lio/reactivex/internal/fuseable/HasUpstreamPublisher', 'Lorg/reactivestreams/Publisher']
COMPONENT CONCAT > Lio/reactivex/processors/MulticastProcessor;->onComplete()V < extends Ljava/lang/Object, implements ['Lorg/reactivestreams/Processor', 'Lio/reactivex/FlowableSubscriber', 'Lorg/reactivestreams/Publisher']
COMPONENT CONCAT > Lio/reactivex/processors/MulticastProcessor;->onNext(Ljava/lang/Object;)V < extends Ljava/lang/Object, implements ['Lorg/reactivestreams/Processor', 'Lio/reactivex/FlowableSubscriber', 'Lorg/reactivestreams/Publisher']
COMPONENT CONCAT > Lio/reactivex/processors/MulticastProcessor;->subscribeActual(Lorg/reactivestreams/Subscriber;)V < extends Ljava/lang/Object, implements ['Lorg/reactivestreams/Processor', 'Lio/reactivex/FlowableSubscriber', 'Lorg/reactivestreams/Publisher']
COMPONENT CONCAT > Lio/reactivex/processors/MulticastProcessor;->offer(Ljava/lang/Object;)Z < extends Ljava/lang/Object, implements ['Lorg/reactivestreams/Processor', 'Lio/reactivex/FlowableSubscriber', 'Lorg/reactivestreams/Publisher']
COMPONENT CONCAT > Lio/reactivex/processors/MulticastProcessor;->onSubscribe(Lorg/reactivestreams/Subscription;)V < extends Ljava/lang/Object, implements ['Lorg/reactivestreams/Processor', 'Lio/reactivex/FlowableSubscriber', 'Lorg/reactivestreams/Publisher']
COMPONENT CONCAT > Lio/reactivex/processors/PublishProcessor;->offer(Ljava/lang/Object;)Z < extends Ljava/lang/Object, implements ['Lorg/reactivestreams/Processor', 'Lio/reactivex/FlowableSubscriber', 'Lorg/reactivestreams/Publisher']
COMPONENT CONCAT > Lio/reactivex/processors/PublishProcessor;->onNext(Ljava/lang/Object;)V < extends Ljava/lang/Object, implements ['Lorg/reactivestreams/Processor', 'Lio/reactivex/FlowableSubscriber', 'Lorg/reactivestreams/Publisher']
COMPONENT CONCAT > Lio/reactivex/internal/operators/flowable/FlowableWithLatestFrom;->subscribeActual(Lorg/reactivestreams/Subscriber;)V < extends Ljava/lang/Object, implements ['Lio/reactivex/internal/fuseable/HasUpstreamPublisher', 'Lorg/reactivestreams/Publisher']
COMPONENT CONCAT > Lio/reactivex/processors/ReplayProcessor;->createWithTime(JLjava/util/concurrent/TimeUnit;Lio/reactivex/Scheduler;)Lio/reactivex/processors/ReplayProcessor; < extends Ljava/lang/Object, implements ['Lorg/reactivestreams/Processor', 'Lio/reactivex/FlowableSubscriber', 'Lorg/reactivestreams/Publisher']
COMPONENT CONCAT > Lio/reactivex/processors/ReplayProcessor;->createWithTimeAndSize(JLjava/util/concurrent/TimeUnit;Lio/reactivex/Scheduler;I)Lio/reactivex/processors/ReplayProcessor; < extends Ljava/lang/Object, implements ['Lorg/reactivestreams/Processor', 'Lio/reactivex/FlowableSubscriber', 'Lorg/reactivestreams/Publisher']
COMPONENT CONCAT > Lio/reactivex/internal/operators/flowable/FlowableRefCount;->subscribeActual(Lorg/reactivestreams/Subscriber;)V < extends Ljava/lang/Object, implements ['Lorg/reactivestreams/Publisher']
COMPONENT CONCAT > Lio/reactivex/internal/operators/flowable/FlowableFromArray;->subscribeActual(Lorg/reactivestreams/Subscriber;)V < extends Ljava/lang/Object, implements ['Lorg/reactivestreams/Publisher']
COMPONENT CONCAT > Lio/reactivex/Flowable;->doOnEach(Lorg/reactivestreams/Subscriber;)Lio/reactivex/Flowable; < extends Ljava/lang/Object, implements ['Lorg/reactivestreams/Publisher']
COMPONENT CONCAT > Lio/reactivex/internal/operators/flowable/FlowableBufferBoundary;->subscribeActual(Lorg/reactivestreams/Subscriber;)V < extends Ljava/lang/Object, implements ['Lio/reactivex/internal/fuseable/HasUpstreamPublisher', 'Lorg/reactivestreams/Publisher']
COMPONENT CONCAT > Lio/reactivex/internal/operators/flowable/FlowableFromIterable;->subscribeActual(Lorg/reactivestreams/Subscriber;)V < extends Ljava/lang/Object, implements ['Lorg/reactivestreams/Publisher']
COMPONENT CONCAT > Lio/reactivex/internal/operators/flowable/FlowableGroupBy;->subscribeActual(Lorg/reactivestreams/Subscriber;)V < extends Ljava/lang/Object, implements ['Lio/reactivex/internal/fuseable/HasUpstreamPublisher', 'Lorg/reactivestreams/Publisher']
COMPONENT CONCAT > Lio/reactivex/internal/operators/flowable/FlowableInterval;->subscribeActual(Lorg/reactivestreams/Subscriber;)V < extends Ljava/lang/Object, implements ['Lorg/reactivestreams/Publisher']
COMPONENT CONCAT > Lio/reactivex/processors/ReplayProcessor;->createWithSize(I)Lio/reactivex/processors/ReplayProcessor; < extends Ljava/lang/Object, implements ['Lorg/reactivestreams/Processor', 'Lio/reactivex/FlowableSubscriber', 'Lorg/reactivestreams/Publisher']
COMPONENT CONCAT > Lio/reactivex/processors/ReplayProcessor;->createUnbounded()Lio/reactivex/processors/ReplayProcessor; < extends Ljava/lang/Object, implements ['Lorg/reactivestreams/Processor', 'Lio/reactivex/FlowableSubscriber', 'Lorg/reactivestreams/Publisher']
COMPONENT CONCAT > Lio/reactivex/internal/operators/flowable/FlowableRepeat;->subscribeActual(Lorg/reactivestreams/Subscriber;)V < extends Ljava/lang/Object, implements ['Lio/reactivex/internal/fuseable/HasUpstreamPublisher', 'Lorg/reactivestreams/Publisher']
COMPONENT CONCAT > Lorg/reactivestreams/FlowAdapters;->toPublisher(Ljava/util/concurrent/Flow$Publisher;)Lorg/reactivestreams/Publisher; < extends Ljava/lang/Object, implements []
COMPONENT CONCAT > Lorg/reactivestreams/FlowAdapters;->toProcessor(Ljava/util/concurrent/Flow$Processor;)Lorg/reactivestreams/Processor; < extends Ljava/lang/Object, implements []
COMPONENT CONCAT > Lorg/reactivestreams/FlowAdapters;->toFlowSubscriber(Lorg/reactivestreams/Subscriber;)Ljava/util/concurrent/Flow$Subscriber; < extends Ljava/lang/Object, implements []
COMPONENT CONCAT > Lio/reactivex/internal/operators/flowable/FlowableObserveOn;->subscribeActual(Lorg/reactivestreams/Subscriber;)V < extends Ljava/lang/Object, implements ['Lio/reactivex/internal/fuseable/HasUpstreamPublisher', 'Lorg/reactivestreams/Publisher']
COMPONENT CONCAT > Lio/reactivex/internal/operators/flowable/FlowableIntervalRange;->subscribeActual(Lorg/reactivestreams/Subscriber;)V < extends Ljava/lang/Object, implements ['Lorg/reactivestreams/Publisher']
COMPONENT CONCAT > Lio/reactivex/internal/operators/flowable/FlowableRepeatUntil;->subscribeActual(Lorg/reactivestreams/Subscriber;)V < extends Ljava/lang/Object, implements ['Lio/reactivex/internal/fuseable/HasUpstreamPublisher', 'Lorg/reactivestreams/Publisher']
COMPONENT CONCAT > Lio/reactivex/internal/operators/flowable/FlowableJoin;->subscribeActual(Lorg/reactivestreams/Subscriber;)V < extends Ljava/lang/Object, implements ['Lio/reactivex/internal/fuseable/HasUpstreamPublisher', 'Lorg/reactivestreams/Publisher']
COMPONENT CONCAT > Lio/reactivex/internal/operators/flowable/FlowableRange;->subscribeActual(Lorg/reactivestreams/Subscriber;)V < extends Ljava/lang/Object, implements ['Lorg/reactivestreams/Publisher']
COMPONENT CONCAT > Lio/reactivex/processors/ReplayProcessor;->create(I)Lio/reactivex/processors/ReplayProcessor; < extends Ljava/lang/Object, implements ['Lorg/reactivestreams/Processor', 'Lio/reactivex/FlowableSubscriber', 'Lorg/reactivestreams/Publisher']
COMPONENT CONCAT > Lio/reactivex/processors/ReplayProcessor;->create()Lio/reactivex/processors/ReplayProcessor; < extends Ljava/lang/Object, implements ['Lorg/reactivestreams/Processor', 'Lio/reactivex/FlowableSubscriber', 'Lorg/reactivestreams/Publisher']
COMPONENT CONCAT > Lio/reactivex/internal/operators/flowable/FlowableRangeLong;->subscribeActual(Lorg/reactivestreams/Subscriber;)V < extends Ljava/lang/Object, implements ['Lorg/reactivestreams/Publisher']
COMPONENT CONCAT > Lio/reactivex/internal/operators/flowable/FlowableRetryWhen;->subscribeActual(Lorg/reactivestreams/Subscriber;)V < extends Ljava/lang/Object, implements ['Lio/reactivex/internal/fuseable/HasUpstreamPublisher', 'Lorg/reactivestreams/Publisher']
COMPONENT CONCAT > Lio/reactivex/internal/operators/flowable/FlowableRepeatWhen;->subscribeActual(Lorg/reactivestreams/Subscriber;)V < extends Ljava/lang/Object, implements ['Lio/reactivex/internal/fuseable/HasUpstreamPublisher', 'Lorg/reactivestreams/Publisher']
COMPONENT CONCAT > Lio/reactivex/internal/operators/flowable/FlowableConcatArray;->subscribeActual(Lorg/reactivestreams/Subscriber;)V < extends Ljava/lang/Object, implements ['Lorg/reactivestreams/Publisher']
COMPONENT CONCAT > Lio/reactivex/internal/operators/flowable/FlowableCombineLatest;->subscribeActual(Lorg/reactivestreams/Subscriber;)V < extends Ljava/lang/Object, implements ['Lorg/reactivestreams/Publisher']
COMPONENT CONCAT > Lio/reactivex/internal/operators/flowable/FlowableWithLatestFromMany;->subscribeActual(Lorg/reactivestreams/Subscriber;)V < extends Ljava/lang/Object, implements ['Lio/reactivex/internal/fuseable/HasUpstreamPublisher', 'Lorg/reactivestreams/Publisher']
COMPONENT CONCAT > Lio/reactivex/internal/operators/flowable/FlowableMapPublisher;->subscribeActual(Lorg/reactivestreams/Subscriber;)V < extends Ljava/lang/Object, implements ['Lorg/reactivestreams/Publisher']
COMPONENT CONCAT > Lio/reactivex/internal/operators/flowable/FlowableWindowTimed;->subscribeActual(Lorg/reactivestreams/Subscriber;)V < extends Ljava/lang/Object, implements ['Lio/reactivex/internal/fuseable/HasUpstreamPublisher', 'Lorg/reactivestreams/Publisher']
COMPONENT CONCAT > Lio/reactivex/internal/operators/flowable/FlowableWindowBoundarySupplier;->subscribeActual(Lorg/reactivestreams/Subscriber;)V < extends Ljava/lang/Object, implements ['Lio/reactivex/internal/fuseable/HasUpstreamPublisher', 'Lorg/reactivestreams/Publisher']
COMPONENT CONCAT > Lio/reactivex/internal/operators/flowable/FlowableWindow;->subscribeActual(Lorg/reactivestreams/Subscriber;)V < extends Ljava/lang/Object, implements ['Lio/reactivex/internal/fuseable/HasUpstreamPublisher', 'Lorg/reactivestreams/Publisher']
COMPONENT CONCAT > Lio/reactivex/internal/operators/flowable/FlowableWindowBoundary;->subscribeActual(Lorg/reactivestreams/Subscriber;)V < extends Ljava/lang/Object, implements ['Lio/reactivex/internal/fuseable/HasUpstreamPublisher', 'Lorg/reactivestreams/Publisher']
COMPONENT CONCAT > Lio/reactivex/processors/UnicastProcessor;->create(Z)Lio/reactivex/processors/UnicastProcessor; < extends Ljava/lang/Object, implements ['Lorg/reactivestreams/Processor', 'Lio/reactivex/FlowableSubscriber', 'Lorg/reactivestreams/Publisher']
COMPONENT CONCAT > Lio/reactivex/internal/schedulers/SchedulerWhen;->createWorker()Lio/reactivex/Scheduler$Worker; < extends Ljava/lang/Object, implements ['Lio/reactivex/disposables/Disposable']
COMPONENT CONCAT > Lio/reactivex/processors/UnicastProcessor;->create(ILjava/lang/Runnable;Z)Lio/reactivex/processors/UnicastProcessor; < extends Ljava/lang/Object, implements ['Lorg/reactivestreams/Processor', 'Lio/reactivex/FlowableSubscriber', 'Lorg/reactivestreams/Publisher']
COMPONENT CONCAT > Lio/reactivex/Scheduler;->when(Lio/reactivex/functions/Function;)Lio/reactivex/Scheduler; < extends Ljava/lang/Object, implements []
COMPONENT CONCAT > Lio/reactivex/processors/UnicastProcessor;->subscribeActual(Lorg/reactivestreams/Subscriber;)V < extends Ljava/lang/Object, implements ['Lorg/reactivestreams/Processor', 'Lio/reactivex/FlowableSubscriber', 'Lorg/reactivestreams/Publisher']
COMPONENT CONCAT > Lio/reactivex/internal/operators/flowable/FlowableWindowBoundarySelector;->subscribeActual(Lorg/reactivestreams/Subscriber;)V < extends Ljava/lang/Object, implements ['Lio/reactivex/internal/fuseable/HasUpstreamPublisher', 'Lorg/reactivestreams/Publisher']
COMPONENT CONCAT > Lio/reactivex/internal/operators/flowable/FlowableRetryBiPredicate;->subscribeActual(Lorg/reactivestreams/Subscriber;)V < extends Ljava/lang/Object, implements ['Lio/reactivex/internal/fuseable/HasUpstreamPublisher', 'Lorg/reactivestreams/Publisher']
COMPONENT CONCAT > Lio/reactivex/internal/operators/flowable/FlowableConcatMapEagerPublisher;->subscribeActual(Lorg/reactivestreams/Subscriber;)V < extends Ljava/lang/Object, implements ['Lorg/reactivestreams/Publisher']
COMPONENT CONCAT > Lio/reactivex/internal/operators/flowable/FlowableConcatMapEager;->subscribeActual(Lorg/reactivestreams/Subscriber;)V < extends Ljava/lang/Object, implements ['Lio/reactivex/internal/fuseable/HasUpstreamPublisher', 'Lorg/reactivestreams/Publisher']
COMPONENT CONCAT > Lio/reactivex/internal/operators/flowable/FlowableRetryPredicate;->subscribeActual(Lorg/reactivestreams/Subscriber;)V < extends Ljava/lang/Object, implements ['Lio/reactivex/internal/fuseable/HasUpstreamPublisher', 'Lorg/reactivestreams/Publisher']
COMPONENT CONCAT > Lio/reactivex/internal/operators/flowable/FlowableOnBackpressureBuffer;->subscribeActual(Lorg/reactivestreams/Subscriber;)V < extends Ljava/lang/Object, implements ['Lio/reactivex/internal/fuseable/HasUpstreamPublisher', 'Lorg/reactivestreams/Publisher']
COMPONENT CONCAT > Lio/reactivex/internal/operators/single/SingleFlatMapPublisher;->subscribeActual(Lorg/reactivestreams/Subscriber;)V < extends Ljava/lang/Object, implements ['Lorg/reactivestreams/Publisher']
COMPONENT CONCAT > Lio/reactivex/internal/operators/flowable/FlowableSamplePublisher;->subscribeActual(Lorg/reactivestreams/Subscriber;)V < extends Ljava/lang/Object, implements ['Lorg/reactivestreams/Publisher']
COMPONENT CONCAT > Lio/reactivex/internal/operators/flowable/FlowableConcatWithCompletable;->subscribeActual(Lorg/reactivestreams/Subscriber;)V < extends Ljava/lang/Object, implements ['Lio/reactivex/internal/fuseable/HasUpstreamPublisher', 'Lorg/reactivestreams/Publisher']
COMPONENT CONCAT > Lio/reactivex/internal/operators/flowable/FlowableSampleTimed;->subscribeActual(Lorg/reactivestreams/Subscriber;)V < extends Ljava/lang/Object, implements ['Lio/reactivex/internal/fuseable/HasUpstreamPublisher', 'Lorg/reactivestreams/Publisher']
COMPONENT CONCAT > Lio/reactivex/internal/operators/mixed/CompletableAndThenPublisher;->subscribeActual(Lorg/reactivestreams/Subscriber;)V < extends Ljava/lang/Object, implements ['Lorg/reactivestreams/Publisher']
COMPONENT CONCAT > Lio/reactivex/internal/operators/maybe/MaybeFlatMapIterableFlowable;->subscribeActual(Lorg/reactivestreams/Subscriber;)V < extends Ljava/lang/Object, implements ['Lorg/reactivestreams/Publisher']
COMPONENT CONCAT > Lio/reactivex/internal/operators/flowable/FlowableScan;->subscribeActual(Lorg/reactivestreams/Subscriber;)V < extends Ljava/lang/Object, implements ['Lio/reactivex/internal/fuseable/HasUpstreamPublisher', 'Lorg/reactivestreams/Publisher']
COMPONENT CONCAT > Lio/reactivex/internal/operators/flowable/FlowableTimer;->subscribeActual(Lorg/reactivestreams/Subscriber;)V < extends Ljava/lang/Object, implements ['Lorg/reactivestreams/Publisher']
COMPONENT CONCAT > Lio/reactivex/internal/operators/flowable/FlowableScanSeed;->subscribeActual(Lorg/reactivestreams/Subscriber;)V < extends Ljava/lang/Object, implements ['Lio/reactivex/internal/fuseable/HasUpstreamPublisher', 'Lorg/reactivestreams/Publisher']
COMPONENT CONCAT > Lio/reactivex/internal/operators/mixed/FlowableConcatMapMaybe;->subscribeActual(Lorg/reactivestreams/Subscriber;)V < extends Ljava/lang/Object, implements ['Lorg/reactivestreams/Publisher']
COMPONENT CONCAT > Lio/reactivex/internal/operators/flowable/FlowableZip;->subscribeActual(Lorg/reactivestreams/Subscriber;)V < extends Ljava/lang/Object, implements ['Lorg/reactivestreams/Publisher']
COMPONENT CONCAT > Lio/reactivex/internal/operators/maybe/MaybeMergeArray;->subscribeActual(Lorg/reactivestreams/Subscriber;)V < extends Ljava/lang/Object, implements ['Lorg/reactivestreams/Publisher']
COMPONENT CONCAT > Lio/reactivex/internal/operators/flowable/FlowableDebounce;->subscribeActual(Lorg/reactivestreams/Subscriber;)V < extends Ljava/lang/Object, implements ['Lio/reactivex/internal/fuseable/HasUpstreamPublisher', 'Lorg/reactivestreams/Publisher']
COMPONENT CONCAT > Lio/reactivex/internal/operators/mixed/FlowableConcatMapSingle;->subscribeActual(Lorg/reactivestreams/Subscriber;)V < extends Ljava/lang/Object, implements ['Lorg/reactivestreams/Publisher']
COMPONENT CONCAT > Lio/reactivex/internal/operators/flowable/FlowableDebounceTimed;->subscribeActual(Lorg/reactivestreams/Subscriber;)V < extends Ljava/lang/Object, implements ['Lio/reactivex/internal/fuseable/HasUpstreamPublisher', 'Lorg/reactivestreams/Publisher']
COMPONENT CONCAT > Lio/reactivex/internal/operators/maybe/MaybeConcatArray;->subscribeActual(Lorg/reactivestreams/Subscriber;)V < extends Ljava/lang/Object, implements ['Lorg/reactivestreams/Publisher']
COMPONENT CONCAT > Lio/reactivex/internal/operators/maybe/MaybeConcatArrayDelayError;->subscribeActual(Lorg/reactivestreams/Subscriber;)V < extends Ljava/lang/Object, implements ['Lorg/reactivestreams/Publisher']
COMPONENT CONCAT > Lio/reactivex/internal/operators/flowable/FlowableSkip;->subscribeActual(Lorg/reactivestreams/Subscriber;)V < extends Ljava/lang/Object, implements ['Lio/reactivex/internal/fuseable/HasUpstreamPublisher', 'Lorg/reactivestreams/Publisher']
COMPONENT CONCAT > Lio/reactivex/internal/operators/maybe/MaybeConcatIterable;->subscribeActual(Lorg/reactivestreams/Subscriber;)V < extends Ljava/lang/Object, implements ['Lorg/reactivestreams/Publisher']
COMPONENT CONCAT > Lio/reactivex/internal/operators/mixed/FlowableSwitchMapMaybe;->subscribeActual(Lorg/reactivestreams/Subscriber;)V < extends Ljava/lang/Object, implements ['Lorg/reactivestreams/Publisher']
COMPONENT CONCAT > Lio/reactivex/internal/operators/flowable/FlowableSkipLast;->subscribeActual(Lorg/reactivestreams/Subscriber;)V < extends Ljava/lang/Object, implements ['Lio/reactivex/internal/fuseable/HasUpstreamPublisher', 'Lorg/reactivestreams/Publisher']
COMPONENT CONCAT > Lio/reactivex/internal/operators/flowable/FlowableDelaySubscriptionOther;->subscribeActual(Lorg/reactivestreams/Subscriber;)V < extends Ljava/lang/Object, implements ['Lorg/reactivestreams/Publisher']
COMPONENT CONCAT > Lio/reactivex/internal/operators/flowable/FlowableCache;->subscribeActual(Lorg/reactivestreams/Subscriber;)V < extends Ljava/lang/Object, implements ['Lio/reactivex/FlowableSubscriber', 'Lio/reactivex/internal/fuseable/HasUpstreamPublisher', 'Lorg/reactivestreams/Publisher']
COMPONENT CONCAT > Lio/reactivex/internal/operators/flowable/FlowableCache;->onNext(Ljava/lang/Object;)V < extends Ljava/lang/Object, implements ['Lio/reactivex/FlowableSubscriber', 'Lio/reactivex/internal/fuseable/HasUpstreamPublisher', 'Lorg/reactivestreams/Publisher']
COMPONENT CONCAT > Lio/reactivex/internal/operators/flowable/FlowableCache;->onError(Ljava/lang/Throwable;)V < extends Ljava/lang/Object, implements ['Lio/reactivex/FlowableSubscriber', 'Lio/reactivex/internal/fuseable/HasUpstreamPublisher', 'Lorg/reactivestreams/Publisher']
COMPONENT CONCAT > Lio/reactivex/internal/operators/flowable/FlowableCache;->onComplete()V < extends Ljava/lang/Object, implements ['Lio/reactivex/FlowableSubscriber', 'Lio/reactivex/internal/fuseable/HasUpstreamPublisher', 'Lorg/reactivestreams/Publisher']
COMPONENT CONCAT > Lio/reactivex/internal/operators/flowable/FlowableSkipLastTimed;->subscribeActual(Lorg/reactivestreams/Subscriber;)V < extends Ljava/lang/Object, implements ['Lio/reactivex/internal/fuseable/HasUpstreamPublisher', 'Lorg/reactivestreams/Publisher']
COMPONENT CONCAT > Lio/reactivex/internal/operators/flowable/FlowableConcatMapPublisher;->subscribeActual(Lorg/reactivestreams/Subscriber;)V < extends Ljava/lang/Object, implements ['Lorg/reactivestreams/Publisher']
COMPONENT CONCAT > Lio/reactivex/internal/operators/flowable/FlowableConcatMap;->subscribeActual(Lorg/reactivestreams/Subscriber;)V < extends Ljava/lang/Object, implements ['Lio/reactivex/internal/fuseable/HasUpstreamPublisher', 'Lorg/reactivestreams/Publisher']
COMPONENT CONCAT > Lio/reactivex/internal/operators/parallel/ParallelConcatMap;->subscribe([Lorg/reactivestreams/Subscriber;)V < extends Ljava/lang/Object, implements []
COMPONENT CONCAT > Lio/reactivex/internal/operators/mixed/FlowableSwitchMapSingle;->subscribeActual(Lorg/reactivestreams/Subscriber;)V < extends Ljava/lang/Object, implements ['Lorg/reactivestreams/Publisher']
COMPONENT CONCAT > Lio/reactivex/internal/operators/flowable/FlowableDematerialize;->subscribeActual(Lorg/reactivestreams/Subscriber;)V < extends Ljava/lang/Object, implements ['Lio/reactivex/internal/fuseable/HasUpstreamPublisher', 'Lorg/reactivestreams/Publisher']
COMPONENT CONCAT > Lio/reactivex/internal/operators/flowable/FlowableDetach;->subscribeActual(Lorg/reactivestreams/Subscriber;)V < extends Ljava/lang/Object, implements ['Lio/reactivex/internal/fuseable/HasUpstreamPublisher', 'Lorg/reactivestreams/Publisher']
COMPONENT CONCAT > Lio/reactivex/internal/operators/flowable/FlowableSkipWhile;->subscribeActual(Lorg/reactivestreams/Subscriber;)V < extends Ljava/lang/Object, implements ['Lio/reactivex/internal/fuseable/HasUpstreamPublisher', 'Lorg/reactivestreams/Publisher']
COMPONENT CONCAT > Lio/reactivex/internal/operators/flowable/FlowableDoOnLifecycle;->subscribeActual(Lorg/reactivestreams/Subscriber;)V < extends Ljava/lang/Object, implements ['Lio/reactivex/internal/fuseable/HasUpstreamPublisher', 'Lorg/reactivestreams/Publisher']
COMPONENT CONCAT > Lio/reactivex/internal/operators/mixed/MaybeFlatMapPublisher;->subscribeActual(Lorg/reactivestreams/Subscriber;)V < extends Ljava/lang/Object, implements ['Lorg/reactivestreams/Publisher']
COMPONENT CONCAT > Lio/reactivex/internal/operators/flowable/FlowableSubscribeOn;->subscribeActual(Lorg/reactivestreams/Subscriber;)V < extends Ljava/lang/Object, implements ['Lio/reactivex/internal/fuseable/HasUpstreamPublisher', 'Lorg/reactivestreams/Publisher']
COMPONENT CONCAT > Lio/reactivex/internal/operators/flowable/FlowableConcatWithMaybe;->subscribeActual(Lorg/reactivestreams/Subscriber;)V < extends Ljava/lang/Object, implements ['Lio/reactivex/internal/fuseable/HasUpstreamPublisher', 'Lorg/reactivestreams/Publisher']
COMPONENT CONCAT > Lio/reactivex/internal/operators/flowable/FlowableMergeWithCompletable;->subscribeActual(Lorg/reactivestreams/Subscriber;)V < extends Ljava/lang/Object, implements ['Lio/reactivex/internal/fuseable/HasUpstreamPublisher', 'Lorg/reactivestreams/Publisher']
COMPONENT CONCAT > Lio/reactivex/internal/operators/flowable/FlowableSkipUntil;->subscribeActual(Lorg/reactivestreams/Subscriber;)V < extends Ljava/lang/Object, implements ['Lio/reactivex/internal/fuseable/HasUpstreamPublisher', 'Lorg/reactivestreams/Publisher']
COMPONENT CONCAT > Lio/reactivex/internal/operators/flowable/FlowableTakeUntil;->subscribeActual(Lorg/reactivestreams/Subscriber;)V < extends Ljava/lang/Object, implements ['Lio/reactivex/internal/fuseable/HasUpstreamPublisher', 'Lorg/reactivestreams/Publisher']
COMPONENT CONCAT > Lio/reactivex/internal/subscribers/StrictSubscriber;->onNext(Ljava/lang/Object;)V < extends Ljava/util/concurrent/atomic/AtomicInteger, implements ['Lio/reactivex/FlowableSubscriber', 'Lorg/reactivestreams/Subscription']
COMPONENT CONCAT > Lio/reactivex/internal/operators/flowable/FlowableSwitchIfEmpty;->subscribeActual(Lorg/reactivestreams/Subscriber;)V < extends Ljava/lang/Object, implements ['Lio/reactivex/internal/fuseable/HasUpstreamPublisher', 'Lorg/reactivestreams/Publisher']
COMPONENT CONCAT > Lio/reactivex/internal/operators/flowable/FlowableConcatWithSingle;->subscribeActual(Lorg/reactivestreams/Subscriber;)V < extends Ljava/lang/Object, implements ['Lio/reactivex/internal/fuseable/HasUpstreamPublisher', 'Lorg/reactivestreams/Publisher']
COMPONENT CONCAT > Lio/reactivex/internal/operators/flowable/FlowableSwitchMap;->subscribeActual(Lorg/reactivestreams/Subscriber;)V < extends Ljava/lang/Object, implements ['Lio/reactivex/internal/fuseable/HasUpstreamPublisher', 'Lorg/reactivestreams/Publisher']
COMPONENT CONCAT > Lio/reactivex/internal/operators/flowable/FlowableCreate;->subscribeActual(Lorg/reactivestreams/Subscriber;)V < extends Ljava/lang/Object, implements ['Lorg/reactivestreams/Publisher']
COMPONENT CONCAT > Lio/reactivex/internal/operators/flowable/FlowableBufferBoundarySupplier;->subscribeActual(Lorg/reactivestreams/Subscriber;)V < extends Ljava/lang/Object, implements ['Lio/reactivex/internal/fuseable/HasUpstreamPublisher', 'Lorg/reactivestreams/Publisher']
COMPONENT CONCAT > Lio/reactivex/Flowable;->replay(Lio/reactivex/functions/Function;JLjava/util/concurrent/TimeUnit;)Lio/reactivex/Flowable; < extends Ljava/lang/Object, implements ['Lorg/reactivestreams/Publisher']
COMPONENT CONCAT > Lio/reactivex/Flowable;->replay(Lio/reactivex/functions/Function;I)Lio/reactivex/Flowable; < extends Ljava/lang/Object, implements ['Lorg/reactivestreams/Publisher']
COMPONENT CONCAT > Lio/reactivex/Flowable;->replay(Lio/reactivex/functions/Function;ILio/reactivex/Scheduler;)Lio/reactivex/Flowable; < extends Ljava/lang/Object, implements ['Lorg/reactivestreams/Publisher']
COMPONENT CONCAT > Lio/reactivex/Flowable;->replay(ILio/reactivex/Scheduler;)Lio/reactivex/flowables/ConnectableFlowable; < extends Ljava/lang/Object, implements ['Lorg/reactivestreams/Publisher']
COMPONENT CONCAT > Lio/reactivex/internal/operators/flowable/FlowableReplay;-><clinit>()V < extends Ljava/lang/Object, implements ['Lio/reactivex/internal/fuseable/HasUpstreamPublisher', 'Lio/reactivex/internal/disposables/ResettableConnectable', 'Lorg/reactivestreams/Publisher']
COMPONENT CONCAT > Lio/reactivex/Flowable;->replay(JLjava/util/concurrent/TimeUnit;)Lio/reactivex/flowables/ConnectableFlowable; < extends Ljava/lang/Object, implements ['Lorg/reactivestreams/Publisher']
COMPONENT CONCAT > Lio/reactivex/Flowable;->replay(Lio/reactivex/functions/Function;IJLjava/util/concurrent/TimeUnit;)Lio/reactivex/Flowable; < extends Ljava/lang/Object, implements ['Lorg/reactivestreams/Publisher']
COMPONENT CONCAT > Lio/reactivex/Flowable;->replay(IJLjava/util/concurrent/TimeUnit;)Lio/reactivex/flowables/ConnectableFlowable; < extends Ljava/lang/Object, implements ['Lorg/reactivestreams/Publisher']
COMPONENT CONCAT > Lio/reactivex/internal/operators/flowable/FlowableTakePublisher;->subscribeActual(Lorg/reactivestreams/Subscriber;)V < extends Ljava/lang/Object, implements ['Lorg/reactivestreams/Publisher']
COMPONENT CONCAT > Lio/reactivex/internal/operators/flowable/FlowableTake;->subscribeActual(Lorg/reactivestreams/Subscriber;)V < extends Ljava/lang/Object, implements ['Lio/reactivex/internal/fuseable/HasUpstreamPublisher', 'Lorg/reactivestreams/Publisher']
COMPONENT CONCAT > Lio/reactivex/subscribers/SerializedSubscriber;->onNext(Ljava/lang/Object;)V < extends Ljava/lang/Object, implements ['Lio/reactivex/FlowableSubscriber', 'Lorg/reactivestreams/Subscription']
COMPONENT CONCAT > Lio/reactivex/processors/SerializedProcessor;->onSubscribe(Lorg/reactivestreams/Subscription;)V < extends Ljava/lang/Object, implements ['Lorg/reactivestreams/Processor', 'Lio/reactivex/FlowableSubscriber', 'Lorg/reactivestreams/Publisher']
COMPONENT CONCAT > Lio/reactivex/Flowable;->blockingSubscribe(Lorg/reactivestreams/Subscriber;)V < extends Ljava/lang/Object, implements ['Lorg/reactivestreams/Publisher']
COMPONENT CONCAT > Lio/reactivex/Flowable;->blockingSubscribe(Lio/reactivex/functions/Consumer;)V < extends Ljava/lang/Object, implements ['Lorg/reactivestreams/Publisher']
COMPONENT CONCAT > Lio/reactivex/Flowable;->blockingSubscribe(Lio/reactivex/functions/Consumer;I)V < extends Ljava/lang/Object, implements ['Lorg/reactivestreams/Publisher']
COMPONENT CONCAT > Lio/reactivex/Flowable;->blockingSubscribe(Lio/reactivex/functions/Consumer;Lio/reactivex/functions/Consumer;Lio/reactivex/functions/Action;I)V < extends Ljava/lang/Object, implements ['Lorg/reactivestreams/Publisher']
COMPONENT CONCAT > Lio/reactivex/Flowable;->blockingSubscribe(Lio/reactivex/functions/Consumer;Lio/reactivex/functions/Consumer;Lio/reactivex/functions/Action;)V < extends Ljava/lang/Object, implements ['Lorg/reactivestreams/Publisher']
COMPONENT CONCAT > Lio/reactivex/Flowable;->blockingSubscribe(Lio/reactivex/functions/Consumer;Lio/reactivex/functions/Consumer;I)V < extends Ljava/lang/Object, implements ['Lorg/reactivestreams/Publisher']
COMPONENT CONCAT > Lio/reactivex/processors/SerializedProcessor;->onNext(Ljava/lang/Object;)V < extends Ljava/lang/Object, implements ['Lorg/reactivestreams/Processor', 'Lio/reactivex/FlowableSubscriber', 'Lorg/reactivestreams/Publisher']
COMPONENT CONCAT > Lio/reactivex/Flowable;->blockingSubscribe(Lio/reactivex/functions/Consumer;Lio/reactivex/functions/Consumer;)V < extends Ljava/lang/Object, implements ['Lorg/reactivestreams/Publisher']
COMPONENT CONCAT > Lio/reactivex/internal/operators/flowable/FlowableTakeLast;->subscribeActual(Lorg/reactivestreams/Subscriber;)V < extends Ljava/lang/Object, implements ['Lio/reactivex/internal/fuseable/HasUpstreamPublisher', 'Lorg/reactivestreams/Publisher']
COMPONENT CONCAT > Lio/reactivex/internal/operators/flowable/FlowableBufferExactBoundary;->subscribeActual(Lorg/reactivestreams/Subscriber;)V < extends Ljava/lang/Object, implements ['Lio/reactivex/internal/fuseable/HasUpstreamPublisher', 'Lorg/reactivestreams/Publisher']
COMPONENT CONCAT > Lio/reactivex/internal/operators/parallel/ParallelFlatMap;->subscribe([Lorg/reactivestreams/Subscriber;)V < extends Ljava/lang/Object, implements []
COMPONENT CONCAT > Lio/reactivex/internal/operators/flowable/FlowableFlatMapPublisher;->subscribeActual(Lorg/reactivestreams/Subscriber;)V < extends Ljava/lang/Object, implements ['Lorg/reactivestreams/Publisher']
COMPONENT CONCAT > Lio/reactivex/internal/operators/flowable/FlowableFlatMap;->subscribeActual(Lorg/reactivestreams/Subscriber;)V < extends Ljava/lang/Object, implements ['Lio/reactivex/internal/fuseable/HasUpstreamPublisher', 'Lorg/reactivestreams/Publisher']
COMPONENT CONCAT > Lio/reactivex/internal/operators/flowable/FlowableTakeLastTimed;->subscribeActual(Lorg/reactivestreams/Subscriber;)V < extends Ljava/lang/Object, implements ['Lio/reactivex/internal/fuseable/HasUpstreamPublisher', 'Lorg/reactivestreams/Publisher']
COMPONENT CONCAT > Lio/reactivex/internal/operators/flowable/FlowableBufferTimed;->subscribeActual(Lorg/reactivestreams/Subscriber;)V < extends Ljava/lang/Object, implements ['Lio/reactivex/internal/fuseable/HasUpstreamPublisher', 'Lorg/reactivestreams/Publisher']
COMPONENT CONCAT > Lio/reactivex/internal/operators/flowable/FlowableFlatMapMaybe;->subscribeActual(Lorg/reactivestreams/Subscriber;)V < extends Ljava/lang/Object, implements ['Lio/reactivex/internal/fuseable/HasUpstreamPublisher', 'Lorg/reactivestreams/Publisher']
COMPONENT CONCAT > Lio/reactivex/internal/operators/flowable/FlowableTakeUntilPredicate;->subscribeActual(Lorg/reactivestreams/Subscriber;)V < extends Ljava/lang/Object, implements ['Lio/reactivex/internal/fuseable/HasUpstreamPublisher', 'Lorg/reactivestreams/Publisher']
COMPONENT CONCAT > Lio/reactivex/internal/operators/flowable/FlowableTakeWhile;->subscribeActual(Lorg/reactivestreams/Subscriber;)V < extends Ljava/lang/Object, implements ['Lio/reactivex/internal/fuseable/HasUpstreamPublisher', 'Lorg/reactivestreams/Publisher']
COMPONENT CONCAT > Lio/reactivex/internal/operators/flowable/FlowableThrottleFirstTimed;->subscribeActual(Lorg/reactivestreams/Subscriber;)V < extends Ljava/lang/Object, implements ['Lio/reactivex/internal/fuseable/HasUpstreamPublisher', 'Lorg/reactivestreams/Publisher']
COMPONENT CONCAT > Lio/reactivex/internal/operators/flowable/FlowableFlatMapSingle;->subscribeActual(Lorg/reactivestreams/Subscriber;)V < extends Ljava/lang/Object, implements ['Lio/reactivex/internal/fuseable/HasUpstreamPublisher', 'Lorg/reactivestreams/Publisher']
COMPONENT CONCAT > Lio/reactivex/internal/operators/flowable/FlowableThrottleLatest;->subscribeActual(Lorg/reactivestreams/Subscriber;)V < extends Ljava/lang/Object, implements ['Lio/reactivex/internal/fuseable/HasUpstreamPublisher', 'Lorg/reactivestreams/Publisher']
COMPONENT CONCAT > Lio/reactivex/internal/operators/flowable/FlowableTimeInterval;->subscribeActual(Lorg/reactivestreams/Subscriber;)V < extends Ljava/lang/Object, implements ['Lio/reactivex/internal/fuseable/HasUpstreamPublisher', 'Lorg/reactivestreams/Publisher']
COMPONENT CONCAT > Lio/reactivex/internal/operators/flowable/FlowableTimeout;->subscribeActual(Lorg/reactivestreams/Subscriber;)V < extends Ljava/lang/Object, implements ['Lio/reactivex/internal/fuseable/HasUpstreamPublisher', 'Lorg/reactivestreams/Publisher']
COMPONENT CONCAT > Lio/reactivex/internal/operators/flowable/FlowableMapNotification;->subscribeActual(Lorg/reactivestreams/Subscriber;)V < extends Ljava/lang/Object, implements ['Lio/reactivex/internal/fuseable/HasUpstreamPublisher', 'Lorg/reactivestreams/Publisher']
COMPONENT CONCAT > Lio/reactivex/internal/operators/flowable/FlowableHide;->subscribeActual(Lorg/reactivestreams/Subscriber;)V < extends Ljava/lang/Object, implements ['Lio/reactivex/internal/fuseable/HasUpstreamPublisher', 'Lorg/reactivestreams/Publisher']
COMPONENT CONCAT > Lio/reactivex/internal/operators/flowable/FlowableMaterialize;->subscribeActual(Lorg/reactivestreams/Subscriber;)V < extends Ljava/lang/Object, implements ['Lio/reactivex/internal/fuseable/HasUpstreamPublisher', 'Lorg/reactivestreams/Publisher']
COMPONENT CONCAT > Lio/reactivex/internal/operators/flowable/FlowableTimeoutTimed;->subscribeActual(Lorg/reactivestreams/Subscriber;)V < extends Ljava/lang/Object, implements ['Lio/reactivex/internal/fuseable/HasUpstreamPublisher', 'Lorg/reactivestreams/Publisher']
COMPONENT CONCAT > Lio/reactivex/internal/operators/parallel/ParallelDoOnNextTry;->subscribe([Lorg/reactivestreams/Subscriber;)V < extends Ljava/lang/Object, implements []
COMPONENT CONCAT > Lio/reactivex/internal/operators/parallel/ParallelFilter;->subscribe([Lorg/reactivestreams/Subscriber;)V < extends Ljava/lang/Object, implements []
COMPONENT CONCAT > Lio/reactivex/internal/operators/flowable/FlowableOnErrorReturn;->subscribeActual(Lorg/reactivestreams/Subscriber;)V < extends Ljava/lang/Object, implements ['Lio/reactivex/internal/fuseable/HasUpstreamPublisher', 'Lorg/reactivestreams/Publisher']
COMPONENT CONCAT > Lio/reactivex/internal/operators/parallel/ParallelFilterTry;->subscribe([Lorg/reactivestreams/Subscriber;)V < extends Ljava/lang/Object, implements []
COMPONENT CONCAT > Lio/reactivex/internal/operators/single/SingleFlatMapIterableFlowable;->subscribeActual(Lorg/reactivestreams/Subscriber;)V < extends Ljava/lang/Object, implements ['Lorg/reactivestreams/Publisher']
COMPONENT CONCAT > Lio/reactivex/internal/operators/parallel/ParallelMapTry;->subscribe([Lorg/reactivestreams/Subscriber;)V < extends Ljava/lang/Object, implements []
COMPONENT CONCAT > Lio/reactivex/internal/operators/flowable/FlowableUnsubscribeOn;->subscribeActual(Lorg/reactivestreams/Subscriber;)V < extends Ljava/lang/Object, implements ['Lio/reactivex/internal/fuseable/HasUpstreamPublisher', 'Lorg/reactivestreams/Publisher']
COMPONENT CONCAT > Lio/reactivex/internal/operators/flowable/FlowableLimit;->subscribeActual(Lorg/reactivestreams/Subscriber;)V < extends Ljava/lang/Object, implements ['Lio/reactivex/internal/fuseable/HasUpstreamPublisher', 'Lorg/reactivestreams/Publisher']
COMPONENT CONCAT > Lio/reactivex/internal/operators/parallel/ParallelRunOn;->subscribe([Lorg/reactivestreams/Subscriber;)V < extends Ljava/lang/Object, implements []
COMPONENT CONCAT > Lio/reactivex/internal/operators/flowable/FlowableUsing;->subscribeActual(Lorg/reactivestreams/Subscriber;)V < extends Ljava/lang/Object, implements ['Lorg/reactivestreams/Publisher']
COMPONENT CONCAT > Lio/reactivex/internal/operators/flowable/FlowableMergeWithMaybe;->subscribeActual(Lorg/reactivestreams/Subscriber;)V < extends Ljava/lang/Object, implements ['Lio/reactivex/internal/fuseable/HasUpstreamPublisher', 'Lorg/reactivestreams/Publisher']
COMPONENT CONCAT > Lio/reactivex/internal/operators/flowable/FlowableFromFuture;->subscribeActual(Lorg/reactivestreams/Subscriber;)V < extends Ljava/lang/Object, implements ['Lorg/reactivestreams/Publisher']
COMPONENT CONCAT > Lio/reactivex/Flowable;->fromCallable(Ljava/util/concurrent/Callable;)Lio/reactivex/Flowable; < extends Ljava/lang/Object, implements ['Lorg/reactivestreams/Publisher']
COMPONENT CONCAT > Lio/reactivex/internal/operators/flowable/FlowableMergeWithSingle;->subscribeActual(Lorg/reactivestreams/Subscriber;)V < extends Ljava/lang/Object, implements ['Lio/reactivex/internal/fuseable/HasUpstreamPublisher', 'Lorg/reactivestreams/Publisher']
COMPONENT CONCAT > Lio/reactivex/processors/BehaviorProcessor;->offer(Ljava/lang/Object;)Z < extends Ljava/lang/Object, implements ['Lorg/reactivestreams/Processor', 'Lio/reactivex/FlowableSubscriber', 'Lorg/reactivestreams/Publisher']
COMPONENT CONCAT > Lio/reactivex/processors/BehaviorProcessor;->subscribeActual(Lorg/reactivestreams/Subscriber;)V < extends Ljava/lang/Object, implements ['Lorg/reactivestreams/Processor', 'Lio/reactivex/FlowableSubscriber', 'Lorg/reactivestreams/Publisher']
COMPONENT CONCAT > Lio/reactivex/processors/BehaviorProcessor;->onComplete()V < extends Ljava/lang/Object, implements ['Lorg/reactivestreams/Processor', 'Lio/reactivex/FlowableSubscriber', 'Lorg/reactivestreams/Publisher']
COMPONENT CONCAT > Lio/reactivex/processors/BehaviorProcessor;->onNext(Ljava/lang/Object;)V < extends Ljava/lang/Object, implements ['Lorg/reactivestreams/Processor', 'Lio/reactivex/FlowableSubscriber', 'Lorg/reactivestreams/Publisher']
COMPONENT CONCAT > Lio/reactivex/internal/operators/flowable/FlowableDistinct;->subscribeActual(Lorg/reactivestreams/Subscriber;)V < extends Ljava/lang/Object, implements ['Lio/reactivex/internal/fuseable/HasUpstreamPublisher', 'Lorg/reactivestreams/Publisher']
COMPONENT CONCAT > Lio/reactivex/internal/operators/flowable/FlowableOnBackpressureBufferStrategy;->subscribeActual(Lorg/reactivestreams/Subscriber;)V < extends Ljava/lang/Object, implements ['Lio/reactivex/internal/fuseable/HasUpstreamPublisher', 'Lorg/reactivestreams/Publisher']
COMPONENT CONCAT > Lio/reactivex/internal/operators/flowable/FlowableDistinctUntilChanged;->subscribeActual(Lorg/reactivestreams/Subscriber;)V < extends Ljava/lang/Object, implements ['Lio/reactivex/internal/fuseable/HasUpstreamPublisher', 'Lorg/reactivestreams/Publisher']
COMPONENT CONCAT > Lio/reactivex/internal/operators/flowable/FlowableOnBackpressureDrop;->subscribeActual(Lorg/reactivestreams/Subscriber;)V < extends Ljava/lang/Object, implements ['Lio/reactivex/functions/Consumer', 'Lio/reactivex/internal/fuseable/HasUpstreamPublisher', 'Lorg/reactivestreams/Publisher']
COMPONENT CONCAT > Lio/reactivex/internal/operators/flowable/FlowableDelay;->subscribeActual(Lorg/reactivestreams/Subscriber;)V < extends Ljava/lang/Object, implements ['Lio/reactivex/internal/fuseable/HasUpstreamPublisher', 'Lorg/reactivestreams/Publisher']
COMPONENT CONCAT > Lio/reactivex/internal/operators/flowable/FlowableDoAfterNext;->subscribeActual(Lorg/reactivestreams/Subscriber;)V < extends Ljava/lang/Object, implements ['Lio/reactivex/internal/fuseable/HasUpstreamPublisher', 'Lorg/reactivestreams/Publisher']
COMPONENT CONCAT > Lio/reactivex/internal/operators/flowable/FlowableOnBackpressureError;->subscribeActual(Lorg/reactivestreams/Subscriber;)V < extends Ljava/lang/Object, implements ['Lio/reactivex/internal/fuseable/HasUpstreamPublisher', 'Lorg/reactivestreams/Publisher']
COMPONENT CONCAT > Lio/reactivex/internal/operators/flowable/FlowableOnBackpressureLatest;->subscribeActual(Lorg/reactivestreams/Subscriber;)V < extends Ljava/lang/Object, implements ['Lio/reactivex/internal/fuseable/HasUpstreamPublisher', 'Lorg/reactivestreams/Publisher']
COMPONENT CONCAT > Lio/reactivex/internal/operators/parallel/ParallelSortedJoin;->subscribeActual(Lorg/reactivestreams/Subscriber;)V < extends Ljava/lang/Object, implements ['Lorg/reactivestreams/Publisher']
COMPONENT CONCAT > Lio/reactivex/internal/operators/flowable/FlowableOnErrorNext;->subscribeActual(Lorg/reactivestreams/Subscriber;)V < extends Ljava/lang/Object, implements ['Lio/reactivex/internal/fuseable/HasUpstreamPublisher', 'Lorg/reactivestreams/Publisher']
COMPONENT CONCAT > Lio/reactivex/internal/operators/flowable/FlowablePublish;->connect(Lio/reactivex/functions/Consumer;)V < extends Ljava/lang/Object, implements ['Lio/reactivex/internal/fuseable/HasUpstreamPublisher', 'Lio/reactivex/internal/operators/flowable/FlowablePublishClassic', 'Lorg/reactivestreams/Publisher']
COMPONENT CONCAT > Lio/reactivex/Flowable;->share()Lio/reactivex/Flowable; < extends Ljava/lang/Object, implements ['Lorg/reactivestreams/Publisher']
COMPONENT CONCAT > Lio/reactivex/internal/operators/flowable/FlowableDoFinally;->subscribeActual(Lorg/reactivestreams/Subscriber;)V < extends Ljava/lang/Object, implements ['Lio/reactivex/internal/fuseable/HasUpstreamPublisher', 'Lorg/reactivestreams/Publisher']
COMPONENT CONCAT > Lio/reactivex/internal/operators/parallel/ParallelFromPublisher;->subscribe([Lorg/reactivestreams/Subscriber;)V < extends Ljava/lang/Object, implements []
COMPONENT CONCAT > Lio/reactivex/internal/operators/flowable/FlowableZipIterable;->subscribeActual(Lorg/reactivestreams/Subscriber;)V < extends Ljava/lang/Object, implements ['Lio/reactivex/internal/fuseable/HasUpstreamPublisher', 'Lorg/reactivestreams/Publisher']
COMPONENT CONCAT > Lio/reactivex/internal/operators/flowable/FlowablePublishAlt;->connect(Lio/reactivex/functions/Consumer;)V < extends Ljava/lang/Object, implements ['Lio/reactivex/internal/fuseable/HasUpstreamPublisher', 'Lio/reactivex/internal/disposables/ResettableConnectable', 'Lorg/reactivestreams/Publisher']
COMPONENT CONCAT > Lio/reactivex/internal/operators/flowable/FlowablePublishAlt;->subscribeActual(Lorg/reactivestreams/Subscriber;)V < extends Ljava/lang/Object, implements ['Lio/reactivex/internal/fuseable/HasUpstreamPublisher', 'Lio/reactivex/internal/disposables/ResettableConnectable', 'Lorg/reactivestreams/Publisher']
COMPONENT CONCAT > Lio/reactivex/internal/operators/flowable/FlowableDoOnEach;->subscribeActual(Lorg/reactivestreams/Subscriber;)V < extends Ljava/lang/Object, implements ['Lio/reactivex/internal/fuseable/HasUpstreamPublisher', 'Lorg/reactivestreams/Publisher']
COMPONENT CONCAT > Lio/reactivex/internal/operators/flowable/FlowableFromObservable;->subscribeActual(Lorg/reactivestreams/Subscriber;)V < extends Ljava/lang/Object, implements ['Lorg/reactivestreams/Publisher']
COMPONENT CONCAT > Lcom/singular/sdk/Singular;->setGlobalProperty(Ljava/lang/String;Ljava/lang/String;Z)Z < extends Ljava/lang/Object, implements []
COMPONENT CONCAT > Lcom/draftkings/xit/gaming/sportsbook/compat/FavoritesWidgetAllSportsView_MembersInjector;->injectMembers(Ljava/lang/Object;)V < extends Ljava/lang/Object, implements ['Ldagger/MembersInjector']
COMPONENT CONCAT > Lcom/draftkings/xit/gaming/sportsbook/compat/FavoritesWidgetMyAccountView_MembersInjector;->injectMembers(Ljava/lang/Object;)V < extends Ljava/lang/Object, implements ['Ldagger/MembersInjector']
COMPONENT CONCAT > Lcom/draftkings/xit/gaming/casino/dagger/SdkModule_ProvidesGamesCarouselServiceFactory;->get()Ljava/lang/Object; < extends Ljava/lang/Object, implements ['Ldagger/internal/Factory']
COMPONENT CONCAT > Lcom/draftkings/xit/gaming/sportsbook/viewmodel/progressiveparlay/marketlistitem/MarketListItemStateMapperKt;->toMarketList$default(Lcom/draftkings/xit/gaming/sportsbook/viewmodel/leaguepage/progressiveparlay/ProgressiveParlayResponse;ILjava/util/Set;Ljava/lang/String;ILjava/lang/Object;)Ljava/util/List; < extends Ljava/lang/Object, implements []
COMPONENT CONCAT > Lcom/draftkings/xit/gaming/sportsbook/compat/SearchPageView_MembersInjector;->injectMembers(Ljava/lang/Object;)V < extends Ljava/lang/Object, implements ['Ldagger/MembersInjector']
COMPONENT CONCAT > Lcom/draftkings/xit/gaming/casino/compat/PPWView_MembersInjector;->injectMembers(Ljava/lang/Object;)V < extends Ljava/lang/Object, implements ['Ldagger/MembersInjector']
COMPONENT CONCAT > Lcom/draftkings/xit/gaming/sportsbook/dagger/SdkModule_ProvidesLongshotClientFactory;->get()Ljava/lang/Object; < extends Ljava/lang/Object, implements ['Ldagger/internal/Factory']
COMPONENT CONCAT > Lcom/draftkings/xit/gaming/sportsbook/model/LeagueSubcategory;-><clinit>()V < extends Ljava/lang/Object, implements []
COMPONENT CONCAT > Lcom/microsoft/appcenter/analytics/ingestion/models/json/EventLogFactory;->toCommonSchemaLogs(Lcom/microsoft/appcenter/ingestion/models/Log;)Ljava/util/Collection; < extends Ljava/lang/Object, implements ['Lcom/microsoft/appcenter/ingestion/models/json/LogFactory']
