COMPONENT CONCAT > Lb7/d;->b([B[B)[B < extends Ljava/lang/Object, implements ['Lt6/d']
COMPONENT CONCAT > Lb7/d;->a([B[B)[B < extends Ljava/lang/Object, implements ['Lt6/d']
COMPONENT CONCAT > Lcom/dexterous/flutterlocalnotifications/FlutterLocalNotificationsPlugin;->onMethodCall(Lgb/j;Lgb/k$d;)V < extends Ljava/lang/Object, implements ['Lgb/k$c', 'Lgb/n', 'Lgb/p', 'Lxa/a', 'Lya/a']
COMPONENT CONCAT > Lcom/dexterous/flutterlocalnotifications/a;->onStartCommand(Landroid/content/Intent;II)I < extends Landroid/app/Service, implements []
COMPONENT CONCAT > Lcom/dexterous/flutterlocalnotifications/ScheduledNotificationReceiver;->onReceive(Landroid/content/Context;Landroid/content/Intent;)V < extends Landroid/content/BroadcastReceiver, implements []
COMPONENT CONCAT > Lio/flutter/embedding/android/p;->a(Landroid/view/KeyEvent;Lio/flutter/embedding/android/t$d$a;)V < extends Ljava/lang/Object, implements ['Lio/flutter/embedding/android/t$d']
COMPONENT CONCAT > Lp2/f;->a(Lz2/h;Ljc/d;)Ljava/lang/Object; < extends Ljava/lang/Object, implements ['Lp2/d']
COMPONENT CONCAT > Lp2/f;->b(Lz2/h;)Lz2/e; < extends Ljava/lang/Object, implements ['Lp2/d']
COMPONENT CONCAT > Lcom/socure/docv/capturesdk/feature/preview/presentation/ui/PreviewFragment;->onCreateView(Landroid/view/LayoutInflater;Landroid/view/ViewGroup;Landroid/os/Bundle;)Landroid/view/View; < extends Landroidx/fragment/app/Fragment, implements ['Landroid/content/ComponentCallbacks', 'Landroid/view/View$OnCreateContextMenuListener', 'Landroidx/lifecycle/q', 'Landroidx/lifecycle/r0', 'Landroidx/lifecycle/i', 'Lp1/e']
COMPONENT CONCAT > Lcom/socure/docv/capturesdk/feature/upload/presentation/ui/UploadFragment;->onCreateView(Landroid/view/LayoutInflater;Landroid/view/ViewGroup;Landroid/os/Bundle;)Landroid/view/View; < extends Landroidx/fragment/app/Fragment, implements ['Landroid/content/ComponentCallbacks', 'Landroid/view/View$OnCreateContextMenuListener', 'Landroidx/lifecycle/q', 'Landroidx/lifecycle/r0', 'Landroidx/lifecycle/i', 'Lp1/e']
COMPONENT CONCAT > Lcom/socure/docv/capturesdk/feature/scanner/presentation/ui/ScannerFragment;->onCreateView(Landroid/view/LayoutInflater;Landroid/view/ViewGroup;Landroid/os/Bundle;)Landroid/view/View; < extends Landroidx/fragment/app/Fragment, implements ['Landroid/content/ComponentCallbacks', 'Landroid/view/View$OnCreateContextMenuListener', 'Landroidx/lifecycle/q', 'Landroidx/lifecycle/r0', 'Landroidx/lifecycle/i', 'Lp1/e']
COMPONENT CONCAT > Lcom/socure/docv/capturesdk/feature/consent/ui/ConsentDialog;->onCreateView(Landroid/view/LayoutInflater;Landroid/view/ViewGroup;Landroid/os/Bundle;)Landroid/view/View; < extends Landroidx/fragment/app/e, implements ['Landroid/content/DialogInterface$OnCancelListener', 'Landroid/content/DialogInterface$OnDismissListener']
COMPONENT CONCAT > Lcom/socure/docv/capturesdk/feature/scanner/presentation/ui/ScannerFragment;->onViewCreated(Landroid/view/View;Landroid/os/Bundle;)V < extends Landroidx/fragment/app/Fragment, implements ['Landroid/content/ComponentCallbacks', 'Landroid/view/View$OnCreateContextMenuListener', 'Landroidx/lifecycle/q', 'Landroidx/lifecycle/r0', 'Landroidx/lifecycle/i', 'Lp1/e']
COMPONENT CONCAT > Lcom/socure/docv/capturesdk/feature/help/presentation/ui/HelpFragment;->onCreateView(Landroid/view/LayoutInflater;Landroid/view/ViewGroup;Landroid/os/Bundle;)Landroid/view/View; < extends Landroidx/fragment/app/Fragment, implements ['Landroid/content/ComponentCallbacks', 'Landroid/view/View$OnCreateContextMenuListener', 'Landroidx/lifecycle/q', 'Landroidx/lifecycle/r0', 'Landroidx/lifecycle/i', 'Lp1/e']
COMPONENT CONCAT > Lcom/socure/docv/capturesdk/feature/intro/presentation/ui/IntroFragment;->onCreateView(Landroid/view/LayoutInflater;Landroid/view/ViewGroup;Landroid/os/Bundle;)Landroid/view/View; < extends Landroidx/fragment/app/Fragment, implements ['Landroid/content/ComponentCallbacks', 'Landroid/view/View$OnCreateContextMenuListener', 'Landroidx/lifecycle/q', 'Landroidx/lifecycle/r0', 'Landroidx/lifecycle/i', 'Lp1/e']
COMPONENT CONCAT > Lcom/socure/docv/capturesdk/feature/selection/persentation/ui/DocSelectionFragment;->onCreateView(Landroid/view/LayoutInflater;Landroid/view/ViewGroup;Landroid/os/Bundle;)Landroid/view/View; < extends Landroidx/fragment/app/Fragment, implements ['Landroid/content/ComponentCallbacks', 'Landroid/view/View$OnCreateContextMenuListener', 'Landroidx/lifecycle/q', 'Landroidx/lifecycle/r0', 'Landroidx/lifecycle/i', 'Lp1/e']
COMPONENT CONCAT > Lcom/google/android/gms/common/api/internal/m;->e(Landroid/os/Bundle;)V < extends Ljava/lang/Object, implements ['Lu4/f$b', 'Lu4/f$c']
COMPONENT CONCAT > Lcom/google/android/gms/common/api/GoogleApiActivity;->onCreate(Landroid/os/Bundle;)V < extends Landroid/app/Activity, implements ['Landroid/content/DialogInterface$OnCancelListener']
COMPONENT CONCAT > Lcom/google/mlkit/vision/barcode/internal/e;->a(Ljava/lang/Object;)Ljava/lang/Object; < extends Ljava/lang/Object, implements []
COMPONENT CONCAT > Lcom/google/android/gms/common/api/GoogleApiActivity;->onActivityResult(IILandroid/content/Intent;)V < extends Landroid/app/Activity, implements ['Landroid/content/DialogInterface$OnCancelListener']
COMPONENT CONCAT > Lx8/d;->a(Ljava/lang/Object;)Ljava/lang/Object; < extends Ljava/lang/Object, implements []
COMPONENT CONCAT > Lcom/google/mlkit/vision/face/internal/d;->a(Ljava/lang/Object;)Ljava/lang/Object; < extends Ljava/lang/Object, implements []
COMPONENT CONCAT > Lcom/google/android/gms/common/api/internal/p;->c(Lt4/b;)V < extends Ljava/lang/Object, implements ['Lw4/c$c', 'Lv4/y']
COMPONENT CONCAT > Lcom/google/android/gms/common/api/internal/p;->b(Lw4/j;Ljava/util/Set;)V < extends Ljava/lang/Object, implements ['Lw4/c$c', 'Lv4/y']
COMPONENT CONCAT > Lcom/google/android/gms/common/api/internal/m;->d(Lt4/b;)V < extends Ljava/lang/Object, implements ['Lu4/f$b', 'Lu4/f$c']
COMPONENT CONCAT > Ll/f$a;->b(Ll/b;Landroid/view/MenuItem;)Z < extends Ljava/lang/Object, implements ['Ll/b$a']
COMPONENT CONCAT > Ll/f$a;->c(Ll/b;Landroid/view/Menu;)Z < extends Ljava/lang/Object, implements ['Ll/b$a']
COMPONENT CONCAT > Ll/f$a;->d(Ll/b;)V < extends Ljava/lang/Object, implements ['Ll/b$a']
COMPONENT CONCAT > Ll/f$a;->a(Ll/b;Landroid/view/Menu;)Z < extends Ljava/lang/Object, implements ['Ll/b$a']
COMPONENT CONCAT > Lo/b;->toString()Ljava/lang/String; < extends Ljava/lang/Object, implements ['Ljava/lang/Iterable']
COMPONENT CONCAT > Lo/b;->equals(Ljava/lang/Object;)Z < extends Ljava/lang/Object, implements ['Ljava/lang/Iterable']
COMPONENT CONCAT > Lp1/c;->c(Ljava/lang/String;)Lp1/c$c; < extends Ljava/lang/Object, implements []
COMPONENT CONCAT > Lo/b;->hashCode()I < extends Ljava/lang/Object, implements ['Ljava/lang/Iterable']
COMPONENT CONCAT > Lio/sentry/protocol/i;->serialize(Lio/sentry/x0;Lio/sentry/f0;)V < extends Ljava/lang/Object, implements ['Lio/sentry/z0']
COMPONENT CONCAT > Lio/sentry/protocol/p;->serialize(Lio/sentry/x0;Lio/sentry/f0;)V < extends Ljava/lang/Object, implements ['Lio/sentry/z0']
COMPONENT CONCAT > Lio/sentry/protocol/f;->serialize(Lio/sentry/x0;Lio/sentry/f0;)V < extends Ljava/lang/Object, implements ['Lio/sentry/z0']
COMPONENT CONCAT > Lio/sentry/f4;->serialize(Lio/sentry/x0;Lio/sentry/f0;)V < extends Ljava/lang/Object, implements ['Lio/sentry/z0']
COMPONENT CONCAT > Lio/sentry/x3;->serialize(Lio/sentry/x0;Lio/sentry/f0;)V < extends Ljava/lang/Object, implements ['Lio/sentry/z0']
COMPONENT CONCAT > Lio/sentry/s1;->serialize(Lio/sentry/x0;Lio/sentry/f0;)V < extends Ljava/lang/Object, implements ['Lio/sentry/z0']
COMPONENT CONCAT > Lio/sentry/e3;->serialize(Lio/sentry/x0;Lio/sentry/f0;)V < extends Ljava/lang/Object, implements ['Lio/sentry/z0']
COMPONENT CONCAT > Lrb/b;->serialize(Lio/sentry/x0;Lio/sentry/f0;)V < extends Ljava/lang/Object, implements ['Lio/sentry/z0']
COMPONENT CONCAT > Lio/sentry/protocol/q;->serialize(Lio/sentry/x0;Lio/sentry/f0;)V < extends Ljava/lang/Object, implements ['Lio/sentry/z0']
COMPONENT CONCAT > Lio/sentry/protocol/v;->serialize(Lio/sentry/x0;Lio/sentry/f0;)V < extends Ljava/lang/Object, implements ['Lio/sentry/z0']
COMPONENT CONCAT > Lio/sentry/protocol/g;->serialize(Lio/sentry/x0;Lio/sentry/f0;)V < extends Ljava/lang/Object, implements ['Lio/sentry/z0']
COMPONENT CONCAT > Lio/sentry/a1;->e(Ljava/util/Map;)Ljava/lang/String; < extends Ljava/lang/Object, implements ['Lio/sentry/j0']
COMPONENT CONCAT > Lio/sentry/protocol/h;->serialize(Lio/sentry/x0;Lio/sentry/f0;)V < extends Ljava/lang/Object, implements ['Lio/sentry/z0']
COMPONENT CONCAT > Lio/sentry/protocol/l;->serialize(Lio/sentry/x0;Lio/sentry/f0;)V < extends Ljava/lang/Object, implements ['Lio/sentry/z0']
COMPONENT CONCAT > Lio/sentry/protocol/n;->serialize(Lio/sentry/x0;Lio/sentry/f0;)V < extends Ljava/lang/Object, implements ['Lio/sentry/z0']
COMPONENT CONCAT > Lio/sentry/a1;->d(Lio/sentry/l2;Ljava/io/OutputStream;)V < extends Ljava/lang/Object, implements ['Lio/sentry/j0']
COMPONENT CONCAT > Lio/sentry/t3;->serialize(Lio/sentry/x0;Lio/sentry/f0;)V < extends Ljava/lang/Object, implements ['Lio/sentry/z0']
COMPONENT CONCAT > Lrb/f;->serialize(Lio/sentry/x0;Lio/sentry/f0;)V < extends Ljava/lang/Object, implements ['Lio/sentry/z0']
COMPONENT CONCAT > Lio/sentry/protocol/w;->serialize(Lio/sentry/x0;Lio/sentry/f0;)V < extends Ljava/lang/Object, implements ['Lio/sentry/z0']
COMPONENT CONCAT > Lio/sentry/n4;->serialize(Lio/sentry/x0;Lio/sentry/f0;)V < extends Ljava/lang/Object, implements ['Lio/sentry/z0']
COMPONENT CONCAT > Lio/sentry/protocol/b;->serialize(Lio/sentry/x0;Lio/sentry/f0;)V < extends Ljava/lang/Object, implements ['Lio/sentry/z0']
COMPONENT CONCAT > Lio/sentry/protocol/r;->serialize(Lio/sentry/x0;Lio/sentry/f0;)V < extends Ljava/lang/Object, implements ['Lio/sentry/z0']
COMPONENT CONCAT > Lio/sentry/a1;->c(Ljava/lang/Object;Ljava/io/Writer;)V < extends Ljava/lang/Object, implements ['Lio/sentry/j0']
COMPONENT CONCAT > Lio/sentry/protocol/k;->serialize(Lio/sentry/x0;Lio/sentry/f0;)V < extends Ljava/lang/Object, implements ['Lio/sentry/z0']
COMPONENT CONCAT > Lio/sentry/protocol/e;->serialize(Lio/sentry/x0;Lio/sentry/f0;)V < extends Ljava/lang/Object, implements ['Lio/sentry/z0']
COMPONENT CONCAT > Lio/sentry/protocol/a;->serialize(Lio/sentry/x0;Lio/sentry/f0;)V < extends Ljava/lang/Object, implements ['Lio/sentry/z0']
COMPONENT CONCAT > Lio/sentry/protocol/d;->serialize(Lio/sentry/x0;Lio/sentry/f0;)V < extends Ljava/lang/Object, implements ['Lio/sentry/z0']
COMPONENT CONCAT > Lio/sentry/protocol/j;->serialize(Lio/sentry/x0;Lio/sentry/f0;)V < extends Ljava/lang/Object, implements ['Lio/sentry/z0']
COMPONENT CONCAT > Lio/sentry/protocol/t;->serialize(Lio/sentry/x0;Lio/sentry/f0;)V < extends Ljava/lang/Object, implements ['Lio/sentry/z0']
COMPONENT CONCAT > Lio/sentry/protocol/c;->serialize(Lio/sentry/x0;Lio/sentry/f0;)V < extends Ljava/util/concurrent/ConcurrentHashMap, implements ['Lio/sentry/z0']
COMPONENT CONCAT > Lio/sentry/protocol/s;->serialize(Lio/sentry/x0;Lio/sentry/f0;)V < extends Ljava/lang/Object, implements ['Lio/sentry/z0']
COMPONENT CONCAT > Lio/sentry/protocol/DebugImage;->serialize(Lio/sentry/x0;Lio/sentry/f0;)V < extends Ljava/lang/Object, implements ['Lio/sentry/z0']
COMPONENT CONCAT > Lio/sentry/protocol/u;->serialize(Lio/sentry/x0;Lio/sentry/f0;)V < extends Ljava/lang/Object, implements ['Lio/sentry/z0']
COMPONENT CONCAT > Lio/sentry/protocol/y;->serialize(Lio/sentry/x0;Lio/sentry/f0;)V < extends Ljava/lang/Object, implements ['Lio/sentry/z0']
COMPONENT CONCAT > Lio/sentry/c;->serialize(Lio/sentry/x0;Lio/sentry/f0;)V < extends Ljava/lang/Object, implements ['Lio/sentry/z0']
COMPONENT CONCAT > Lio/sentry/protocol/m;->serialize(Lio/sentry/x0;Lio/sentry/f0;)V < extends Ljava/lang/Object, implements ['Lio/sentry/z0']
COMPONENT CONCAT > Lio/sentry/android/core/SentryAndroidOptions;-><init>()V < extends Ljava/lang/Object, implements []
COMPONENT CONCAT > Lio/sentry/d1;-><clinit>()V < extends Ljava/lang/Object, implements ['Lio/sentry/e0']
COMPONENT CONCAT > Lcom/socure/docv/capturesdk/common/network/model/stepup/Closing;->copy$default(Lcom/socure/docv/capturesdk/common/network/model/stepup/Closing;Lcom/socure/docv/capturesdk/common/network/model/stepup/Label;Lcom/socure/docv/capturesdk/common/network/model/stepup/Label;Lcom/socure/docv/capturesdk/common/network/model/stepup/Label;Lcom/socure/docv/capturesdk/common/network/model/stepup/Label;Lcom/socure/docv/capturesdk/common/network/model/stepup/Label;Lcom/socure/docv/capturesdk/common/network/model/stepup/Label;Lcom/socure/docv/capturesdk/common/network/model/stepup/Label;ILjava/lang/Object;)Lcom/socure/docv/capturesdk/common/network/model/stepup/Closing; < extends Ljava/lang/Object, implements []
COMPONENT CONCAT > Lyd/a;->intercept(Ltd/w$a;)Ltd/d0; < extends Ljava/lang/Object, implements ['Ltd/w']
COMPONENT CONCAT > Lbe/g;->d(Ltd/b0;)V < extends Ljava/lang/Object, implements ['Lzd/d']
COMPONENT CONCAT > Lbe/g;->cancel()V < extends Ljava/lang/Object, implements ['Lzd/d']
COMPONENT CONCAT > Lb7/b;-><clinit>()V < extends Ljava/lang/Object, implements ['Lt6/a']
COMPONENT CONCAT > Lwd/a;->intercept(Ltd/w$a;)Ltd/d0; < extends Ljava/lang/Object, implements ['Ltd/w']
COMPONENT CONCAT > Lcom/plaid/internal/b2;->enqueue(Lretrofit2/d;)V < extends Ljava/lang/Object, implements ['Lretrofit2/b']
COMPONENT CONCAT > Lretrofit2/n;->timeout()Lie/d0; < extends Ljava/lang/Object, implements ['Lretrofit2/b']
COMPONENT CONCAT > Lid/v0;->g(Lhd/c;Ljava/lang/Object;II)V < extends Ljava/lang/Object, implements ['Led/b']
COMPONENT CONCAT > Lu2/j;->f(Ljava/lang/Object;)Ltd/v; < extends Ljava/lang/Object, implements ['Lu2/g']
COMPONENT CONCAT > Lretrofit2/n;->enqueue(Lretrofit2/d;)V < extends Ljava/lang/Object, implements ['Lretrofit2/b']
COMPONENT CONCAT > Lcom/plaid/internal/ba;->get()Ljava/lang/Object; < extends Ljava/lang/Object, implements ['Ly9/b']
COMPONENT CONCAT > Lgd/g;->toString()Ljava/lang/String; < extends Ljava/lang/Object, implements ['Lgd/f', 'Lid/m']
COMPONENT CONCAT > Lzd/b;->intercept(Ltd/w$a;)Ltd/d0; < extends Ljava/lang/Object, implements ['Ltd/w']
COMPONENT CONCAT > Lcom/plaid/internal/r9;->get()Ljava/lang/Object; < extends Ljava/lang/Object, implements ['Ly9/b']
COMPONENT CONCAT > Lyc/e;->iterator()Ljava/util/Iterator; < extends Ljava/lang/Object, implements ['Lxc/g']
COMPONENT CONCAT > Lyd/e;->o(Ltd/f;)V < extends Ljava/lang/Object, implements ['Ltd/e']
COMPONENT CONCAT > Lzd/j;->intercept(Ltd/w$a;)Ltd/d0; < extends Ljava/lang/Object, implements ['Ltd/w']
COMPONENT CONCAT > Lid/d1;->toString()Ljava/lang/String; < extends Ljava/lang/Object, implements ['Lgd/f', 'Lid/m']
COMPONENT CONCAT > Lretrofit2/n;->request()Ltd/b0; < extends Ljava/lang/Object, implements ['Lretrofit2/b']
COMPONENT CONCAT > Lcom/plaid/internal/link/TransparentLinkActivity;->a(Landroidx/fragment/app/Fragment;)V < extends Landroidx/appcompat/app/d, implements ['Lcom/plaid/internal/vd', 'Lcom/plaid/internal/pd', 'Landroidx/appcompat/app/e', 'Landroidx/core/app/v$a']
COMPONENT CONCAT > Lcom/socure/docv/capturesdk/common/utils/Utils;->getJObjFromMap$capturesdk_productionRelease(Ljava/util/LinkedHashMap;)Ljava/lang/String; < extends Ljava/lang/Object, implements []
COMPONENT CONCAT > Lcom/plaid/internal/u9;->get()Ljava/lang/Object; < extends Ljava/lang/Object, implements ['Ly9/b']
COMPONENT CONCAT > Lcom/socure/docv/capturesdk/feature/orchestrator/presentation/ui/OrchestratorActivity;->onCreate(Landroid/os/Bundle;)V < extends Landroidx/appcompat/app/d, implements ['Landroidx/appcompat/app/e', 'Landroidx/core/app/v$a']
COMPONENT CONCAT > Lcom/socure/docv/capturesdk/feature/scanner/data/CameraSource;->takePicture(Lcom/socure/docv/capturesdk/core/pipeline/model/CaptureType;ILcom/socure/docv/capturesdk/feature/scanner/data/CropData;Lsg/a;)V < extends Ljava/lang/Object, implements ['Lsg/c']
COMPONENT CONCAT > Lda/b;->invoke(Ljava/lang/Object;)Ljava/lang/Object; < extends Ljava/lang/Object, implements ['Lqc/l', 'Lkotlin/jvm/internal/o', 'Ljava/io/Serializable']
COMPONENT CONCAT > Lcom/plaid/internal/core/crashreporting/internal/CrashUploadWorker;-><init>(Landroid/content/Context;Landroidx/work/WorkerParameters;)V < extends Landroidx/work/CoroutineWorker, implements []
COMPONENT CONCAT > La/e;->a(Ljava/lang/String;[Lfc/s;)V < extends Ljava/lang/Object, implements ['La/a']
COMPONENT CONCAT > Lio/sentry/flutter/SentryFlutterPlugin;->onMethodCall(Lgb/j;Lgb/k$d;)V < extends Ljava/lang/Object, implements ['Lxa/a', 'Lgb/k$c', 'Lya/a']
COMPONENT CONCAT > Ldc/c;->invoke(Ljava/lang/Object;Ljava/lang/Object;)Ljava/lang/Object; < extends Ljava/lang/Object, implements ['Lqc/p', 'Lkotlin/jvm/internal/o', 'Ljc/d', 'Lkotlin/coroutines/jvm/internal/e', 'Ljava/io/Serializable']
COMPONENT CONCAT > Lcom/google/android/material/transformation/FabTransformationSheetBehavior;-><init>()V < extends Landroidx/coordinatorlayout/widget/CoordinatorLayout$c, implements []
COMPONENT CONCAT > Lcom/google/android/material/transformation/FabTransformationSheetBehavior;-><init>(Landroid/content/Context;Landroid/util/AttributeSet;)V < extends Landroidx/coordinatorlayout/widget/CoordinatorLayout$c, implements []
COMPONENT CONCAT > Lid/a;->deserialize(Lhd/e;)Ljava/lang/Object; < extends Ljava/lang/Object, implements ['Led/b']
COMPONENT CONCAT > Lid/i1;->deserialize(Lhd/e;)Ljava/lang/Object; < extends Ljava/lang/Object, implements ['Led/b']
COMPONENT CONCAT > Lh2/i;-><init>(Landroidx/room/t0;)V < extends Ljava/lang/Object, implements ['Lh2/h']
COMPONENT CONCAT > Lye/b;-><clinit>()V < extends Ljava/lang/Object, implements ['Lve/b']
COMPONENT CONCAT > Lad/a;->D(JLzc/n;)V < extends Ljava/lang/Object, implements ['Lzc/w0', 'Ljc/e', 'Ljc/g$b']
COMPONENT CONCAT > Lge/d;->verify(Ljava/lang/String;Ljavax/net/ssl/SSLSession;)Z < extends Ljava/lang/Object, implements ['Ljavax/net/ssl/HostnameVerifier']
COMPONENT CONCAT > Ljf/a;-><init>()V < extends Ljava/security/Provider, implements ['Lve/a']
COMPONENT CONCAT > Ln5/d2;->b(Ljava/lang/String;)Li7/g; < extends Ljava/lang/Object, implements ['Li7/g']
COMPONENT CONCAT > Ln5/y1;->a(Li7/c;Ljava/lang/Object;)Li7/e; < extends Ljava/lang/Object, implements ['Li7/e']
COMPONENT CONCAT > Lha/a;->a(Lmg/a;Z)V < extends Ljava/lang/Object, implements ['Llg/j']
COMPONENT CONCAT > Lla/a;->invoke(Ljava/lang/Object;Ljava/lang/Object;)Ljava/lang/Object; < extends Ljava/lang/Object, implements ['Lqc/p', 'Lkotlin/jvm/internal/o', 'Ljava/io/Serializable']
COMPONENT CONCAT > Lcom/socure/docv/capturesdk/feature/scanner/presentation/ui/ScannerFragment;->onResume()V < extends Landroidx/fragment/app/Fragment, implements ['Landroid/content/ComponentCallbacks', 'Landroid/view/View$OnCreateContextMenuListener', 'Landroidx/lifecycle/q', 'Landroidx/lifecycle/r0', 'Landroidx/lifecycle/i', 'Lp1/e']
COMPONENT CONCAT > Lcom/socure/docv/capturesdk/feature/scanner/data/CropData;->copy$default(Lcom/socure/docv/capturesdk/feature/scanner/data/CropData;Lcom/socure/docv/capturesdk/feature/scanner/data/SquareContainer;Lcom/socure/docv/capturesdk/feature/scanner/data/GuidingBox;ZILjava/lang/Object;)Lcom/socure/docv/capturesdk/feature/scanner/data/CropData; < extends Ljava/lang/Object, implements []
COMPONENT CONCAT > Lio/flutter/plugins/GeneratedPluginRegistrant;->registerWith(Lio/flutter/embedding/engine/a;)V < extends Ljava/lang/Object, implements []
COMPONENT CONCAT > Lcom/socure/docv/capturesdk/feature/consent/ui/ConsentFragment;->onCreateView(Landroid/view/LayoutInflater;Landroid/view/ViewGroup;Landroid/os/Bundle;)Landroid/view/View; < extends Landroidx/fragment/app/Fragment, implements ['Landroid/content/ComponentCallbacks', 'Landroid/view/View$OnCreateContextMenuListener', 'Landroidx/lifecycle/q', 'Landroidx/lifecycle/r0', 'Landroidx/lifecycle/i', 'Lp1/e']
COMPONENT CONCAT > Lcom/heapanalytics/android/internal/HeapInternal;->autoInit(Landroid/content/Context;)V < extends Ljava/lang/Object, implements []
COMPONENT CONCAT > Lkd/z;->j(Lgd/f;ILed/k;Ljava/lang/Object;)V < extends Ljava/lang/Object, implements ['Ljd/i', 'Lhd/f', 'Lhd/d']
COMPONENT CONCAT > Lcom/plaid/internal/y3;->a(Lcom/plaid/internal/d6;Ljc/d;)Ljava/lang/Object; < extends Ljava/lang/Object, implements ['Lcom/plaid/internal/g6']
